[2024-08-06T17:05:53.609+0000] {local_task_job_runner.py:120} INFO - ::group::Pre task execution logs
[2024-08-06T17:05:53.977+0000] {taskinstance.py:2076} INFO - Dependencies all met for dep_context=non-requeueable deps ti=<TaskInstance: motower_daily_prod.extract_trafic scheduled__2024-03-13T06:00:00+00:00 [queued]>
[2024-08-06T17:05:54.015+0000] {taskinstance.py:2076} INFO - Dependencies all met for dep_context=requeueable deps ti=<TaskInstance: motower_daily_prod.extract_trafic scheduled__2024-03-13T06:00:00+00:00 [queued]>
[2024-08-06T17:05:54.016+0000] {taskinstance.py:2306} INFO - Starting attempt 1 of 1
[2024-08-06T17:05:54.067+0000] {taskinstance.py:2330} INFO - Executing <Task(PythonOperator): extract_trafic> on 2024-03-13 06:00:00+00:00
[2024-08-06T17:05:54.084+0000] {warnings.py:112} WARNING - /home/***/.local/lib/python3.12/site-packages/***/task/task_runner/standard_task_runner.py:62: DeprecationWarning: This process (pid=3052) is multi-threaded, use of fork() may lead to deadlocks in the child.
  pid = os.fork()

[2024-08-06T17:05:54.086+0000] {standard_task_runner.py:64} INFO - Started process 3064 to run task
[2024-08-06T17:05:54.087+0000] {standard_task_runner.py:90} INFO - Running: ['***', 'tasks', 'run', 'motower_daily_prod', 'extract_trafic', 'scheduled__2024-03-13T06:00:00+00:00', '--job-id', '688', '--raw', '--subdir', 'DAGS_FOLDER/gps/custom_dags/motower_daily.py', '--cfg-path', '/tmp/tmpl566m8bh']
[2024-08-06T17:05:54.091+0000] {standard_task_runner.py:91} INFO - Job 688: Subtask extract_trafic
[2024-08-06T17:05:54.184+0000] {task_command.py:426} INFO - Running <TaskInstance: motower_daily_prod.extract_trafic scheduled__2024-03-13T06:00:00+00:00 [running]> on host 13681191f11c
[2024-08-06T17:05:54.418+0000] {taskinstance.py:2648} INFO - Exporting env vars: AIRFLOW_CTX_DAG_EMAIL='richmond.kongo@orange.com,assane.diop@orange.com,cyrille1.danho@orange.com,mohamed2.sylla@orange.com,amadou.diomande@orange.com,Jonas.kouame@orange.com,armand.kablan@orange.com,anicet.azombade@orange.com,etienne.kouadio@orange.com,bertine.kouakou@orange.com,florentine.kouakou@orange.com,ange.phaceli@orange.com,soulegame.soro@orange.com,innocent.yengo@orange.com' AIRFLOW_CTX_DAG_OWNER='***' AIRFLOW_CTX_DAG_ID='motower_daily_prod' AIRFLOW_CTX_TASK_ID='extract_trafic' AIRFLOW_CTX_EXECUTION_DATE='2024-03-13T06:00:00+00:00' AIRFLOW_CTX_TRY_NUMBER='1' AIRFLOW_CTX_DAG_RUN_ID='scheduled__2024-03-13T06:00:00+00:00'
[2024-08-06T17:05:54.420+0000] {taskinstance.py:430} INFO - ::endgroup::
[2024-08-06T17:05:54.457+0000] {extract.py:126} INFO - Getting data of the table ks_daily_tdb_radio_drsi 
[2024-08-06T17:05:54.457+0000] {extract.py:127} INFO - where date is 2024-03-12
[2024-08-06T17:05:54.458+0000] {extract.py:102} INFO - get data to date 2024-03-12
[2024-08-06T17:05:54.469+0000] {warnings.py:112} WARNING - /opt/***/dags/gps/common/extract.py:103: UserWarning: pandas only supports SQLAlchemy connectable (engine/connection) or database string URI or sqlite3 DBAPI2 connection. Other DBAPI2 objects are not tested. Please consider using SQLAlchemy.
  df_ = pd.read_sql_query(sql_query, conn, params=params)

[2024-08-06T17:05:54.818+0000] {rwminio.py:19} INFO - start to save data
[2024-08-06T17:05:55.031+0000] {rwminio.py:34} INFO - data in minio ok
[2024-08-06T17:05:55.037+0000] {python.py:237} INFO - Done. Returned value was: None
[2024-08-06T17:05:55.038+0000] {taskinstance.py:441} INFO - ::group::Post task execution logs
[2024-08-06T17:05:55.055+0000] {taskinstance.py:1206} INFO - Marking task as SUCCESS. dag_id=motower_daily_prod, task_id=extract_trafic, run_id=scheduled__2024-03-13T06:00:00+00:00, execution_date=20240313T060000, start_date=20240806T170553, end_date=20240806T170555
[2024-08-06T17:05:55.123+0000] {local_task_job_runner.py:243} INFO - Task exited with return code 0
[2024-08-06T17:05:55.140+0000] {local_task_job_runner.py:222} INFO - ::endgroup::
[2024-08-06T17:36:30.821+0000] {local_task_job_runner.py:120} INFO - ::group::Pre task execution logs
[2024-08-06T17:36:30.916+0000] {taskinstance.py:2076} INFO - Dependencies all met for dep_context=non-requeueable deps ti=<TaskInstance: motower_daily_prod.extract_trafic scheduled__2024-03-13T06:00:00+00:00 [queued]>
[2024-08-06T17:36:30.961+0000] {taskinstance.py:2076} INFO - Dependencies all met for dep_context=requeueable deps ti=<TaskInstance: motower_daily_prod.extract_trafic scheduled__2024-03-13T06:00:00+00:00 [queued]>
[2024-08-06T17:36:30.962+0000] {taskinstance.py:2306} INFO - Starting attempt 1 of 1
[2024-08-06T17:36:31.005+0000] {taskinstance.py:2330} INFO - Executing <Task(PythonOperator): extract_trafic> on 2024-03-13 06:00:00+00:00
[2024-08-06T17:36:31.033+0000] {warnings.py:112} WARNING - /home/***/.local/lib/python3.12/site-packages/***/task/task_runner/standard_task_runner.py:62: DeprecationWarning: This process (pid=7222) is multi-threaded, use of fork() may lead to deadlocks in the child.
  pid = os.fork()

[2024-08-06T17:36:31.036+0000] {standard_task_runner.py:64} INFO - Started process 7235 to run task
[2024-08-06T17:36:31.044+0000] {standard_task_runner.py:90} INFO - Running: ['***', 'tasks', 'run', 'motower_daily_prod', 'extract_trafic', 'scheduled__2024-03-13T06:00:00+00:00', '--job-id', '1956', '--raw', '--subdir', 'DAGS_FOLDER/gps/custom_dags/motower_daily.py', '--cfg-path', '/tmp/tmpf5e6x7xa']
[2024-08-06T17:36:31.048+0000] {standard_task_runner.py:91} INFO - Job 1956: Subtask extract_trafic
[2024-08-06T17:36:31.167+0000] {task_command.py:426} INFO - Running <TaskInstance: motower_daily_prod.extract_trafic scheduled__2024-03-13T06:00:00+00:00 [running]> on host 13681191f11c
[2024-08-06T17:36:31.487+0000] {taskinstance.py:2648} INFO - Exporting env vars: AIRFLOW_CTX_DAG_EMAIL='richmond.kongo@orange.com,assane.diop@orange.com,cyrille1.danho@orange.com,mohamed2.sylla@orange.com,amadou.diomande@orange.com,Jonas.kouame@orange.com,armand.kablan@orange.com,anicet.azombade@orange.com,etienne.kouadio@orange.com,bertine.kouakou@orange.com,florentine.kouakou@orange.com,ange.phaceli@orange.com,soulegame.soro@orange.com,innocent.yengo@orange.com' AIRFLOW_CTX_DAG_OWNER='***' AIRFLOW_CTX_DAG_ID='motower_daily_prod' AIRFLOW_CTX_TASK_ID='extract_trafic' AIRFLOW_CTX_EXECUTION_DATE='2024-03-13T06:00:00+00:00' AIRFLOW_CTX_TRY_NUMBER='1' AIRFLOW_CTX_DAG_RUN_ID='scheduled__2024-03-13T06:00:00+00:00'
[2024-08-06T17:36:31.489+0000] {taskinstance.py:430} INFO - ::endgroup::
[2024-08-06T17:36:31.590+0000] {extract.py:126} INFO - Getting data of the table ks_daily_tdb_radio_drsi 
[2024-08-06T17:36:31.590+0000] {extract.py:127} INFO - where date is 2024-03-12
[2024-08-06T17:36:31.591+0000] {extract.py:102} INFO - get data to date 2024-03-12
[2024-08-06T17:36:31.603+0000] {warnings.py:112} WARNING - /opt/***/dags/gps/common/extract.py:103: UserWarning: pandas only supports SQLAlchemy connectable (engine/connection) or database string URI or sqlite3 DBAPI2 connection. Other DBAPI2 objects are not tested. Please consider using SQLAlchemy.
  df_ = pd.read_sql_query(sql_query, conn, params=params)

[2024-08-06T17:36:32.116+0000] {rwminio.py:19} INFO - start to save data
[2024-08-06T17:36:32.536+0000] {rwminio.py:34} INFO - data in minio ok
[2024-08-06T17:36:32.546+0000] {python.py:237} INFO - Done. Returned value was: None
[2024-08-06T17:36:32.555+0000] {taskinstance.py:441} INFO - ::group::Post task execution logs
[2024-08-06T17:36:32.581+0000] {taskinstance.py:1206} INFO - Marking task as SUCCESS. dag_id=motower_daily_prod, task_id=extract_trafic, run_id=scheduled__2024-03-13T06:00:00+00:00, execution_date=20240313T060000, start_date=20240806T173630, end_date=20240806T173632
[2024-08-06T17:36:32.667+0000] {local_task_job_runner.py:243} INFO - Task exited with return code 0
[2024-08-06T17:36:32.700+0000] {local_task_job_runner.py:222} INFO - ::endgroup::
[2024-08-06T18:23:49.827+0000] {local_task_job_runner.py:120} INFO - ::group::Pre task execution logs
[2024-08-06T18:23:49.920+0000] {taskinstance.py:2076} INFO - Dependencies all met for dep_context=non-requeueable deps ti=<TaskInstance: motower_daily_prod.extract_trafic scheduled__2024-03-13T06:00:00+00:00 [queued]>
[2024-08-06T18:23:49.946+0000] {taskinstance.py:2076} INFO - Dependencies all met for dep_context=requeueable deps ti=<TaskInstance: motower_daily_prod.extract_trafic scheduled__2024-03-13T06:00:00+00:00 [queued]>
[2024-08-06T18:23:49.946+0000] {taskinstance.py:2306} INFO - Starting attempt 1 of 1
[2024-08-06T18:23:49.978+0000] {taskinstance.py:2330} INFO - Executing <Task(PythonOperator): extract_trafic> on 2024-03-13 06:00:00+00:00
[2024-08-06T18:23:49.990+0000] {warnings.py:112} WARNING - /home/***/.local/lib/python3.12/site-packages/***/task/task_runner/standard_task_runner.py:62: DeprecationWarning: This process (pid=11055) is multi-threaded, use of fork() may lead to deadlocks in the child.
  pid = os.fork()

[2024-08-06T18:23:49.993+0000] {standard_task_runner.py:64} INFO - Started process 11064 to run task
[2024-08-06T18:23:49.993+0000] {standard_task_runner.py:90} INFO - Running: ['***', 'tasks', 'run', 'motower_daily_prod', 'extract_trafic', 'scheduled__2024-03-13T06:00:00+00:00', '--job-id', '3046', '--raw', '--subdir', 'DAGS_FOLDER/gps/custom_dags/motower_daily.py', '--cfg-path', '/tmp/tmphve0d34r']
[2024-08-06T18:23:49.997+0000] {standard_task_runner.py:91} INFO - Job 3046: Subtask extract_trafic
[2024-08-06T18:23:50.083+0000] {task_command.py:426} INFO - Running <TaskInstance: motower_daily_prod.extract_trafic scheduled__2024-03-13T06:00:00+00:00 [running]> on host 13681191f11c
[2024-08-06T18:23:50.305+0000] {taskinstance.py:2648} INFO - Exporting env vars: AIRFLOW_CTX_DAG_EMAIL='richmond.kongo@orange.com,assane.diop@orange.com,cyrille1.danho@orange.com,mohamed2.sylla@orange.com,amadou.diomande@orange.com,Jonas.kouame@orange.com,armand.kablan@orange.com,anicet.azombade@orange.com,etienne.kouadio@orange.com,bertine.kouakou@orange.com,florentine.kouakou@orange.com,ange.phaceli@orange.com,soulegame.soro@orange.com,innocent.yengo@orange.com' AIRFLOW_CTX_DAG_OWNER='***' AIRFLOW_CTX_DAG_ID='motower_daily_prod' AIRFLOW_CTX_TASK_ID='extract_trafic' AIRFLOW_CTX_EXECUTION_DATE='2024-03-13T06:00:00+00:00' AIRFLOW_CTX_TRY_NUMBER='1' AIRFLOW_CTX_DAG_RUN_ID='scheduled__2024-03-13T06:00:00+00:00'
[2024-08-06T18:23:50.309+0000] {taskinstance.py:430} INFO - ::endgroup::
[2024-08-06T18:23:50.350+0000] {extract.py:126} INFO - Getting data of the table ks_daily_tdb_radio_drsi 
[2024-08-06T18:23:50.351+0000] {extract.py:127} INFO - where date is 2024-03-12
[2024-08-06T18:23:50.351+0000] {extract.py:102} INFO - get data to date 2024-03-12
[2024-08-06T18:23:50.363+0000] {warnings.py:112} WARNING - /opt/***/dags/gps/common/extract.py:103: UserWarning: pandas only supports SQLAlchemy connectable (engine/connection) or database string URI or sqlite3 DBAPI2 connection. Other DBAPI2 objects are not tested. Please consider using SQLAlchemy.
  df_ = pd.read_sql_query(sql_query, conn, params=params)

[2024-08-06T18:23:50.747+0000] {rwminio.py:19} INFO - start to save data
[2024-08-06T18:23:50.950+0000] {rwminio.py:34} INFO - data in minio ok
[2024-08-06T18:23:50.957+0000] {python.py:237} INFO - Done. Returned value was: None
[2024-08-06T18:23:50.958+0000] {taskinstance.py:441} INFO - ::group::Post task execution logs
[2024-08-06T18:23:50.972+0000] {taskinstance.py:1206} INFO - Marking task as SUCCESS. dag_id=motower_daily_prod, task_id=extract_trafic, run_id=scheduled__2024-03-13T06:00:00+00:00, execution_date=20240313T060000, start_date=20240806T182349, end_date=20240806T182350
[2024-08-06T18:23:51.030+0000] {local_task_job_runner.py:243} INFO - Task exited with return code 0
[2024-08-06T18:23:51.047+0000] {local_task_job_runner.py:222} INFO - ::endgroup::
