[2024-07-23T17:03:01.574+0000] {local_task_job_runner.py:120} INFO - ::group::Pre task execution logs
[2024-07-23T17:03:01.595+0000] {taskinstance.py:2076} INFO - Dependencies all met for dep_context=non-requeueable deps ti=<TaskInstance: enrich_prod.cleaning.extract_trafic_deux manual__2024-07-23T17:02:58.801190+00:00 [queued]>
[2024-07-23T17:03:01.602+0000] {taskinstance.py:2076} INFO - Dependencies all met for dep_context=requeueable deps ti=<TaskInstance: enrich_prod.cleaning.extract_trafic_deux manual__2024-07-23T17:02:58.801190+00:00 [queued]>
[2024-07-23T17:03:01.602+0000] {taskinstance.py:2306} INFO - Starting attempt 1 of 1
[2024-07-23T17:03:01.616+0000] {taskinstance.py:2330} INFO - Executing <Task(PythonOperator): cleaning.extract_trafic_deux> on 2024-07-23 17:02:58.801190+00:00
[2024-07-23T17:03:01.628+0000] {warnings.py:112} WARNING - /home/***/.local/lib/python3.12/site-packages/***/task/task_runner/standard_task_runner.py:62: DeprecationWarning: This process (pid=100) is multi-threaded, use of fork() may lead to deadlocks in the child.
  pid = os.fork()

[2024-07-23T17:03:01.629+0000] {standard_task_runner.py:64} INFO - Started process 109 to run task
[2024-07-23T17:03:01.630+0000] {standard_task_runner.py:90} INFO - Running: ['***', 'tasks', 'run', 'enrich_prod', 'cleaning.extract_trafic_deux', 'manual__2024-07-23T17:02:58.801190+00:00', '--job-id', '4', '--raw', '--subdir', 'DAGS_FOLDER/gps/custom_dags/enrich.py', '--cfg-path', '/tmp/tmp9q1g60z0']
[2024-07-23T17:03:01.632+0000] {standard_task_runner.py:91} INFO - Job 4: Subtask cleaning.extract_trafic_deux
[2024-07-23T17:03:01.681+0000] {task_command.py:426} INFO - Running <TaskInstance: enrich_prod.cleaning.extract_trafic_deux manual__2024-07-23T17:02:58.801190+00:00 [running]> on host 57f550887412
[2024-07-23T17:03:01.774+0000] {taskinstance.py:2648} INFO - Exporting env vars: AIRFLOW_CTX_DAG_EMAIL='richmond.kongo@orange.com,assane.diop@orange.com,cyrille1.danho@orange.com,mohamed2.sylla@orange.com,amadou.diomande@orange.com,Jonas.kouame@orange.com,armand.kablan@orange.com,anicet.azombade@orange.com,etienne.kouadio@orange.com,bertine.kouakou@orange.com,florentine.kouakou@orange.com,ange.phaceli@orange.com,soulegame.soro@orange.com,innocent.yengo@orange.com' AIRFLOW_CTX_DAG_OWNER='***' AIRFLOW_CTX_DAG_ID='enrich_prod' AIRFLOW_CTX_TASK_ID='cleaning.extract_trafic_deux' AIRFLOW_CTX_EXECUTION_DATE='2024-07-23T17:02:58.801190+00:00' AIRFLOW_CTX_TRY_NUMBER='1' AIRFLOW_CTX_DAG_RUN_ID='manual__2024-07-23T17:02:58.801190+00:00'
[2024-07-23T17:03:01.775+0000] {taskinstance.py:430} INFO - ::endgroup::
[2024-07-23T17:03:01.807+0000] {extract.py:127} INFO - Getting data of the table ks_tdb_radio_drsi 
[2024-07-23T17:03:01.808+0000] {extract.py:128} INFO - where date is 2024-06-02
[2024-07-23T17:03:01.808+0000] {extract.py:103} INFO - get data to date 2024-06-01
[2024-07-23T17:03:01.814+0000] {warnings.py:112} WARNING - /opt/***/dags/gps/common/extract.py:104: UserWarning: pandas only supports SQLAlchemy connectable (engine/connection) or database string URI or sqlite3 DBAPI2 connection. Other DBAPI2 objects are not tested. Please consider using SQLAlchemy.
  df_ = pd.read_sql_query(sql_query, conn, params=params)

[2024-07-23T17:03:01.868+0000] {rwminio.py:19} INFO - start to save data
[2024-07-23T17:03:01.948+0000] {rwminio.py:34} INFO - data in minio ok
[2024-07-23T17:03:01.952+0000] {python.py:237} INFO - Done. Returned value was: None
[2024-07-23T17:03:01.952+0000] {taskinstance.py:441} INFO - ::group::Post task execution logs
[2024-07-23T17:03:01.962+0000] {taskinstance.py:1206} INFO - Marking task as SUCCESS. dag_id=enrich_prod, task_id=cleaning.extract_trafic_deux, run_id=manual__2024-07-23T17:02:58.801190+00:00, execution_date=20240723T170258, start_date=20240723T170301, end_date=20240723T170301
[2024-07-23T17:03:02.004+0000] {local_task_job_runner.py:243} INFO - Task exited with return code 0
[2024-07-23T17:03:02.012+0000] {local_task_job_runner.py:222} INFO - ::endgroup::
[2024-07-23T17:17:31.270+0000] {local_task_job_runner.py:120} INFO - ::group::Pre task execution logs
[2024-07-23T17:17:31.300+0000] {taskinstance.py:2076} INFO - Dependencies all met for dep_context=non-requeueable deps ti=<TaskInstance: enrich_prod.cleaning.extract_trafic_deux manual__2024-07-23T17:02:58.801190+00:00 [queued]>
[2024-07-23T17:17:31.311+0000] {taskinstance.py:2076} INFO - Dependencies all met for dep_context=requeueable deps ti=<TaskInstance: enrich_prod.cleaning.extract_trafic_deux manual__2024-07-23T17:02:58.801190+00:00 [queued]>
[2024-07-23T17:17:31.311+0000] {taskinstance.py:2306} INFO - Starting attempt 1 of 1
[2024-07-23T17:17:31.327+0000] {taskinstance.py:2330} INFO - Executing <Task(PythonOperator): cleaning.extract_trafic_deux> on 2024-07-23 17:02:58.801190+00:00
[2024-07-23T17:17:31.343+0000] {warnings.py:112} WARNING - /home/***/.local/lib/python3.12/site-packages/***/task/task_runner/standard_task_runner.py:62: DeprecationWarning: This process (pid=474) is multi-threaded, use of fork() may lead to deadlocks in the child.
  pid = os.fork()

[2024-07-23T17:17:31.344+0000] {standard_task_runner.py:64} INFO - Started process 488 to run task
[2024-07-23T17:17:31.345+0000] {standard_task_runner.py:90} INFO - Running: ['***', 'tasks', 'run', 'enrich_prod', 'cleaning.extract_trafic_deux', 'manual__2024-07-23T17:02:58.801190+00:00', '--job-id', '68', '--raw', '--subdir', 'DAGS_FOLDER/gps/custom_dags/enrich.py', '--cfg-path', '/tmp/tmpqxjgj_px']
[2024-07-23T17:17:31.347+0000] {standard_task_runner.py:91} INFO - Job 68: Subtask cleaning.extract_trafic_deux
[2024-07-23T17:17:31.408+0000] {task_command.py:426} INFO - Running <TaskInstance: enrich_prod.cleaning.extract_trafic_deux manual__2024-07-23T17:02:58.801190+00:00 [running]> on host 57f550887412
[2024-07-23T17:17:31.513+0000] {taskinstance.py:2648} INFO - Exporting env vars: AIRFLOW_CTX_DAG_EMAIL='richmond.kongo@orange.com,assane.diop@orange.com,cyrille1.danho@orange.com,mohamed2.sylla@orange.com,amadou.diomande@orange.com,Jonas.kouame@orange.com,armand.kablan@orange.com,anicet.azombade@orange.com,etienne.kouadio@orange.com,bertine.kouakou@orange.com,florentine.kouakou@orange.com,ange.phaceli@orange.com,soulegame.soro@orange.com,innocent.yengo@orange.com' AIRFLOW_CTX_DAG_OWNER='***' AIRFLOW_CTX_DAG_ID='enrich_prod' AIRFLOW_CTX_TASK_ID='cleaning.extract_trafic_deux' AIRFLOW_CTX_EXECUTION_DATE='2024-07-23T17:02:58.801190+00:00' AIRFLOW_CTX_TRY_NUMBER='1' AIRFLOW_CTX_DAG_RUN_ID='manual__2024-07-23T17:02:58.801190+00:00'
[2024-07-23T17:17:31.514+0000] {taskinstance.py:430} INFO - ::endgroup::
[2024-07-23T17:17:31.532+0000] {extract.py:127} INFO - Getting data of the table ks_tdb_radio_drsi 
[2024-07-23T17:17:31.532+0000] {extract.py:128} INFO - where date is 2024-06-02
[2024-07-23T17:17:31.533+0000] {extract.py:103} INFO - get data to date 2024-06-01
[2024-07-23T17:17:31.539+0000] {warnings.py:112} WARNING - /opt/***/dags/gps/common/extract.py:104: UserWarning: pandas only supports SQLAlchemy connectable (engine/connection) or database string URI or sqlite3 DBAPI2 connection. Other DBAPI2 objects are not tested. Please consider using SQLAlchemy.
  df_ = pd.read_sql_query(sql_query, conn, params=params)

[2024-07-23T17:17:31.589+0000] {rwminio.py:19} INFO - start to save data
[2024-07-23T17:17:31.662+0000] {rwminio.py:34} INFO - data in minio ok
[2024-07-23T17:17:31.669+0000] {python.py:237} INFO - Done. Returned value was: None
[2024-07-23T17:17:31.670+0000] {taskinstance.py:441} INFO - ::group::Post task execution logs
[2024-07-23T17:17:31.679+0000] {taskinstance.py:1206} INFO - Marking task as SUCCESS. dag_id=enrich_prod, task_id=cleaning.extract_trafic_deux, run_id=manual__2024-07-23T17:02:58.801190+00:00, execution_date=20240723T170258, start_date=20240723T171731, end_date=20240723T171731
[2024-07-23T17:17:31.720+0000] {local_task_job_runner.py:243} INFO - Task exited with return code 0
[2024-07-23T17:17:31.729+0000] {local_task_job_runner.py:222} INFO - ::endgroup::
