[2024-08-06T16:58:40.978+0000] {local_task_job_runner.py:120} INFO - ::group::Pre task execution logs
[2024-08-06T16:58:41.287+0000] {taskinstance.py:2076} INFO - Dependencies all met for dep_context=non-requeueable deps ti=<TaskInstance: motower_daily_prod.checkataa scheduled__2024-01-25T06:00:00+00:00 [queued]>
[2024-08-06T16:58:41.392+0000] {taskinstance.py:2076} INFO - Dependencies all met for dep_context=requeueable deps ti=<TaskInstance: motower_daily_prod.checkataa scheduled__2024-01-25T06:00:00+00:00 [queued]>
[2024-08-06T16:58:41.393+0000] {taskinstance.py:2306} INFO - Starting attempt 1 of 1
[2024-08-06T16:58:41.436+0000] {taskinstance.py:2330} INFO - Executing <Task(PythonSensor): checkataa> on 2024-01-25 06:00:00+00:00
[2024-08-06T16:58:41.461+0000] {warnings.py:112} WARNING - /home/***/.local/lib/python3.12/site-packages/***/task/task_runner/standard_task_runner.py:62: DeprecationWarning: This process (pid=1596) is multi-threaded, use of fork() may lead to deadlocks in the child.
  pid = os.fork()

[2024-08-06T16:58:41.463+0000] {standard_task_runner.py:64} INFO - Started process 1612 to run task
[2024-08-06T16:58:41.473+0000] {standard_task_runner.py:90} INFO - Running: ['***', 'tasks', 'run', 'motower_daily_prod', 'checkataa', 'scheduled__2024-01-25T06:00:00+00:00', '--job-id', '228', '--raw', '--subdir', 'DAGS_FOLDER/gps/custom_dags/motower_daily.py', '--cfg-path', '/tmp/tmplx_vic06']
[2024-08-06T16:58:41.486+0000] {standard_task_runner.py:91} INFO - Job 228: Subtask checkataa
[2024-08-06T16:58:41.692+0000] {task_command.py:426} INFO - Running <TaskInstance: motower_daily_prod.checkataa scheduled__2024-01-25T06:00:00+00:00 [running]> on host 13681191f11c
[2024-08-06T16:58:42.153+0000] {taskinstance.py:2648} INFO - Exporting env vars: AIRFLOW_CTX_DAG_EMAIL='richmond.kongo@orange.com,assane.diop@orange.com,cyrille1.danho@orange.com,mohamed2.sylla@orange.com,amadou.diomande@orange.com,Jonas.kouame@orange.com,armand.kablan@orange.com,anicet.azombade@orange.com,etienne.kouadio@orange.com,bertine.kouakou@orange.com,florentine.kouakou@orange.com,ange.phaceli@orange.com,soulegame.soro@orange.com,innocent.yengo@orange.com' AIRFLOW_CTX_DAG_OWNER='***' AIRFLOW_CTX_DAG_ID='motower_daily_prod' AIRFLOW_CTX_TASK_ID='checkataa' AIRFLOW_CTX_EXECUTION_DATE='2024-01-25T06:00:00+00:00' AIRFLOW_CTX_TRY_NUMBER='1' AIRFLOW_CTX_DAG_RUN_ID='scheduled__2024-01-25T06:00:00+00:00'
[2024-08-06T16:58:42.154+0000] {taskinstance.py:430} INFO - ::endgroup::
[2024-08-06T16:58:42.189+0000] {python.py:75} INFO - Poking callable: <function check_data_in_table at 0x701c41fd3ec0>
[2024-08-06T16:58:42.209+0000] {extract.py:126} INFO - Getting data of the table dtm_motower_gsm 
[2024-08-06T16:58:42.210+0000] {extract.py:127} INFO - where date is 2024-01-24
[2024-08-06T16:58:42.210+0000] {extract.py:102} INFO - get data to date 20240124
[2024-08-06T16:58:42.228+0000] {warnings.py:112} WARNING - /opt/***/dags/gps/common/extract.py:103: UserWarning: pandas only supports SQLAlchemy connectable (engine/connection) or database string URI or sqlite3 DBAPI2 connection. Other DBAPI2 objects are not tested. Please consider using SQLAlchemy.
  df_ = pd.read_sql_query(sql_query, conn, params=params)

[2024-08-06T16:58:42.456+0000] {base.py:294} INFO - Success criteria met. Exiting.
[2024-08-06T16:58:42.457+0000] {taskinstance.py:441} INFO - ::group::Post task execution logs
[2024-08-06T16:58:42.484+0000] {taskinstance.py:1206} INFO - Marking task as SUCCESS. dag_id=motower_daily_prod, task_id=checkataa, run_id=scheduled__2024-01-25T06:00:00+00:00, execution_date=20240125T060000, start_date=20240806T165841, end_date=20240806T165842
[2024-08-06T16:58:42.589+0000] {local_task_job_runner.py:243} INFO - Task exited with return code 0
[2024-08-06T16:58:42.704+0000] {taskinstance.py:3503} INFO - 0 downstream tasks scheduled from follow-on schedule check
[2024-08-06T16:58:42.723+0000] {local_task_job_runner.py:222} INFO - ::endgroup::
[2024-08-06T17:29:03.744+0000] {local_task_job_runner.py:120} INFO - ::group::Pre task execution logs
[2024-08-06T17:29:03.871+0000] {taskinstance.py:2076} INFO - Dependencies all met for dep_context=non-requeueable deps ti=<TaskInstance: motower_daily_prod.checkataa scheduled__2024-01-25T06:00:00+00:00 [queued]>
[2024-08-06T17:29:03.899+0000] {taskinstance.py:2076} INFO - Dependencies all met for dep_context=requeueable deps ti=<TaskInstance: motower_daily_prod.checkataa scheduled__2024-01-25T06:00:00+00:00 [queued]>
[2024-08-06T17:29:03.900+0000] {taskinstance.py:2306} INFO - Starting attempt 1 of 1
[2024-08-06T17:29:03.934+0000] {taskinstance.py:2330} INFO - Executing <Task(PythonSensor): checkataa> on 2024-01-25 06:00:00+00:00
[2024-08-06T17:29:03.956+0000] {warnings.py:112} WARNING - /home/***/.local/lib/python3.12/site-packages/***/task/task_runner/standard_task_runner.py:62: DeprecationWarning: This process (pid=5726) is multi-threaded, use of fork() may lead to deadlocks in the child.
  pid = os.fork()

[2024-08-06T17:29:03.958+0000] {standard_task_runner.py:64} INFO - Started process 5739 to run task
[2024-08-06T17:29:03.963+0000] {standard_task_runner.py:90} INFO - Running: ['***', 'tasks', 'run', 'motower_daily_prod', 'checkataa', 'scheduled__2024-01-25T06:00:00+00:00', '--job-id', '1485', '--raw', '--subdir', 'DAGS_FOLDER/gps/custom_dags/motower_daily.py', '--cfg-path', '/tmp/tmp_s6q5482']
[2024-08-06T17:29:03.968+0000] {standard_task_runner.py:91} INFO - Job 1485: Subtask checkataa
[2024-08-06T17:29:04.096+0000] {task_command.py:426} INFO - Running <TaskInstance: motower_daily_prod.checkataa scheduled__2024-01-25T06:00:00+00:00 [running]> on host 13681191f11c
[2024-08-06T17:29:04.655+0000] {taskinstance.py:2648} INFO - Exporting env vars: AIRFLOW_CTX_DAG_EMAIL='richmond.kongo@orange.com,assane.diop@orange.com,cyrille1.danho@orange.com,mohamed2.sylla@orange.com,amadou.diomande@orange.com,Jonas.kouame@orange.com,armand.kablan@orange.com,anicet.azombade@orange.com,etienne.kouadio@orange.com,bertine.kouakou@orange.com,florentine.kouakou@orange.com,ange.phaceli@orange.com,soulegame.soro@orange.com,innocent.yengo@orange.com' AIRFLOW_CTX_DAG_OWNER='***' AIRFLOW_CTX_DAG_ID='motower_daily_prod' AIRFLOW_CTX_TASK_ID='checkataa' AIRFLOW_CTX_EXECUTION_DATE='2024-01-25T06:00:00+00:00' AIRFLOW_CTX_TRY_NUMBER='1' AIRFLOW_CTX_DAG_RUN_ID='scheduled__2024-01-25T06:00:00+00:00'
[2024-08-06T17:29:04.667+0000] {taskinstance.py:430} INFO - ::endgroup::
[2024-08-06T17:29:04.721+0000] {python.py:75} INFO - Poking callable: <function check_data_in_table at 0x701c27143ce0>
[2024-08-06T17:29:04.735+0000] {extract.py:126} INFO - Getting data of the table dtm_motower_gsm 
[2024-08-06T17:29:04.736+0000] {extract.py:127} INFO - where date is 2024-01-24
[2024-08-06T17:29:04.736+0000] {extract.py:102} INFO - get data to date 20240124
[2024-08-06T17:29:04.747+0000] {warnings.py:112} WARNING - /opt/***/dags/gps/common/extract.py:103: UserWarning: pandas only supports SQLAlchemy connectable (engine/connection) or database string URI or sqlite3 DBAPI2 connection. Other DBAPI2 objects are not tested. Please consider using SQLAlchemy.
  df_ = pd.read_sql_query(sql_query, conn, params=params)

[2024-08-06T17:29:04.922+0000] {base.py:294} INFO - Success criteria met. Exiting.
[2024-08-06T17:29:04.922+0000] {taskinstance.py:441} INFO - ::group::Post task execution logs
[2024-08-06T17:29:04.962+0000] {taskinstance.py:1206} INFO - Marking task as SUCCESS. dag_id=motower_daily_prod, task_id=checkataa, run_id=scheduled__2024-01-25T06:00:00+00:00, execution_date=20240125T060000, start_date=20240806T172903, end_date=20240806T172904
[2024-08-06T17:29:05.016+0000] {local_task_job_runner.py:243} INFO - Task exited with return code 0
[2024-08-06T17:29:05.042+0000] {local_task_job_runner.py:222} INFO - ::endgroup::
[2024-08-06T18:16:51.635+0000] {local_task_job_runner.py:120} INFO - ::group::Pre task execution logs
[2024-08-06T18:16:51.792+0000] {taskinstance.py:2076} INFO - Dependencies all met for dep_context=non-requeueable deps ti=<TaskInstance: motower_daily_prod.checkataa scheduled__2024-01-25T06:00:00+00:00 [queued]>
[2024-08-06T18:16:51.818+0000] {taskinstance.py:2076} INFO - Dependencies all met for dep_context=requeueable deps ti=<TaskInstance: motower_daily_prod.checkataa scheduled__2024-01-25T06:00:00+00:00 [queued]>
[2024-08-06T18:16:51.819+0000] {taskinstance.py:2306} INFO - Starting attempt 1 of 1
[2024-08-06T18:16:51.862+0000] {taskinstance.py:2330} INFO - Executing <Task(PythonSensor): checkataa> on 2024-01-25 06:00:00+00:00
[2024-08-06T18:16:51.877+0000] {warnings.py:112} WARNING - /home/***/.local/lib/python3.12/site-packages/***/task/task_runner/standard_task_runner.py:62: DeprecationWarning: This process (pid=9611) is multi-threaded, use of fork() may lead to deadlocks in the child.
  pid = os.fork()

[2024-08-06T18:16:51.896+0000] {standard_task_runner.py:64} INFO - Started process 9630 to run task
[2024-08-06T18:16:51.887+0000] {standard_task_runner.py:90} INFO - Running: ['***', 'tasks', 'run', 'motower_daily_prod', 'checkataa', 'scheduled__2024-01-25T06:00:00+00:00', '--job-id', '2590', '--raw', '--subdir', 'DAGS_FOLDER/gps/custom_dags/motower_daily.py', '--cfg-path', '/tmp/tmptyel6w_d']
[2024-08-06T18:16:51.919+0000] {standard_task_runner.py:91} INFO - Job 2590: Subtask checkataa
[2024-08-06T18:16:52.159+0000] {task_command.py:426} INFO - Running <TaskInstance: motower_daily_prod.checkataa scheduled__2024-01-25T06:00:00+00:00 [running]> on host 13681191f11c
[2024-08-06T18:16:52.563+0000] {taskinstance.py:2648} INFO - Exporting env vars: AIRFLOW_CTX_DAG_EMAIL='richmond.kongo@orange.com,assane.diop@orange.com,cyrille1.danho@orange.com,mohamed2.sylla@orange.com,amadou.diomande@orange.com,Jonas.kouame@orange.com,armand.kablan@orange.com,anicet.azombade@orange.com,etienne.kouadio@orange.com,bertine.kouakou@orange.com,florentine.kouakou@orange.com,ange.phaceli@orange.com,soulegame.soro@orange.com,innocent.yengo@orange.com' AIRFLOW_CTX_DAG_OWNER='***' AIRFLOW_CTX_DAG_ID='motower_daily_prod' AIRFLOW_CTX_TASK_ID='checkataa' AIRFLOW_CTX_EXECUTION_DATE='2024-01-25T06:00:00+00:00' AIRFLOW_CTX_TRY_NUMBER='1' AIRFLOW_CTX_DAG_RUN_ID='scheduled__2024-01-25T06:00:00+00:00'
[2024-08-06T18:16:52.565+0000] {taskinstance.py:430} INFO - ::endgroup::
[2024-08-06T18:16:52.611+0000] {python.py:75} INFO - Poking callable: <function check_data_in_table at 0x701c42856fc0>
[2024-08-06T18:16:52.627+0000] {extract.py:126} INFO - Getting data of the table dtm_motower_gsm 
[2024-08-06T18:16:52.629+0000] {extract.py:127} INFO - where date is 2024-01-24
[2024-08-06T18:16:52.630+0000] {extract.py:102} INFO - get data to date 20240124
[2024-08-06T18:16:52.641+0000] {warnings.py:112} WARNING - /opt/***/dags/gps/common/extract.py:103: UserWarning: pandas only supports SQLAlchemy connectable (engine/connection) or database string URI or sqlite3 DBAPI2 connection. Other DBAPI2 objects are not tested. Please consider using SQLAlchemy.
  df_ = pd.read_sql_query(sql_query, conn, params=params)

[2024-08-06T18:16:52.924+0000] {base.py:294} INFO - Success criteria met. Exiting.
[2024-08-06T18:16:52.925+0000] {taskinstance.py:441} INFO - ::group::Post task execution logs
[2024-08-06T18:16:52.969+0000] {taskinstance.py:1206} INFO - Marking task as SUCCESS. dag_id=motower_daily_prod, task_id=checkataa, run_id=scheduled__2024-01-25T06:00:00+00:00, execution_date=20240125T060000, start_date=20240806T181651, end_date=20240806T181652
[2024-08-06T18:16:53.131+0000] {local_task_job_runner.py:243} INFO - Task exited with return code 0
[2024-08-06T18:16:53.183+0000] {local_task_job_runner.py:222} INFO - ::endgroup::
