[2024-08-06T17:00:26.552+0000] {local_task_job_runner.py:120} INFO - ::group::Pre task execution logs
[2024-08-06T17:00:26.627+0000] {taskinstance.py:2076} INFO - Dependencies all met for dep_context=non-requeueable deps ti=<TaskInstance: motower_daily_prod.extracta scheduled__2024-02-02T06:00:00+00:00 [queued]>
[2024-08-06T17:00:26.651+0000] {taskinstance.py:2076} INFO - Dependencies all met for dep_context=requeueable deps ti=<TaskInstance: motower_daily_prod.extracta scheduled__2024-02-02T06:00:00+00:00 [queued]>
[2024-08-06T17:00:26.652+0000] {taskinstance.py:2306} INFO - Starting attempt 1 of 1
[2024-08-06T17:00:26.684+0000] {taskinstance.py:2330} INFO - Executing <Task(PythonOperator): extracta> on 2024-02-02 06:00:00+00:00
[2024-08-06T17:00:26.699+0000] {warnings.py:112} WARNING - /home/***/.local/lib/python3.12/site-packages/***/task/task_runner/standard_task_runner.py:62: DeprecationWarning: This process (pid=1924) is multi-threaded, use of fork() may lead to deadlocks in the child.
  pid = os.fork()

[2024-08-06T17:00:26.702+0000] {standard_task_runner.py:64} INFO - Started process 1934 to run task
[2024-08-06T17:00:26.703+0000] {standard_task_runner.py:90} INFO - Running: ['***', 'tasks', 'run', 'motower_daily_prod', 'extracta', 'scheduled__2024-02-02T06:00:00+00:00', '--job-id', '331', '--raw', '--subdir', 'DAGS_FOLDER/gps/custom_dags/motower_daily.py', '--cfg-path', '/tmp/tmprc0g5bz1']
[2024-08-06T17:00:26.707+0000] {standard_task_runner.py:91} INFO - Job 331: Subtask extracta
[2024-08-06T17:00:26.826+0000] {task_command.py:426} INFO - Running <TaskInstance: motower_daily_prod.extracta scheduled__2024-02-02T06:00:00+00:00 [running]> on host 13681191f11c
[2024-08-06T17:00:27.035+0000] {taskinstance.py:2648} INFO - Exporting env vars: AIRFLOW_CTX_DAG_EMAIL='richmond.kongo@orange.com,assane.diop@orange.com,cyrille1.danho@orange.com,mohamed2.sylla@orange.com,amadou.diomande@orange.com,Jonas.kouame@orange.com,armand.kablan@orange.com,anicet.azombade@orange.com,etienne.kouadio@orange.com,bertine.kouakou@orange.com,florentine.kouakou@orange.com,ange.phaceli@orange.com,soulegame.soro@orange.com,innocent.yengo@orange.com' AIRFLOW_CTX_DAG_OWNER='***' AIRFLOW_CTX_DAG_ID='motower_daily_prod' AIRFLOW_CTX_TASK_ID='extracta' AIRFLOW_CTX_EXECUTION_DATE='2024-02-02T06:00:00+00:00' AIRFLOW_CTX_TRY_NUMBER='1' AIRFLOW_CTX_DAG_RUN_ID='scheduled__2024-02-02T06:00:00+00:00'
[2024-08-06T17:00:27.037+0000] {taskinstance.py:430} INFO - ::endgroup::
[2024-08-06T17:00:27.071+0000] {extract.py:126} INFO - Getting data of the table dtm_motower_gsm 
[2024-08-06T17:00:27.072+0000] {extract.py:127} INFO - where date is 2024-02-01
[2024-08-06T17:00:27.073+0000] {extract.py:102} INFO - get data to date 20240201
[2024-08-06T17:00:27.087+0000] {warnings.py:112} WARNING - /opt/***/dags/gps/common/extract.py:103: UserWarning: pandas only supports SQLAlchemy connectable (engine/connection) or database string URI or sqlite3 DBAPI2 connection. Other DBAPI2 objects are not tested. Please consider using SQLAlchemy.
  df_ = pd.read_sql_query(sql_query, conn, params=params)

[2024-08-06T17:00:27.226+0000] {rwminio.py:19} INFO - start to save data
[2024-08-06T17:00:27.347+0000] {rwminio.py:34} INFO - data in minio ok
[2024-08-06T17:00:27.348+0000] {python.py:237} INFO - Done. Returned value was: None
[2024-08-06T17:00:27.350+0000] {taskinstance.py:441} INFO - ::group::Post task execution logs
[2024-08-06T17:00:27.377+0000] {taskinstance.py:1206} INFO - Marking task as SUCCESS. dag_id=motower_daily_prod, task_id=extracta, run_id=scheduled__2024-02-02T06:00:00+00:00, execution_date=20240202T060000, start_date=20240806T170026, end_date=20240806T170027
[2024-08-06T17:00:27.453+0000] {local_task_job_runner.py:243} INFO - Task exited with return code 0
[2024-08-06T17:00:27.519+0000] {taskinstance.py:3503} INFO - 0 downstream tasks scheduled from follow-on schedule check
[2024-08-06T17:00:27.523+0000] {local_task_job_runner.py:222} INFO - ::endgroup::
[2024-08-06T17:30:43.646+0000] {local_task_job_runner.py:120} INFO - ::group::Pre task execution logs
[2024-08-06T17:30:43.868+0000] {taskinstance.py:2076} INFO - Dependencies all met for dep_context=non-requeueable deps ti=<TaskInstance: motower_daily_prod.extracta scheduled__2024-02-02T06:00:00+00:00 [queued]>
[2024-08-06T17:30:43.967+0000] {taskinstance.py:2076} INFO - Dependencies all met for dep_context=requeueable deps ti=<TaskInstance: motower_daily_prod.extracta scheduled__2024-02-02T06:00:00+00:00 [queued]>
[2024-08-06T17:30:43.968+0000] {taskinstance.py:2306} INFO - Starting attempt 1 of 1
[2024-08-06T17:30:44.520+0000] {taskinstance.py:2330} INFO - Executing <Task(PythonOperator): extracta> on 2024-02-02 06:00:00+00:00
[2024-08-06T17:30:44.561+0000] {warnings.py:112} WARNING - /home/***/.local/lib/python3.12/site-packages/***/task/task_runner/standard_task_runner.py:62: DeprecationWarning: This process (pid=6053) is multi-threaded, use of fork() may lead to deadlocks in the child.
  pid = os.fork()

[2024-08-06T17:30:44.567+0000] {standard_task_runner.py:64} INFO - Started process 6066 to run task
[2024-08-06T17:30:44.578+0000] {standard_task_runner.py:90} INFO - Running: ['***', 'tasks', 'run', 'motower_daily_prod', 'extracta', 'scheduled__2024-02-02T06:00:00+00:00', '--job-id', '1590', '--raw', '--subdir', 'DAGS_FOLDER/gps/custom_dags/motower_daily.py', '--cfg-path', '/tmp/tmpuqk9e2hd']
[2024-08-06T17:30:44.583+0000] {standard_task_runner.py:91} INFO - Job 1590: Subtask extracta
[2024-08-06T17:30:44.687+0000] {task_command.py:426} INFO - Running <TaskInstance: motower_daily_prod.extracta scheduled__2024-02-02T06:00:00+00:00 [running]> on host 13681191f11c
[2024-08-06T17:30:44.912+0000] {taskinstance.py:2648} INFO - Exporting env vars: AIRFLOW_CTX_DAG_EMAIL='richmond.kongo@orange.com,assane.diop@orange.com,cyrille1.danho@orange.com,mohamed2.sylla@orange.com,amadou.diomande@orange.com,Jonas.kouame@orange.com,armand.kablan@orange.com,anicet.azombade@orange.com,etienne.kouadio@orange.com,bertine.kouakou@orange.com,florentine.kouakou@orange.com,ange.phaceli@orange.com,soulegame.soro@orange.com,innocent.yengo@orange.com' AIRFLOW_CTX_DAG_OWNER='***' AIRFLOW_CTX_DAG_ID='motower_daily_prod' AIRFLOW_CTX_TASK_ID='extracta' AIRFLOW_CTX_EXECUTION_DATE='2024-02-02T06:00:00+00:00' AIRFLOW_CTX_TRY_NUMBER='1' AIRFLOW_CTX_DAG_RUN_ID='scheduled__2024-02-02T06:00:00+00:00'
[2024-08-06T17:30:44.914+0000] {taskinstance.py:430} INFO - ::endgroup::
[2024-08-06T17:30:44.958+0000] {extract.py:126} INFO - Getting data of the table dtm_motower_gsm 
[2024-08-06T17:30:44.958+0000] {extract.py:127} INFO - where date is 2024-02-01
[2024-08-06T17:30:44.959+0000] {extract.py:102} INFO - get data to date 20240201
[2024-08-06T17:30:44.970+0000] {warnings.py:112} WARNING - /opt/***/dags/gps/common/extract.py:103: UserWarning: pandas only supports SQLAlchemy connectable (engine/connection) or database string URI or sqlite3 DBAPI2 connection. Other DBAPI2 objects are not tested. Please consider using SQLAlchemy.
  df_ = pd.read_sql_query(sql_query, conn, params=params)

[2024-08-06T17:30:45.113+0000] {rwminio.py:19} INFO - start to save data
[2024-08-06T17:30:45.295+0000] {rwminio.py:34} INFO - data in minio ok
[2024-08-06T17:30:45.296+0000] {python.py:237} INFO - Done. Returned value was: None
[2024-08-06T17:30:45.297+0000] {taskinstance.py:441} INFO - ::group::Post task execution logs
[2024-08-06T17:30:45.319+0000] {taskinstance.py:1206} INFO - Marking task as SUCCESS. dag_id=motower_daily_prod, task_id=extracta, run_id=scheduled__2024-02-02T06:00:00+00:00, execution_date=20240202T060000, start_date=20240806T173043, end_date=20240806T173045
[2024-08-06T17:30:45.389+0000] {local_task_job_runner.py:243} INFO - Task exited with return code 0
[2024-08-06T17:30:45.410+0000] {local_task_job_runner.py:222} INFO - ::endgroup::
[2024-08-06T18:18:41.900+0000] {local_task_job_runner.py:120} INFO - ::group::Pre task execution logs
[2024-08-06T18:18:41.976+0000] {taskinstance.py:2076} INFO - Dependencies all met for dep_context=non-requeueable deps ti=<TaskInstance: motower_daily_prod.extracta scheduled__2024-02-02T06:00:00+00:00 [queued]>
[2024-08-06T18:18:42.004+0000] {taskinstance.py:2076} INFO - Dependencies all met for dep_context=requeueable deps ti=<TaskInstance: motower_daily_prod.extracta scheduled__2024-02-02T06:00:00+00:00 [queued]>
[2024-08-06T18:18:42.005+0000] {taskinstance.py:2306} INFO - Starting attempt 1 of 1
[2024-08-06T18:18:42.030+0000] {taskinstance.py:2330} INFO - Executing <Task(PythonOperator): extracta> on 2024-02-02 06:00:00+00:00
[2024-08-06T18:18:42.045+0000] {warnings.py:112} WARNING - /home/***/.local/lib/python3.12/site-packages/***/task/task_runner/standard_task_runner.py:62: DeprecationWarning: This process (pid=9945) is multi-threaded, use of fork() may lead to deadlocks in the child.
  pid = os.fork()

[2024-08-06T18:18:42.047+0000] {standard_task_runner.py:64} INFO - Started process 9950 to run task
[2024-08-06T18:18:42.048+0000] {standard_task_runner.py:90} INFO - Running: ['***', 'tasks', 'run', 'motower_daily_prod', 'extracta', 'scheduled__2024-02-02T06:00:00+00:00', '--job-id', '2693', '--raw', '--subdir', 'DAGS_FOLDER/gps/custom_dags/motower_daily.py', '--cfg-path', '/tmp/tmpthk6dnex']
[2024-08-06T18:18:42.051+0000] {standard_task_runner.py:91} INFO - Job 2693: Subtask extracta
[2024-08-06T18:18:42.129+0000] {task_command.py:426} INFO - Running <TaskInstance: motower_daily_prod.extracta scheduled__2024-02-02T06:00:00+00:00 [running]> on host 13681191f11c
[2024-08-06T18:18:42.296+0000] {taskinstance.py:2648} INFO - Exporting env vars: AIRFLOW_CTX_DAG_EMAIL='richmond.kongo@orange.com,assane.diop@orange.com,cyrille1.danho@orange.com,mohamed2.sylla@orange.com,amadou.diomande@orange.com,Jonas.kouame@orange.com,armand.kablan@orange.com,anicet.azombade@orange.com,etienne.kouadio@orange.com,bertine.kouakou@orange.com,florentine.kouakou@orange.com,ange.phaceli@orange.com,soulegame.soro@orange.com,innocent.yengo@orange.com' AIRFLOW_CTX_DAG_OWNER='***' AIRFLOW_CTX_DAG_ID='motower_daily_prod' AIRFLOW_CTX_TASK_ID='extracta' AIRFLOW_CTX_EXECUTION_DATE='2024-02-02T06:00:00+00:00' AIRFLOW_CTX_TRY_NUMBER='1' AIRFLOW_CTX_DAG_RUN_ID='scheduled__2024-02-02T06:00:00+00:00'
[2024-08-06T18:18:42.297+0000] {taskinstance.py:430} INFO - ::endgroup::
[2024-08-06T18:18:42.325+0000] {extract.py:126} INFO - Getting data of the table dtm_motower_gsm 
[2024-08-06T18:18:42.326+0000] {extract.py:127} INFO - where date is 2024-02-01
[2024-08-06T18:18:42.327+0000] {extract.py:102} INFO - get data to date 20240201
[2024-08-06T18:18:42.335+0000] {warnings.py:112} WARNING - /opt/***/dags/gps/common/extract.py:103: UserWarning: pandas only supports SQLAlchemy connectable (engine/connection) or database string URI or sqlite3 DBAPI2 connection. Other DBAPI2 objects are not tested. Please consider using SQLAlchemy.
  df_ = pd.read_sql_query(sql_query, conn, params=params)

[2024-08-06T18:18:42.476+0000] {rwminio.py:19} INFO - start to save data
[2024-08-06T18:18:42.596+0000] {rwminio.py:34} INFO - data in minio ok
[2024-08-06T18:18:42.597+0000] {python.py:237} INFO - Done. Returned value was: None
[2024-08-06T18:18:42.598+0000] {taskinstance.py:441} INFO - ::group::Post task execution logs
[2024-08-06T18:18:42.616+0000] {taskinstance.py:1206} INFO - Marking task as SUCCESS. dag_id=motower_daily_prod, task_id=extracta, run_id=scheduled__2024-02-02T06:00:00+00:00, execution_date=20240202T060000, start_date=20240806T181841, end_date=20240806T181842
[2024-08-06T18:18:42.663+0000] {local_task_job_runner.py:243} INFO - Task exited with return code 0
[2024-08-06T18:18:42.712+0000] {taskinstance.py:3503} INFO - 0 downstream tasks scheduled from follow-on schedule check
[2024-08-06T18:18:42.715+0000] {local_task_job_runner.py:222} INFO - ::endgroup::
