[2024-08-06T17:10:04.855+0000] {local_task_job_runner.py:120} INFO - ::group::Pre task execution logs
[2024-08-06T17:10:04.948+0000] {taskinstance.py:2076} INFO - Dependencies all met for dep_context=non-requeueable deps ti=<TaskInstance: motower_daily_prod.clean_trafic_task scheduled__2024-04-10T06:00:00+00:00 [queued]>
[2024-08-06T17:10:04.973+0000] {taskinstance.py:2076} INFO - Dependencies all met for dep_context=requeueable deps ti=<TaskInstance: motower_daily_prod.clean_trafic_task scheduled__2024-04-10T06:00:00+00:00 [queued]>
[2024-08-06T17:10:04.974+0000] {taskinstance.py:2306} INFO - Starting attempt 1 of 1
[2024-08-06T17:10:05.082+0000] {taskinstance.py:2330} INFO - Executing <Task(PythonOperator): clean_trafic_task> on 2024-04-10 06:00:00+00:00
[2024-08-06T17:10:05.101+0000] {warnings.py:112} WARNING - /home/***/.local/lib/python3.12/site-packages/***/task/task_runner/standard_task_runner.py:62: DeprecationWarning: This process (pid=3901) is multi-threaded, use of fork() may lead to deadlocks in the child.
  pid = os.fork()

[2024-08-06T17:10:05.102+0000] {standard_task_runner.py:64} INFO - Started process 3914 to run task
[2024-08-06T17:10:05.108+0000] {standard_task_runner.py:90} INFO - Running: ['***', 'tasks', 'run', 'motower_daily_prod', 'clean_trafic_task', 'scheduled__2024-04-10T06:00:00+00:00', '--job-id', '956', '--raw', '--subdir', 'DAGS_FOLDER/gps/custom_dags/motower_daily.py', '--cfg-path', '/tmp/tmplxqp9vi8']
[2024-08-06T17:10:05.113+0000] {standard_task_runner.py:91} INFO - Job 956: Subtask clean_trafic_task
[2024-08-06T17:10:05.280+0000] {task_command.py:426} INFO - Running <TaskInstance: motower_daily_prod.clean_trafic_task scheduled__2024-04-10T06:00:00+00:00 [running]> on host 13681191f11c
[2024-08-06T17:10:05.647+0000] {taskinstance.py:2648} INFO - Exporting env vars: AIRFLOW_CTX_DAG_EMAIL='richmond.kongo@orange.com,assane.diop@orange.com,cyrille1.danho@orange.com,mohamed2.sylla@orange.com,amadou.diomande@orange.com,Jonas.kouame@orange.com,armand.kablan@orange.com,anicet.azombade@orange.com,etienne.kouadio@orange.com,bertine.kouakou@orange.com,florentine.kouakou@orange.com,ange.phaceli@orange.com,soulegame.soro@orange.com,innocent.yengo@orange.com' AIRFLOW_CTX_DAG_OWNER='***' AIRFLOW_CTX_DAG_ID='motower_daily_prod' AIRFLOW_CTX_TASK_ID='clean_trafic_task' AIRFLOW_CTX_EXECUTION_DATE='2024-04-10T06:00:00+00:00' AIRFLOW_CTX_TRY_NUMBER='1' AIRFLOW_CTX_DAG_RUN_ID='scheduled__2024-04-10T06:00:00+00:00'
[2024-08-06T17:10:05.649+0000] {taskinstance.py:430} INFO - ::endgroup::
[2024-08-06T17:10:05.886+0000] {data_validation.py:11} INFO - START VALIDATION OF COLUMN trafic_data_go
[2024-08-06T17:10:05.889+0000] {data_validation.py:20} INFO - DATA OF COLUMN trafic_data_go ARE VALID
[2024-08-06T17:10:05.890+0000] {data_validation.py:11} INFO - START VALIDATION OF COLUMN trafic_voix_erl
[2024-08-06T17:10:05.892+0000] {data_validation.py:20} INFO - DATA OF COLUMN trafic_voix_erl ARE VALID
[2024-08-06T17:10:05.892+0000] {motower_daily.py:267} INFO - prepare final data
[2024-08-06T17:10:05.982+0000] {logging_mixin.py:188} INFO - ================================
[2024-08-06T17:10:05.982+0000] {logging_mixin.py:188} INFO - object
[2024-08-06T17:10:06.642+0000] {python.py:237} INFO - Done. Returned value was: None
[2024-08-06T17:10:06.644+0000] {taskinstance.py:441} INFO - ::group::Post task execution logs
[2024-08-06T17:10:06.661+0000] {taskinstance.py:1206} INFO - Marking task as SUCCESS. dag_id=motower_daily_prod, task_id=clean_trafic_task, run_id=scheduled__2024-04-10T06:00:00+00:00, execution_date=20240410T060000, start_date=20240806T171004, end_date=20240806T171006
[2024-08-06T17:10:06.731+0000] {local_task_job_runner.py:243} INFO - Task exited with return code 0
[2024-08-06T17:10:06.746+0000] {local_task_job_runner.py:222} INFO - ::endgroup::
[2024-08-06T17:40:23.475+0000] {local_task_job_runner.py:120} INFO - ::group::Pre task execution logs
[2024-08-06T17:40:23.536+0000] {taskinstance.py:2076} INFO - Dependencies all met for dep_context=non-requeueable deps ti=<TaskInstance: motower_daily_prod.clean_trafic_task scheduled__2024-04-10T06:00:00+00:00 [queued]>
[2024-08-06T17:40:23.557+0000] {taskinstance.py:2076} INFO - Dependencies all met for dep_context=requeueable deps ti=<TaskInstance: motower_daily_prod.clean_trafic_task scheduled__2024-04-10T06:00:00+00:00 [queued]>
[2024-08-06T17:40:23.557+0000] {taskinstance.py:2306} INFO - Starting attempt 1 of 1
[2024-08-06T17:40:23.584+0000] {taskinstance.py:2330} INFO - Executing <Task(PythonOperator): clean_trafic_task> on 2024-04-10 06:00:00+00:00
[2024-08-06T17:40:23.599+0000] {warnings.py:112} WARNING - /home/***/.local/lib/python3.12/site-packages/***/task/task_runner/standard_task_runner.py:62: DeprecationWarning: This process (pid=8018) is multi-threaded, use of fork() may lead to deadlocks in the child.
  pid = os.fork()

[2024-08-06T17:40:23.601+0000] {standard_task_runner.py:64} INFO - Started process 8029 to run task
[2024-08-06T17:40:23.601+0000] {standard_task_runner.py:90} INFO - Running: ['***', 'tasks', 'run', 'motower_daily_prod', 'clean_trafic_task', 'scheduled__2024-04-10T06:00:00+00:00', '--job-id', '2211', '--raw', '--subdir', 'DAGS_FOLDER/gps/custom_dags/motower_daily.py', '--cfg-path', '/tmp/tmp_3agj_ng']
[2024-08-06T17:40:23.606+0000] {standard_task_runner.py:91} INFO - Job 2211: Subtask clean_trafic_task
[2024-08-06T17:40:23.674+0000] {task_command.py:426} INFO - Running <TaskInstance: motower_daily_prod.clean_trafic_task scheduled__2024-04-10T06:00:00+00:00 [running]> on host 13681191f11c
[2024-08-06T17:40:23.848+0000] {taskinstance.py:2648} INFO - Exporting env vars: AIRFLOW_CTX_DAG_EMAIL='richmond.kongo@orange.com,assane.diop@orange.com,cyrille1.danho@orange.com,mohamed2.sylla@orange.com,amadou.diomande@orange.com,Jonas.kouame@orange.com,armand.kablan@orange.com,anicet.azombade@orange.com,etienne.kouadio@orange.com,bertine.kouakou@orange.com,florentine.kouakou@orange.com,ange.phaceli@orange.com,soulegame.soro@orange.com,innocent.yengo@orange.com' AIRFLOW_CTX_DAG_OWNER='***' AIRFLOW_CTX_DAG_ID='motower_daily_prod' AIRFLOW_CTX_TASK_ID='clean_trafic_task' AIRFLOW_CTX_EXECUTION_DATE='2024-04-10T06:00:00+00:00' AIRFLOW_CTX_TRY_NUMBER='1' AIRFLOW_CTX_DAG_RUN_ID='scheduled__2024-04-10T06:00:00+00:00'
[2024-08-06T17:40:23.850+0000] {taskinstance.py:430} INFO - ::endgroup::
[2024-08-06T17:40:24.017+0000] {data_validation.py:11} INFO - START VALIDATION OF COLUMN trafic_data_go
[2024-08-06T17:40:24.020+0000] {data_validation.py:20} INFO - DATA OF COLUMN trafic_data_go ARE VALID
[2024-08-06T17:40:24.020+0000] {data_validation.py:11} INFO - START VALIDATION OF COLUMN trafic_voix_erl
[2024-08-06T17:40:24.023+0000] {data_validation.py:20} INFO - DATA OF COLUMN trafic_voix_erl ARE VALID
[2024-08-06T17:40:24.024+0000] {motower_daily.py:267} INFO - prepare final data
[2024-08-06T17:40:24.077+0000] {logging_mixin.py:188} INFO - ================================
[2024-08-06T17:40:24.077+0000] {logging_mixin.py:188} INFO - object
[2024-08-06T17:40:24.663+0000] {python.py:237} INFO - Done. Returned value was: None
[2024-08-06T17:40:24.664+0000] {taskinstance.py:441} INFO - ::group::Post task execution logs
[2024-08-06T17:40:24.680+0000] {taskinstance.py:1206} INFO - Marking task as SUCCESS. dag_id=motower_daily_prod, task_id=clean_trafic_task, run_id=scheduled__2024-04-10T06:00:00+00:00, execution_date=20240410T060000, start_date=20240806T174023, end_date=20240806T174024
[2024-08-06T17:40:24.750+0000] {local_task_job_runner.py:243} INFO - Task exited with return code 0
[2024-08-06T17:40:24.779+0000] {taskinstance.py:3503} INFO - 0 downstream tasks scheduled from follow-on schedule check
[2024-08-06T17:40:24.781+0000] {local_task_job_runner.py:222} INFO - ::endgroup::
