[2024-07-25T09:26:21.982+0000] {local_task_job_runner.py:120} INFO - ::group::Pre task execution logs
[2024-07-25T09:26:22.007+0000] {taskinstance.py:2076} INFO - Dependencies all met for dep_context=non-requeueable deps ti=<TaskInstance: enrich_prod.cleaning.extract_trafic_deux manual__2024-07-25T09:26:20.413776+00:00 [queued]>
[2024-07-25T09:26:22.015+0000] {taskinstance.py:2076} INFO - Dependencies all met for dep_context=requeueable deps ti=<TaskInstance: enrich_prod.cleaning.extract_trafic_deux manual__2024-07-25T09:26:20.413776+00:00 [queued]>
[2024-07-25T09:26:22.015+0000] {taskinstance.py:2306} INFO - Starting attempt 1 of 1
[2024-07-25T09:26:22.032+0000] {taskinstance.py:2330} INFO - Executing <Task(PythonOperator): cleaning.extract_trafic_deux> on 2024-07-25 09:26:20.413776+00:00
[2024-07-25T09:26:22.044+0000] {warnings.py:112} WARNING - /home/***/.local/lib/python3.12/site-packages/***/task/task_runner/standard_task_runner.py:62: DeprecationWarning: This process (pid=3599) is multi-threaded, use of fork() may lead to deadlocks in the child.
  pid = os.fork()

[2024-07-25T09:26:22.046+0000] {standard_task_runner.py:64} INFO - Started process 3612 to run task
[2024-07-25T09:26:22.046+0000] {standard_task_runner.py:90} INFO - Running: ['***', 'tasks', 'run', 'enrich_prod', 'cleaning.extract_trafic_deux', 'manual__2024-07-25T09:26:20.413776+00:00', '--job-id', '1007', '--raw', '--subdir', 'DAGS_FOLDER/gps/custom_dags/enrich.py', '--cfg-path', '/tmp/tmpk4irnjm5']
[2024-07-25T09:26:22.048+0000] {standard_task_runner.py:91} INFO - Job 1007: Subtask cleaning.extract_trafic_deux
[2024-07-25T09:26:22.098+0000] {task_command.py:426} INFO - Running <TaskInstance: enrich_prod.cleaning.extract_trafic_deux manual__2024-07-25T09:26:20.413776+00:00 [running]> on host b3845fb494d4
[2024-07-25T09:26:22.189+0000] {taskinstance.py:2648} INFO - Exporting env vars: AIRFLOW_CTX_DAG_EMAIL='richmond.kongo@orange.com,assane.diop@orange.com,cyrille1.danho@orange.com,mohamed2.sylla@orange.com,amadou.diomande@orange.com,Jonas.kouame@orange.com,armand.kablan@orange.com,anicet.azombade@orange.com,etienne.kouadio@orange.com,bertine.kouakou@orange.com,florentine.kouakou@orange.com,ange.phaceli@orange.com,soulegame.soro@orange.com,innocent.yengo@orange.com' AIRFLOW_CTX_DAG_OWNER='***' AIRFLOW_CTX_DAG_ID='enrich_prod' AIRFLOW_CTX_TASK_ID='cleaning.extract_trafic_deux' AIRFLOW_CTX_EXECUTION_DATE='2024-07-25T09:26:20.413776+00:00' AIRFLOW_CTX_TRY_NUMBER='1' AIRFLOW_CTX_DAG_RUN_ID='manual__2024-07-25T09:26:20.413776+00:00'
[2024-07-25T09:26:22.190+0000] {taskinstance.py:430} INFO - ::endgroup::
[2024-07-25T09:26:22.205+0000] {extract.py:126} INFO - Getting data of the table ks_tdb_radio_drsi 
[2024-07-25T09:26:22.206+0000] {extract.py:127} INFO - where date is 2024-06-02
[2024-07-25T09:26:22.206+0000] {extract.py:102} INFO - get data to date 2024-06-01
[2024-07-25T09:26:22.212+0000] {warnings.py:112} WARNING - /opt/***/dags/gps/common/extract.py:103: UserWarning: pandas only supports SQLAlchemy connectable (engine/connection) or database string URI or sqlite3 DBAPI2 connection. Other DBAPI2 objects are not tested. Please consider using SQLAlchemy.
  df_ = pd.read_sql_query(sql_query, conn, params=params)

[2024-07-25T09:26:22.272+0000] {rwminio.py:19} INFO - start to save data
[2024-07-25T09:26:22.344+0000] {rwminio.py:34} INFO - data in minio ok
[2024-07-25T09:26:22.348+0000] {python.py:237} INFO - Done. Returned value was: None
[2024-07-25T09:26:22.348+0000] {taskinstance.py:441} INFO - ::group::Post task execution logs
[2024-07-25T09:26:22.358+0000] {taskinstance.py:1206} INFO - Marking task as SUCCESS. dag_id=enrich_prod, task_id=cleaning.extract_trafic_deux, run_id=manual__2024-07-25T09:26:20.413776+00:00, execution_date=20240725T092620, start_date=20240725T092622, end_date=20240725T092622
[2024-07-25T09:26:22.380+0000] {local_task_job_runner.py:243} INFO - Task exited with return code 0
[2024-07-25T09:26:22.391+0000] {local_task_job_runner.py:222} INFO - ::endgroup::
