[2024-08-06T17:02:03.451+0000] {local_task_job_runner.py:120} INFO - ::group::Pre task execution logs
[2024-08-06T17:02:03.896+0000] {taskinstance.py:2076} INFO - Dependencies all met for dep_context=non-requeueable deps ti=<TaskInstance: motower_daily_prod.extracta scheduled__2024-02-14T06:00:00+00:00 [queued]>
[2024-08-06T17:02:03.944+0000] {taskinstance.py:2076} INFO - Dependencies all met for dep_context=requeueable deps ti=<TaskInstance: motower_daily_prod.extracta scheduled__2024-02-14T06:00:00+00:00 [queued]>
[2024-08-06T17:02:03.945+0000] {taskinstance.py:2306} INFO - Starting attempt 1 of 1
[2024-08-06T17:02:04.014+0000] {taskinstance.py:2330} INFO - Executing <Task(PythonOperator): extracta> on 2024-02-14 06:00:00+00:00
[2024-08-06T17:02:04.039+0000] {warnings.py:112} WARNING - /home/***/.local/lib/python3.12/site-packages/***/task/task_runner/standard_task_runner.py:62: DeprecationWarning: This process (pid=2267) is multi-threaded, use of fork() may lead to deadlocks in the child.
  pid = os.fork()

[2024-08-06T17:02:04.042+0000] {standard_task_runner.py:64} INFO - Started process 2280 to run task
[2024-08-06T17:02:04.055+0000] {standard_task_runner.py:90} INFO - Running: ['***', 'tasks', 'run', 'motower_daily_prod', 'extracta', 'scheduled__2024-02-14T06:00:00+00:00', '--job-id', '441', '--raw', '--subdir', 'DAGS_FOLDER/gps/custom_dags/motower_daily.py', '--cfg-path', '/tmp/tmp3yv1clz2']
[2024-08-06T17:02:04.058+0000] {standard_task_runner.py:91} INFO - Job 441: Subtask extracta
[2024-08-06T17:02:04.193+0000] {task_command.py:426} INFO - Running <TaskInstance: motower_daily_prod.extracta scheduled__2024-02-14T06:00:00+00:00 [running]> on host 13681191f11c
[2024-08-06T17:02:04.507+0000] {taskinstance.py:2648} INFO - Exporting env vars: AIRFLOW_CTX_DAG_EMAIL='richmond.kongo@orange.com,assane.diop@orange.com,cyrille1.danho@orange.com,mohamed2.sylla@orange.com,amadou.diomande@orange.com,Jonas.kouame@orange.com,armand.kablan@orange.com,anicet.azombade@orange.com,etienne.kouadio@orange.com,bertine.kouakou@orange.com,florentine.kouakou@orange.com,ange.phaceli@orange.com,soulegame.soro@orange.com,innocent.yengo@orange.com' AIRFLOW_CTX_DAG_OWNER='***' AIRFLOW_CTX_DAG_ID='motower_daily_prod' AIRFLOW_CTX_TASK_ID='extracta' AIRFLOW_CTX_EXECUTION_DATE='2024-02-14T06:00:00+00:00' AIRFLOW_CTX_TRY_NUMBER='1' AIRFLOW_CTX_DAG_RUN_ID='scheduled__2024-02-14T06:00:00+00:00'
[2024-08-06T17:02:04.509+0000] {taskinstance.py:430} INFO - ::endgroup::
[2024-08-06T17:02:04.610+0000] {extract.py:126} INFO - Getting data of the table dtm_motower_gsm 
[2024-08-06T17:02:04.611+0000] {extract.py:127} INFO - where date is 2024-02-13
[2024-08-06T17:02:04.611+0000] {extract.py:102} INFO - get data to date 20240213
[2024-08-06T17:02:04.642+0000] {warnings.py:112} WARNING - /opt/***/dags/gps/common/extract.py:103: UserWarning: pandas only supports SQLAlchemy connectable (engine/connection) or database string URI or sqlite3 DBAPI2 connection. Other DBAPI2 objects are not tested. Please consider using SQLAlchemy.
  df_ = pd.read_sql_query(sql_query, conn, params=params)

[2024-08-06T17:02:05.084+0000] {rwminio.py:19} INFO - start to save data
[2024-08-06T17:02:05.236+0000] {rwminio.py:34} INFO - data in minio ok
[2024-08-06T17:02:05.237+0000] {python.py:237} INFO - Done. Returned value was: None
[2024-08-06T17:02:05.237+0000] {taskinstance.py:441} INFO - ::group::Post task execution logs
[2024-08-06T17:02:05.276+0000] {taskinstance.py:1206} INFO - Marking task as SUCCESS. dag_id=motower_daily_prod, task_id=extracta, run_id=scheduled__2024-02-14T06:00:00+00:00, execution_date=20240214T060000, start_date=20240806T170203, end_date=20240806T170205
[2024-08-06T17:02:05.368+0000] {local_task_job_runner.py:243} INFO - Task exited with return code 0
[2024-08-06T17:02:05.496+0000] {taskinstance.py:3503} INFO - 0 downstream tasks scheduled from follow-on schedule check
[2024-08-06T17:02:05.505+0000] {local_task_job_runner.py:222} INFO - ::endgroup::
[2024-08-06T17:32:20.150+0000] {local_task_job_runner.py:120} INFO - ::group::Pre task execution logs
[2024-08-06T17:32:20.259+0000] {taskinstance.py:2076} INFO - Dependencies all met for dep_context=non-requeueable deps ti=<TaskInstance: motower_daily_prod.extracta scheduled__2024-02-14T06:00:00+00:00 [queued]>
[2024-08-06T17:32:20.291+0000] {taskinstance.py:2076} INFO - Dependencies all met for dep_context=requeueable deps ti=<TaskInstance: motower_daily_prod.extracta scheduled__2024-02-14T06:00:00+00:00 [queued]>
[2024-08-06T17:32:20.292+0000] {taskinstance.py:2306} INFO - Starting attempt 1 of 1
[2024-08-06T17:32:20.360+0000] {taskinstance.py:2330} INFO - Executing <Task(PythonOperator): extracta> on 2024-02-14 06:00:00+00:00
[2024-08-06T17:32:20.391+0000] {warnings.py:112} WARNING - /home/***/.local/lib/python3.12/site-packages/***/task/task_runner/standard_task_runner.py:62: DeprecationWarning: This process (pid=6392) is multi-threaded, use of fork() may lead to deadlocks in the child.
  pid = os.fork()

[2024-08-06T17:32:20.395+0000] {standard_task_runner.py:64} INFO - Started process 6411 to run task
[2024-08-06T17:32:20.400+0000] {standard_task_runner.py:90} INFO - Running: ['***', 'tasks', 'run', 'motower_daily_prod', 'extracta', 'scheduled__2024-02-14T06:00:00+00:00', '--job-id', '1699', '--raw', '--subdir', 'DAGS_FOLDER/gps/custom_dags/motower_daily.py', '--cfg-path', '/tmp/tmp5ey96qwe']
[2024-08-06T17:32:20.410+0000] {standard_task_runner.py:91} INFO - Job 1699: Subtask extracta
[2024-08-06T17:32:20.552+0000] {task_command.py:426} INFO - Running <TaskInstance: motower_daily_prod.extracta scheduled__2024-02-14T06:00:00+00:00 [running]> on host 13681191f11c
[2024-08-06T17:32:20.939+0000] {taskinstance.py:2648} INFO - Exporting env vars: AIRFLOW_CTX_DAG_EMAIL='richmond.kongo@orange.com,assane.diop@orange.com,cyrille1.danho@orange.com,mohamed2.sylla@orange.com,amadou.diomande@orange.com,Jonas.kouame@orange.com,armand.kablan@orange.com,anicet.azombade@orange.com,etienne.kouadio@orange.com,bertine.kouakou@orange.com,florentine.kouakou@orange.com,ange.phaceli@orange.com,soulegame.soro@orange.com,innocent.yengo@orange.com' AIRFLOW_CTX_DAG_OWNER='***' AIRFLOW_CTX_DAG_ID='motower_daily_prod' AIRFLOW_CTX_TASK_ID='extracta' AIRFLOW_CTX_EXECUTION_DATE='2024-02-14T06:00:00+00:00' AIRFLOW_CTX_TRY_NUMBER='1' AIRFLOW_CTX_DAG_RUN_ID='scheduled__2024-02-14T06:00:00+00:00'
[2024-08-06T17:32:20.941+0000] {taskinstance.py:430} INFO - ::endgroup::
[2024-08-06T17:32:21.005+0000] {extract.py:126} INFO - Getting data of the table dtm_motower_gsm 
[2024-08-06T17:32:21.006+0000] {extract.py:127} INFO - where date is 2024-02-13
[2024-08-06T17:32:21.007+0000] {extract.py:102} INFO - get data to date 20240213
[2024-08-06T17:32:21.018+0000] {warnings.py:112} WARNING - /opt/***/dags/gps/common/extract.py:103: UserWarning: pandas only supports SQLAlchemy connectable (engine/connection) or database string URI or sqlite3 DBAPI2 connection. Other DBAPI2 objects are not tested. Please consider using SQLAlchemy.
  df_ = pd.read_sql_query(sql_query, conn, params=params)

[2024-08-06T17:32:21.227+0000] {rwminio.py:19} INFO - start to save data
[2024-08-06T17:32:21.369+0000] {rwminio.py:34} INFO - data in minio ok
[2024-08-06T17:32:21.371+0000] {python.py:237} INFO - Done. Returned value was: None
[2024-08-06T17:32:21.373+0000] {taskinstance.py:441} INFO - ::group::Post task execution logs
[2024-08-06T17:32:21.436+0000] {taskinstance.py:1206} INFO - Marking task as SUCCESS. dag_id=motower_daily_prod, task_id=extracta, run_id=scheduled__2024-02-14T06:00:00+00:00, execution_date=20240214T060000, start_date=20240806T173220, end_date=20240806T173221
[2024-08-06T17:32:21.537+0000] {local_task_job_runner.py:243} INFO - Task exited with return code 0
[2024-08-06T17:32:21.590+0000] {taskinstance.py:3503} INFO - 0 downstream tasks scheduled from follow-on schedule check
[2024-08-06T17:32:21.596+0000] {local_task_job_runner.py:222} INFO - ::endgroup::
[2024-08-06T18:20:10.858+0000] {local_task_job_runner.py:120} INFO - ::group::Pre task execution logs
[2024-08-06T18:20:10.942+0000] {taskinstance.py:2076} INFO - Dependencies all met for dep_context=non-requeueable deps ti=<TaskInstance: motower_daily_prod.extracta scheduled__2024-02-14T06:00:00+00:00 [queued]>
[2024-08-06T18:20:10.984+0000] {taskinstance.py:2076} INFO - Dependencies all met for dep_context=requeueable deps ti=<TaskInstance: motower_daily_prod.extracta scheduled__2024-02-14T06:00:00+00:00 [queued]>
[2024-08-06T18:20:10.985+0000] {taskinstance.py:2306} INFO - Starting attempt 1 of 1
[2024-08-06T18:20:11.025+0000] {taskinstance.py:2330} INFO - Executing <Task(PythonOperator): extracta> on 2024-02-14 06:00:00+00:00
[2024-08-06T18:20:11.039+0000] {warnings.py:112} WARNING - /home/***/.local/lib/python3.12/site-packages/***/task/task_runner/standard_task_runner.py:62: DeprecationWarning: This process (pid=10265) is multi-threaded, use of fork() may lead to deadlocks in the child.
  pid = os.fork()

[2024-08-06T18:20:11.041+0000] {standard_task_runner.py:64} INFO - Started process 10285 to run task
[2024-08-06T18:20:11.046+0000] {standard_task_runner.py:90} INFO - Running: ['***', 'tasks', 'run', 'motower_daily_prod', 'extracta', 'scheduled__2024-02-14T06:00:00+00:00', '--job-id', '2797', '--raw', '--subdir', 'DAGS_FOLDER/gps/custom_dags/motower_daily.py', '--cfg-path', '/tmp/tmpd1fza0kv']
[2024-08-06T18:20:11.050+0000] {standard_task_runner.py:91} INFO - Job 2797: Subtask extracta
[2024-08-06T18:20:11.176+0000] {task_command.py:426} INFO - Running <TaskInstance: motower_daily_prod.extracta scheduled__2024-02-14T06:00:00+00:00 [running]> on host 13681191f11c
[2024-08-06T18:20:11.456+0000] {taskinstance.py:2648} INFO - Exporting env vars: AIRFLOW_CTX_DAG_EMAIL='richmond.kongo@orange.com,assane.diop@orange.com,cyrille1.danho@orange.com,mohamed2.sylla@orange.com,amadou.diomande@orange.com,Jonas.kouame@orange.com,armand.kablan@orange.com,anicet.azombade@orange.com,etienne.kouadio@orange.com,bertine.kouakou@orange.com,florentine.kouakou@orange.com,ange.phaceli@orange.com,soulegame.soro@orange.com,innocent.yengo@orange.com' AIRFLOW_CTX_DAG_OWNER='***' AIRFLOW_CTX_DAG_ID='motower_daily_prod' AIRFLOW_CTX_TASK_ID='extracta' AIRFLOW_CTX_EXECUTION_DATE='2024-02-14T06:00:00+00:00' AIRFLOW_CTX_TRY_NUMBER='1' AIRFLOW_CTX_DAG_RUN_ID='scheduled__2024-02-14T06:00:00+00:00'
[2024-08-06T18:20:11.458+0000] {taskinstance.py:430} INFO - ::endgroup::
[2024-08-06T18:20:11.555+0000] {extract.py:126} INFO - Getting data of the table dtm_motower_gsm 
[2024-08-06T18:20:11.556+0000] {extract.py:127} INFO - where date is 2024-02-13
[2024-08-06T18:20:11.557+0000] {extract.py:102} INFO - get data to date 20240213
[2024-08-06T18:20:11.570+0000] {warnings.py:112} WARNING - /opt/***/dags/gps/common/extract.py:103: UserWarning: pandas only supports SQLAlchemy connectable (engine/connection) or database string URI or sqlite3 DBAPI2 connection. Other DBAPI2 objects are not tested. Please consider using SQLAlchemy.
  df_ = pd.read_sql_query(sql_query, conn, params=params)

[2024-08-06T18:20:11.886+0000] {rwminio.py:19} INFO - start to save data
[2024-08-06T18:20:12.068+0000] {rwminio.py:34} INFO - data in minio ok
[2024-08-06T18:20:12.069+0000] {python.py:237} INFO - Done. Returned value was: None
[2024-08-06T18:20:12.070+0000] {taskinstance.py:441} INFO - ::group::Post task execution logs
[2024-08-06T18:20:12.089+0000] {taskinstance.py:1206} INFO - Marking task as SUCCESS. dag_id=motower_daily_prod, task_id=extracta, run_id=scheduled__2024-02-14T06:00:00+00:00, execution_date=20240214T060000, start_date=20240806T182010, end_date=20240806T182012
[2024-08-06T18:20:12.161+0000] {local_task_job_runner.py:243} INFO - Task exited with return code 0
[2024-08-06T18:20:12.229+0000] {taskinstance.py:3503} INFO - 0 downstream tasks scheduled from follow-on schedule check
[2024-08-06T18:20:12.234+0000] {local_task_job_runner.py:222} INFO - ::endgroup::
