[2024-08-06T16:59:14.351+0000] {local_task_job_runner.py:120} INFO - ::group::Pre task execution logs
[2024-08-06T16:59:14.819+0000] {taskinstance.py:2076} INFO - Dependencies all met for dep_context=non-requeueable deps ti=<TaskInstance: motower_daily_prod.checkataa scheduled__2024-01-28T06:00:00+00:00 [queued]>
[2024-08-06T16:59:14.844+0000] {taskinstance.py:2076} INFO - Dependencies all met for dep_context=requeueable deps ti=<TaskInstance: motower_daily_prod.checkataa scheduled__2024-01-28T06:00:00+00:00 [queued]>
[2024-08-06T16:59:14.845+0000] {taskinstance.py:2306} INFO - Starting attempt 1 of 1
[2024-08-06T16:59:14.885+0000] {taskinstance.py:2330} INFO - Executing <Task(PythonSensor): checkataa> on 2024-01-28 06:00:00+00:00
[2024-08-06T16:59:14.901+0000] {warnings.py:112} WARNING - /home/***/.local/lib/python3.12/site-packages/***/task/task_runner/standard_task_runner.py:62: DeprecationWarning: This process (pid=1724) is multi-threaded, use of fork() may lead to deadlocks in the child.
  pid = os.fork()

[2024-08-06T16:59:14.904+0000] {standard_task_runner.py:64} INFO - Started process 1738 to run task
[2024-08-06T16:59:14.908+0000] {standard_task_runner.py:90} INFO - Running: ['***', 'tasks', 'run', 'motower_daily_prod', 'checkataa', 'scheduled__2024-01-28T06:00:00+00:00', '--job-id', '269', '--raw', '--subdir', 'DAGS_FOLDER/gps/custom_dags/motower_daily.py', '--cfg-path', '/tmp/tmpphr52qzl']
[2024-08-06T16:59:14.913+0000] {standard_task_runner.py:91} INFO - Job 269: Subtask checkataa
[2024-08-06T16:59:15.021+0000] {task_command.py:426} INFO - Running <TaskInstance: motower_daily_prod.checkataa scheduled__2024-01-28T06:00:00+00:00 [running]> on host 13681191f11c
[2024-08-06T16:59:15.334+0000] {taskinstance.py:2648} INFO - Exporting env vars: AIRFLOW_CTX_DAG_EMAIL='richmond.kongo@orange.com,assane.diop@orange.com,cyrille1.danho@orange.com,mohamed2.sylla@orange.com,amadou.diomande@orange.com,Jonas.kouame@orange.com,armand.kablan@orange.com,anicet.azombade@orange.com,etienne.kouadio@orange.com,bertine.kouakou@orange.com,florentine.kouakou@orange.com,ange.phaceli@orange.com,soulegame.soro@orange.com,innocent.yengo@orange.com' AIRFLOW_CTX_DAG_OWNER='***' AIRFLOW_CTX_DAG_ID='motower_daily_prod' AIRFLOW_CTX_TASK_ID='checkataa' AIRFLOW_CTX_EXECUTION_DATE='2024-01-28T06:00:00+00:00' AIRFLOW_CTX_TRY_NUMBER='1' AIRFLOW_CTX_DAG_RUN_ID='scheduled__2024-01-28T06:00:00+00:00'
[2024-08-06T16:59:15.336+0000] {taskinstance.py:430} INFO - ::endgroup::
[2024-08-06T16:59:15.385+0000] {python.py:75} INFO - Poking callable: <function check_data_in_table at 0x701c2707b4c0>
[2024-08-06T16:59:15.416+0000] {extract.py:126} INFO - Getting data of the table dtm_motower_gsm 
[2024-08-06T16:59:15.417+0000] {extract.py:127} INFO - where date is 2024-01-27
[2024-08-06T16:59:15.417+0000] {extract.py:102} INFO - get data to date 20240127
[2024-08-06T16:59:15.438+0000] {warnings.py:112} WARNING - /opt/***/dags/gps/common/extract.py:103: UserWarning: pandas only supports SQLAlchemy connectable (engine/connection) or database string URI or sqlite3 DBAPI2 connection. Other DBAPI2 objects are not tested. Please consider using SQLAlchemy.
  df_ = pd.read_sql_query(sql_query, conn, params=params)

[2024-08-06T16:59:16.136+0000] {base.py:294} INFO - Success criteria met. Exiting.
[2024-08-06T16:59:16.137+0000] {taskinstance.py:441} INFO - ::group::Post task execution logs
[2024-08-06T16:59:16.166+0000] {taskinstance.py:1206} INFO - Marking task as SUCCESS. dag_id=motower_daily_prod, task_id=checkataa, run_id=scheduled__2024-01-28T06:00:00+00:00, execution_date=20240128T060000, start_date=20240806T165914, end_date=20240806T165916
[2024-08-06T16:59:16.367+0000] {local_task_job_runner.py:243} INFO - Task exited with return code 0
[2024-08-06T16:59:16.526+0000] {taskinstance.py:3503} INFO - 1 downstream tasks scheduled from follow-on schedule check
[2024-08-06T16:59:16.532+0000] {local_task_job_runner.py:222} INFO - ::endgroup::
[2024-08-06T17:30:03.275+0000] {local_task_job_runner.py:120} INFO - ::group::Pre task execution logs
[2024-08-06T17:30:03.367+0000] {taskinstance.py:2076} INFO - Dependencies all met for dep_context=non-requeueable deps ti=<TaskInstance: motower_daily_prod.checkataa scheduled__2024-01-28T06:00:00+00:00 [queued]>
[2024-08-06T17:30:03.396+0000] {taskinstance.py:2076} INFO - Dependencies all met for dep_context=requeueable deps ti=<TaskInstance: motower_daily_prod.checkataa scheduled__2024-01-28T06:00:00+00:00 [queued]>
[2024-08-06T17:30:03.397+0000] {taskinstance.py:2306} INFO - Starting attempt 1 of 1
[2024-08-06T17:30:03.428+0000] {taskinstance.py:2330} INFO - Executing <Task(PythonSensor): checkataa> on 2024-01-28 06:00:00+00:00
[2024-08-06T17:30:03.443+0000] {warnings.py:112} WARNING - /home/***/.local/lib/python3.12/site-packages/***/task/task_runner/standard_task_runner.py:62: DeprecationWarning: This process (pid=5896) is multi-threaded, use of fork() may lead to deadlocks in the child.
  pid = os.fork()

[2024-08-06T17:30:03.445+0000] {standard_task_runner.py:64} INFO - Started process 5909 to run task
[2024-08-06T17:30:03.451+0000] {standard_task_runner.py:90} INFO - Running: ['***', 'tasks', 'run', 'motower_daily_prod', 'checkataa', 'scheduled__2024-01-28T06:00:00+00:00', '--job-id', '1540', '--raw', '--subdir', 'DAGS_FOLDER/gps/custom_dags/motower_daily.py', '--cfg-path', '/tmp/tmpr5quiun_']
[2024-08-06T17:30:03.460+0000] {standard_task_runner.py:91} INFO - Job 1540: Subtask checkataa
[2024-08-06T17:30:03.639+0000] {task_command.py:426} INFO - Running <TaskInstance: motower_daily_prod.checkataa scheduled__2024-01-28T06:00:00+00:00 [running]> on host 13681191f11c
[2024-08-06T17:30:03.923+0000] {taskinstance.py:2648} INFO - Exporting env vars: AIRFLOW_CTX_DAG_EMAIL='richmond.kongo@orange.com,assane.diop@orange.com,cyrille1.danho@orange.com,mohamed2.sylla@orange.com,amadou.diomande@orange.com,Jonas.kouame@orange.com,armand.kablan@orange.com,anicet.azombade@orange.com,etienne.kouadio@orange.com,bertine.kouakou@orange.com,florentine.kouakou@orange.com,ange.phaceli@orange.com,soulegame.soro@orange.com,innocent.yengo@orange.com' AIRFLOW_CTX_DAG_OWNER='***' AIRFLOW_CTX_DAG_ID='motower_daily_prod' AIRFLOW_CTX_TASK_ID='checkataa' AIRFLOW_CTX_EXECUTION_DATE='2024-01-28T06:00:00+00:00' AIRFLOW_CTX_TRY_NUMBER='1' AIRFLOW_CTX_DAG_RUN_ID='scheduled__2024-01-28T06:00:00+00:00'
[2024-08-06T17:30:03.924+0000] {taskinstance.py:430} INFO - ::endgroup::
[2024-08-06T17:30:03.955+0000] {python.py:75} INFO - Poking callable: <function check_data_in_table at 0x701c429596c0>
[2024-08-06T17:30:03.965+0000] {extract.py:126} INFO - Getting data of the table dtm_motower_gsm 
[2024-08-06T17:30:03.966+0000] {extract.py:127} INFO - where date is 2024-01-27
[2024-08-06T17:30:03.967+0000] {extract.py:102} INFO - get data to date 20240127
[2024-08-06T17:30:03.983+0000] {warnings.py:112} WARNING - /opt/***/dags/gps/common/extract.py:103: UserWarning: pandas only supports SQLAlchemy connectable (engine/connection) or database string URI or sqlite3 DBAPI2 connection. Other DBAPI2 objects are not tested. Please consider using SQLAlchemy.
  df_ = pd.read_sql_query(sql_query, conn, params=params)

[2024-08-06T17:30:04.491+0000] {base.py:294} INFO - Success criteria met. Exiting.
[2024-08-06T17:30:04.492+0000] {taskinstance.py:441} INFO - ::group::Post task execution logs
[2024-08-06T17:30:04.528+0000] {taskinstance.py:1206} INFO - Marking task as SUCCESS. dag_id=motower_daily_prod, task_id=checkataa, run_id=scheduled__2024-01-28T06:00:00+00:00, execution_date=20240128T060000, start_date=20240806T173003, end_date=20240806T173004
[2024-08-06T17:30:04.618+0000] {local_task_job_runner.py:243} INFO - Task exited with return code 0
[2024-08-06T17:30:04.738+0000] {taskinstance.py:3503} INFO - 1 downstream tasks scheduled from follow-on schedule check
[2024-08-06T17:30:04.745+0000] {local_task_job_runner.py:222} INFO - ::endgroup::
[2024-08-06T18:17:18.269+0000] {local_task_job_runner.py:120} INFO - ::group::Pre task execution logs
[2024-08-06T18:17:18.723+0000] {taskinstance.py:2076} INFO - Dependencies all met for dep_context=non-requeueable deps ti=<TaskInstance: motower_daily_prod.checkataa scheduled__2024-01-28T06:00:00+00:00 [queued]>
[2024-08-06T18:17:18.768+0000] {taskinstance.py:2076} INFO - Dependencies all met for dep_context=requeueable deps ti=<TaskInstance: motower_daily_prod.checkataa scheduled__2024-01-28T06:00:00+00:00 [queued]>
[2024-08-06T18:17:18.770+0000] {taskinstance.py:2306} INFO - Starting attempt 1 of 1
[2024-08-06T18:17:19.249+0000] {taskinstance.py:2330} INFO - Executing <Task(PythonSensor): checkataa> on 2024-01-28 06:00:00+00:00
[2024-08-06T18:17:19.270+0000] {warnings.py:112} WARNING - /home/***/.local/lib/python3.12/site-packages/***/task/task_runner/standard_task_runner.py:62: DeprecationWarning: This process (pid=9720) is multi-threaded, use of fork() may lead to deadlocks in the child.
  pid = os.fork()

[2024-08-06T18:17:19.273+0000] {standard_task_runner.py:64} INFO - Started process 9732 to run task
[2024-08-06T18:17:19.273+0000] {standard_task_runner.py:90} INFO - Running: ['***', 'tasks', 'run', 'motower_daily_prod', 'checkataa', 'scheduled__2024-01-28T06:00:00+00:00', '--job-id', '2624', '--raw', '--subdir', 'DAGS_FOLDER/gps/custom_dags/motower_daily.py', '--cfg-path', '/tmp/tmpztxlty58']
[2024-08-06T18:17:19.280+0000] {standard_task_runner.py:91} INFO - Job 2624: Subtask checkataa
[2024-08-06T18:17:19.385+0000] {task_command.py:426} INFO - Running <TaskInstance: motower_daily_prod.checkataa scheduled__2024-01-28T06:00:00+00:00 [running]> on host 13681191f11c
[2024-08-06T18:17:19.676+0000] {taskinstance.py:2648} INFO - Exporting env vars: AIRFLOW_CTX_DAG_EMAIL='richmond.kongo@orange.com,assane.diop@orange.com,cyrille1.danho@orange.com,mohamed2.sylla@orange.com,amadou.diomande@orange.com,Jonas.kouame@orange.com,armand.kablan@orange.com,anicet.azombade@orange.com,etienne.kouadio@orange.com,bertine.kouakou@orange.com,florentine.kouakou@orange.com,ange.phaceli@orange.com,soulegame.soro@orange.com,innocent.yengo@orange.com' AIRFLOW_CTX_DAG_OWNER='***' AIRFLOW_CTX_DAG_ID='motower_daily_prod' AIRFLOW_CTX_TASK_ID='checkataa' AIRFLOW_CTX_EXECUTION_DATE='2024-01-28T06:00:00+00:00' AIRFLOW_CTX_TRY_NUMBER='1' AIRFLOW_CTX_DAG_RUN_ID='scheduled__2024-01-28T06:00:00+00:00'
[2024-08-06T18:17:19.678+0000] {taskinstance.py:430} INFO - ::endgroup::
[2024-08-06T18:17:19.743+0000] {python.py:75} INFO - Poking callable: <function check_data_in_table at 0x701c429cc2c0>
[2024-08-06T18:17:19.780+0000] {extract.py:126} INFO - Getting data of the table dtm_motower_gsm 
[2024-08-06T18:17:19.781+0000] {extract.py:127} INFO - where date is 2024-01-27
[2024-08-06T18:17:19.782+0000] {extract.py:102} INFO - get data to date 20240127
[2024-08-06T18:17:19.793+0000] {warnings.py:112} WARNING - /opt/***/dags/gps/common/extract.py:103: UserWarning: pandas only supports SQLAlchemy connectable (engine/connection) or database string URI or sqlite3 DBAPI2 connection. Other DBAPI2 objects are not tested. Please consider using SQLAlchemy.
  df_ = pd.read_sql_query(sql_query, conn, params=params)

[2024-08-06T18:17:20.061+0000] {base.py:294} INFO - Success criteria met. Exiting.
[2024-08-06T18:17:20.061+0000] {taskinstance.py:441} INFO - ::group::Post task execution logs
[2024-08-06T18:17:20.101+0000] {taskinstance.py:1206} INFO - Marking task as SUCCESS. dag_id=motower_daily_prod, task_id=checkataa, run_id=scheduled__2024-01-28T06:00:00+00:00, execution_date=20240128T060000, start_date=20240806T181718, end_date=20240806T181720
[2024-08-06T18:17:20.216+0000] {local_task_job_runner.py:243} INFO - Task exited with return code 0
[2024-08-06T18:17:20.330+0000] {taskinstance.py:3503} INFO - 0 downstream tasks scheduled from follow-on schedule check
[2024-08-06T18:17:20.350+0000] {local_task_job_runner.py:222} INFO - ::endgroup::
