[2024-08-06T17:03:57.324+0000] {local_task_job_runner.py:120} INFO - ::group::Pre task execution logs
[2024-08-06T17:03:57.382+0000] {taskinstance.py:2076} INFO - Dependencies all met for dep_context=non-requeueable deps ti=<TaskInstance: motower_daily_prod.checkataa scheduled__2024-03-01T06:00:00+00:00 [queued]>
[2024-08-06T17:03:57.407+0000] {taskinstance.py:2076} INFO - Dependencies all met for dep_context=requeueable deps ti=<TaskInstance: motower_daily_prod.checkataa scheduled__2024-03-01T06:00:00+00:00 [queued]>
[2024-08-06T17:03:57.407+0000] {taskinstance.py:2306} INFO - Starting attempt 1 of 1
[2024-08-06T17:03:57.445+0000] {taskinstance.py:2330} INFO - Executing <Task(PythonSensor): checkataa> on 2024-03-01 06:00:00+00:00
[2024-08-06T17:03:57.461+0000] {warnings.py:112} WARNING - /home/***/.local/lib/python3.12/site-packages/***/task/task_runner/standard_task_runner.py:62: DeprecationWarning: This process (pid=2686) is multi-threaded, use of fork() may lead to deadlocks in the child.
  pid = os.fork()

[2024-08-06T17:03:57.463+0000] {standard_task_runner.py:64} INFO - Started process 2697 to run task
[2024-08-06T17:03:57.463+0000] {standard_task_runner.py:90} INFO - Running: ['***', 'tasks', 'run', 'motower_daily_prod', 'checkataa', 'scheduled__2024-03-01T06:00:00+00:00', '--job-id', '574', '--raw', '--subdir', 'DAGS_FOLDER/gps/custom_dags/motower_daily.py', '--cfg-path', '/tmp/tmp20kq8nmb']
[2024-08-06T17:03:57.468+0000] {standard_task_runner.py:91} INFO - Job 574: Subtask checkataa
[2024-08-06T17:03:57.559+0000] {task_command.py:426} INFO - Running <TaskInstance: motower_daily_prod.checkataa scheduled__2024-03-01T06:00:00+00:00 [running]> on host 13681191f11c
[2024-08-06T17:03:57.885+0000] {taskinstance.py:2648} INFO - Exporting env vars: AIRFLOW_CTX_DAG_EMAIL='richmond.kongo@orange.com,assane.diop@orange.com,cyrille1.danho@orange.com,mohamed2.sylla@orange.com,amadou.diomande@orange.com,Jonas.kouame@orange.com,armand.kablan@orange.com,anicet.azombade@orange.com,etienne.kouadio@orange.com,bertine.kouakou@orange.com,florentine.kouakou@orange.com,ange.phaceli@orange.com,soulegame.soro@orange.com,innocent.yengo@orange.com' AIRFLOW_CTX_DAG_OWNER='***' AIRFLOW_CTX_DAG_ID='motower_daily_prod' AIRFLOW_CTX_TASK_ID='checkataa' AIRFLOW_CTX_EXECUTION_DATE='2024-03-01T06:00:00+00:00' AIRFLOW_CTX_TRY_NUMBER='1' AIRFLOW_CTX_DAG_RUN_ID='scheduled__2024-03-01T06:00:00+00:00'
[2024-08-06T17:03:57.890+0000] {taskinstance.py:430} INFO - ::endgroup::
[2024-08-06T17:03:57.967+0000] {python.py:75} INFO - Poking callable: <function check_data_in_table at 0x701c270efec0>
[2024-08-06T17:03:58.009+0000] {extract.py:126} INFO - Getting data of the table dtm_motower_gsm 
[2024-08-06T17:03:58.009+0000] {extract.py:127} INFO - where date is 2024-02-29
[2024-08-06T17:03:58.010+0000] {extract.py:102} INFO - get data to date 20240229
[2024-08-06T17:03:58.022+0000] {warnings.py:112} WARNING - /opt/***/dags/gps/common/extract.py:103: UserWarning: pandas only supports SQLAlchemy connectable (engine/connection) or database string URI or sqlite3 DBAPI2 connection. Other DBAPI2 objects are not tested. Please consider using SQLAlchemy.
  df_ = pd.read_sql_query(sql_query, conn, params=params)

[2024-08-06T17:03:58.222+0000] {base.py:294} INFO - Success criteria met. Exiting.
[2024-08-06T17:03:58.223+0000] {taskinstance.py:441} INFO - ::group::Post task execution logs
[2024-08-06T17:03:58.250+0000] {taskinstance.py:1206} INFO - Marking task as SUCCESS. dag_id=motower_daily_prod, task_id=checkataa, run_id=scheduled__2024-03-01T06:00:00+00:00, execution_date=20240301T060000, start_date=20240806T170357, end_date=20240806T170358
[2024-08-06T17:03:58.324+0000] {local_task_job_runner.py:243} INFO - Task exited with return code 0
[2024-08-06T17:03:58.435+0000] {taskinstance.py:3503} INFO - 1 downstream tasks scheduled from follow-on schedule check
[2024-08-06T17:03:58.443+0000] {local_task_job_runner.py:222} INFO - ::endgroup::
[2024-08-06T17:34:19.186+0000] {local_task_job_runner.py:120} INFO - ::group::Pre task execution logs
[2024-08-06T17:34:19.439+0000] {taskinstance.py:2076} INFO - Dependencies all met for dep_context=non-requeueable deps ti=<TaskInstance: motower_daily_prod.checkataa scheduled__2024-03-01T06:00:00+00:00 [queued]>
[2024-08-06T17:34:19.467+0000] {taskinstance.py:2076} INFO - Dependencies all met for dep_context=requeueable deps ti=<TaskInstance: motower_daily_prod.checkataa scheduled__2024-03-01T06:00:00+00:00 [queued]>
[2024-08-06T17:34:19.468+0000] {taskinstance.py:2306} INFO - Starting attempt 1 of 1
[2024-08-06T17:34:19.497+0000] {taskinstance.py:2330} INFO - Executing <Task(PythonSensor): checkataa> on 2024-03-01 06:00:00+00:00
[2024-08-06T17:34:19.533+0000] {warnings.py:112} WARNING - /home/***/.local/lib/python3.12/site-packages/***/task/task_runner/standard_task_runner.py:62: DeprecationWarning: This process (pid=6800) is multi-threaded, use of fork() may lead to deadlocks in the child.
  pid = os.fork()

[2024-08-06T17:34:19.536+0000] {standard_task_runner.py:64} INFO - Started process 6811 to run task
[2024-08-06T17:34:19.561+0000] {standard_task_runner.py:90} INFO - Running: ['***', 'tasks', 'run', 'motower_daily_prod', 'checkataa', 'scheduled__2024-03-01T06:00:00+00:00', '--job-id', '1825', '--raw', '--subdir', 'DAGS_FOLDER/gps/custom_dags/motower_daily.py', '--cfg-path', '/tmp/tmp__c3gu59']
[2024-08-06T17:34:19.565+0000] {standard_task_runner.py:91} INFO - Job 1825: Subtask checkataa
[2024-08-06T17:34:19.741+0000] {task_command.py:426} INFO - Running <TaskInstance: motower_daily_prod.checkataa scheduled__2024-03-01T06:00:00+00:00 [running]> on host 13681191f11c
[2024-08-06T17:34:20.161+0000] {taskinstance.py:2648} INFO - Exporting env vars: AIRFLOW_CTX_DAG_EMAIL='richmond.kongo@orange.com,assane.diop@orange.com,cyrille1.danho@orange.com,mohamed2.sylla@orange.com,amadou.diomande@orange.com,Jonas.kouame@orange.com,armand.kablan@orange.com,anicet.azombade@orange.com,etienne.kouadio@orange.com,bertine.kouakou@orange.com,florentine.kouakou@orange.com,ange.phaceli@orange.com,soulegame.soro@orange.com,innocent.yengo@orange.com' AIRFLOW_CTX_DAG_OWNER='***' AIRFLOW_CTX_DAG_ID='motower_daily_prod' AIRFLOW_CTX_TASK_ID='checkataa' AIRFLOW_CTX_EXECUTION_DATE='2024-03-01T06:00:00+00:00' AIRFLOW_CTX_TRY_NUMBER='1' AIRFLOW_CTX_DAG_RUN_ID='scheduled__2024-03-01T06:00:00+00:00'
[2024-08-06T17:34:20.167+0000] {taskinstance.py:430} INFO - ::endgroup::
[2024-08-06T17:34:20.203+0000] {python.py:75} INFO - Poking callable: <function check_data_in_table at 0x701c4295b240>
[2024-08-06T17:34:20.221+0000] {extract.py:126} INFO - Getting data of the table dtm_motower_gsm 
[2024-08-06T17:34:20.221+0000] {extract.py:127} INFO - where date is 2024-02-29
[2024-08-06T17:34:20.222+0000] {extract.py:102} INFO - get data to date 20240229
[2024-08-06T17:34:20.233+0000] {warnings.py:112} WARNING - /opt/***/dags/gps/common/extract.py:103: UserWarning: pandas only supports SQLAlchemy connectable (engine/connection) or database string URI or sqlite3 DBAPI2 connection. Other DBAPI2 objects are not tested. Please consider using SQLAlchemy.
  df_ = pd.read_sql_query(sql_query, conn, params=params)

[2024-08-06T17:34:20.478+0000] {base.py:294} INFO - Success criteria met. Exiting.
[2024-08-06T17:34:20.480+0000] {taskinstance.py:441} INFO - ::group::Post task execution logs
[2024-08-06T17:34:20.506+0000] {taskinstance.py:1206} INFO - Marking task as SUCCESS. dag_id=motower_daily_prod, task_id=checkataa, run_id=scheduled__2024-03-01T06:00:00+00:00, execution_date=20240301T060000, start_date=20240806T173419, end_date=20240806T173420
[2024-08-06T17:34:20.558+0000] {local_task_job_runner.py:243} INFO - Task exited with return code 0
[2024-08-06T17:34:20.573+0000] {local_task_job_runner.py:222} INFO - ::endgroup::
[2024-08-06T18:22:16.702+0000] {local_task_job_runner.py:120} INFO - ::group::Pre task execution logs
[2024-08-06T18:22:16.788+0000] {taskinstance.py:2076} INFO - Dependencies all met for dep_context=non-requeueable deps ti=<TaskInstance: motower_daily_prod.checkataa scheduled__2024-03-01T06:00:00+00:00 [queued]>
[2024-08-06T18:22:16.814+0000] {taskinstance.py:2076} INFO - Dependencies all met for dep_context=requeueable deps ti=<TaskInstance: motower_daily_prod.checkataa scheduled__2024-03-01T06:00:00+00:00 [queued]>
[2024-08-06T18:22:16.815+0000] {taskinstance.py:2306} INFO - Starting attempt 1 of 1
[2024-08-06T18:22:16.855+0000] {taskinstance.py:2330} INFO - Executing <Task(PythonSensor): checkataa> on 2024-03-01 06:00:00+00:00
[2024-08-06T18:22:16.872+0000] {warnings.py:112} WARNING - /home/***/.local/lib/python3.12/site-packages/***/task/task_runner/standard_task_runner.py:62: DeprecationWarning: This process (pid=10697) is multi-threaded, use of fork() may lead to deadlocks in the child.
  pid = os.fork()

[2024-08-06T18:22:16.875+0000] {standard_task_runner.py:64} INFO - Started process 10710 to run task
[2024-08-06T18:22:16.883+0000] {standard_task_runner.py:90} INFO - Running: ['***', 'tasks', 'run', 'motower_daily_prod', 'checkataa', 'scheduled__2024-03-01T06:00:00+00:00', '--job-id', '2932', '--raw', '--subdir', 'DAGS_FOLDER/gps/custom_dags/motower_daily.py', '--cfg-path', '/tmp/tmpmtfcn53l']
[2024-08-06T18:22:16.888+0000] {standard_task_runner.py:91} INFO - Job 2932: Subtask checkataa
[2024-08-06T18:22:17.004+0000] {task_command.py:426} INFO - Running <TaskInstance: motower_daily_prod.checkataa scheduled__2024-03-01T06:00:00+00:00 [running]> on host 13681191f11c
[2024-08-06T18:22:17.191+0000] {taskinstance.py:2648} INFO - Exporting env vars: AIRFLOW_CTX_DAG_EMAIL='richmond.kongo@orange.com,assane.diop@orange.com,cyrille1.danho@orange.com,mohamed2.sylla@orange.com,amadou.diomande@orange.com,Jonas.kouame@orange.com,armand.kablan@orange.com,anicet.azombade@orange.com,etienne.kouadio@orange.com,bertine.kouakou@orange.com,florentine.kouakou@orange.com,ange.phaceli@orange.com,soulegame.soro@orange.com,innocent.yengo@orange.com' AIRFLOW_CTX_DAG_OWNER='***' AIRFLOW_CTX_DAG_ID='motower_daily_prod' AIRFLOW_CTX_TASK_ID='checkataa' AIRFLOW_CTX_EXECUTION_DATE='2024-03-01T06:00:00+00:00' AIRFLOW_CTX_TRY_NUMBER='1' AIRFLOW_CTX_DAG_RUN_ID='scheduled__2024-03-01T06:00:00+00:00'
[2024-08-06T18:22:17.194+0000] {taskinstance.py:430} INFO - ::endgroup::
[2024-08-06T18:22:17.224+0000] {python.py:75} INFO - Poking callable: <function check_data_in_table at 0x701c26db4a40>
[2024-08-06T18:22:17.231+0000] {extract.py:126} INFO - Getting data of the table dtm_motower_gsm 
[2024-08-06T18:22:17.232+0000] {extract.py:127} INFO - where date is 2024-02-29
[2024-08-06T18:22:17.233+0000] {extract.py:102} INFO - get data to date 20240229
[2024-08-06T18:22:17.242+0000] {warnings.py:112} WARNING - /opt/***/dags/gps/common/extract.py:103: UserWarning: pandas only supports SQLAlchemy connectable (engine/connection) or database string URI or sqlite3 DBAPI2 connection. Other DBAPI2 objects are not tested. Please consider using SQLAlchemy.
  df_ = pd.read_sql_query(sql_query, conn, params=params)

[2024-08-06T18:22:17.404+0000] {base.py:294} INFO - Success criteria met. Exiting.
[2024-08-06T18:22:17.404+0000] {taskinstance.py:441} INFO - ::group::Post task execution logs
[2024-08-06T18:22:17.424+0000] {taskinstance.py:1206} INFO - Marking task as SUCCESS. dag_id=motower_daily_prod, task_id=checkataa, run_id=scheduled__2024-03-01T06:00:00+00:00, execution_date=20240301T060000, start_date=20240806T182216, end_date=20240806T182217
[2024-08-06T18:22:17.492+0000] {local_task_job_runner.py:243} INFO - Task exited with return code 0
[2024-08-06T18:22:17.609+0000] {taskinstance.py:3503} INFO - 0 downstream tasks scheduled from follow-on schedule check
[2024-08-06T18:22:17.623+0000] {local_task_job_runner.py:222} INFO - ::endgroup::
