[2024-08-06T16:57:15.941+0000] {local_task_job_runner.py:120} INFO - ::group::Pre task execution logs
[2024-08-06T16:57:16.327+0000] {taskinstance.py:2076} INFO - Dependencies all met for dep_context=non-requeueable deps ti=<TaskInstance: motower_daily_prod.extract_congestion scheduled__2024-01-09T06:00:00+00:00 [queued]>
[2024-08-06T16:57:16.355+0000] {taskinstance.py:2076} INFO - Dependencies all met for dep_context=requeueable deps ti=<TaskInstance: motower_daily_prod.extract_congestion scheduled__2024-01-09T06:00:00+00:00 [queued]>
[2024-08-06T16:57:16.357+0000] {taskinstance.py:2306} INFO - Starting attempt 1 of 1
[2024-08-06T16:57:16.392+0000] {taskinstance.py:2330} INFO - Executing <Task(PythonOperator): extract_congestion> on 2024-01-09 06:00:00+00:00
[2024-08-06T16:57:16.408+0000] {warnings.py:112} WARNING - /home/***/.local/lib/python3.12/site-packages/***/task/task_runner/standard_task_runner.py:62: DeprecationWarning: This process (pid=1260) is multi-threaded, use of fork() may lead to deadlocks in the child.
  pid = os.fork()

[2024-08-06T16:57:16.410+0000] {standard_task_runner.py:64} INFO - Started process 1273 to run task
[2024-08-06T16:57:16.417+0000] {standard_task_runner.py:90} INFO - Running: ['***', 'tasks', 'run', 'motower_daily_prod', 'extract_congestion', 'scheduled__2024-01-09T06:00:00+00:00', '--job-id', '119', '--raw', '--subdir', 'DAGS_FOLDER/gps/custom_dags/motower_daily.py', '--cfg-path', '/tmp/tmptm1q29tt']
[2024-08-06T16:57:16.422+0000] {standard_task_runner.py:91} INFO - Job 119: Subtask extract_congestion
[2024-08-06T16:57:16.549+0000] {task_command.py:426} INFO - Running <TaskInstance: motower_daily_prod.extract_congestion scheduled__2024-01-09T06:00:00+00:00 [running]> on host 13681191f11c
[2024-08-06T16:57:17.008+0000] {taskinstance.py:2648} INFO - Exporting env vars: AIRFLOW_CTX_DAG_EMAIL='richmond.kongo@orange.com,assane.diop@orange.com,cyrille1.danho@orange.com,mohamed2.sylla@orange.com,amadou.diomande@orange.com,Jonas.kouame@orange.com,armand.kablan@orange.com,anicet.azombade@orange.com,etienne.kouadio@orange.com,bertine.kouakou@orange.com,florentine.kouakou@orange.com,ange.phaceli@orange.com,soulegame.soro@orange.com,innocent.yengo@orange.com' AIRFLOW_CTX_DAG_OWNER='***' AIRFLOW_CTX_DAG_ID='motower_daily_prod' AIRFLOW_CTX_TASK_ID='extract_congestion' AIRFLOW_CTX_EXECUTION_DATE='2024-01-09T06:00:00+00:00' AIRFLOW_CTX_TRY_NUMBER='1' AIRFLOW_CTX_DAG_RUN_ID='scheduled__2024-01-09T06:00:00+00:00'
[2024-08-06T16:57:17.010+0000] {taskinstance.py:430} INFO - ::endgroup::
[2024-08-06T16:57:17.123+0000] {extract.py:126} INFO - Getting data of the table ks_hebdo_tdb_radio_drsi 
[2024-08-06T16:57:17.123+0000] {extract.py:127} INFO - where date is 2024-01-08
[2024-08-06T16:57:17.124+0000] {extract.py:98} INFO - get data to date 2 and year 2024
[2024-08-06T16:57:17.168+0000] {warnings.py:112} WARNING - /opt/***/dags/gps/common/extract.py:99: UserWarning: pandas only supports SQLAlchemy connectable (engine/connection) or database string URI or sqlite3 DBAPI2 connection. Other DBAPI2 objects are not tested. Please consider using SQLAlchemy.
  df_ = pd.read_sql_query(sql_query, conn, params=params)

[2024-08-06T16:57:17.762+0000] {rwminio.py:19} INFO - start to save data
[2024-08-06T16:57:18.043+0000] {rwminio.py:34} INFO - data in minio ok
[2024-08-06T16:57:18.053+0000] {python.py:237} INFO - Done. Returned value was: None
[2024-08-06T16:57:18.054+0000] {taskinstance.py:441} INFO - ::group::Post task execution logs
[2024-08-06T16:57:18.076+0000] {taskinstance.py:1206} INFO - Marking task as SUCCESS. dag_id=motower_daily_prod, task_id=extract_congestion, run_id=scheduled__2024-01-09T06:00:00+00:00, execution_date=20240109T060000, start_date=20240806T165716, end_date=20240806T165718
[2024-08-06T16:57:18.969+0000] {local_task_job_runner.py:243} INFO - Task exited with return code 0
[2024-08-06T16:57:19.020+0000] {taskinstance.py:3503} INFO - 0 downstream tasks scheduled from follow-on schedule check
[2024-08-06T16:57:19.028+0000] {local_task_job_runner.py:222} INFO - ::endgroup::
[2024-08-06T17:27:40.548+0000] {local_task_job_runner.py:120} INFO - ::group::Pre task execution logs
[2024-08-06T17:27:40.771+0000] {taskinstance.py:2076} INFO - Dependencies all met for dep_context=non-requeueable deps ti=<TaskInstance: motower_daily_prod.extract_congestion scheduled__2024-01-09T06:00:00+00:00 [queued]>
[2024-08-06T17:27:40.827+0000] {taskinstance.py:2076} INFO - Dependencies all met for dep_context=requeueable deps ti=<TaskInstance: motower_daily_prod.extract_congestion scheduled__2024-01-09T06:00:00+00:00 [queued]>
[2024-08-06T17:27:40.828+0000] {taskinstance.py:2306} INFO - Starting attempt 1 of 1
[2024-08-06T17:27:40.891+0000] {taskinstance.py:2330} INFO - Executing <Task(PythonOperator): extract_congestion> on 2024-01-09 06:00:00+00:00
[2024-08-06T17:27:40.910+0000] {warnings.py:112} WARNING - /home/***/.local/lib/python3.12/site-packages/***/task/task_runner/standard_task_runner.py:62: DeprecationWarning: This process (pid=5390) is multi-threaded, use of fork() may lead to deadlocks in the child.
  pid = os.fork()

[2024-08-06T17:27:40.914+0000] {standard_task_runner.py:64} INFO - Started process 5412 to run task
[2024-08-06T17:27:40.922+0000] {standard_task_runner.py:90} INFO - Running: ['***', 'tasks', 'run', 'motower_daily_prod', 'extract_congestion', 'scheduled__2024-01-09T06:00:00+00:00', '--job-id', '1379', '--raw', '--subdir', 'DAGS_FOLDER/gps/custom_dags/motower_daily.py', '--cfg-path', '/tmp/tmpmwnoil84']
[2024-08-06T17:27:40.928+0000] {standard_task_runner.py:91} INFO - Job 1379: Subtask extract_congestion
[2024-08-06T17:27:41.081+0000] {task_command.py:426} INFO - Running <TaskInstance: motower_daily_prod.extract_congestion scheduled__2024-01-09T06:00:00+00:00 [running]> on host 13681191f11c
[2024-08-06T17:27:41.599+0000] {taskinstance.py:2648} INFO - Exporting env vars: AIRFLOW_CTX_DAG_EMAIL='richmond.kongo@orange.com,assane.diop@orange.com,cyrille1.danho@orange.com,mohamed2.sylla@orange.com,amadou.diomande@orange.com,Jonas.kouame@orange.com,armand.kablan@orange.com,anicet.azombade@orange.com,etienne.kouadio@orange.com,bertine.kouakou@orange.com,florentine.kouakou@orange.com,ange.phaceli@orange.com,soulegame.soro@orange.com,innocent.yengo@orange.com' AIRFLOW_CTX_DAG_OWNER='***' AIRFLOW_CTX_DAG_ID='motower_daily_prod' AIRFLOW_CTX_TASK_ID='extract_congestion' AIRFLOW_CTX_EXECUTION_DATE='2024-01-09T06:00:00+00:00' AIRFLOW_CTX_TRY_NUMBER='1' AIRFLOW_CTX_DAG_RUN_ID='scheduled__2024-01-09T06:00:00+00:00'
[2024-08-06T17:27:41.601+0000] {taskinstance.py:430} INFO - ::endgroup::
[2024-08-06T17:27:41.679+0000] {extract.py:126} INFO - Getting data of the table ks_hebdo_tdb_radio_drsi 
[2024-08-06T17:27:41.680+0000] {extract.py:127} INFO - where date is 2024-01-08
[2024-08-06T17:27:41.681+0000] {extract.py:98} INFO - get data to date 2 and year 2024
[2024-08-06T17:27:41.694+0000] {warnings.py:112} WARNING - /opt/***/dags/gps/common/extract.py:99: UserWarning: pandas only supports SQLAlchemy connectable (engine/connection) or database string URI or sqlite3 DBAPI2 connection. Other DBAPI2 objects are not tested. Please consider using SQLAlchemy.
  df_ = pd.read_sql_query(sql_query, conn, params=params)

[2024-08-06T17:27:42.000+0000] {rwminio.py:19} INFO - start to save data
[2024-08-06T17:27:42.254+0000] {rwminio.py:34} INFO - data in minio ok
[2024-08-06T17:27:42.270+0000] {python.py:237} INFO - Done. Returned value was: None
[2024-08-06T17:27:42.273+0000] {taskinstance.py:441} INFO - ::group::Post task execution logs
[2024-08-06T17:27:42.306+0000] {taskinstance.py:1206} INFO - Marking task as SUCCESS. dag_id=motower_daily_prod, task_id=extract_congestion, run_id=scheduled__2024-01-09T06:00:00+00:00, execution_date=20240109T060000, start_date=20240806T172740, end_date=20240806T172742
[2024-08-06T17:27:42.395+0000] {local_task_job_runner.py:243} INFO - Task exited with return code 0
[2024-08-06T17:27:42.487+0000] {taskinstance.py:3503} INFO - 0 downstream tasks scheduled from follow-on schedule check
[2024-08-06T17:27:42.491+0000] {local_task_job_runner.py:222} INFO - ::endgroup::
[2024-08-06T18:15:19.299+0000] {local_task_job_runner.py:120} INFO - ::group::Pre task execution logs
[2024-08-06T18:15:19.420+0000] {taskinstance.py:2076} INFO - Dependencies all met for dep_context=non-requeueable deps ti=<TaskInstance: motower_daily_prod.extract_congestion scheduled__2024-01-09T06:00:00+00:00 [queued]>
[2024-08-06T18:15:19.481+0000] {taskinstance.py:2076} INFO - Dependencies all met for dep_context=requeueable deps ti=<TaskInstance: motower_daily_prod.extract_congestion scheduled__2024-01-09T06:00:00+00:00 [queued]>
[2024-08-06T18:15:19.482+0000] {taskinstance.py:2306} INFO - Starting attempt 1 of 1
[2024-08-06T18:15:19.544+0000] {taskinstance.py:2330} INFO - Executing <Task(PythonOperator): extract_congestion> on 2024-01-09 06:00:00+00:00
[2024-08-06T18:15:19.564+0000] {warnings.py:112} WARNING - /home/***/.local/lib/python3.12/site-packages/***/task/task_runner/standard_task_runner.py:62: DeprecationWarning: This process (pid=9261) is multi-threaded, use of fork() may lead to deadlocks in the child.
  pid = os.fork()

[2024-08-06T18:15:19.573+0000] {standard_task_runner.py:64} INFO - Started process 9277 to run task
[2024-08-06T18:15:19.573+0000] {standard_task_runner.py:90} INFO - Running: ['***', 'tasks', 'run', 'motower_daily_prod', 'extract_congestion', 'scheduled__2024-01-09T06:00:00+00:00', '--job-id', '2479', '--raw', '--subdir', 'DAGS_FOLDER/gps/custom_dags/motower_daily.py', '--cfg-path', '/tmp/tmpxpa77zkg']
[2024-08-06T18:15:19.585+0000] {standard_task_runner.py:91} INFO - Job 2479: Subtask extract_congestion
[2024-08-06T18:15:19.748+0000] {task_command.py:426} INFO - Running <TaskInstance: motower_daily_prod.extract_congestion scheduled__2024-01-09T06:00:00+00:00 [running]> on host 13681191f11c
[2024-08-06T18:15:20.037+0000] {taskinstance.py:2648} INFO - Exporting env vars: AIRFLOW_CTX_DAG_EMAIL='richmond.kongo@orange.com,assane.diop@orange.com,cyrille1.danho@orange.com,mohamed2.sylla@orange.com,amadou.diomande@orange.com,Jonas.kouame@orange.com,armand.kablan@orange.com,anicet.azombade@orange.com,etienne.kouadio@orange.com,bertine.kouakou@orange.com,florentine.kouakou@orange.com,ange.phaceli@orange.com,soulegame.soro@orange.com,innocent.yengo@orange.com' AIRFLOW_CTX_DAG_OWNER='***' AIRFLOW_CTX_DAG_ID='motower_daily_prod' AIRFLOW_CTX_TASK_ID='extract_congestion' AIRFLOW_CTX_EXECUTION_DATE='2024-01-09T06:00:00+00:00' AIRFLOW_CTX_TRY_NUMBER='1' AIRFLOW_CTX_DAG_RUN_ID='scheduled__2024-01-09T06:00:00+00:00'
[2024-08-06T18:15:20.040+0000] {taskinstance.py:430} INFO - ::endgroup::
[2024-08-06T18:15:20.099+0000] {extract.py:126} INFO - Getting data of the table ks_hebdo_tdb_radio_drsi 
[2024-08-06T18:15:20.100+0000] {extract.py:127} INFO - where date is 2024-01-08
[2024-08-06T18:15:20.101+0000] {extract.py:98} INFO - get data to date 2 and year 2024
[2024-08-06T18:15:20.132+0000] {warnings.py:112} WARNING - /opt/***/dags/gps/common/extract.py:99: UserWarning: pandas only supports SQLAlchemy connectable (engine/connection) or database string URI or sqlite3 DBAPI2 connection. Other DBAPI2 objects are not tested. Please consider using SQLAlchemy.
  df_ = pd.read_sql_query(sql_query, conn, params=params)

[2024-08-06T18:15:20.736+0000] {rwminio.py:19} INFO - start to save data
[2024-08-06T18:15:21.013+0000] {rwminio.py:34} INFO - data in minio ok
[2024-08-06T18:15:21.021+0000] {python.py:237} INFO - Done. Returned value was: None
[2024-08-06T18:15:21.023+0000] {taskinstance.py:441} INFO - ::group::Post task execution logs
[2024-08-06T18:15:21.043+0000] {taskinstance.py:1206} INFO - Marking task as SUCCESS. dag_id=motower_daily_prod, task_id=extract_congestion, run_id=scheduled__2024-01-09T06:00:00+00:00, execution_date=20240109T060000, start_date=20240806T181519, end_date=20240806T181521
[2024-08-06T18:15:21.097+0000] {local_task_job_runner.py:243} INFO - Task exited with return code 0
[2024-08-06T18:15:21.115+0000] {local_task_job_runner.py:222} INFO - ::endgroup::
