[2024-08-06T17:05:12.578+0000] {local_task_job_runner.py:120} INFO - ::group::Pre task execution logs
[2024-08-06T17:05:13.213+0000] {taskinstance.py:2076} INFO - Dependencies all met for dep_context=non-requeueable deps ti=<TaskInstance: motower_daily_prod.extracta scheduled__2024-03-07T06:00:00+00:00 [queued]>
[2024-08-06T17:05:13.249+0000] {taskinstance.py:2076} INFO - Dependencies all met for dep_context=requeueable deps ti=<TaskInstance: motower_daily_prod.extracta scheduled__2024-03-07T06:00:00+00:00 [queued]>
[2024-08-06T17:05:13.250+0000] {taskinstance.py:2306} INFO - Starting attempt 1 of 1
[2024-08-06T17:05:13.296+0000] {taskinstance.py:2330} INFO - Executing <Task(PythonOperator): extracta> on 2024-03-07 06:00:00+00:00
[2024-08-06T17:05:13.317+0000] {warnings.py:112} WARNING - /home/***/.local/lib/python3.12/site-packages/***/task/task_runner/standard_task_runner.py:62: DeprecationWarning: This process (pid=2891) is multi-threaded, use of fork() may lead to deadlocks in the child.
  pid = os.fork()

[2024-08-06T17:05:13.319+0000] {standard_task_runner.py:64} INFO - Started process 2908 to run task
[2024-08-06T17:05:13.328+0000] {standard_task_runner.py:90} INFO - Running: ['***', 'tasks', 'run', 'motower_daily_prod', 'extracta', 'scheduled__2024-03-07T06:00:00+00:00', '--job-id', '637', '--raw', '--subdir', 'DAGS_FOLDER/gps/custom_dags/motower_daily.py', '--cfg-path', '/tmp/tmp0ox269uc']
[2024-08-06T17:05:13.333+0000] {standard_task_runner.py:91} INFO - Job 637: Subtask extracta
[2024-08-06T17:05:13.455+0000] {task_command.py:426} INFO - Running <TaskInstance: motower_daily_prod.extracta scheduled__2024-03-07T06:00:00+00:00 [running]> on host 13681191f11c
[2024-08-06T17:05:13.896+0000] {taskinstance.py:2648} INFO - Exporting env vars: AIRFLOW_CTX_DAG_EMAIL='richmond.kongo@orange.com,assane.diop@orange.com,cyrille1.danho@orange.com,mohamed2.sylla@orange.com,amadou.diomande@orange.com,Jonas.kouame@orange.com,armand.kablan@orange.com,anicet.azombade@orange.com,etienne.kouadio@orange.com,bertine.kouakou@orange.com,florentine.kouakou@orange.com,ange.phaceli@orange.com,soulegame.soro@orange.com,innocent.yengo@orange.com' AIRFLOW_CTX_DAG_OWNER='***' AIRFLOW_CTX_DAG_ID='motower_daily_prod' AIRFLOW_CTX_TASK_ID='extracta' AIRFLOW_CTX_EXECUTION_DATE='2024-03-07T06:00:00+00:00' AIRFLOW_CTX_TRY_NUMBER='1' AIRFLOW_CTX_DAG_RUN_ID='scheduled__2024-03-07T06:00:00+00:00'
[2024-08-06T17:05:13.898+0000] {taskinstance.py:430} INFO - ::endgroup::
[2024-08-06T17:05:13.941+0000] {extract.py:126} INFO - Getting data of the table dtm_motower_gsm 
[2024-08-06T17:05:13.942+0000] {extract.py:127} INFO - where date is 2024-03-06
[2024-08-06T17:05:13.943+0000] {extract.py:102} INFO - get data to date 20240306
[2024-08-06T17:05:13.954+0000] {warnings.py:112} WARNING - /opt/***/dags/gps/common/extract.py:103: UserWarning: pandas only supports SQLAlchemy connectable (engine/connection) or database string URI or sqlite3 DBAPI2 connection. Other DBAPI2 objects are not tested. Please consider using SQLAlchemy.
  df_ = pd.read_sql_query(sql_query, conn, params=params)

[2024-08-06T17:05:14.167+0000] {rwminio.py:19} INFO - start to save data
[2024-08-06T17:05:14.405+0000] {rwminio.py:34} INFO - data in minio ok
[2024-08-06T17:05:14.406+0000] {python.py:237} INFO - Done. Returned value was: None
[2024-08-06T17:05:14.406+0000] {taskinstance.py:441} INFO - ::group::Post task execution logs
[2024-08-06T17:05:14.452+0000] {taskinstance.py:1206} INFO - Marking task as SUCCESS. dag_id=motower_daily_prod, task_id=extracta, run_id=scheduled__2024-03-07T06:00:00+00:00, execution_date=20240307T060000, start_date=20240806T170513, end_date=20240806T170514
[2024-08-06T17:05:14.559+0000] {local_task_job_runner.py:243} INFO - Task exited with return code 0
[2024-08-06T17:05:14.583+0000] {local_task_job_runner.py:222} INFO - ::endgroup::
[2024-08-06T17:35:21.487+0000] {local_task_job_runner.py:120} INFO - ::group::Pre task execution logs
[2024-08-06T17:35:21.550+0000] {taskinstance.py:2076} INFO - Dependencies all met for dep_context=non-requeueable deps ti=<TaskInstance: motower_daily_prod.extracta scheduled__2024-03-07T06:00:00+00:00 [queued]>
[2024-08-06T17:35:21.570+0000] {taskinstance.py:2076} INFO - Dependencies all met for dep_context=requeueable deps ti=<TaskInstance: motower_daily_prod.extracta scheduled__2024-03-07T06:00:00+00:00 [queued]>
[2024-08-06T17:35:21.571+0000] {taskinstance.py:2306} INFO - Starting attempt 1 of 1
[2024-08-06T17:35:21.591+0000] {taskinstance.py:2330} INFO - Executing <Task(PythonOperator): extracta> on 2024-03-07 06:00:00+00:00
[2024-08-06T17:35:21.601+0000] {warnings.py:112} WARNING - /home/***/.local/lib/python3.12/site-packages/***/task/task_runner/standard_task_runner.py:62: DeprecationWarning: This process (pid=7023) is multi-threaded, use of fork() may lead to deadlocks in the child.
  pid = os.fork()

[2024-08-06T17:35:21.603+0000] {standard_task_runner.py:64} INFO - Started process 7029 to run task
[2024-08-06T17:35:21.604+0000] {standard_task_runner.py:90} INFO - Running: ['***', 'tasks', 'run', 'motower_daily_prod', 'extracta', 'scheduled__2024-03-07T06:00:00+00:00', '--job-id', '1895', '--raw', '--subdir', 'DAGS_FOLDER/gps/custom_dags/motower_daily.py', '--cfg-path', '/tmp/tmpbhr0qtvb']
[2024-08-06T17:35:21.607+0000] {standard_task_runner.py:91} INFO - Job 1895: Subtask extracta
[2024-08-06T17:35:21.667+0000] {task_command.py:426} INFO - Running <TaskInstance: motower_daily_prod.extracta scheduled__2024-03-07T06:00:00+00:00 [running]> on host 13681191f11c
[2024-08-06T17:35:21.802+0000] {taskinstance.py:2648} INFO - Exporting env vars: AIRFLOW_CTX_DAG_EMAIL='richmond.kongo@orange.com,assane.diop@orange.com,cyrille1.danho@orange.com,mohamed2.sylla@orange.com,amadou.diomande@orange.com,Jonas.kouame@orange.com,armand.kablan@orange.com,anicet.azombade@orange.com,etienne.kouadio@orange.com,bertine.kouakou@orange.com,florentine.kouakou@orange.com,ange.phaceli@orange.com,soulegame.soro@orange.com,innocent.yengo@orange.com' AIRFLOW_CTX_DAG_OWNER='***' AIRFLOW_CTX_DAG_ID='motower_daily_prod' AIRFLOW_CTX_TASK_ID='extracta' AIRFLOW_CTX_EXECUTION_DATE='2024-03-07T06:00:00+00:00' AIRFLOW_CTX_TRY_NUMBER='1' AIRFLOW_CTX_DAG_RUN_ID='scheduled__2024-03-07T06:00:00+00:00'
[2024-08-06T17:35:21.803+0000] {taskinstance.py:430} INFO - ::endgroup::
[2024-08-06T17:35:21.825+0000] {extract.py:126} INFO - Getting data of the table dtm_motower_gsm 
[2024-08-06T17:35:21.826+0000] {extract.py:127} INFO - where date is 2024-03-06
[2024-08-06T17:35:21.826+0000] {extract.py:102} INFO - get data to date 20240306
[2024-08-06T17:35:21.833+0000] {warnings.py:112} WARNING - /opt/***/dags/gps/common/extract.py:103: UserWarning: pandas only supports SQLAlchemy connectable (engine/connection) or database string URI or sqlite3 DBAPI2 connection. Other DBAPI2 objects are not tested. Please consider using SQLAlchemy.
  df_ = pd.read_sql_query(sql_query, conn, params=params)

[2024-08-06T17:35:21.950+0000] {rwminio.py:19} INFO - start to save data
[2024-08-06T17:35:22.042+0000] {rwminio.py:34} INFO - data in minio ok
[2024-08-06T17:35:22.043+0000] {python.py:237} INFO - Done. Returned value was: None
[2024-08-06T17:35:22.043+0000] {taskinstance.py:441} INFO - ::group::Post task execution logs
[2024-08-06T17:35:22.055+0000] {taskinstance.py:1206} INFO - Marking task as SUCCESS. dag_id=motower_daily_prod, task_id=extracta, run_id=scheduled__2024-03-07T06:00:00+00:00, execution_date=20240307T060000, start_date=20240806T173521, end_date=20240806T173522
[2024-08-06T17:35:22.138+0000] {local_task_job_runner.py:243} INFO - Task exited with return code 0
[2024-08-06T17:35:22.173+0000] {taskinstance.py:3503} INFO - 0 downstream tasks scheduled from follow-on schedule check
[2024-08-06T17:35:22.175+0000] {local_task_job_runner.py:222} INFO - ::endgroup::
[2024-08-06T18:23:04.547+0000] {local_task_job_runner.py:120} INFO - ::group::Pre task execution logs
[2024-08-06T18:23:04.701+0000] {taskinstance.py:2076} INFO - Dependencies all met for dep_context=non-requeueable deps ti=<TaskInstance: motower_daily_prod.extracta scheduled__2024-03-07T06:00:00+00:00 [queued]>
[2024-08-06T18:23:04.751+0000] {taskinstance.py:2076} INFO - Dependencies all met for dep_context=requeueable deps ti=<TaskInstance: motower_daily_prod.extracta scheduled__2024-03-07T06:00:00+00:00 [queued]>
[2024-08-06T18:23:04.753+0000] {taskinstance.py:2306} INFO - Starting attempt 1 of 1
[2024-08-06T18:23:05.407+0000] {taskinstance.py:2330} INFO - Executing <Task(PythonOperator): extracta> on 2024-03-07 06:00:00+00:00
[2024-08-06T18:23:05.434+0000] {warnings.py:112} WARNING - /home/***/.local/lib/python3.12/site-packages/***/task/task_runner/standard_task_runner.py:62: DeprecationWarning: This process (pid=10879) is multi-threaded, use of fork() may lead to deadlocks in the child.
  pid = os.fork()

[2024-08-06T18:23:05.437+0000] {standard_task_runner.py:64} INFO - Started process 10899 to run task
[2024-08-06T18:23:05.450+0000] {standard_task_runner.py:90} INFO - Running: ['***', 'tasks', 'run', 'motower_daily_prod', 'extracta', 'scheduled__2024-03-07T06:00:00+00:00', '--job-id', '2990', '--raw', '--subdir', 'DAGS_FOLDER/gps/custom_dags/motower_daily.py', '--cfg-path', '/tmp/tmpjm54u69j']
[2024-08-06T18:23:05.454+0000] {standard_task_runner.py:91} INFO - Job 2990: Subtask extracta
[2024-08-06T18:23:05.607+0000] {task_command.py:426} INFO - Running <TaskInstance: motower_daily_prod.extracta scheduled__2024-03-07T06:00:00+00:00 [running]> on host 13681191f11c
[2024-08-06T18:23:05.967+0000] {taskinstance.py:2648} INFO - Exporting env vars: AIRFLOW_CTX_DAG_EMAIL='richmond.kongo@orange.com,assane.diop@orange.com,cyrille1.danho@orange.com,mohamed2.sylla@orange.com,amadou.diomande@orange.com,Jonas.kouame@orange.com,armand.kablan@orange.com,anicet.azombade@orange.com,etienne.kouadio@orange.com,bertine.kouakou@orange.com,florentine.kouakou@orange.com,ange.phaceli@orange.com,soulegame.soro@orange.com,innocent.yengo@orange.com' AIRFLOW_CTX_DAG_OWNER='***' AIRFLOW_CTX_DAG_ID='motower_daily_prod' AIRFLOW_CTX_TASK_ID='extracta' AIRFLOW_CTX_EXECUTION_DATE='2024-03-07T06:00:00+00:00' AIRFLOW_CTX_TRY_NUMBER='1' AIRFLOW_CTX_DAG_RUN_ID='scheduled__2024-03-07T06:00:00+00:00'
[2024-08-06T18:23:05.969+0000] {taskinstance.py:430} INFO - ::endgroup::
[2024-08-06T18:23:06.015+0000] {extract.py:126} INFO - Getting data of the table dtm_motower_gsm 
[2024-08-06T18:23:06.015+0000] {extract.py:127} INFO - where date is 2024-03-06
[2024-08-06T18:23:06.016+0000] {extract.py:102} INFO - get data to date 20240306
[2024-08-06T18:23:06.027+0000] {warnings.py:112} WARNING - /opt/***/dags/gps/common/extract.py:103: UserWarning: pandas only supports SQLAlchemy connectable (engine/connection) or database string URI or sqlite3 DBAPI2 connection. Other DBAPI2 objects are not tested. Please consider using SQLAlchemy.
  df_ = pd.read_sql_query(sql_query, conn, params=params)

[2024-08-06T18:23:06.336+0000] {rwminio.py:19} INFO - start to save data
[2024-08-06T18:23:06.470+0000] {rwminio.py:34} INFO - data in minio ok
[2024-08-06T18:23:06.473+0000] {python.py:237} INFO - Done. Returned value was: None
[2024-08-06T18:23:06.474+0000] {taskinstance.py:441} INFO - ::group::Post task execution logs
[2024-08-06T18:23:06.509+0000] {taskinstance.py:1206} INFO - Marking task as SUCCESS. dag_id=motower_daily_prod, task_id=extracta, run_id=scheduled__2024-03-07T06:00:00+00:00, execution_date=20240307T060000, start_date=20240806T182304, end_date=20240806T182306
[2024-08-06T18:23:06.574+0000] {local_task_job_runner.py:243} INFO - Task exited with return code 0
[2024-08-06T18:23:06.645+0000] {local_task_job_runner.py:222} INFO - ::endgroup::
