[2024-08-06T17:05:32.962+0000] {local_task_job_runner.py:120} INFO - ::group::Pre task execution logs
[2024-08-06T17:05:33.089+0000] {taskinstance.py:2076} INFO - Dependencies all met for dep_context=non-requeueable deps ti=<TaskInstance: motower_daily_prod.sensor_congestion scheduled__2024-03-11T06:00:00+00:00 [queued]>
[2024-08-06T17:05:33.188+0000] {taskinstance.py:2076} INFO - Dependencies all met for dep_context=requeueable deps ti=<TaskInstance: motower_daily_prod.sensor_congestion scheduled__2024-03-11T06:00:00+00:00 [queued]>
[2024-08-06T17:05:33.190+0000] {taskinstance.py:2306} INFO - Starting attempt 1 of 1
[2024-08-06T17:05:33.242+0000] {taskinstance.py:2330} INFO - Executing <Task(PythonSensor): sensor_congestion> on 2024-03-11 06:00:00+00:00
[2024-08-06T17:05:33.293+0000] {warnings.py:112} WARNING - /home/***/.local/lib/python3.12/site-packages/***/task/task_runner/standard_task_runner.py:62: DeprecationWarning: This process (pid=2973) is multi-threaded, use of fork() may lead to deadlocks in the child.
  pid = os.fork()

[2024-08-06T17:05:33.301+0000] {standard_task_runner.py:64} INFO - Started process 2991 to run task
[2024-08-06T17:05:33.298+0000] {standard_task_runner.py:90} INFO - Running: ['***', 'tasks', 'run', 'motower_daily_prod', 'sensor_congestion', 'scheduled__2024-03-11T06:00:00+00:00', '--job-id', '661', '--raw', '--subdir', 'DAGS_FOLDER/gps/custom_dags/motower_daily.py', '--cfg-path', '/tmp/tmpw_60kxvc']
[2024-08-06T17:05:33.315+0000] {standard_task_runner.py:91} INFO - Job 661: Subtask sensor_congestion
[2024-08-06T17:05:33.518+0000] {task_command.py:426} INFO - Running <TaskInstance: motower_daily_prod.sensor_congestion scheduled__2024-03-11T06:00:00+00:00 [running]> on host 13681191f11c
[2024-08-06T17:05:33.904+0000] {taskinstance.py:2648} INFO - Exporting env vars: AIRFLOW_CTX_DAG_EMAIL='richmond.kongo@orange.com,assane.diop@orange.com,cyrille1.danho@orange.com,mohamed2.sylla@orange.com,amadou.diomande@orange.com,Jonas.kouame@orange.com,armand.kablan@orange.com,anicet.azombade@orange.com,etienne.kouadio@orange.com,bertine.kouakou@orange.com,florentine.kouakou@orange.com,ange.phaceli@orange.com,soulegame.soro@orange.com,innocent.yengo@orange.com' AIRFLOW_CTX_DAG_OWNER='***' AIRFLOW_CTX_DAG_ID='motower_daily_prod' AIRFLOW_CTX_TASK_ID='sensor_congestion' AIRFLOW_CTX_EXECUTION_DATE='2024-03-11T06:00:00+00:00' AIRFLOW_CTX_TRY_NUMBER='1' AIRFLOW_CTX_DAG_RUN_ID='scheduled__2024-03-11T06:00:00+00:00'
[2024-08-06T17:05:33.906+0000] {taskinstance.py:430} INFO - ::endgroup::
[2024-08-06T17:05:33.946+0000] {python.py:75} INFO - Poking callable: <function check_data_in_table at 0x701c271649a0>
[2024-08-06T17:05:33.959+0000] {extract.py:126} INFO - Getting data of the table ks_hebdo_tdb_radio_drsi 
[2024-08-06T17:05:33.963+0000] {extract.py:127} INFO - where date is 2024-03-10
[2024-08-06T17:05:33.964+0000] {extract.py:98} INFO - get data to date 10 and year 2024
[2024-08-06T17:05:33.992+0000] {warnings.py:112} WARNING - /opt/***/dags/gps/common/extract.py:99: UserWarning: pandas only supports SQLAlchemy connectable (engine/connection) or database string URI or sqlite3 DBAPI2 connection. Other DBAPI2 objects are not tested. Please consider using SQLAlchemy.
  df_ = pd.read_sql_query(sql_query, conn, params=params)

[2024-08-06T17:05:34.328+0000] {base.py:294} INFO - Success criteria met. Exiting.
[2024-08-06T17:05:34.329+0000] {taskinstance.py:441} INFO - ::group::Post task execution logs
[2024-08-06T17:05:34.351+0000] {taskinstance.py:1206} INFO - Marking task as SUCCESS. dag_id=motower_daily_prod, task_id=sensor_congestion, run_id=scheduled__2024-03-11T06:00:00+00:00, execution_date=20240311T060000, start_date=20240806T170533, end_date=20240806T170534
[2024-08-06T17:05:34.421+0000] {local_task_job_runner.py:243} INFO - Task exited with return code 0
[2024-08-06T17:05:34.515+0000] {taskinstance.py:3503} INFO - 0 downstream tasks scheduled from follow-on schedule check
[2024-08-06T17:05:34.523+0000] {local_task_job_runner.py:222} INFO - ::endgroup::
[2024-08-06T17:36:04.110+0000] {local_task_job_runner.py:120} INFO - ::group::Pre task execution logs
[2024-08-06T17:36:05.037+0000] {taskinstance.py:2076} INFO - Dependencies all met for dep_context=non-requeueable deps ti=<TaskInstance: motower_daily_prod.sensor_congestion scheduled__2024-03-11T06:00:00+00:00 [queued]>
[2024-08-06T17:36:05.091+0000] {taskinstance.py:2076} INFO - Dependencies all met for dep_context=requeueable deps ti=<TaskInstance: motower_daily_prod.sensor_congestion scheduled__2024-03-11T06:00:00+00:00 [queued]>
[2024-08-06T17:36:05.093+0000] {taskinstance.py:2306} INFO - Starting attempt 1 of 1
[2024-08-06T17:36:05.168+0000] {taskinstance.py:2330} INFO - Executing <Task(PythonSensor): sensor_congestion> on 2024-03-11 06:00:00+00:00
[2024-08-06T17:36:05.195+0000] {warnings.py:112} WARNING - /home/***/.local/lib/python3.12/site-packages/***/task/task_runner/standard_task_runner.py:62: DeprecationWarning: This process (pid=7118) is multi-threaded, use of fork() may lead to deadlocks in the child.
  pid = os.fork()

[2024-08-06T17:36:05.210+0000] {standard_task_runner.py:64} INFO - Started process 7143 to run task
[2024-08-06T17:36:05.208+0000] {standard_task_runner.py:90} INFO - Running: ['***', 'tasks', 'run', 'motower_daily_prod', 'sensor_congestion', 'scheduled__2024-03-11T06:00:00+00:00', '--job-id', '1926', '--raw', '--subdir', 'DAGS_FOLDER/gps/custom_dags/motower_daily.py', '--cfg-path', '/tmp/tmp6lg5xufb']
[2024-08-06T17:36:05.241+0000] {standard_task_runner.py:91} INFO - Job 1926: Subtask sensor_congestion
[2024-08-06T17:36:05.470+0000] {task_command.py:426} INFO - Running <TaskInstance: motower_daily_prod.sensor_congestion scheduled__2024-03-11T06:00:00+00:00 [running]> on host 13681191f11c
[2024-08-06T17:36:05.810+0000] {taskinstance.py:2648} INFO - Exporting env vars: AIRFLOW_CTX_DAG_EMAIL='richmond.kongo@orange.com,assane.diop@orange.com,cyrille1.danho@orange.com,mohamed2.sylla@orange.com,amadou.diomande@orange.com,Jonas.kouame@orange.com,armand.kablan@orange.com,anicet.azombade@orange.com,etienne.kouadio@orange.com,bertine.kouakou@orange.com,florentine.kouakou@orange.com,ange.phaceli@orange.com,soulegame.soro@orange.com,innocent.yengo@orange.com' AIRFLOW_CTX_DAG_OWNER='***' AIRFLOW_CTX_DAG_ID='motower_daily_prod' AIRFLOW_CTX_TASK_ID='sensor_congestion' AIRFLOW_CTX_EXECUTION_DATE='2024-03-11T06:00:00+00:00' AIRFLOW_CTX_TRY_NUMBER='1' AIRFLOW_CTX_DAG_RUN_ID='scheduled__2024-03-11T06:00:00+00:00'
[2024-08-06T17:36:05.812+0000] {taskinstance.py:430} INFO - ::endgroup::
[2024-08-06T17:36:05.844+0000] {python.py:75} INFO - Poking callable: <function check_data_in_table at 0x701c4295b240>
[2024-08-06T17:36:05.859+0000] {extract.py:126} INFO - Getting data of the table ks_hebdo_tdb_radio_drsi 
[2024-08-06T17:36:05.859+0000] {extract.py:127} INFO - where date is 2024-03-10
[2024-08-06T17:36:05.860+0000] {extract.py:98} INFO - get data to date 10 and year 2024
[2024-08-06T17:36:05.876+0000] {warnings.py:112} WARNING - /opt/***/dags/gps/common/extract.py:99: UserWarning: pandas only supports SQLAlchemy connectable (engine/connection) or database string URI or sqlite3 DBAPI2 connection. Other DBAPI2 objects are not tested. Please consider using SQLAlchemy.
  df_ = pd.read_sql_query(sql_query, conn, params=params)

[2024-08-06T17:36:06.384+0000] {base.py:294} INFO - Success criteria met. Exiting.
[2024-08-06T17:36:06.385+0000] {taskinstance.py:441} INFO - ::group::Post task execution logs
[2024-08-06T17:36:06.421+0000] {taskinstance.py:1206} INFO - Marking task as SUCCESS. dag_id=motower_daily_prod, task_id=sensor_congestion, run_id=scheduled__2024-03-11T06:00:00+00:00, execution_date=20240311T060000, start_date=20240806T173605, end_date=20240806T173606
[2024-08-06T17:36:06.577+0000] {local_task_job_runner.py:243} INFO - Task exited with return code 0
[2024-08-06T17:36:06.747+0000] {taskinstance.py:3503} INFO - 0 downstream tasks scheduled from follow-on schedule check
[2024-08-06T17:36:06.773+0000] {local_task_job_runner.py:222} INFO - ::endgroup::
[2024-08-06T18:23:30.836+0000] {local_task_job_runner.py:120} INFO - ::group::Pre task execution logs
[2024-08-06T18:23:30.922+0000] {taskinstance.py:2076} INFO - Dependencies all met for dep_context=non-requeueable deps ti=<TaskInstance: motower_daily_prod.sensor_congestion scheduled__2024-03-11T06:00:00+00:00 [queued]>
[2024-08-06T18:23:30.950+0000] {taskinstance.py:2076} INFO - Dependencies all met for dep_context=requeueable deps ti=<TaskInstance: motower_daily_prod.sensor_congestion scheduled__2024-03-11T06:00:00+00:00 [queued]>
[2024-08-06T18:23:30.951+0000] {taskinstance.py:2306} INFO - Starting attempt 1 of 1
[2024-08-06T18:23:30.986+0000] {taskinstance.py:2330} INFO - Executing <Task(PythonSensor): sensor_congestion> on 2024-03-11 06:00:00+00:00
[2024-08-06T18:23:31.007+0000] {warnings.py:112} WARNING - /home/***/.local/lib/python3.12/site-packages/***/task/task_runner/standard_task_runner.py:62: DeprecationWarning: This process (pid=10979) is multi-threaded, use of fork() may lead to deadlocks in the child.
  pid = os.fork()

[2024-08-06T18:23:31.011+0000] {standard_task_runner.py:64} INFO - Started process 10997 to run task
[2024-08-06T18:23:31.030+0000] {standard_task_runner.py:90} INFO - Running: ['***', 'tasks', 'run', 'motower_daily_prod', 'sensor_congestion', 'scheduled__2024-03-11T06:00:00+00:00', '--job-id', '3025', '--raw', '--subdir', 'DAGS_FOLDER/gps/custom_dags/motower_daily.py', '--cfg-path', '/tmp/tmpuj4agw46']
[2024-08-06T18:23:31.035+0000] {standard_task_runner.py:91} INFO - Job 3025: Subtask sensor_congestion
[2024-08-06T18:23:31.191+0000] {task_command.py:426} INFO - Running <TaskInstance: motower_daily_prod.sensor_congestion scheduled__2024-03-11T06:00:00+00:00 [running]> on host 13681191f11c
[2024-08-06T18:23:31.513+0000] {taskinstance.py:2648} INFO - Exporting env vars: AIRFLOW_CTX_DAG_EMAIL='richmond.kongo@orange.com,assane.diop@orange.com,cyrille1.danho@orange.com,mohamed2.sylla@orange.com,amadou.diomande@orange.com,Jonas.kouame@orange.com,armand.kablan@orange.com,anicet.azombade@orange.com,etienne.kouadio@orange.com,bertine.kouakou@orange.com,florentine.kouakou@orange.com,ange.phaceli@orange.com,soulegame.soro@orange.com,innocent.yengo@orange.com' AIRFLOW_CTX_DAG_OWNER='***' AIRFLOW_CTX_DAG_ID='motower_daily_prod' AIRFLOW_CTX_TASK_ID='sensor_congestion' AIRFLOW_CTX_EXECUTION_DATE='2024-03-11T06:00:00+00:00' AIRFLOW_CTX_TRY_NUMBER='1' AIRFLOW_CTX_DAG_RUN_ID='scheduled__2024-03-11T06:00:00+00:00'
[2024-08-06T18:23:31.516+0000] {taskinstance.py:430} INFO - ::endgroup::
[2024-08-06T18:23:31.559+0000] {python.py:75} INFO - Poking callable: <function check_data_in_table at 0x701c4248efc0>
[2024-08-06T18:23:31.567+0000] {extract.py:126} INFO - Getting data of the table ks_hebdo_tdb_radio_drsi 
[2024-08-06T18:23:31.568+0000] {extract.py:127} INFO - where date is 2024-03-10
[2024-08-06T18:23:31.568+0000] {extract.py:98} INFO - get data to date 10 and year 2024
[2024-08-06T18:23:31.580+0000] {warnings.py:112} WARNING - /opt/***/dags/gps/common/extract.py:99: UserWarning: pandas only supports SQLAlchemy connectable (engine/connection) or database string URI or sqlite3 DBAPI2 connection. Other DBAPI2 objects are not tested. Please consider using SQLAlchemy.
  df_ = pd.read_sql_query(sql_query, conn, params=params)

[2024-08-06T18:23:32.002+0000] {base.py:294} INFO - Success criteria met. Exiting.
[2024-08-06T18:23:32.002+0000] {taskinstance.py:441} INFO - ::group::Post task execution logs
[2024-08-06T18:23:32.048+0000] {taskinstance.py:1206} INFO - Marking task as SUCCESS. dag_id=motower_daily_prod, task_id=sensor_congestion, run_id=scheduled__2024-03-11T06:00:00+00:00, execution_date=20240311T060000, start_date=20240806T182330, end_date=20240806T182332
[2024-08-06T18:23:32.730+0000] {local_task_job_runner.py:243} INFO - Task exited with return code 0
[2024-08-06T18:23:32.854+0000] {taskinstance.py:3503} INFO - 1 downstream tasks scheduled from follow-on schedule check
[2024-08-06T18:23:32.860+0000] {local_task_job_runner.py:222} INFO - ::endgroup::
