[2024-08-06T17:03:53.253+0000] {local_task_job_runner.py:120} INFO - ::group::Pre task execution logs
[2024-08-06T17:03:53.607+0000] {taskinstance.py:2076} INFO - Dependencies all met for dep_context=non-requeueable deps ti=<TaskInstance: motower_daily_prod.extracta scheduled__2024-02-29T06:00:00+00:00 [queued]>
[2024-08-06T17:03:53.636+0000] {taskinstance.py:2076} INFO - Dependencies all met for dep_context=requeueable deps ti=<TaskInstance: motower_daily_prod.extracta scheduled__2024-02-29T06:00:00+00:00 [queued]>
[2024-08-06T17:03:53.637+0000] {taskinstance.py:2306} INFO - Starting attempt 1 of 1
[2024-08-06T17:03:53.675+0000] {taskinstance.py:2330} INFO - Executing <Task(PythonOperator): extracta> on 2024-02-29 06:00:00+00:00
[2024-08-06T17:03:53.692+0000] {warnings.py:112} WARNING - /home/***/.local/lib/python3.12/site-packages/***/task/task_runner/standard_task_runner.py:62: DeprecationWarning: This process (pid=2672) is multi-threaded, use of fork() may lead to deadlocks in the child.
  pid = os.fork()

[2024-08-06T17:03:53.695+0000] {standard_task_runner.py:64} INFO - Started process 2684 to run task
[2024-08-06T17:03:53.699+0000] {standard_task_runner.py:90} INFO - Running: ['***', 'tasks', 'run', 'motower_daily_prod', 'extracta', 'scheduled__2024-02-29T06:00:00+00:00', '--job-id', '569', '--raw', '--subdir', 'DAGS_FOLDER/gps/custom_dags/motower_daily.py', '--cfg-path', '/tmp/tmpd1alq4jg']
[2024-08-06T17:03:53.703+0000] {standard_task_runner.py:91} INFO - Job 569: Subtask extracta
[2024-08-06T17:03:53.818+0000] {task_command.py:426} INFO - Running <TaskInstance: motower_daily_prod.extracta scheduled__2024-02-29T06:00:00+00:00 [running]> on host 13681191f11c
[2024-08-06T17:03:54.079+0000] {taskinstance.py:2648} INFO - Exporting env vars: AIRFLOW_CTX_DAG_EMAIL='richmond.kongo@orange.com,assane.diop@orange.com,cyrille1.danho@orange.com,mohamed2.sylla@orange.com,amadou.diomande@orange.com,Jonas.kouame@orange.com,armand.kablan@orange.com,anicet.azombade@orange.com,etienne.kouadio@orange.com,bertine.kouakou@orange.com,florentine.kouakou@orange.com,ange.phaceli@orange.com,soulegame.soro@orange.com,innocent.yengo@orange.com' AIRFLOW_CTX_DAG_OWNER='***' AIRFLOW_CTX_DAG_ID='motower_daily_prod' AIRFLOW_CTX_TASK_ID='extracta' AIRFLOW_CTX_EXECUTION_DATE='2024-02-29T06:00:00+00:00' AIRFLOW_CTX_TRY_NUMBER='1' AIRFLOW_CTX_DAG_RUN_ID='scheduled__2024-02-29T06:00:00+00:00'
[2024-08-06T17:03:54.084+0000] {taskinstance.py:430} INFO - ::endgroup::
[2024-08-06T17:03:54.128+0000] {extract.py:126} INFO - Getting data of the table dtm_motower_gsm 
[2024-08-06T17:03:54.130+0000] {extract.py:127} INFO - where date is 2024-02-28
[2024-08-06T17:03:54.131+0000] {extract.py:102} INFO - get data to date 20240228
[2024-08-06T17:03:54.144+0000] {warnings.py:112} WARNING - /opt/***/dags/gps/common/extract.py:103: UserWarning: pandas only supports SQLAlchemy connectable (engine/connection) or database string URI or sqlite3 DBAPI2 connection. Other DBAPI2 objects are not tested. Please consider using SQLAlchemy.
  df_ = pd.read_sql_query(sql_query, conn, params=params)

[2024-08-06T17:03:54.399+0000] {rwminio.py:19} INFO - start to save data
[2024-08-06T17:03:54.774+0000] {rwminio.py:34} INFO - data in minio ok
[2024-08-06T17:03:54.774+0000] {python.py:237} INFO - Done. Returned value was: None
[2024-08-06T17:03:54.775+0000] {taskinstance.py:441} INFO - ::group::Post task execution logs
[2024-08-06T17:03:54.797+0000] {taskinstance.py:1206} INFO - Marking task as SUCCESS. dag_id=motower_daily_prod, task_id=extracta, run_id=scheduled__2024-02-29T06:00:00+00:00, execution_date=20240229T060000, start_date=20240806T170353, end_date=20240806T170354
[2024-08-06T17:03:55.532+0000] {local_task_job_runner.py:243} INFO - Task exited with return code 0
[2024-08-06T17:03:55.635+0000] {taskinstance.py:3503} INFO - 0 downstream tasks scheduled from follow-on schedule check
[2024-08-06T17:03:55.643+0000] {local_task_job_runner.py:222} INFO - ::endgroup::
[2024-08-06T17:34:25.948+0000] {local_task_job_runner.py:120} INFO - ::group::Pre task execution logs
[2024-08-06T17:34:26.058+0000] {taskinstance.py:2076} INFO - Dependencies all met for dep_context=non-requeueable deps ti=<TaskInstance: motower_daily_prod.extracta scheduled__2024-02-29T06:00:00+00:00 [queued]>
[2024-08-06T17:34:26.086+0000] {taskinstance.py:2076} INFO - Dependencies all met for dep_context=requeueable deps ti=<TaskInstance: motower_daily_prod.extracta scheduled__2024-02-29T06:00:00+00:00 [queued]>
[2024-08-06T17:34:26.087+0000] {taskinstance.py:2306} INFO - Starting attempt 1 of 1
[2024-08-06T17:34:26.699+0000] {taskinstance.py:2330} INFO - Executing <Task(PythonOperator): extracta> on 2024-02-29 06:00:00+00:00
[2024-08-06T17:34:26.712+0000] {warnings.py:112} WARNING - /home/***/.local/lib/python3.12/site-packages/***/task/task_runner/standard_task_runner.py:62: DeprecationWarning: This process (pid=6825) is multi-threaded, use of fork() may lead to deadlocks in the child.
  pid = os.fork()

[2024-08-06T17:34:26.715+0000] {standard_task_runner.py:64} INFO - Started process 6840 to run task
[2024-08-06T17:34:26.722+0000] {standard_task_runner.py:90} INFO - Running: ['***', 'tasks', 'run', 'motower_daily_prod', 'extracta', 'scheduled__2024-02-29T06:00:00+00:00', '--job-id', '1834', '--raw', '--subdir', 'DAGS_FOLDER/gps/custom_dags/motower_daily.py', '--cfg-path', '/tmp/tmpji92vgz5']
[2024-08-06T17:34:26.726+0000] {standard_task_runner.py:91} INFO - Job 1834: Subtask extracta
[2024-08-06T17:34:26.830+0000] {task_command.py:426} INFO - Running <TaskInstance: motower_daily_prod.extracta scheduled__2024-02-29T06:00:00+00:00 [running]> on host 13681191f11c
[2024-08-06T17:34:27.217+0000] {taskinstance.py:2648} INFO - Exporting env vars: AIRFLOW_CTX_DAG_EMAIL='richmond.kongo@orange.com,assane.diop@orange.com,cyrille1.danho@orange.com,mohamed2.sylla@orange.com,amadou.diomande@orange.com,Jonas.kouame@orange.com,armand.kablan@orange.com,anicet.azombade@orange.com,etienne.kouadio@orange.com,bertine.kouakou@orange.com,florentine.kouakou@orange.com,ange.phaceli@orange.com,soulegame.soro@orange.com,innocent.yengo@orange.com' AIRFLOW_CTX_DAG_OWNER='***' AIRFLOW_CTX_DAG_ID='motower_daily_prod' AIRFLOW_CTX_TASK_ID='extracta' AIRFLOW_CTX_EXECUTION_DATE='2024-02-29T06:00:00+00:00' AIRFLOW_CTX_TRY_NUMBER='1' AIRFLOW_CTX_DAG_RUN_ID='scheduled__2024-02-29T06:00:00+00:00'
[2024-08-06T17:34:27.220+0000] {taskinstance.py:430} INFO - ::endgroup::
[2024-08-06T17:34:27.280+0000] {extract.py:126} INFO - Getting data of the table dtm_motower_gsm 
[2024-08-06T17:34:27.282+0000] {extract.py:127} INFO - where date is 2024-02-28
[2024-08-06T17:34:27.283+0000] {extract.py:102} INFO - get data to date 20240228
[2024-08-06T17:34:27.295+0000] {warnings.py:112} WARNING - /opt/***/dags/gps/common/extract.py:103: UserWarning: pandas only supports SQLAlchemy connectable (engine/connection) or database string URI or sqlite3 DBAPI2 connection. Other DBAPI2 objects are not tested. Please consider using SQLAlchemy.
  df_ = pd.read_sql_query(sql_query, conn, params=params)

[2024-08-06T17:34:27.570+0000] {rwminio.py:19} INFO - start to save data
[2024-08-06T17:34:27.758+0000] {rwminio.py:34} INFO - data in minio ok
[2024-08-06T17:34:27.760+0000] {python.py:237} INFO - Done. Returned value was: None
[2024-08-06T17:34:27.761+0000] {taskinstance.py:441} INFO - ::group::Post task execution logs
[2024-08-06T17:34:27.789+0000] {taskinstance.py:1206} INFO - Marking task as SUCCESS. dag_id=motower_daily_prod, task_id=extracta, run_id=scheduled__2024-02-29T06:00:00+00:00, execution_date=20240229T060000, start_date=20240806T173426, end_date=20240806T173427
[2024-08-06T17:34:27.990+0000] {local_task_job_runner.py:243} INFO - Task exited with return code 0
[2024-08-06T17:34:28.172+0000] {taskinstance.py:3503} INFO - 0 downstream tasks scheduled from follow-on schedule check
[2024-08-06T17:34:28.180+0000] {local_task_job_runner.py:222} INFO - ::endgroup::
[2024-08-06T18:22:19.174+0000] {local_task_job_runner.py:120} INFO - ::group::Pre task execution logs
[2024-08-06T18:22:19.393+0000] {taskinstance.py:2076} INFO - Dependencies all met for dep_context=non-requeueable deps ti=<TaskInstance: motower_daily_prod.extracta scheduled__2024-02-29T06:00:00+00:00 [queued]>
[2024-08-06T18:22:19.469+0000] {taskinstance.py:2076} INFO - Dependencies all met for dep_context=requeueable deps ti=<TaskInstance: motower_daily_prod.extracta scheduled__2024-02-29T06:00:00+00:00 [queued]>
[2024-08-06T18:22:19.470+0000] {taskinstance.py:2306} INFO - Starting attempt 1 of 1
[2024-08-06T18:22:19.540+0000] {taskinstance.py:2330} INFO - Executing <Task(PythonOperator): extracta> on 2024-02-29 06:00:00+00:00
[2024-08-06T18:22:19.560+0000] {warnings.py:112} WARNING - /home/***/.local/lib/python3.12/site-packages/***/task/task_runner/standard_task_runner.py:62: DeprecationWarning: This process (pid=10707) is multi-threaded, use of fork() may lead to deadlocks in the child.
  pid = os.fork()

[2024-08-06T18:22:19.565+0000] {standard_task_runner.py:64} INFO - Started process 10720 to run task
[2024-08-06T18:22:19.581+0000] {standard_task_runner.py:90} INFO - Running: ['***', 'tasks', 'run', 'motower_daily_prod', 'extracta', 'scheduled__2024-02-29T06:00:00+00:00', '--job-id', '2935', '--raw', '--subdir', 'DAGS_FOLDER/gps/custom_dags/motower_daily.py', '--cfg-path', '/tmp/tmpnilqkr87']
[2024-08-06T18:22:19.593+0000] {standard_task_runner.py:91} INFO - Job 2935: Subtask extracta
[2024-08-06T18:22:19.764+0000] {task_command.py:426} INFO - Running <TaskInstance: motower_daily_prod.extracta scheduled__2024-02-29T06:00:00+00:00 [running]> on host 13681191f11c
[2024-08-06T18:22:20.135+0000] {taskinstance.py:2648} INFO - Exporting env vars: AIRFLOW_CTX_DAG_EMAIL='richmond.kongo@orange.com,assane.diop@orange.com,cyrille1.danho@orange.com,mohamed2.sylla@orange.com,amadou.diomande@orange.com,Jonas.kouame@orange.com,armand.kablan@orange.com,anicet.azombade@orange.com,etienne.kouadio@orange.com,bertine.kouakou@orange.com,florentine.kouakou@orange.com,ange.phaceli@orange.com,soulegame.soro@orange.com,innocent.yengo@orange.com' AIRFLOW_CTX_DAG_OWNER='***' AIRFLOW_CTX_DAG_ID='motower_daily_prod' AIRFLOW_CTX_TASK_ID='extracta' AIRFLOW_CTX_EXECUTION_DATE='2024-02-29T06:00:00+00:00' AIRFLOW_CTX_TRY_NUMBER='1' AIRFLOW_CTX_DAG_RUN_ID='scheduled__2024-02-29T06:00:00+00:00'
[2024-08-06T18:22:20.137+0000] {taskinstance.py:430} INFO - ::endgroup::
[2024-08-06T18:22:20.195+0000] {extract.py:126} INFO - Getting data of the table dtm_motower_gsm 
[2024-08-06T18:22:20.196+0000] {extract.py:127} INFO - where date is 2024-02-28
[2024-08-06T18:22:20.197+0000] {extract.py:102} INFO - get data to date 20240228
[2024-08-06T18:22:20.211+0000] {warnings.py:112} WARNING - /opt/***/dags/gps/common/extract.py:103: UserWarning: pandas only supports SQLAlchemy connectable (engine/connection) or database string URI or sqlite3 DBAPI2 connection. Other DBAPI2 objects are not tested. Please consider using SQLAlchemy.
  df_ = pd.read_sql_query(sql_query, conn, params=params)

[2024-08-06T18:22:20.408+0000] {rwminio.py:19} INFO - start to save data
[2024-08-06T18:22:20.522+0000] {rwminio.py:34} INFO - data in minio ok
[2024-08-06T18:22:20.523+0000] {python.py:237} INFO - Done. Returned value was: None
[2024-08-06T18:22:20.524+0000] {taskinstance.py:441} INFO - ::group::Post task execution logs
[2024-08-06T18:22:20.554+0000] {taskinstance.py:1206} INFO - Marking task as SUCCESS. dag_id=motower_daily_prod, task_id=extracta, run_id=scheduled__2024-02-29T06:00:00+00:00, execution_date=20240229T060000, start_date=20240806T182219, end_date=20240806T182220
[2024-08-06T18:22:20.635+0000] {local_task_job_runner.py:243} INFO - Task exited with return code 0
[2024-08-06T18:22:20.697+0000] {taskinstance.py:3503} INFO - 0 downstream tasks scheduled from follow-on schedule check
[2024-08-06T18:22:20.704+0000] {local_task_job_runner.py:222} INFO - ::endgroup::
