[2024-07-30T11:45:57.505+0000] {local_task_job_runner.py:120} INFO - ::group::Pre task execution logs
[2024-07-30T11:45:57.764+0000] {taskinstance.py:2076} INFO - Dependencies all met for dep_context=non-requeueable deps ti=<TaskInstance: enrich_prod.cleaning.cleaning_bdd manual__2024-07-30T11:45:50.474089+00:00 [queued]>
[2024-07-30T11:45:57.779+0000] {taskinstance.py:2076} INFO - Dependencies all met for dep_context=requeueable deps ti=<TaskInstance: enrich_prod.cleaning.cleaning_bdd manual__2024-07-30T11:45:50.474089+00:00 [queued]>
[2024-07-30T11:45:57.780+0000] {taskinstance.py:2306} INFO - Starting attempt 1 of 1
[2024-07-30T11:45:58.631+0000] {taskinstance.py:2330} INFO - Executing <Task(PythonOperator): cleaning.cleaning_bdd> on 2024-07-30 11:45:50.474089+00:00
[2024-07-30T11:45:58.639+0000] {warnings.py:112} WARNING - /home/***/.local/lib/python3.12/site-packages/***/task/task_runner/standard_task_runner.py:62: DeprecationWarning: This process (pid=4216) is multi-threaded, use of fork() may lead to deadlocks in the child.
  pid = os.fork()

[2024-07-30T11:45:58.641+0000] {standard_task_runner.py:64} INFO - Started process 4223 to run task
[2024-07-30T11:45:58.641+0000] {standard_task_runner.py:90} INFO - Running: ['***', 'tasks', 'run', 'enrich_prod', 'cleaning.cleaning_bdd', 'manual__2024-07-30T11:45:50.474089+00:00', '--job-id', '710', '--raw', '--subdir', 'DAGS_FOLDER/gps/custom_dags/enrich.py', '--cfg-path', '/tmp/tmpuxvtjuwl']
[2024-07-30T11:45:58.643+0000] {standard_task_runner.py:91} INFO - Job 710: Subtask cleaning.cleaning_bdd
[2024-07-30T11:45:58.696+0000] {task_command.py:426} INFO - Running <TaskInstance: enrich_prod.cleaning.cleaning_bdd manual__2024-07-30T11:45:50.474089+00:00 [running]> on host 7d7c82e77e1e
[2024-07-30T11:45:58.804+0000] {taskinstance.py:2648} INFO - Exporting env vars: AIRFLOW_CTX_DAG_EMAIL='richmond.kongo@orange.com,assane.diop@orange.com,cyrille1.danho@orange.com,mohamed2.sylla@orange.com,amadou.diomande@orange.com,Jonas.kouame@orange.com,armand.kablan@orange.com,anicet.azombade@orange.com,etienne.kouadio@orange.com,bertine.kouakou@orange.com,florentine.kouakou@orange.com,ange.phaceli@orange.com,soulegame.soro@orange.com,innocent.yengo@orange.com' AIRFLOW_CTX_DAG_OWNER='***' AIRFLOW_CTX_DAG_ID='enrich_prod' AIRFLOW_CTX_TASK_ID='cleaning.cleaning_bdd' AIRFLOW_CTX_EXECUTION_DATE='2024-07-30T11:45:50.474089+00:00' AIRFLOW_CTX_TRY_NUMBER='1' AIRFLOW_CTX_DAG_RUN_ID='manual__2024-07-30T11:45:50.474089+00:00'
[2024-07-30T11:45:58.805+0000] {taskinstance.py:430} INFO - ::endgroup::
[2024-07-30T11:45:58.830+0000] {cleaning.py:65} INFO - Reading BASE_SITES/BASE_SITES_202406.xlsx
[2024-07-30T11:45:58.830+0000] {cleaning.py:71} INFO -  Read file  BASE_SITES/BASE_SITES_202406.xlsx
[2024-07-30T11:46:00.889+0000] {cleaning.py:75} INFO - Checking columns
[2024-07-30T11:46:00.891+0000] {cleaning.py:24} INFO - All required columns are presents
[2024-07-30T11:46:00.891+0000] {cleaning.py:79} INFO - Cleaning data
[2024-07-30T11:46:00.907+0000] {cleaning.py:87} INFO - Saving data to minio
[2024-07-30T11:46:00.908+0000] {rwminio.py:19} INFO - start to save data
[2024-07-30T11:46:01.022+0000] {rwminio.py:34} INFO - data in minio ok
[2024-07-30T11:46:01.023+0000] {python.py:237} INFO - Done. Returned value was: None
[2024-07-30T11:46:01.023+0000] {taskinstance.py:441} INFO - ::group::Post task execution logs
[2024-07-30T11:46:01.034+0000] {taskinstance.py:1206} INFO - Marking task as SUCCESS. dag_id=enrich_prod, task_id=cleaning.cleaning_bdd, run_id=manual__2024-07-30T11:45:50.474089+00:00, execution_date=20240730T114550, start_date=20240730T114557, end_date=20240730T114601
[2024-07-30T11:46:01.062+0000] {local_task_job_runner.py:243} INFO - Task exited with return code 0
[2024-07-30T11:46:01.072+0000] {local_task_job_runner.py:222} INFO - ::endgroup::
