[2024-08-06T16:58:48.969+0000] {local_task_job_runner.py:120} INFO - ::group::Pre task execution logs
[2024-08-06T16:58:49.076+0000] {taskinstance.py:2076} INFO - Dependencies all met for dep_context=non-requeueable deps ti=<TaskInstance: motower_daily_prod.sensor_congestion scheduled__2024-01-26T06:00:00+00:00 [queued]>
[2024-08-06T16:58:49.106+0000] {taskinstance.py:2076} INFO - Dependencies all met for dep_context=requeueable deps ti=<TaskInstance: motower_daily_prod.sensor_congestion scheduled__2024-01-26T06:00:00+00:00 [queued]>
[2024-08-06T16:58:49.106+0000] {taskinstance.py:2306} INFO - Starting attempt 1 of 1
[2024-08-06T16:58:49.149+0000] {taskinstance.py:2330} INFO - Executing <Task(PythonSensor): sensor_congestion> on 2024-01-26 06:00:00+00:00
[2024-08-06T16:58:49.170+0000] {warnings.py:112} WARNING - /home/***/.local/lib/python3.12/site-packages/***/task/task_runner/standard_task_runner.py:62: DeprecationWarning: This process (pid=1625) is multi-threaded, use of fork() may lead to deadlocks in the child.
  pid = os.fork()

[2024-08-06T16:58:49.173+0000] {standard_task_runner.py:64} INFO - Started process 1641 to run task
[2024-08-06T16:58:49.180+0000] {standard_task_runner.py:90} INFO - Running: ['***', 'tasks', 'run', 'motower_daily_prod', 'sensor_congestion', 'scheduled__2024-01-26T06:00:00+00:00', '--job-id', '240', '--raw', '--subdir', 'DAGS_FOLDER/gps/custom_dags/motower_daily.py', '--cfg-path', '/tmp/tmpcrqc06ic']
[2024-08-06T16:58:49.184+0000] {standard_task_runner.py:91} INFO - Job 240: Subtask sensor_congestion
[2024-08-06T16:58:49.283+0000] {task_command.py:426} INFO - Running <TaskInstance: motower_daily_prod.sensor_congestion scheduled__2024-01-26T06:00:00+00:00 [running]> on host 13681191f11c
[2024-08-06T16:58:49.545+0000] {taskinstance.py:2648} INFO - Exporting env vars: AIRFLOW_CTX_DAG_EMAIL='richmond.kongo@orange.com,assane.diop@orange.com,cyrille1.danho@orange.com,mohamed2.sylla@orange.com,amadou.diomande@orange.com,Jonas.kouame@orange.com,armand.kablan@orange.com,anicet.azombade@orange.com,etienne.kouadio@orange.com,bertine.kouakou@orange.com,florentine.kouakou@orange.com,ange.phaceli@orange.com,soulegame.soro@orange.com,innocent.yengo@orange.com' AIRFLOW_CTX_DAG_OWNER='***' AIRFLOW_CTX_DAG_ID='motower_daily_prod' AIRFLOW_CTX_TASK_ID='sensor_congestion' AIRFLOW_CTX_EXECUTION_DATE='2024-01-26T06:00:00+00:00' AIRFLOW_CTX_TRY_NUMBER='1' AIRFLOW_CTX_DAG_RUN_ID='scheduled__2024-01-26T06:00:00+00:00'
[2024-08-06T16:58:49.561+0000] {taskinstance.py:430} INFO - ::endgroup::
[2024-08-06T16:58:49.613+0000] {python.py:75} INFO - Poking callable: <function check_data_in_table at 0x701c41fd3ec0>
[2024-08-06T16:58:49.620+0000] {extract.py:126} INFO - Getting data of the table ks_hebdo_tdb_radio_drsi 
[2024-08-06T16:58:49.621+0000] {extract.py:127} INFO - where date is 2024-01-25
[2024-08-06T16:58:49.622+0000] {extract.py:98} INFO - get data to date 4 and year 2024
[2024-08-06T16:58:49.633+0000] {warnings.py:112} WARNING - /opt/***/dags/gps/common/extract.py:99: UserWarning: pandas only supports SQLAlchemy connectable (engine/connection) or database string URI or sqlite3 DBAPI2 connection. Other DBAPI2 objects are not tested. Please consider using SQLAlchemy.
  df_ = pd.read_sql_query(sql_query, conn, params=params)

[2024-08-06T16:58:50.016+0000] {base.py:294} INFO - Success criteria met. Exiting.
[2024-08-06T16:58:50.017+0000] {taskinstance.py:441} INFO - ::group::Post task execution logs
[2024-08-06T16:58:50.046+0000] {taskinstance.py:1206} INFO - Marking task as SUCCESS. dag_id=motower_daily_prod, task_id=sensor_congestion, run_id=scheduled__2024-01-26T06:00:00+00:00, execution_date=20240126T060000, start_date=20240806T165849, end_date=20240806T165850
[2024-08-06T16:58:50.156+0000] {local_task_job_runner.py:243} INFO - Task exited with return code 0
[2024-08-06T16:58:50.193+0000] {local_task_job_runner.py:222} INFO - ::endgroup::
[2024-08-06T17:29:19.123+0000] {local_task_job_runner.py:120} INFO - ::group::Pre task execution logs
[2024-08-06T17:29:19.191+0000] {taskinstance.py:2076} INFO - Dependencies all met for dep_context=non-requeueable deps ti=<TaskInstance: motower_daily_prod.sensor_congestion scheduled__2024-01-26T06:00:00+00:00 [queued]>
[2024-08-06T17:29:19.214+0000] {taskinstance.py:2076} INFO - Dependencies all met for dep_context=requeueable deps ti=<TaskInstance: motower_daily_prod.sensor_congestion scheduled__2024-01-26T06:00:00+00:00 [queued]>
[2024-08-06T17:29:19.215+0000] {taskinstance.py:2306} INFO - Starting attempt 1 of 1
[2024-08-06T17:29:19.242+0000] {taskinstance.py:2330} INFO - Executing <Task(PythonSensor): sensor_congestion> on 2024-01-26 06:00:00+00:00
[2024-08-06T17:29:19.260+0000] {warnings.py:112} WARNING - /home/***/.local/lib/python3.12/site-packages/***/task/task_runner/standard_task_runner.py:62: DeprecationWarning: This process (pid=5782) is multi-threaded, use of fork() may lead to deadlocks in the child.
  pid = os.fork()

[2024-08-06T17:29:19.262+0000] {standard_task_runner.py:64} INFO - Started process 5794 to run task
[2024-08-06T17:29:19.263+0000] {standard_task_runner.py:90} INFO - Running: ['***', 'tasks', 'run', 'motower_daily_prod', 'sensor_congestion', 'scheduled__2024-01-26T06:00:00+00:00', '--job-id', '1505', '--raw', '--subdir', 'DAGS_FOLDER/gps/custom_dags/motower_daily.py', '--cfg-path', '/tmp/tmpjyon4zal']
[2024-08-06T17:29:19.268+0000] {standard_task_runner.py:91} INFO - Job 1505: Subtask sensor_congestion
[2024-08-06T17:29:19.348+0000] {task_command.py:426} INFO - Running <TaskInstance: motower_daily_prod.sensor_congestion scheduled__2024-01-26T06:00:00+00:00 [running]> on host 13681191f11c
[2024-08-06T17:29:19.590+0000] {taskinstance.py:2648} INFO - Exporting env vars: AIRFLOW_CTX_DAG_EMAIL='richmond.kongo@orange.com,assane.diop@orange.com,cyrille1.danho@orange.com,mohamed2.sylla@orange.com,amadou.diomande@orange.com,Jonas.kouame@orange.com,armand.kablan@orange.com,anicet.azombade@orange.com,etienne.kouadio@orange.com,bertine.kouakou@orange.com,florentine.kouakou@orange.com,ange.phaceli@orange.com,soulegame.soro@orange.com,innocent.yengo@orange.com' AIRFLOW_CTX_DAG_OWNER='***' AIRFLOW_CTX_DAG_ID='motower_daily_prod' AIRFLOW_CTX_TASK_ID='sensor_congestion' AIRFLOW_CTX_EXECUTION_DATE='2024-01-26T06:00:00+00:00' AIRFLOW_CTX_TRY_NUMBER='1' AIRFLOW_CTX_DAG_RUN_ID='scheduled__2024-01-26T06:00:00+00:00'
[2024-08-06T17:29:19.592+0000] {taskinstance.py:430} INFO - ::endgroup::
[2024-08-06T17:29:19.628+0000] {python.py:75} INFO - Poking callable: <function check_data_in_table at 0x701c26feb880>
[2024-08-06T17:29:19.634+0000] {extract.py:126} INFO - Getting data of the table ks_hebdo_tdb_radio_drsi 
[2024-08-06T17:29:19.635+0000] {extract.py:127} INFO - where date is 2024-01-25
[2024-08-06T17:29:19.636+0000] {extract.py:98} INFO - get data to date 4 and year 2024
[2024-08-06T17:29:19.647+0000] {warnings.py:112} WARNING - /opt/***/dags/gps/common/extract.py:99: UserWarning: pandas only supports SQLAlchemy connectable (engine/connection) or database string URI or sqlite3 DBAPI2 connection. Other DBAPI2 objects are not tested. Please consider using SQLAlchemy.
  df_ = pd.read_sql_query(sql_query, conn, params=params)

[2024-08-06T17:29:19.934+0000] {base.py:294} INFO - Success criteria met. Exiting.
[2024-08-06T17:29:19.935+0000] {taskinstance.py:441} INFO - ::group::Post task execution logs
[2024-08-06T17:29:19.969+0000] {taskinstance.py:1206} INFO - Marking task as SUCCESS. dag_id=motower_daily_prod, task_id=sensor_congestion, run_id=scheduled__2024-01-26T06:00:00+00:00, execution_date=20240126T060000, start_date=20240806T172919, end_date=20240806T172919
[2024-08-06T17:29:20.047+0000] {local_task_job_runner.py:243} INFO - Task exited with return code 0
[2024-08-06T17:29:20.166+0000] {taskinstance.py:3503} INFO - 0 downstream tasks scheduled from follow-on schedule check
[2024-08-06T17:29:20.186+0000] {local_task_job_runner.py:222} INFO - ::endgroup::
[2024-08-06T18:17:08.348+0000] {local_task_job_runner.py:120} INFO - ::group::Pre task execution logs
[2024-08-06T18:17:08.542+0000] {taskinstance.py:2076} INFO - Dependencies all met for dep_context=non-requeueable deps ti=<TaskInstance: motower_daily_prod.sensor_congestion scheduled__2024-01-26T06:00:00+00:00 [queued]>
[2024-08-06T18:17:08.615+0000] {taskinstance.py:2076} INFO - Dependencies all met for dep_context=requeueable deps ti=<TaskInstance: motower_daily_prod.sensor_congestion scheduled__2024-01-26T06:00:00+00:00 [queued]>
[2024-08-06T18:17:08.616+0000] {taskinstance.py:2306} INFO - Starting attempt 1 of 1
[2024-08-06T18:17:09.453+0000] {taskinstance.py:2330} INFO - Executing <Task(PythonSensor): sensor_congestion> on 2024-01-26 06:00:00+00:00
[2024-08-06T18:17:09.483+0000] {warnings.py:112} WARNING - /home/***/.local/lib/python3.12/site-packages/***/task/task_runner/standard_task_runner.py:62: DeprecationWarning: This process (pid=9673) is multi-threaded, use of fork() may lead to deadlocks in the child.
  pid = os.fork()

[2024-08-06T18:17:09.486+0000] {standard_task_runner.py:64} INFO - Started process 9695 to run task
[2024-08-06T18:17:09.493+0000] {standard_task_runner.py:90} INFO - Running: ['***', 'tasks', 'run', 'motower_daily_prod', 'sensor_congestion', 'scheduled__2024-01-26T06:00:00+00:00', '--job-id', '2609', '--raw', '--subdir', 'DAGS_FOLDER/gps/custom_dags/motower_daily.py', '--cfg-path', '/tmp/tmp0jtbke0z']
[2024-08-06T18:17:09.498+0000] {standard_task_runner.py:91} INFO - Job 2609: Subtask sensor_congestion
[2024-08-06T18:17:09.657+0000] {task_command.py:426} INFO - Running <TaskInstance: motower_daily_prod.sensor_congestion scheduled__2024-01-26T06:00:00+00:00 [running]> on host 13681191f11c
[2024-08-06T18:17:09.996+0000] {taskinstance.py:2648} INFO - Exporting env vars: AIRFLOW_CTX_DAG_EMAIL='richmond.kongo@orange.com,assane.diop@orange.com,cyrille1.danho@orange.com,mohamed2.sylla@orange.com,amadou.diomande@orange.com,Jonas.kouame@orange.com,armand.kablan@orange.com,anicet.azombade@orange.com,etienne.kouadio@orange.com,bertine.kouakou@orange.com,florentine.kouakou@orange.com,ange.phaceli@orange.com,soulegame.soro@orange.com,innocent.yengo@orange.com' AIRFLOW_CTX_DAG_OWNER='***' AIRFLOW_CTX_DAG_ID='motower_daily_prod' AIRFLOW_CTX_TASK_ID='sensor_congestion' AIRFLOW_CTX_EXECUTION_DATE='2024-01-26T06:00:00+00:00' AIRFLOW_CTX_TRY_NUMBER='1' AIRFLOW_CTX_DAG_RUN_ID='scheduled__2024-01-26T06:00:00+00:00'
[2024-08-06T18:17:09.998+0000] {taskinstance.py:430} INFO - ::endgroup::
[2024-08-06T18:17:10.039+0000] {python.py:75} INFO - Poking callable: <function check_data_in_table at 0x701c4295b420>
[2024-08-06T18:17:10.060+0000] {extract.py:126} INFO - Getting data of the table ks_hebdo_tdb_radio_drsi 
[2024-08-06T18:17:10.061+0000] {extract.py:127} INFO - where date is 2024-01-25
[2024-08-06T18:17:10.061+0000] {extract.py:98} INFO - get data to date 4 and year 2024
[2024-08-06T18:17:10.079+0000] {warnings.py:112} WARNING - /opt/***/dags/gps/common/extract.py:99: UserWarning: pandas only supports SQLAlchemy connectable (engine/connection) or database string URI or sqlite3 DBAPI2 connection. Other DBAPI2 objects are not tested. Please consider using SQLAlchemy.
  df_ = pd.read_sql_query(sql_query, conn, params=params)

[2024-08-06T18:17:10.655+0000] {base.py:294} INFO - Success criteria met. Exiting.
[2024-08-06T18:17:10.656+0000] {taskinstance.py:441} INFO - ::group::Post task execution logs
[2024-08-06T18:17:10.697+0000] {taskinstance.py:1206} INFO - Marking task as SUCCESS. dag_id=motower_daily_prod, task_id=sensor_congestion, run_id=scheduled__2024-01-26T06:00:00+00:00, execution_date=20240126T060000, start_date=20240806T181708, end_date=20240806T181710
[2024-08-06T18:17:10.782+0000] {local_task_job_runner.py:243} INFO - Task exited with return code 0
[2024-08-06T18:17:10.824+0000] {local_task_job_runner.py:222} INFO - ::endgroup::
