[2024-08-06T16:59:07.646+0000] {local_task_job_runner.py:120} INFO - ::group::Pre task execution logs
[2024-08-06T16:59:08.052+0000] {taskinstance.py:2076} INFO - Dependencies all met for dep_context=non-requeueable deps ti=<TaskInstance: motower_daily_prod.sensor_congestion scheduled__2024-01-27T06:00:00+00:00 [queued]>
[2024-08-06T16:59:08.079+0000] {taskinstance.py:2076} INFO - Dependencies all met for dep_context=requeueable deps ti=<TaskInstance: motower_daily_prod.sensor_congestion scheduled__2024-01-27T06:00:00+00:00 [queued]>
[2024-08-06T16:59:08.081+0000] {taskinstance.py:2306} INFO - Starting attempt 1 of 1
[2024-08-06T16:59:08.110+0000] {taskinstance.py:2330} INFO - Executing <Task(PythonSensor): sensor_congestion> on 2024-01-27 06:00:00+00:00
[2024-08-06T16:59:08.131+0000] {warnings.py:112} WARNING - /home/***/.local/lib/python3.12/site-packages/***/task/task_runner/standard_task_runner.py:62: DeprecationWarning: This process (pid=1694) is multi-threaded, use of fork() may lead to deadlocks in the child.
  pid = os.fork()

[2024-08-06T16:59:08.134+0000] {standard_task_runner.py:64} INFO - Started process 1710 to run task
[2024-08-06T16:59:08.139+0000] {standard_task_runner.py:90} INFO - Running: ['***', 'tasks', 'run', 'motower_daily_prod', 'sensor_congestion', 'scheduled__2024-01-27T06:00:00+00:00', '--job-id', '260', '--raw', '--subdir', 'DAGS_FOLDER/gps/custom_dags/motower_daily.py', '--cfg-path', '/tmp/tmp91kozr2u']
[2024-08-06T16:59:08.144+0000] {standard_task_runner.py:91} INFO - Job 260: Subtask sensor_congestion
[2024-08-06T16:59:08.261+0000] {task_command.py:426} INFO - Running <TaskInstance: motower_daily_prod.sensor_congestion scheduled__2024-01-27T06:00:00+00:00 [running]> on host 13681191f11c
[2024-08-06T16:59:08.551+0000] {taskinstance.py:2648} INFO - Exporting env vars: AIRFLOW_CTX_DAG_EMAIL='richmond.kongo@orange.com,assane.diop@orange.com,cyrille1.danho@orange.com,mohamed2.sylla@orange.com,amadou.diomande@orange.com,Jonas.kouame@orange.com,armand.kablan@orange.com,anicet.azombade@orange.com,etienne.kouadio@orange.com,bertine.kouakou@orange.com,florentine.kouakou@orange.com,ange.phaceli@orange.com,soulegame.soro@orange.com,innocent.yengo@orange.com' AIRFLOW_CTX_DAG_OWNER='***' AIRFLOW_CTX_DAG_ID='motower_daily_prod' AIRFLOW_CTX_TASK_ID='sensor_congestion' AIRFLOW_CTX_EXECUTION_DATE='2024-01-27T06:00:00+00:00' AIRFLOW_CTX_TRY_NUMBER='1' AIRFLOW_CTX_DAG_RUN_ID='scheduled__2024-01-27T06:00:00+00:00'
[2024-08-06T16:59:08.553+0000] {taskinstance.py:430} INFO - ::endgroup::
[2024-08-06T16:59:08.597+0000] {python.py:75} INFO - Poking callable: <function check_data_in_table at 0x701c41f67e20>
[2024-08-06T16:59:08.605+0000] {extract.py:126} INFO - Getting data of the table ks_hebdo_tdb_radio_drsi 
[2024-08-06T16:59:08.606+0000] {extract.py:127} INFO - where date is 2024-01-26
[2024-08-06T16:59:08.607+0000] {extract.py:98} INFO - get data to date 4 and year 2024
[2024-08-06T16:59:08.618+0000] {warnings.py:112} WARNING - /opt/***/dags/gps/common/extract.py:99: UserWarning: pandas only supports SQLAlchemy connectable (engine/connection) or database string URI or sqlite3 DBAPI2 connection. Other DBAPI2 objects are not tested. Please consider using SQLAlchemy.
  df_ = pd.read_sql_query(sql_query, conn, params=params)

[2024-08-06T16:59:09.129+0000] {base.py:294} INFO - Success criteria met. Exiting.
[2024-08-06T16:59:09.129+0000] {taskinstance.py:441} INFO - ::group::Post task execution logs
[2024-08-06T16:59:09.148+0000] {taskinstance.py:1206} INFO - Marking task as SUCCESS. dag_id=motower_daily_prod, task_id=sensor_congestion, run_id=scheduled__2024-01-27T06:00:00+00:00, execution_date=20240127T060000, start_date=20240806T165908, end_date=20240806T165909
[2024-08-06T16:59:09.319+0000] {local_task_job_runner.py:243} INFO - Task exited with return code 0
[2024-08-06T16:59:09.339+0000] {local_task_job_runner.py:222} INFO - ::endgroup::
[2024-08-06T17:29:58.931+0000] {local_task_job_runner.py:120} INFO - ::group::Pre task execution logs
[2024-08-06T17:29:58.986+0000] {taskinstance.py:2076} INFO - Dependencies all met for dep_context=non-requeueable deps ti=<TaskInstance: motower_daily_prod.sensor_congestion scheduled__2024-01-27T06:00:00+00:00 [queued]>
[2024-08-06T17:29:59.011+0000] {taskinstance.py:2076} INFO - Dependencies all met for dep_context=requeueable deps ti=<TaskInstance: motower_daily_prod.sensor_congestion scheduled__2024-01-27T06:00:00+00:00 [queued]>
[2024-08-06T17:29:59.011+0000] {taskinstance.py:2306} INFO - Starting attempt 1 of 1
[2024-08-06T17:29:59.036+0000] {taskinstance.py:2330} INFO - Executing <Task(PythonSensor): sensor_congestion> on 2024-01-27 06:00:00+00:00
[2024-08-06T17:29:59.049+0000] {warnings.py:112} WARNING - /home/***/.local/lib/python3.12/site-packages/***/task/task_runner/standard_task_runner.py:62: DeprecationWarning: This process (pid=5887) is multi-threaded, use of fork() may lead to deadlocks in the child.
  pid = os.fork()

[2024-08-06T17:29:59.051+0000] {standard_task_runner.py:64} INFO - Started process 5895 to run task
[2024-08-06T17:29:59.051+0000] {standard_task_runner.py:90} INFO - Running: ['***', 'tasks', 'run', 'motower_daily_prod', 'sensor_congestion', 'scheduled__2024-01-27T06:00:00+00:00', '--job-id', '1535', '--raw', '--subdir', 'DAGS_FOLDER/gps/custom_dags/motower_daily.py', '--cfg-path', '/tmp/tmp4fgd9j34']
[2024-08-06T17:29:59.054+0000] {standard_task_runner.py:91} INFO - Job 1535: Subtask sensor_congestion
[2024-08-06T17:29:59.121+0000] {task_command.py:426} INFO - Running <TaskInstance: motower_daily_prod.sensor_congestion scheduled__2024-01-27T06:00:00+00:00 [running]> on host 13681191f11c
[2024-08-06T17:29:59.273+0000] {taskinstance.py:2648} INFO - Exporting env vars: AIRFLOW_CTX_DAG_EMAIL='richmond.kongo@orange.com,assane.diop@orange.com,cyrille1.danho@orange.com,mohamed2.sylla@orange.com,amadou.diomande@orange.com,Jonas.kouame@orange.com,armand.kablan@orange.com,anicet.azombade@orange.com,etienne.kouadio@orange.com,bertine.kouakou@orange.com,florentine.kouakou@orange.com,ange.phaceli@orange.com,soulegame.soro@orange.com,innocent.yengo@orange.com' AIRFLOW_CTX_DAG_OWNER='***' AIRFLOW_CTX_DAG_ID='motower_daily_prod' AIRFLOW_CTX_TASK_ID='sensor_congestion' AIRFLOW_CTX_EXECUTION_DATE='2024-01-27T06:00:00+00:00' AIRFLOW_CTX_TRY_NUMBER='1' AIRFLOW_CTX_DAG_RUN_ID='scheduled__2024-01-27T06:00:00+00:00'
[2024-08-06T17:29:59.275+0000] {taskinstance.py:430} INFO - ::endgroup::
[2024-08-06T17:29:59.304+0000] {python.py:75} INFO - Poking callable: <function check_data_in_table at 0x701c420d42c0>
[2024-08-06T17:29:59.311+0000] {extract.py:126} INFO - Getting data of the table ks_hebdo_tdb_radio_drsi 
[2024-08-06T17:29:59.312+0000] {extract.py:127} INFO - where date is 2024-01-26
[2024-08-06T17:29:59.314+0000] {extract.py:98} INFO - get data to date 4 and year 2024
[2024-08-06T17:29:59.324+0000] {warnings.py:112} WARNING - /opt/***/dags/gps/common/extract.py:99: UserWarning: pandas only supports SQLAlchemy connectable (engine/connection) or database string URI or sqlite3 DBAPI2 connection. Other DBAPI2 objects are not tested. Please consider using SQLAlchemy.
  df_ = pd.read_sql_query(sql_query, conn, params=params)

[2024-08-06T17:29:59.534+0000] {base.py:294} INFO - Success criteria met. Exiting.
[2024-08-06T17:29:59.534+0000] {taskinstance.py:441} INFO - ::group::Post task execution logs
[2024-08-06T17:29:59.549+0000] {taskinstance.py:1206} INFO - Marking task as SUCCESS. dag_id=motower_daily_prod, task_id=sensor_congestion, run_id=scheduled__2024-01-27T06:00:00+00:00, execution_date=20240127T060000, start_date=20240806T172958, end_date=20240806T172959
[2024-08-06T17:29:59.587+0000] {local_task_job_runner.py:243} INFO - Task exited with return code 0
[2024-08-06T17:29:59.653+0000] {taskinstance.py:3503} INFO - 1 downstream tasks scheduled from follow-on schedule check
[2024-08-06T17:29:59.664+0000] {local_task_job_runner.py:222} INFO - ::endgroup::
[2024-08-06T18:17:14.713+0000] {local_task_job_runner.py:120} INFO - ::group::Pre task execution logs
[2024-08-06T18:17:14.983+0000] {taskinstance.py:2076} INFO - Dependencies all met for dep_context=non-requeueable deps ti=<TaskInstance: motower_daily_prod.sensor_congestion scheduled__2024-01-27T06:00:00+00:00 [queued]>
[2024-08-06T18:17:15.036+0000] {taskinstance.py:2076} INFO - Dependencies all met for dep_context=requeueable deps ti=<TaskInstance: motower_daily_prod.sensor_congestion scheduled__2024-01-27T06:00:00+00:00 [queued]>
[2024-08-06T18:17:15.038+0000] {taskinstance.py:2306} INFO - Starting attempt 1 of 1
[2024-08-06T18:17:15.499+0000] {taskinstance.py:2330} INFO - Executing <Task(PythonSensor): sensor_congestion> on 2024-01-27 06:00:00+00:00
[2024-08-06T18:17:15.527+0000] {warnings.py:112} WARNING - /home/***/.local/lib/python3.12/site-packages/***/task/task_runner/standard_task_runner.py:62: DeprecationWarning: This process (pid=9698) is multi-threaded, use of fork() may lead to deadlocks in the child.
  pid = os.fork()

[2024-08-06T18:17:15.530+0000] {standard_task_runner.py:64} INFO - Started process 9719 to run task
[2024-08-06T18:17:15.540+0000] {standard_task_runner.py:90} INFO - Running: ['***', 'tasks', 'run', 'motower_daily_prod', 'sensor_congestion', 'scheduled__2024-01-27T06:00:00+00:00', '--job-id', '2618', '--raw', '--subdir', 'DAGS_FOLDER/gps/custom_dags/motower_daily.py', '--cfg-path', '/tmp/tmpyma79rm7']
[2024-08-06T18:17:15.551+0000] {standard_task_runner.py:91} INFO - Job 2618: Subtask sensor_congestion
[2024-08-06T18:17:15.763+0000] {task_command.py:426} INFO - Running <TaskInstance: motower_daily_prod.sensor_congestion scheduled__2024-01-27T06:00:00+00:00 [running]> on host 13681191f11c
[2024-08-06T18:17:16.111+0000] {taskinstance.py:2648} INFO - Exporting env vars: AIRFLOW_CTX_DAG_EMAIL='richmond.kongo@orange.com,assane.diop@orange.com,cyrille1.danho@orange.com,mohamed2.sylla@orange.com,amadou.diomande@orange.com,Jonas.kouame@orange.com,armand.kablan@orange.com,anicet.azombade@orange.com,etienne.kouadio@orange.com,bertine.kouakou@orange.com,florentine.kouakou@orange.com,ange.phaceli@orange.com,soulegame.soro@orange.com,innocent.yengo@orange.com' AIRFLOW_CTX_DAG_OWNER='***' AIRFLOW_CTX_DAG_ID='motower_daily_prod' AIRFLOW_CTX_TASK_ID='sensor_congestion' AIRFLOW_CTX_EXECUTION_DATE='2024-01-27T06:00:00+00:00' AIRFLOW_CTX_TRY_NUMBER='1' AIRFLOW_CTX_DAG_RUN_ID='scheduled__2024-01-27T06:00:00+00:00'
[2024-08-06T18:17:16.116+0000] {taskinstance.py:430} INFO - ::endgroup::
[2024-08-06T18:17:16.149+0000] {python.py:75} INFO - Poking callable: <function check_data_in_table at 0x701c42856fc0>
[2024-08-06T18:17:16.169+0000] {extract.py:126} INFO - Getting data of the table ks_hebdo_tdb_radio_drsi 
[2024-08-06T18:17:16.170+0000] {extract.py:127} INFO - where date is 2024-01-26
[2024-08-06T18:17:16.170+0000] {extract.py:98} INFO - get data to date 4 and year 2024
[2024-08-06T18:17:16.181+0000] {warnings.py:112} WARNING - /opt/***/dags/gps/common/extract.py:99: UserWarning: pandas only supports SQLAlchemy connectable (engine/connection) or database string URI or sqlite3 DBAPI2 connection. Other DBAPI2 objects are not tested. Please consider using SQLAlchemy.
  df_ = pd.read_sql_query(sql_query, conn, params=params)

[2024-08-06T18:17:16.547+0000] {base.py:294} INFO - Success criteria met. Exiting.
[2024-08-06T18:17:16.547+0000] {taskinstance.py:441} INFO - ::group::Post task execution logs
[2024-08-06T18:17:16.572+0000] {taskinstance.py:1206} INFO - Marking task as SUCCESS. dag_id=motower_daily_prod, task_id=sensor_congestion, run_id=scheduled__2024-01-27T06:00:00+00:00, execution_date=20240127T060000, start_date=20240806T181714, end_date=20240806T181716
[2024-08-06T18:17:16.654+0000] {local_task_job_runner.py:243} INFO - Task exited with return code 0
[2024-08-06T18:17:16.755+0000] {taskinstance.py:3503} INFO - 0 downstream tasks scheduled from follow-on schedule check
[2024-08-06T18:17:16.791+0000] {local_task_job_runner.py:222} INFO - ::endgroup::
