[2024-08-06T17:07:55.755+0000] {local_task_job_runner.py:120} INFO - ::group::Pre task execution logs
[2024-08-06T17:07:55.880+0000] {taskinstance.py:2076} INFO - Dependencies all met for dep_context=non-requeueable deps ti=<TaskInstance: motower_daily_prod.extracta scheduled__2024-03-28T06:00:00+00:00 [queued]>
[2024-08-06T17:07:55.912+0000] {taskinstance.py:2076} INFO - Dependencies all met for dep_context=requeueable deps ti=<TaskInstance: motower_daily_prod.extracta scheduled__2024-03-28T06:00:00+00:00 [queued]>
[2024-08-06T17:07:55.914+0000] {taskinstance.py:2306} INFO - Starting attempt 1 of 1
[2024-08-06T17:07:55.976+0000] {taskinstance.py:2330} INFO - Executing <Task(PythonOperator): extracta> on 2024-03-28 06:00:00+00:00
[2024-08-06T17:07:56.010+0000] {warnings.py:112} WARNING - /home/***/.local/lib/python3.12/site-packages/***/task/task_runner/standard_task_runner.py:62: DeprecationWarning: This process (pid=3478) is multi-threaded, use of fork() may lead to deadlocks in the child.
  pid = os.fork()

[2024-08-06T17:07:56.032+0000] {standard_task_runner.py:64} INFO - Started process 3495 to run task
[2024-08-06T17:07:56.035+0000] {standard_task_runner.py:90} INFO - Running: ['***', 'tasks', 'run', 'motower_daily_prod', 'extracta', 'scheduled__2024-03-28T06:00:00+00:00', '--job-id', '823', '--raw', '--subdir', 'DAGS_FOLDER/gps/custom_dags/motower_daily.py', '--cfg-path', '/tmp/tmpknyn_lzl']
[2024-08-06T17:07:56.039+0000] {standard_task_runner.py:91} INFO - Job 823: Subtask extracta
[2024-08-06T17:07:56.178+0000] {task_command.py:426} INFO - Running <TaskInstance: motower_daily_prod.extracta scheduled__2024-03-28T06:00:00+00:00 [running]> on host 13681191f11c
[2024-08-06T17:07:56.466+0000] {taskinstance.py:2648} INFO - Exporting env vars: AIRFLOW_CTX_DAG_EMAIL='richmond.kongo@orange.com,assane.diop@orange.com,cyrille1.danho@orange.com,mohamed2.sylla@orange.com,amadou.diomande@orange.com,Jonas.kouame@orange.com,armand.kablan@orange.com,anicet.azombade@orange.com,etienne.kouadio@orange.com,bertine.kouakou@orange.com,florentine.kouakou@orange.com,ange.phaceli@orange.com,soulegame.soro@orange.com,innocent.yengo@orange.com' AIRFLOW_CTX_DAG_OWNER='***' AIRFLOW_CTX_DAG_ID='motower_daily_prod' AIRFLOW_CTX_TASK_ID='extracta' AIRFLOW_CTX_EXECUTION_DATE='2024-03-28T06:00:00+00:00' AIRFLOW_CTX_TRY_NUMBER='1' AIRFLOW_CTX_DAG_RUN_ID='scheduled__2024-03-28T06:00:00+00:00'
[2024-08-06T17:07:56.468+0000] {taskinstance.py:430} INFO - ::endgroup::
[2024-08-06T17:07:56.515+0000] {extract.py:126} INFO - Getting data of the table dtm_motower_gsm 
[2024-08-06T17:07:56.516+0000] {extract.py:127} INFO - where date is 2024-03-27
[2024-08-06T17:07:56.516+0000] {extract.py:102} INFO - get data to date 20240327
[2024-08-06T17:07:56.543+0000] {warnings.py:112} WARNING - /opt/***/dags/gps/common/extract.py:103: UserWarning: pandas only supports SQLAlchemy connectable (engine/connection) or database string URI or sqlite3 DBAPI2 connection. Other DBAPI2 objects are not tested. Please consider using SQLAlchemy.
  df_ = pd.read_sql_query(sql_query, conn, params=params)

[2024-08-06T17:07:56.749+0000] {rwminio.py:19} INFO - start to save data
[2024-08-06T17:07:56.906+0000] {rwminio.py:34} INFO - data in minio ok
[2024-08-06T17:07:56.907+0000] {python.py:237} INFO - Done. Returned value was: None
[2024-08-06T17:07:56.908+0000] {taskinstance.py:441} INFO - ::group::Post task execution logs
[2024-08-06T17:07:57.024+0000] {taskinstance.py:1206} INFO - Marking task as SUCCESS. dag_id=motower_daily_prod, task_id=extracta, run_id=scheduled__2024-03-28T06:00:00+00:00, execution_date=20240328T060000, start_date=20240806T170755, end_date=20240806T170757
[2024-08-06T17:07:57.107+0000] {local_task_job_runner.py:243} INFO - Task exited with return code 0
[2024-08-06T17:07:57.135+0000] {local_task_job_runner.py:222} INFO - ::endgroup::
[2024-08-06T17:38:33.022+0000] {local_task_job_runner.py:120} INFO - ::group::Pre task execution logs
[2024-08-06T17:38:33.118+0000] {taskinstance.py:2076} INFO - Dependencies all met for dep_context=non-requeueable deps ti=<TaskInstance: motower_daily_prod.extracta scheduled__2024-03-28T06:00:00+00:00 [queued]>
[2024-08-06T17:38:33.150+0000] {taskinstance.py:2076} INFO - Dependencies all met for dep_context=requeueable deps ti=<TaskInstance: motower_daily_prod.extracta scheduled__2024-03-28T06:00:00+00:00 [queued]>
[2024-08-06T17:38:33.150+0000] {taskinstance.py:2306} INFO - Starting attempt 1 of 1
[2024-08-06T17:38:33.185+0000] {taskinstance.py:2330} INFO - Executing <Task(PythonOperator): extracta> on 2024-03-28 06:00:00+00:00
[2024-08-06T17:38:33.202+0000] {warnings.py:112} WARNING - /home/***/.local/lib/python3.12/site-packages/***/task/task_runner/standard_task_runner.py:62: DeprecationWarning: This process (pid=7627) is multi-threaded, use of fork() may lead to deadlocks in the child.
  pid = os.fork()

[2024-08-06T17:38:33.204+0000] {standard_task_runner.py:64} INFO - Started process 7635 to run task
[2024-08-06T17:38:33.205+0000] {standard_task_runner.py:90} INFO - Running: ['***', 'tasks', 'run', 'motower_daily_prod', 'extracta', 'scheduled__2024-03-28T06:00:00+00:00', '--job-id', '2088', '--raw', '--subdir', 'DAGS_FOLDER/gps/custom_dags/motower_daily.py', '--cfg-path', '/tmp/tmpwxn9gt_7']
[2024-08-06T17:38:33.209+0000] {standard_task_runner.py:91} INFO - Job 2088: Subtask extracta
[2024-08-06T17:38:33.322+0000] {task_command.py:426} INFO - Running <TaskInstance: motower_daily_prod.extracta scheduled__2024-03-28T06:00:00+00:00 [running]> on host 13681191f11c
[2024-08-06T17:38:33.626+0000] {taskinstance.py:2648} INFO - Exporting env vars: AIRFLOW_CTX_DAG_EMAIL='richmond.kongo@orange.com,assane.diop@orange.com,cyrille1.danho@orange.com,mohamed2.sylla@orange.com,amadou.diomande@orange.com,Jonas.kouame@orange.com,armand.kablan@orange.com,anicet.azombade@orange.com,etienne.kouadio@orange.com,bertine.kouakou@orange.com,florentine.kouakou@orange.com,ange.phaceli@orange.com,soulegame.soro@orange.com,innocent.yengo@orange.com' AIRFLOW_CTX_DAG_OWNER='***' AIRFLOW_CTX_DAG_ID='motower_daily_prod' AIRFLOW_CTX_TASK_ID='extracta' AIRFLOW_CTX_EXECUTION_DATE='2024-03-28T06:00:00+00:00' AIRFLOW_CTX_TRY_NUMBER='1' AIRFLOW_CTX_DAG_RUN_ID='scheduled__2024-03-28T06:00:00+00:00'
[2024-08-06T17:38:33.629+0000] {taskinstance.py:430} INFO - ::endgroup::
[2024-08-06T17:38:33.669+0000] {extract.py:126} INFO - Getting data of the table dtm_motower_gsm 
[2024-08-06T17:38:33.670+0000] {extract.py:127} INFO - where date is 2024-03-27
[2024-08-06T17:38:33.670+0000] {extract.py:102} INFO - get data to date 20240327
[2024-08-06T17:38:33.680+0000] {warnings.py:112} WARNING - /opt/***/dags/gps/common/extract.py:103: UserWarning: pandas only supports SQLAlchemy connectable (engine/connection) or database string URI or sqlite3 DBAPI2 connection. Other DBAPI2 objects are not tested. Please consider using SQLAlchemy.
  df_ = pd.read_sql_query(sql_query, conn, params=params)

[2024-08-06T17:38:33.826+0000] {rwminio.py:19} INFO - start to save data
[2024-08-06T17:38:33.968+0000] {rwminio.py:34} INFO - data in minio ok
[2024-08-06T17:38:33.969+0000] {python.py:237} INFO - Done. Returned value was: None
[2024-08-06T17:38:33.970+0000] {taskinstance.py:441} INFO - ::group::Post task execution logs
[2024-08-06T17:38:34.003+0000] {taskinstance.py:1206} INFO - Marking task as SUCCESS. dag_id=motower_daily_prod, task_id=extracta, run_id=scheduled__2024-03-28T06:00:00+00:00, execution_date=20240328T060000, start_date=20240806T173833, end_date=20240806T173834
[2024-08-06T17:38:34.074+0000] {local_task_job_runner.py:243} INFO - Task exited with return code 0
[2024-08-06T17:38:34.100+0000] {local_task_job_runner.py:222} INFO - ::endgroup::
[2024-08-06T18:26:11.777+0000] {local_task_job_runner.py:120} INFO - ::group::Pre task execution logs
[2024-08-06T18:26:11.842+0000] {taskinstance.py:2076} INFO - Dependencies all met for dep_context=non-requeueable deps ti=<TaskInstance: motower_daily_prod.extracta scheduled__2024-03-28T06:00:00+00:00 [queued]>
[2024-08-06T18:26:11.864+0000] {taskinstance.py:2076} INFO - Dependencies all met for dep_context=requeueable deps ti=<TaskInstance: motower_daily_prod.extracta scheduled__2024-03-28T06:00:00+00:00 [queued]>
[2024-08-06T18:26:11.865+0000] {taskinstance.py:2306} INFO - Starting attempt 1 of 1
[2024-08-06T18:26:11.888+0000] {taskinstance.py:2330} INFO - Executing <Task(PythonOperator): extracta> on 2024-03-28 06:00:00+00:00
[2024-08-06T18:26:11.903+0000] {warnings.py:112} WARNING - /home/***/.local/lib/python3.12/site-packages/***/task/task_runner/standard_task_runner.py:62: DeprecationWarning: This process (pid=11494) is multi-threaded, use of fork() may lead to deadlocks in the child.
  pid = os.fork()

[2024-08-06T18:26:11.905+0000] {standard_task_runner.py:64} INFO - Started process 11502 to run task
[2024-08-06T18:26:11.907+0000] {standard_task_runner.py:90} INFO - Running: ['***', 'tasks', 'run', 'motower_daily_prod', 'extracta', 'scheduled__2024-03-28T06:00:00+00:00', '--job-id', '3182', '--raw', '--subdir', 'DAGS_FOLDER/gps/custom_dags/motower_daily.py', '--cfg-path', '/tmp/tmp_f0rdhrv']
[2024-08-06T18:26:11.911+0000] {standard_task_runner.py:91} INFO - Job 3182: Subtask extracta
[2024-08-06T18:26:12.021+0000] {task_command.py:426} INFO - Running <TaskInstance: motower_daily_prod.extracta scheduled__2024-03-28T06:00:00+00:00 [running]> on host 13681191f11c
[2024-08-06T18:26:12.280+0000] {taskinstance.py:2648} INFO - Exporting env vars: AIRFLOW_CTX_DAG_EMAIL='richmond.kongo@orange.com,assane.diop@orange.com,cyrille1.danho@orange.com,mohamed2.sylla@orange.com,amadou.diomande@orange.com,Jonas.kouame@orange.com,armand.kablan@orange.com,anicet.azombade@orange.com,etienne.kouadio@orange.com,bertine.kouakou@orange.com,florentine.kouakou@orange.com,ange.phaceli@orange.com,soulegame.soro@orange.com,innocent.yengo@orange.com' AIRFLOW_CTX_DAG_OWNER='***' AIRFLOW_CTX_DAG_ID='motower_daily_prod' AIRFLOW_CTX_TASK_ID='extracta' AIRFLOW_CTX_EXECUTION_DATE='2024-03-28T06:00:00+00:00' AIRFLOW_CTX_TRY_NUMBER='1' AIRFLOW_CTX_DAG_RUN_ID='scheduled__2024-03-28T06:00:00+00:00'
[2024-08-06T18:26:12.288+0000] {taskinstance.py:430} INFO - ::endgroup::
[2024-08-06T18:26:12.391+0000] {extract.py:126} INFO - Getting data of the table dtm_motower_gsm 
[2024-08-06T18:26:12.392+0000] {extract.py:127} INFO - where date is 2024-03-27
[2024-08-06T18:26:12.393+0000] {extract.py:102} INFO - get data to date 20240327
[2024-08-06T18:26:12.413+0000] {warnings.py:112} WARNING - /opt/***/dags/gps/common/extract.py:103: UserWarning: pandas only supports SQLAlchemy connectable (engine/connection) or database string URI or sqlite3 DBAPI2 connection. Other DBAPI2 objects are not tested. Please consider using SQLAlchemy.
  df_ = pd.read_sql_query(sql_query, conn, params=params)

[2024-08-06T18:26:12.662+0000] {rwminio.py:19} INFO - start to save data
[2024-08-06T18:26:12.824+0000] {rwminio.py:34} INFO - data in minio ok
[2024-08-06T18:26:12.825+0000] {python.py:237} INFO - Done. Returned value was: None
[2024-08-06T18:26:12.826+0000] {taskinstance.py:441} INFO - ::group::Post task execution logs
[2024-08-06T18:26:12.873+0000] {taskinstance.py:1206} INFO - Marking task as SUCCESS. dag_id=motower_daily_prod, task_id=extracta, run_id=scheduled__2024-03-28T06:00:00+00:00, execution_date=20240328T060000, start_date=20240806T182611, end_date=20240806T182612
[2024-08-06T18:26:12.941+0000] {local_task_job_runner.py:243} INFO - Task exited with return code 0
[2024-08-06T18:26:13.008+0000] {taskinstance.py:3503} INFO - 0 downstream tasks scheduled from follow-on schedule check
[2024-08-06T18:26:13.010+0000] {local_task_job_runner.py:222} INFO - ::endgroup::
