[2024-08-06T17:11:04.684+0000] {local_task_job_runner.py:120} INFO - ::group::Pre task execution logs
[2024-08-06T17:11:05.215+0000] {taskinstance.py:2076} INFO - Dependencies all met for dep_context=non-requeueable deps ti=<TaskInstance: motower_daily_prod.gen_congestion_task scheduled__2024-04-20T06:00:00+00:00 [queued]>
[2024-08-06T17:11:05.241+0000] {taskinstance.py:2076} INFO - Dependencies all met for dep_context=requeueable deps ti=<TaskInstance: motower_daily_prod.gen_congestion_task scheduled__2024-04-20T06:00:00+00:00 [queued]>
[2024-08-06T17:11:05.242+0000] {taskinstance.py:2306} INFO - Starting attempt 1 of 1
[2024-08-06T17:11:05.282+0000] {taskinstance.py:2330} INFO - Executing <Task(PythonOperator): gen_congestion_task> on 2024-04-20 06:00:00+00:00
[2024-08-06T17:11:05.301+0000] {warnings.py:112} WARNING - /home/***/.local/lib/python3.12/site-packages/***/task/task_runner/standard_task_runner.py:62: DeprecationWarning: This process (pid=4162) is multi-threaded, use of fork() may lead to deadlocks in the child.
  pid = os.fork()

[2024-08-06T17:11:05.303+0000] {standard_task_runner.py:64} INFO - Started process 4184 to run task
[2024-08-06T17:11:05.311+0000] {standard_task_runner.py:90} INFO - Running: ['***', 'tasks', 'run', 'motower_daily_prod', 'gen_congestion_task', 'scheduled__2024-04-20T06:00:00+00:00', '--job-id', '1040', '--raw', '--subdir', 'DAGS_FOLDER/gps/custom_dags/motower_daily.py', '--cfg-path', '/tmp/tmp_6adfz6m']
[2024-08-06T17:11:05.315+0000] {standard_task_runner.py:91} INFO - Job 1040: Subtask gen_congestion_task
[2024-08-06T17:11:05.492+0000] {task_command.py:426} INFO - Running <TaskInstance: motower_daily_prod.gen_congestion_task scheduled__2024-04-20T06:00:00+00:00 [running]> on host 13681191f11c
[2024-08-06T17:11:05.851+0000] {taskinstance.py:2648} INFO - Exporting env vars: AIRFLOW_CTX_DAG_EMAIL='richmond.kongo@orange.com,assane.diop@orange.com,cyrille1.danho@orange.com,mohamed2.sylla@orange.com,amadou.diomande@orange.com,Jonas.kouame@orange.com,armand.kablan@orange.com,anicet.azombade@orange.com,etienne.kouadio@orange.com,bertine.kouakou@orange.com,florentine.kouakou@orange.com,ange.phaceli@orange.com,soulegame.soro@orange.com,innocent.yengo@orange.com' AIRFLOW_CTX_DAG_OWNER='***' AIRFLOW_CTX_DAG_ID='motower_daily_prod' AIRFLOW_CTX_TASK_ID='gen_congestion_task' AIRFLOW_CTX_EXECUTION_DATE='2024-04-20T06:00:00+00:00' AIRFLOW_CTX_TRY_NUMBER='1' AIRFLOW_CTX_DAG_RUN_ID='scheduled__2024-04-20T06:00:00+00:00'
[2024-08-06T17:11:05.853+0000] {taskinstance.py:430} INFO - ::endgroup::
[2024-08-06T17:11:06.875+0000] {python.py:237} INFO - Done. Returned value was: None
[2024-08-06T17:11:06.877+0000] {taskinstance.py:441} INFO - ::group::Post task execution logs
[2024-08-06T17:11:06.915+0000] {taskinstance.py:1206} INFO - Marking task as SUCCESS. dag_id=motower_daily_prod, task_id=gen_congestion_task, run_id=scheduled__2024-04-20T06:00:00+00:00, execution_date=20240420T060000, start_date=20240806T171105, end_date=20240806T171106
[2024-08-06T17:11:07.087+0000] {local_task_job_runner.py:243} INFO - Task exited with return code 0
[2024-08-06T17:11:07.128+0000] {taskinstance.py:3503} INFO - 0 downstream tasks scheduled from follow-on schedule check
[2024-08-06T17:11:07.141+0000] {local_task_job_runner.py:222} INFO - ::endgroup::
[2024-08-06T17:21:48.287+0000] {local_task_job_runner.py:120} INFO - ::group::Pre task execution logs
[2024-08-06T17:21:48.394+0000] {taskinstance.py:2076} INFO - Dependencies all met for dep_context=non-requeueable deps ti=<TaskInstance: motower_daily_prod.gen_congestion_task scheduled__2024-04-20T06:00:00+00:00 [queued]>
[2024-08-06T17:21:48.452+0000] {taskinstance.py:2076} INFO - Dependencies all met for dep_context=requeueable deps ti=<TaskInstance: motower_daily_prod.gen_congestion_task scheduled__2024-04-20T06:00:00+00:00 [queued]>
[2024-08-06T17:21:48.459+0000] {taskinstance.py:2306} INFO - Starting attempt 1 of 1
[2024-08-06T17:21:48.517+0000] {taskinstance.py:2330} INFO - Executing <Task(PythonOperator): gen_congestion_task> on 2024-04-20 06:00:00+00:00
[2024-08-06T17:21:48.543+0000] {warnings.py:112} WARNING - /home/***/.local/lib/python3.12/site-packages/***/task/task_runner/standard_task_runner.py:62: DeprecationWarning: This process (pid=4717) is multi-threaded, use of fork() may lead to deadlocks in the child.
  pid = os.fork()

[2024-08-06T17:21:48.549+0000] {standard_task_runner.py:64} INFO - Started process 4734 to run task
[2024-08-06T17:21:48.563+0000] {standard_task_runner.py:90} INFO - Running: ['***', 'tasks', 'run', 'motower_daily_prod', 'gen_congestion_task', 'scheduled__2024-04-20T06:00:00+00:00', '--job-id', '1178', '--raw', '--subdir', 'DAGS_FOLDER/gps/custom_dags/motower_daily.py', '--cfg-path', '/tmp/tmpohm_e7pu']
[2024-08-06T17:21:48.575+0000] {standard_task_runner.py:91} INFO - Job 1178: Subtask gen_congestion_task
[2024-08-06T17:21:48.732+0000] {task_command.py:426} INFO - Running <TaskInstance: motower_daily_prod.gen_congestion_task scheduled__2024-04-20T06:00:00+00:00 [running]> on host 13681191f11c
[2024-08-06T17:21:49.051+0000] {taskinstance.py:2648} INFO - Exporting env vars: AIRFLOW_CTX_DAG_EMAIL='richmond.kongo@orange.com,assane.diop@orange.com,cyrille1.danho@orange.com,mohamed2.sylla@orange.com,amadou.diomande@orange.com,Jonas.kouame@orange.com,armand.kablan@orange.com,anicet.azombade@orange.com,etienne.kouadio@orange.com,bertine.kouakou@orange.com,florentine.kouakou@orange.com,ange.phaceli@orange.com,soulegame.soro@orange.com,innocent.yengo@orange.com' AIRFLOW_CTX_DAG_OWNER='***' AIRFLOW_CTX_DAG_ID='motower_daily_prod' AIRFLOW_CTX_TASK_ID='gen_congestion_task' AIRFLOW_CTX_EXECUTION_DATE='2024-04-20T06:00:00+00:00' AIRFLOW_CTX_TRY_NUMBER='1' AIRFLOW_CTX_DAG_RUN_ID='scheduled__2024-04-20T06:00:00+00:00'
[2024-08-06T17:21:49.053+0000] {taskinstance.py:430} INFO - ::endgroup::
[2024-08-06T17:21:50.255+0000] {python.py:237} INFO - Done. Returned value was: None
[2024-08-06T17:21:50.257+0000] {taskinstance.py:441} INFO - ::group::Post task execution logs
[2024-08-06T17:21:50.302+0000] {taskinstance.py:1206} INFO - Marking task as SUCCESS. dag_id=motower_daily_prod, task_id=gen_congestion_task, run_id=scheduled__2024-04-20T06:00:00+00:00, execution_date=20240420T060000, start_date=20240806T172148, end_date=20240806T172150
[2024-08-06T17:21:51.145+0000] {local_task_job_runner.py:243} INFO - Task exited with return code 0
[2024-08-06T17:21:51.185+0000] {taskinstance.py:3503} INFO - 0 downstream tasks scheduled from follow-on schedule check
[2024-08-06T17:21:51.198+0000] {local_task_job_runner.py:222} INFO - ::endgroup::
[2024-08-06T17:22:41.283+0000] {local_task_job_runner.py:120} INFO - ::group::Pre task execution logs
[2024-08-06T17:22:41.381+0000] {taskinstance.py:2076} INFO - Dependencies all met for dep_context=non-requeueable deps ti=<TaskInstance: motower_daily_prod.gen_congestion_task scheduled__2024-04-20T06:00:00+00:00 [queued]>
[2024-08-06T17:22:41.411+0000] {taskinstance.py:2076} INFO - Dependencies all met for dep_context=requeueable deps ti=<TaskInstance: motower_daily_prod.gen_congestion_task scheduled__2024-04-20T06:00:00+00:00 [queued]>
[2024-08-06T17:22:41.411+0000] {taskinstance.py:2306} INFO - Starting attempt 1 of 1
[2024-08-06T17:22:41.448+0000] {taskinstance.py:2330} INFO - Executing <Task(PythonOperator): gen_congestion_task> on 2024-04-20 06:00:00+00:00
[2024-08-06T17:22:41.467+0000] {warnings.py:112} WARNING - /home/***/.local/lib/python3.12/site-packages/***/task/task_runner/standard_task_runner.py:62: DeprecationWarning: This process (pid=4907) is multi-threaded, use of fork() may lead to deadlocks in the child.
  pid = os.fork()

[2024-08-06T17:22:41.472+0000] {standard_task_runner.py:64} INFO - Started process 4920 to run task
[2024-08-06T17:22:41.483+0000] {standard_task_runner.py:90} INFO - Running: ['***', 'tasks', 'run', 'motower_daily_prod', 'gen_congestion_task', 'scheduled__2024-04-20T06:00:00+00:00', '--job-id', '1236', '--raw', '--subdir', 'DAGS_FOLDER/gps/custom_dags/motower_daily.py', '--cfg-path', '/tmp/tmpmhcca9zn']
[2024-08-06T17:22:41.487+0000] {standard_task_runner.py:91} INFO - Job 1236: Subtask gen_congestion_task
[2024-08-06T17:22:41.707+0000] {task_command.py:426} INFO - Running <TaskInstance: motower_daily_prod.gen_congestion_task scheduled__2024-04-20T06:00:00+00:00 [running]> on host 13681191f11c
[2024-08-06T17:22:42.229+0000] {taskinstance.py:2648} INFO - Exporting env vars: AIRFLOW_CTX_DAG_EMAIL='richmond.kongo@orange.com,assane.diop@orange.com,cyrille1.danho@orange.com,mohamed2.sylla@orange.com,amadou.diomande@orange.com,Jonas.kouame@orange.com,armand.kablan@orange.com,anicet.azombade@orange.com,etienne.kouadio@orange.com,bertine.kouakou@orange.com,florentine.kouakou@orange.com,ange.phaceli@orange.com,soulegame.soro@orange.com,innocent.yengo@orange.com' AIRFLOW_CTX_DAG_OWNER='***' AIRFLOW_CTX_DAG_ID='motower_daily_prod' AIRFLOW_CTX_TASK_ID='gen_congestion_task' AIRFLOW_CTX_EXECUTION_DATE='2024-04-20T06:00:00+00:00' AIRFLOW_CTX_TRY_NUMBER='1' AIRFLOW_CTX_DAG_RUN_ID='scheduled__2024-04-20T06:00:00+00:00'
[2024-08-06T17:22:42.236+0000] {taskinstance.py:430} INFO - ::endgroup::
[2024-08-06T17:22:43.259+0000] {python.py:237} INFO - Done. Returned value was: None
[2024-08-06T17:22:43.261+0000] {taskinstance.py:441} INFO - ::group::Post task execution logs
[2024-08-06T17:22:43.281+0000] {taskinstance.py:1206} INFO - Marking task as SUCCESS. dag_id=motower_daily_prod, task_id=gen_congestion_task, run_id=scheduled__2024-04-20T06:00:00+00:00, execution_date=20240420T060000, start_date=20240806T172241, end_date=20240806T172243
[2024-08-06T17:22:44.367+0000] {local_task_job_runner.py:243} INFO - Task exited with return code 0
[2024-08-06T17:22:44.416+0000] {taskinstance.py:3503} INFO - 0 downstream tasks scheduled from follow-on schedule check
[2024-08-06T17:22:44.419+0000] {local_task_job_runner.py:222} INFO - ::endgroup::
[2024-08-06T17:24:00.083+0000] {local_task_job_runner.py:120} INFO - ::group::Pre task execution logs
[2024-08-06T17:24:00.192+0000] {taskinstance.py:2076} INFO - Dependencies all met for dep_context=non-requeueable deps ti=<TaskInstance: motower_daily_prod.gen_congestion_task scheduled__2024-04-20T06:00:00+00:00 [queued]>
[2024-08-06T17:24:00.255+0000] {taskinstance.py:2076} INFO - Dependencies all met for dep_context=requeueable deps ti=<TaskInstance: motower_daily_prod.gen_congestion_task scheduled__2024-04-20T06:00:00+00:00 [queued]>
[2024-08-06T17:24:00.256+0000] {taskinstance.py:2306} INFO - Starting attempt 1 of 1
[2024-08-06T17:24:00.305+0000] {taskinstance.py:2330} INFO - Executing <Task(PythonOperator): gen_congestion_task> on 2024-04-20 06:00:00+00:00
[2024-08-06T17:24:00.324+0000] {warnings.py:112} WARNING - /home/***/.local/lib/python3.12/site-packages/***/task/task_runner/standard_task_runner.py:62: DeprecationWarning: This process (pid=5068) is multi-threaded, use of fork() may lead to deadlocks in the child.
  pid = os.fork()

[2024-08-06T17:24:00.328+0000] {standard_task_runner.py:64} INFO - Started process 5084 to run task
[2024-08-06T17:24:00.327+0000] {standard_task_runner.py:90} INFO - Running: ['***', 'tasks', 'run', 'motower_daily_prod', 'gen_congestion_task', 'scheduled__2024-04-20T06:00:00+00:00', '--job-id', '1286', '--raw', '--subdir', 'DAGS_FOLDER/gps/custom_dags/motower_daily.py', '--cfg-path', '/tmp/tmprnoai3qz']
[2024-08-06T17:24:00.344+0000] {standard_task_runner.py:91} INFO - Job 1286: Subtask gen_congestion_task
[2024-08-06T17:24:00.528+0000] {task_command.py:426} INFO - Running <TaskInstance: motower_daily_prod.gen_congestion_task scheduled__2024-04-20T06:00:00+00:00 [running]> on host 13681191f11c
[2024-08-06T17:24:00.882+0000] {taskinstance.py:2648} INFO - Exporting env vars: AIRFLOW_CTX_DAG_EMAIL='richmond.kongo@orange.com,assane.diop@orange.com,cyrille1.danho@orange.com,mohamed2.sylla@orange.com,amadou.diomande@orange.com,Jonas.kouame@orange.com,armand.kablan@orange.com,anicet.azombade@orange.com,etienne.kouadio@orange.com,bertine.kouakou@orange.com,florentine.kouakou@orange.com,ange.phaceli@orange.com,soulegame.soro@orange.com,innocent.yengo@orange.com' AIRFLOW_CTX_DAG_OWNER='***' AIRFLOW_CTX_DAG_ID='motower_daily_prod' AIRFLOW_CTX_TASK_ID='gen_congestion_task' AIRFLOW_CTX_EXECUTION_DATE='2024-04-20T06:00:00+00:00' AIRFLOW_CTX_TRY_NUMBER='1' AIRFLOW_CTX_DAG_RUN_ID='scheduled__2024-04-20T06:00:00+00:00'
[2024-08-06T17:24:00.884+0000] {taskinstance.py:430} INFO - ::endgroup::
[2024-08-06T17:24:01.796+0000] {python.py:237} INFO - Done. Returned value was: None
[2024-08-06T17:24:01.798+0000] {taskinstance.py:441} INFO - ::group::Post task execution logs
[2024-08-06T17:24:01.829+0000] {taskinstance.py:1206} INFO - Marking task as SUCCESS. dag_id=motower_daily_prod, task_id=gen_congestion_task, run_id=scheduled__2024-04-20T06:00:00+00:00, execution_date=20240420T060000, start_date=20240806T172400, end_date=20240806T172401
[2024-08-06T17:24:02.926+0000] {local_task_job_runner.py:243} INFO - Task exited with return code 0
[2024-08-06T17:24:02.954+0000] {taskinstance.py:3503} INFO - 0 downstream tasks scheduled from follow-on schedule check
[2024-08-06T17:24:02.956+0000] {local_task_job_runner.py:222} INFO - ::endgroup::
[2024-08-06T17:41:46.908+0000] {local_task_job_runner.py:120} INFO - ::group::Pre task execution logs
[2024-08-06T17:41:47.353+0000] {taskinstance.py:2076} INFO - Dependencies all met for dep_context=non-requeueable deps ti=<TaskInstance: motower_daily_prod.gen_congestion_task scheduled__2024-04-20T06:00:00+00:00 [queued]>
[2024-08-06T17:41:47.380+0000] {taskinstance.py:2076} INFO - Dependencies all met for dep_context=requeueable deps ti=<TaskInstance: motower_daily_prod.gen_congestion_task scheduled__2024-04-20T06:00:00+00:00 [queued]>
[2024-08-06T17:41:47.380+0000] {taskinstance.py:2306} INFO - Starting attempt 1 of 1
[2024-08-06T17:41:47.975+0000] {taskinstance.py:2330} INFO - Executing <Task(PythonOperator): gen_congestion_task> on 2024-04-20 06:00:00+00:00
[2024-08-06T17:41:48.001+0000] {warnings.py:112} WARNING - /home/***/.local/lib/python3.12/site-packages/***/task/task_runner/standard_task_runner.py:62: DeprecationWarning: This process (pid=8307) is multi-threaded, use of fork() may lead to deadlocks in the child.
  pid = os.fork()

[2024-08-06T17:41:48.004+0000] {standard_task_runner.py:64} INFO - Started process 8325 to run task
[2024-08-06T17:41:48.018+0000] {standard_task_runner.py:90} INFO - Running: ['***', 'tasks', 'run', 'motower_daily_prod', 'gen_congestion_task', 'scheduled__2024-04-20T06:00:00+00:00', '--job-id', '2302', '--raw', '--subdir', 'DAGS_FOLDER/gps/custom_dags/motower_daily.py', '--cfg-path', '/tmp/tmpwmjl3k1w']
[2024-08-06T17:41:48.029+0000] {standard_task_runner.py:91} INFO - Job 2302: Subtask gen_congestion_task
[2024-08-06T17:41:48.192+0000] {task_command.py:426} INFO - Running <TaskInstance: motower_daily_prod.gen_congestion_task scheduled__2024-04-20T06:00:00+00:00 [running]> on host 13681191f11c
[2024-08-06T17:41:49.364+0000] {taskinstance.py:2648} INFO - Exporting env vars: AIRFLOW_CTX_DAG_EMAIL='richmond.kongo@orange.com,assane.diop@orange.com,cyrille1.danho@orange.com,mohamed2.sylla@orange.com,amadou.diomande@orange.com,Jonas.kouame@orange.com,armand.kablan@orange.com,anicet.azombade@orange.com,etienne.kouadio@orange.com,bertine.kouakou@orange.com,florentine.kouakou@orange.com,ange.phaceli@orange.com,soulegame.soro@orange.com,innocent.yengo@orange.com' AIRFLOW_CTX_DAG_OWNER='***' AIRFLOW_CTX_DAG_ID='motower_daily_prod' AIRFLOW_CTX_TASK_ID='gen_congestion_task' AIRFLOW_CTX_EXECUTION_DATE='2024-04-20T06:00:00+00:00' AIRFLOW_CTX_TRY_NUMBER='1' AIRFLOW_CTX_DAG_RUN_ID='scheduled__2024-04-20T06:00:00+00:00'
[2024-08-06T17:41:49.367+0000] {taskinstance.py:430} INFO - ::endgroup::
[2024-08-06T17:41:50.618+0000] {python.py:237} INFO - Done. Returned value was: None
[2024-08-06T17:41:50.620+0000] {taskinstance.py:441} INFO - ::group::Post task execution logs
[2024-08-06T17:41:50.662+0000] {taskinstance.py:1206} INFO - Marking task as SUCCESS. dag_id=motower_daily_prod, task_id=gen_congestion_task, run_id=scheduled__2024-04-20T06:00:00+00:00, execution_date=20240420T060000, start_date=20240806T174147, end_date=20240806T174150
[2024-08-06T17:41:50.734+0000] {local_task_job_runner.py:243} INFO - Task exited with return code 0
[2024-08-06T17:41:50.780+0000] {taskinstance.py:3503} INFO - 0 downstream tasks scheduled from follow-on schedule check
[2024-08-06T17:41:50.791+0000] {local_task_job_runner.py:222} INFO - ::endgroup::
