[2024-08-06T17:08:06.821+0000] {local_task_job_runner.py:120} INFO - ::group::Pre task execution logs
[2024-08-06T17:08:06.917+0000] {taskinstance.py:2076} INFO - Dependencies all met for dep_context=non-requeueable deps ti=<TaskInstance: motower_daily_prod.extract_congestion scheduled__2024-03-29T06:00:00+00:00 [queued]>
[2024-08-06T17:08:06.948+0000] {taskinstance.py:2076} INFO - Dependencies all met for dep_context=requeueable deps ti=<TaskInstance: motower_daily_prod.extract_congestion scheduled__2024-03-29T06:00:00+00:00 [queued]>
[2024-08-06T17:08:06.950+0000] {taskinstance.py:2306} INFO - Starting attempt 1 of 1
[2024-08-06T17:08:06.983+0000] {taskinstance.py:2330} INFO - Executing <Task(PythonOperator): extract_congestion> on 2024-03-29 06:00:00+00:00
[2024-08-06T17:08:07.008+0000] {warnings.py:112} WARNING - /home/***/.local/lib/python3.12/site-packages/***/task/task_runner/standard_task_runner.py:62: DeprecationWarning: This process (pid=3520) is multi-threaded, use of fork() may lead to deadlocks in the child.
  pid = os.fork()

[2024-08-06T17:08:07.011+0000] {standard_task_runner.py:64} INFO - Started process 3538 to run task
[2024-08-06T17:08:07.012+0000] {standard_task_runner.py:90} INFO - Running: ['***', 'tasks', 'run', 'motower_daily_prod', 'extract_congestion', 'scheduled__2024-03-29T06:00:00+00:00', '--job-id', '836', '--raw', '--subdir', 'DAGS_FOLDER/gps/custom_dags/motower_daily.py', '--cfg-path', '/tmp/tmpc33oxn4h']
[2024-08-06T17:08:07.016+0000] {standard_task_runner.py:91} INFO - Job 836: Subtask extract_congestion
[2024-08-06T17:08:07.144+0000] {task_command.py:426} INFO - Running <TaskInstance: motower_daily_prod.extract_congestion scheduled__2024-03-29T06:00:00+00:00 [running]> on host 13681191f11c
[2024-08-06T17:08:07.691+0000] {taskinstance.py:2648} INFO - Exporting env vars: AIRFLOW_CTX_DAG_EMAIL='richmond.kongo@orange.com,assane.diop@orange.com,cyrille1.danho@orange.com,mohamed2.sylla@orange.com,amadou.diomande@orange.com,Jonas.kouame@orange.com,armand.kablan@orange.com,anicet.azombade@orange.com,etienne.kouadio@orange.com,bertine.kouakou@orange.com,florentine.kouakou@orange.com,ange.phaceli@orange.com,soulegame.soro@orange.com,innocent.yengo@orange.com' AIRFLOW_CTX_DAG_OWNER='***' AIRFLOW_CTX_DAG_ID='motower_daily_prod' AIRFLOW_CTX_TASK_ID='extract_congestion' AIRFLOW_CTX_EXECUTION_DATE='2024-03-29T06:00:00+00:00' AIRFLOW_CTX_TRY_NUMBER='1' AIRFLOW_CTX_DAG_RUN_ID='scheduled__2024-03-29T06:00:00+00:00'
[2024-08-06T17:08:07.693+0000] {taskinstance.py:430} INFO - ::endgroup::
[2024-08-06T17:08:07.763+0000] {extract.py:126} INFO - Getting data of the table ks_hebdo_tdb_radio_drsi 
[2024-08-06T17:08:07.764+0000] {extract.py:127} INFO - where date is 2024-03-28
[2024-08-06T17:08:07.765+0000] {extract.py:98} INFO - get data to date 13 and year 2024
[2024-08-06T17:08:07.789+0000] {warnings.py:112} WARNING - /opt/***/dags/gps/common/extract.py:99: UserWarning: pandas only supports SQLAlchemy connectable (engine/connection) or database string URI or sqlite3 DBAPI2 connection. Other DBAPI2 objects are not tested. Please consider using SQLAlchemy.
  df_ = pd.read_sql_query(sql_query, conn, params=params)

[2024-08-06T17:08:08.151+0000] {rwminio.py:19} INFO - start to save data
[2024-08-06T17:08:08.543+0000] {rwminio.py:34} INFO - data in minio ok
[2024-08-06T17:08:08.552+0000] {python.py:237} INFO - Done. Returned value was: None
[2024-08-06T17:08:08.554+0000] {taskinstance.py:441} INFO - ::group::Post task execution logs
[2024-08-06T17:08:08.597+0000] {taskinstance.py:1206} INFO - Marking task as SUCCESS. dag_id=motower_daily_prod, task_id=extract_congestion, run_id=scheduled__2024-03-29T06:00:00+00:00, execution_date=20240329T060000, start_date=20240806T170806, end_date=20240806T170808
[2024-08-06T17:08:08.706+0000] {local_task_job_runner.py:243} INFO - Task exited with return code 0
[2024-08-06T17:08:08.773+0000] {taskinstance.py:3503} INFO - 1 downstream tasks scheduled from follow-on schedule check
[2024-08-06T17:08:08.776+0000] {local_task_job_runner.py:222} INFO - ::endgroup::
[2024-08-06T17:38:46.453+0000] {local_task_job_runner.py:120} INFO - ::group::Pre task execution logs
[2024-08-06T17:38:46.553+0000] {taskinstance.py:2076} INFO - Dependencies all met for dep_context=non-requeueable deps ti=<TaskInstance: motower_daily_prod.extract_congestion scheduled__2024-03-29T06:00:00+00:00 [queued]>
[2024-08-06T17:38:46.582+0000] {taskinstance.py:2076} INFO - Dependencies all met for dep_context=requeueable deps ti=<TaskInstance: motower_daily_prod.extract_congestion scheduled__2024-03-29T06:00:00+00:00 [queued]>
[2024-08-06T17:38:46.583+0000] {taskinstance.py:2306} INFO - Starting attempt 1 of 1
[2024-08-06T17:38:46.904+0000] {taskinstance.py:2330} INFO - Executing <Task(PythonOperator): extract_congestion> on 2024-03-29 06:00:00+00:00
[2024-08-06T17:38:46.926+0000] {warnings.py:112} WARNING - /home/***/.local/lib/python3.12/site-packages/***/task/task_runner/standard_task_runner.py:62: DeprecationWarning: This process (pid=7673) is multi-threaded, use of fork() may lead to deadlocks in the child.
  pid = os.fork()

[2024-08-06T17:38:46.931+0000] {standard_task_runner.py:64} INFO - Started process 7694 to run task
[2024-08-06T17:38:46.945+0000] {standard_task_runner.py:90} INFO - Running: ['***', 'tasks', 'run', 'motower_daily_prod', 'extract_congestion', 'scheduled__2024-03-29T06:00:00+00:00', '--job-id', '2101', '--raw', '--subdir', 'DAGS_FOLDER/gps/custom_dags/motower_daily.py', '--cfg-path', '/tmp/tmp6b4g6ld7']
[2024-08-06T17:38:46.949+0000] {standard_task_runner.py:91} INFO - Job 2101: Subtask extract_congestion
[2024-08-06T17:38:47.188+0000] {task_command.py:426} INFO - Running <TaskInstance: motower_daily_prod.extract_congestion scheduled__2024-03-29T06:00:00+00:00 [running]> on host 13681191f11c
[2024-08-06T17:38:47.643+0000] {taskinstance.py:2648} INFO - Exporting env vars: AIRFLOW_CTX_DAG_EMAIL='richmond.kongo@orange.com,assane.diop@orange.com,cyrille1.danho@orange.com,mohamed2.sylla@orange.com,amadou.diomande@orange.com,Jonas.kouame@orange.com,armand.kablan@orange.com,anicet.azombade@orange.com,etienne.kouadio@orange.com,bertine.kouakou@orange.com,florentine.kouakou@orange.com,ange.phaceli@orange.com,soulegame.soro@orange.com,innocent.yengo@orange.com' AIRFLOW_CTX_DAG_OWNER='***' AIRFLOW_CTX_DAG_ID='motower_daily_prod' AIRFLOW_CTX_TASK_ID='extract_congestion' AIRFLOW_CTX_EXECUTION_DATE='2024-03-29T06:00:00+00:00' AIRFLOW_CTX_TRY_NUMBER='1' AIRFLOW_CTX_DAG_RUN_ID='scheduled__2024-03-29T06:00:00+00:00'
[2024-08-06T17:38:47.650+0000] {taskinstance.py:430} INFO - ::endgroup::
[2024-08-06T17:38:47.745+0000] {extract.py:126} INFO - Getting data of the table ks_hebdo_tdb_radio_drsi 
[2024-08-06T17:38:47.746+0000] {extract.py:127} INFO - where date is 2024-03-28
[2024-08-06T17:38:47.746+0000] {extract.py:98} INFO - get data to date 13 and year 2024
[2024-08-06T17:38:47.759+0000] {warnings.py:112} WARNING - /opt/***/dags/gps/common/extract.py:99: UserWarning: pandas only supports SQLAlchemy connectable (engine/connection) or database string URI or sqlite3 DBAPI2 connection. Other DBAPI2 objects are not tested. Please consider using SQLAlchemy.
  df_ = pd.read_sql_query(sql_query, conn, params=params)

[2024-08-06T17:38:48.157+0000] {rwminio.py:19} INFO - start to save data
[2024-08-06T17:38:48.502+0000] {rwminio.py:34} INFO - data in minio ok
[2024-08-06T17:38:48.514+0000] {python.py:237} INFO - Done. Returned value was: None
[2024-08-06T17:38:48.515+0000] {taskinstance.py:441} INFO - ::group::Post task execution logs
[2024-08-06T17:38:48.542+0000] {taskinstance.py:1206} INFO - Marking task as SUCCESS. dag_id=motower_daily_prod, task_id=extract_congestion, run_id=scheduled__2024-03-29T06:00:00+00:00, execution_date=20240329T060000, start_date=20240806T173846, end_date=20240806T173848
[2024-08-06T17:38:48.817+0000] {local_task_job_runner.py:243} INFO - Task exited with return code 0
[2024-08-06T17:38:48.891+0000] {taskinstance.py:3503} INFO - 0 downstream tasks scheduled from follow-on schedule check
[2024-08-06T17:38:48.894+0000] {local_task_job_runner.py:222} INFO - ::endgroup::
[2024-08-06T18:26:18.009+0000] {local_task_job_runner.py:120} INFO - ::group::Pre task execution logs
[2024-08-06T18:26:18.477+0000] {taskinstance.py:2076} INFO - Dependencies all met for dep_context=non-requeueable deps ti=<TaskInstance: motower_daily_prod.extract_congestion scheduled__2024-03-29T06:00:00+00:00 [queued]>
[2024-08-06T18:26:18.504+0000] {taskinstance.py:2076} INFO - Dependencies all met for dep_context=requeueable deps ti=<TaskInstance: motower_daily_prod.extract_congestion scheduled__2024-03-29T06:00:00+00:00 [queued]>
[2024-08-06T18:26:18.506+0000] {taskinstance.py:2306} INFO - Starting attempt 1 of 1
[2024-08-06T18:26:18.541+0000] {taskinstance.py:2330} INFO - Executing <Task(PythonOperator): extract_congestion> on 2024-03-29 06:00:00+00:00
[2024-08-06T18:26:18.556+0000] {warnings.py:112} WARNING - /home/***/.local/lib/python3.12/site-packages/***/task/task_runner/standard_task_runner.py:62: DeprecationWarning: This process (pid=11522) is multi-threaded, use of fork() may lead to deadlocks in the child.
  pid = os.fork()

[2024-08-06T18:26:18.559+0000] {standard_task_runner.py:64} INFO - Started process 11537 to run task
[2024-08-06T18:26:18.564+0000] {standard_task_runner.py:90} INFO - Running: ['***', 'tasks', 'run', 'motower_daily_prod', 'extract_congestion', 'scheduled__2024-03-29T06:00:00+00:00', '--job-id', '3193', '--raw', '--subdir', 'DAGS_FOLDER/gps/custom_dags/motower_daily.py', '--cfg-path', '/tmp/tmpvrydjepz']
[2024-08-06T18:26:18.569+0000] {standard_task_runner.py:91} INFO - Job 3193: Subtask extract_congestion
[2024-08-06T18:26:18.670+0000] {task_command.py:426} INFO - Running <TaskInstance: motower_daily_prod.extract_congestion scheduled__2024-03-29T06:00:00+00:00 [running]> on host 13681191f11c
[2024-08-06T18:26:18.870+0000] {taskinstance.py:2648} INFO - Exporting env vars: AIRFLOW_CTX_DAG_EMAIL='richmond.kongo@orange.com,assane.diop@orange.com,cyrille1.danho@orange.com,mohamed2.sylla@orange.com,amadou.diomande@orange.com,Jonas.kouame@orange.com,armand.kablan@orange.com,anicet.azombade@orange.com,etienne.kouadio@orange.com,bertine.kouakou@orange.com,florentine.kouakou@orange.com,ange.phaceli@orange.com,soulegame.soro@orange.com,innocent.yengo@orange.com' AIRFLOW_CTX_DAG_OWNER='***' AIRFLOW_CTX_DAG_ID='motower_daily_prod' AIRFLOW_CTX_TASK_ID='extract_congestion' AIRFLOW_CTX_EXECUTION_DATE='2024-03-29T06:00:00+00:00' AIRFLOW_CTX_TRY_NUMBER='1' AIRFLOW_CTX_DAG_RUN_ID='scheduled__2024-03-29T06:00:00+00:00'
[2024-08-06T18:26:18.871+0000] {taskinstance.py:430} INFO - ::endgroup::
[2024-08-06T18:26:18.895+0000] {extract.py:126} INFO - Getting data of the table ks_hebdo_tdb_radio_drsi 
[2024-08-06T18:26:18.896+0000] {extract.py:127} INFO - where date is 2024-03-28
[2024-08-06T18:26:18.897+0000] {extract.py:98} INFO - get data to date 13 and year 2024
[2024-08-06T18:26:18.907+0000] {warnings.py:112} WARNING - /opt/***/dags/gps/common/extract.py:99: UserWarning: pandas only supports SQLAlchemy connectable (engine/connection) or database string URI or sqlite3 DBAPI2 connection. Other DBAPI2 objects are not tested. Please consider using SQLAlchemy.
  df_ = pd.read_sql_query(sql_query, conn, params=params)

[2024-08-06T18:26:19.101+0000] {rwminio.py:19} INFO - start to save data
[2024-08-06T18:26:19.270+0000] {rwminio.py:34} INFO - data in minio ok
[2024-08-06T18:26:19.276+0000] {python.py:237} INFO - Done. Returned value was: None
[2024-08-06T18:26:19.277+0000] {taskinstance.py:441} INFO - ::group::Post task execution logs
[2024-08-06T18:26:19.297+0000] {taskinstance.py:1206} INFO - Marking task as SUCCESS. dag_id=motower_daily_prod, task_id=extract_congestion, run_id=scheduled__2024-03-29T06:00:00+00:00, execution_date=20240329T060000, start_date=20240806T182618, end_date=20240806T182619
[2024-08-06T18:26:19.341+0000] {local_task_job_runner.py:243} INFO - Task exited with return code 0
[2024-08-06T18:26:19.390+0000] {taskinstance.py:3503} INFO - 0 downstream tasks scheduled from follow-on schedule check
[2024-08-06T18:26:19.392+0000] {local_task_job_runner.py:222} INFO - ::endgroup::
