[2024-08-06T17:08:06.658+0000] {local_task_job_runner.py:120} INFO - ::group::Pre task execution logs
[2024-08-06T17:08:06.755+0000] {taskinstance.py:2076} INFO - Dependencies all met for dep_context=non-requeueable deps ti=<TaskInstance: motower_daily_prod.clean_trafic_task scheduled__2024-03-28T06:00:00+00:00 [queued]>
[2024-08-06T17:08:06.794+0000] {taskinstance.py:2076} INFO - Dependencies all met for dep_context=requeueable deps ti=<TaskInstance: motower_daily_prod.clean_trafic_task scheduled__2024-03-28T06:00:00+00:00 [queued]>
[2024-08-06T17:08:06.795+0000] {taskinstance.py:2306} INFO - Starting attempt 1 of 1
[2024-08-06T17:08:06.839+0000] {taskinstance.py:2330} INFO - Executing <Task(PythonOperator): clean_trafic_task> on 2024-03-28 06:00:00+00:00
[2024-08-06T17:08:06.856+0000] {warnings.py:112} WARNING - /home/***/.local/lib/python3.12/site-packages/***/task/task_runner/standard_task_runner.py:62: DeprecationWarning: This process (pid=3522) is multi-threaded, use of fork() may lead to deadlocks in the child.
  pid = os.fork()

[2024-08-06T17:08:06.859+0000] {standard_task_runner.py:64} INFO - Started process 3537 to run task
[2024-08-06T17:08:06.866+0000] {standard_task_runner.py:90} INFO - Running: ['***', 'tasks', 'run', 'motower_daily_prod', 'clean_trafic_task', 'scheduled__2024-03-28T06:00:00+00:00', '--job-id', '835', '--raw', '--subdir', 'DAGS_FOLDER/gps/custom_dags/motower_daily.py', '--cfg-path', '/tmp/tmp0q304i9q']
[2024-08-06T17:08:06.870+0000] {standard_task_runner.py:91} INFO - Job 835: Subtask clean_trafic_task
[2024-08-06T17:08:07.002+0000] {task_command.py:426} INFO - Running <TaskInstance: motower_daily_prod.clean_trafic_task scheduled__2024-03-28T06:00:00+00:00 [running]> on host 13681191f11c
[2024-08-06T17:08:07.443+0000] {taskinstance.py:2648} INFO - Exporting env vars: AIRFLOW_CTX_DAG_EMAIL='richmond.kongo@orange.com,assane.diop@orange.com,cyrille1.danho@orange.com,mohamed2.sylla@orange.com,amadou.diomande@orange.com,Jonas.kouame@orange.com,armand.kablan@orange.com,anicet.azombade@orange.com,etienne.kouadio@orange.com,bertine.kouakou@orange.com,florentine.kouakou@orange.com,ange.phaceli@orange.com,soulegame.soro@orange.com,innocent.yengo@orange.com' AIRFLOW_CTX_DAG_OWNER='***' AIRFLOW_CTX_DAG_ID='motower_daily_prod' AIRFLOW_CTX_TASK_ID='clean_trafic_task' AIRFLOW_CTX_EXECUTION_DATE='2024-03-28T06:00:00+00:00' AIRFLOW_CTX_TRY_NUMBER='1' AIRFLOW_CTX_DAG_RUN_ID='scheduled__2024-03-28T06:00:00+00:00'
[2024-08-06T17:08:07.445+0000] {taskinstance.py:430} INFO - ::endgroup::
[2024-08-06T17:08:07.703+0000] {data_validation.py:11} INFO - START VALIDATION OF COLUMN trafic_data_go
[2024-08-06T17:08:07.706+0000] {data_validation.py:20} INFO - DATA OF COLUMN trafic_data_go ARE VALID
[2024-08-06T17:08:07.707+0000] {data_validation.py:11} INFO - START VALIDATION OF COLUMN trafic_voix_erl
[2024-08-06T17:08:07.709+0000] {data_validation.py:20} INFO - DATA OF COLUMN trafic_voix_erl ARE VALID
[2024-08-06T17:08:07.710+0000] {motower_daily.py:267} INFO - prepare final data
[2024-08-06T17:08:07.769+0000] {logging_mixin.py:188} INFO - ================================
[2024-08-06T17:08:07.769+0000] {logging_mixin.py:188} INFO - object
[2024-08-06T17:08:08.764+0000] {python.py:237} INFO - Done. Returned value was: None
[2024-08-06T17:08:08.766+0000] {taskinstance.py:441} INFO - ::group::Post task execution logs
[2024-08-06T17:08:08.790+0000] {taskinstance.py:1206} INFO - Marking task as SUCCESS. dag_id=motower_daily_prod, task_id=clean_trafic_task, run_id=scheduled__2024-03-28T06:00:00+00:00, execution_date=20240328T060000, start_date=20240806T170806, end_date=20240806T170808
[2024-08-06T17:08:08.860+0000] {local_task_job_runner.py:243} INFO - Task exited with return code 0
[2024-08-06T17:08:08.943+0000] {taskinstance.py:3503} INFO - 0 downstream tasks scheduled from follow-on schedule check
[2024-08-06T17:08:08.946+0000] {local_task_job_runner.py:222} INFO - ::endgroup::
[2024-08-06T17:38:47.798+0000] {local_task_job_runner.py:120} INFO - ::group::Pre task execution logs
[2024-08-06T17:38:48.368+0000] {taskinstance.py:2076} INFO - Dependencies all met for dep_context=non-requeueable deps ti=<TaskInstance: motower_daily_prod.clean_trafic_task scheduled__2024-03-28T06:00:00+00:00 [queued]>
[2024-08-06T17:38:48.394+0000] {taskinstance.py:2076} INFO - Dependencies all met for dep_context=requeueable deps ti=<TaskInstance: motower_daily_prod.clean_trafic_task scheduled__2024-03-28T06:00:00+00:00 [queued]>
[2024-08-06T17:38:48.395+0000] {taskinstance.py:2306} INFO - Starting attempt 1 of 1
[2024-08-06T17:38:48.426+0000] {taskinstance.py:2330} INFO - Executing <Task(PythonOperator): clean_trafic_task> on 2024-03-28 06:00:00+00:00
[2024-08-06T17:38:48.447+0000] {warnings.py:112} WARNING - /home/***/.local/lib/python3.12/site-packages/***/task/task_runner/standard_task_runner.py:62: DeprecationWarning: This process (pid=7684) is multi-threaded, use of fork() may lead to deadlocks in the child.
  pid = os.fork()

[2024-08-06T17:38:48.450+0000] {standard_task_runner.py:64} INFO - Started process 7696 to run task
[2024-08-06T17:38:48.458+0000] {standard_task_runner.py:90} INFO - Running: ['***', 'tasks', 'run', 'motower_daily_prod', 'clean_trafic_task', 'scheduled__2024-03-28T06:00:00+00:00', '--job-id', '2104', '--raw', '--subdir', 'DAGS_FOLDER/gps/custom_dags/motower_daily.py', '--cfg-path', '/tmp/tmpjj9foa35']
[2024-08-06T17:38:48.462+0000] {standard_task_runner.py:91} INFO - Job 2104: Subtask clean_trafic_task
[2024-08-06T17:38:48.571+0000] {task_command.py:426} INFO - Running <TaskInstance: motower_daily_prod.clean_trafic_task scheduled__2024-03-28T06:00:00+00:00 [running]> on host 13681191f11c
[2024-08-06T17:38:48.827+0000] {taskinstance.py:2648} INFO - Exporting env vars: AIRFLOW_CTX_DAG_EMAIL='richmond.kongo@orange.com,assane.diop@orange.com,cyrille1.danho@orange.com,mohamed2.sylla@orange.com,amadou.diomande@orange.com,Jonas.kouame@orange.com,armand.kablan@orange.com,anicet.azombade@orange.com,etienne.kouadio@orange.com,bertine.kouakou@orange.com,florentine.kouakou@orange.com,ange.phaceli@orange.com,soulegame.soro@orange.com,innocent.yengo@orange.com' AIRFLOW_CTX_DAG_OWNER='***' AIRFLOW_CTX_DAG_ID='motower_daily_prod' AIRFLOW_CTX_TASK_ID='clean_trafic_task' AIRFLOW_CTX_EXECUTION_DATE='2024-03-28T06:00:00+00:00' AIRFLOW_CTX_TRY_NUMBER='1' AIRFLOW_CTX_DAG_RUN_ID='scheduled__2024-03-28T06:00:00+00:00'
[2024-08-06T17:38:48.829+0000] {taskinstance.py:430} INFO - ::endgroup::
[2024-08-06T17:38:49.067+0000] {data_validation.py:11} INFO - START VALIDATION OF COLUMN trafic_data_go
[2024-08-06T17:38:49.070+0000] {data_validation.py:20} INFO - DATA OF COLUMN trafic_data_go ARE VALID
[2024-08-06T17:38:49.071+0000] {data_validation.py:11} INFO - START VALIDATION OF COLUMN trafic_voix_erl
[2024-08-06T17:38:49.073+0000] {data_validation.py:20} INFO - DATA OF COLUMN trafic_voix_erl ARE VALID
[2024-08-06T17:38:49.074+0000] {motower_daily.py:267} INFO - prepare final data
[2024-08-06T17:38:49.122+0000] {logging_mixin.py:188} INFO - ================================
[2024-08-06T17:38:49.123+0000] {logging_mixin.py:188} INFO - object
[2024-08-06T17:38:49.912+0000] {python.py:237} INFO - Done. Returned value was: None
[2024-08-06T17:38:49.915+0000] {taskinstance.py:441} INFO - ::group::Post task execution logs
[2024-08-06T17:38:49.937+0000] {taskinstance.py:1206} INFO - Marking task as SUCCESS. dag_id=motower_daily_prod, task_id=clean_trafic_task, run_id=scheduled__2024-03-28T06:00:00+00:00, execution_date=20240328T060000, start_date=20240806T173848, end_date=20240806T173849
[2024-08-06T17:38:50.033+0000] {local_task_job_runner.py:243} INFO - Task exited with return code 0
[2024-08-06T17:38:50.143+0000] {taskinstance.py:3503} INFO - 0 downstream tasks scheduled from follow-on schedule check
[2024-08-06T17:38:50.159+0000] {local_task_job_runner.py:222} INFO - ::endgroup::
[2024-08-06T18:26:19.788+0000] {local_task_job_runner.py:120} INFO - ::group::Pre task execution logs
[2024-08-06T18:26:19.848+0000] {taskinstance.py:2076} INFO - Dependencies all met for dep_context=non-requeueable deps ti=<TaskInstance: motower_daily_prod.clean_trafic_task scheduled__2024-03-28T06:00:00+00:00 [queued]>
[2024-08-06T18:26:19.873+0000] {taskinstance.py:2076} INFO - Dependencies all met for dep_context=requeueable deps ti=<TaskInstance: motower_daily_prod.clean_trafic_task scheduled__2024-03-28T06:00:00+00:00 [queued]>
[2024-08-06T18:26:19.874+0000] {taskinstance.py:2306} INFO - Starting attempt 1 of 1
[2024-08-06T18:26:19.898+0000] {taskinstance.py:2330} INFO - Executing <Task(PythonOperator): clean_trafic_task> on 2024-03-28 06:00:00+00:00
[2024-08-06T18:26:19.910+0000] {warnings.py:112} WARNING - /home/***/.local/lib/python3.12/site-packages/***/task/task_runner/standard_task_runner.py:62: DeprecationWarning: This process (pid=11532) is multi-threaded, use of fork() may lead to deadlocks in the child.
  pid = os.fork()

[2024-08-06T18:26:19.911+0000] {standard_task_runner.py:64} INFO - Started process 11540 to run task
[2024-08-06T18:26:19.912+0000] {standard_task_runner.py:90} INFO - Running: ['***', 'tasks', 'run', 'motower_daily_prod', 'clean_trafic_task', 'scheduled__2024-03-28T06:00:00+00:00', '--job-id', '3196', '--raw', '--subdir', 'DAGS_FOLDER/gps/custom_dags/motower_daily.py', '--cfg-path', '/tmp/tmpv0f5me59']
[2024-08-06T18:26:19.915+0000] {standard_task_runner.py:91} INFO - Job 3196: Subtask clean_trafic_task
[2024-08-06T18:26:20.003+0000] {task_command.py:426} INFO - Running <TaskInstance: motower_daily_prod.clean_trafic_task scheduled__2024-03-28T06:00:00+00:00 [running]> on host 13681191f11c
[2024-08-06T18:26:20.210+0000] {taskinstance.py:2648} INFO - Exporting env vars: AIRFLOW_CTX_DAG_EMAIL='richmond.kongo@orange.com,assane.diop@orange.com,cyrille1.danho@orange.com,mohamed2.sylla@orange.com,amadou.diomande@orange.com,Jonas.kouame@orange.com,armand.kablan@orange.com,anicet.azombade@orange.com,etienne.kouadio@orange.com,bertine.kouakou@orange.com,florentine.kouakou@orange.com,ange.phaceli@orange.com,soulegame.soro@orange.com,innocent.yengo@orange.com' AIRFLOW_CTX_DAG_OWNER='***' AIRFLOW_CTX_DAG_ID='motower_daily_prod' AIRFLOW_CTX_TASK_ID='clean_trafic_task' AIRFLOW_CTX_EXECUTION_DATE='2024-03-28T06:00:00+00:00' AIRFLOW_CTX_TRY_NUMBER='1' AIRFLOW_CTX_DAG_RUN_ID='scheduled__2024-03-28T06:00:00+00:00'
[2024-08-06T18:26:20.213+0000] {taskinstance.py:430} INFO - ::endgroup::
[2024-08-06T18:26:20.367+0000] {data_validation.py:11} INFO - START VALIDATION OF COLUMN trafic_data_go
[2024-08-06T18:26:20.369+0000] {data_validation.py:20} INFO - DATA OF COLUMN trafic_data_go ARE VALID
[2024-08-06T18:26:20.370+0000] {data_validation.py:11} INFO - START VALIDATION OF COLUMN trafic_voix_erl
[2024-08-06T18:26:20.372+0000] {data_validation.py:20} INFO - DATA OF COLUMN trafic_voix_erl ARE VALID
[2024-08-06T18:26:20.372+0000] {motower_daily.py:267} INFO - prepare final data
[2024-08-06T18:26:20.422+0000] {logging_mixin.py:188} INFO - ================================
[2024-08-06T18:26:20.423+0000] {logging_mixin.py:188} INFO - object
[2024-08-06T18:26:20.844+0000] {python.py:237} INFO - Done. Returned value was: None
[2024-08-06T18:26:20.845+0000] {taskinstance.py:441} INFO - ::group::Post task execution logs
[2024-08-06T18:26:20.858+0000] {taskinstance.py:1206} INFO - Marking task as SUCCESS. dag_id=motower_daily_prod, task_id=clean_trafic_task, run_id=scheduled__2024-03-28T06:00:00+00:00, execution_date=20240328T060000, start_date=20240806T182619, end_date=20240806T182620
[2024-08-06T18:26:21.178+0000] {local_task_job_runner.py:243} INFO - Task exited with return code 0
[2024-08-06T18:26:21.204+0000] {taskinstance.py:3503} INFO - 0 downstream tasks scheduled from follow-on schedule check
[2024-08-06T18:26:21.206+0000] {local_task_job_runner.py:222} INFO - ::endgroup::
