[2024-08-06T16:56:58.215+0000] {local_task_job_runner.py:120} INFO - ::group::Pre task execution logs
[2024-08-06T16:56:58.356+0000] {taskinstance.py:2076} INFO - Dependencies all met for dep_context=non-requeueable deps ti=<TaskInstance: motower_daily_prod.sensor_trafic scheduled__2024-01-08T06:00:00+00:00 [queued]>
[2024-08-06T16:56:58.386+0000] {taskinstance.py:2076} INFO - Dependencies all met for dep_context=requeueable deps ti=<TaskInstance: motower_daily_prod.sensor_trafic scheduled__2024-01-08T06:00:00+00:00 [queued]>
[2024-08-06T16:56:58.387+0000] {taskinstance.py:2306} INFO - Starting attempt 1 of 1
[2024-08-06T16:56:58.446+0000] {taskinstance.py:2330} INFO - Executing <Task(PythonSensor): sensor_trafic> on 2024-01-08 06:00:00+00:00
[2024-08-06T16:56:58.477+0000] {warnings.py:112} WARNING - /home/***/.local/lib/python3.12/site-packages/***/task/task_runner/standard_task_runner.py:62: DeprecationWarning: This process (pid=1182) is multi-threaded, use of fork() may lead to deadlocks in the child.
  pid = os.fork()

[2024-08-06T16:56:58.480+0000] {standard_task_runner.py:64} INFO - Started process 1202 to run task
[2024-08-06T16:56:58.487+0000] {standard_task_runner.py:90} INFO - Running: ['***', 'tasks', 'run', 'motower_daily_prod', 'sensor_trafic', 'scheduled__2024-01-08T06:00:00+00:00', '--job-id', '99', '--raw', '--subdir', 'DAGS_FOLDER/gps/custom_dags/motower_daily.py', '--cfg-path', '/tmp/tmpoua523t_']
[2024-08-06T16:56:58.492+0000] {standard_task_runner.py:91} INFO - Job 99: Subtask sensor_trafic
[2024-08-06T16:56:58.633+0000] {task_command.py:426} INFO - Running <TaskInstance: motower_daily_prod.sensor_trafic scheduled__2024-01-08T06:00:00+00:00 [running]> on host 13681191f11c
[2024-08-06T16:56:59.118+0000] {taskinstance.py:2648} INFO - Exporting env vars: AIRFLOW_CTX_DAG_EMAIL='richmond.kongo@orange.com,assane.diop@orange.com,cyrille1.danho@orange.com,mohamed2.sylla@orange.com,amadou.diomande@orange.com,Jonas.kouame@orange.com,armand.kablan@orange.com,anicet.azombade@orange.com,etienne.kouadio@orange.com,bertine.kouakou@orange.com,florentine.kouakou@orange.com,ange.phaceli@orange.com,soulegame.soro@orange.com,innocent.yengo@orange.com' AIRFLOW_CTX_DAG_OWNER='***' AIRFLOW_CTX_DAG_ID='motower_daily_prod' AIRFLOW_CTX_TASK_ID='sensor_trafic' AIRFLOW_CTX_EXECUTION_DATE='2024-01-08T06:00:00+00:00' AIRFLOW_CTX_TRY_NUMBER='1' AIRFLOW_CTX_DAG_RUN_ID='scheduled__2024-01-08T06:00:00+00:00'
[2024-08-06T16:56:59.120+0000] {taskinstance.py:430} INFO - ::endgroup::
[2024-08-06T16:56:59.153+0000] {python.py:75} INFO - Poking callable: <function check_data_in_table at 0x701c270bc680>
[2024-08-06T16:56:59.160+0000] {extract.py:126} INFO - Getting data of the table ks_daily_tdb_radio_drsi 
[2024-08-06T16:56:59.161+0000] {extract.py:127} INFO - where date is 2024-01-07
[2024-08-06T16:56:59.161+0000] {extract.py:102} INFO - get data to date 2024-01-07
[2024-08-06T16:56:59.174+0000] {warnings.py:112} WARNING - /opt/***/dags/gps/common/extract.py:103: UserWarning: pandas only supports SQLAlchemy connectable (engine/connection) or database string URI or sqlite3 DBAPI2 connection. Other DBAPI2 objects are not tested. Please consider using SQLAlchemy.
  df_ = pd.read_sql_query(sql_query, conn, params=params)

[2024-08-06T16:56:59.682+0000] {base.py:294} INFO - Success criteria met. Exiting.
[2024-08-06T16:56:59.683+0000] {taskinstance.py:441} INFO - ::group::Post task execution logs
[2024-08-06T16:56:59.704+0000] {taskinstance.py:1206} INFO - Marking task as SUCCESS. dag_id=motower_daily_prod, task_id=sensor_trafic, run_id=scheduled__2024-01-08T06:00:00+00:00, execution_date=20240108T060000, start_date=20240806T165658, end_date=20240806T165659
[2024-08-06T16:56:59.772+0000] {local_task_job_runner.py:243} INFO - Task exited with return code 0
[2024-08-06T16:56:59.793+0000] {local_task_job_runner.py:222} INFO - ::endgroup::
[2024-08-06T17:27:26.191+0000] {local_task_job_runner.py:120} INFO - ::group::Pre task execution logs
[2024-08-06T17:27:26.307+0000] {taskinstance.py:2076} INFO - Dependencies all met for dep_context=non-requeueable deps ti=<TaskInstance: motower_daily_prod.sensor_trafic scheduled__2024-01-08T06:00:00+00:00 [queued]>
[2024-08-06T17:27:26.333+0000] {taskinstance.py:2076} INFO - Dependencies all met for dep_context=requeueable deps ti=<TaskInstance: motower_daily_prod.sensor_trafic scheduled__2024-01-08T06:00:00+00:00 [queued]>
[2024-08-06T17:27:26.334+0000] {taskinstance.py:2306} INFO - Starting attempt 1 of 1
[2024-08-06T17:27:26.367+0000] {taskinstance.py:2330} INFO - Executing <Task(PythonSensor): sensor_trafic> on 2024-01-08 06:00:00+00:00
[2024-08-06T17:27:26.388+0000] {warnings.py:112} WARNING - /home/***/.local/lib/python3.12/site-packages/***/task/task_runner/standard_task_runner.py:62: DeprecationWarning: This process (pid=5330) is multi-threaded, use of fork() may lead to deadlocks in the child.
  pid = os.fork()

[2024-08-06T17:27:26.390+0000] {standard_task_runner.py:64} INFO - Started process 5348 to run task
[2024-08-06T17:27:26.397+0000] {standard_task_runner.py:90} INFO - Running: ['***', 'tasks', 'run', 'motower_daily_prod', 'sensor_trafic', 'scheduled__2024-01-08T06:00:00+00:00', '--job-id', '1361', '--raw', '--subdir', 'DAGS_FOLDER/gps/custom_dags/motower_daily.py', '--cfg-path', '/tmp/tmp1wfhmt2m']
[2024-08-06T17:27:26.401+0000] {standard_task_runner.py:91} INFO - Job 1361: Subtask sensor_trafic
[2024-08-06T17:27:26.544+0000] {task_command.py:426} INFO - Running <TaskInstance: motower_daily_prod.sensor_trafic scheduled__2024-01-08T06:00:00+00:00 [running]> on host 13681191f11c
[2024-08-06T17:27:26.946+0000] {taskinstance.py:2648} INFO - Exporting env vars: AIRFLOW_CTX_DAG_EMAIL='richmond.kongo@orange.com,assane.diop@orange.com,cyrille1.danho@orange.com,mohamed2.sylla@orange.com,amadou.diomande@orange.com,Jonas.kouame@orange.com,armand.kablan@orange.com,anicet.azombade@orange.com,etienne.kouadio@orange.com,bertine.kouakou@orange.com,florentine.kouakou@orange.com,ange.phaceli@orange.com,soulegame.soro@orange.com,innocent.yengo@orange.com' AIRFLOW_CTX_DAG_OWNER='***' AIRFLOW_CTX_DAG_ID='motower_daily_prod' AIRFLOW_CTX_TASK_ID='sensor_trafic' AIRFLOW_CTX_EXECUTION_DATE='2024-01-08T06:00:00+00:00' AIRFLOW_CTX_TRY_NUMBER='1' AIRFLOW_CTX_DAG_RUN_ID='scheduled__2024-01-08T06:00:00+00:00'
[2024-08-06T17:27:26.953+0000] {taskinstance.py:430} INFO - ::endgroup::
[2024-08-06T17:27:27.042+0000] {python.py:75} INFO - Poking callable: <function check_data_in_table at 0x701c428b02c0>
[2024-08-06T17:27:27.080+0000] {extract.py:126} INFO - Getting data of the table ks_daily_tdb_radio_drsi 
[2024-08-06T17:27:27.081+0000] {extract.py:127} INFO - where date is 2024-01-07
[2024-08-06T17:27:27.082+0000] {extract.py:102} INFO - get data to date 2024-01-07
[2024-08-06T17:27:27.097+0000] {warnings.py:112} WARNING - /opt/***/dags/gps/common/extract.py:103: UserWarning: pandas only supports SQLAlchemy connectable (engine/connection) or database string URI or sqlite3 DBAPI2 connection. Other DBAPI2 objects are not tested. Please consider using SQLAlchemy.
  df_ = pd.read_sql_query(sql_query, conn, params=params)

[2024-08-06T17:27:27.760+0000] {base.py:294} INFO - Success criteria met. Exiting.
[2024-08-06T17:27:27.761+0000] {taskinstance.py:441} INFO - ::group::Post task execution logs
[2024-08-06T17:27:27.786+0000] {taskinstance.py:1206} INFO - Marking task as SUCCESS. dag_id=motower_daily_prod, task_id=sensor_trafic, run_id=scheduled__2024-01-08T06:00:00+00:00, execution_date=20240108T060000, start_date=20240806T172726, end_date=20240806T172727
[2024-08-06T17:27:27.907+0000] {local_task_job_runner.py:243} INFO - Task exited with return code 0
[2024-08-06T17:27:27.944+0000] {local_task_job_runner.py:222} INFO - ::endgroup::
[2024-08-06T18:15:06.461+0000] {local_task_job_runner.py:120} INFO - ::group::Pre task execution logs
[2024-08-06T18:15:07.118+0000] {taskinstance.py:2076} INFO - Dependencies all met for dep_context=non-requeueable deps ti=<TaskInstance: motower_daily_prod.sensor_trafic scheduled__2024-01-08T06:00:00+00:00 [queued]>
[2024-08-06T18:15:07.162+0000] {taskinstance.py:2076} INFO - Dependencies all met for dep_context=requeueable deps ti=<TaskInstance: motower_daily_prod.sensor_trafic scheduled__2024-01-08T06:00:00+00:00 [queued]>
[2024-08-06T18:15:07.167+0000] {taskinstance.py:2306} INFO - Starting attempt 1 of 1
[2024-08-06T18:15:07.243+0000] {taskinstance.py:2330} INFO - Executing <Task(PythonSensor): sensor_trafic> on 2024-01-08 06:00:00+00:00
[2024-08-06T18:15:07.265+0000] {warnings.py:112} WARNING - /home/***/.local/lib/python3.12/site-packages/***/task/task_runner/standard_task_runner.py:62: DeprecationWarning: This process (pid=9214) is multi-threaded, use of fork() may lead to deadlocks in the child.
  pid = os.fork()

[2024-08-06T18:15:07.268+0000] {standard_task_runner.py:64} INFO - Started process 9230 to run task
[2024-08-06T18:15:07.286+0000] {standard_task_runner.py:90} INFO - Running: ['***', 'tasks', 'run', 'motower_daily_prod', 'sensor_trafic', 'scheduled__2024-01-08T06:00:00+00:00', '--job-id', '2459', '--raw', '--subdir', 'DAGS_FOLDER/gps/custom_dags/motower_daily.py', '--cfg-path', '/tmp/tmpnxaw40md']
[2024-08-06T18:15:07.304+0000] {standard_task_runner.py:91} INFO - Job 2459: Subtask sensor_trafic
[2024-08-06T18:15:07.458+0000] {task_command.py:426} INFO - Running <TaskInstance: motower_daily_prod.sensor_trafic scheduled__2024-01-08T06:00:00+00:00 [running]> on host 13681191f11c
[2024-08-06T18:15:07.774+0000] {taskinstance.py:2648} INFO - Exporting env vars: AIRFLOW_CTX_DAG_EMAIL='richmond.kongo@orange.com,assane.diop@orange.com,cyrille1.danho@orange.com,mohamed2.sylla@orange.com,amadou.diomande@orange.com,Jonas.kouame@orange.com,armand.kablan@orange.com,anicet.azombade@orange.com,etienne.kouadio@orange.com,bertine.kouakou@orange.com,florentine.kouakou@orange.com,ange.phaceli@orange.com,soulegame.soro@orange.com,innocent.yengo@orange.com' AIRFLOW_CTX_DAG_OWNER='***' AIRFLOW_CTX_DAG_ID='motower_daily_prod' AIRFLOW_CTX_TASK_ID='sensor_trafic' AIRFLOW_CTX_EXECUTION_DATE='2024-01-08T06:00:00+00:00' AIRFLOW_CTX_TRY_NUMBER='1' AIRFLOW_CTX_DAG_RUN_ID='scheduled__2024-01-08T06:00:00+00:00'
[2024-08-06T18:15:07.775+0000] {taskinstance.py:430} INFO - ::endgroup::
[2024-08-06T18:15:07.814+0000] {python.py:75} INFO - Poking callable: <function check_data_in_table at 0x701c26f037e0>
[2024-08-06T18:15:07.822+0000] {extract.py:126} INFO - Getting data of the table ks_daily_tdb_radio_drsi 
[2024-08-06T18:15:07.822+0000] {extract.py:127} INFO - where date is 2024-01-07
[2024-08-06T18:15:07.823+0000] {extract.py:102} INFO - get data to date 2024-01-07
[2024-08-06T18:15:07.835+0000] {warnings.py:112} WARNING - /opt/***/dags/gps/common/extract.py:103: UserWarning: pandas only supports SQLAlchemy connectable (engine/connection) or database string URI or sqlite3 DBAPI2 connection. Other DBAPI2 objects are not tested. Please consider using SQLAlchemy.
  df_ = pd.read_sql_query(sql_query, conn, params=params)

[2024-08-06T18:15:08.466+0000] {base.py:294} INFO - Success criteria met. Exiting.
[2024-08-06T18:15:08.466+0000] {taskinstance.py:441} INFO - ::group::Post task execution logs
[2024-08-06T18:15:08.496+0000] {taskinstance.py:1206} INFO - Marking task as SUCCESS. dag_id=motower_daily_prod, task_id=sensor_trafic, run_id=scheduled__2024-01-08T06:00:00+00:00, execution_date=20240108T060000, start_date=20240806T181507, end_date=20240806T181508
[2024-08-06T18:15:08.578+0000] {local_task_job_runner.py:243} INFO - Task exited with return code 0
[2024-08-06T18:15:08.600+0000] {local_task_job_runner.py:222} INFO - ::endgroup::
