[2024-08-06T16:58:14.273+0000] {local_task_job_runner.py:120} INFO - ::group::Pre task execution logs
[2024-08-06T16:58:14.932+0000] {taskinstance.py:2076} INFO - Dependencies all met for dep_context=non-requeueable deps ti=<TaskInstance: motower_daily_prod.extract_congestion scheduled__2024-01-17T06:00:00+00:00 [queued]>
[2024-08-06T16:58:15.039+0000] {taskinstance.py:2076} INFO - Dependencies all met for dep_context=requeueable deps ti=<TaskInstance: motower_daily_prod.extract_congestion scheduled__2024-01-17T06:00:00+00:00 [queued]>
[2024-08-06T16:58:15.039+0000] {taskinstance.py:2306} INFO - Starting attempt 1 of 1
[2024-08-06T16:58:15.880+0000] {taskinstance.py:2330} INFO - Executing <Task(PythonOperator): extract_congestion> on 2024-01-17 06:00:00+00:00
[2024-08-06T16:58:15.916+0000] {warnings.py:112} WARNING - /home/***/.local/lib/python3.12/site-packages/***/task/task_runner/standard_task_runner.py:62: DeprecationWarning: This process (pid=1489) is multi-threaded, use of fork() may lead to deadlocks in the child.
  pid = os.fork()

[2024-08-06T16:58:15.930+0000] {standard_task_runner.py:64} INFO - Started process 1511 to run task
[2024-08-06T16:58:15.926+0000] {standard_task_runner.py:90} INFO - Running: ['***', 'tasks', 'run', 'motower_daily_prod', 'extract_congestion', 'scheduled__2024-01-17T06:00:00+00:00', '--job-id', '196', '--raw', '--subdir', 'DAGS_FOLDER/gps/custom_dags/motower_daily.py', '--cfg-path', '/tmp/tmpibx11_7v']
[2024-08-06T16:58:15.932+0000] {standard_task_runner.py:91} INFO - Job 196: Subtask extract_congestion
[2024-08-06T16:58:16.110+0000] {task_command.py:426} INFO - Running <TaskInstance: motower_daily_prod.extract_congestion scheduled__2024-01-17T06:00:00+00:00 [running]> on host 13681191f11c
[2024-08-06T16:58:16.448+0000] {taskinstance.py:2648} INFO - Exporting env vars: AIRFLOW_CTX_DAG_EMAIL='richmond.kongo@orange.com,assane.diop@orange.com,cyrille1.danho@orange.com,mohamed2.sylla@orange.com,amadou.diomande@orange.com,Jonas.kouame@orange.com,armand.kablan@orange.com,anicet.azombade@orange.com,etienne.kouadio@orange.com,bertine.kouakou@orange.com,florentine.kouakou@orange.com,ange.phaceli@orange.com,soulegame.soro@orange.com,innocent.yengo@orange.com' AIRFLOW_CTX_DAG_OWNER='***' AIRFLOW_CTX_DAG_ID='motower_daily_prod' AIRFLOW_CTX_TASK_ID='extract_congestion' AIRFLOW_CTX_EXECUTION_DATE='2024-01-17T06:00:00+00:00' AIRFLOW_CTX_TRY_NUMBER='1' AIRFLOW_CTX_DAG_RUN_ID='scheduled__2024-01-17T06:00:00+00:00'
[2024-08-06T16:58:16.449+0000] {taskinstance.py:430} INFO - ::endgroup::
[2024-08-06T16:58:16.523+0000] {extract.py:126} INFO - Getting data of the table ks_hebdo_tdb_radio_drsi 
[2024-08-06T16:58:16.524+0000] {extract.py:127} INFO - where date is 2024-01-16
[2024-08-06T16:58:16.525+0000] {extract.py:98} INFO - get data to date 3 and year 2024
[2024-08-06T16:58:16.536+0000] {warnings.py:112} WARNING - /opt/***/dags/gps/common/extract.py:99: UserWarning: pandas only supports SQLAlchemy connectable (engine/connection) or database string URI or sqlite3 DBAPI2 connection. Other DBAPI2 objects are not tested. Please consider using SQLAlchemy.
  df_ = pd.read_sql_query(sql_query, conn, params=params)

[2024-08-06T16:58:16.982+0000] {rwminio.py:19} INFO - start to save data
[2024-08-06T16:58:17.279+0000] {rwminio.py:34} INFO - data in minio ok
[2024-08-06T16:58:17.293+0000] {python.py:237} INFO - Done. Returned value was: None
[2024-08-06T16:58:17.305+0000] {taskinstance.py:441} INFO - ::group::Post task execution logs
[2024-08-06T16:58:17.352+0000] {taskinstance.py:1206} INFO - Marking task as SUCCESS. dag_id=motower_daily_prod, task_id=extract_congestion, run_id=scheduled__2024-01-17T06:00:00+00:00, execution_date=20240117T060000, start_date=20240806T165814, end_date=20240806T165817
[2024-08-06T16:58:17.441+0000] {local_task_job_runner.py:243} INFO - Task exited with return code 0
[2024-08-06T16:58:17.566+0000] {taskinstance.py:3503} INFO - 0 downstream tasks scheduled from follow-on schedule check
[2024-08-06T16:58:17.571+0000] {local_task_job_runner.py:222} INFO - ::endgroup::
[2024-08-06T17:28:38.112+0000] {local_task_job_runner.py:120} INFO - ::group::Pre task execution logs
[2024-08-06T17:28:38.272+0000] {taskinstance.py:2076} INFO - Dependencies all met for dep_context=non-requeueable deps ti=<TaskInstance: motower_daily_prod.extract_congestion scheduled__2024-01-17T06:00:00+00:00 [queued]>
[2024-08-06T17:28:38.329+0000] {taskinstance.py:2076} INFO - Dependencies all met for dep_context=requeueable deps ti=<TaskInstance: motower_daily_prod.extract_congestion scheduled__2024-01-17T06:00:00+00:00 [queued]>
[2024-08-06T17:28:38.335+0000] {taskinstance.py:2306} INFO - Starting attempt 1 of 1
[2024-08-06T17:28:38.403+0000] {taskinstance.py:2330} INFO - Executing <Task(PythonOperator): extract_congestion> on 2024-01-17 06:00:00+00:00
[2024-08-06T17:28:38.420+0000] {warnings.py:112} WARNING - /home/***/.local/lib/python3.12/site-packages/***/task/task_runner/standard_task_runner.py:62: DeprecationWarning: This process (pid=5623) is multi-threaded, use of fork() may lead to deadlocks in the child.
  pid = os.fork()

[2024-08-06T17:28:38.422+0000] {standard_task_runner.py:64} INFO - Started process 5635 to run task
[2024-08-06T17:28:38.424+0000] {standard_task_runner.py:90} INFO - Running: ['***', 'tasks', 'run', 'motower_daily_prod', 'extract_congestion', 'scheduled__2024-01-17T06:00:00+00:00', '--job-id', '1453', '--raw', '--subdir', 'DAGS_FOLDER/gps/custom_dags/motower_daily.py', '--cfg-path', '/tmp/tmp4xyuwb0n']
[2024-08-06T17:28:38.472+0000] {standard_task_runner.py:91} INFO - Job 1453: Subtask extract_congestion
[2024-08-06T17:28:38.621+0000] {task_command.py:426} INFO - Running <TaskInstance: motower_daily_prod.extract_congestion scheduled__2024-01-17T06:00:00+00:00 [running]> on host 13681191f11c
[2024-08-06T17:28:39.231+0000] {taskinstance.py:2648} INFO - Exporting env vars: AIRFLOW_CTX_DAG_EMAIL='richmond.kongo@orange.com,assane.diop@orange.com,cyrille1.danho@orange.com,mohamed2.sylla@orange.com,amadou.diomande@orange.com,Jonas.kouame@orange.com,armand.kablan@orange.com,anicet.azombade@orange.com,etienne.kouadio@orange.com,bertine.kouakou@orange.com,florentine.kouakou@orange.com,ange.phaceli@orange.com,soulegame.soro@orange.com,innocent.yengo@orange.com' AIRFLOW_CTX_DAG_OWNER='***' AIRFLOW_CTX_DAG_ID='motower_daily_prod' AIRFLOW_CTX_TASK_ID='extract_congestion' AIRFLOW_CTX_EXECUTION_DATE='2024-01-17T06:00:00+00:00' AIRFLOW_CTX_TRY_NUMBER='1' AIRFLOW_CTX_DAG_RUN_ID='scheduled__2024-01-17T06:00:00+00:00'
[2024-08-06T17:28:39.237+0000] {taskinstance.py:430} INFO - ::endgroup::
[2024-08-06T17:28:39.358+0000] {extract.py:126} INFO - Getting data of the table ks_hebdo_tdb_radio_drsi 
[2024-08-06T17:28:39.359+0000] {extract.py:127} INFO - where date is 2024-01-16
[2024-08-06T17:28:39.359+0000] {extract.py:98} INFO - get data to date 3 and year 2024
[2024-08-06T17:28:39.382+0000] {warnings.py:112} WARNING - /opt/***/dags/gps/common/extract.py:99: UserWarning: pandas only supports SQLAlchemy connectable (engine/connection) or database string URI or sqlite3 DBAPI2 connection. Other DBAPI2 objects are not tested. Please consider using SQLAlchemy.
  df_ = pd.read_sql_query(sql_query, conn, params=params)

[2024-08-06T17:28:39.909+0000] {rwminio.py:19} INFO - start to save data
[2024-08-06T17:28:40.333+0000] {rwminio.py:34} INFO - data in minio ok
[2024-08-06T17:28:40.341+0000] {python.py:237} INFO - Done. Returned value was: None
[2024-08-06T17:28:40.342+0000] {taskinstance.py:441} INFO - ::group::Post task execution logs
[2024-08-06T17:28:40.392+0000] {taskinstance.py:1206} INFO - Marking task as SUCCESS. dag_id=motower_daily_prod, task_id=extract_congestion, run_id=scheduled__2024-01-17T06:00:00+00:00, execution_date=20240117T060000, start_date=20240806T172838, end_date=20240806T172840
[2024-08-06T17:28:41.070+0000] {local_task_job_runner.py:243} INFO - Task exited with return code 0
[2024-08-06T17:28:41.166+0000] {taskinstance.py:3503} INFO - 0 downstream tasks scheduled from follow-on schedule check
[2024-08-06T17:28:41.180+0000] {local_task_job_runner.py:222} INFO - ::endgroup::
[2024-08-06T18:16:15.181+0000] {local_task_job_runner.py:120} INFO - ::group::Pre task execution logs
[2024-08-06T18:16:15.327+0000] {taskinstance.py:2076} INFO - Dependencies all met for dep_context=non-requeueable deps ti=<TaskInstance: motower_daily_prod.extract_congestion scheduled__2024-01-17T06:00:00+00:00 [queued]>
[2024-08-06T18:16:15.364+0000] {taskinstance.py:2076} INFO - Dependencies all met for dep_context=requeueable deps ti=<TaskInstance: motower_daily_prod.extract_congestion scheduled__2024-01-17T06:00:00+00:00 [queued]>
[2024-08-06T18:16:15.365+0000] {taskinstance.py:2306} INFO - Starting attempt 1 of 1
[2024-08-06T18:16:15.404+0000] {taskinstance.py:2330} INFO - Executing <Task(PythonOperator): extract_congestion> on 2024-01-17 06:00:00+00:00
[2024-08-06T18:16:15.428+0000] {warnings.py:112} WARNING - /home/***/.local/lib/python3.12/site-packages/***/task/task_runner/standard_task_runner.py:62: DeprecationWarning: This process (pid=9484) is multi-threaded, use of fork() may lead to deadlocks in the child.
  pid = os.fork()

[2024-08-06T18:16:15.450+0000] {standard_task_runner.py:64} INFO - Started process 9499 to run task
[2024-08-06T18:16:15.452+0000] {standard_task_runner.py:90} INFO - Running: ['***', 'tasks', 'run', 'motower_daily_prod', 'extract_congestion', 'scheduled__2024-01-17T06:00:00+00:00', '--job-id', '2548', '--raw', '--subdir', 'DAGS_FOLDER/gps/custom_dags/motower_daily.py', '--cfg-path', '/tmp/tmp72r4kyfq']
[2024-08-06T18:16:15.458+0000] {standard_task_runner.py:91} INFO - Job 2548: Subtask extract_congestion
[2024-08-06T18:16:15.626+0000] {task_command.py:426} INFO - Running <TaskInstance: motower_daily_prod.extract_congestion scheduled__2024-01-17T06:00:00+00:00 [running]> on host 13681191f11c
[2024-08-06T18:16:15.974+0000] {taskinstance.py:2648} INFO - Exporting env vars: AIRFLOW_CTX_DAG_EMAIL='richmond.kongo@orange.com,assane.diop@orange.com,cyrille1.danho@orange.com,mohamed2.sylla@orange.com,amadou.diomande@orange.com,Jonas.kouame@orange.com,armand.kablan@orange.com,anicet.azombade@orange.com,etienne.kouadio@orange.com,bertine.kouakou@orange.com,florentine.kouakou@orange.com,ange.phaceli@orange.com,soulegame.soro@orange.com,innocent.yengo@orange.com' AIRFLOW_CTX_DAG_OWNER='***' AIRFLOW_CTX_DAG_ID='motower_daily_prod' AIRFLOW_CTX_TASK_ID='extract_congestion' AIRFLOW_CTX_EXECUTION_DATE='2024-01-17T06:00:00+00:00' AIRFLOW_CTX_TRY_NUMBER='1' AIRFLOW_CTX_DAG_RUN_ID='scheduled__2024-01-17T06:00:00+00:00'
[2024-08-06T18:16:15.977+0000] {taskinstance.py:430} INFO - ::endgroup::
[2024-08-06T18:16:16.018+0000] {extract.py:126} INFO - Getting data of the table ks_hebdo_tdb_radio_drsi 
[2024-08-06T18:16:16.019+0000] {extract.py:127} INFO - where date is 2024-01-16
[2024-08-06T18:16:16.020+0000] {extract.py:98} INFO - get data to date 3 and year 2024
[2024-08-06T18:16:16.041+0000] {warnings.py:112} WARNING - /opt/***/dags/gps/common/extract.py:99: UserWarning: pandas only supports SQLAlchemy connectable (engine/connection) or database string URI or sqlite3 DBAPI2 connection. Other DBAPI2 objects are not tested. Please consider using SQLAlchemy.
  df_ = pd.read_sql_query(sql_query, conn, params=params)

[2024-08-06T18:16:16.372+0000] {rwminio.py:19} INFO - start to save data
[2024-08-06T18:16:16.706+0000] {rwminio.py:34} INFO - data in minio ok
[2024-08-06T18:16:16.723+0000] {python.py:237} INFO - Done. Returned value was: None
[2024-08-06T18:16:16.724+0000] {taskinstance.py:441} INFO - ::group::Post task execution logs
[2024-08-06T18:16:16.777+0000] {taskinstance.py:1206} INFO - Marking task as SUCCESS. dag_id=motower_daily_prod, task_id=extract_congestion, run_id=scheduled__2024-01-17T06:00:00+00:00, execution_date=20240117T060000, start_date=20240806T181615, end_date=20240806T181616
[2024-08-06T18:16:17.803+0000] {local_task_job_runner.py:243} INFO - Task exited with return code 0
[2024-08-06T18:16:17.880+0000] {taskinstance.py:3503} INFO - 0 downstream tasks scheduled from follow-on schedule check
[2024-08-06T18:16:17.888+0000] {local_task_job_runner.py:222} INFO - ::endgroup::
