[2024-08-06T17:04:10.089+0000] {local_task_job_runner.py:120} INFO - ::group::Pre task execution logs
[2024-08-06T17:04:10.221+0000] {taskinstance.py:2076} INFO - Dependencies all met for dep_context=non-requeueable deps ti=<TaskInstance: motower_daily_prod.sensor_trafic scheduled__2024-03-03T06:00:00+00:00 [queued]>
[2024-08-06T17:04:10.283+0000] {taskinstance.py:2076} INFO - Dependencies all met for dep_context=requeueable deps ti=<TaskInstance: motower_daily_prod.sensor_trafic scheduled__2024-03-03T06:00:00+00:00 [queued]>
[2024-08-06T17:04:10.284+0000] {taskinstance.py:2306} INFO - Starting attempt 1 of 1
[2024-08-06T17:04:10.338+0000] {taskinstance.py:2330} INFO - Executing <Task(PythonSensor): sensor_trafic> on 2024-03-03 06:00:00+00:00
[2024-08-06T17:04:10.359+0000] {warnings.py:112} WARNING - /home/***/.local/lib/python3.12/site-packages/***/task/task_runner/standard_task_runner.py:62: DeprecationWarning: This process (pid=2737) is multi-threaded, use of fork() may lead to deadlocks in the child.
  pid = os.fork()

[2024-08-06T17:04:10.363+0000] {standard_task_runner.py:64} INFO - Started process 2749 to run task
[2024-08-06T17:04:10.362+0000] {standard_task_runner.py:90} INFO - Running: ['***', 'tasks', 'run', 'motower_daily_prod', 'sensor_trafic', 'scheduled__2024-03-03T06:00:00+00:00', '--job-id', '587', '--raw', '--subdir', 'DAGS_FOLDER/gps/custom_dags/motower_daily.py', '--cfg-path', '/tmp/tmpvas85b86']
[2024-08-06T17:04:10.389+0000] {standard_task_runner.py:91} INFO - Job 587: Subtask sensor_trafic
[2024-08-06T17:04:10.524+0000] {task_command.py:426} INFO - Running <TaskInstance: motower_daily_prod.sensor_trafic scheduled__2024-03-03T06:00:00+00:00 [running]> on host 13681191f11c
[2024-08-06T17:04:10.848+0000] {taskinstance.py:2648} INFO - Exporting env vars: AIRFLOW_CTX_DAG_EMAIL='richmond.kongo@orange.com,assane.diop@orange.com,cyrille1.danho@orange.com,mohamed2.sylla@orange.com,amadou.diomande@orange.com,Jonas.kouame@orange.com,armand.kablan@orange.com,anicet.azombade@orange.com,etienne.kouadio@orange.com,bertine.kouakou@orange.com,florentine.kouakou@orange.com,ange.phaceli@orange.com,soulegame.soro@orange.com,innocent.yengo@orange.com' AIRFLOW_CTX_DAG_OWNER='***' AIRFLOW_CTX_DAG_ID='motower_daily_prod' AIRFLOW_CTX_TASK_ID='sensor_trafic' AIRFLOW_CTX_EXECUTION_DATE='2024-03-03T06:00:00+00:00' AIRFLOW_CTX_TRY_NUMBER='1' AIRFLOW_CTX_DAG_RUN_ID='scheduled__2024-03-03T06:00:00+00:00'
[2024-08-06T17:04:10.850+0000] {taskinstance.py:430} INFO - ::endgroup::
[2024-08-06T17:04:10.902+0000] {python.py:75} INFO - Poking callable: <function check_data_in_table at 0x701c270ebc40>
[2024-08-06T17:04:10.915+0000] {extract.py:126} INFO - Getting data of the table ks_daily_tdb_radio_drsi 
[2024-08-06T17:04:10.915+0000] {extract.py:127} INFO - where date is 2024-03-02
[2024-08-06T17:04:10.916+0000] {extract.py:102} INFO - get data to date 2024-03-02
[2024-08-06T17:04:10.929+0000] {warnings.py:112} WARNING - /opt/***/dags/gps/common/extract.py:103: UserWarning: pandas only supports SQLAlchemy connectable (engine/connection) or database string URI or sqlite3 DBAPI2 connection. Other DBAPI2 objects are not tested. Please consider using SQLAlchemy.
  df_ = pd.read_sql_query(sql_query, conn, params=params)

[2024-08-06T17:04:11.363+0000] {base.py:294} INFO - Success criteria met. Exiting.
[2024-08-06T17:04:11.364+0000] {taskinstance.py:441} INFO - ::group::Post task execution logs
[2024-08-06T17:04:11.406+0000] {taskinstance.py:1206} INFO - Marking task as SUCCESS. dag_id=motower_daily_prod, task_id=sensor_trafic, run_id=scheduled__2024-03-03T06:00:00+00:00, execution_date=20240303T060000, start_date=20240806T170410, end_date=20240806T170411
[2024-08-06T17:04:11.455+0000] {local_task_job_runner.py:243} INFO - Task exited with return code 0
[2024-08-06T17:04:11.486+0000] {local_task_job_runner.py:222} INFO - ::endgroup::
[2024-08-06T17:34:36.579+0000] {local_task_job_runner.py:120} INFO - ::group::Pre task execution logs
[2024-08-06T17:34:36.659+0000] {taskinstance.py:2076} INFO - Dependencies all met for dep_context=non-requeueable deps ti=<TaskInstance: motower_daily_prod.sensor_trafic scheduled__2024-03-03T06:00:00+00:00 [queued]>
[2024-08-06T17:34:36.724+0000] {taskinstance.py:2076} INFO - Dependencies all met for dep_context=requeueable deps ti=<TaskInstance: motower_daily_prod.sensor_trafic scheduled__2024-03-03T06:00:00+00:00 [queued]>
[2024-08-06T17:34:36.725+0000] {taskinstance.py:2306} INFO - Starting attempt 1 of 1
[2024-08-06T17:34:36.772+0000] {taskinstance.py:2330} INFO - Executing <Task(PythonSensor): sensor_trafic> on 2024-03-03 06:00:00+00:00
[2024-08-06T17:34:36.792+0000] {warnings.py:112} WARNING - /home/***/.local/lib/python3.12/site-packages/***/task/task_runner/standard_task_runner.py:62: DeprecationWarning: This process (pid=6870) is multi-threaded, use of fork() may lead to deadlocks in the child.
  pid = os.fork()

[2024-08-06T17:34:36.798+0000] {standard_task_runner.py:64} INFO - Started process 6884 to run task
[2024-08-06T17:34:36.815+0000] {standard_task_runner.py:90} INFO - Running: ['***', 'tasks', 'run', 'motower_daily_prod', 'sensor_trafic', 'scheduled__2024-03-03T06:00:00+00:00', '--job-id', '1847', '--raw', '--subdir', 'DAGS_FOLDER/gps/custom_dags/motower_daily.py', '--cfg-path', '/tmp/tmp0w8o5psj']
[2024-08-06T17:34:36.828+0000] {standard_task_runner.py:91} INFO - Job 1847: Subtask sensor_trafic
[2024-08-06T17:34:37.022+0000] {task_command.py:426} INFO - Running <TaskInstance: motower_daily_prod.sensor_trafic scheduled__2024-03-03T06:00:00+00:00 [running]> on host 13681191f11c
[2024-08-06T17:34:37.375+0000] {taskinstance.py:2648} INFO - Exporting env vars: AIRFLOW_CTX_DAG_EMAIL='richmond.kongo@orange.com,assane.diop@orange.com,cyrille1.danho@orange.com,mohamed2.sylla@orange.com,amadou.diomande@orange.com,Jonas.kouame@orange.com,armand.kablan@orange.com,anicet.azombade@orange.com,etienne.kouadio@orange.com,bertine.kouakou@orange.com,florentine.kouakou@orange.com,ange.phaceli@orange.com,soulegame.soro@orange.com,innocent.yengo@orange.com' AIRFLOW_CTX_DAG_OWNER='***' AIRFLOW_CTX_DAG_ID='motower_daily_prod' AIRFLOW_CTX_TASK_ID='sensor_trafic' AIRFLOW_CTX_EXECUTION_DATE='2024-03-03T06:00:00+00:00' AIRFLOW_CTX_TRY_NUMBER='1' AIRFLOW_CTX_DAG_RUN_ID='scheduled__2024-03-03T06:00:00+00:00'
[2024-08-06T17:34:37.376+0000] {taskinstance.py:430} INFO - ::endgroup::
[2024-08-06T17:34:37.446+0000] {python.py:75} INFO - Poking callable: <function check_data_in_table at 0x701c425902c0>
[2024-08-06T17:34:37.483+0000] {extract.py:126} INFO - Getting data of the table ks_daily_tdb_radio_drsi 
[2024-08-06T17:34:37.483+0000] {extract.py:127} INFO - where date is 2024-03-02
[2024-08-06T17:34:37.484+0000] {extract.py:102} INFO - get data to date 2024-03-02
[2024-08-06T17:34:37.503+0000] {warnings.py:112} WARNING - /opt/***/dags/gps/common/extract.py:103: UserWarning: pandas only supports SQLAlchemy connectable (engine/connection) or database string URI or sqlite3 DBAPI2 connection. Other DBAPI2 objects are not tested. Please consider using SQLAlchemy.
  df_ = pd.read_sql_query(sql_query, conn, params=params)

[2024-08-06T17:34:38.290+0000] {base.py:294} INFO - Success criteria met. Exiting.
[2024-08-06T17:34:38.291+0000] {taskinstance.py:441} INFO - ::group::Post task execution logs
[2024-08-06T17:34:38.342+0000] {taskinstance.py:1206} INFO - Marking task as SUCCESS. dag_id=motower_daily_prod, task_id=sensor_trafic, run_id=scheduled__2024-03-03T06:00:00+00:00, execution_date=20240303T060000, start_date=20240806T173436, end_date=20240806T173438
[2024-08-06T17:34:38.479+0000] {local_task_job_runner.py:243} INFO - Task exited with return code 0
[2024-08-06T17:34:38.523+0000] {local_task_job_runner.py:222} INFO - ::endgroup::
[2024-08-06T18:22:31.449+0000] {local_task_job_runner.py:120} INFO - ::group::Pre task execution logs
[2024-08-06T18:22:31.712+0000] {taskinstance.py:2076} INFO - Dependencies all met for dep_context=non-requeueable deps ti=<TaskInstance: motower_daily_prod.sensor_trafic scheduled__2024-03-03T06:00:00+00:00 [queued]>
[2024-08-06T18:22:31.770+0000] {taskinstance.py:2076} INFO - Dependencies all met for dep_context=requeueable deps ti=<TaskInstance: motower_daily_prod.sensor_trafic scheduled__2024-03-03T06:00:00+00:00 [queued]>
[2024-08-06T18:22:31.771+0000] {taskinstance.py:2306} INFO - Starting attempt 1 of 1
[2024-08-06T18:22:31.840+0000] {taskinstance.py:2330} INFO - Executing <Task(PythonSensor): sensor_trafic> on 2024-03-03 06:00:00+00:00
[2024-08-06T18:22:31.864+0000] {warnings.py:112} WARNING - /home/***/.local/lib/python3.12/site-packages/***/task/task_runner/standard_task_runner.py:62: DeprecationWarning: This process (pid=10753) is multi-threaded, use of fork() may lead to deadlocks in the child.
  pid = os.fork()

[2024-08-06T18:22:31.867+0000] {standard_task_runner.py:64} INFO - Started process 10767 to run task
[2024-08-06T18:22:31.877+0000] {standard_task_runner.py:90} INFO - Running: ['***', 'tasks', 'run', 'motower_daily_prod', 'sensor_trafic', 'scheduled__2024-03-03T06:00:00+00:00', '--job-id', '2950', '--raw', '--subdir', 'DAGS_FOLDER/gps/custom_dags/motower_daily.py', '--cfg-path', '/tmp/tmp6js3rlfj']
[2024-08-06T18:22:31.886+0000] {standard_task_runner.py:91} INFO - Job 2950: Subtask sensor_trafic
[2024-08-06T18:22:32.004+0000] {task_command.py:426} INFO - Running <TaskInstance: motower_daily_prod.sensor_trafic scheduled__2024-03-03T06:00:00+00:00 [running]> on host 13681191f11c
[2024-08-06T18:22:32.296+0000] {taskinstance.py:2648} INFO - Exporting env vars: AIRFLOW_CTX_DAG_EMAIL='richmond.kongo@orange.com,assane.diop@orange.com,cyrille1.danho@orange.com,mohamed2.sylla@orange.com,amadou.diomande@orange.com,Jonas.kouame@orange.com,armand.kablan@orange.com,anicet.azombade@orange.com,etienne.kouadio@orange.com,bertine.kouakou@orange.com,florentine.kouakou@orange.com,ange.phaceli@orange.com,soulegame.soro@orange.com,innocent.yengo@orange.com' AIRFLOW_CTX_DAG_OWNER='***' AIRFLOW_CTX_DAG_ID='motower_daily_prod' AIRFLOW_CTX_TASK_ID='sensor_trafic' AIRFLOW_CTX_EXECUTION_DATE='2024-03-03T06:00:00+00:00' AIRFLOW_CTX_TRY_NUMBER='1' AIRFLOW_CTX_DAG_RUN_ID='scheduled__2024-03-03T06:00:00+00:00'
[2024-08-06T18:22:32.299+0000] {taskinstance.py:430} INFO - ::endgroup::
[2024-08-06T18:22:32.330+0000] {python.py:75} INFO - Poking callable: <function check_data_in_table at 0x701c270ef9c0>
[2024-08-06T18:22:32.337+0000] {extract.py:126} INFO - Getting data of the table ks_daily_tdb_radio_drsi 
[2024-08-06T18:22:32.339+0000] {extract.py:127} INFO - where date is 2024-03-02
[2024-08-06T18:22:32.340+0000] {extract.py:102} INFO - get data to date 2024-03-02
[2024-08-06T18:22:32.357+0000] {warnings.py:112} WARNING - /opt/***/dags/gps/common/extract.py:103: UserWarning: pandas only supports SQLAlchemy connectable (engine/connection) or database string URI or sqlite3 DBAPI2 connection. Other DBAPI2 objects are not tested. Please consider using SQLAlchemy.
  df_ = pd.read_sql_query(sql_query, conn, params=params)

[2024-08-06T18:22:32.780+0000] {base.py:294} INFO - Success criteria met. Exiting.
[2024-08-06T18:22:32.781+0000] {taskinstance.py:441} INFO - ::group::Post task execution logs
[2024-08-06T18:22:32.797+0000] {taskinstance.py:1206} INFO - Marking task as SUCCESS. dag_id=motower_daily_prod, task_id=sensor_trafic, run_id=scheduled__2024-03-03T06:00:00+00:00, execution_date=20240303T060000, start_date=20240806T182231, end_date=20240806T182232
[2024-08-06T18:22:32.827+0000] {local_task_job_runner.py:243} INFO - Task exited with return code 0
[2024-08-06T18:22:32.846+0000] {local_task_job_runner.py:222} INFO - ::endgroup::
