[2024-07-25T10:11:39.017+0000] {local_task_job_runner.py:120} INFO - ::group::Pre task execution logs
[2024-07-25T10:11:39.046+0000] {taskinstance.py:2076} INFO - Dependencies all met for dep_context=non-requeueable deps ti=<TaskInstance: enrich_prod.cleaning.cleaning_bdd manual__2024-07-25T10:11:35.649781+00:00 [queued]>
[2024-07-25T10:11:39.054+0000] {taskinstance.py:2076} INFO - Dependencies all met for dep_context=requeueable deps ti=<TaskInstance: enrich_prod.cleaning.cleaning_bdd manual__2024-07-25T10:11:35.649781+00:00 [queued]>
[2024-07-25T10:11:39.054+0000] {taskinstance.py:2306} INFO - Starting attempt 1 of 1
[2024-07-25T10:11:39.066+0000] {taskinstance.py:2330} INFO - Executing <Task(PythonOperator): cleaning.cleaning_bdd> on 2024-07-25 10:11:35.649781+00:00
[2024-07-25T10:11:39.076+0000] {warnings.py:112} WARNING - /home/***/.local/lib/python3.12/site-packages/***/task/task_runner/standard_task_runner.py:62: DeprecationWarning: This process (pid=4249) is multi-threaded, use of fork() may lead to deadlocks in the child.
  pid = os.fork()

[2024-07-25T10:11:39.077+0000] {standard_task_runner.py:64} INFO - Started process 4257 to run task
[2024-07-25T10:11:39.078+0000] {standard_task_runner.py:90} INFO - Running: ['***', 'tasks', 'run', 'enrich_prod', 'cleaning.cleaning_bdd', 'manual__2024-07-25T10:11:35.649781+00:00', '--job-id', '1026', '--raw', '--subdir', 'DAGS_FOLDER/gps/custom_dags/enrich.py', '--cfg-path', '/tmp/tmpv5fxl2bc']
[2024-07-25T10:11:39.080+0000] {standard_task_runner.py:91} INFO - Job 1026: Subtask cleaning.cleaning_bdd
[2024-07-25T10:11:39.119+0000] {task_command.py:426} INFO - Running <TaskInstance: enrich_prod.cleaning.cleaning_bdd manual__2024-07-25T10:11:35.649781+00:00 [running]> on host b3845fb494d4
[2024-07-25T10:11:39.209+0000] {taskinstance.py:2648} INFO - Exporting env vars: AIRFLOW_CTX_DAG_EMAIL='richmond.kongo@orange.com,assane.diop@orange.com,cyrille1.danho@orange.com,mohamed2.sylla@orange.com,amadou.diomande@orange.com,Jonas.kouame@orange.com,armand.kablan@orange.com,anicet.azombade@orange.com,etienne.kouadio@orange.com,bertine.kouakou@orange.com,florentine.kouakou@orange.com,ange.phaceli@orange.com,soulegame.soro@orange.com,innocent.yengo@orange.com' AIRFLOW_CTX_DAG_OWNER='***' AIRFLOW_CTX_DAG_ID='enrich_prod' AIRFLOW_CTX_TASK_ID='cleaning.cleaning_bdd' AIRFLOW_CTX_EXECUTION_DATE='2024-07-25T10:11:35.649781+00:00' AIRFLOW_CTX_TRY_NUMBER='1' AIRFLOW_CTX_DAG_RUN_ID='manual__2024-07-25T10:11:35.649781+00:00'
[2024-07-25T10:11:39.210+0000] {taskinstance.py:430} INFO - ::endgroup::
[2024-07-25T10:11:39.232+0000] {cleaning.py:65} INFO - Reading BASE_SITES/BASE_SITES_202406.xlsx
[2024-07-25T10:11:39.232+0000] {cleaning.py:71} INFO -  Read file  BASE_SITES/BASE_SITES_202406.xlsx
[2024-07-25T10:11:40.308+0000] {cleaning.py:75} INFO - Checking columns
[2024-07-25T10:11:40.309+0000] {cleaning.py:24} INFO - All required columns are presents
[2024-07-25T10:11:40.309+0000] {cleaning.py:79} INFO - Cleaning data
[2024-07-25T10:11:40.318+0000] {cleaning.py:87} INFO - Saving data to minio
[2024-07-25T10:11:40.319+0000] {rwminio.py:19} INFO - start to save data
[2024-07-25T10:11:40.370+0000] {rwminio.py:34} INFO - data in minio ok
[2024-07-25T10:11:40.371+0000] {python.py:237} INFO - Done. Returned value was: None
[2024-07-25T10:11:40.371+0000] {taskinstance.py:441} INFO - ::group::Post task execution logs
[2024-07-25T10:11:40.383+0000] {taskinstance.py:1206} INFO - Marking task as SUCCESS. dag_id=enrich_prod, task_id=cleaning.cleaning_bdd, run_id=manual__2024-07-25T10:11:35.649781+00:00, execution_date=20240725T101135, start_date=20240725T101139, end_date=20240725T101140
[2024-07-25T10:11:40.414+0000] {local_task_job_runner.py:243} INFO - Task exited with return code 0
[2024-07-25T10:11:40.425+0000] {local_task_job_runner.py:222} INFO - ::endgroup::
