[2024-08-06T16:59:26.397+0000] {local_task_job_runner.py:120} INFO - ::group::Pre task execution logs
[2024-08-06T16:59:26.469+0000] {taskinstance.py:2076} INFO - Dependencies all met for dep_context=non-requeueable deps ti=<TaskInstance: motower_daily_prod.gen_congestion_task scheduled__2024-01-27T06:00:00+00:00 [queued]>
[2024-08-06T16:59:26.495+0000] {taskinstance.py:2076} INFO - Dependencies all met for dep_context=requeueable deps ti=<TaskInstance: motower_daily_prod.gen_congestion_task scheduled__2024-01-27T06:00:00+00:00 [queued]>
[2024-08-06T16:59:26.496+0000] {taskinstance.py:2306} INFO - Starting attempt 1 of 1
[2024-08-06T16:59:26.529+0000] {taskinstance.py:2330} INFO - Executing <Task(PythonOperator): gen_congestion_task> on 2024-01-27 06:00:00+00:00
[2024-08-06T16:59:26.544+0000] {warnings.py:112} WARNING - /home/***/.local/lib/python3.12/site-packages/***/task/task_runner/standard_task_runner.py:62: DeprecationWarning: This process (pid=1771) is multi-threaded, use of fork() may lead to deadlocks in the child.
  pid = os.fork()

[2024-08-06T16:59:26.546+0000] {standard_task_runner.py:64} INFO - Started process 1783 to run task
[2024-08-06T16:59:26.547+0000] {standard_task_runner.py:90} INFO - Running: ['***', 'tasks', 'run', 'motower_daily_prod', 'gen_congestion_task', 'scheduled__2024-01-27T06:00:00+00:00', '--job-id', '287', '--raw', '--subdir', 'DAGS_FOLDER/gps/custom_dags/motower_daily.py', '--cfg-path', '/tmp/tmphn6zzob2']
[2024-08-06T16:59:26.551+0000] {standard_task_runner.py:91} INFO - Job 287: Subtask gen_congestion_task
[2024-08-06T16:59:26.638+0000] {task_command.py:426} INFO - Running <TaskInstance: motower_daily_prod.gen_congestion_task scheduled__2024-01-27T06:00:00+00:00 [running]> on host 13681191f11c
[2024-08-06T16:59:26.832+0000] {taskinstance.py:2648} INFO - Exporting env vars: AIRFLOW_CTX_DAG_EMAIL='richmond.kongo@orange.com,assane.diop@orange.com,cyrille1.danho@orange.com,mohamed2.sylla@orange.com,amadou.diomande@orange.com,Jonas.kouame@orange.com,armand.kablan@orange.com,anicet.azombade@orange.com,etienne.kouadio@orange.com,bertine.kouakou@orange.com,florentine.kouakou@orange.com,ange.phaceli@orange.com,soulegame.soro@orange.com,innocent.yengo@orange.com' AIRFLOW_CTX_DAG_OWNER='***' AIRFLOW_CTX_DAG_ID='motower_daily_prod' AIRFLOW_CTX_TASK_ID='gen_congestion_task' AIRFLOW_CTX_EXECUTION_DATE='2024-01-27T06:00:00+00:00' AIRFLOW_CTX_TRY_NUMBER='1' AIRFLOW_CTX_DAG_RUN_ID='scheduled__2024-01-27T06:00:00+00:00'
[2024-08-06T16:59:26.833+0000] {taskinstance.py:430} INFO - ::endgroup::
[2024-08-06T16:59:27.493+0000] {python.py:237} INFO - Done. Returned value was: None
[2024-08-06T16:59:27.494+0000] {taskinstance.py:441} INFO - ::group::Post task execution logs
[2024-08-06T16:59:27.506+0000] {taskinstance.py:1206} INFO - Marking task as SUCCESS. dag_id=motower_daily_prod, task_id=gen_congestion_task, run_id=scheduled__2024-01-27T06:00:00+00:00, execution_date=20240127T060000, start_date=20240806T165926, end_date=20240806T165927
[2024-08-06T16:59:27.567+0000] {local_task_job_runner.py:243} INFO - Task exited with return code 0
[2024-08-06T16:59:27.580+0000] {local_task_job_runner.py:222} INFO - ::endgroup::
[2024-08-06T17:30:10.383+0000] {local_task_job_runner.py:120} INFO - ::group::Pre task execution logs
[2024-08-06T17:30:10.473+0000] {taskinstance.py:2076} INFO - Dependencies all met for dep_context=non-requeueable deps ti=<TaskInstance: motower_daily_prod.gen_congestion_task scheduled__2024-01-27T06:00:00+00:00 [queued]>
[2024-08-06T17:30:10.501+0000] {taskinstance.py:2076} INFO - Dependencies all met for dep_context=requeueable deps ti=<TaskInstance: motower_daily_prod.gen_congestion_task scheduled__2024-01-27T06:00:00+00:00 [queued]>
[2024-08-06T17:30:10.502+0000] {taskinstance.py:2306} INFO - Starting attempt 1 of 1
[2024-08-06T17:30:10.542+0000] {taskinstance.py:2330} INFO - Executing <Task(PythonOperator): gen_congestion_task> on 2024-01-27 06:00:00+00:00
[2024-08-06T17:30:10.571+0000] {warnings.py:112} WARNING - /home/***/.local/lib/python3.12/site-packages/***/task/task_runner/standard_task_runner.py:62: DeprecationWarning: This process (pid=5927) is multi-threaded, use of fork() may lead to deadlocks in the child.
  pid = os.fork()

[2024-08-06T17:30:10.576+0000] {standard_task_runner.py:64} INFO - Started process 5942 to run task
[2024-08-06T17:30:10.577+0000] {standard_task_runner.py:90} INFO - Running: ['***', 'tasks', 'run', 'motower_daily_prod', 'gen_congestion_task', 'scheduled__2024-01-27T06:00:00+00:00', '--job-id', '1552', '--raw', '--subdir', 'DAGS_FOLDER/gps/custom_dags/motower_daily.py', '--cfg-path', '/tmp/tmpn32fx0np']
[2024-08-06T17:30:10.596+0000] {standard_task_runner.py:91} INFO - Job 1552: Subtask gen_congestion_task
[2024-08-06T17:30:10.743+0000] {task_command.py:426} INFO - Running <TaskInstance: motower_daily_prod.gen_congestion_task scheduled__2024-01-27T06:00:00+00:00 [running]> on host 13681191f11c
[2024-08-06T17:30:11.323+0000] {taskinstance.py:2648} INFO - Exporting env vars: AIRFLOW_CTX_DAG_EMAIL='richmond.kongo@orange.com,assane.diop@orange.com,cyrille1.danho@orange.com,mohamed2.sylla@orange.com,amadou.diomande@orange.com,Jonas.kouame@orange.com,armand.kablan@orange.com,anicet.azombade@orange.com,etienne.kouadio@orange.com,bertine.kouakou@orange.com,florentine.kouakou@orange.com,ange.phaceli@orange.com,soulegame.soro@orange.com,innocent.yengo@orange.com' AIRFLOW_CTX_DAG_OWNER='***' AIRFLOW_CTX_DAG_ID='motower_daily_prod' AIRFLOW_CTX_TASK_ID='gen_congestion_task' AIRFLOW_CTX_EXECUTION_DATE='2024-01-27T06:00:00+00:00' AIRFLOW_CTX_TRY_NUMBER='1' AIRFLOW_CTX_DAG_RUN_ID='scheduled__2024-01-27T06:00:00+00:00'
[2024-08-06T17:30:11.325+0000] {taskinstance.py:430} INFO - ::endgroup::
[2024-08-06T17:30:12.191+0000] {python.py:237} INFO - Done. Returned value was: None
[2024-08-06T17:30:12.193+0000] {taskinstance.py:441} INFO - ::group::Post task execution logs
[2024-08-06T17:30:12.214+0000] {taskinstance.py:1206} INFO - Marking task as SUCCESS. dag_id=motower_daily_prod, task_id=gen_congestion_task, run_id=scheduled__2024-01-27T06:00:00+00:00, execution_date=20240127T060000, start_date=20240806T173010, end_date=20240806T173012
[2024-08-06T17:30:12.789+0000] {local_task_job_runner.py:243} INFO - Task exited with return code 0
[2024-08-06T17:30:12.824+0000] {taskinstance.py:3503} INFO - 0 downstream tasks scheduled from follow-on schedule check
[2024-08-06T17:30:12.832+0000] {local_task_job_runner.py:222} INFO - ::endgroup::
[2024-08-06T18:17:31.653+0000] {local_task_job_runner.py:120} INFO - ::group::Pre task execution logs
[2024-08-06T18:17:31.759+0000] {taskinstance.py:2076} INFO - Dependencies all met for dep_context=non-requeueable deps ti=<TaskInstance: motower_daily_prod.gen_congestion_task scheduled__2024-01-27T06:00:00+00:00 [queued]>
[2024-08-06T18:17:31.783+0000] {taskinstance.py:2076} INFO - Dependencies all met for dep_context=requeueable deps ti=<TaskInstance: motower_daily_prod.gen_congestion_task scheduled__2024-01-27T06:00:00+00:00 [queued]>
[2024-08-06T18:17:31.783+0000] {taskinstance.py:2306} INFO - Starting attempt 1 of 1
[2024-08-06T18:17:32.043+0000] {taskinstance.py:2330} INFO - Executing <Task(PythonOperator): gen_congestion_task> on 2024-01-27 06:00:00+00:00
[2024-08-06T18:17:32.056+0000] {warnings.py:112} WARNING - /home/***/.local/lib/python3.12/site-packages/***/task/task_runner/standard_task_runner.py:62: DeprecationWarning: This process (pid=9769) is multi-threaded, use of fork() may lead to deadlocks in the child.
  pid = os.fork()

[2024-08-06T18:17:32.058+0000] {standard_task_runner.py:64} INFO - Started process 9777 to run task
[2024-08-06T18:17:32.059+0000] {standard_task_runner.py:90} INFO - Running: ['***', 'tasks', 'run', 'motower_daily_prod', 'gen_congestion_task', 'scheduled__2024-01-27T06:00:00+00:00', '--job-id', '2640', '--raw', '--subdir', 'DAGS_FOLDER/gps/custom_dags/motower_daily.py', '--cfg-path', '/tmp/tmpum5h_qdw']
[2024-08-06T18:17:32.064+0000] {standard_task_runner.py:91} INFO - Job 2640: Subtask gen_congestion_task
[2024-08-06T18:17:32.126+0000] {task_command.py:426} INFO - Running <TaskInstance: motower_daily_prod.gen_congestion_task scheduled__2024-01-27T06:00:00+00:00 [running]> on host 13681191f11c
[2024-08-06T18:17:32.284+0000] {taskinstance.py:2648} INFO - Exporting env vars: AIRFLOW_CTX_DAG_EMAIL='richmond.kongo@orange.com,assane.diop@orange.com,cyrille1.danho@orange.com,mohamed2.sylla@orange.com,amadou.diomande@orange.com,Jonas.kouame@orange.com,armand.kablan@orange.com,anicet.azombade@orange.com,etienne.kouadio@orange.com,bertine.kouakou@orange.com,florentine.kouakou@orange.com,ange.phaceli@orange.com,soulegame.soro@orange.com,innocent.yengo@orange.com' AIRFLOW_CTX_DAG_OWNER='***' AIRFLOW_CTX_DAG_ID='motower_daily_prod' AIRFLOW_CTX_TASK_ID='gen_congestion_task' AIRFLOW_CTX_EXECUTION_DATE='2024-01-27T06:00:00+00:00' AIRFLOW_CTX_TRY_NUMBER='1' AIRFLOW_CTX_DAG_RUN_ID='scheduled__2024-01-27T06:00:00+00:00'
[2024-08-06T18:17:32.286+0000] {taskinstance.py:430} INFO - ::endgroup::
[2024-08-06T18:17:32.912+0000] {python.py:237} INFO - Done. Returned value was: None
[2024-08-06T18:17:32.913+0000] {taskinstance.py:441} INFO - ::group::Post task execution logs
[2024-08-06T18:17:32.924+0000] {taskinstance.py:1206} INFO - Marking task as SUCCESS. dag_id=motower_daily_prod, task_id=gen_congestion_task, run_id=scheduled__2024-01-27T06:00:00+00:00, execution_date=20240127T060000, start_date=20240806T181731, end_date=20240806T181732
[2024-08-06T18:17:32.964+0000] {local_task_job_runner.py:243} INFO - Task exited with return code 0
[2024-08-06T18:17:32.984+0000] {taskinstance.py:3503} INFO - 0 downstream tasks scheduled from follow-on schedule check
[2024-08-06T18:17:32.986+0000] {local_task_job_runner.py:222} INFO - ::endgroup::
