[2024-08-06T16:58:26.252+0000] {local_task_job_runner.py:120} INFO - ::group::Pre task execution logs
[2024-08-06T16:58:26.329+0000] {taskinstance.py:2076} INFO - Dependencies all met for dep_context=non-requeueable deps ti=<TaskInstance: motower_daily_prod.extracta scheduled__2024-01-20T06:00:00+00:00 [queued]>
[2024-08-06T16:58:26.356+0000] {taskinstance.py:2076} INFO - Dependencies all met for dep_context=requeueable deps ti=<TaskInstance: motower_daily_prod.extracta scheduled__2024-01-20T06:00:00+00:00 [queued]>
[2024-08-06T16:58:26.357+0000] {taskinstance.py:2306} INFO - Starting attempt 1 of 1
[2024-08-06T16:58:26.389+0000] {taskinstance.py:2330} INFO - Executing <Task(PythonOperator): extracta> on 2024-01-20 06:00:00+00:00
[2024-08-06T16:58:26.405+0000] {warnings.py:112} WARNING - /home/***/.local/lib/python3.12/site-packages/***/task/task_runner/standard_task_runner.py:62: DeprecationWarning: This process (pid=1542) is multi-threaded, use of fork() may lead to deadlocks in the child.
  pid = os.fork()

[2024-08-06T16:58:26.407+0000] {standard_task_runner.py:64} INFO - Started process 1549 to run task
[2024-08-06T16:58:26.408+0000] {standard_task_runner.py:90} INFO - Running: ['***', 'tasks', 'run', 'motower_daily_prod', 'extracta', 'scheduled__2024-01-20T06:00:00+00:00', '--job-id', '210', '--raw', '--subdir', 'DAGS_FOLDER/gps/custom_dags/motower_daily.py', '--cfg-path', '/tmp/tmp4nc7bbqo']
[2024-08-06T16:58:26.412+0000] {standard_task_runner.py:91} INFO - Job 210: Subtask extracta
[2024-08-06T16:58:26.504+0000] {task_command.py:426} INFO - Running <TaskInstance: motower_daily_prod.extracta scheduled__2024-01-20T06:00:00+00:00 [running]> on host 13681191f11c
[2024-08-06T16:58:26.709+0000] {taskinstance.py:2648} INFO - Exporting env vars: AIRFLOW_CTX_DAG_EMAIL='richmond.kongo@orange.com,assane.diop@orange.com,cyrille1.danho@orange.com,mohamed2.sylla@orange.com,amadou.diomande@orange.com,Jonas.kouame@orange.com,armand.kablan@orange.com,anicet.azombade@orange.com,etienne.kouadio@orange.com,bertine.kouakou@orange.com,florentine.kouakou@orange.com,ange.phaceli@orange.com,soulegame.soro@orange.com,innocent.yengo@orange.com' AIRFLOW_CTX_DAG_OWNER='***' AIRFLOW_CTX_DAG_ID='motower_daily_prod' AIRFLOW_CTX_TASK_ID='extracta' AIRFLOW_CTX_EXECUTION_DATE='2024-01-20T06:00:00+00:00' AIRFLOW_CTX_TRY_NUMBER='1' AIRFLOW_CTX_DAG_RUN_ID='scheduled__2024-01-20T06:00:00+00:00'
[2024-08-06T16:58:26.711+0000] {taskinstance.py:430} INFO - ::endgroup::
[2024-08-06T16:58:26.751+0000] {extract.py:126} INFO - Getting data of the table dtm_motower_gsm 
[2024-08-06T16:58:26.752+0000] {extract.py:127} INFO - where date is 2024-01-19
[2024-08-06T16:58:26.754+0000] {extract.py:102} INFO - get data to date 20240119
[2024-08-06T16:58:26.766+0000] {warnings.py:112} WARNING - /opt/***/dags/gps/common/extract.py:103: UserWarning: pandas only supports SQLAlchemy connectable (engine/connection) or database string URI or sqlite3 DBAPI2 connection. Other DBAPI2 objects are not tested. Please consider using SQLAlchemy.
  df_ = pd.read_sql_query(sql_query, conn, params=params)

[2024-08-06T16:58:26.961+0000] {rwminio.py:19} INFO - start to save data
[2024-08-06T16:58:27.123+0000] {rwminio.py:34} INFO - data in minio ok
[2024-08-06T16:58:27.124+0000] {python.py:237} INFO - Done. Returned value was: None
[2024-08-06T16:58:27.125+0000] {taskinstance.py:441} INFO - ::group::Post task execution logs
[2024-08-06T16:58:27.150+0000] {taskinstance.py:1206} INFO - Marking task as SUCCESS. dag_id=motower_daily_prod, task_id=extracta, run_id=scheduled__2024-01-20T06:00:00+00:00, execution_date=20240120T060000, start_date=20240806T165826, end_date=20240806T165827
[2024-08-06T16:58:27.240+0000] {local_task_job_runner.py:243} INFO - Task exited with return code 0
[2024-08-06T16:58:27.349+0000] {taskinstance.py:3503} INFO - 0 downstream tasks scheduled from follow-on schedule check
[2024-08-06T16:58:27.358+0000] {local_task_job_runner.py:222} INFO - ::endgroup::
[2024-08-06T17:28:49.054+0000] {local_task_job_runner.py:120} INFO - ::group::Pre task execution logs
[2024-08-06T17:28:49.123+0000] {taskinstance.py:2076} INFO - Dependencies all met for dep_context=non-requeueable deps ti=<TaskInstance: motower_daily_prod.extracta scheduled__2024-01-20T06:00:00+00:00 [queued]>
[2024-08-06T17:28:49.147+0000] {taskinstance.py:2076} INFO - Dependencies all met for dep_context=requeueable deps ti=<TaskInstance: motower_daily_prod.extracta scheduled__2024-01-20T06:00:00+00:00 [queued]>
[2024-08-06T17:28:49.148+0000] {taskinstance.py:2306} INFO - Starting attempt 1 of 1
[2024-08-06T17:28:49.173+0000] {taskinstance.py:2330} INFO - Executing <Task(PythonOperator): extracta> on 2024-01-20 06:00:00+00:00
[2024-08-06T17:28:49.186+0000] {warnings.py:112} WARNING - /home/***/.local/lib/python3.12/site-packages/***/task/task_runner/standard_task_runner.py:62: DeprecationWarning: This process (pid=5660) is multi-threaded, use of fork() may lead to deadlocks in the child.
  pid = os.fork()

[2024-08-06T17:28:49.188+0000] {standard_task_runner.py:64} INFO - Started process 5672 to run task
[2024-08-06T17:28:49.189+0000] {standard_task_runner.py:90} INFO - Running: ['***', 'tasks', 'run', 'motower_daily_prod', 'extracta', 'scheduled__2024-01-20T06:00:00+00:00', '--job-id', '1466', '--raw', '--subdir', 'DAGS_FOLDER/gps/custom_dags/motower_daily.py', '--cfg-path', '/tmp/tmp_oj5570p']
[2024-08-06T17:28:49.193+0000] {standard_task_runner.py:91} INFO - Job 1466: Subtask extracta
[2024-08-06T17:28:49.280+0000] {task_command.py:426} INFO - Running <TaskInstance: motower_daily_prod.extracta scheduled__2024-01-20T06:00:00+00:00 [running]> on host 13681191f11c
[2024-08-06T17:28:49.516+0000] {taskinstance.py:2648} INFO - Exporting env vars: AIRFLOW_CTX_DAG_EMAIL='richmond.kongo@orange.com,assane.diop@orange.com,cyrille1.danho@orange.com,mohamed2.sylla@orange.com,amadou.diomande@orange.com,Jonas.kouame@orange.com,armand.kablan@orange.com,anicet.azombade@orange.com,etienne.kouadio@orange.com,bertine.kouakou@orange.com,florentine.kouakou@orange.com,ange.phaceli@orange.com,soulegame.soro@orange.com,innocent.yengo@orange.com' AIRFLOW_CTX_DAG_OWNER='***' AIRFLOW_CTX_DAG_ID='motower_daily_prod' AIRFLOW_CTX_TASK_ID='extracta' AIRFLOW_CTX_EXECUTION_DATE='2024-01-20T06:00:00+00:00' AIRFLOW_CTX_TRY_NUMBER='1' AIRFLOW_CTX_DAG_RUN_ID='scheduled__2024-01-20T06:00:00+00:00'
[2024-08-06T17:28:49.522+0000] {taskinstance.py:430} INFO - ::endgroup::
[2024-08-06T17:28:49.608+0000] {extract.py:126} INFO - Getting data of the table dtm_motower_gsm 
[2024-08-06T17:28:49.609+0000] {extract.py:127} INFO - where date is 2024-01-19
[2024-08-06T17:28:49.609+0000] {extract.py:102} INFO - get data to date 20240119
[2024-08-06T17:28:49.626+0000] {warnings.py:112} WARNING - /opt/***/dags/gps/common/extract.py:103: UserWarning: pandas only supports SQLAlchemy connectable (engine/connection) or database string URI or sqlite3 DBAPI2 connection. Other DBAPI2 objects are not tested. Please consider using SQLAlchemy.
  df_ = pd.read_sql_query(sql_query, conn, params=params)

[2024-08-06T17:28:49.855+0000] {rwminio.py:19} INFO - start to save data
[2024-08-06T17:28:50.165+0000] {rwminio.py:34} INFO - data in minio ok
[2024-08-06T17:28:50.165+0000] {python.py:237} INFO - Done. Returned value was: None
[2024-08-06T17:28:50.167+0000] {taskinstance.py:441} INFO - ::group::Post task execution logs
[2024-08-06T17:28:50.191+0000] {taskinstance.py:1206} INFO - Marking task as SUCCESS. dag_id=motower_daily_prod, task_id=extracta, run_id=scheduled__2024-01-20T06:00:00+00:00, execution_date=20240120T060000, start_date=20240806T172849, end_date=20240806T172850
[2024-08-06T17:28:50.600+0000] {local_task_job_runner.py:243} INFO - Task exited with return code 0
[2024-08-06T17:28:50.684+0000] {taskinstance.py:3503} INFO - 0 downstream tasks scheduled from follow-on schedule check
[2024-08-06T17:28:50.687+0000] {local_task_job_runner.py:222} INFO - ::endgroup::
[2024-08-06T18:16:39.029+0000] {local_task_job_runner.py:120} INFO - ::group::Pre task execution logs
[2024-08-06T18:16:39.160+0000] {taskinstance.py:2076} INFO - Dependencies all met for dep_context=non-requeueable deps ti=<TaskInstance: motower_daily_prod.extracta scheduled__2024-01-20T06:00:00+00:00 [queued]>
[2024-08-06T18:16:39.209+0000] {taskinstance.py:2076} INFO - Dependencies all met for dep_context=requeueable deps ti=<TaskInstance: motower_daily_prod.extracta scheduled__2024-01-20T06:00:00+00:00 [queued]>
[2024-08-06T18:16:39.210+0000] {taskinstance.py:2306} INFO - Starting attempt 1 of 1
[2024-08-06T18:16:39.249+0000] {taskinstance.py:2330} INFO - Executing <Task(PythonOperator): extracta> on 2024-01-20 06:00:00+00:00
[2024-08-06T18:16:39.272+0000] {warnings.py:112} WARNING - /home/***/.local/lib/python3.12/site-packages/***/task/task_runner/standard_task_runner.py:62: DeprecationWarning: This process (pid=9569) is multi-threaded, use of fork() may lead to deadlocks in the child.
  pid = os.fork()

[2024-08-06T18:16:39.275+0000] {standard_task_runner.py:64} INFO - Started process 9585 to run task
[2024-08-06T18:16:39.291+0000] {standard_task_runner.py:90} INFO - Running: ['***', 'tasks', 'run', 'motower_daily_prod', 'extracta', 'scheduled__2024-01-20T06:00:00+00:00', '--job-id', '2576', '--raw', '--subdir', 'DAGS_FOLDER/gps/custom_dags/motower_daily.py', '--cfg-path', '/tmp/tmpwar11bfr']
[2024-08-06T18:16:39.295+0000] {standard_task_runner.py:91} INFO - Job 2576: Subtask extracta
[2024-08-06T18:16:39.507+0000] {task_command.py:426} INFO - Running <TaskInstance: motower_daily_prod.extracta scheduled__2024-01-20T06:00:00+00:00 [running]> on host 13681191f11c
[2024-08-06T18:16:40.271+0000] {taskinstance.py:2648} INFO - Exporting env vars: AIRFLOW_CTX_DAG_EMAIL='richmond.kongo@orange.com,assane.diop@orange.com,cyrille1.danho@orange.com,mohamed2.sylla@orange.com,amadou.diomande@orange.com,Jonas.kouame@orange.com,armand.kablan@orange.com,anicet.azombade@orange.com,etienne.kouadio@orange.com,bertine.kouakou@orange.com,florentine.kouakou@orange.com,ange.phaceli@orange.com,soulegame.soro@orange.com,innocent.yengo@orange.com' AIRFLOW_CTX_DAG_OWNER='***' AIRFLOW_CTX_DAG_ID='motower_daily_prod' AIRFLOW_CTX_TASK_ID='extracta' AIRFLOW_CTX_EXECUTION_DATE='2024-01-20T06:00:00+00:00' AIRFLOW_CTX_TRY_NUMBER='1' AIRFLOW_CTX_DAG_RUN_ID='scheduled__2024-01-20T06:00:00+00:00'
[2024-08-06T18:16:40.273+0000] {taskinstance.py:430} INFO - ::endgroup::
[2024-08-06T18:16:40.397+0000] {extract.py:126} INFO - Getting data of the table dtm_motower_gsm 
[2024-08-06T18:16:40.398+0000] {extract.py:127} INFO - where date is 2024-01-19
[2024-08-06T18:16:40.399+0000] {extract.py:102} INFO - get data to date 20240119
[2024-08-06T18:16:40.431+0000] {warnings.py:112} WARNING - /opt/***/dags/gps/common/extract.py:103: UserWarning: pandas only supports SQLAlchemy connectable (engine/connection) or database string URI or sqlite3 DBAPI2 connection. Other DBAPI2 objects are not tested. Please consider using SQLAlchemy.
  df_ = pd.read_sql_query(sql_query, conn, params=params)

[2024-08-06T18:16:40.723+0000] {rwminio.py:19} INFO - start to save data
[2024-08-06T18:16:40.867+0000] {rwminio.py:34} INFO - data in minio ok
[2024-08-06T18:16:40.868+0000] {python.py:237} INFO - Done. Returned value was: None
[2024-08-06T18:16:40.868+0000] {taskinstance.py:441} INFO - ::group::Post task execution logs
[2024-08-06T18:16:40.896+0000] {taskinstance.py:1206} INFO - Marking task as SUCCESS. dag_id=motower_daily_prod, task_id=extracta, run_id=scheduled__2024-01-20T06:00:00+00:00, execution_date=20240120T060000, start_date=20240806T181639, end_date=20240806T181640
[2024-08-06T18:16:40.956+0000] {local_task_job_runner.py:243} INFO - Task exited with return code 0
[2024-08-06T18:16:40.978+0000] {local_task_job_runner.py:222} INFO - ::endgroup::
