[2024-07-25T10:11:51.141+0000] {local_task_job_runner.py:120} INFO - ::group::Pre task execution logs
[2024-07-25T10:11:51.169+0000] {taskinstance.py:2076} INFO - Dependencies all met for dep_context=non-requeueable deps ti=<TaskInstance: enrich_prod.cleaning.cleaning_esco manual__2024-07-25T10:11:35.649781+00:00 [queued]>
[2024-07-25T10:11:51.177+0000] {taskinstance.py:2076} INFO - Dependencies all met for dep_context=requeueable deps ti=<TaskInstance: enrich_prod.cleaning.cleaning_esco manual__2024-07-25T10:11:35.649781+00:00 [queued]>
[2024-07-25T10:11:51.177+0000] {taskinstance.py:2306} INFO - Starting attempt 1 of 1
[2024-07-25T10:11:51.187+0000] {taskinstance.py:2330} INFO - Executing <Task(PythonOperator): cleaning.cleaning_esco> on 2024-07-25 10:11:35.649781+00:00
[2024-07-25T10:11:51.197+0000] {warnings.py:112} WARNING - /home/***/.local/lib/python3.12/site-packages/***/task/task_runner/standard_task_runner.py:62: DeprecationWarning: This process (pid=4265) is multi-threaded, use of fork() may lead to deadlocks in the child.
  pid = os.fork()

[2024-07-25T10:11:51.198+0000] {standard_task_runner.py:64} INFO - Started process 4267 to run task
[2024-07-25T10:11:51.199+0000] {standard_task_runner.py:90} INFO - Running: ['***', 'tasks', 'run', 'enrich_prod', 'cleaning.cleaning_esco', 'manual__2024-07-25T10:11:35.649781+00:00', '--job-id', '1027', '--raw', '--subdir', 'DAGS_FOLDER/gps/custom_dags/enrich.py', '--cfg-path', '/tmp/tmpuaku17x6']
[2024-07-25T10:11:51.200+0000] {standard_task_runner.py:91} INFO - Job 1027: Subtask cleaning.cleaning_esco
[2024-07-25T10:11:51.238+0000] {task_command.py:426} INFO - Running <TaskInstance: enrich_prod.cleaning.cleaning_esco manual__2024-07-25T10:11:35.649781+00:00 [running]> on host b3845fb494d4
[2024-07-25T10:11:51.312+0000] {taskinstance.py:2648} INFO - Exporting env vars: AIRFLOW_CTX_DAG_EMAIL='richmond.kongo@orange.com,assane.diop@orange.com,cyrille1.danho@orange.com,mohamed2.sylla@orange.com,amadou.diomande@orange.com,Jonas.kouame@orange.com,armand.kablan@orange.com,anicet.azombade@orange.com,etienne.kouadio@orange.com,bertine.kouakou@orange.com,florentine.kouakou@orange.com,ange.phaceli@orange.com,soulegame.soro@orange.com,innocent.yengo@orange.com' AIRFLOW_CTX_DAG_OWNER='***' AIRFLOW_CTX_DAG_ID='enrich_prod' AIRFLOW_CTX_TASK_ID='cleaning.cleaning_esco' AIRFLOW_CTX_EXECUTION_DATE='2024-07-25T10:11:35.649781+00:00' AIRFLOW_CTX_TRY_NUMBER='1' AIRFLOW_CTX_DAG_RUN_ID='manual__2024-07-25T10:11:35.649781+00:00'
[2024-07-25T10:11:51.313+0000] {taskinstance.py:430} INFO - ::endgroup::
[2024-07-25T10:11:51.758+0000] {cleaning.py:24} INFO - All required columns are presents
[2024-07-25T10:11:51.759+0000] {cleaning.py:119} INFO - clean columns
[2024-07-25T10:11:51.765+0000] {cleaning.py:153} INFO - Saving to minio
[2024-07-25T10:11:51.766+0000] {rwminio.py:19} INFO - start to save data
[2024-07-25T10:11:51.790+0000] {rwminio.py:34} INFO - data in minio ok
[2024-07-25T10:11:51.790+0000] {python.py:237} INFO - Done. Returned value was: None
[2024-07-25T10:11:51.790+0000] {taskinstance.py:441} INFO - ::group::Post task execution logs
[2024-07-25T10:11:51.800+0000] {taskinstance.py:1206} INFO - Marking task as SUCCESS. dag_id=enrich_prod, task_id=cleaning.cleaning_esco, run_id=manual__2024-07-25T10:11:35.649781+00:00, execution_date=20240725T101135, start_date=20240725T101151, end_date=20240725T101151
[2024-07-25T10:11:51.852+0000] {local_task_job_runner.py:243} INFO - Task exited with return code 0
[2024-07-25T10:11:51.863+0000] {local_task_job_runner.py:222} INFO - ::endgroup::
