[2024-08-06T17:06:57.336+0000] {local_task_job_runner.py:120} INFO - ::group::Pre task execution logs
[2024-08-06T17:06:57.435+0000] {taskinstance.py:2076} INFO - Dependencies all met for dep_context=non-requeueable deps ti=<TaskInstance: motower_daily_prod.sensor_trafic scheduled__2024-03-20T06:00:00+00:00 [queued]>
[2024-08-06T17:06:57.473+0000] {taskinstance.py:2076} INFO - Dependencies all met for dep_context=requeueable deps ti=<TaskInstance: motower_daily_prod.sensor_trafic scheduled__2024-03-20T06:00:00+00:00 [queued]>
[2024-08-06T17:06:57.474+0000] {taskinstance.py:2306} INFO - Starting attempt 1 of 1
[2024-08-06T17:06:57.511+0000] {taskinstance.py:2330} INFO - Executing <Task(PythonSensor): sensor_trafic> on 2024-03-20 06:00:00+00:00
[2024-08-06T17:06:57.533+0000] {warnings.py:112} WARNING - /home/***/.local/lib/python3.12/site-packages/***/task/task_runner/standard_task_runner.py:62: DeprecationWarning: This process (pid=3246) is multi-threaded, use of fork() may lead to deadlocks in the child.
  pid = os.fork()

[2024-08-06T17:06:57.538+0000] {standard_task_runner.py:64} INFO - Started process 3260 to run task
[2024-08-06T17:06:57.544+0000] {standard_task_runner.py:90} INFO - Running: ['***', 'tasks', 'run', 'motower_daily_prod', 'sensor_trafic', 'scheduled__2024-03-20T06:00:00+00:00', '--job-id', '750', '--raw', '--subdir', 'DAGS_FOLDER/gps/custom_dags/motower_daily.py', '--cfg-path', '/tmp/tmp5ys3i7dx']
[2024-08-06T17:06:57.548+0000] {standard_task_runner.py:91} INFO - Job 750: Subtask sensor_trafic
[2024-08-06T17:06:57.676+0000] {task_command.py:426} INFO - Running <TaskInstance: motower_daily_prod.sensor_trafic scheduled__2024-03-20T06:00:00+00:00 [running]> on host 13681191f11c
[2024-08-06T17:06:57.919+0000] {taskinstance.py:2648} INFO - Exporting env vars: AIRFLOW_CTX_DAG_EMAIL='richmond.kongo@orange.com,assane.diop@orange.com,cyrille1.danho@orange.com,mohamed2.sylla@orange.com,amadou.diomande@orange.com,Jonas.kouame@orange.com,armand.kablan@orange.com,anicet.azombade@orange.com,etienne.kouadio@orange.com,bertine.kouakou@orange.com,florentine.kouakou@orange.com,ange.phaceli@orange.com,soulegame.soro@orange.com,innocent.yengo@orange.com' AIRFLOW_CTX_DAG_OWNER='***' AIRFLOW_CTX_DAG_ID='motower_daily_prod' AIRFLOW_CTX_TASK_ID='sensor_trafic' AIRFLOW_CTX_EXECUTION_DATE='2024-03-20T06:00:00+00:00' AIRFLOW_CTX_TRY_NUMBER='1' AIRFLOW_CTX_DAG_RUN_ID='scheduled__2024-03-20T06:00:00+00:00'
[2024-08-06T17:06:57.921+0000] {taskinstance.py:430} INFO - ::endgroup::
[2024-08-06T17:06:57.959+0000] {python.py:75} INFO - Poking callable: <function check_data_in_table at 0x701c26fe5ee0>
[2024-08-06T17:06:57.972+0000] {extract.py:126} INFO - Getting data of the table ks_daily_tdb_radio_drsi 
[2024-08-06T17:06:57.973+0000] {extract.py:127} INFO - where date is 2024-03-19
[2024-08-06T17:06:57.973+0000] {extract.py:102} INFO - get data to date 2024-03-19
[2024-08-06T17:06:57.985+0000] {warnings.py:112} WARNING - /opt/***/dags/gps/common/extract.py:103: UserWarning: pandas only supports SQLAlchemy connectable (engine/connection) or database string URI or sqlite3 DBAPI2 connection. Other DBAPI2 objects are not tested. Please consider using SQLAlchemy.
  df_ = pd.read_sql_query(sql_query, conn, params=params)

[2024-08-06T17:06:58.304+0000] {base.py:294} INFO - Success criteria met. Exiting.
[2024-08-06T17:06:58.305+0000] {taskinstance.py:441} INFO - ::group::Post task execution logs
[2024-08-06T17:06:58.318+0000] {taskinstance.py:1206} INFO - Marking task as SUCCESS. dag_id=motower_daily_prod, task_id=sensor_trafic, run_id=scheduled__2024-03-20T06:00:00+00:00, execution_date=20240320T060000, start_date=20240806T170657, end_date=20240806T170658
[2024-08-06T17:06:58.347+0000] {local_task_job_runner.py:243} INFO - Task exited with return code 0
[2024-08-06T17:06:58.360+0000] {local_task_job_runner.py:222} INFO - ::endgroup::
[2024-08-06T17:37:06.852+0000] {local_task_job_runner.py:120} INFO - ::group::Pre task execution logs
[2024-08-06T17:37:07.237+0000] {taskinstance.py:2076} INFO - Dependencies all met for dep_context=non-requeueable deps ti=<TaskInstance: motower_daily_prod.sensor_trafic scheduled__2024-03-20T06:00:00+00:00 [queued]>
[2024-08-06T17:37:07.271+0000] {taskinstance.py:2076} INFO - Dependencies all met for dep_context=requeueable deps ti=<TaskInstance: motower_daily_prod.sensor_trafic scheduled__2024-03-20T06:00:00+00:00 [queued]>
[2024-08-06T17:37:07.273+0000] {taskinstance.py:2306} INFO - Starting attempt 1 of 1
[2024-08-06T17:37:07.322+0000] {taskinstance.py:2330} INFO - Executing <Task(PythonSensor): sensor_trafic> on 2024-03-20 06:00:00+00:00
[2024-08-06T17:37:07.343+0000] {warnings.py:112} WARNING - /home/***/.local/lib/python3.12/site-packages/***/task/task_runner/standard_task_runner.py:62: DeprecationWarning: This process (pid=7359) is multi-threaded, use of fork() may lead to deadlocks in the child.
  pid = os.fork()

[2024-08-06T17:37:07.345+0000] {standard_task_runner.py:64} INFO - Started process 7377 to run task
[2024-08-06T17:37:07.353+0000] {standard_task_runner.py:90} INFO - Running: ['***', 'tasks', 'run', 'motower_daily_prod', 'sensor_trafic', 'scheduled__2024-03-20T06:00:00+00:00', '--job-id', '2001', '--raw', '--subdir', 'DAGS_FOLDER/gps/custom_dags/motower_daily.py', '--cfg-path', '/tmp/tmp_lduijqo']
[2024-08-06T17:37:07.356+0000] {standard_task_runner.py:91} INFO - Job 2001: Subtask sensor_trafic
[2024-08-06T17:37:07.480+0000] {task_command.py:426} INFO - Running <TaskInstance: motower_daily_prod.sensor_trafic scheduled__2024-03-20T06:00:00+00:00 [running]> on host 13681191f11c
[2024-08-06T17:37:07.774+0000] {taskinstance.py:2648} INFO - Exporting env vars: AIRFLOW_CTX_DAG_EMAIL='richmond.kongo@orange.com,assane.diop@orange.com,cyrille1.danho@orange.com,mohamed2.sylla@orange.com,amadou.diomande@orange.com,Jonas.kouame@orange.com,armand.kablan@orange.com,anicet.azombade@orange.com,etienne.kouadio@orange.com,bertine.kouakou@orange.com,florentine.kouakou@orange.com,ange.phaceli@orange.com,soulegame.soro@orange.com,innocent.yengo@orange.com' AIRFLOW_CTX_DAG_OWNER='***' AIRFLOW_CTX_DAG_ID='motower_daily_prod' AIRFLOW_CTX_TASK_ID='sensor_trafic' AIRFLOW_CTX_EXECUTION_DATE='2024-03-20T06:00:00+00:00' AIRFLOW_CTX_TRY_NUMBER='1' AIRFLOW_CTX_DAG_RUN_ID='scheduled__2024-03-20T06:00:00+00:00'
[2024-08-06T17:37:07.776+0000] {taskinstance.py:430} INFO - ::endgroup::
[2024-08-06T17:37:07.817+0000] {python.py:75} INFO - Poking callable: <function check_data_in_table at 0x701c42556fc0>
[2024-08-06T17:37:07.851+0000] {extract.py:126} INFO - Getting data of the table ks_daily_tdb_radio_drsi 
[2024-08-06T17:37:07.853+0000] {extract.py:127} INFO - where date is 2024-03-19
[2024-08-06T17:37:07.854+0000] {extract.py:102} INFO - get data to date 2024-03-19
[2024-08-06T17:37:07.867+0000] {warnings.py:112} WARNING - /opt/***/dags/gps/common/extract.py:103: UserWarning: pandas only supports SQLAlchemy connectable (engine/connection) or database string URI or sqlite3 DBAPI2 connection. Other DBAPI2 objects are not tested. Please consider using SQLAlchemy.
  df_ = pd.read_sql_query(sql_query, conn, params=params)

[2024-08-06T17:37:08.444+0000] {base.py:294} INFO - Success criteria met. Exiting.
[2024-08-06T17:37:08.445+0000] {taskinstance.py:441} INFO - ::group::Post task execution logs
[2024-08-06T17:37:08.464+0000] {taskinstance.py:1206} INFO - Marking task as SUCCESS. dag_id=motower_daily_prod, task_id=sensor_trafic, run_id=scheduled__2024-03-20T06:00:00+00:00, execution_date=20240320T060000, start_date=20240806T173707, end_date=20240806T173708
[2024-08-06T17:37:08.819+0000] {local_task_job_runner.py:243} INFO - Task exited with return code 0
[2024-08-06T17:37:08.844+0000] {local_task_job_runner.py:222} INFO - ::endgroup::
[2024-08-06T18:24:42.960+0000] {local_task_job_runner.py:120} INFO - ::group::Pre task execution logs
[2024-08-06T18:24:43.248+0000] {taskinstance.py:2076} INFO - Dependencies all met for dep_context=non-requeueable deps ti=<TaskInstance: motower_daily_prod.sensor_trafic scheduled__2024-03-20T06:00:00+00:00 [queued]>
[2024-08-06T18:24:43.323+0000] {taskinstance.py:2076} INFO - Dependencies all met for dep_context=requeueable deps ti=<TaskInstance: motower_daily_prod.sensor_trafic scheduled__2024-03-20T06:00:00+00:00 [queued]>
[2024-08-06T18:24:43.323+0000] {taskinstance.py:2306} INFO - Starting attempt 1 of 1
[2024-08-06T18:24:43.935+0000] {taskinstance.py:2330} INFO - Executing <Task(PythonSensor): sensor_trafic> on 2024-03-20 06:00:00+00:00
[2024-08-06T18:24:43.971+0000] {warnings.py:112} WARNING - /home/***/.local/lib/python3.12/site-packages/***/task/task_runner/standard_task_runner.py:62: DeprecationWarning: This process (pid=11227) is multi-threaded, use of fork() may lead to deadlocks in the child.
  pid = os.fork()

[2024-08-06T18:24:43.973+0000] {standard_task_runner.py:64} INFO - Started process 11243 to run task
[2024-08-06T18:24:43.984+0000] {standard_task_runner.py:90} INFO - Running: ['***', 'tasks', 'run', 'motower_daily_prod', 'sensor_trafic', 'scheduled__2024-03-20T06:00:00+00:00', '--job-id', '3101', '--raw', '--subdir', 'DAGS_FOLDER/gps/custom_dags/motower_daily.py', '--cfg-path', '/tmp/tmpeq3_tidy']
[2024-08-06T18:24:43.992+0000] {standard_task_runner.py:91} INFO - Job 3101: Subtask sensor_trafic
[2024-08-06T18:24:44.104+0000] {task_command.py:426} INFO - Running <TaskInstance: motower_daily_prod.sensor_trafic scheduled__2024-03-20T06:00:00+00:00 [running]> on host 13681191f11c
[2024-08-06T18:24:44.463+0000] {taskinstance.py:2648} INFO - Exporting env vars: AIRFLOW_CTX_DAG_EMAIL='richmond.kongo@orange.com,assane.diop@orange.com,cyrille1.danho@orange.com,mohamed2.sylla@orange.com,amadou.diomande@orange.com,Jonas.kouame@orange.com,armand.kablan@orange.com,anicet.azombade@orange.com,etienne.kouadio@orange.com,bertine.kouakou@orange.com,florentine.kouakou@orange.com,ange.phaceli@orange.com,soulegame.soro@orange.com,innocent.yengo@orange.com' AIRFLOW_CTX_DAG_OWNER='***' AIRFLOW_CTX_DAG_ID='motower_daily_prod' AIRFLOW_CTX_TASK_ID='sensor_trafic' AIRFLOW_CTX_EXECUTION_DATE='2024-03-20T06:00:00+00:00' AIRFLOW_CTX_TRY_NUMBER='1' AIRFLOW_CTX_DAG_RUN_ID='scheduled__2024-03-20T06:00:00+00:00'
[2024-08-06T18:24:44.465+0000] {taskinstance.py:430} INFO - ::endgroup::
[2024-08-06T18:24:44.496+0000] {python.py:75} INFO - Poking callable: <function check_data_in_table at 0x701c26f47880>
[2024-08-06T18:24:44.504+0000] {extract.py:126} INFO - Getting data of the table ks_daily_tdb_radio_drsi 
[2024-08-06T18:24:44.504+0000] {extract.py:127} INFO - where date is 2024-03-19
[2024-08-06T18:24:44.505+0000] {extract.py:102} INFO - get data to date 2024-03-19
[2024-08-06T18:24:44.515+0000] {warnings.py:112} WARNING - /opt/***/dags/gps/common/extract.py:103: UserWarning: pandas only supports SQLAlchemy connectable (engine/connection) or database string URI or sqlite3 DBAPI2 connection. Other DBAPI2 objects are not tested. Please consider using SQLAlchemy.
  df_ = pd.read_sql_query(sql_query, conn, params=params)

[2024-08-06T18:24:45.037+0000] {base.py:294} INFO - Success criteria met. Exiting.
[2024-08-06T18:24:45.038+0000] {taskinstance.py:441} INFO - ::group::Post task execution logs
[2024-08-06T18:24:45.059+0000] {taskinstance.py:1206} INFO - Marking task as SUCCESS. dag_id=motower_daily_prod, task_id=sensor_trafic, run_id=scheduled__2024-03-20T06:00:00+00:00, execution_date=20240320T060000, start_date=20240806T182443, end_date=20240806T182445
[2024-08-06T18:24:45.122+0000] {local_task_job_runner.py:243} INFO - Task exited with return code 0
[2024-08-06T18:24:45.144+0000] {local_task_job_runner.py:222} INFO - ::endgroup::
