[2024-07-22T16:28:00.768+0000] {local_task_job_runner.py:120} INFO - ::group::Pre task execution logs
[2024-07-22T16:28:00.956+0000] {taskinstance.py:2076} INFO - Dependencies all met for dep_context=non-requeueable deps ti=<TaskInstance: motower_daily_prod.sensor_congestion scheduled__2024-07-06T06:00:00+00:00 [queued]>
[2024-07-22T16:28:00.963+0000] {taskinstance.py:2076} INFO - Dependencies all met for dep_context=requeueable deps ti=<TaskInstance: motower_daily_prod.sensor_congestion scheduled__2024-07-06T06:00:00+00:00 [queued]>
[2024-07-22T16:28:00.963+0000] {taskinstance.py:2306} INFO - Starting attempt 1 of 1
[2024-07-22T16:28:00.975+0000] {taskinstance.py:2330} INFO - Executing <Task(PythonSensor): sensor_congestion> on 2024-07-06 06:00:00+00:00
[2024-07-22T16:28:00.983+0000] {warnings.py:112} WARNING - /home/***/.local/lib/python3.12/site-packages/***/task/task_runner/standard_task_runner.py:62: DeprecationWarning: This process (pid=350) is multi-threaded, use of fork() may lead to deadlocks in the child.
  pid = os.fork()

[2024-07-22T16:28:00.984+0000] {standard_task_runner.py:64} INFO - Started process 352 to run task
[2024-07-22T16:28:00.984+0000] {standard_task_runner.py:90} INFO - Running: ['***', 'tasks', 'run', 'motower_daily_prod', 'sensor_congestion', 'scheduled__2024-07-06T06:00:00+00:00', '--job-id', '13', '--raw', '--subdir', 'DAGS_FOLDER/gps/custom_dags/motower_daily.py', '--cfg-path', '/tmp/tmp2dpoxc5o']
[2024-07-22T16:28:00.986+0000] {standard_task_runner.py:91} INFO - Job 13: Subtask sensor_congestion
[2024-07-22T16:28:01.023+0000] {task_command.py:426} INFO - Running <TaskInstance: motower_daily_prod.sensor_congestion scheduled__2024-07-06T06:00:00+00:00 [running]> on host 5e959f2258db
[2024-07-22T16:28:01.097+0000] {taskinstance.py:2648} INFO - Exporting env vars: AIRFLOW_CTX_DAG_EMAIL='richmond.kongo@orange.com,assane.diop@orange.com,cyrille1.danho@orange.com,mohamed2.sylla@orange.com,amadou.diomande@orange.com,Jonas.kouame@orange.com,armand.kablan@orange.com,anicet.azombade@orange.com,etienne.kouadio@orange.com,bertine.kouakou@orange.com,florentine.kouakou@orange.com,ange.phaceli@orange.com,soulegame.soro@orange.com,innocent.yengo@orange.com' AIRFLOW_CTX_DAG_OWNER='***' AIRFLOW_CTX_DAG_ID='motower_daily_prod' AIRFLOW_CTX_TASK_ID='sensor_congestion' AIRFLOW_CTX_EXECUTION_DATE='2024-07-06T06:00:00+00:00' AIRFLOW_CTX_TRY_NUMBER='1' AIRFLOW_CTX_DAG_RUN_ID='scheduled__2024-07-06T06:00:00+00:00'
[2024-07-22T16:28:01.098+0000] {taskinstance.py:430} INFO - ::endgroup::
[2024-07-22T16:28:01.107+0000] {python.py:75} INFO - Poking callable: <function check_data_in_table at 0x7286306fb240>
[2024-07-22T16:28:01.112+0000] {extract.py:127} INFO - Getting data of the table ks_hebdo_tdb_radio_drsi 
[2024-07-22T16:28:01.112+0000] {extract.py:128} INFO - where date is 2024-07-05
[2024-07-22T16:28:01.113+0000] {extract.py:99} INFO - get data to date 27 and year 2024
[2024-07-22T16:28:01.117+0000] {warnings.py:112} WARNING - /opt/***/dags/gps/common/extract.py:100: UserWarning: pandas only supports SQLAlchemy connectable (engine/connection) or database string URI or sqlite3 DBAPI2 connection. Other DBAPI2 objects are not tested. Please consider using SQLAlchemy.
  df_ = pd.read_sql_query(sql_query, conn, params=params)

[2024-07-22T16:28:01.151+0000] {base.py:294} INFO - Success criteria met. Exiting.
[2024-07-22T16:28:01.152+0000] {taskinstance.py:441} INFO - ::group::Post task execution logs
[2024-07-22T16:28:01.161+0000] {taskinstance.py:1206} INFO - Marking task as SUCCESS. dag_id=motower_daily_prod, task_id=sensor_congestion, run_id=scheduled__2024-07-06T06:00:00+00:00, execution_date=20240706T060000, start_date=20240722T162800, end_date=20240722T162801
[2024-07-22T16:28:01.197+0000] {local_task_job_runner.py:243} INFO - Task exited with return code 0
[2024-07-22T16:28:01.228+0000] {taskinstance.py:3503} INFO - 0 downstream tasks scheduled from follow-on schedule check
[2024-07-22T16:28:01.231+0000] {local_task_job_runner.py:222} INFO - ::endgroup::
[2024-07-22T16:29:00.145+0000] {local_task_job_runner.py:120} INFO - ::group::Pre task execution logs
[2024-07-22T16:29:00.337+0000] {taskinstance.py:2076} INFO - Dependencies all met for dep_context=non-requeueable deps ti=<TaskInstance: motower_daily_prod.sensor_congestion scheduled__2024-07-06T06:00:00+00:00 [queued]>
[2024-07-22T16:29:00.344+0000] {taskinstance.py:2076} INFO - Dependencies all met for dep_context=requeueable deps ti=<TaskInstance: motower_daily_prod.sensor_congestion scheduled__2024-07-06T06:00:00+00:00 [queued]>
[2024-07-22T16:29:00.344+0000] {taskinstance.py:2306} INFO - Starting attempt 1 of 1
[2024-07-22T16:29:00.353+0000] {taskinstance.py:2330} INFO - Executing <Task(PythonSensor): sensor_congestion> on 2024-07-06 06:00:00+00:00
[2024-07-22T16:29:00.361+0000] {warnings.py:112} WARNING - /home/***/.local/lib/python3.12/site-packages/***/task/task_runner/standard_task_runner.py:62: DeprecationWarning: This process (pid=400) is multi-threaded, use of fork() may lead to deadlocks in the child.
  pid = os.fork()

[2024-07-22T16:29:00.362+0000] {standard_task_runner.py:64} INFO - Started process 402 to run task
[2024-07-22T16:29:00.363+0000] {standard_task_runner.py:90} INFO - Running: ['***', 'tasks', 'run', 'motower_daily_prod', 'sensor_congestion', 'scheduled__2024-07-06T06:00:00+00:00', '--job-id', '25', '--raw', '--subdir', 'DAGS_FOLDER/gps/custom_dags/motower_daily.py', '--cfg-path', '/tmp/tmpwht0o3bb']
[2024-07-22T16:29:00.364+0000] {standard_task_runner.py:91} INFO - Job 25: Subtask sensor_congestion
[2024-07-22T16:29:00.400+0000] {task_command.py:426} INFO - Running <TaskInstance: motower_daily_prod.sensor_congestion scheduled__2024-07-06T06:00:00+00:00 [running]> on host 5e959f2258db
[2024-07-22T16:29:00.470+0000] {taskinstance.py:2648} INFO - Exporting env vars: AIRFLOW_CTX_DAG_EMAIL='richmond.kongo@orange.com,assane.diop@orange.com,cyrille1.danho@orange.com,mohamed2.sylla@orange.com,amadou.diomande@orange.com,Jonas.kouame@orange.com,armand.kablan@orange.com,anicet.azombade@orange.com,etienne.kouadio@orange.com,bertine.kouakou@orange.com,florentine.kouakou@orange.com,ange.phaceli@orange.com,soulegame.soro@orange.com,innocent.yengo@orange.com' AIRFLOW_CTX_DAG_OWNER='***' AIRFLOW_CTX_DAG_ID='motower_daily_prod' AIRFLOW_CTX_TASK_ID='sensor_congestion' AIRFLOW_CTX_EXECUTION_DATE='2024-07-06T06:00:00+00:00' AIRFLOW_CTX_TRY_NUMBER='1' AIRFLOW_CTX_DAG_RUN_ID='scheduled__2024-07-06T06:00:00+00:00'
[2024-07-22T16:29:00.471+0000] {taskinstance.py:430} INFO - ::endgroup::
[2024-07-22T16:29:00.479+0000] {python.py:75} INFO - Poking callable: <function check_data_in_table at 0x7286306fb1a0>
[2024-07-22T16:29:00.484+0000] {extract.py:127} INFO - Getting data of the table ks_hebdo_tdb_radio_drsi 
[2024-07-22T16:29:00.484+0000] {extract.py:128} INFO - where date is 2024-07-05
[2024-07-22T16:29:00.484+0000] {extract.py:99} INFO - get data to date 27 and year 2024
[2024-07-22T16:29:00.489+0000] {warnings.py:112} WARNING - /opt/***/dags/gps/common/extract.py:100: UserWarning: pandas only supports SQLAlchemy connectable (engine/connection) or database string URI or sqlite3 DBAPI2 connection. Other DBAPI2 objects are not tested. Please consider using SQLAlchemy.
  df_ = pd.read_sql_query(sql_query, conn, params=params)

[2024-07-22T16:29:00.525+0000] {base.py:294} INFO - Success criteria met. Exiting.
[2024-07-22T16:29:00.526+0000] {taskinstance.py:441} INFO - ::group::Post task execution logs
[2024-07-22T16:29:00.536+0000] {taskinstance.py:1206} INFO - Marking task as SUCCESS. dag_id=motower_daily_prod, task_id=sensor_congestion, run_id=scheduled__2024-07-06T06:00:00+00:00, execution_date=20240706T060000, start_date=20240722T162900, end_date=20240722T162900
[2024-07-22T16:29:00.576+0000] {local_task_job_runner.py:243} INFO - Task exited with return code 0
[2024-07-22T16:29:00.606+0000] {taskinstance.py:3503} INFO - 0 downstream tasks scheduled from follow-on schedule check
[2024-07-22T16:29:00.610+0000] {local_task_job_runner.py:222} INFO - ::endgroup::
[2024-07-23T14:37:53.060+0000] {local_task_job_runner.py:120} INFO - ::group::Pre task execution logs
[2024-07-23T14:37:53.086+0000] {taskinstance.py:2076} INFO - Dependencies all met for dep_context=non-requeueable deps ti=<TaskInstance: motower_daily_prod.sensor_congestion scheduled__2024-07-06T06:00:00+00:00 [queued]>
[2024-07-23T14:37:53.100+0000] {taskinstance.py:2076} INFO - Dependencies all met for dep_context=requeueable deps ti=<TaskInstance: motower_daily_prod.sensor_congestion scheduled__2024-07-06T06:00:00+00:00 [queued]>
[2024-07-23T14:37:53.101+0000] {taskinstance.py:2306} INFO - Starting attempt 1 of 1
[2024-07-23T14:37:53.111+0000] {taskinstance.py:2330} INFO - Executing <Task(PythonSensor): sensor_congestion> on 2024-07-06 06:00:00+00:00
[2024-07-23T14:37:53.121+0000] {warnings.py:112} WARNING - /home/***/.local/lib/python3.12/site-packages/***/task/task_runner/standard_task_runner.py:62: DeprecationWarning: This process (pid=264) is multi-threaded, use of fork() may lead to deadlocks in the child.
  pid = os.fork()

[2024-07-23T14:37:53.122+0000] {standard_task_runner.py:64} INFO - Started process 272 to run task
[2024-07-23T14:37:53.123+0000] {standard_task_runner.py:90} INFO - Running: ['***', 'tasks', 'run', 'motower_daily_prod', 'sensor_congestion', 'scheduled__2024-07-06T06:00:00+00:00', '--job-id', '37', '--raw', '--subdir', 'DAGS_FOLDER/gps/custom_dags/motower_daily.py', '--cfg-path', '/tmp/tmpfuep6bww']
[2024-07-23T14:37:53.124+0000] {standard_task_runner.py:91} INFO - Job 37: Subtask sensor_congestion
[2024-07-23T14:37:53.162+0000] {task_command.py:426} INFO - Running <TaskInstance: motower_daily_prod.sensor_congestion scheduled__2024-07-06T06:00:00+00:00 [running]> on host 1437ca0d1cc4
[2024-07-23T14:37:53.236+0000] {taskinstance.py:2648} INFO - Exporting env vars: AIRFLOW_CTX_DAG_EMAIL='richmond.kongo@orange.com,assane.diop@orange.com,cyrille1.danho@orange.com,mohamed2.sylla@orange.com,amadou.diomande@orange.com,Jonas.kouame@orange.com,armand.kablan@orange.com,anicet.azombade@orange.com,etienne.kouadio@orange.com,bertine.kouakou@orange.com,florentine.kouakou@orange.com,ange.phaceli@orange.com,soulegame.soro@orange.com,innocent.yengo@orange.com' AIRFLOW_CTX_DAG_OWNER='***' AIRFLOW_CTX_DAG_ID='motower_daily_prod' AIRFLOW_CTX_TASK_ID='sensor_congestion' AIRFLOW_CTX_EXECUTION_DATE='2024-07-06T06:00:00+00:00' AIRFLOW_CTX_TRY_NUMBER='1' AIRFLOW_CTX_DAG_RUN_ID='scheduled__2024-07-06T06:00:00+00:00'
[2024-07-23T14:37:53.237+0000] {taskinstance.py:430} INFO - ::endgroup::
[2024-07-23T14:37:53.251+0000] {python.py:75} INFO - Poking callable: <function check_data_in_table at 0x730b019d6ca0>
[2024-07-23T14:37:53.254+0000] {extract.py:127} INFO - Getting data of the table ks_hebdo_tdb_radio_drsi 
[2024-07-23T14:37:53.255+0000] {extract.py:128} INFO - where date is 2024-07-05
[2024-07-23T14:37:53.255+0000] {extract.py:99} INFO - get data to date 27 and year 2024
[2024-07-23T14:37:53.260+0000] {warnings.py:112} WARNING - /opt/***/dags/gps/common/extract.py:100: UserWarning: pandas only supports SQLAlchemy connectable (engine/connection) or database string URI or sqlite3 DBAPI2 connection. Other DBAPI2 objects are not tested. Please consider using SQLAlchemy.
  df_ = pd.read_sql_query(sql_query, conn, params=params)

[2024-07-23T14:37:53.314+0000] {base.py:294} INFO - Success criteria met. Exiting.
[2024-07-23T14:37:53.315+0000] {taskinstance.py:441} INFO - ::group::Post task execution logs
[2024-07-23T14:37:53.324+0000] {taskinstance.py:1206} INFO - Marking task as SUCCESS. dag_id=motower_daily_prod, task_id=sensor_congestion, run_id=scheduled__2024-07-06T06:00:00+00:00, execution_date=20240706T060000, start_date=20240723T143753, end_date=20240723T143753
[2024-07-23T14:37:53.376+0000] {local_task_job_runner.py:243} INFO - Task exited with return code 0
[2024-07-23T14:37:53.408+0000] {taskinstance.py:3503} INFO - 1 downstream tasks scheduled from follow-on schedule check
[2024-07-23T14:37:53.410+0000] {local_task_job_runner.py:222} INFO - ::endgroup::
[2024-07-24T23:21:32.273+0000] {local_task_job_runner.py:120} INFO - ::group::Pre task execution logs
[2024-07-24T23:21:32.470+0000] {taskinstance.py:2076} INFO - Dependencies all met for dep_context=non-requeueable deps ti=<TaskInstance: motower_daily_prod.sensor_congestion scheduled__2024-07-06T06:00:00+00:00 [queued]>
[2024-07-24T23:21:32.478+0000] {taskinstance.py:2076} INFO - Dependencies all met for dep_context=requeueable deps ti=<TaskInstance: motower_daily_prod.sensor_congestion scheduled__2024-07-06T06:00:00+00:00 [queued]>
[2024-07-24T23:21:32.478+0000] {taskinstance.py:2306} INFO - Starting attempt 1 of 1
[2024-07-24T23:21:32.490+0000] {taskinstance.py:2330} INFO - Executing <Task(PythonSensor): sensor_congestion> on 2024-07-06 06:00:00+00:00
[2024-07-24T23:21:32.499+0000] {warnings.py:112} WARNING - /home/***/.local/lib/python3.12/site-packages/***/task/task_runner/standard_task_runner.py:62: DeprecationWarning: This process (pid=1013) is multi-threaded, use of fork() may lead to deadlocks in the child.
  pid = os.fork()

[2024-07-24T23:21:32.500+0000] {standard_task_runner.py:64} INFO - Started process 1022 to run task
[2024-07-24T23:21:32.501+0000] {standard_task_runner.py:90} INFO - Running: ['***', 'tasks', 'run', 'motower_daily_prod', 'sensor_congestion', 'scheduled__2024-07-06T06:00:00+00:00', '--job-id', '433', '--raw', '--subdir', 'DAGS_FOLDER/gps/custom_dags/motower_daily.py', '--cfg-path', '/tmp/tmpyqlopr3v']
[2024-07-24T23:21:32.503+0000] {standard_task_runner.py:91} INFO - Job 433: Subtask sensor_congestion
[2024-07-24T23:21:32.539+0000] {task_command.py:426} INFO - Running <TaskInstance: motower_daily_prod.sensor_congestion scheduled__2024-07-06T06:00:00+00:00 [running]> on host b3845fb494d4
[2024-07-24T23:21:32.619+0000] {taskinstance.py:2648} INFO - Exporting env vars: AIRFLOW_CTX_DAG_EMAIL='richmond.kongo@orange.com,assane.diop@orange.com,cyrille1.danho@orange.com,mohamed2.sylla@orange.com,amadou.diomande@orange.com,Jonas.kouame@orange.com,armand.kablan@orange.com,anicet.azombade@orange.com,etienne.kouadio@orange.com,bertine.kouakou@orange.com,florentine.kouakou@orange.com,ange.phaceli@orange.com,soulegame.soro@orange.com,innocent.yengo@orange.com' AIRFLOW_CTX_DAG_OWNER='***' AIRFLOW_CTX_DAG_ID='motower_daily_prod' AIRFLOW_CTX_TASK_ID='sensor_congestion' AIRFLOW_CTX_EXECUTION_DATE='2024-07-06T06:00:00+00:00' AIRFLOW_CTX_TRY_NUMBER='1' AIRFLOW_CTX_DAG_RUN_ID='scheduled__2024-07-06T06:00:00+00:00'
[2024-07-24T23:21:32.620+0000] {taskinstance.py:430} INFO - ::endgroup::
[2024-07-24T23:21:32.629+0000] {python.py:75} INFO - Poking callable: <function check_data_in_table at 0x73206eb5efc0>
[2024-07-24T23:21:32.633+0000] {extract.py:126} INFO - Getting data of the table ks_hebdo_tdb_radio_drsi 
[2024-07-24T23:21:32.633+0000] {extract.py:127} INFO - where date is 2024-07-05
[2024-07-24T23:21:32.633+0000] {extract.py:98} INFO - get data to date 27 and year 2024
[2024-07-24T23:21:32.637+0000] {warnings.py:112} WARNING - /opt/***/dags/gps/common/extract.py:99: UserWarning: pandas only supports SQLAlchemy connectable (engine/connection) or database string URI or sqlite3 DBAPI2 connection. Other DBAPI2 objects are not tested. Please consider using SQLAlchemy.
  df_ = pd.read_sql_query(sql_query, conn, params=params)

[2024-07-24T23:21:32.676+0000] {base.py:294} INFO - Success criteria met. Exiting.
[2024-07-24T23:21:32.677+0000] {taskinstance.py:441} INFO - ::group::Post task execution logs
[2024-07-24T23:21:32.687+0000] {taskinstance.py:1206} INFO - Marking task as SUCCESS. dag_id=motower_daily_prod, task_id=sensor_congestion, run_id=scheduled__2024-07-06T06:00:00+00:00, execution_date=20240706T060000, start_date=20240724T232132, end_date=20240724T232132
[2024-07-24T23:21:32.714+0000] {local_task_job_runner.py:243} INFO - Task exited with return code 0
[2024-07-24T23:21:32.747+0000] {taskinstance.py:3503} INFO - 1 downstream tasks scheduled from follow-on schedule check
[2024-07-24T23:21:32.750+0000] {local_task_job_runner.py:222} INFO - ::endgroup::
[2024-07-24T23:25:56.125+0000] {local_task_job_runner.py:120} INFO - ::group::Pre task execution logs
[2024-07-24T23:25:56.317+0000] {taskinstance.py:2076} INFO - Dependencies all met for dep_context=non-requeueable deps ti=<TaskInstance: motower_daily_prod.sensor_congestion scheduled__2024-07-06T06:00:00+00:00 [queued]>
[2024-07-24T23:25:56.324+0000] {taskinstance.py:2076} INFO - Dependencies all met for dep_context=requeueable deps ti=<TaskInstance: motower_daily_prod.sensor_congestion scheduled__2024-07-06T06:00:00+00:00 [queued]>
[2024-07-24T23:25:56.324+0000] {taskinstance.py:2306} INFO - Starting attempt 1 of 1
[2024-07-24T23:25:56.336+0000] {taskinstance.py:2330} INFO - Executing <Task(PythonSensor): sensor_congestion> on 2024-07-06 06:00:00+00:00
[2024-07-24T23:25:56.344+0000] {warnings.py:112} WARNING - /home/***/.local/lib/python3.12/site-packages/***/task/task_runner/standard_task_runner.py:62: DeprecationWarning: This process (pid=1337) is multi-threaded, use of fork() may lead to deadlocks in the child.
  pid = os.fork()

[2024-07-24T23:25:56.346+0000] {standard_task_runner.py:64} INFO - Started process 1339 to run task
[2024-07-24T23:25:56.347+0000] {standard_task_runner.py:90} INFO - Running: ['***', 'tasks', 'run', 'motower_daily_prod', 'sensor_congestion', 'scheduled__2024-07-06T06:00:00+00:00', '--job-id', '520', '--raw', '--subdir', 'DAGS_FOLDER/gps/custom_dags/motower_daily.py', '--cfg-path', '/tmp/tmphlt37j7t']
[2024-07-24T23:25:56.348+0000] {standard_task_runner.py:91} INFO - Job 520: Subtask sensor_congestion
[2024-07-24T23:25:56.384+0000] {task_command.py:426} INFO - Running <TaskInstance: motower_daily_prod.sensor_congestion scheduled__2024-07-06T06:00:00+00:00 [running]> on host b3845fb494d4
[2024-07-24T23:25:56.460+0000] {taskinstance.py:2648} INFO - Exporting env vars: AIRFLOW_CTX_DAG_EMAIL='richmond.kongo@orange.com,assane.diop@orange.com,cyrille1.danho@orange.com,mohamed2.sylla@orange.com,amadou.diomande@orange.com,Jonas.kouame@orange.com,armand.kablan@orange.com,anicet.azombade@orange.com,etienne.kouadio@orange.com,bertine.kouakou@orange.com,florentine.kouakou@orange.com,ange.phaceli@orange.com,soulegame.soro@orange.com,innocent.yengo@orange.com' AIRFLOW_CTX_DAG_OWNER='***' AIRFLOW_CTX_DAG_ID='motower_daily_prod' AIRFLOW_CTX_TASK_ID='sensor_congestion' AIRFLOW_CTX_EXECUTION_DATE='2024-07-06T06:00:00+00:00' AIRFLOW_CTX_TRY_NUMBER='1' AIRFLOW_CTX_DAG_RUN_ID='scheduled__2024-07-06T06:00:00+00:00'
[2024-07-24T23:25:56.461+0000] {taskinstance.py:430} INFO - ::endgroup::
[2024-07-24T23:25:56.470+0000] {python.py:75} INFO - Poking callable: <function check_data_in_table at 0x73206eb5f240>
[2024-07-24T23:25:56.473+0000] {extract.py:126} INFO - Getting data of the table ks_hebdo_tdb_radio_drsi 
[2024-07-24T23:25:56.474+0000] {extract.py:127} INFO - where date is 2024-07-05
[2024-07-24T23:25:56.474+0000] {extract.py:98} INFO - get data to date 27 and year 2024
[2024-07-24T23:25:56.478+0000] {warnings.py:112} WARNING - /opt/***/dags/gps/common/extract.py:99: UserWarning: pandas only supports SQLAlchemy connectable (engine/connection) or database string URI or sqlite3 DBAPI2 connection. Other DBAPI2 objects are not tested. Please consider using SQLAlchemy.
  df_ = pd.read_sql_query(sql_query, conn, params=params)

[2024-07-24T23:25:56.517+0000] {base.py:294} INFO - Success criteria met. Exiting.
[2024-07-24T23:25:56.517+0000] {taskinstance.py:441} INFO - ::group::Post task execution logs
[2024-07-24T23:25:56.526+0000] {taskinstance.py:1206} INFO - Marking task as SUCCESS. dag_id=motower_daily_prod, task_id=sensor_congestion, run_id=scheduled__2024-07-06T06:00:00+00:00, execution_date=20240706T060000, start_date=20240724T232556, end_date=20240724T232556
[2024-07-24T23:25:56.559+0000] {local_task_job_runner.py:243} INFO - Task exited with return code 0
[2024-07-24T23:25:56.591+0000] {taskinstance.py:3503} INFO - 1 downstream tasks scheduled from follow-on schedule check
[2024-07-24T23:25:56.594+0000] {local_task_job_runner.py:222} INFO - ::endgroup::
[2024-07-25T08:33:58.225+0000] {local_task_job_runner.py:120} INFO - ::group::Pre task execution logs
[2024-07-25T08:33:58.253+0000] {taskinstance.py:2076} INFO - Dependencies all met for dep_context=non-requeueable deps ti=<TaskInstance: motower_daily_prod.sensor_congestion scheduled__2024-07-06T06:00:00+00:00 [queued]>
[2024-07-25T08:33:58.262+0000] {taskinstance.py:2076} INFO - Dependencies all met for dep_context=requeueable deps ti=<TaskInstance: motower_daily_prod.sensor_congestion scheduled__2024-07-06T06:00:00+00:00 [queued]>
[2024-07-25T08:33:58.262+0000] {taskinstance.py:2306} INFO - Starting attempt 1 of 1
[2024-07-25T08:33:58.275+0000] {taskinstance.py:2330} INFO - Executing <Task(PythonSensor): sensor_congestion> on 2024-07-06 06:00:00+00:00
[2024-07-25T08:33:58.286+0000] {warnings.py:112} WARNING - /home/***/.local/lib/python3.12/site-packages/***/task/task_runner/standard_task_runner.py:62: DeprecationWarning: This process (pid=2757) is multi-threaded, use of fork() may lead to deadlocks in the child.
  pid = os.fork()

[2024-07-25T08:33:58.288+0000] {standard_task_runner.py:64} INFO - Started process 2762 to run task
[2024-07-25T08:33:58.288+0000] {standard_task_runner.py:90} INFO - Running: ['***', 'tasks', 'run', 'motower_daily_prod', 'sensor_congestion', 'scheduled__2024-07-06T06:00:00+00:00', '--job-id', '949', '--raw', '--subdir', 'DAGS_FOLDER/gps/custom_dags/motower_daily.py', '--cfg-path', '/tmp/tmpltnml43f']
[2024-07-25T08:33:58.290+0000] {standard_task_runner.py:91} INFO - Job 949: Subtask sensor_congestion
[2024-07-25T08:33:58.331+0000] {task_command.py:426} INFO - Running <TaskInstance: motower_daily_prod.sensor_congestion scheduled__2024-07-06T06:00:00+00:00 [running]> on host b3845fb494d4
[2024-07-25T08:33:58.413+0000] {taskinstance.py:2648} INFO - Exporting env vars: AIRFLOW_CTX_DAG_EMAIL='richmond.kongo@orange.com,assane.diop@orange.com,cyrille1.danho@orange.com,mohamed2.sylla@orange.com,amadou.diomande@orange.com,Jonas.kouame@orange.com,armand.kablan@orange.com,anicet.azombade@orange.com,etienne.kouadio@orange.com,bertine.kouakou@orange.com,florentine.kouakou@orange.com,ange.phaceli@orange.com,soulegame.soro@orange.com,innocent.yengo@orange.com' AIRFLOW_CTX_DAG_OWNER='***' AIRFLOW_CTX_DAG_ID='motower_daily_prod' AIRFLOW_CTX_TASK_ID='sensor_congestion' AIRFLOW_CTX_EXECUTION_DATE='2024-07-06T06:00:00+00:00' AIRFLOW_CTX_TRY_NUMBER='1' AIRFLOW_CTX_DAG_RUN_ID='scheduled__2024-07-06T06:00:00+00:00'
[2024-07-25T08:33:58.414+0000] {taskinstance.py:430} INFO - ::endgroup::
[2024-07-25T08:33:58.424+0000] {python.py:75} INFO - Poking callable: <function check_data_in_table at 0x73206e9e6840>
[2024-07-25T08:33:58.427+0000] {extract.py:126} INFO - Getting data of the table ks_hebdo_tdb_radio_drsi 
[2024-07-25T08:33:58.428+0000] {extract.py:127} INFO - where date is 2024-07-05
[2024-07-25T08:33:58.428+0000] {extract.py:98} INFO - get data to date 27 and year 2024
[2024-07-25T08:33:58.432+0000] {warnings.py:112} WARNING - /opt/***/dags/gps/common/extract.py:99: UserWarning: pandas only supports SQLAlchemy connectable (engine/connection) or database string URI or sqlite3 DBAPI2 connection. Other DBAPI2 objects are not tested. Please consider using SQLAlchemy.
  df_ = pd.read_sql_query(sql_query, conn, params=params)

[2024-07-25T08:33:58.477+0000] {base.py:294} INFO - Success criteria met. Exiting.
[2024-07-25T08:33:58.478+0000] {taskinstance.py:441} INFO - ::group::Post task execution logs
[2024-07-25T08:33:58.490+0000] {taskinstance.py:1206} INFO - Marking task as SUCCESS. dag_id=motower_daily_prod, task_id=sensor_congestion, run_id=scheduled__2024-07-06T06:00:00+00:00, execution_date=20240706T060000, start_date=20240725T083358, end_date=20240725T083358
[2024-07-25T08:33:58.541+0000] {local_task_job_runner.py:243} INFO - Task exited with return code 0
[2024-07-25T08:33:58.577+0000] {taskinstance.py:3503} INFO - 0 downstream tasks scheduled from follow-on schedule check
[2024-07-25T08:33:58.580+0000] {local_task_job_runner.py:222} INFO - ::endgroup::
[2024-07-25T10:38:35.719+0000] {local_task_job_runner.py:120} INFO - ::group::Pre task execution logs
[2024-07-25T10:38:35.747+0000] {taskinstance.py:2076} INFO - Dependencies all met for dep_context=non-requeueable deps ti=<TaskInstance: motower_daily_prod.sensor_congestion scheduled__2024-07-06T06:00:00+00:00 [queued]>
[2024-07-25T10:38:35.754+0000] {taskinstance.py:2076} INFO - Dependencies all met for dep_context=requeueable deps ti=<TaskInstance: motower_daily_prod.sensor_congestion scheduled__2024-07-06T06:00:00+00:00 [queued]>
[2024-07-25T10:38:35.754+0000] {taskinstance.py:2306} INFO - Starting attempt 1 of 1
[2024-07-25T10:38:35.764+0000] {taskinstance.py:2330} INFO - Executing <Task(PythonSensor): sensor_congestion> on 2024-07-06 06:00:00+00:00
[2024-07-25T10:38:35.774+0000] {warnings.py:112} WARNING - /home/***/.local/lib/python3.12/site-packages/***/task/task_runner/standard_task_runner.py:62: DeprecationWarning: This process (pid=5802) is multi-threaded, use of fork() may lead to deadlocks in the child.
  pid = os.fork()

[2024-07-25T10:38:35.775+0000] {standard_task_runner.py:64} INFO - Started process 5808 to run task
[2024-07-25T10:38:35.778+0000] {standard_task_runner.py:90} INFO - Running: ['***', 'tasks', 'run', 'motower_daily_prod', 'sensor_congestion', 'scheduled__2024-07-06T06:00:00+00:00', '--job-id', '1426', '--raw', '--subdir', 'DAGS_FOLDER/gps/custom_dags/motower_daily.py', '--cfg-path', '/tmp/tmp4zimuoe8']
[2024-07-25T10:38:35.780+0000] {standard_task_runner.py:91} INFO - Job 1426: Subtask sensor_congestion
[2024-07-25T10:38:35.819+0000] {task_command.py:426} INFO - Running <TaskInstance: motower_daily_prod.sensor_congestion scheduled__2024-07-06T06:00:00+00:00 [running]> on host b3845fb494d4
[2024-07-25T10:38:35.904+0000] {taskinstance.py:2648} INFO - Exporting env vars: AIRFLOW_CTX_DAG_EMAIL='richmond.kongo@orange.com,assane.diop@orange.com,cyrille1.danho@orange.com,mohamed2.sylla@orange.com,amadou.diomande@orange.com,Jonas.kouame@orange.com,armand.kablan@orange.com,anicet.azombade@orange.com,etienne.kouadio@orange.com,bertine.kouakou@orange.com,florentine.kouakou@orange.com,ange.phaceli@orange.com,soulegame.soro@orange.com,innocent.yengo@orange.com' AIRFLOW_CTX_DAG_OWNER='***' AIRFLOW_CTX_DAG_ID='motower_daily_prod' AIRFLOW_CTX_TASK_ID='sensor_congestion' AIRFLOW_CTX_EXECUTION_DATE='2024-07-06T06:00:00+00:00' AIRFLOW_CTX_TRY_NUMBER='1' AIRFLOW_CTX_DAG_RUN_ID='scheduled__2024-07-06T06:00:00+00:00'
[2024-07-25T10:38:35.905+0000] {taskinstance.py:430} INFO - ::endgroup::
[2024-07-25T10:38:35.915+0000] {python.py:75} INFO - Poking callable: <function check_data_in_table at 0x73206e8de980>
[2024-07-25T10:38:35.919+0000] {extract.py:126} INFO - Getting data of the table ks_hebdo_tdb_radio_drsi 
[2024-07-25T10:38:35.919+0000] {extract.py:127} INFO - where date is 2024-07-05
[2024-07-25T10:38:35.920+0000] {extract.py:98} INFO - get data to date 27 and year 2024
[2024-07-25T10:38:35.924+0000] {warnings.py:112} WARNING - /opt/***/dags/gps/common/extract.py:99: UserWarning: pandas only supports SQLAlchemy connectable (engine/connection) or database string URI or sqlite3 DBAPI2 connection. Other DBAPI2 objects are not tested. Please consider using SQLAlchemy.
  df_ = pd.read_sql_query(sql_query, conn, params=params)

[2024-07-25T10:38:35.982+0000] {base.py:294} INFO - Success criteria met. Exiting.
[2024-07-25T10:38:35.982+0000] {taskinstance.py:441} INFO - ::group::Post task execution logs
[2024-07-25T10:38:35.991+0000] {taskinstance.py:1206} INFO - Marking task as SUCCESS. dag_id=motower_daily_prod, task_id=sensor_congestion, run_id=scheduled__2024-07-06T06:00:00+00:00, execution_date=20240706T060000, start_date=20240725T103835, end_date=20240725T103835
[2024-07-25T10:38:36.029+0000] {local_task_job_runner.py:243} INFO - Task exited with return code 0
[2024-07-25T10:38:36.038+0000] {local_task_job_runner.py:222} INFO - ::endgroup::
[2024-07-25T11:29:34.053+0000] {local_task_job_runner.py:120} INFO - ::group::Pre task execution logs
[2024-07-25T11:29:34.085+0000] {taskinstance.py:2076} INFO - Dependencies all met for dep_context=non-requeueable deps ti=<TaskInstance: motower_daily_prod.sensor_congestion scheduled__2024-07-06T06:00:00+00:00 [queued]>
[2024-07-25T11:29:34.093+0000] {taskinstance.py:2076} INFO - Dependencies all met for dep_context=requeueable deps ti=<TaskInstance: motower_daily_prod.sensor_congestion scheduled__2024-07-06T06:00:00+00:00 [queued]>
[2024-07-25T11:29:34.093+0000] {taskinstance.py:2306} INFO - Starting attempt 1 of 1
[2024-07-25T11:29:34.104+0000] {taskinstance.py:2330} INFO - Executing <Task(PythonSensor): sensor_congestion> on 2024-07-06 06:00:00+00:00
[2024-07-25T11:29:34.116+0000] {warnings.py:112} WARNING - /home/***/.local/lib/python3.12/site-packages/***/task/task_runner/standard_task_runner.py:62: DeprecationWarning: This process (pid=6704) is multi-threaded, use of fork() may lead to deadlocks in the child.
  pid = os.fork()

[2024-07-25T11:29:34.117+0000] {standard_task_runner.py:64} INFO - Started process 6708 to run task
[2024-07-25T11:29:34.117+0000] {standard_task_runner.py:90} INFO - Running: ['***', 'tasks', 'run', 'motower_daily_prod', 'sensor_congestion', 'scheduled__2024-07-06T06:00:00+00:00', '--job-id', '1503', '--raw', '--subdir', 'DAGS_FOLDER/gps/custom_dags/motower_daily.py', '--cfg-path', '/tmp/tmpsumyqrdx']
[2024-07-25T11:29:34.119+0000] {standard_task_runner.py:91} INFO - Job 1503: Subtask sensor_congestion
[2024-07-25T11:29:34.318+0000] {task_command.py:426} INFO - Running <TaskInstance: motower_daily_prod.sensor_congestion scheduled__2024-07-06T06:00:00+00:00 [running]> on host b3845fb494d4
[2024-07-25T11:29:34.421+0000] {taskinstance.py:2648} INFO - Exporting env vars: AIRFLOW_CTX_DAG_EMAIL='richmond.kongo@orange.com,assane.diop@orange.com,cyrille1.danho@orange.com,mohamed2.sylla@orange.com,amadou.diomande@orange.com,Jonas.kouame@orange.com,armand.kablan@orange.com,anicet.azombade@orange.com,etienne.kouadio@orange.com,bertine.kouakou@orange.com,florentine.kouakou@orange.com,ange.phaceli@orange.com,soulegame.soro@orange.com,innocent.yengo@orange.com' AIRFLOW_CTX_DAG_OWNER='***' AIRFLOW_CTX_DAG_ID='motower_daily_prod' AIRFLOW_CTX_TASK_ID='sensor_congestion' AIRFLOW_CTX_EXECUTION_DATE='2024-07-06T06:00:00+00:00' AIRFLOW_CTX_TRY_NUMBER='1' AIRFLOW_CTX_DAG_RUN_ID='scheduled__2024-07-06T06:00:00+00:00'
[2024-07-25T11:29:34.422+0000] {taskinstance.py:430} INFO - ::endgroup::
[2024-07-25T11:29:34.433+0000] {python.py:75} INFO - Poking callable: <function check_data_in_table at 0x73206e7e1a80>
[2024-07-25T11:29:34.436+0000] {extract.py:126} INFO - Getting data of the table ks_hebdo_tdb_radio_drsi 
[2024-07-25T11:29:34.437+0000] {extract.py:127} INFO - where date is 2024-07-05
[2024-07-25T11:29:34.437+0000] {extract.py:98} INFO - get data to date 27 and year 2024
[2024-07-25T11:29:34.441+0000] {warnings.py:112} WARNING - /opt/***/dags/gps/common/extract.py:99: UserWarning: pandas only supports SQLAlchemy connectable (engine/connection) or database string URI or sqlite3 DBAPI2 connection. Other DBAPI2 objects are not tested. Please consider using SQLAlchemy.
  df_ = pd.read_sql_query(sql_query, conn, params=params)

[2024-07-25T11:29:34.499+0000] {base.py:294} INFO - Success criteria met. Exiting.
[2024-07-25T11:29:34.500+0000] {taskinstance.py:441} INFO - ::group::Post task execution logs
[2024-07-25T11:29:34.508+0000] {taskinstance.py:1206} INFO - Marking task as SUCCESS. dag_id=motower_daily_prod, task_id=sensor_congestion, run_id=scheduled__2024-07-06T06:00:00+00:00, execution_date=20240706T060000, start_date=20240725T112934, end_date=20240725T112934
[2024-07-25T11:29:34.531+0000] {local_task_job_runner.py:243} INFO - Task exited with return code 0
[2024-07-25T11:29:34.582+0000] {taskinstance.py:3503} INFO - 1 downstream tasks scheduled from follow-on schedule check
[2024-07-25T11:29:34.586+0000] {local_task_job_runner.py:222} INFO - ::endgroup::
[2024-07-25T11:30:47.446+0000] {local_task_job_runner.py:120} INFO - ::group::Pre task execution logs
[2024-07-25T11:30:47.479+0000] {taskinstance.py:2076} INFO - Dependencies all met for dep_context=non-requeueable deps ti=<TaskInstance: motower_daily_prod.sensor_congestion scheduled__2024-07-06T06:00:00+00:00 [queued]>
[2024-07-25T11:30:47.487+0000] {taskinstance.py:2076} INFO - Dependencies all met for dep_context=requeueable deps ti=<TaskInstance: motower_daily_prod.sensor_congestion scheduled__2024-07-06T06:00:00+00:00 [queued]>
[2024-07-25T11:30:47.488+0000] {taskinstance.py:2306} INFO - Starting attempt 1 of 1
[2024-07-25T11:30:47.499+0000] {taskinstance.py:2330} INFO - Executing <Task(PythonSensor): sensor_congestion> on 2024-07-06 06:00:00+00:00
[2024-07-25T11:30:47.510+0000] {warnings.py:112} WARNING - /home/***/.local/lib/python3.12/site-packages/***/task/task_runner/standard_task_runner.py:62: DeprecationWarning: This process (pid=6790) is multi-threaded, use of fork() may lead to deadlocks in the child.
  pid = os.fork()

[2024-07-25T11:30:47.511+0000] {standard_task_runner.py:64} INFO - Started process 6796 to run task
[2024-07-25T11:30:47.512+0000] {standard_task_runner.py:90} INFO - Running: ['***', 'tasks', 'run', 'motower_daily_prod', 'sensor_congestion', 'scheduled__2024-07-06T06:00:00+00:00', '--job-id', '1529', '--raw', '--subdir', 'DAGS_FOLDER/gps/custom_dags/motower_daily.py', '--cfg-path', '/tmp/tmpjtnp20ga']
[2024-07-25T11:30:47.513+0000] {standard_task_runner.py:91} INFO - Job 1529: Subtask sensor_congestion
[2024-07-25T11:30:47.552+0000] {task_command.py:426} INFO - Running <TaskInstance: motower_daily_prod.sensor_congestion scheduled__2024-07-06T06:00:00+00:00 [running]> on host b3845fb494d4
[2024-07-25T11:30:47.976+0000] {taskinstance.py:2648} INFO - Exporting env vars: AIRFLOW_CTX_DAG_EMAIL='richmond.kongo@orange.com,assane.diop@orange.com,cyrille1.danho@orange.com,mohamed2.sylla@orange.com,amadou.diomande@orange.com,Jonas.kouame@orange.com,armand.kablan@orange.com,anicet.azombade@orange.com,etienne.kouadio@orange.com,bertine.kouakou@orange.com,florentine.kouakou@orange.com,ange.phaceli@orange.com,soulegame.soro@orange.com,innocent.yengo@orange.com' AIRFLOW_CTX_DAG_OWNER='***' AIRFLOW_CTX_DAG_ID='motower_daily_prod' AIRFLOW_CTX_TASK_ID='sensor_congestion' AIRFLOW_CTX_EXECUTION_DATE='2024-07-06T06:00:00+00:00' AIRFLOW_CTX_TRY_NUMBER='1' AIRFLOW_CTX_DAG_RUN_ID='scheduled__2024-07-06T06:00:00+00:00'
[2024-07-25T11:30:47.978+0000] {taskinstance.py:430} INFO - ::endgroup::
[2024-07-25T11:30:47.992+0000] {python.py:75} INFO - Poking callable: <function check_data_in_table at 0x73206e7d5580>
[2024-07-25T11:30:47.996+0000] {extract.py:126} INFO - Getting data of the table ks_hebdo_tdb_radio_drsi 
[2024-07-25T11:30:47.996+0000] {extract.py:127} INFO - where date is 2024-07-05
[2024-07-25T11:30:47.997+0000] {extract.py:98} INFO - get data to date 27 and year 2024
[2024-07-25T11:30:48.003+0000] {warnings.py:112} WARNING - /opt/***/dags/gps/common/extract.py:99: UserWarning: pandas only supports SQLAlchemy connectable (engine/connection) or database string URI or sqlite3 DBAPI2 connection. Other DBAPI2 objects are not tested. Please consider using SQLAlchemy.
  df_ = pd.read_sql_query(sql_query, conn, params=params)

[2024-07-25T11:30:48.058+0000] {base.py:294} INFO - Success criteria met. Exiting.
[2024-07-25T11:30:48.058+0000] {taskinstance.py:441} INFO - ::group::Post task execution logs
[2024-07-25T11:30:48.070+0000] {taskinstance.py:1206} INFO - Marking task as SUCCESS. dag_id=motower_daily_prod, task_id=sensor_congestion, run_id=scheduled__2024-07-06T06:00:00+00:00, execution_date=20240706T060000, start_date=20240725T113047, end_date=20240725T113048
[2024-07-25T11:30:48.126+0000] {local_task_job_runner.py:243} INFO - Task exited with return code 0
[2024-07-25T11:30:48.135+0000] {local_task_job_runner.py:222} INFO - ::endgroup::
[2024-07-25T11:33:31.660+0000] {local_task_job_runner.py:120} INFO - ::group::Pre task execution logs
[2024-07-25T11:33:31.690+0000] {taskinstance.py:2076} INFO - Dependencies all met for dep_context=non-requeueable deps ti=<TaskInstance: motower_daily_prod.sensor_congestion scheduled__2024-07-06T06:00:00+00:00 [queued]>
[2024-07-25T11:33:31.699+0000] {taskinstance.py:2076} INFO - Dependencies all met for dep_context=requeueable deps ti=<TaskInstance: motower_daily_prod.sensor_congestion scheduled__2024-07-06T06:00:00+00:00 [queued]>
[2024-07-25T11:33:31.700+0000] {taskinstance.py:2306} INFO - Starting attempt 1 of 1
[2024-07-25T11:33:31.712+0000] {taskinstance.py:2330} INFO - Executing <Task(PythonSensor): sensor_congestion> on 2024-07-06 06:00:00+00:00
[2024-07-25T11:33:31.724+0000] {warnings.py:112} WARNING - /home/***/.local/lib/python3.12/site-packages/***/task/task_runner/standard_task_runner.py:62: DeprecationWarning: This process (pid=6899) is multi-threaded, use of fork() may lead to deadlocks in the child.
  pid = os.fork()

[2024-07-25T11:33:31.726+0000] {standard_task_runner.py:64} INFO - Started process 6905 to run task
[2024-07-25T11:33:31.726+0000] {standard_task_runner.py:90} INFO - Running: ['***', 'tasks', 'run', 'motower_daily_prod', 'sensor_congestion', 'scheduled__2024-07-06T06:00:00+00:00', '--job-id', '1553', '--raw', '--subdir', 'DAGS_FOLDER/gps/custom_dags/motower_daily.py', '--cfg-path', '/tmp/tmpt05vyk5b']
[2024-07-25T11:33:31.728+0000] {standard_task_runner.py:91} INFO - Job 1553: Subtask sensor_congestion
[2024-07-25T11:33:31.775+0000] {task_command.py:426} INFO - Running <TaskInstance: motower_daily_prod.sensor_congestion scheduled__2024-07-06T06:00:00+00:00 [running]> on host b3845fb494d4
[2024-07-25T11:33:31.887+0000] {taskinstance.py:2648} INFO - Exporting env vars: AIRFLOW_CTX_DAG_EMAIL='richmond.kongo@orange.com,assane.diop@orange.com,cyrille1.danho@orange.com,mohamed2.sylla@orange.com,amadou.diomande@orange.com,Jonas.kouame@orange.com,armand.kablan@orange.com,anicet.azombade@orange.com,etienne.kouadio@orange.com,bertine.kouakou@orange.com,florentine.kouakou@orange.com,ange.phaceli@orange.com,soulegame.soro@orange.com,innocent.yengo@orange.com' AIRFLOW_CTX_DAG_OWNER='***' AIRFLOW_CTX_DAG_ID='motower_daily_prod' AIRFLOW_CTX_TASK_ID='sensor_congestion' AIRFLOW_CTX_EXECUTION_DATE='2024-07-06T06:00:00+00:00' AIRFLOW_CTX_TRY_NUMBER='1' AIRFLOW_CTX_DAG_RUN_ID='scheduled__2024-07-06T06:00:00+00:00'
[2024-07-25T11:33:31.889+0000] {taskinstance.py:430} INFO - ::endgroup::
[2024-07-25T11:33:31.904+0000] {python.py:75} INFO - Poking callable: <function check_data_in_table at 0x73206e7d7380>
[2024-07-25T11:33:31.908+0000] {extract.py:126} INFO - Getting data of the table ks_hebdo_tdb_radio_drsi 
[2024-07-25T11:33:31.908+0000] {extract.py:127} INFO - where date is 2024-07-05
[2024-07-25T11:33:31.908+0000] {extract.py:98} INFO - get data to date 27 and year 2024
[2024-07-25T11:33:31.914+0000] {warnings.py:112} WARNING - /opt/***/dags/gps/common/extract.py:99: UserWarning: pandas only supports SQLAlchemy connectable (engine/connection) or database string URI or sqlite3 DBAPI2 connection. Other DBAPI2 objects are not tested. Please consider using SQLAlchemy.
  df_ = pd.read_sql_query(sql_query, conn, params=params)

[2024-07-25T11:33:31.965+0000] {base.py:294} INFO - Success criteria met. Exiting.
[2024-07-25T11:33:31.966+0000] {taskinstance.py:441} INFO - ::group::Post task execution logs
[2024-07-25T11:33:31.976+0000] {taskinstance.py:1206} INFO - Marking task as SUCCESS. dag_id=motower_daily_prod, task_id=sensor_congestion, run_id=scheduled__2024-07-06T06:00:00+00:00, execution_date=20240706T060000, start_date=20240725T113331, end_date=20240725T113331
[2024-07-25T11:33:32.020+0000] {local_task_job_runner.py:243} INFO - Task exited with return code 0
[2024-07-25T11:33:32.060+0000] {taskinstance.py:3503} INFO - 1 downstream tasks scheduled from follow-on schedule check
[2024-07-25T11:33:32.062+0000] {local_task_job_runner.py:222} INFO - ::endgroup::
[2024-07-25T11:53:57.570+0000] {local_task_job_runner.py:120} INFO - ::group::Pre task execution logs
[2024-07-25T11:53:57.600+0000] {taskinstance.py:2076} INFO - Dependencies all met for dep_context=non-requeueable deps ti=<TaskInstance: motower_daily_prod.sensor_congestion scheduled__2024-07-06T06:00:00+00:00 [queued]>
[2024-07-25T11:53:57.610+0000] {taskinstance.py:2076} INFO - Dependencies all met for dep_context=requeueable deps ti=<TaskInstance: motower_daily_prod.sensor_congestion scheduled__2024-07-06T06:00:00+00:00 [queued]>
[2024-07-25T11:53:57.610+0000] {taskinstance.py:2306} INFO - Starting attempt 1 of 1
[2024-07-25T11:53:57.621+0000] {taskinstance.py:2330} INFO - Executing <Task(PythonSensor): sensor_congestion> on 2024-07-06 06:00:00+00:00
[2024-07-25T11:53:57.635+0000] {warnings.py:112} WARNING - /home/***/.local/lib/python3.12/site-packages/***/task/task_runner/standard_task_runner.py:62: DeprecationWarning: This process (pid=7243) is multi-threaded, use of fork() may lead to deadlocks in the child.
  pid = os.fork()

[2024-07-25T11:53:57.636+0000] {standard_task_runner.py:64} INFO - Started process 7248 to run task
[2024-07-25T11:53:57.637+0000] {standard_task_runner.py:90} INFO - Running: ['***', 'tasks', 'run', 'motower_daily_prod', 'sensor_congestion', 'scheduled__2024-07-06T06:00:00+00:00', '--job-id', '1580', '--raw', '--subdir', 'DAGS_FOLDER/gps/custom_dags/motower_daily.py', '--cfg-path', '/tmp/tmpged77az0']
[2024-07-25T11:53:57.638+0000] {standard_task_runner.py:91} INFO - Job 1580: Subtask sensor_congestion
[2024-07-25T11:53:57.680+0000] {task_command.py:426} INFO - Running <TaskInstance: motower_daily_prod.sensor_congestion scheduled__2024-07-06T06:00:00+00:00 [running]> on host b3845fb494d4
[2024-07-25T11:53:57.780+0000] {taskinstance.py:2648} INFO - Exporting env vars: AIRFLOW_CTX_DAG_EMAIL='richmond.kongo@orange.com,assane.diop@orange.com,cyrille1.danho@orange.com,mohamed2.sylla@orange.com,amadou.diomande@orange.com,Jonas.kouame@orange.com,armand.kablan@orange.com,anicet.azombade@orange.com,etienne.kouadio@orange.com,bertine.kouakou@orange.com,florentine.kouakou@orange.com,ange.phaceli@orange.com,soulegame.soro@orange.com,innocent.yengo@orange.com' AIRFLOW_CTX_DAG_OWNER='***' AIRFLOW_CTX_DAG_ID='motower_daily_prod' AIRFLOW_CTX_TASK_ID='sensor_congestion' AIRFLOW_CTX_EXECUTION_DATE='2024-07-06T06:00:00+00:00' AIRFLOW_CTX_TRY_NUMBER='1' AIRFLOW_CTX_DAG_RUN_ID='scheduled__2024-07-06T06:00:00+00:00'
[2024-07-25T11:53:57.781+0000] {taskinstance.py:430} INFO - ::endgroup::
[2024-07-25T11:53:57.793+0000] {python.py:75} INFO - Poking callable: <function check_data_in_table at 0x73206e9358a0>
[2024-07-25T11:53:57.797+0000] {extract.py:126} INFO - Getting data of the table ks_hebdo_tdb_radio_drsi 
[2024-07-25T11:53:57.797+0000] {extract.py:127} INFO - where date is 2024-07-05
[2024-07-25T11:53:57.798+0000] {extract.py:98} INFO - get data to date 27 and year 2024
[2024-07-25T11:53:57.802+0000] {warnings.py:112} WARNING - /opt/***/dags/gps/common/extract.py:99: UserWarning: pandas only supports SQLAlchemy connectable (engine/connection) or database string URI or sqlite3 DBAPI2 connection. Other DBAPI2 objects are not tested. Please consider using SQLAlchemy.
  df_ = pd.read_sql_query(sql_query, conn, params=params)

[2024-07-25T11:53:57.853+0000] {base.py:294} INFO - Success criteria met. Exiting.
[2024-07-25T11:53:57.853+0000] {taskinstance.py:441} INFO - ::group::Post task execution logs
[2024-07-25T11:53:57.863+0000] {taskinstance.py:1206} INFO - Marking task as SUCCESS. dag_id=motower_daily_prod, task_id=sensor_congestion, run_id=scheduled__2024-07-06T06:00:00+00:00, execution_date=20240706T060000, start_date=20240725T115357, end_date=20240725T115357
[2024-07-25T11:53:57.890+0000] {local_task_job_runner.py:243} INFO - Task exited with return code 0
[2024-07-25T11:53:57.902+0000] {local_task_job_runner.py:222} INFO - ::endgroup::
[2024-07-25T13:26:53.903+0000] {local_task_job_runner.py:120} INFO - ::group::Pre task execution logs
[2024-07-25T13:26:53.933+0000] {taskinstance.py:2076} INFO - Dependencies all met for dep_context=non-requeueable deps ti=<TaskInstance: motower_daily_prod.sensor_congestion scheduled__2024-07-06T06:00:00+00:00 [queued]>
[2024-07-25T13:26:53.942+0000] {taskinstance.py:2076} INFO - Dependencies all met for dep_context=requeueable deps ti=<TaskInstance: motower_daily_prod.sensor_congestion scheduled__2024-07-06T06:00:00+00:00 [queued]>
[2024-07-25T13:26:53.942+0000] {taskinstance.py:2306} INFO - Starting attempt 1 of 1
[2024-07-25T13:26:53.953+0000] {taskinstance.py:2330} INFO - Executing <Task(PythonSensor): sensor_congestion> on 2024-07-06 06:00:00+00:00
[2024-07-25T13:26:53.965+0000] {warnings.py:112} WARNING - /home/***/.local/lib/python3.12/site-packages/***/task/task_runner/standard_task_runner.py:62: DeprecationWarning: This process (pid=12662) is multi-threaded, use of fork() may lead to deadlocks in the child.
  pid = os.fork()

[2024-07-25T13:26:53.966+0000] {standard_task_runner.py:64} INFO - Started process 12667 to run task
[2024-07-25T13:26:53.967+0000] {standard_task_runner.py:90} INFO - Running: ['***', 'tasks', 'run', 'motower_daily_prod', 'sensor_congestion', 'scheduled__2024-07-06T06:00:00+00:00', '--job-id', '2988', '--raw', '--subdir', 'DAGS_FOLDER/gps/custom_dags/motower_daily.py', '--cfg-path', '/tmp/tmpn_phq_9u']
[2024-07-25T13:26:53.969+0000] {standard_task_runner.py:91} INFO - Job 2988: Subtask sensor_congestion
[2024-07-25T13:26:54.014+0000] {task_command.py:426} INFO - Running <TaskInstance: motower_daily_prod.sensor_congestion scheduled__2024-07-06T06:00:00+00:00 [running]> on host b3845fb494d4
[2024-07-25T13:26:54.103+0000] {taskinstance.py:2648} INFO - Exporting env vars: AIRFLOW_CTX_DAG_EMAIL='richmond.kongo@orange.com,assane.diop@orange.com,cyrille1.danho@orange.com,mohamed2.sylla@orange.com,amadou.diomande@orange.com,Jonas.kouame@orange.com,armand.kablan@orange.com,anicet.azombade@orange.com,etienne.kouadio@orange.com,bertine.kouakou@orange.com,florentine.kouakou@orange.com,ange.phaceli@orange.com,soulegame.soro@orange.com,innocent.yengo@orange.com' AIRFLOW_CTX_DAG_OWNER='***' AIRFLOW_CTX_DAG_ID='motower_daily_prod' AIRFLOW_CTX_TASK_ID='sensor_congestion' AIRFLOW_CTX_EXECUTION_DATE='2024-07-06T06:00:00+00:00' AIRFLOW_CTX_TRY_NUMBER='1' AIRFLOW_CTX_DAG_RUN_ID='scheduled__2024-07-06T06:00:00+00:00'
[2024-07-25T13:26:54.104+0000] {taskinstance.py:430} INFO - ::endgroup::
[2024-07-25T13:26:54.118+0000] {python.py:75} INFO - Poking callable: <function check_data_in_table at 0x73206e6f7740>
[2024-07-25T13:26:54.122+0000] {extract.py:126} INFO - Getting data of the table ks_hebdo_tdb_radio_drsi 
[2024-07-25T13:26:54.122+0000] {extract.py:127} INFO - where date is 2024-07-05
[2024-07-25T13:26:54.122+0000] {extract.py:98} INFO - get data to date 27 and year 2024
[2024-07-25T13:26:54.128+0000] {warnings.py:112} WARNING - /opt/***/dags/gps/common/extract.py:99: UserWarning: pandas only supports SQLAlchemy connectable (engine/connection) or database string URI or sqlite3 DBAPI2 connection. Other DBAPI2 objects are not tested. Please consider using SQLAlchemy.
  df_ = pd.read_sql_query(sql_query, conn, params=params)

[2024-07-25T13:26:54.183+0000] {base.py:294} INFO - Success criteria met. Exiting.
[2024-07-25T13:26:54.183+0000] {taskinstance.py:441} INFO - ::group::Post task execution logs
[2024-07-25T13:26:54.193+0000] {taskinstance.py:1206} INFO - Marking task as SUCCESS. dag_id=motower_daily_prod, task_id=sensor_congestion, run_id=scheduled__2024-07-06T06:00:00+00:00, execution_date=20240706T060000, start_date=20240725T132653, end_date=20240725T132654
[2024-07-25T13:26:54.220+0000] {local_task_job_runner.py:243} INFO - Task exited with return code 0
[2024-07-25T13:26:54.255+0000] {taskinstance.py:3503} INFO - 0 downstream tasks scheduled from follow-on schedule check
[2024-07-25T13:26:54.258+0000] {local_task_job_runner.py:222} INFO - ::endgroup::
[2024-07-25T15:08:06.951+0000] {local_task_job_runner.py:120} INFO - ::group::Pre task execution logs
[2024-07-25T15:08:06.982+0000] {taskinstance.py:2076} INFO - Dependencies all met for dep_context=non-requeueable deps ti=<TaskInstance: motower_daily_prod.sensor_congestion scheduled__2024-07-06T06:00:00+00:00 [queued]>
[2024-07-25T15:08:06.990+0000] {taskinstance.py:2076} INFO - Dependencies all met for dep_context=requeueable deps ti=<TaskInstance: motower_daily_prod.sensor_congestion scheduled__2024-07-06T06:00:00+00:00 [queued]>
[2024-07-25T15:08:06.990+0000] {taskinstance.py:2306} INFO - Starting attempt 1 of 1
[2024-07-25T15:08:06.999+0000] {taskinstance.py:2330} INFO - Executing <Task(PythonSensor): sensor_congestion> on 2024-07-06 06:00:00+00:00
[2024-07-25T15:08:07.009+0000] {warnings.py:112} WARNING - /home/***/.local/lib/python3.12/site-packages/***/task/task_runner/standard_task_runner.py:62: DeprecationWarning: This process (pid=14855) is multi-threaded, use of fork() may lead to deadlocks in the child.
  pid = os.fork()

[2024-07-25T15:08:07.010+0000] {standard_task_runner.py:64} INFO - Started process 14863 to run task
[2024-07-25T15:08:07.011+0000] {standard_task_runner.py:90} INFO - Running: ['***', 'tasks', 'run', 'motower_daily_prod', 'sensor_congestion', 'scheduled__2024-07-06T06:00:00+00:00', '--job-id', '3281', '--raw', '--subdir', 'DAGS_FOLDER/gps/custom_dags/motower_daily.py', '--cfg-path', '/tmp/tmpc3y6k5xt']
[2024-07-25T15:08:07.013+0000] {standard_task_runner.py:91} INFO - Job 3281: Subtask sensor_congestion
[2024-07-25T15:08:07.051+0000] {task_command.py:426} INFO - Running <TaskInstance: motower_daily_prod.sensor_congestion scheduled__2024-07-06T06:00:00+00:00 [running]> on host b3845fb494d4
[2024-07-25T15:08:07.129+0000] {taskinstance.py:2648} INFO - Exporting env vars: AIRFLOW_CTX_DAG_EMAIL='richmond.kongo@orange.com,assane.diop@orange.com,cyrille1.danho@orange.com,mohamed2.sylla@orange.com,amadou.diomande@orange.com,Jonas.kouame@orange.com,armand.kablan@orange.com,anicet.azombade@orange.com,etienne.kouadio@orange.com,bertine.kouakou@orange.com,florentine.kouakou@orange.com,ange.phaceli@orange.com,soulegame.soro@orange.com,innocent.yengo@orange.com' AIRFLOW_CTX_DAG_OWNER='***' AIRFLOW_CTX_DAG_ID='motower_daily_prod' AIRFLOW_CTX_TASK_ID='sensor_congestion' AIRFLOW_CTX_EXECUTION_DATE='2024-07-06T06:00:00+00:00' AIRFLOW_CTX_TRY_NUMBER='1' AIRFLOW_CTX_DAG_RUN_ID='scheduled__2024-07-06T06:00:00+00:00'
[2024-07-25T15:08:07.130+0000] {taskinstance.py:430} INFO - ::endgroup::
[2024-07-25T15:08:07.140+0000] {python.py:75} INFO - Poking callable: <function check_data_in_table at 0x7320725651c0>
[2024-07-25T15:08:07.143+0000] {extract.py:126} INFO - Getting data of the table ks_hebdo_tdb_radio_drsi 
[2024-07-25T15:08:07.144+0000] {extract.py:127} INFO - where date is 2024-07-05
[2024-07-25T15:08:07.144+0000] {extract.py:98} INFO - get data to date 27 and year 2024
[2024-07-25T15:08:07.148+0000] {warnings.py:112} WARNING - /opt/***/dags/gps/common/extract.py:99: UserWarning: pandas only supports SQLAlchemy connectable (engine/connection) or database string URI or sqlite3 DBAPI2 connection. Other DBAPI2 objects are not tested. Please consider using SQLAlchemy.
  df_ = pd.read_sql_query(sql_query, conn, params=params)

[2024-07-25T15:08:07.208+0000] {base.py:294} INFO - Success criteria met. Exiting.
[2024-07-25T15:08:07.208+0000] {taskinstance.py:441} INFO - ::group::Post task execution logs
[2024-07-25T15:08:07.219+0000] {taskinstance.py:1206} INFO - Marking task as SUCCESS. dag_id=motower_daily_prod, task_id=sensor_congestion, run_id=scheduled__2024-07-06T06:00:00+00:00, execution_date=20240706T060000, start_date=20240725T150806, end_date=20240725T150807
[2024-07-25T15:08:07.264+0000] {local_task_job_runner.py:243} INFO - Task exited with return code 0
[2024-07-25T15:08:07.299+0000] {taskinstance.py:3503} INFO - 1 downstream tasks scheduled from follow-on schedule check
[2024-07-25T15:08:07.302+0000] {local_task_job_runner.py:222} INFO - ::endgroup::
[2024-07-26T11:55:27.422+0000] {local_task_job_runner.py:120} INFO - ::group::Pre task execution logs
[2024-07-26T11:55:27.449+0000] {taskinstance.py:2076} INFO - Dependencies all met for dep_context=non-requeueable deps ti=<TaskInstance: motower_daily_prod.sensor_congestion scheduled__2024-07-06T06:00:00+00:00 [queued]>
[2024-07-26T11:55:27.458+0000] {taskinstance.py:2076} INFO - Dependencies all met for dep_context=requeueable deps ti=<TaskInstance: motower_daily_prod.sensor_congestion scheduled__2024-07-06T06:00:00+00:00 [queued]>
[2024-07-26T11:55:27.458+0000] {taskinstance.py:2306} INFO - Starting attempt 1 of 1
[2024-07-26T11:55:27.468+0000] {taskinstance.py:2330} INFO - Executing <Task(PythonSensor): sensor_congestion> on 2024-07-06 06:00:00+00:00
[2024-07-26T11:55:27.478+0000] {warnings.py:112} WARNING - /home/***/.local/lib/python3.12/site-packages/***/task/task_runner/standard_task_runner.py:62: DeprecationWarning: This process (pid=3132) is multi-threaded, use of fork() may lead to deadlocks in the child.
  pid = os.fork()

[2024-07-26T11:55:27.479+0000] {standard_task_runner.py:64} INFO - Started process 3137 to run task
[2024-07-26T11:55:27.479+0000] {standard_task_runner.py:90} INFO - Running: ['***', 'tasks', 'run', 'motower_daily_prod', 'sensor_congestion', 'scheduled__2024-07-06T06:00:00+00:00', '--job-id', '3945', '--raw', '--subdir', 'DAGS_FOLDER/gps/custom_dags/motower_daily.py', '--cfg-path', '/tmp/tmputkbgx_r']
[2024-07-26T11:55:27.481+0000] {standard_task_runner.py:91} INFO - Job 3945: Subtask sensor_congestion
[2024-07-26T11:55:27.521+0000] {task_command.py:426} INFO - Running <TaskInstance: motower_daily_prod.sensor_congestion scheduled__2024-07-06T06:00:00+00:00 [running]> on host b3845fb494d4
[2024-07-26T11:55:27.594+0000] {taskinstance.py:2648} INFO - Exporting env vars: AIRFLOW_CTX_DAG_EMAIL='richmond.kongo@orange.com,assane.diop@orange.com,cyrille1.danho@orange.com,mohamed2.sylla@orange.com,amadou.diomande@orange.com,Jonas.kouame@orange.com,armand.kablan@orange.com,anicet.azombade@orange.com,etienne.kouadio@orange.com,bertine.kouakou@orange.com,florentine.kouakou@orange.com,ange.phaceli@orange.com,soulegame.soro@orange.com,innocent.yengo@orange.com' AIRFLOW_CTX_DAG_OWNER='***' AIRFLOW_CTX_DAG_ID='motower_daily_prod' AIRFLOW_CTX_TASK_ID='sensor_congestion' AIRFLOW_CTX_EXECUTION_DATE='2024-07-06T06:00:00+00:00' AIRFLOW_CTX_TRY_NUMBER='1' AIRFLOW_CTX_DAG_RUN_ID='scheduled__2024-07-06T06:00:00+00:00'
[2024-07-26T11:55:27.595+0000] {taskinstance.py:430} INFO - ::endgroup::
[2024-07-26T11:55:27.609+0000] {python.py:75} INFO - Poking callable: <function check_data_in_table at 0x745e34f7eac0>
[2024-07-26T11:55:27.613+0000] {extract.py:126} INFO - Getting data of the table ks_hebdo_tdb_radio_drsi 
[2024-07-26T11:55:27.613+0000] {extract.py:127} INFO - where date is 2024-07-05
[2024-07-26T11:55:27.613+0000] {extract.py:98} INFO - get data to date 27 and year 2024
[2024-07-26T11:55:27.617+0000] {warnings.py:112} WARNING - /opt/***/dags/gps/common/extract.py:99: UserWarning: pandas only supports SQLAlchemy connectable (engine/connection) or database string URI or sqlite3 DBAPI2 connection. Other DBAPI2 objects are not tested. Please consider using SQLAlchemy.
  df_ = pd.read_sql_query(sql_query, conn, params=params)

[2024-07-26T11:55:27.663+0000] {base.py:294} INFO - Success criteria met. Exiting.
[2024-07-26T11:55:27.664+0000] {taskinstance.py:441} INFO - ::group::Post task execution logs
[2024-07-26T11:55:27.675+0000] {taskinstance.py:1206} INFO - Marking task as SUCCESS. dag_id=motower_daily_prod, task_id=sensor_congestion, run_id=scheduled__2024-07-06T06:00:00+00:00, execution_date=20240706T060000, start_date=20240726T115527, end_date=20240726T115527
[2024-07-26T11:55:27.733+0000] {local_task_job_runner.py:243} INFO - Task exited with return code 0
[2024-07-26T11:55:27.766+0000] {taskinstance.py:3503} INFO - 0 downstream tasks scheduled from follow-on schedule check
[2024-07-26T11:55:27.769+0000] {local_task_job_runner.py:222} INFO - ::endgroup::
[2024-07-26T12:26:11.666+0000] {local_task_job_runner.py:120} INFO - ::group::Pre task execution logs
[2024-07-26T12:26:11.696+0000] {taskinstance.py:2076} INFO - Dependencies all met for dep_context=non-requeueable deps ti=<TaskInstance: motower_daily_prod.sensor_congestion scheduled__2024-07-06T06:00:00+00:00 [queued]>
[2024-07-26T12:26:11.704+0000] {taskinstance.py:2076} INFO - Dependencies all met for dep_context=requeueable deps ti=<TaskInstance: motower_daily_prod.sensor_congestion scheduled__2024-07-06T06:00:00+00:00 [queued]>
[2024-07-26T12:26:11.704+0000] {taskinstance.py:2306} INFO - Starting attempt 1 of 1
[2024-07-26T12:26:11.716+0000] {taskinstance.py:2330} INFO - Executing <Task(PythonSensor): sensor_congestion> on 2024-07-06 06:00:00+00:00
[2024-07-26T12:26:11.730+0000] {warnings.py:112} WARNING - /home/***/.local/lib/python3.12/site-packages/***/task/task_runner/standard_task_runner.py:62: DeprecationWarning: This process (pid=2149) is multi-threaded, use of fork() may lead to deadlocks in the child.
  pid = os.fork()

[2024-07-26T12:26:11.731+0000] {standard_task_runner.py:64} INFO - Started process 2151 to run task
[2024-07-26T12:26:11.731+0000] {standard_task_runner.py:90} INFO - Running: ['***', 'tasks', 'run', 'motower_daily_prod', 'sensor_congestion', 'scheduled__2024-07-06T06:00:00+00:00', '--job-id', '655', '--raw', '--subdir', 'DAGS_FOLDER/gps/custom_dags/motower_daily.py', '--cfg-path', '/tmp/tmpiai_jgk_']
[2024-07-26T12:26:11.733+0000] {standard_task_runner.py:91} INFO - Job 655: Subtask sensor_congestion
[2024-07-26T12:26:11.773+0000] {task_command.py:426} INFO - Running <TaskInstance: motower_daily_prod.sensor_congestion scheduled__2024-07-06T06:00:00+00:00 [running]> on host 88c2b04746a4
[2024-07-26T12:26:11.859+0000] {taskinstance.py:2648} INFO - Exporting env vars: AIRFLOW_CTX_DAG_EMAIL='richmond.kongo@orange.com,assane.diop@orange.com,cyrille1.danho@orange.com,mohamed2.sylla@orange.com,amadou.diomande@orange.com,Jonas.kouame@orange.com,armand.kablan@orange.com,anicet.azombade@orange.com,etienne.kouadio@orange.com,bertine.kouakou@orange.com,florentine.kouakou@orange.com,ange.phaceli@orange.com,soulegame.soro@orange.com,innocent.yengo@orange.com' AIRFLOW_CTX_DAG_OWNER='***' AIRFLOW_CTX_DAG_ID='motower_daily_prod' AIRFLOW_CTX_TASK_ID='sensor_congestion' AIRFLOW_CTX_EXECUTION_DATE='2024-07-06T06:00:00+00:00' AIRFLOW_CTX_TRY_NUMBER='1' AIRFLOW_CTX_DAG_RUN_ID='scheduled__2024-07-06T06:00:00+00:00'
[2024-07-26T12:26:11.860+0000] {taskinstance.py:430} INFO - ::endgroup::
[2024-07-26T12:26:11.870+0000] {python.py:75} INFO - Poking callable: <function check_data_in_table at 0x743a3eef8ea0>
[2024-07-26T12:26:11.873+0000] {extract.py:126} INFO - Getting data of the table ks_hebdo_tdb_radio_drsi 
[2024-07-26T12:26:11.873+0000] {extract.py:127} INFO - where date is 2024-07-05
[2024-07-26T12:26:11.874+0000] {extract.py:98} INFO - get data to date 27 and year 2024
[2024-07-26T12:26:11.878+0000] {warnings.py:112} WARNING - /opt/***/dags/gps/common/extract.py:99: UserWarning: pandas only supports SQLAlchemy connectable (engine/connection) or database string URI or sqlite3 DBAPI2 connection. Other DBAPI2 objects are not tested. Please consider using SQLAlchemy.
  df_ = pd.read_sql_query(sql_query, conn, params=params)

[2024-07-26T12:26:11.919+0000] {base.py:294} INFO - Success criteria met. Exiting.
[2024-07-26T12:26:11.919+0000] {taskinstance.py:441} INFO - ::group::Post task execution logs
[2024-07-26T12:26:11.929+0000] {taskinstance.py:1206} INFO - Marking task as SUCCESS. dag_id=motower_daily_prod, task_id=sensor_congestion, run_id=scheduled__2024-07-06T06:00:00+00:00, execution_date=20240706T060000, start_date=20240726T122611, end_date=20240726T122611
[2024-07-26T12:26:11.986+0000] {local_task_job_runner.py:243} INFO - Task exited with return code 0
[2024-07-26T12:26:12.023+0000] {taskinstance.py:3503} INFO - 1 downstream tasks scheduled from follow-on schedule check
[2024-07-26T12:26:12.026+0000] {local_task_job_runner.py:222} INFO - ::endgroup::
[2024-07-26T12:31:23.765+0000] {local_task_job_runner.py:120} INFO - ::group::Pre task execution logs
[2024-07-26T12:31:23.791+0000] {taskinstance.py:2076} INFO - Dependencies all met for dep_context=non-requeueable deps ti=<TaskInstance: motower_daily_prod.sensor_congestion scheduled__2024-07-06T06:00:00+00:00 [queued]>
[2024-07-26T12:31:23.797+0000] {taskinstance.py:2076} INFO - Dependencies all met for dep_context=requeueable deps ti=<TaskInstance: motower_daily_prod.sensor_congestion scheduled__2024-07-06T06:00:00+00:00 [queued]>
[2024-07-26T12:31:23.797+0000] {taskinstance.py:2306} INFO - Starting attempt 1 of 1
[2024-07-26T12:31:23.808+0000] {taskinstance.py:2330} INFO - Executing <Task(PythonSensor): sensor_congestion> on 2024-07-06 06:00:00+00:00
[2024-07-26T12:31:23.816+0000] {warnings.py:112} WARNING - /home/***/.local/lib/python3.12/site-packages/***/task/task_runner/standard_task_runner.py:62: DeprecationWarning: This process (pid=3079) is multi-threaded, use of fork() may lead to deadlocks in the child.
  pid = os.fork()

[2024-07-26T12:31:23.818+0000] {standard_task_runner.py:64} INFO - Started process 3081 to run task
[2024-07-26T12:31:23.818+0000] {standard_task_runner.py:90} INFO - Running: ['***', 'tasks', 'run', 'motower_daily_prod', 'sensor_congestion', 'scheduled__2024-07-06T06:00:00+00:00', '--job-id', '942', '--raw', '--subdir', 'DAGS_FOLDER/gps/custom_dags/motower_daily.py', '--cfg-path', '/tmp/tmp2k9agzje']
[2024-07-26T12:31:23.820+0000] {standard_task_runner.py:91} INFO - Job 942: Subtask sensor_congestion
[2024-07-26T12:31:23.858+0000] {task_command.py:426} INFO - Running <TaskInstance: motower_daily_prod.sensor_congestion scheduled__2024-07-06T06:00:00+00:00 [running]> on host 88c2b04746a4
[2024-07-26T12:31:23.937+0000] {taskinstance.py:2648} INFO - Exporting env vars: AIRFLOW_CTX_DAG_EMAIL='richmond.kongo@orange.com,assane.diop@orange.com,cyrille1.danho@orange.com,mohamed2.sylla@orange.com,amadou.diomande@orange.com,Jonas.kouame@orange.com,armand.kablan@orange.com,anicet.azombade@orange.com,etienne.kouadio@orange.com,bertine.kouakou@orange.com,florentine.kouakou@orange.com,ange.phaceli@orange.com,soulegame.soro@orange.com,innocent.yengo@orange.com' AIRFLOW_CTX_DAG_OWNER='***' AIRFLOW_CTX_DAG_ID='motower_daily_prod' AIRFLOW_CTX_TASK_ID='sensor_congestion' AIRFLOW_CTX_EXECUTION_DATE='2024-07-06T06:00:00+00:00' AIRFLOW_CTX_TRY_NUMBER='1' AIRFLOW_CTX_DAG_RUN_ID='scheduled__2024-07-06T06:00:00+00:00'
[2024-07-26T12:31:23.938+0000] {taskinstance.py:430} INFO - ::endgroup::
[2024-07-26T12:31:23.949+0000] {python.py:75} INFO - Poking callable: <function check_data_in_table at 0x743a42819760>
[2024-07-26T12:31:23.953+0000] {extract.py:126} INFO - Getting data of the table ks_hebdo_tdb_radio_drsi 
[2024-07-26T12:31:23.953+0000] {extract.py:127} INFO - where date is 2024-07-05
[2024-07-26T12:31:23.953+0000] {extract.py:98} INFO - get data to date 27 and year 2024
[2024-07-26T12:31:23.957+0000] {warnings.py:112} WARNING - /opt/***/dags/gps/common/extract.py:99: UserWarning: pandas only supports SQLAlchemy connectable (engine/connection) or database string URI or sqlite3 DBAPI2 connection. Other DBAPI2 objects are not tested. Please consider using SQLAlchemy.
  df_ = pd.read_sql_query(sql_query, conn, params=params)

[2024-07-26T12:31:23.996+0000] {base.py:294} INFO - Success criteria met. Exiting.
[2024-07-26T12:31:23.997+0000] {taskinstance.py:441} INFO - ::group::Post task execution logs
[2024-07-26T12:31:24.006+0000] {taskinstance.py:1206} INFO - Marking task as SUCCESS. dag_id=motower_daily_prod, task_id=sensor_congestion, run_id=scheduled__2024-07-06T06:00:00+00:00, execution_date=20240706T060000, start_date=20240726T123123, end_date=20240726T123124
[2024-07-26T12:31:24.031+0000] {local_task_job_runner.py:243} INFO - Task exited with return code 0
[2024-07-26T12:31:24.040+0000] {local_task_job_runner.py:222} INFO - ::endgroup::
[2024-07-29T12:01:05.586+0000] {local_task_job_runner.py:120} INFO - ::group::Pre task execution logs
[2024-07-29T12:01:05.612+0000] {taskinstance.py:2076} INFO - Dependencies all met for dep_context=non-requeueable deps ti=<TaskInstance: motower_daily_prod.sensor_congestion scheduled__2024-07-06T06:00:00+00:00 [queued]>
[2024-07-29T12:01:05.620+0000] {taskinstance.py:2076} INFO - Dependencies all met for dep_context=requeueable deps ti=<TaskInstance: motower_daily_prod.sensor_congestion scheduled__2024-07-06T06:00:00+00:00 [queued]>
[2024-07-29T12:01:05.620+0000] {taskinstance.py:2306} INFO - Starting attempt 1 of 1
[2024-07-29T12:01:05.630+0000] {taskinstance.py:2330} INFO - Executing <Task(PythonSensor): sensor_congestion> on 2024-07-06 06:00:00+00:00
[2024-07-29T12:01:05.638+0000] {warnings.py:112} WARNING - /home/***/.local/lib/python3.12/site-packages/***/task/task_runner/standard_task_runner.py:62: DeprecationWarning: This process (pid=3548) is multi-threaded, use of fork() may lead to deadlocks in the child.
  pid = os.fork()

[2024-07-29T12:01:05.639+0000] {standard_task_runner.py:64} INFO - Started process 3550 to run task
[2024-07-29T12:01:05.640+0000] {standard_task_runner.py:90} INFO - Running: ['***', 'tasks', 'run', 'motower_daily_prod', 'sensor_congestion', 'scheduled__2024-07-06T06:00:00+00:00', '--job-id', '979', '--raw', '--subdir', 'DAGS_FOLDER/gps/custom_dags/motower_daily.py', '--cfg-path', '/tmp/tmpxe5hxoz5']
[2024-07-29T12:01:05.642+0000] {standard_task_runner.py:91} INFO - Job 979: Subtask sensor_congestion
[2024-07-29T12:01:05.682+0000] {task_command.py:426} INFO - Running <TaskInstance: motower_daily_prod.sensor_congestion scheduled__2024-07-06T06:00:00+00:00 [running]> on host e824106b656d
[2024-07-29T12:01:05.765+0000] {taskinstance.py:2648} INFO - Exporting env vars: AIRFLOW_CTX_DAG_EMAIL='richmond.kongo@orange.com,assane.diop@orange.com,cyrille1.danho@orange.com,mohamed2.sylla@orange.com,amadou.diomande@orange.com,Jonas.kouame@orange.com,armand.kablan@orange.com,anicet.azombade@orange.com,etienne.kouadio@orange.com,bertine.kouakou@orange.com,florentine.kouakou@orange.com,ange.phaceli@orange.com,soulegame.soro@orange.com,innocent.yengo@orange.com' AIRFLOW_CTX_DAG_OWNER='***' AIRFLOW_CTX_DAG_ID='motower_daily_prod' AIRFLOW_CTX_TASK_ID='sensor_congestion' AIRFLOW_CTX_EXECUTION_DATE='2024-07-06T06:00:00+00:00' AIRFLOW_CTX_TRY_NUMBER='1' AIRFLOW_CTX_DAG_RUN_ID='scheduled__2024-07-06T06:00:00+00:00'
[2024-07-29T12:01:05.767+0000] {taskinstance.py:430} INFO - ::endgroup::
[2024-07-29T12:01:05.777+0000] {python.py:75} INFO - Poking callable: <function check_data_in_table at 0x7dbbe29b39c0>
[2024-07-29T12:01:05.780+0000] {extract.py:126} INFO - Getting data of the table ks_hebdo_tdb_radio_drsi 
[2024-07-29T12:01:05.781+0000] {extract.py:127} INFO - where date is 2024-07-05
[2024-07-29T12:01:05.781+0000] {extract.py:98} INFO - get data to date 27 and year 2024
[2024-07-29T12:01:05.785+0000] {warnings.py:112} WARNING - /opt/***/dags/gps/common/extract.py:99: UserWarning: pandas only supports SQLAlchemy connectable (engine/connection) or database string URI or sqlite3 DBAPI2 connection. Other DBAPI2 objects are not tested. Please consider using SQLAlchemy.
  df_ = pd.read_sql_query(sql_query, conn, params=params)

[2024-07-29T12:01:05.830+0000] {base.py:294} INFO - Success criteria met. Exiting.
[2024-07-29T12:01:05.831+0000] {taskinstance.py:441} INFO - ::group::Post task execution logs
[2024-07-29T12:01:05.838+0000] {taskinstance.py:1206} INFO - Marking task as SUCCESS. dag_id=motower_daily_prod, task_id=sensor_congestion, run_id=scheduled__2024-07-06T06:00:00+00:00, execution_date=20240706T060000, start_date=20240729T120105, end_date=20240729T120105
[2024-07-29T12:01:05.893+0000] {local_task_job_runner.py:243} INFO - Task exited with return code 0
[2024-07-29T12:01:05.927+0000] {taskinstance.py:3503} INFO - 1 downstream tasks scheduled from follow-on schedule check
[2024-07-29T12:01:05.929+0000] {local_task_job_runner.py:222} INFO - ::endgroup::
[2024-07-29T14:34:06.103+0000] {local_task_job_runner.py:120} INFO - ::group::Pre task execution logs
[2024-07-29T14:34:06.129+0000] {taskinstance.py:2076} INFO - Dependencies all met for dep_context=non-requeueable deps ti=<TaskInstance: motower_daily_prod.sensor_congestion scheduled__2024-07-06T06:00:00+00:00 [queued]>
[2024-07-29T14:34:06.136+0000] {taskinstance.py:2076} INFO - Dependencies all met for dep_context=requeueable deps ti=<TaskInstance: motower_daily_prod.sensor_congestion scheduled__2024-07-06T06:00:00+00:00 [queued]>
[2024-07-29T14:34:06.137+0000] {taskinstance.py:2306} INFO - Starting attempt 1 of 1
[2024-07-29T14:34:06.148+0000] {taskinstance.py:2330} INFO - Executing <Task(PythonSensor): sensor_congestion> on 2024-07-06 06:00:00+00:00
[2024-07-29T14:34:06.156+0000] {warnings.py:112} WARNING - /home/***/.local/lib/python3.12/site-packages/***/task/task_runner/standard_task_runner.py:62: DeprecationWarning: This process (pid=1548) is multi-threaded, use of fork() may lead to deadlocks in the child.
  pid = os.fork()

[2024-07-29T14:34:06.157+0000] {standard_task_runner.py:64} INFO - Started process 1557 to run task
[2024-07-29T14:34:06.157+0000] {standard_task_runner.py:90} INFO - Running: ['***', 'tasks', 'run', 'motower_daily_prod', 'sensor_congestion', 'scheduled__2024-07-06T06:00:00+00:00', '--job-id', '1367', '--raw', '--subdir', 'DAGS_FOLDER/gps/custom_dags/motower_daily.py', '--cfg-path', '/tmp/tmpzf0167w4']
[2024-07-29T14:34:06.159+0000] {standard_task_runner.py:91} INFO - Job 1367: Subtask sensor_congestion
[2024-07-29T14:34:06.198+0000] {task_command.py:426} INFO - Running <TaskInstance: motower_daily_prod.sensor_congestion scheduled__2024-07-06T06:00:00+00:00 [running]> on host e824106b656d
[2024-07-29T14:34:06.281+0000] {taskinstance.py:2648} INFO - Exporting env vars: AIRFLOW_CTX_DAG_EMAIL='richmond.kongo@orange.com,assane.diop@orange.com,cyrille1.danho@orange.com,mohamed2.sylla@orange.com,amadou.diomande@orange.com,Jonas.kouame@orange.com,armand.kablan@orange.com,anicet.azombade@orange.com,etienne.kouadio@orange.com,bertine.kouakou@orange.com,florentine.kouakou@orange.com,ange.phaceli@orange.com,soulegame.soro@orange.com,innocent.yengo@orange.com' AIRFLOW_CTX_DAG_OWNER='***' AIRFLOW_CTX_DAG_ID='motower_daily_prod' AIRFLOW_CTX_TASK_ID='sensor_congestion' AIRFLOW_CTX_EXECUTION_DATE='2024-07-06T06:00:00+00:00' AIRFLOW_CTX_TRY_NUMBER='1' AIRFLOW_CTX_DAG_RUN_ID='scheduled__2024-07-06T06:00:00+00:00'
[2024-07-29T14:34:06.282+0000] {taskinstance.py:430} INFO - ::endgroup::
[2024-07-29T14:34:06.294+0000] {python.py:75} INFO - Poking callable: <function check_data_in_table at 0x7cc16836f920>
[2024-07-29T14:34:06.297+0000] {extract.py:126} INFO - Getting data of the table ks_hebdo_tdb_radio_drsi 
[2024-07-29T14:34:06.298+0000] {extract.py:127} INFO - where date is 2024-07-05
[2024-07-29T14:34:06.298+0000] {extract.py:98} INFO - get data to date 27 and year 2024
[2024-07-29T14:34:06.303+0000] {warnings.py:112} WARNING - /opt/***/dags/gps/common/extract.py:99: UserWarning: pandas only supports SQLAlchemy connectable (engine/connection) or database string URI or sqlite3 DBAPI2 connection. Other DBAPI2 objects are not tested. Please consider using SQLAlchemy.
  df_ = pd.read_sql_query(sql_query, conn, params=params)

[2024-07-29T14:34:06.359+0000] {base.py:294} INFO - Success criteria met. Exiting.
[2024-07-29T14:34:06.360+0000] {taskinstance.py:441} INFO - ::group::Post task execution logs
[2024-07-29T14:34:06.370+0000] {taskinstance.py:1206} INFO - Marking task as SUCCESS. dag_id=motower_daily_prod, task_id=sensor_congestion, run_id=scheduled__2024-07-06T06:00:00+00:00, execution_date=20240706T060000, start_date=20240729T143406, end_date=20240729T143406
[2024-07-29T14:34:06.411+0000] {local_task_job_runner.py:243} INFO - Task exited with return code 0
[2024-07-29T14:34:06.448+0000] {taskinstance.py:3503} INFO - 1 downstream tasks scheduled from follow-on schedule check
[2024-07-29T14:34:06.451+0000] {local_task_job_runner.py:222} INFO - ::endgroup::
[2024-07-30T11:16:55.199+0000] {local_task_job_runner.py:120} INFO - ::group::Pre task execution logs
[2024-07-30T11:16:55.259+0000] {taskinstance.py:2076} INFO - Dependencies all met for dep_context=non-requeueable deps ti=<TaskInstance: motower_daily_prod.sensor_congestion scheduled__2024-07-06T06:00:00+00:00 [queued]>
[2024-07-30T11:16:55.281+0000] {taskinstance.py:2076} INFO - Dependencies all met for dep_context=requeueable deps ti=<TaskInstance: motower_daily_prod.sensor_congestion scheduled__2024-07-06T06:00:00+00:00 [queued]>
[2024-07-30T11:16:55.282+0000] {taskinstance.py:2306} INFO - Starting attempt 1 of 1
[2024-07-30T11:16:55.308+0000] {taskinstance.py:2330} INFO - Executing <Task(PythonSensor): sensor_congestion> on 2024-07-06 06:00:00+00:00
[2024-07-30T11:16:55.322+0000] {warnings.py:112} WARNING - /home/***/.local/lib/python3.12/site-packages/***/task/task_runner/standard_task_runner.py:62: DeprecationWarning: This process (pid=3643) is multi-threaded, use of fork() may lead to deadlocks in the child.
  pid = os.fork()

[2024-07-30T11:16:55.324+0000] {standard_task_runner.py:64} INFO - Started process 3647 to run task
[2024-07-30T11:16:55.323+0000] {standard_task_runner.py:90} INFO - Running: ['***', 'tasks', 'run', 'motower_daily_prod', 'sensor_congestion', 'scheduled__2024-07-06T06:00:00+00:00', '--job-id', '639', '--raw', '--subdir', 'DAGS_FOLDER/gps/custom_dags/motower_daily.py', '--cfg-path', '/tmp/tmp5vi0ej27']
[2024-07-30T11:16:55.327+0000] {standard_task_runner.py:91} INFO - Job 639: Subtask sensor_congestion
[2024-07-30T11:16:55.403+0000] {task_command.py:426} INFO - Running <TaskInstance: motower_daily_prod.sensor_congestion scheduled__2024-07-06T06:00:00+00:00 [running]> on host 7d7c82e77e1e
[2024-07-30T11:16:55.572+0000] {taskinstance.py:2648} INFO - Exporting env vars: AIRFLOW_CTX_DAG_EMAIL='richmond.kongo@orange.com,assane.diop@orange.com,cyrille1.danho@orange.com,mohamed2.sylla@orange.com,amadou.diomande@orange.com,Jonas.kouame@orange.com,armand.kablan@orange.com,anicet.azombade@orange.com,etienne.kouadio@orange.com,bertine.kouakou@orange.com,florentine.kouakou@orange.com,ange.phaceli@orange.com,soulegame.soro@orange.com,innocent.yengo@orange.com' AIRFLOW_CTX_DAG_OWNER='***' AIRFLOW_CTX_DAG_ID='motower_daily_prod' AIRFLOW_CTX_TASK_ID='sensor_congestion' AIRFLOW_CTX_EXECUTION_DATE='2024-07-06T06:00:00+00:00' AIRFLOW_CTX_TRY_NUMBER='1' AIRFLOW_CTX_DAG_RUN_ID='scheduled__2024-07-06T06:00:00+00:00'
[2024-07-30T11:16:55.574+0000] {taskinstance.py:430} INFO - ::endgroup::
[2024-07-30T11:16:55.602+0000] {python.py:75} INFO - Poking callable: <function check_data_in_table at 0x798a997faac0>
[2024-07-30T11:16:55.607+0000] {extract.py:126} INFO - Getting data of the table ks_hebdo_tdb_radio_drsi 
[2024-07-30T11:16:55.608+0000] {extract.py:127} INFO - where date is 2024-07-05
[2024-07-30T11:16:55.609+0000] {extract.py:98} INFO - get data to date 27 and year 2024
[2024-07-30T11:16:55.618+0000] {warnings.py:112} WARNING - /opt/***/dags/gps/common/extract.py:99: UserWarning: pandas only supports SQLAlchemy connectable (engine/connection) or database string URI or sqlite3 DBAPI2 connection. Other DBAPI2 objects are not tested. Please consider using SQLAlchemy.
  df_ = pd.read_sql_query(sql_query, conn, params=params)

[2024-07-30T11:16:55.741+0000] {base.py:294} INFO - Success criteria met. Exiting.
[2024-07-30T11:16:55.741+0000] {taskinstance.py:441} INFO - ::group::Post task execution logs
[2024-07-30T11:16:55.758+0000] {taskinstance.py:1206} INFO - Marking task as SUCCESS. dag_id=motower_daily_prod, task_id=sensor_congestion, run_id=scheduled__2024-07-06T06:00:00+00:00, execution_date=20240706T060000, start_date=20240730T111655, end_date=20240730T111655
[2024-07-30T11:16:55.821+0000] {local_task_job_runner.py:243} INFO - Task exited with return code 0
[2024-07-30T11:16:55.890+0000] {taskinstance.py:3503} INFO - 1 downstream tasks scheduled from follow-on schedule check
[2024-07-30T11:16:55.895+0000] {local_task_job_runner.py:222} INFO - ::endgroup::
[2024-08-02T12:26:53.937+0000] {local_task_job_runner.py:120} INFO - ::group::Pre task execution logs
[2024-08-02T12:26:53.993+0000] {taskinstance.py:2076} INFO - Dependencies all met for dep_context=non-requeueable deps ti=<TaskInstance: motower_daily_prod.sensor_congestion scheduled__2024-07-06T06:00:00+00:00 [queued]>
[2024-08-02T12:26:54.015+0000] {taskinstance.py:2076} INFO - Dependencies all met for dep_context=requeueable deps ti=<TaskInstance: motower_daily_prod.sensor_congestion scheduled__2024-07-06T06:00:00+00:00 [queued]>
[2024-08-02T12:26:54.016+0000] {taskinstance.py:2306} INFO - Starting attempt 1 of 1
[2024-08-02T12:26:54.042+0000] {taskinstance.py:2330} INFO - Executing <Task(PythonSensor): sensor_congestion> on 2024-07-06 06:00:00+00:00
[2024-08-02T12:26:54.056+0000] {warnings.py:112} WARNING - /home/***/.local/lib/python3.12/site-packages/***/task/task_runner/standard_task_runner.py:62: DeprecationWarning: This process (pid=1484) is multi-threaded, use of fork() may lead to deadlocks in the child.
  pid = os.fork()

[2024-08-02T12:26:54.058+0000] {standard_task_runner.py:64} INFO - Started process 1490 to run task
[2024-08-02T12:26:54.059+0000] {standard_task_runner.py:90} INFO - Running: ['***', 'tasks', 'run', 'motower_daily_prod', 'sensor_congestion', 'scheduled__2024-07-06T06:00:00+00:00', '--job-id', '1062', '--raw', '--subdir', 'DAGS_FOLDER/gps/custom_dags/motower_daily.py', '--cfg-path', '/tmp/tmp0gprs87r']
[2024-08-02T12:26:54.061+0000] {standard_task_runner.py:91} INFO - Job 1062: Subtask sensor_congestion
[2024-08-02T12:26:54.132+0000] {task_command.py:426} INFO - Running <TaskInstance: motower_daily_prod.sensor_congestion scheduled__2024-07-06T06:00:00+00:00 [running]> on host 0ed00079025b
[2024-08-02T12:26:54.284+0000] {taskinstance.py:2648} INFO - Exporting env vars: AIRFLOW_CTX_DAG_EMAIL='richmond.kongo@orange.com,assane.diop@orange.com,cyrille1.danho@orange.com,mohamed2.sylla@orange.com,amadou.diomande@orange.com,Jonas.kouame@orange.com,armand.kablan@orange.com,anicet.azombade@orange.com,etienne.kouadio@orange.com,bertine.kouakou@orange.com,florentine.kouakou@orange.com,ange.phaceli@orange.com,soulegame.soro@orange.com,innocent.yengo@orange.com' AIRFLOW_CTX_DAG_OWNER='***' AIRFLOW_CTX_DAG_ID='motower_daily_prod' AIRFLOW_CTX_TASK_ID='sensor_congestion' AIRFLOW_CTX_EXECUTION_DATE='2024-07-06T06:00:00+00:00' AIRFLOW_CTX_TRY_NUMBER='1' AIRFLOW_CTX_DAG_RUN_ID='scheduled__2024-07-06T06:00:00+00:00'
[2024-08-02T12:26:54.285+0000] {taskinstance.py:430} INFO - ::endgroup::
[2024-08-02T12:26:54.304+0000] {python.py:75} INFO - Poking callable: <function check_data_in_table at 0x7059afe42fc0>
[2024-08-02T12:26:54.309+0000] {extract.py:126} INFO - Getting data of the table ks_hebdo_tdb_radio_drsi 
[2024-08-02T12:26:54.309+0000] {extract.py:127} INFO - where date is 2024-07-05
[2024-08-02T12:26:54.310+0000] {extract.py:98} INFO - get data to date 27 and year 2024
[2024-08-02T12:26:54.319+0000] {warnings.py:112} WARNING - /opt/***/dags/gps/common/extract.py:99: UserWarning: pandas only supports SQLAlchemy connectable (engine/connection) or database string URI or sqlite3 DBAPI2 connection. Other DBAPI2 objects are not tested. Please consider using SQLAlchemy.
  df_ = pd.read_sql_query(sql_query, conn, params=params)

[2024-08-02T12:26:54.430+0000] {base.py:294} INFO - Success criteria met. Exiting.
[2024-08-02T12:26:54.430+0000] {taskinstance.py:441} INFO - ::group::Post task execution logs
[2024-08-02T12:26:54.445+0000] {taskinstance.py:1206} INFO - Marking task as SUCCESS. dag_id=motower_daily_prod, task_id=sensor_congestion, run_id=scheduled__2024-07-06T06:00:00+00:00, execution_date=20240706T060000, start_date=20240802T122653, end_date=20240802T122654
[2024-08-02T12:26:54.473+0000] {local_task_job_runner.py:243} INFO - Task exited with return code 0
[2024-08-02T12:26:54.543+0000] {taskinstance.py:3503} INFO - 0 downstream tasks scheduled from follow-on schedule check
[2024-08-02T12:26:54.550+0000] {local_task_job_runner.py:222} INFO - ::endgroup::
