[2024-08-06T17:02:22.232+0000] {local_task_job_runner.py:120} INFO - ::group::Pre task execution logs
[2024-08-06T17:02:22.312+0000] {taskinstance.py:2076} INFO - Dependencies all met for dep_context=non-requeueable deps ti=<TaskInstance: motower_daily_prod.extracta scheduled__2024-02-17T06:00:00+00:00 [queued]>
[2024-08-06T17:02:22.338+0000] {taskinstance.py:2076} INFO - Dependencies all met for dep_context=requeueable deps ti=<TaskInstance: motower_daily_prod.extracta scheduled__2024-02-17T06:00:00+00:00 [queued]>
[2024-08-06T17:02:22.339+0000] {taskinstance.py:2306} INFO - Starting attempt 1 of 1
[2024-08-06T17:02:22.366+0000] {taskinstance.py:2330} INFO - Executing <Task(PythonOperator): extracta> on 2024-02-17 06:00:00+00:00
[2024-08-06T17:02:22.380+0000] {warnings.py:112} WARNING - /home/***/.local/lib/python3.12/site-packages/***/task/task_runner/standard_task_runner.py:62: DeprecationWarning: This process (pid=2342) is multi-threaded, use of fork() may lead to deadlocks in the child.
  pid = os.fork()

[2024-08-06T17:02:22.383+0000] {standard_task_runner.py:64} INFO - Started process 2354 to run task
[2024-08-06T17:02:22.383+0000] {standard_task_runner.py:90} INFO - Running: ['***', 'tasks', 'run', 'motower_daily_prod', 'extracta', 'scheduled__2024-02-17T06:00:00+00:00', '--job-id', '464', '--raw', '--subdir', 'DAGS_FOLDER/gps/custom_dags/motower_daily.py', '--cfg-path', '/tmp/tmpuhvvooeo']
[2024-08-06T17:02:22.388+0000] {standard_task_runner.py:91} INFO - Job 464: Subtask extracta
[2024-08-06T17:02:22.474+0000] {task_command.py:426} INFO - Running <TaskInstance: motower_daily_prod.extracta scheduled__2024-02-17T06:00:00+00:00 [running]> on host 13681191f11c
[2024-08-06T17:02:22.647+0000] {taskinstance.py:2648} INFO - Exporting env vars: AIRFLOW_CTX_DAG_EMAIL='richmond.kongo@orange.com,assane.diop@orange.com,cyrille1.danho@orange.com,mohamed2.sylla@orange.com,amadou.diomande@orange.com,Jonas.kouame@orange.com,armand.kablan@orange.com,anicet.azombade@orange.com,etienne.kouadio@orange.com,bertine.kouakou@orange.com,florentine.kouakou@orange.com,ange.phaceli@orange.com,soulegame.soro@orange.com,innocent.yengo@orange.com' AIRFLOW_CTX_DAG_OWNER='***' AIRFLOW_CTX_DAG_ID='motower_daily_prod' AIRFLOW_CTX_TASK_ID='extracta' AIRFLOW_CTX_EXECUTION_DATE='2024-02-17T06:00:00+00:00' AIRFLOW_CTX_TRY_NUMBER='1' AIRFLOW_CTX_DAG_RUN_ID='scheduled__2024-02-17T06:00:00+00:00'
[2024-08-06T17:02:22.649+0000] {taskinstance.py:430} INFO - ::endgroup::
[2024-08-06T17:02:22.684+0000] {extract.py:126} INFO - Getting data of the table dtm_motower_gsm 
[2024-08-06T17:02:22.685+0000] {extract.py:127} INFO - where date is 2024-02-16
[2024-08-06T17:02:22.686+0000] {extract.py:102} INFO - get data to date 20240216
[2024-08-06T17:02:22.696+0000] {warnings.py:112} WARNING - /opt/***/dags/gps/common/extract.py:103: UserWarning: pandas only supports SQLAlchemy connectable (engine/connection) or database string URI or sqlite3 DBAPI2 connection. Other DBAPI2 objects are not tested. Please consider using SQLAlchemy.
  df_ = pd.read_sql_query(sql_query, conn, params=params)

[2024-08-06T17:02:22.826+0000] {rwminio.py:19} INFO - start to save data
[2024-08-06T17:02:22.918+0000] {rwminio.py:34} INFO - data in minio ok
[2024-08-06T17:02:22.919+0000] {python.py:237} INFO - Done. Returned value was: None
[2024-08-06T17:02:22.920+0000] {taskinstance.py:441} INFO - ::group::Post task execution logs
[2024-08-06T17:02:22.940+0000] {taskinstance.py:1206} INFO - Marking task as SUCCESS. dag_id=motower_daily_prod, task_id=extracta, run_id=scheduled__2024-02-17T06:00:00+00:00, execution_date=20240217T060000, start_date=20240806T170222, end_date=20240806T170222
[2024-08-06T17:02:23.001+0000] {local_task_job_runner.py:243} INFO - Task exited with return code 0
[2024-08-06T17:02:23.065+0000] {taskinstance.py:3503} INFO - 0 downstream tasks scheduled from follow-on schedule check
[2024-08-06T17:02:23.073+0000] {local_task_job_runner.py:222} INFO - ::endgroup::
[2024-08-06T17:33:12.483+0000] {local_task_job_runner.py:120} INFO - ::group::Pre task execution logs
[2024-08-06T17:33:12.555+0000] {taskinstance.py:2076} INFO - Dependencies all met for dep_context=non-requeueable deps ti=<TaskInstance: motower_daily_prod.extracta scheduled__2024-02-17T06:00:00+00:00 [queued]>
[2024-08-06T17:33:12.580+0000] {taskinstance.py:2076} INFO - Dependencies all met for dep_context=requeueable deps ti=<TaskInstance: motower_daily_prod.extracta scheduled__2024-02-17T06:00:00+00:00 [queued]>
[2024-08-06T17:33:12.581+0000] {taskinstance.py:2306} INFO - Starting attempt 1 of 1
[2024-08-06T17:33:12.607+0000] {taskinstance.py:2330} INFO - Executing <Task(PythonOperator): extracta> on 2024-02-17 06:00:00+00:00
[2024-08-06T17:33:12.620+0000] {warnings.py:112} WARNING - /home/***/.local/lib/python3.12/site-packages/***/task/task_runner/standard_task_runner.py:62: DeprecationWarning: This process (pid=6508) is multi-threaded, use of fork() may lead to deadlocks in the child.
  pid = os.fork()

[2024-08-06T17:33:12.623+0000] {standard_task_runner.py:64} INFO - Started process 6524 to run task
[2024-08-06T17:33:12.630+0000] {standard_task_runner.py:90} INFO - Running: ['***', 'tasks', 'run', 'motower_daily_prod', 'extracta', 'scheduled__2024-02-17T06:00:00+00:00', '--job-id', '1731', '--raw', '--subdir', 'DAGS_FOLDER/gps/custom_dags/motower_daily.py', '--cfg-path', '/tmp/tmplzb5c2hr']
[2024-08-06T17:33:12.634+0000] {standard_task_runner.py:91} INFO - Job 1731: Subtask extracta
[2024-08-06T17:33:12.753+0000] {task_command.py:426} INFO - Running <TaskInstance: motower_daily_prod.extracta scheduled__2024-02-17T06:00:00+00:00 [running]> on host 13681191f11c
[2024-08-06T17:33:12.986+0000] {taskinstance.py:2648} INFO - Exporting env vars: AIRFLOW_CTX_DAG_EMAIL='richmond.kongo@orange.com,assane.diop@orange.com,cyrille1.danho@orange.com,mohamed2.sylla@orange.com,amadou.diomande@orange.com,Jonas.kouame@orange.com,armand.kablan@orange.com,anicet.azombade@orange.com,etienne.kouadio@orange.com,bertine.kouakou@orange.com,florentine.kouakou@orange.com,ange.phaceli@orange.com,soulegame.soro@orange.com,innocent.yengo@orange.com' AIRFLOW_CTX_DAG_OWNER='***' AIRFLOW_CTX_DAG_ID='motower_daily_prod' AIRFLOW_CTX_TASK_ID='extracta' AIRFLOW_CTX_EXECUTION_DATE='2024-02-17T06:00:00+00:00' AIRFLOW_CTX_TRY_NUMBER='1' AIRFLOW_CTX_DAG_RUN_ID='scheduled__2024-02-17T06:00:00+00:00'
[2024-08-06T17:33:12.988+0000] {taskinstance.py:430} INFO - ::endgroup::
[2024-08-06T17:33:13.040+0000] {extract.py:126} INFO - Getting data of the table dtm_motower_gsm 
[2024-08-06T17:33:13.041+0000] {extract.py:127} INFO - where date is 2024-02-16
[2024-08-06T17:33:13.041+0000] {extract.py:102} INFO - get data to date 20240216
[2024-08-06T17:33:13.054+0000] {warnings.py:112} WARNING - /opt/***/dags/gps/common/extract.py:103: UserWarning: pandas only supports SQLAlchemy connectable (engine/connection) or database string URI or sqlite3 DBAPI2 connection. Other DBAPI2 objects are not tested. Please consider using SQLAlchemy.
  df_ = pd.read_sql_query(sql_query, conn, params=params)

[2024-08-06T17:33:13.339+0000] {rwminio.py:19} INFO - start to save data
[2024-08-06T17:33:13.493+0000] {rwminio.py:34} INFO - data in minio ok
[2024-08-06T17:33:13.493+0000] {python.py:237} INFO - Done. Returned value was: None
[2024-08-06T17:33:13.494+0000] {taskinstance.py:441} INFO - ::group::Post task execution logs
[2024-08-06T17:33:13.514+0000] {taskinstance.py:1206} INFO - Marking task as SUCCESS. dag_id=motower_daily_prod, task_id=extracta, run_id=scheduled__2024-02-17T06:00:00+00:00, execution_date=20240217T060000, start_date=20240806T173312, end_date=20240806T173313
[2024-08-06T17:33:13.573+0000] {local_task_job_runner.py:243} INFO - Task exited with return code 0
[2024-08-06T17:33:13.587+0000] {local_task_job_runner.py:222} INFO - ::endgroup::
[2024-08-06T18:20:28.407+0000] {local_task_job_runner.py:120} INFO - ::group::Pre task execution logs
[2024-08-06T18:20:28.500+0000] {taskinstance.py:2076} INFO - Dependencies all met for dep_context=non-requeueable deps ti=<TaskInstance: motower_daily_prod.extracta scheduled__2024-02-17T06:00:00+00:00 [queued]>
[2024-08-06T18:20:28.536+0000] {taskinstance.py:2076} INFO - Dependencies all met for dep_context=requeueable deps ti=<TaskInstance: motower_daily_prod.extracta scheduled__2024-02-17T06:00:00+00:00 [queued]>
[2024-08-06T18:20:28.536+0000] {taskinstance.py:2306} INFO - Starting attempt 1 of 1
[2024-08-06T18:20:28.577+0000] {taskinstance.py:2330} INFO - Executing <Task(PythonOperator): extracta> on 2024-02-17 06:00:00+00:00
[2024-08-06T18:20:28.591+0000] {warnings.py:112} WARNING - /home/***/.local/lib/python3.12/site-packages/***/task/task_runner/standard_task_runner.py:62: DeprecationWarning: This process (pid=10344) is multi-threaded, use of fork() may lead to deadlocks in the child.
  pid = os.fork()

[2024-08-06T18:20:28.594+0000] {standard_task_runner.py:64} INFO - Started process 10360 to run task
[2024-08-06T18:20:28.598+0000] {standard_task_runner.py:90} INFO - Running: ['***', 'tasks', 'run', 'motower_daily_prod', 'extracta', 'scheduled__2024-02-17T06:00:00+00:00', '--job-id', '2823', '--raw', '--subdir', 'DAGS_FOLDER/gps/custom_dags/motower_daily.py', '--cfg-path', '/tmp/tmpqkty07o0']
[2024-08-06T18:20:28.602+0000] {standard_task_runner.py:91} INFO - Job 2823: Subtask extracta
[2024-08-06T18:20:28.714+0000] {task_command.py:426} INFO - Running <TaskInstance: motower_daily_prod.extracta scheduled__2024-02-17T06:00:00+00:00 [running]> on host 13681191f11c
[2024-08-06T18:20:29.056+0000] {taskinstance.py:2648} INFO - Exporting env vars: AIRFLOW_CTX_DAG_EMAIL='richmond.kongo@orange.com,assane.diop@orange.com,cyrille1.danho@orange.com,mohamed2.sylla@orange.com,amadou.diomande@orange.com,Jonas.kouame@orange.com,armand.kablan@orange.com,anicet.azombade@orange.com,etienne.kouadio@orange.com,bertine.kouakou@orange.com,florentine.kouakou@orange.com,ange.phaceli@orange.com,soulegame.soro@orange.com,innocent.yengo@orange.com' AIRFLOW_CTX_DAG_OWNER='***' AIRFLOW_CTX_DAG_ID='motower_daily_prod' AIRFLOW_CTX_TASK_ID='extracta' AIRFLOW_CTX_EXECUTION_DATE='2024-02-17T06:00:00+00:00' AIRFLOW_CTX_TRY_NUMBER='1' AIRFLOW_CTX_DAG_RUN_ID='scheduled__2024-02-17T06:00:00+00:00'
[2024-08-06T18:20:29.058+0000] {taskinstance.py:430} INFO - ::endgroup::
[2024-08-06T18:20:29.239+0000] {extract.py:126} INFO - Getting data of the table dtm_motower_gsm 
[2024-08-06T18:20:29.239+0000] {extract.py:127} INFO - where date is 2024-02-16
[2024-08-06T18:20:29.240+0000] {extract.py:102} INFO - get data to date 20240216
[2024-08-06T18:20:29.271+0000] {warnings.py:112} WARNING - /opt/***/dags/gps/common/extract.py:103: UserWarning: pandas only supports SQLAlchemy connectable (engine/connection) or database string URI or sqlite3 DBAPI2 connection. Other DBAPI2 objects are not tested. Please consider using SQLAlchemy.
  df_ = pd.read_sql_query(sql_query, conn, params=params)

[2024-08-06T18:20:29.581+0000] {rwminio.py:19} INFO - start to save data
[2024-08-06T18:20:29.736+0000] {rwminio.py:34} INFO - data in minio ok
[2024-08-06T18:20:29.737+0000] {python.py:237} INFO - Done. Returned value was: None
[2024-08-06T18:20:29.738+0000] {taskinstance.py:441} INFO - ::group::Post task execution logs
[2024-08-06T18:20:29.768+0000] {taskinstance.py:1206} INFO - Marking task as SUCCESS. dag_id=motower_daily_prod, task_id=extracta, run_id=scheduled__2024-02-17T06:00:00+00:00, execution_date=20240217T060000, start_date=20240806T182028, end_date=20240806T182029
[2024-08-06T18:20:29.880+0000] {local_task_job_runner.py:243} INFO - Task exited with return code 0
[2024-08-06T18:20:29.937+0000] {taskinstance.py:3503} INFO - 0 downstream tasks scheduled from follow-on schedule check
[2024-08-06T18:20:29.944+0000] {local_task_job_runner.py:222} INFO - ::endgroup::
