[2024-08-06T17:00:59.359+0000] {local_task_job_runner.py:120} INFO - ::group::Pre task execution logs
[2024-08-06T17:00:59.439+0000] {taskinstance.py:2076} INFO - Dependencies all met for dep_context=non-requeueable deps ti=<TaskInstance: motower_daily_prod.gen_congestion_task scheduled__2024-02-05T06:00:00+00:00 [queued]>
[2024-08-06T17:00:59.483+0000] {taskinstance.py:2076} INFO - Dependencies all met for dep_context=requeueable deps ti=<TaskInstance: motower_daily_prod.gen_congestion_task scheduled__2024-02-05T06:00:00+00:00 [queued]>
[2024-08-06T17:00:59.484+0000] {taskinstance.py:2306} INFO - Starting attempt 1 of 1
[2024-08-06T17:01:00.045+0000] {taskinstance.py:2330} INFO - Executing <Task(PythonOperator): gen_congestion_task> on 2024-02-05 06:00:00+00:00
[2024-08-06T17:01:00.064+0000] {warnings.py:112} WARNING - /home/***/.local/lib/python3.12/site-packages/***/task/task_runner/standard_task_runner.py:62: DeprecationWarning: This process (pid=2045) is multi-threaded, use of fork() may lead to deadlocks in the child.
  pid = os.fork()

[2024-08-06T17:01:00.066+0000] {standard_task_runner.py:64} INFO - Started process 2061 to run task
[2024-08-06T17:01:00.076+0000] {standard_task_runner.py:90} INFO - Running: ['***', 'tasks', 'run', 'motower_daily_prod', 'gen_congestion_task', 'scheduled__2024-02-05T06:00:00+00:00', '--job-id', '370', '--raw', '--subdir', 'DAGS_FOLDER/gps/custom_dags/motower_daily.py', '--cfg-path', '/tmp/tmpps7qjsn4']
[2024-08-06T17:01:00.080+0000] {standard_task_runner.py:91} INFO - Job 370: Subtask gen_congestion_task
[2024-08-06T17:01:00.234+0000] {task_command.py:426} INFO - Running <TaskInstance: motower_daily_prod.gen_congestion_task scheduled__2024-02-05T06:00:00+00:00 [running]> on host 13681191f11c
[2024-08-06T17:01:00.416+0000] {taskinstance.py:2648} INFO - Exporting env vars: AIRFLOW_CTX_DAG_EMAIL='richmond.kongo@orange.com,assane.diop@orange.com,cyrille1.danho@orange.com,mohamed2.sylla@orange.com,amadou.diomande@orange.com,Jonas.kouame@orange.com,armand.kablan@orange.com,anicet.azombade@orange.com,etienne.kouadio@orange.com,bertine.kouakou@orange.com,florentine.kouakou@orange.com,ange.phaceli@orange.com,soulegame.soro@orange.com,innocent.yengo@orange.com' AIRFLOW_CTX_DAG_OWNER='***' AIRFLOW_CTX_DAG_ID='motower_daily_prod' AIRFLOW_CTX_TASK_ID='gen_congestion_task' AIRFLOW_CTX_EXECUTION_DATE='2024-02-05T06:00:00+00:00' AIRFLOW_CTX_TRY_NUMBER='1' AIRFLOW_CTX_DAG_RUN_ID='scheduled__2024-02-05T06:00:00+00:00'
[2024-08-06T17:01:00.418+0000] {taskinstance.py:430} INFO - ::endgroup::
[2024-08-06T17:01:00.939+0000] {python.py:237} INFO - Done. Returned value was: None
[2024-08-06T17:01:00.940+0000] {taskinstance.py:441} INFO - ::group::Post task execution logs
[2024-08-06T17:01:00.952+0000] {taskinstance.py:1206} INFO - Marking task as SUCCESS. dag_id=motower_daily_prod, task_id=gen_congestion_task, run_id=scheduled__2024-02-05T06:00:00+00:00, execution_date=20240205T060000, start_date=20240806T170059, end_date=20240806T170100
[2024-08-06T17:01:01.016+0000] {local_task_job_runner.py:243} INFO - Task exited with return code 0
[2024-08-06T17:01:01.048+0000] {taskinstance.py:3503} INFO - 0 downstream tasks scheduled from follow-on schedule check
[2024-08-06T17:01:01.056+0000] {local_task_job_runner.py:222} INFO - ::endgroup::
[2024-08-06T17:31:19.288+0000] {local_task_job_runner.py:120} INFO - ::group::Pre task execution logs
[2024-08-06T17:31:19.470+0000] {taskinstance.py:2076} INFO - Dependencies all met for dep_context=non-requeueable deps ti=<TaskInstance: motower_daily_prod.gen_congestion_task scheduled__2024-02-05T06:00:00+00:00 [queued]>
[2024-08-06T17:31:19.509+0000] {taskinstance.py:2076} INFO - Dependencies all met for dep_context=requeueable deps ti=<TaskInstance: motower_daily_prod.gen_congestion_task scheduled__2024-02-05T06:00:00+00:00 [queued]>
[2024-08-06T17:31:19.509+0000] {taskinstance.py:2306} INFO - Starting attempt 1 of 1
[2024-08-06T17:31:19.552+0000] {taskinstance.py:2330} INFO - Executing <Task(PythonOperator): gen_congestion_task> on 2024-02-05 06:00:00+00:00
[2024-08-06T17:31:19.577+0000] {warnings.py:112} WARNING - /home/***/.local/lib/python3.12/site-packages/***/task/task_runner/standard_task_runner.py:62: DeprecationWarning: This process (pid=6192) is multi-threaded, use of fork() may lead to deadlocks in the child.
  pid = os.fork()

[2024-08-06T17:31:19.581+0000] {standard_task_runner.py:90} INFO - Running: ['***', 'tasks', 'run', 'motower_daily_prod', 'gen_congestion_task', 'scheduled__2024-02-05T06:00:00+00:00', '--job-id', '1634', '--raw', '--subdir', 'DAGS_FOLDER/gps/custom_dags/motower_daily.py', '--cfg-path', '/tmp/tmpn37wtffh']
[2024-08-06T17:31:19.585+0000] {standard_task_runner.py:64} INFO - Started process 6209 to run task
[2024-08-06T17:31:19.585+0000] {standard_task_runner.py:91} INFO - Job 1634: Subtask gen_congestion_task
[2024-08-06T17:31:19.736+0000] {task_command.py:426} INFO - Running <TaskInstance: motower_daily_prod.gen_congestion_task scheduled__2024-02-05T06:00:00+00:00 [running]> on host 13681191f11c
[2024-08-06T17:31:20.143+0000] {taskinstance.py:2648} INFO - Exporting env vars: AIRFLOW_CTX_DAG_EMAIL='richmond.kongo@orange.com,assane.diop@orange.com,cyrille1.danho@orange.com,mohamed2.sylla@orange.com,amadou.diomande@orange.com,Jonas.kouame@orange.com,armand.kablan@orange.com,anicet.azombade@orange.com,etienne.kouadio@orange.com,bertine.kouakou@orange.com,florentine.kouakou@orange.com,ange.phaceli@orange.com,soulegame.soro@orange.com,innocent.yengo@orange.com' AIRFLOW_CTX_DAG_OWNER='***' AIRFLOW_CTX_DAG_ID='motower_daily_prod' AIRFLOW_CTX_TASK_ID='gen_congestion_task' AIRFLOW_CTX_EXECUTION_DATE='2024-02-05T06:00:00+00:00' AIRFLOW_CTX_TRY_NUMBER='1' AIRFLOW_CTX_DAG_RUN_ID='scheduled__2024-02-05T06:00:00+00:00'
[2024-08-06T17:31:20.151+0000] {taskinstance.py:430} INFO - ::endgroup::
[2024-08-06T17:31:21.030+0000] {python.py:237} INFO - Done. Returned value was: None
[2024-08-06T17:31:21.032+0000] {taskinstance.py:441} INFO - ::group::Post task execution logs
[2024-08-06T17:31:21.050+0000] {taskinstance.py:1206} INFO - Marking task as SUCCESS. dag_id=motower_daily_prod, task_id=gen_congestion_task, run_id=scheduled__2024-02-05T06:00:00+00:00, execution_date=20240205T060000, start_date=20240806T173119, end_date=20240806T173121
[2024-08-06T17:31:21.484+0000] {local_task_job_runner.py:243} INFO - Task exited with return code 0
[2024-08-06T17:31:21.544+0000] {taskinstance.py:3503} INFO - 0 downstream tasks scheduled from follow-on schedule check
[2024-08-06T17:31:21.551+0000] {local_task_job_runner.py:222} INFO - ::endgroup::
[2024-08-06T18:19:22.595+0000] {local_task_job_runner.py:120} INFO - ::group::Pre task execution logs
[2024-08-06T18:19:22.667+0000] {taskinstance.py:2076} INFO - Dependencies all met for dep_context=non-requeueable deps ti=<TaskInstance: motower_daily_prod.gen_congestion_task scheduled__2024-02-05T06:00:00+00:00 [queued]>
[2024-08-06T18:19:22.692+0000] {taskinstance.py:2076} INFO - Dependencies all met for dep_context=requeueable deps ti=<TaskInstance: motower_daily_prod.gen_congestion_task scheduled__2024-02-05T06:00:00+00:00 [queued]>
[2024-08-06T18:19:22.694+0000] {taskinstance.py:2306} INFO - Starting attempt 1 of 1
[2024-08-06T18:19:22.733+0000] {taskinstance.py:2330} INFO - Executing <Task(PythonOperator): gen_congestion_task> on 2024-02-05 06:00:00+00:00
[2024-08-06T18:19:22.753+0000] {warnings.py:112} WARNING - /home/***/.local/lib/python3.12/site-packages/***/task/task_runner/standard_task_runner.py:62: DeprecationWarning: This process (pid=10067) is multi-threaded, use of fork() may lead to deadlocks in the child.
  pid = os.fork()

[2024-08-06T18:19:22.752+0000] {standard_task_runner.py:90} INFO - Running: ['***', 'tasks', 'run', 'motower_daily_prod', 'gen_congestion_task', 'scheduled__2024-02-05T06:00:00+00:00', '--job-id', '2734', '--raw', '--subdir', 'DAGS_FOLDER/gps/custom_dags/motower_daily.py', '--cfg-path', '/tmp/tmpuqsug2n3']
[2024-08-06T18:19:22.756+0000] {standard_task_runner.py:91} INFO - Job 2734: Subtask gen_congestion_task
[2024-08-06T18:19:22.755+0000] {standard_task_runner.py:64} INFO - Started process 10080 to run task
[2024-08-06T18:19:22.860+0000] {task_command.py:426} INFO - Running <TaskInstance: motower_daily_prod.gen_congestion_task scheduled__2024-02-05T06:00:00+00:00 [running]> on host 13681191f11c
[2024-08-06T18:19:23.259+0000] {taskinstance.py:2648} INFO - Exporting env vars: AIRFLOW_CTX_DAG_EMAIL='richmond.kongo@orange.com,assane.diop@orange.com,cyrille1.danho@orange.com,mohamed2.sylla@orange.com,amadou.diomande@orange.com,Jonas.kouame@orange.com,armand.kablan@orange.com,anicet.azombade@orange.com,etienne.kouadio@orange.com,bertine.kouakou@orange.com,florentine.kouakou@orange.com,ange.phaceli@orange.com,soulegame.soro@orange.com,innocent.yengo@orange.com' AIRFLOW_CTX_DAG_OWNER='***' AIRFLOW_CTX_DAG_ID='motower_daily_prod' AIRFLOW_CTX_TASK_ID='gen_congestion_task' AIRFLOW_CTX_EXECUTION_DATE='2024-02-05T06:00:00+00:00' AIRFLOW_CTX_TRY_NUMBER='1' AIRFLOW_CTX_DAG_RUN_ID='scheduled__2024-02-05T06:00:00+00:00'
[2024-08-06T18:19:23.261+0000] {taskinstance.py:430} INFO - ::endgroup::
[2024-08-06T18:19:24.105+0000] {python.py:237} INFO - Done. Returned value was: None
[2024-08-06T18:19:24.106+0000] {taskinstance.py:441} INFO - ::group::Post task execution logs
[2024-08-06T18:19:24.123+0000] {taskinstance.py:1206} INFO - Marking task as SUCCESS. dag_id=motower_daily_prod, task_id=gen_congestion_task, run_id=scheduled__2024-02-05T06:00:00+00:00, execution_date=20240205T060000, start_date=20240806T181922, end_date=20240806T181924
[2024-08-06T18:19:24.293+0000] {local_task_job_runner.py:243} INFO - Task exited with return code 0
[2024-08-06T18:19:24.326+0000] {taskinstance.py:3503} INFO - 0 downstream tasks scheduled from follow-on schedule check
[2024-08-06T18:19:24.330+0000] {local_task_job_runner.py:222} INFO - ::endgroup::
