[2024-08-06T17:09:03.859+0000] {local_task_job_runner.py:120} INFO - ::group::Pre task execution logs
[2024-08-06T17:09:03.926+0000] {taskinstance.py:2076} INFO - Dependencies all met for dep_context=non-requeueable deps ti=<TaskInstance: motower_daily_prod.extract_congestion scheduled__2024-04-06T06:00:00+00:00 [queued]>
[2024-08-06T17:09:03.950+0000] {taskinstance.py:2076} INFO - Dependencies all met for dep_context=requeueable deps ti=<TaskInstance: motower_daily_prod.extract_congestion scheduled__2024-04-06T06:00:00+00:00 [queued]>
[2024-08-06T17:09:03.950+0000] {taskinstance.py:2306} INFO - Starting attempt 1 of 1
[2024-08-06T17:09:03.974+0000] {taskinstance.py:2330} INFO - Executing <Task(PythonOperator): extract_congestion> on 2024-04-06 06:00:00+00:00
[2024-08-06T17:09:03.989+0000] {warnings.py:112} WARNING - /home/***/.local/lib/python3.12/site-packages/***/task/task_runner/standard_task_runner.py:62: DeprecationWarning: This process (pid=3726) is multi-threaded, use of fork() may lead to deadlocks in the child.
  pid = os.fork()

[2024-08-06T17:09:03.990+0000] {standard_task_runner.py:64} INFO - Started process 3736 to run task
[2024-08-06T17:09:03.991+0000] {standard_task_runner.py:90} INFO - Running: ['***', 'tasks', 'run', 'motower_daily_prod', 'extract_congestion', 'scheduled__2024-04-06T06:00:00+00:00', '--job-id', '902', '--raw', '--subdir', 'DAGS_FOLDER/gps/custom_dags/motower_daily.py', '--cfg-path', '/tmp/tmpflyjxgrb']
[2024-08-06T17:09:03.995+0000] {standard_task_runner.py:91} INFO - Job 902: Subtask extract_congestion
[2024-08-06T17:09:04.070+0000] {task_command.py:426} INFO - Running <TaskInstance: motower_daily_prod.extract_congestion scheduled__2024-04-06T06:00:00+00:00 [running]> on host 13681191f11c
[2024-08-06T17:09:04.309+0000] {taskinstance.py:2648} INFO - Exporting env vars: AIRFLOW_CTX_DAG_EMAIL='richmond.kongo@orange.com,assane.diop@orange.com,cyrille1.danho@orange.com,mohamed2.sylla@orange.com,amadou.diomande@orange.com,Jonas.kouame@orange.com,armand.kablan@orange.com,anicet.azombade@orange.com,etienne.kouadio@orange.com,bertine.kouakou@orange.com,florentine.kouakou@orange.com,ange.phaceli@orange.com,soulegame.soro@orange.com,innocent.yengo@orange.com' AIRFLOW_CTX_DAG_OWNER='***' AIRFLOW_CTX_DAG_ID='motower_daily_prod' AIRFLOW_CTX_TASK_ID='extract_congestion' AIRFLOW_CTX_EXECUTION_DATE='2024-04-06T06:00:00+00:00' AIRFLOW_CTX_TRY_NUMBER='1' AIRFLOW_CTX_DAG_RUN_ID='scheduled__2024-04-06T06:00:00+00:00'
[2024-08-06T17:09:04.311+0000] {taskinstance.py:430} INFO - ::endgroup::
[2024-08-06T17:09:04.345+0000] {extract.py:126} INFO - Getting data of the table ks_hebdo_tdb_radio_drsi 
[2024-08-06T17:09:04.346+0000] {extract.py:127} INFO - where date is 2024-04-05
[2024-08-06T17:09:04.346+0000] {extract.py:98} INFO - get data to date 14 and year 2024
[2024-08-06T17:09:04.358+0000] {warnings.py:112} WARNING - /opt/***/dags/gps/common/extract.py:99: UserWarning: pandas only supports SQLAlchemy connectable (engine/connection) or database string URI or sqlite3 DBAPI2 connection. Other DBAPI2 objects are not tested. Please consider using SQLAlchemy.
  df_ = pd.read_sql_query(sql_query, conn, params=params)

[2024-08-06T17:09:04.607+0000] {rwminio.py:19} INFO - start to save data
[2024-08-06T17:09:04.800+0000] {rwminio.py:34} INFO - data in minio ok
[2024-08-06T17:09:04.805+0000] {python.py:237} INFO - Done. Returned value was: None
[2024-08-06T17:09:04.806+0000] {taskinstance.py:441} INFO - ::group::Post task execution logs
[2024-08-06T17:09:04.821+0000] {taskinstance.py:1206} INFO - Marking task as SUCCESS. dag_id=motower_daily_prod, task_id=extract_congestion, run_id=scheduled__2024-04-06T06:00:00+00:00, execution_date=20240406T060000, start_date=20240806T170903, end_date=20240806T170904
[2024-08-06T17:09:04.868+0000] {local_task_job_runner.py:243} INFO - Task exited with return code 0
[2024-08-06T17:09:04.881+0000] {local_task_job_runner.py:222} INFO - ::endgroup::
[2024-08-06T17:39:38.026+0000] {local_task_job_runner.py:120} INFO - ::group::Pre task execution logs
[2024-08-06T17:39:38.142+0000] {taskinstance.py:2076} INFO - Dependencies all met for dep_context=non-requeueable deps ti=<TaskInstance: motower_daily_prod.extract_congestion scheduled__2024-04-06T06:00:00+00:00 [queued]>
[2024-08-06T17:39:38.174+0000] {taskinstance.py:2076} INFO - Dependencies all met for dep_context=requeueable deps ti=<TaskInstance: motower_daily_prod.extract_congestion scheduled__2024-04-06T06:00:00+00:00 [queued]>
[2024-08-06T17:39:38.176+0000] {taskinstance.py:2306} INFO - Starting attempt 1 of 1
[2024-08-06T17:39:38.219+0000] {taskinstance.py:2330} INFO - Executing <Task(PythonOperator): extract_congestion> on 2024-04-06 06:00:00+00:00
[2024-08-06T17:39:38.245+0000] {warnings.py:112} WARNING - /home/***/.local/lib/python3.12/site-packages/***/task/task_runner/standard_task_runner.py:62: DeprecationWarning: This process (pid=7876) is multi-threaded, use of fork() may lead to deadlocks in the child.
  pid = os.fork()

[2024-08-06T17:39:38.249+0000] {standard_task_runner.py:64} INFO - Started process 7897 to run task
[2024-08-06T17:39:38.258+0000] {standard_task_runner.py:90} INFO - Running: ['***', 'tasks', 'run', 'motower_daily_prod', 'extract_congestion', 'scheduled__2024-04-06T06:00:00+00:00', '--job-id', '2169', '--raw', '--subdir', 'DAGS_FOLDER/gps/custom_dags/motower_daily.py', '--cfg-path', '/tmp/tmpptyiopz_']
[2024-08-06T17:39:38.263+0000] {standard_task_runner.py:91} INFO - Job 2169: Subtask extract_congestion
[2024-08-06T17:39:38.433+0000] {task_command.py:426} INFO - Running <TaskInstance: motower_daily_prod.extract_congestion scheduled__2024-04-06T06:00:00+00:00 [running]> on host 13681191f11c
[2024-08-06T17:39:38.843+0000] {taskinstance.py:2648} INFO - Exporting env vars: AIRFLOW_CTX_DAG_EMAIL='richmond.kongo@orange.com,assane.diop@orange.com,cyrille1.danho@orange.com,mohamed2.sylla@orange.com,amadou.diomande@orange.com,Jonas.kouame@orange.com,armand.kablan@orange.com,anicet.azombade@orange.com,etienne.kouadio@orange.com,bertine.kouakou@orange.com,florentine.kouakou@orange.com,ange.phaceli@orange.com,soulegame.soro@orange.com,innocent.yengo@orange.com' AIRFLOW_CTX_DAG_OWNER='***' AIRFLOW_CTX_DAG_ID='motower_daily_prod' AIRFLOW_CTX_TASK_ID='extract_congestion' AIRFLOW_CTX_EXECUTION_DATE='2024-04-06T06:00:00+00:00' AIRFLOW_CTX_TRY_NUMBER='1' AIRFLOW_CTX_DAG_RUN_ID='scheduled__2024-04-06T06:00:00+00:00'
[2024-08-06T17:39:38.845+0000] {taskinstance.py:430} INFO - ::endgroup::
[2024-08-06T17:39:38.948+0000] {extract.py:126} INFO - Getting data of the table ks_hebdo_tdb_radio_drsi 
[2024-08-06T17:39:38.949+0000] {extract.py:127} INFO - where date is 2024-04-05
[2024-08-06T17:39:38.949+0000] {extract.py:98} INFO - get data to date 14 and year 2024
[2024-08-06T17:39:38.962+0000] {warnings.py:112} WARNING - /opt/***/dags/gps/common/extract.py:99: UserWarning: pandas only supports SQLAlchemy connectable (engine/connection) or database string URI or sqlite3 DBAPI2 connection. Other DBAPI2 objects are not tested. Please consider using SQLAlchemy.
  df_ = pd.read_sql_query(sql_query, conn, params=params)

[2024-08-06T17:39:39.334+0000] {rwminio.py:19} INFO - start to save data
[2024-08-06T17:39:39.582+0000] {rwminio.py:34} INFO - data in minio ok
[2024-08-06T17:39:39.589+0000] {python.py:237} INFO - Done. Returned value was: None
[2024-08-06T17:39:39.590+0000] {taskinstance.py:441} INFO - ::group::Post task execution logs
[2024-08-06T17:39:39.609+0000] {taskinstance.py:1206} INFO - Marking task as SUCCESS. dag_id=motower_daily_prod, task_id=extract_congestion, run_id=scheduled__2024-04-06T06:00:00+00:00, execution_date=20240406T060000, start_date=20240806T173938, end_date=20240806T173939
[2024-08-06T17:39:39.762+0000] {local_task_job_runner.py:243} INFO - Task exited with return code 0
[2024-08-06T17:39:39.809+0000] {local_task_job_runner.py:222} INFO - ::endgroup::
