[2024-07-24T23:28:19.538+0000] {local_task_job_runner.py:120} INFO - ::group::Pre task execution logs
[2024-07-24T23:28:19.731+0000] {taskinstance.py:2076} INFO - Dependencies all met for dep_context=non-requeueable deps ti=<TaskInstance: motower_daily_prod.gen_congestion_task scheduled__2024-06-18T06:00:00+00:00 [queued]>
[2024-07-24T23:28:19.740+0000] {taskinstance.py:2076} INFO - Dependencies all met for dep_context=requeueable deps ti=<TaskInstance: motower_daily_prod.gen_congestion_task scheduled__2024-06-18T06:00:00+00:00 [queued]>
[2024-07-24T23:28:19.740+0000] {taskinstance.py:2306} INFO - Starting attempt 1 of 1
[2024-07-24T23:28:19.750+0000] {taskinstance.py:2330} INFO - Executing <Task(PythonOperator): gen_congestion_task> on 2024-06-18 06:00:00+00:00
[2024-07-24T23:28:19.759+0000] {warnings.py:112} WARNING - /home/***/.local/lib/python3.12/site-packages/***/task/task_runner/standard_task_runner.py:62: DeprecationWarning: This process (pid=1784) is multi-threaded, use of fork() may lead to deadlocks in the child.
  pid = os.fork()

[2024-07-24T23:28:19.760+0000] {standard_task_runner.py:64} INFO - Started process 1787 to run task
[2024-07-24T23:28:19.761+0000] {standard_task_runner.py:90} INFO - Running: ['***', 'tasks', 'run', 'motower_daily_prod', 'gen_congestion_task', 'scheduled__2024-06-18T06:00:00+00:00', '--job-id', '660', '--raw', '--subdir', 'DAGS_FOLDER/gps/custom_dags/motower_daily.py', '--cfg-path', '/tmp/tmple1gpw51']
[2024-07-24T23:28:19.762+0000] {standard_task_runner.py:91} INFO - Job 660: Subtask gen_congestion_task
[2024-07-24T23:28:19.802+0000] {task_command.py:426} INFO - Running <TaskInstance: motower_daily_prod.gen_congestion_task scheduled__2024-06-18T06:00:00+00:00 [running]> on host b3845fb494d4
[2024-07-24T23:28:19.879+0000] {taskinstance.py:2648} INFO - Exporting env vars: AIRFLOW_CTX_DAG_EMAIL='richmond.kongo@orange.com,assane.diop@orange.com,cyrille1.danho@orange.com,mohamed2.sylla@orange.com,amadou.diomande@orange.com,Jonas.kouame@orange.com,armand.kablan@orange.com,anicet.azombade@orange.com,etienne.kouadio@orange.com,bertine.kouakou@orange.com,florentine.kouakou@orange.com,ange.phaceli@orange.com,soulegame.soro@orange.com,innocent.yengo@orange.com' AIRFLOW_CTX_DAG_OWNER='***' AIRFLOW_CTX_DAG_ID='motower_daily_prod' AIRFLOW_CTX_TASK_ID='gen_congestion_task' AIRFLOW_CTX_EXECUTION_DATE='2024-06-18T06:00:00+00:00' AIRFLOW_CTX_TRY_NUMBER='1' AIRFLOW_CTX_DAG_RUN_ID='scheduled__2024-06-18T06:00:00+00:00'
[2024-07-24T23:28:19.880+0000] {taskinstance.py:430} INFO - ::endgroup::
[2024-07-24T23:28:19.939+0000] {python.py:237} INFO - Done. Returned value was: None
[2024-07-24T23:28:19.941+0000] {taskinstance.py:441} INFO - ::group::Post task execution logs
[2024-07-24T23:28:19.949+0000] {taskinstance.py:1206} INFO - Marking task as SUCCESS. dag_id=motower_daily_prod, task_id=gen_congestion_task, run_id=scheduled__2024-06-18T06:00:00+00:00, execution_date=20240618T060000, start_date=20240724T232819, end_date=20240724T232819
[2024-07-24T23:28:19.973+0000] {local_task_job_runner.py:243} INFO - Task exited with return code 0
[2024-07-24T23:28:19.990+0000] {taskinstance.py:3503} INFO - 0 downstream tasks scheduled from follow-on schedule check
[2024-07-24T23:28:19.991+0000] {local_task_job_runner.py:222} INFO - ::endgroup::
[2024-07-25T08:33:17.519+0000] {local_task_job_runner.py:120} INFO - ::group::Pre task execution logs
[2024-07-25T08:33:17.553+0000] {taskinstance.py:2076} INFO - Dependencies all met for dep_context=non-requeueable deps ti=<TaskInstance: motower_daily_prod.gen_congestion_task scheduled__2024-06-18T06:00:00+00:00 [queued]>
[2024-07-25T08:33:17.565+0000] {taskinstance.py:2076} INFO - Dependencies all met for dep_context=requeueable deps ti=<TaskInstance: motower_daily_prod.gen_congestion_task scheduled__2024-06-18T06:00:00+00:00 [queued]>
[2024-07-25T08:33:17.565+0000] {taskinstance.py:2306} INFO - Starting attempt 1 of 1
[2024-07-25T08:33:17.580+0000] {taskinstance.py:2330} INFO - Executing <Task(PythonOperator): gen_congestion_task> on 2024-06-18 06:00:00+00:00
[2024-07-25T08:33:17.593+0000] {warnings.py:112} WARNING - /home/***/.local/lib/python3.12/site-packages/***/task/task_runner/standard_task_runner.py:62: DeprecationWarning: This process (pid=2367) is multi-threaded, use of fork() may lead to deadlocks in the child.
  pid = os.fork()

[2024-07-25T08:33:17.594+0000] {standard_task_runner.py:64} INFO - Started process 2383 to run task
[2024-07-25T08:33:17.594+0000] {standard_task_runner.py:90} INFO - Running: ['***', 'tasks', 'run', 'motower_daily_prod', 'gen_congestion_task', 'scheduled__2024-06-18T06:00:00+00:00', '--job-id', '825', '--raw', '--subdir', 'DAGS_FOLDER/gps/custom_dags/motower_daily.py', '--cfg-path', '/tmp/tmp5_bgenc4']
[2024-07-25T08:33:17.596+0000] {standard_task_runner.py:91} INFO - Job 825: Subtask gen_congestion_task
[2024-07-25T08:33:17.642+0000] {task_command.py:426} INFO - Running <TaskInstance: motower_daily_prod.gen_congestion_task scheduled__2024-06-18T06:00:00+00:00 [running]> on host b3845fb494d4
[2024-07-25T08:33:17.738+0000] {taskinstance.py:2648} INFO - Exporting env vars: AIRFLOW_CTX_DAG_EMAIL='richmond.kongo@orange.com,assane.diop@orange.com,cyrille1.danho@orange.com,mohamed2.sylla@orange.com,amadou.diomande@orange.com,Jonas.kouame@orange.com,armand.kablan@orange.com,anicet.azombade@orange.com,etienne.kouadio@orange.com,bertine.kouakou@orange.com,florentine.kouakou@orange.com,ange.phaceli@orange.com,soulegame.soro@orange.com,innocent.yengo@orange.com' AIRFLOW_CTX_DAG_OWNER='***' AIRFLOW_CTX_DAG_ID='motower_daily_prod' AIRFLOW_CTX_TASK_ID='gen_congestion_task' AIRFLOW_CTX_EXECUTION_DATE='2024-06-18T06:00:00+00:00' AIRFLOW_CTX_TRY_NUMBER='1' AIRFLOW_CTX_DAG_RUN_ID='scheduled__2024-06-18T06:00:00+00:00'
[2024-07-25T08:33:17.739+0000] {taskinstance.py:430} INFO - ::endgroup::
[2024-07-25T08:33:17.812+0000] {python.py:237} INFO - Done. Returned value was: None
[2024-07-25T08:33:17.813+0000] {taskinstance.py:441} INFO - ::group::Post task execution logs
[2024-07-25T08:33:17.825+0000] {taskinstance.py:1206} INFO - Marking task as SUCCESS. dag_id=motower_daily_prod, task_id=gen_congestion_task, run_id=scheduled__2024-06-18T06:00:00+00:00, execution_date=20240618T060000, start_date=20240725T083317, end_date=20240725T083317
[2024-07-25T08:33:17.888+0000] {local_task_job_runner.py:243} INFO - Task exited with return code 0
[2024-07-25T08:33:17.897+0000] {local_task_job_runner.py:222} INFO - ::endgroup::
[2024-07-25T10:37:19.729+0000] {local_task_job_runner.py:120} INFO - ::group::Pre task execution logs
[2024-07-25T10:37:19.770+0000] {taskinstance.py:2076} INFO - Dependencies all met for dep_context=non-requeueable deps ti=<TaskInstance: motower_daily_prod.gen_congestion_task scheduled__2024-06-18T06:00:00+00:00 [queued]>
[2024-07-25T10:37:19.784+0000] {taskinstance.py:2076} INFO - Dependencies all met for dep_context=requeueable deps ti=<TaskInstance: motower_daily_prod.gen_congestion_task scheduled__2024-06-18T06:00:00+00:00 [queued]>
[2024-07-25T10:37:19.785+0000] {taskinstance.py:2306} INFO - Starting attempt 1 of 1
[2024-07-25T10:37:19.806+0000] {taskinstance.py:2330} INFO - Executing <Task(PythonOperator): gen_congestion_task> on 2024-06-18 06:00:00+00:00
[2024-07-25T10:37:19.825+0000] {warnings.py:112} WARNING - /home/***/.local/lib/python3.12/site-packages/***/task/task_runner/standard_task_runner.py:62: DeprecationWarning: This process (pid=5517) is multi-threaded, use of fork() may lead to deadlocks in the child.
  pid = os.fork()

[2024-07-25T10:37:19.827+0000] {standard_task_runner.py:64} INFO - Started process 5527 to run task
[2024-07-25T10:37:19.832+0000] {standard_task_runner.py:90} INFO - Running: ['***', 'tasks', 'run', 'motower_daily_prod', 'gen_congestion_task', 'scheduled__2024-06-18T06:00:00+00:00', '--job-id', '1335', '--raw', '--subdir', 'DAGS_FOLDER/gps/custom_dags/motower_daily.py', '--cfg-path', '/tmp/tmpers33pm7']
[2024-07-25T10:37:19.835+0000] {standard_task_runner.py:91} INFO - Job 1335: Subtask gen_congestion_task
[2024-07-25T10:37:19.902+0000] {task_command.py:426} INFO - Running <TaskInstance: motower_daily_prod.gen_congestion_task scheduled__2024-06-18T06:00:00+00:00 [running]> on host b3845fb494d4
[2024-07-25T10:37:20.011+0000] {taskinstance.py:2648} INFO - Exporting env vars: AIRFLOW_CTX_DAG_EMAIL='richmond.kongo@orange.com,assane.diop@orange.com,cyrille1.danho@orange.com,mohamed2.sylla@orange.com,amadou.diomande@orange.com,Jonas.kouame@orange.com,armand.kablan@orange.com,anicet.azombade@orange.com,etienne.kouadio@orange.com,bertine.kouakou@orange.com,florentine.kouakou@orange.com,ange.phaceli@orange.com,soulegame.soro@orange.com,innocent.yengo@orange.com' AIRFLOW_CTX_DAG_OWNER='***' AIRFLOW_CTX_DAG_ID='motower_daily_prod' AIRFLOW_CTX_TASK_ID='gen_congestion_task' AIRFLOW_CTX_EXECUTION_DATE='2024-06-18T06:00:00+00:00' AIRFLOW_CTX_TRY_NUMBER='1' AIRFLOW_CTX_DAG_RUN_ID='scheduled__2024-06-18T06:00:00+00:00'
[2024-07-25T10:37:20.013+0000] {taskinstance.py:430} INFO - ::endgroup::
[2024-07-25T10:37:20.116+0000] {python.py:237} INFO - Done. Returned value was: None
[2024-07-25T10:37:20.117+0000] {taskinstance.py:441} INFO - ::group::Post task execution logs
[2024-07-25T10:37:20.128+0000] {taskinstance.py:1206} INFO - Marking task as SUCCESS. dag_id=motower_daily_prod, task_id=gen_congestion_task, run_id=scheduled__2024-06-18T06:00:00+00:00, execution_date=20240618T060000, start_date=20240725T103719, end_date=20240725T103720
[2024-07-25T10:37:20.178+0000] {local_task_job_runner.py:243} INFO - Task exited with return code 0
[2024-07-25T10:37:20.198+0000] {taskinstance.py:3503} INFO - 0 downstream tasks scheduled from follow-on schedule check
[2024-07-25T10:37:20.199+0000] {local_task_job_runner.py:222} INFO - ::endgroup::
[2024-07-25T11:59:27.189+0000] {local_task_job_runner.py:120} INFO - ::group::Pre task execution logs
[2024-07-25T11:59:27.225+0000] {taskinstance.py:2076} INFO - Dependencies all met for dep_context=non-requeueable deps ti=<TaskInstance: motower_daily_prod.gen_congestion_task scheduled__2024-06-18T06:00:00+00:00 [queued]>
[2024-07-25T11:59:27.238+0000] {taskinstance.py:2076} INFO - Dependencies all met for dep_context=requeueable deps ti=<TaskInstance: motower_daily_prod.gen_congestion_task scheduled__2024-06-18T06:00:00+00:00 [queued]>
[2024-07-25T11:59:27.238+0000] {taskinstance.py:2306} INFO - Starting attempt 1 of 1
[2024-07-25T11:59:27.255+0000] {taskinstance.py:2330} INFO - Executing <Task(PythonOperator): gen_congestion_task> on 2024-06-18 06:00:00+00:00
[2024-07-25T11:59:27.269+0000] {warnings.py:112} WARNING - /home/***/.local/lib/python3.12/site-packages/***/task/task_runner/standard_task_runner.py:62: DeprecationWarning: This process (pid=7797) is multi-threaded, use of fork() may lead to deadlocks in the child.
  pid = os.fork()

[2024-07-25T11:59:27.271+0000] {standard_task_runner.py:64} INFO - Started process 7803 to run task
[2024-07-25T11:59:27.271+0000] {standard_task_runner.py:90} INFO - Running: ['***', 'tasks', 'run', 'motower_daily_prod', 'gen_congestion_task', 'scheduled__2024-06-18T06:00:00+00:00', '--job-id', '1742', '--raw', '--subdir', 'DAGS_FOLDER/gps/custom_dags/motower_daily.py', '--cfg-path', '/tmp/tmpkcoi35bu']
[2024-07-25T11:59:27.273+0000] {standard_task_runner.py:91} INFO - Job 1742: Subtask gen_congestion_task
[2024-07-25T11:59:27.325+0000] {task_command.py:426} INFO - Running <TaskInstance: motower_daily_prod.gen_congestion_task scheduled__2024-06-18T06:00:00+00:00 [running]> on host b3845fb494d4
[2024-07-25T11:59:27.420+0000] {taskinstance.py:2648} INFO - Exporting env vars: AIRFLOW_CTX_DAG_EMAIL='richmond.kongo@orange.com,assane.diop@orange.com,cyrille1.danho@orange.com,mohamed2.sylla@orange.com,amadou.diomande@orange.com,Jonas.kouame@orange.com,armand.kablan@orange.com,anicet.azombade@orange.com,etienne.kouadio@orange.com,bertine.kouakou@orange.com,florentine.kouakou@orange.com,ange.phaceli@orange.com,soulegame.soro@orange.com,innocent.yengo@orange.com' AIRFLOW_CTX_DAG_OWNER='***' AIRFLOW_CTX_DAG_ID='motower_daily_prod' AIRFLOW_CTX_TASK_ID='gen_congestion_task' AIRFLOW_CTX_EXECUTION_DATE='2024-06-18T06:00:00+00:00' AIRFLOW_CTX_TRY_NUMBER='1' AIRFLOW_CTX_DAG_RUN_ID='scheduled__2024-06-18T06:00:00+00:00'
[2024-07-25T11:59:27.421+0000] {taskinstance.py:430} INFO - ::endgroup::
[2024-07-25T11:59:27.484+0000] {python.py:237} INFO - Done. Returned value was: None
[2024-07-25T11:59:27.484+0000] {taskinstance.py:441} INFO - ::group::Post task execution logs
[2024-07-25T11:59:27.494+0000] {taskinstance.py:1206} INFO - Marking task as SUCCESS. dag_id=motower_daily_prod, task_id=gen_congestion_task, run_id=scheduled__2024-06-18T06:00:00+00:00, execution_date=20240618T060000, start_date=20240725T115927, end_date=20240725T115927
[2024-07-25T11:59:27.525+0000] {local_task_job_runner.py:243} INFO - Task exited with return code 0
[2024-07-25T11:59:27.543+0000] {taskinstance.py:3503} INFO - 0 downstream tasks scheduled from follow-on schedule check
[2024-07-25T11:59:27.545+0000] {local_task_job_runner.py:222} INFO - ::endgroup::
[2024-07-25T12:13:27.467+0000] {local_task_job_runner.py:120} INFO - ::group::Pre task execution logs
[2024-07-25T12:13:27.495+0000] {taskinstance.py:2076} INFO - Dependencies all met for dep_context=non-requeueable deps ti=<TaskInstance: motower_daily_prod.gen_congestion_task scheduled__2024-06-18T06:00:00+00:00 [queued]>
[2024-07-25T12:13:27.506+0000] {taskinstance.py:2076} INFO - Dependencies all met for dep_context=requeueable deps ti=<TaskInstance: motower_daily_prod.gen_congestion_task scheduled__2024-06-18T06:00:00+00:00 [queued]>
[2024-07-25T12:13:27.506+0000] {taskinstance.py:2306} INFO - Starting attempt 1 of 1
[2024-07-25T12:13:27.519+0000] {taskinstance.py:2330} INFO - Executing <Task(PythonOperator): gen_congestion_task> on 2024-06-18 06:00:00+00:00
[2024-07-25T12:13:27.534+0000] {warnings.py:112} WARNING - /home/***/.local/lib/python3.12/site-packages/***/task/task_runner/standard_task_runner.py:62: DeprecationWarning: This process (pid=8423) is multi-threaded, use of fork() may lead to deadlocks in the child.
  pid = os.fork()

[2024-07-25T12:13:27.535+0000] {standard_task_runner.py:64} INFO - Started process 8427 to run task
[2024-07-25T12:13:27.535+0000] {standard_task_runner.py:90} INFO - Running: ['***', 'tasks', 'run', 'motower_daily_prod', 'gen_congestion_task', 'scheduled__2024-06-18T06:00:00+00:00', '--job-id', '1888', '--raw', '--subdir', 'DAGS_FOLDER/gps/custom_dags/motower_daily.py', '--cfg-path', '/tmp/tmpjjxjqlhx']
[2024-07-25T12:13:27.537+0000] {standard_task_runner.py:91} INFO - Job 1888: Subtask gen_congestion_task
[2024-07-25T12:13:27.585+0000] {task_command.py:426} INFO - Running <TaskInstance: motower_daily_prod.gen_congestion_task scheduled__2024-06-18T06:00:00+00:00 [running]> on host b3845fb494d4
[2024-07-25T12:13:27.688+0000] {taskinstance.py:2648} INFO - Exporting env vars: AIRFLOW_CTX_DAG_EMAIL='richmond.kongo@orange.com,assane.diop@orange.com,cyrille1.danho@orange.com,mohamed2.sylla@orange.com,amadou.diomande@orange.com,Jonas.kouame@orange.com,armand.kablan@orange.com,anicet.azombade@orange.com,etienne.kouadio@orange.com,bertine.kouakou@orange.com,florentine.kouakou@orange.com,ange.phaceli@orange.com,soulegame.soro@orange.com,innocent.yengo@orange.com' AIRFLOW_CTX_DAG_OWNER='***' AIRFLOW_CTX_DAG_ID='motower_daily_prod' AIRFLOW_CTX_TASK_ID='gen_congestion_task' AIRFLOW_CTX_EXECUTION_DATE='2024-06-18T06:00:00+00:00' AIRFLOW_CTX_TRY_NUMBER='1' AIRFLOW_CTX_DAG_RUN_ID='scheduled__2024-06-18T06:00:00+00:00'
[2024-07-25T12:13:27.689+0000] {taskinstance.py:430} INFO - ::endgroup::
[2024-07-25T12:13:27.761+0000] {python.py:237} INFO - Done. Returned value was: None
[2024-07-25T12:13:27.762+0000] {taskinstance.py:441} INFO - ::group::Post task execution logs
[2024-07-25T12:13:27.772+0000] {taskinstance.py:1206} INFO - Marking task as SUCCESS. dag_id=motower_daily_prod, task_id=gen_congestion_task, run_id=scheduled__2024-06-18T06:00:00+00:00, execution_date=20240618T060000, start_date=20240725T121327, end_date=20240725T121327
[2024-07-25T12:13:27.829+0000] {local_task_job_runner.py:243} INFO - Task exited with return code 0
[2024-07-25T12:13:27.844+0000] {taskinstance.py:3503} INFO - 0 downstream tasks scheduled from follow-on schedule check
[2024-07-25T12:13:27.846+0000] {local_task_job_runner.py:222} INFO - ::endgroup::
[2024-07-25T12:24:23.165+0000] {local_task_job_runner.py:120} INFO - ::group::Pre task execution logs
[2024-07-25T12:24:23.190+0000] {taskinstance.py:2076} INFO - Dependencies all met for dep_context=non-requeueable deps ti=<TaskInstance: motower_daily_prod.gen_congestion_task scheduled__2024-06-18T06:00:00+00:00 [queued]>
[2024-07-25T12:24:23.201+0000] {taskinstance.py:2076} INFO - Dependencies all met for dep_context=requeueable deps ti=<TaskInstance: motower_daily_prod.gen_congestion_task scheduled__2024-06-18T06:00:00+00:00 [queued]>
[2024-07-25T12:24:23.202+0000] {taskinstance.py:2306} INFO - Starting attempt 1 of 1
[2024-07-25T12:24:23.218+0000] {taskinstance.py:2330} INFO - Executing <Task(PythonOperator): gen_congestion_task> on 2024-06-18 06:00:00+00:00
[2024-07-25T12:24:23.229+0000] {warnings.py:112} WARNING - /home/***/.local/lib/python3.12/site-packages/***/task/task_runner/standard_task_runner.py:62: DeprecationWarning: This process (pid=9010) is multi-threaded, use of fork() may lead to deadlocks in the child.
  pid = os.fork()

[2024-07-25T12:24:23.231+0000] {standard_task_runner.py:64} INFO - Started process 9015 to run task
[2024-07-25T12:24:23.231+0000] {standard_task_runner.py:90} INFO - Running: ['***', 'tasks', 'run', 'motower_daily_prod', 'gen_congestion_task', 'scheduled__2024-06-18T06:00:00+00:00', '--job-id', '2038', '--raw', '--subdir', 'DAGS_FOLDER/gps/custom_dags/motower_daily.py', '--cfg-path', '/tmp/tmpm_z7maqv']
[2024-07-25T12:24:23.233+0000] {standard_task_runner.py:91} INFO - Job 2038: Subtask gen_congestion_task
[2024-07-25T12:24:23.281+0000] {task_command.py:426} INFO - Running <TaskInstance: motower_daily_prod.gen_congestion_task scheduled__2024-06-18T06:00:00+00:00 [running]> on host b3845fb494d4
[2024-07-25T12:24:23.404+0000] {taskinstance.py:2648} INFO - Exporting env vars: AIRFLOW_CTX_DAG_EMAIL='richmond.kongo@orange.com,assane.diop@orange.com,cyrille1.danho@orange.com,mohamed2.sylla@orange.com,amadou.diomande@orange.com,Jonas.kouame@orange.com,armand.kablan@orange.com,anicet.azombade@orange.com,etienne.kouadio@orange.com,bertine.kouakou@orange.com,florentine.kouakou@orange.com,ange.phaceli@orange.com,soulegame.soro@orange.com,innocent.yengo@orange.com' AIRFLOW_CTX_DAG_OWNER='***' AIRFLOW_CTX_DAG_ID='motower_daily_prod' AIRFLOW_CTX_TASK_ID='gen_congestion_task' AIRFLOW_CTX_EXECUTION_DATE='2024-06-18T06:00:00+00:00' AIRFLOW_CTX_TRY_NUMBER='1' AIRFLOW_CTX_DAG_RUN_ID='scheduled__2024-06-18T06:00:00+00:00'
[2024-07-25T12:24:23.405+0000] {taskinstance.py:430} INFO - ::endgroup::
[2024-07-25T12:24:23.475+0000] {python.py:237} INFO - Done. Returned value was: None
[2024-07-25T12:24:23.476+0000] {taskinstance.py:441} INFO - ::group::Post task execution logs
[2024-07-25T12:24:23.485+0000] {taskinstance.py:1206} INFO - Marking task as SUCCESS. dag_id=motower_daily_prod, task_id=gen_congestion_task, run_id=scheduled__2024-06-18T06:00:00+00:00, execution_date=20240618T060000, start_date=20240725T122423, end_date=20240725T122423
[2024-07-25T12:24:23.525+0000] {local_task_job_runner.py:243} INFO - Task exited with return code 0
[2024-07-25T12:24:23.543+0000] {taskinstance.py:3503} INFO - 0 downstream tasks scheduled from follow-on schedule check
[2024-07-25T12:24:23.545+0000] {local_task_job_runner.py:222} INFO - ::endgroup::
[2024-07-25T12:44:43.270+0000] {local_task_job_runner.py:120} INFO - ::group::Pre task execution logs
[2024-07-25T12:44:43.300+0000] {taskinstance.py:2076} INFO - Dependencies all met for dep_context=non-requeueable deps ti=<TaskInstance: motower_daily_prod.gen_congestion_task scheduled__2024-06-18T06:00:00+00:00 [queued]>
[2024-07-25T12:44:43.310+0000] {taskinstance.py:2076} INFO - Dependencies all met for dep_context=requeueable deps ti=<TaskInstance: motower_daily_prod.gen_congestion_task scheduled__2024-06-18T06:00:00+00:00 [queued]>
[2024-07-25T12:44:43.310+0000] {taskinstance.py:2306} INFO - Starting attempt 1 of 1
[2024-07-25T12:44:43.323+0000] {taskinstance.py:2330} INFO - Executing <Task(PythonOperator): gen_congestion_task> on 2024-06-18 06:00:00+00:00
[2024-07-25T12:44:43.333+0000] {warnings.py:112} WARNING - /home/***/.local/lib/python3.12/site-packages/***/task/task_runner/standard_task_runner.py:62: DeprecationWarning: This process (pid=9809) is multi-threaded, use of fork() may lead to deadlocks in the child.
  pid = os.fork()

[2024-07-25T12:44:43.335+0000] {standard_task_runner.py:64} INFO - Started process 9813 to run task
[2024-07-25T12:44:43.335+0000] {standard_task_runner.py:90} INFO - Running: ['***', 'tasks', 'run', 'motower_daily_prod', 'gen_congestion_task', 'scheduled__2024-06-18T06:00:00+00:00', '--job-id', '2217', '--raw', '--subdir', 'DAGS_FOLDER/gps/custom_dags/motower_daily.py', '--cfg-path', '/tmp/tmpeozugj96']
[2024-07-25T12:44:43.337+0000] {standard_task_runner.py:91} INFO - Job 2217: Subtask gen_congestion_task
[2024-07-25T12:44:43.381+0000] {task_command.py:426} INFO - Running <TaskInstance: motower_daily_prod.gen_congestion_task scheduled__2024-06-18T06:00:00+00:00 [running]> on host b3845fb494d4
[2024-07-25T12:44:43.471+0000] {taskinstance.py:2648} INFO - Exporting env vars: AIRFLOW_CTX_DAG_EMAIL='richmond.kongo@orange.com,assane.diop@orange.com,cyrille1.danho@orange.com,mohamed2.sylla@orange.com,amadou.diomande@orange.com,Jonas.kouame@orange.com,armand.kablan@orange.com,anicet.azombade@orange.com,etienne.kouadio@orange.com,bertine.kouakou@orange.com,florentine.kouakou@orange.com,ange.phaceli@orange.com,soulegame.soro@orange.com,innocent.yengo@orange.com' AIRFLOW_CTX_DAG_OWNER='***' AIRFLOW_CTX_DAG_ID='motower_daily_prod' AIRFLOW_CTX_TASK_ID='gen_congestion_task' AIRFLOW_CTX_EXECUTION_DATE='2024-06-18T06:00:00+00:00' AIRFLOW_CTX_TRY_NUMBER='1' AIRFLOW_CTX_DAG_RUN_ID='scheduled__2024-06-18T06:00:00+00:00'
[2024-07-25T12:44:43.472+0000] {taskinstance.py:430} INFO - ::endgroup::
[2024-07-25T12:44:43.534+0000] {python.py:237} INFO - Done. Returned value was: None
[2024-07-25T12:44:43.535+0000] {taskinstance.py:441} INFO - ::group::Post task execution logs
[2024-07-25T12:44:43.544+0000] {taskinstance.py:1206} INFO - Marking task as SUCCESS. dag_id=motower_daily_prod, task_id=gen_congestion_task, run_id=scheduled__2024-06-18T06:00:00+00:00, execution_date=20240618T060000, start_date=20240725T124443, end_date=20240725T124443
[2024-07-25T12:44:43.588+0000] {local_task_job_runner.py:243} INFO - Task exited with return code 0
[2024-07-25T12:44:43.601+0000] {local_task_job_runner.py:222} INFO - ::endgroup::
[2024-07-25T13:04:56.145+0000] {local_task_job_runner.py:120} INFO - ::group::Pre task execution logs
[2024-07-25T13:04:56.176+0000] {taskinstance.py:2076} INFO - Dependencies all met for dep_context=non-requeueable deps ti=<TaskInstance: motower_daily_prod.gen_congestion_task scheduled__2024-06-18T06:00:00+00:00 [queued]>
[2024-07-25T13:04:56.188+0000] {taskinstance.py:2076} INFO - Dependencies all met for dep_context=requeueable deps ti=<TaskInstance: motower_daily_prod.gen_congestion_task scheduled__2024-06-18T06:00:00+00:00 [queued]>
[2024-07-25T13:04:56.188+0000] {taskinstance.py:2306} INFO - Starting attempt 1 of 1
[2024-07-25T13:04:56.201+0000] {taskinstance.py:2330} INFO - Executing <Task(PythonOperator): gen_congestion_task> on 2024-06-18 06:00:00+00:00
[2024-07-25T13:04:56.213+0000] {warnings.py:112} WARNING - /home/***/.local/lib/python3.12/site-packages/***/task/task_runner/standard_task_runner.py:62: DeprecationWarning: This process (pid=10433) is multi-threaded, use of fork() may lead to deadlocks in the child.
  pid = os.fork()

[2024-07-25T13:04:56.215+0000] {standard_task_runner.py:64} INFO - Started process 10440 to run task
[2024-07-25T13:04:56.215+0000] {standard_task_runner.py:90} INFO - Running: ['***', 'tasks', 'run', 'motower_daily_prod', 'gen_congestion_task', 'scheduled__2024-06-18T06:00:00+00:00', '--job-id', '2340', '--raw', '--subdir', 'DAGS_FOLDER/gps/custom_dags/motower_daily.py', '--cfg-path', '/tmp/tmps1sxfmid']
[2024-07-25T13:04:56.217+0000] {standard_task_runner.py:91} INFO - Job 2340: Subtask gen_congestion_task
[2024-07-25T13:04:56.260+0000] {task_command.py:426} INFO - Running <TaskInstance: motower_daily_prod.gen_congestion_task scheduled__2024-06-18T06:00:00+00:00 [running]> on host b3845fb494d4
[2024-07-25T13:04:56.360+0000] {taskinstance.py:2648} INFO - Exporting env vars: AIRFLOW_CTX_DAG_EMAIL='richmond.kongo@orange.com,assane.diop@orange.com,cyrille1.danho@orange.com,mohamed2.sylla@orange.com,amadou.diomande@orange.com,Jonas.kouame@orange.com,armand.kablan@orange.com,anicet.azombade@orange.com,etienne.kouadio@orange.com,bertine.kouakou@orange.com,florentine.kouakou@orange.com,ange.phaceli@orange.com,soulegame.soro@orange.com,innocent.yengo@orange.com' AIRFLOW_CTX_DAG_OWNER='***' AIRFLOW_CTX_DAG_ID='motower_daily_prod' AIRFLOW_CTX_TASK_ID='gen_congestion_task' AIRFLOW_CTX_EXECUTION_DATE='2024-06-18T06:00:00+00:00' AIRFLOW_CTX_TRY_NUMBER='1' AIRFLOW_CTX_DAG_RUN_ID='scheduled__2024-06-18T06:00:00+00:00'
[2024-07-25T13:04:56.362+0000] {taskinstance.py:430} INFO - ::endgroup::
[2024-07-25T13:04:56.433+0000] {python.py:237} INFO - Done. Returned value was: None
[2024-07-25T13:04:56.434+0000] {taskinstance.py:441} INFO - ::group::Post task execution logs
[2024-07-25T13:04:56.443+0000] {taskinstance.py:1206} INFO - Marking task as SUCCESS. dag_id=motower_daily_prod, task_id=gen_congestion_task, run_id=scheduled__2024-06-18T06:00:00+00:00, execution_date=20240618T060000, start_date=20240725T130456, end_date=20240725T130456
[2024-07-25T13:04:56.469+0000] {local_task_job_runner.py:243} INFO - Task exited with return code 0
[2024-07-25T13:04:56.486+0000] {taskinstance.py:3503} INFO - 0 downstream tasks scheduled from follow-on schedule check
[2024-07-25T13:04:56.488+0000] {local_task_job_runner.py:222} INFO - ::endgroup::
[2024-07-25T13:12:07.137+0000] {local_task_job_runner.py:120} INFO - ::group::Pre task execution logs
[2024-07-25T13:12:07.167+0000] {taskinstance.py:2076} INFO - Dependencies all met for dep_context=non-requeueable deps ti=<TaskInstance: motower_daily_prod.gen_congestion_task scheduled__2024-06-18T06:00:00+00:00 [queued]>
[2024-07-25T13:12:07.177+0000] {taskinstance.py:2076} INFO - Dependencies all met for dep_context=requeueable deps ti=<TaskInstance: motower_daily_prod.gen_congestion_task scheduled__2024-06-18T06:00:00+00:00 [queued]>
[2024-07-25T13:12:07.177+0000] {taskinstance.py:2306} INFO - Starting attempt 1 of 1
[2024-07-25T13:12:07.191+0000] {taskinstance.py:2330} INFO - Executing <Task(PythonOperator): gen_congestion_task> on 2024-06-18 06:00:00+00:00
[2024-07-25T13:12:07.203+0000] {warnings.py:112} WARNING - /home/***/.local/lib/python3.12/site-packages/***/task/task_runner/standard_task_runner.py:62: DeprecationWarning: This process (pid=10916) is multi-threaded, use of fork() may lead to deadlocks in the child.
  pid = os.fork()

[2024-07-25T13:12:07.205+0000] {standard_task_runner.py:64} INFO - Started process 10924 to run task
[2024-07-25T13:12:07.205+0000] {standard_task_runner.py:90} INFO - Running: ['***', 'tasks', 'run', 'motower_daily_prod', 'gen_congestion_task', 'scheduled__2024-06-18T06:00:00+00:00', '--job-id', '2468', '--raw', '--subdir', 'DAGS_FOLDER/gps/custom_dags/motower_daily.py', '--cfg-path', '/tmp/tmpvmpygs0m']
[2024-07-25T13:12:07.207+0000] {standard_task_runner.py:91} INFO - Job 2468: Subtask gen_congestion_task
[2024-07-25T13:12:07.252+0000] {task_command.py:426} INFO - Running <TaskInstance: motower_daily_prod.gen_congestion_task scheduled__2024-06-18T06:00:00+00:00 [running]> on host b3845fb494d4
[2024-07-25T13:12:07.346+0000] {taskinstance.py:2648} INFO - Exporting env vars: AIRFLOW_CTX_DAG_EMAIL='richmond.kongo@orange.com,assane.diop@orange.com,cyrille1.danho@orange.com,mohamed2.sylla@orange.com,amadou.diomande@orange.com,Jonas.kouame@orange.com,armand.kablan@orange.com,anicet.azombade@orange.com,etienne.kouadio@orange.com,bertine.kouakou@orange.com,florentine.kouakou@orange.com,ange.phaceli@orange.com,soulegame.soro@orange.com,innocent.yengo@orange.com' AIRFLOW_CTX_DAG_OWNER='***' AIRFLOW_CTX_DAG_ID='motower_daily_prod' AIRFLOW_CTX_TASK_ID='gen_congestion_task' AIRFLOW_CTX_EXECUTION_DATE='2024-06-18T06:00:00+00:00' AIRFLOW_CTX_TRY_NUMBER='1' AIRFLOW_CTX_DAG_RUN_ID='scheduled__2024-06-18T06:00:00+00:00'
[2024-07-25T13:12:07.347+0000] {taskinstance.py:430} INFO - ::endgroup::
[2024-07-25T13:12:07.423+0000] {python.py:237} INFO - Done. Returned value was: None
[2024-07-25T13:12:07.424+0000] {taskinstance.py:441} INFO - ::group::Post task execution logs
[2024-07-25T13:12:07.435+0000] {taskinstance.py:1206} INFO - Marking task as SUCCESS. dag_id=motower_daily_prod, task_id=gen_congestion_task, run_id=scheduled__2024-06-18T06:00:00+00:00, execution_date=20240618T060000, start_date=20240725T131207, end_date=20240725T131207
[2024-07-25T13:12:07.498+0000] {local_task_job_runner.py:243} INFO - Task exited with return code 0
[2024-07-25T13:12:07.509+0000] {local_task_job_runner.py:222} INFO - ::endgroup::
[2024-07-25T13:13:48.751+0000] {local_task_job_runner.py:120} INFO - ::group::Pre task execution logs
[2024-07-25T13:13:48.810+0000] {taskinstance.py:2076} INFO - Dependencies all met for dep_context=non-requeueable deps ti=<TaskInstance: motower_daily_prod.gen_congestion_task scheduled__2024-06-18T06:00:00+00:00 [queued]>
[2024-07-25T13:13:48.844+0000] {taskinstance.py:2076} INFO - Dependencies all met for dep_context=requeueable deps ti=<TaskInstance: motower_daily_prod.gen_congestion_task scheduled__2024-06-18T06:00:00+00:00 [queued]>
[2024-07-25T13:13:48.844+0000] {taskinstance.py:2306} INFO - Starting attempt 1 of 1
[2024-07-25T13:13:48.875+0000] {taskinstance.py:2330} INFO - Executing <Task(PythonOperator): gen_congestion_task> on 2024-06-18 06:00:00+00:00
[2024-07-25T13:13:48.891+0000] {warnings.py:112} WARNING - /home/***/.local/lib/python3.12/site-packages/***/task/task_runner/standard_task_runner.py:62: DeprecationWarning: This process (pid=11328) is multi-threaded, use of fork() may lead to deadlocks in the child.
  pid = os.fork()

[2024-07-25T13:13:48.893+0000] {standard_task_runner.py:64} INFO - Started process 11344 to run task
[2024-07-25T13:13:48.894+0000] {standard_task_runner.py:90} INFO - Running: ['***', 'tasks', 'run', 'motower_daily_prod', 'gen_congestion_task', 'scheduled__2024-06-18T06:00:00+00:00', '--job-id', '2603', '--raw', '--subdir', 'DAGS_FOLDER/gps/custom_dags/motower_daily.py', '--cfg-path', '/tmp/tmpzksc55oq']
[2024-07-25T13:13:48.897+0000] {standard_task_runner.py:91} INFO - Job 2603: Subtask gen_congestion_task
[2024-07-25T13:13:48.951+0000] {task_command.py:426} INFO - Running <TaskInstance: motower_daily_prod.gen_congestion_task scheduled__2024-06-18T06:00:00+00:00 [running]> on host b3845fb494d4
[2024-07-25T13:13:49.078+0000] {taskinstance.py:2648} INFO - Exporting env vars: AIRFLOW_CTX_DAG_EMAIL='richmond.kongo@orange.com,assane.diop@orange.com,cyrille1.danho@orange.com,mohamed2.sylla@orange.com,amadou.diomande@orange.com,Jonas.kouame@orange.com,armand.kablan@orange.com,anicet.azombade@orange.com,etienne.kouadio@orange.com,bertine.kouakou@orange.com,florentine.kouakou@orange.com,ange.phaceli@orange.com,soulegame.soro@orange.com,innocent.yengo@orange.com' AIRFLOW_CTX_DAG_OWNER='***' AIRFLOW_CTX_DAG_ID='motower_daily_prod' AIRFLOW_CTX_TASK_ID='gen_congestion_task' AIRFLOW_CTX_EXECUTION_DATE='2024-06-18T06:00:00+00:00' AIRFLOW_CTX_TRY_NUMBER='1' AIRFLOW_CTX_DAG_RUN_ID='scheduled__2024-06-18T06:00:00+00:00'
[2024-07-25T13:13:49.080+0000] {taskinstance.py:430} INFO - ::endgroup::
[2024-07-25T13:13:49.164+0000] {python.py:237} INFO - Done. Returned value was: None
[2024-07-25T13:13:49.165+0000] {taskinstance.py:441} INFO - ::group::Post task execution logs
[2024-07-25T13:13:49.175+0000] {taskinstance.py:1206} INFO - Marking task as SUCCESS. dag_id=motower_daily_prod, task_id=gen_congestion_task, run_id=scheduled__2024-06-18T06:00:00+00:00, execution_date=20240618T060000, start_date=20240725T131348, end_date=20240725T131349
[2024-07-25T13:13:49.236+0000] {local_task_job_runner.py:243} INFO - Task exited with return code 0
[2024-07-25T13:13:49.244+0000] {local_task_job_runner.py:222} INFO - ::endgroup::
[2024-07-25T13:17:43.176+0000] {local_task_job_runner.py:120} INFO - ::group::Pre task execution logs
[2024-07-25T13:17:43.211+0000] {taskinstance.py:2076} INFO - Dependencies all met for dep_context=non-requeueable deps ti=<TaskInstance: motower_daily_prod.gen_congestion_task scheduled__2024-06-18T06:00:00+00:00 [queued]>
[2024-07-25T13:17:43.222+0000] {taskinstance.py:2076} INFO - Dependencies all met for dep_context=requeueable deps ti=<TaskInstance: motower_daily_prod.gen_congestion_task scheduled__2024-06-18T06:00:00+00:00 [queued]>
[2024-07-25T13:17:43.222+0000] {taskinstance.py:2306} INFO - Starting attempt 1 of 1
[2024-07-25T13:17:43.237+0000] {taskinstance.py:2330} INFO - Executing <Task(PythonOperator): gen_congestion_task> on 2024-06-18 06:00:00+00:00
[2024-07-25T13:17:43.247+0000] {warnings.py:112} WARNING - /home/***/.local/lib/python3.12/site-packages/***/task/task_runner/standard_task_runner.py:62: DeprecationWarning: This process (pid=11770) is multi-threaded, use of fork() may lead to deadlocks in the child.
  pid = os.fork()

[2024-07-25T13:17:43.249+0000] {standard_task_runner.py:64} INFO - Started process 11780 to run task
[2024-07-25T13:17:43.249+0000] {standard_task_runner.py:90} INFO - Running: ['***', 'tasks', 'run', 'motower_daily_prod', 'gen_congestion_task', 'scheduled__2024-06-18T06:00:00+00:00', '--job-id', '2732', '--raw', '--subdir', 'DAGS_FOLDER/gps/custom_dags/motower_daily.py', '--cfg-path', '/tmp/tmpw7sx7_we']
[2024-07-25T13:17:43.251+0000] {standard_task_runner.py:91} INFO - Job 2732: Subtask gen_congestion_task
[2024-07-25T13:17:43.298+0000] {task_command.py:426} INFO - Running <TaskInstance: motower_daily_prod.gen_congestion_task scheduled__2024-06-18T06:00:00+00:00 [running]> on host b3845fb494d4
[2024-07-25T13:17:43.397+0000] {taskinstance.py:2648} INFO - Exporting env vars: AIRFLOW_CTX_DAG_EMAIL='richmond.kongo@orange.com,assane.diop@orange.com,cyrille1.danho@orange.com,mohamed2.sylla@orange.com,amadou.diomande@orange.com,Jonas.kouame@orange.com,armand.kablan@orange.com,anicet.azombade@orange.com,etienne.kouadio@orange.com,bertine.kouakou@orange.com,florentine.kouakou@orange.com,ange.phaceli@orange.com,soulegame.soro@orange.com,innocent.yengo@orange.com' AIRFLOW_CTX_DAG_OWNER='***' AIRFLOW_CTX_DAG_ID='motower_daily_prod' AIRFLOW_CTX_TASK_ID='gen_congestion_task' AIRFLOW_CTX_EXECUTION_DATE='2024-06-18T06:00:00+00:00' AIRFLOW_CTX_TRY_NUMBER='1' AIRFLOW_CTX_DAG_RUN_ID='scheduled__2024-06-18T06:00:00+00:00'
[2024-07-25T13:17:43.398+0000] {taskinstance.py:430} INFO - ::endgroup::
[2024-07-25T13:17:43.460+0000] {python.py:237} INFO - Done. Returned value was: None
[2024-07-25T13:17:43.461+0000] {taskinstance.py:441} INFO - ::group::Post task execution logs
[2024-07-25T13:17:43.471+0000] {taskinstance.py:1206} INFO - Marking task as SUCCESS. dag_id=motower_daily_prod, task_id=gen_congestion_task, run_id=scheduled__2024-06-18T06:00:00+00:00, execution_date=20240618T060000, start_date=20240725T131743, end_date=20240725T131743
[2024-07-25T13:17:43.503+0000] {local_task_job_runner.py:243} INFO - Task exited with return code 0
[2024-07-25T13:17:43.518+0000] {taskinstance.py:3503} INFO - 0 downstream tasks scheduled from follow-on schedule check
[2024-07-25T13:17:43.519+0000] {local_task_job_runner.py:222} INFO - ::endgroup::
[2024-07-25T13:25:24.930+0000] {local_task_job_runner.py:120} INFO - ::group::Pre task execution logs
[2024-07-25T13:25:24.973+0000] {taskinstance.py:2076} INFO - Dependencies all met for dep_context=non-requeueable deps ti=<TaskInstance: motower_daily_prod.gen_congestion_task scheduled__2024-06-18T06:00:00+00:00 [queued]>
[2024-07-25T13:25:24.988+0000] {taskinstance.py:2076} INFO - Dependencies all met for dep_context=requeueable deps ti=<TaskInstance: motower_daily_prod.gen_congestion_task scheduled__2024-06-18T06:00:00+00:00 [queued]>
[2024-07-25T13:25:24.988+0000] {taskinstance.py:2306} INFO - Starting attempt 1 of 1
[2024-07-25T13:25:25.019+0000] {taskinstance.py:2330} INFO - Executing <Task(PythonOperator): gen_congestion_task> on 2024-06-18 06:00:00+00:00
[2024-07-25T13:25:25.038+0000] {warnings.py:112} WARNING - /home/***/.local/lib/python3.12/site-packages/***/task/task_runner/standard_task_runner.py:62: DeprecationWarning: This process (pid=12286) is multi-threaded, use of fork() may lead to deadlocks in the child.
  pid = os.fork()

[2024-07-25T13:25:25.040+0000] {standard_task_runner.py:64} INFO - Started process 12302 to run task
[2024-07-25T13:25:25.045+0000] {standard_task_runner.py:90} INFO - Running: ['***', 'tasks', 'run', 'motower_daily_prod', 'gen_congestion_task', 'scheduled__2024-06-18T06:00:00+00:00', '--job-id', '2871', '--raw', '--subdir', 'DAGS_FOLDER/gps/custom_dags/motower_daily.py', '--cfg-path', '/tmp/tmp1nbi19_m']
[2024-07-25T13:25:25.048+0000] {standard_task_runner.py:91} INFO - Job 2871: Subtask gen_congestion_task
[2024-07-25T13:25:25.117+0000] {task_command.py:426} INFO - Running <TaskInstance: motower_daily_prod.gen_congestion_task scheduled__2024-06-18T06:00:00+00:00 [running]> on host b3845fb494d4
[2024-07-25T13:25:25.250+0000] {taskinstance.py:2648} INFO - Exporting env vars: AIRFLOW_CTX_DAG_EMAIL='richmond.kongo@orange.com,assane.diop@orange.com,cyrille1.danho@orange.com,mohamed2.sylla@orange.com,amadou.diomande@orange.com,Jonas.kouame@orange.com,armand.kablan@orange.com,anicet.azombade@orange.com,etienne.kouadio@orange.com,bertine.kouakou@orange.com,florentine.kouakou@orange.com,ange.phaceli@orange.com,soulegame.soro@orange.com,innocent.yengo@orange.com' AIRFLOW_CTX_DAG_OWNER='***' AIRFLOW_CTX_DAG_ID='motower_daily_prod' AIRFLOW_CTX_TASK_ID='gen_congestion_task' AIRFLOW_CTX_EXECUTION_DATE='2024-06-18T06:00:00+00:00' AIRFLOW_CTX_TRY_NUMBER='1' AIRFLOW_CTX_DAG_RUN_ID='scheduled__2024-06-18T06:00:00+00:00'
[2024-07-25T13:25:25.251+0000] {taskinstance.py:430} INFO - ::endgroup::
[2024-07-25T13:25:25.369+0000] {python.py:237} INFO - Done. Returned value was: None
[2024-07-25T13:25:25.370+0000] {taskinstance.py:441} INFO - ::group::Post task execution logs
[2024-07-25T13:25:25.407+0000] {taskinstance.py:1206} INFO - Marking task as SUCCESS. dag_id=motower_daily_prod, task_id=gen_congestion_task, run_id=scheduled__2024-06-18T06:00:00+00:00, execution_date=20240618T060000, start_date=20240725T132524, end_date=20240725T132525
[2024-07-25T13:25:25.481+0000] {local_task_job_runner.py:243} INFO - Task exited with return code 0
[2024-07-25T13:25:25.499+0000] {taskinstance.py:3503} INFO - 0 downstream tasks scheduled from follow-on schedule check
[2024-07-25T13:25:25.500+0000] {local_task_job_runner.py:222} INFO - ::endgroup::
[2024-07-25T15:07:06.691+0000] {local_task_job_runner.py:120} INFO - ::group::Pre task execution logs
[2024-07-25T15:07:06.726+0000] {taskinstance.py:2076} INFO - Dependencies all met for dep_context=non-requeueable deps ti=<TaskInstance: motower_daily_prod.gen_congestion_task scheduled__2024-06-18T06:00:00+00:00 [queued]>
[2024-07-25T15:07:06.737+0000] {taskinstance.py:2076} INFO - Dependencies all met for dep_context=requeueable deps ti=<TaskInstance: motower_daily_prod.gen_congestion_task scheduled__2024-06-18T06:00:00+00:00 [queued]>
[2024-07-25T15:07:06.737+0000] {taskinstance.py:2306} INFO - Starting attempt 1 of 1
[2024-07-25T15:07:07.016+0000] {taskinstance.py:2330} INFO - Executing <Task(PythonOperator): gen_congestion_task> on 2024-06-18 06:00:00+00:00
[2024-07-25T15:07:07.031+0000] {warnings.py:112} WARNING - /home/***/.local/lib/python3.12/site-packages/***/task/task_runner/standard_task_runner.py:62: DeprecationWarning: This process (pid=14490) is multi-threaded, use of fork() may lead to deadlocks in the child.
  pid = os.fork()

[2024-07-25T15:07:07.032+0000] {standard_task_runner.py:64} INFO - Started process 14509 to run task
[2024-07-25T15:07:07.033+0000] {standard_task_runner.py:90} INFO - Running: ['***', 'tasks', 'run', 'motower_daily_prod', 'gen_congestion_task', 'scheduled__2024-06-18T06:00:00+00:00', '--job-id', '3166', '--raw', '--subdir', 'DAGS_FOLDER/gps/custom_dags/motower_daily.py', '--cfg-path', '/tmp/tmpue202482']
[2024-07-25T15:07:07.035+0000] {standard_task_runner.py:91} INFO - Job 3166: Subtask gen_congestion_task
[2024-07-25T15:07:07.097+0000] {task_command.py:426} INFO - Running <TaskInstance: motower_daily_prod.gen_congestion_task scheduled__2024-06-18T06:00:00+00:00 [running]> on host b3845fb494d4
[2024-07-25T15:07:07.223+0000] {taskinstance.py:2648} INFO - Exporting env vars: AIRFLOW_CTX_DAG_EMAIL='richmond.kongo@orange.com,assane.diop@orange.com,cyrille1.danho@orange.com,mohamed2.sylla@orange.com,amadou.diomande@orange.com,Jonas.kouame@orange.com,armand.kablan@orange.com,anicet.azombade@orange.com,etienne.kouadio@orange.com,bertine.kouakou@orange.com,florentine.kouakou@orange.com,ange.phaceli@orange.com,soulegame.soro@orange.com,innocent.yengo@orange.com' AIRFLOW_CTX_DAG_OWNER='***' AIRFLOW_CTX_DAG_ID='motower_daily_prod' AIRFLOW_CTX_TASK_ID='gen_congestion_task' AIRFLOW_CTX_EXECUTION_DATE='2024-06-18T06:00:00+00:00' AIRFLOW_CTX_TRY_NUMBER='1' AIRFLOW_CTX_DAG_RUN_ID='scheduled__2024-06-18T06:00:00+00:00'
[2024-07-25T15:07:07.224+0000] {taskinstance.py:430} INFO - ::endgroup::
[2024-07-25T15:07:07.319+0000] {python.py:237} INFO - Done. Returned value was: None
[2024-07-25T15:07:07.320+0000] {taskinstance.py:441} INFO - ::group::Post task execution logs
[2024-07-25T15:07:07.332+0000] {taskinstance.py:1206} INFO - Marking task as SUCCESS. dag_id=motower_daily_prod, task_id=gen_congestion_task, run_id=scheduled__2024-06-18T06:00:00+00:00, execution_date=20240618T060000, start_date=20240725T150706, end_date=20240725T150707
[2024-07-25T15:07:07.369+0000] {local_task_job_runner.py:243} INFO - Task exited with return code 0
[2024-07-25T15:07:07.381+0000] {local_task_job_runner.py:222} INFO - ::endgroup::
[2024-07-26T11:26:00.600+0000] {local_task_job_runner.py:120} INFO - ::group::Pre task execution logs
[2024-07-26T11:26:00.634+0000] {taskinstance.py:2076} INFO - Dependencies all met for dep_context=non-requeueable deps ti=<TaskInstance: motower_daily_prod.gen_congestion_task scheduled__2024-06-18T06:00:00+00:00 [queued]>
[2024-07-26T11:26:00.644+0000] {taskinstance.py:2076} INFO - Dependencies all met for dep_context=requeueable deps ti=<TaskInstance: motower_daily_prod.gen_congestion_task scheduled__2024-06-18T06:00:00+00:00 [queued]>
[2024-07-26T11:26:00.644+0000] {taskinstance.py:2306} INFO - Starting attempt 1 of 1
[2024-07-26T11:26:00.656+0000] {taskinstance.py:2330} INFO - Executing <Task(PythonOperator): gen_congestion_task> on 2024-06-18 06:00:00+00:00
[2024-07-26T11:26:00.669+0000] {warnings.py:112} WARNING - /home/***/.local/lib/python3.12/site-packages/***/task/task_runner/standard_task_runner.py:62: DeprecationWarning: This process (pid=1254) is multi-threaded, use of fork() may lead to deadlocks in the child.
  pid = os.fork()

[2024-07-26T11:26:00.670+0000] {standard_task_runner.py:64} INFO - Started process 1257 to run task
[2024-07-26T11:26:00.671+0000] {standard_task_runner.py:90} INFO - Running: ['***', 'tasks', 'run', 'motower_daily_prod', 'gen_congestion_task', 'scheduled__2024-06-18T06:00:00+00:00', '--job-id', '3445', '--raw', '--subdir', 'DAGS_FOLDER/gps/custom_dags/motower_daily.py', '--cfg-path', '/tmp/tmp30hu1669']
[2024-07-26T11:26:00.673+0000] {standard_task_runner.py:91} INFO - Job 3445: Subtask gen_congestion_task
[2024-07-26T11:26:00.719+0000] {task_command.py:426} INFO - Running <TaskInstance: motower_daily_prod.gen_congestion_task scheduled__2024-06-18T06:00:00+00:00 [running]> on host b3845fb494d4
[2024-07-26T11:26:00.801+0000] {taskinstance.py:2648} INFO - Exporting env vars: AIRFLOW_CTX_DAG_EMAIL='richmond.kongo@orange.com,assane.diop@orange.com,cyrille1.danho@orange.com,mohamed2.sylla@orange.com,amadou.diomande@orange.com,Jonas.kouame@orange.com,armand.kablan@orange.com,anicet.azombade@orange.com,etienne.kouadio@orange.com,bertine.kouakou@orange.com,florentine.kouakou@orange.com,ange.phaceli@orange.com,soulegame.soro@orange.com,innocent.yengo@orange.com' AIRFLOW_CTX_DAG_OWNER='***' AIRFLOW_CTX_DAG_ID='motower_daily_prod' AIRFLOW_CTX_TASK_ID='gen_congestion_task' AIRFLOW_CTX_EXECUTION_DATE='2024-06-18T06:00:00+00:00' AIRFLOW_CTX_TRY_NUMBER='1' AIRFLOW_CTX_DAG_RUN_ID='scheduled__2024-06-18T06:00:00+00:00'
[2024-07-26T11:26:00.803+0000] {taskinstance.py:430} INFO - ::endgroup::
[2024-07-26T11:26:00.869+0000] {python.py:237} INFO - Done. Returned value was: None
[2024-07-26T11:26:00.870+0000] {taskinstance.py:441} INFO - ::group::Post task execution logs
[2024-07-26T11:26:00.881+0000] {taskinstance.py:1206} INFO - Marking task as SUCCESS. dag_id=motower_daily_prod, task_id=gen_congestion_task, run_id=scheduled__2024-06-18T06:00:00+00:00, execution_date=20240618T060000, start_date=20240726T112600, end_date=20240726T112600
[2024-07-26T11:26:00.924+0000] {local_task_job_runner.py:243} INFO - Task exited with return code 0
[2024-07-26T11:26:00.943+0000] {taskinstance.py:3503} INFO - 0 downstream tasks scheduled from follow-on schedule check
[2024-07-26T11:26:00.944+0000] {local_task_job_runner.py:222} INFO - ::endgroup::
[2024-07-26T11:31:26.553+0000] {local_task_job_runner.py:120} INFO - ::group::Pre task execution logs
[2024-07-26T11:31:26.582+0000] {taskinstance.py:2076} INFO - Dependencies all met for dep_context=non-requeueable deps ti=<TaskInstance: motower_daily_prod.gen_congestion_task scheduled__2024-06-18T06:00:00+00:00 [queued]>
[2024-07-26T11:31:26.593+0000] {taskinstance.py:2076} INFO - Dependencies all met for dep_context=requeueable deps ti=<TaskInstance: motower_daily_prod.gen_congestion_task scheduled__2024-06-18T06:00:00+00:00 [queued]>
[2024-07-26T11:31:26.593+0000] {taskinstance.py:2306} INFO - Starting attempt 1 of 1
[2024-07-26T11:31:26.603+0000] {taskinstance.py:2330} INFO - Executing <Task(PythonOperator): gen_congestion_task> on 2024-06-18 06:00:00+00:00
[2024-07-26T11:31:26.614+0000] {warnings.py:112} WARNING - /home/***/.local/lib/python3.12/site-packages/***/task/task_runner/standard_task_runner.py:62: DeprecationWarning: This process (pid=1737) is multi-threaded, use of fork() may lead to deadlocks in the child.
  pid = os.fork()

[2024-07-26T11:31:26.616+0000] {standard_task_runner.py:64} INFO - Started process 1742 to run task
[2024-07-26T11:31:26.616+0000] {standard_task_runner.py:90} INFO - Running: ['***', 'tasks', 'run', 'motower_daily_prod', 'gen_congestion_task', 'scheduled__2024-06-18T06:00:00+00:00', '--job-id', '3583', '--raw', '--subdir', 'DAGS_FOLDER/gps/custom_dags/motower_daily.py', '--cfg-path', '/tmp/tmp5w2fw079']
[2024-07-26T11:31:26.618+0000] {standard_task_runner.py:91} INFO - Job 3583: Subtask gen_congestion_task
[2024-07-26T11:31:26.662+0000] {task_command.py:426} INFO - Running <TaskInstance: motower_daily_prod.gen_congestion_task scheduled__2024-06-18T06:00:00+00:00 [running]> on host b3845fb494d4
[2024-07-26T11:31:26.742+0000] {taskinstance.py:2648} INFO - Exporting env vars: AIRFLOW_CTX_DAG_EMAIL='richmond.kongo@orange.com,assane.diop@orange.com,cyrille1.danho@orange.com,mohamed2.sylla@orange.com,amadou.diomande@orange.com,Jonas.kouame@orange.com,armand.kablan@orange.com,anicet.azombade@orange.com,etienne.kouadio@orange.com,bertine.kouakou@orange.com,florentine.kouakou@orange.com,ange.phaceli@orange.com,soulegame.soro@orange.com,innocent.yengo@orange.com' AIRFLOW_CTX_DAG_OWNER='***' AIRFLOW_CTX_DAG_ID='motower_daily_prod' AIRFLOW_CTX_TASK_ID='gen_congestion_task' AIRFLOW_CTX_EXECUTION_DATE='2024-06-18T06:00:00+00:00' AIRFLOW_CTX_TRY_NUMBER='1' AIRFLOW_CTX_DAG_RUN_ID='scheduled__2024-06-18T06:00:00+00:00'
[2024-07-26T11:31:26.743+0000] {taskinstance.py:430} INFO - ::endgroup::
[2024-07-26T11:31:26.812+0000] {python.py:237} INFO - Done. Returned value was: None
[2024-07-26T11:31:26.813+0000] {taskinstance.py:441} INFO - ::group::Post task execution logs
[2024-07-26T11:31:26.823+0000] {taskinstance.py:1206} INFO - Marking task as SUCCESS. dag_id=motower_daily_prod, task_id=gen_congestion_task, run_id=scheduled__2024-06-18T06:00:00+00:00, execution_date=20240618T060000, start_date=20240726T113126, end_date=20240726T113126
[2024-07-26T11:31:26.871+0000] {local_task_job_runner.py:243} INFO - Task exited with return code 0
[2024-07-26T11:31:26.886+0000] {taskinstance.py:3503} INFO - 0 downstream tasks scheduled from follow-on schedule check
[2024-07-26T11:31:26.887+0000] {local_task_job_runner.py:222} INFO - ::endgroup::
[2024-07-26T11:43:00.093+0000] {local_task_job_runner.py:120} INFO - ::group::Pre task execution logs
[2024-07-26T11:43:00.137+0000] {taskinstance.py:2076} INFO - Dependencies all met for dep_context=non-requeueable deps ti=<TaskInstance: motower_daily_prod.gen_congestion_task scheduled__2024-06-18T06:00:00+00:00 [queued]>
[2024-07-26T11:43:00.153+0000] {taskinstance.py:2076} INFO - Dependencies all met for dep_context=requeueable deps ti=<TaskInstance: motower_daily_prod.gen_congestion_task scheduled__2024-06-18T06:00:00+00:00 [queued]>
[2024-07-26T11:43:00.153+0000] {taskinstance.py:2306} INFO - Starting attempt 1 of 1
[2024-07-26T11:43:00.178+0000] {taskinstance.py:2330} INFO - Executing <Task(PythonOperator): gen_congestion_task> on 2024-06-18 06:00:00+00:00
[2024-07-26T11:43:00.192+0000] {warnings.py:112} WARNING - /home/***/.local/lib/python3.12/site-packages/***/task/task_runner/standard_task_runner.py:62: DeprecationWarning: This process (pid=2550) is multi-threaded, use of fork() may lead to deadlocks in the child.
  pid = os.fork()

[2024-07-26T11:43:00.194+0000] {standard_task_runner.py:64} INFO - Started process 2566 to run task
[2024-07-26T11:43:00.195+0000] {standard_task_runner.py:90} INFO - Running: ['***', 'tasks', 'run', 'motower_daily_prod', 'gen_congestion_task', 'scheduled__2024-06-18T06:00:00+00:00', '--job-id', '3808', '--raw', '--subdir', 'DAGS_FOLDER/gps/custom_dags/motower_daily.py', '--cfg-path', '/tmp/tmpttl7vefc']
[2024-07-26T11:43:00.197+0000] {standard_task_runner.py:91} INFO - Job 3808: Subtask gen_congestion_task
[2024-07-26T11:43:00.264+0000] {task_command.py:426} INFO - Running <TaskInstance: motower_daily_prod.gen_congestion_task scheduled__2024-06-18T06:00:00+00:00 [running]> on host b3845fb494d4
[2024-07-26T11:43:00.429+0000] {taskinstance.py:2648} INFO - Exporting env vars: AIRFLOW_CTX_DAG_EMAIL='richmond.kongo@orange.com,assane.diop@orange.com,cyrille1.danho@orange.com,mohamed2.sylla@orange.com,amadou.diomande@orange.com,Jonas.kouame@orange.com,armand.kablan@orange.com,anicet.azombade@orange.com,etienne.kouadio@orange.com,bertine.kouakou@orange.com,florentine.kouakou@orange.com,ange.phaceli@orange.com,soulegame.soro@orange.com,innocent.yengo@orange.com' AIRFLOW_CTX_DAG_OWNER='***' AIRFLOW_CTX_DAG_ID='motower_daily_prod' AIRFLOW_CTX_TASK_ID='gen_congestion_task' AIRFLOW_CTX_EXECUTION_DATE='2024-06-18T06:00:00+00:00' AIRFLOW_CTX_TRY_NUMBER='1' AIRFLOW_CTX_DAG_RUN_ID='scheduled__2024-06-18T06:00:00+00:00'
[2024-07-26T11:43:00.430+0000] {taskinstance.py:430} INFO - ::endgroup::
[2024-07-26T11:43:00.512+0000] {python.py:237} INFO - Done. Returned value was: None
[2024-07-26T11:43:00.513+0000] {taskinstance.py:441} INFO - ::group::Post task execution logs
[2024-07-26T11:43:00.523+0000] {taskinstance.py:1206} INFO - Marking task as SUCCESS. dag_id=motower_daily_prod, task_id=gen_congestion_task, run_id=scheduled__2024-06-18T06:00:00+00:00, execution_date=20240618T060000, start_date=20240726T114300, end_date=20240726T114300
[2024-07-26T11:43:00.573+0000] {local_task_job_runner.py:243} INFO - Task exited with return code 0
[2024-07-26T11:43:00.582+0000] {local_task_job_runner.py:222} INFO - ::endgroup::
[2024-07-26T12:10:00.044+0000] {local_task_job_runner.py:120} INFO - ::group::Pre task execution logs
[2024-07-26T12:10:00.263+0000] {taskinstance.py:2076} INFO - Dependencies all met for dep_context=non-requeueable deps ti=<TaskInstance: motower_daily_prod.gen_congestion_task scheduled__2024-06-18T06:00:00+00:00 [queued]>
[2024-07-26T12:10:00.271+0000] {taskinstance.py:2076} INFO - Dependencies all met for dep_context=requeueable deps ti=<TaskInstance: motower_daily_prod.gen_congestion_task scheduled__2024-06-18T06:00:00+00:00 [queued]>
[2024-07-26T12:10:00.272+0000] {taskinstance.py:2306} INFO - Starting attempt 1 of 1
[2024-07-26T12:10:00.281+0000] {taskinstance.py:2330} INFO - Executing <Task(PythonOperator): gen_congestion_task> on 2024-06-18 06:00:00+00:00
[2024-07-26T12:10:00.291+0000] {warnings.py:112} WARNING - /home/***/.local/lib/python3.12/site-packages/***/task/task_runner/standard_task_runner.py:62: DeprecationWarning: This process (pid=595) is multi-threaded, use of fork() may lead to deadlocks in the child.
  pid = os.fork()

[2024-07-26T12:10:00.292+0000] {standard_task_runner.py:64} INFO - Started process 601 to run task
[2024-07-26T12:10:00.293+0000] {standard_task_runner.py:90} INFO - Running: ['***', 'tasks', 'run', 'motower_daily_prod', 'gen_congestion_task', 'scheduled__2024-06-18T06:00:00+00:00', '--job-id', '136', '--raw', '--subdir', 'DAGS_FOLDER/gps/custom_dags/motower_daily.py', '--cfg-path', '/tmp/tmp0844puwp']
[2024-07-26T12:10:00.294+0000] {standard_task_runner.py:91} INFO - Job 136: Subtask gen_congestion_task
[2024-07-26T12:10:00.334+0000] {task_command.py:426} INFO - Running <TaskInstance: motower_daily_prod.gen_congestion_task scheduled__2024-06-18T06:00:00+00:00 [running]> on host 38513f9ed169
[2024-07-26T12:10:00.411+0000] {taskinstance.py:2648} INFO - Exporting env vars: AIRFLOW_CTX_DAG_EMAIL='richmond.kongo@orange.com,assane.diop@orange.com,cyrille1.danho@orange.com,mohamed2.sylla@orange.com,amadou.diomande@orange.com,Jonas.kouame@orange.com,armand.kablan@orange.com,anicet.azombade@orange.com,etienne.kouadio@orange.com,bertine.kouakou@orange.com,florentine.kouakou@orange.com,ange.phaceli@orange.com,soulegame.soro@orange.com,innocent.yengo@orange.com' AIRFLOW_CTX_DAG_OWNER='***' AIRFLOW_CTX_DAG_ID='motower_daily_prod' AIRFLOW_CTX_TASK_ID='gen_congestion_task' AIRFLOW_CTX_EXECUTION_DATE='2024-06-18T06:00:00+00:00' AIRFLOW_CTX_TRY_NUMBER='1' AIRFLOW_CTX_DAG_RUN_ID='scheduled__2024-06-18T06:00:00+00:00'
[2024-07-26T12:10:00.412+0000] {taskinstance.py:430} INFO - ::endgroup::
[2024-07-26T12:10:00.474+0000] {python.py:237} INFO - Done. Returned value was: None
[2024-07-26T12:10:00.474+0000] {taskinstance.py:441} INFO - ::group::Post task execution logs
[2024-07-26T12:10:00.483+0000] {taskinstance.py:1206} INFO - Marking task as SUCCESS. dag_id=motower_daily_prod, task_id=gen_congestion_task, run_id=scheduled__2024-06-18T06:00:00+00:00, execution_date=20240618T060000, start_date=20240726T121000, end_date=20240726T121000
[2024-07-26T12:10:00.505+0000] {local_task_job_runner.py:243} INFO - Task exited with return code 0
[2024-07-26T12:10:00.514+0000] {local_task_job_runner.py:222} INFO - ::endgroup::
[2024-07-26T12:20:57.817+0000] {local_task_job_runner.py:120} INFO - ::group::Pre task execution logs
[2024-07-26T12:20:57.844+0000] {taskinstance.py:2076} INFO - Dependencies all met for dep_context=non-requeueable deps ti=<TaskInstance: motower_daily_prod.gen_congestion_task scheduled__2024-06-18T06:00:00+00:00 [queued]>
[2024-07-26T12:20:57.854+0000] {taskinstance.py:2076} INFO - Dependencies all met for dep_context=requeueable deps ti=<TaskInstance: motower_daily_prod.gen_congestion_task scheduled__2024-06-18T06:00:00+00:00 [queued]>
[2024-07-26T12:20:57.854+0000] {taskinstance.py:2306} INFO - Starting attempt 1 of 1
[2024-07-26T12:20:57.868+0000] {taskinstance.py:2330} INFO - Executing <Task(PythonOperator): gen_congestion_task> on 2024-06-18 06:00:00+00:00
[2024-07-26T12:20:57.880+0000] {warnings.py:112} WARNING - /home/***/.local/lib/python3.12/site-packages/***/task/task_runner/standard_task_runner.py:62: DeprecationWarning: This process (pid=922) is multi-threaded, use of fork() may lead to deadlocks in the child.
  pid = os.fork()

[2024-07-26T12:20:57.881+0000] {standard_task_runner.py:64} INFO - Started process 928 to run task
[2024-07-26T12:20:57.881+0000] {standard_task_runner.py:90} INFO - Running: ['***', 'tasks', 'run', 'motower_daily_prod', 'gen_congestion_task', 'scheduled__2024-06-18T06:00:00+00:00', '--job-id', '268', '--raw', '--subdir', 'DAGS_FOLDER/gps/custom_dags/motower_daily.py', '--cfg-path', '/tmp/tmprg5n2_ex']
[2024-07-26T12:20:57.883+0000] {standard_task_runner.py:91} INFO - Job 268: Subtask gen_congestion_task
[2024-07-26T12:20:57.933+0000] {task_command.py:426} INFO - Running <TaskInstance: motower_daily_prod.gen_congestion_task scheduled__2024-06-18T06:00:00+00:00 [running]> on host 88c2b04746a4
[2024-07-26T12:20:58.038+0000] {taskinstance.py:2648} INFO - Exporting env vars: AIRFLOW_CTX_DAG_EMAIL='richmond.kongo@orange.com,assane.diop@orange.com,cyrille1.danho@orange.com,mohamed2.sylla@orange.com,amadou.diomande@orange.com,Jonas.kouame@orange.com,armand.kablan@orange.com,anicet.azombade@orange.com,etienne.kouadio@orange.com,bertine.kouakou@orange.com,florentine.kouakou@orange.com,ange.phaceli@orange.com,soulegame.soro@orange.com,innocent.yengo@orange.com' AIRFLOW_CTX_DAG_OWNER='***' AIRFLOW_CTX_DAG_ID='motower_daily_prod' AIRFLOW_CTX_TASK_ID='gen_congestion_task' AIRFLOW_CTX_EXECUTION_DATE='2024-06-18T06:00:00+00:00' AIRFLOW_CTX_TRY_NUMBER='1' AIRFLOW_CTX_DAG_RUN_ID='scheduled__2024-06-18T06:00:00+00:00'
[2024-07-26T12:20:58.039+0000] {taskinstance.py:430} INFO - ::endgroup::
[2024-07-26T12:20:58.110+0000] {python.py:237} INFO - Done. Returned value was: None
[2024-07-26T12:20:58.111+0000] {taskinstance.py:441} INFO - ::group::Post task execution logs
[2024-07-26T12:20:58.121+0000] {taskinstance.py:1206} INFO - Marking task as SUCCESS. dag_id=motower_daily_prod, task_id=gen_congestion_task, run_id=scheduled__2024-06-18T06:00:00+00:00, execution_date=20240618T060000, start_date=20240726T122057, end_date=20240726T122058
[2024-07-26T12:20:58.215+0000] {local_task_job_runner.py:243} INFO - Task exited with return code 0
[2024-07-26T12:20:58.229+0000] {taskinstance.py:3503} INFO - 0 downstream tasks scheduled from follow-on schedule check
[2024-07-26T12:20:58.230+0000] {local_task_job_runner.py:222} INFO - ::endgroup::
[2024-07-26T12:24:12.603+0000] {local_task_job_runner.py:120} INFO - ::group::Pre task execution logs
[2024-07-26T12:24:12.627+0000] {taskinstance.py:2076} INFO - Dependencies all met for dep_context=non-requeueable deps ti=<TaskInstance: motower_daily_prod.gen_congestion_task scheduled__2024-06-18T06:00:00+00:00 [queued]>
[2024-07-26T12:24:12.634+0000] {taskinstance.py:2076} INFO - Dependencies all met for dep_context=requeueable deps ti=<TaskInstance: motower_daily_prod.gen_congestion_task scheduled__2024-06-18T06:00:00+00:00 [queued]>
[2024-07-26T12:24:12.635+0000] {taskinstance.py:2306} INFO - Starting attempt 1 of 1
[2024-07-26T12:24:12.645+0000] {taskinstance.py:2330} INFO - Executing <Task(PythonOperator): gen_congestion_task> on 2024-06-18 06:00:00+00:00
[2024-07-26T12:24:12.655+0000] {warnings.py:112} WARNING - /home/***/.local/lib/python3.12/site-packages/***/task/task_runner/standard_task_runner.py:62: DeprecationWarning: This process (pid=1725) is multi-threaded, use of fork() may lead to deadlocks in the child.
  pid = os.fork()

[2024-07-26T12:24:12.657+0000] {standard_task_runner.py:64} INFO - Started process 1728 to run task
[2024-07-26T12:24:12.657+0000] {standard_task_runner.py:90} INFO - Running: ['***', 'tasks', 'run', 'motower_daily_prod', 'gen_congestion_task', 'scheduled__2024-06-18T06:00:00+00:00', '--job-id', '521', '--raw', '--subdir', 'DAGS_FOLDER/gps/custom_dags/motower_daily.py', '--cfg-path', '/tmp/tmpocz30c8z']
[2024-07-26T12:24:12.659+0000] {standard_task_runner.py:91} INFO - Job 521: Subtask gen_congestion_task
[2024-07-26T12:24:12.709+0000] {task_command.py:426} INFO - Running <TaskInstance: motower_daily_prod.gen_congestion_task scheduled__2024-06-18T06:00:00+00:00 [running]> on host 88c2b04746a4
[2024-07-26T12:24:12.800+0000] {taskinstance.py:2648} INFO - Exporting env vars: AIRFLOW_CTX_DAG_EMAIL='richmond.kongo@orange.com,assane.diop@orange.com,cyrille1.danho@orange.com,mohamed2.sylla@orange.com,amadou.diomande@orange.com,Jonas.kouame@orange.com,armand.kablan@orange.com,anicet.azombade@orange.com,etienne.kouadio@orange.com,bertine.kouakou@orange.com,florentine.kouakou@orange.com,ange.phaceli@orange.com,soulegame.soro@orange.com,innocent.yengo@orange.com' AIRFLOW_CTX_DAG_OWNER='***' AIRFLOW_CTX_DAG_ID='motower_daily_prod' AIRFLOW_CTX_TASK_ID='gen_congestion_task' AIRFLOW_CTX_EXECUTION_DATE='2024-06-18T06:00:00+00:00' AIRFLOW_CTX_TRY_NUMBER='1' AIRFLOW_CTX_DAG_RUN_ID='scheduled__2024-06-18T06:00:00+00:00'
[2024-07-26T12:24:12.801+0000] {taskinstance.py:430} INFO - ::endgroup::
[2024-07-26T12:24:12.882+0000] {python.py:237} INFO - Done. Returned value was: None
[2024-07-26T12:24:12.883+0000] {taskinstance.py:441} INFO - ::group::Post task execution logs
[2024-07-26T12:24:12.896+0000] {taskinstance.py:1206} INFO - Marking task as SUCCESS. dag_id=motower_daily_prod, task_id=gen_congestion_task, run_id=scheduled__2024-06-18T06:00:00+00:00, execution_date=20240618T060000, start_date=20240726T122412, end_date=20240726T122412
[2024-07-26T12:24:12.952+0000] {local_task_job_runner.py:243} INFO - Task exited with return code 0
[2024-07-26T12:24:12.962+0000] {local_task_job_runner.py:222} INFO - ::endgroup::
[2024-07-26T12:29:57.210+0000] {local_task_job_runner.py:120} INFO - ::group::Pre task execution logs
[2024-07-26T12:29:57.251+0000] {taskinstance.py:2076} INFO - Dependencies all met for dep_context=non-requeueable deps ti=<TaskInstance: motower_daily_prod.gen_congestion_task scheduled__2024-06-18T06:00:00+00:00 [queued]>
[2024-07-26T12:29:57.264+0000] {taskinstance.py:2076} INFO - Dependencies all met for dep_context=requeueable deps ti=<TaskInstance: motower_daily_prod.gen_congestion_task scheduled__2024-06-18T06:00:00+00:00 [queued]>
[2024-07-26T12:29:57.264+0000] {taskinstance.py:2306} INFO - Starting attempt 1 of 1
[2024-07-26T12:29:57.279+0000] {taskinstance.py:2330} INFO - Executing <Task(PythonOperator): gen_congestion_task> on 2024-06-18 06:00:00+00:00
[2024-07-26T12:29:57.293+0000] {warnings.py:112} WARNING - /home/***/.local/lib/python3.12/site-packages/***/task/task_runner/standard_task_runner.py:62: DeprecationWarning: This process (pid=2685) is multi-threaded, use of fork() may lead to deadlocks in the child.
  pid = os.fork()

[2024-07-26T12:29:57.295+0000] {standard_task_runner.py:64} INFO - Started process 2695 to run task
[2024-07-26T12:29:57.295+0000] {standard_task_runner.py:90} INFO - Running: ['***', 'tasks', 'run', 'motower_daily_prod', 'gen_congestion_task', 'scheduled__2024-06-18T06:00:00+00:00', '--job-id', '819', '--raw', '--subdir', 'DAGS_FOLDER/gps/custom_dags/motower_daily.py', '--cfg-path', '/tmp/tmpxzecv4_9']
[2024-07-26T12:29:57.298+0000] {standard_task_runner.py:91} INFO - Job 819: Subtask gen_congestion_task
[2024-07-26T12:29:57.351+0000] {task_command.py:426} INFO - Running <TaskInstance: motower_daily_prod.gen_congestion_task scheduled__2024-06-18T06:00:00+00:00 [running]> on host 88c2b04746a4
[2024-07-26T12:29:57.458+0000] {taskinstance.py:2648} INFO - Exporting env vars: AIRFLOW_CTX_DAG_EMAIL='richmond.kongo@orange.com,assane.diop@orange.com,cyrille1.danho@orange.com,mohamed2.sylla@orange.com,amadou.diomande@orange.com,Jonas.kouame@orange.com,armand.kablan@orange.com,anicet.azombade@orange.com,etienne.kouadio@orange.com,bertine.kouakou@orange.com,florentine.kouakou@orange.com,ange.phaceli@orange.com,soulegame.soro@orange.com,innocent.yengo@orange.com' AIRFLOW_CTX_DAG_OWNER='***' AIRFLOW_CTX_DAG_ID='motower_daily_prod' AIRFLOW_CTX_TASK_ID='gen_congestion_task' AIRFLOW_CTX_EXECUTION_DATE='2024-06-18T06:00:00+00:00' AIRFLOW_CTX_TRY_NUMBER='1' AIRFLOW_CTX_DAG_RUN_ID='scheduled__2024-06-18T06:00:00+00:00'
[2024-07-26T12:29:57.460+0000] {taskinstance.py:430} INFO - ::endgroup::
[2024-07-26T12:29:57.533+0000] {python.py:237} INFO - Done. Returned value was: None
[2024-07-26T12:29:57.535+0000] {taskinstance.py:441} INFO - ::group::Post task execution logs
[2024-07-26T12:29:57.547+0000] {taskinstance.py:1206} INFO - Marking task as SUCCESS. dag_id=motower_daily_prod, task_id=gen_congestion_task, run_id=scheduled__2024-06-18T06:00:00+00:00, execution_date=20240618T060000, start_date=20240726T122957, end_date=20240726T122957
[2024-07-26T12:29:57.591+0000] {local_task_job_runner.py:243} INFO - Task exited with return code 0
[2024-07-26T12:29:57.607+0000] {taskinstance.py:3503} INFO - 0 downstream tasks scheduled from follow-on schedule check
[2024-07-26T12:29:57.608+0000] {local_task_job_runner.py:222} INFO - ::endgroup::
[2024-07-26T12:51:07.916+0000] {local_task_job_runner.py:120} INFO - ::group::Pre task execution logs
[2024-07-26T12:51:08.156+0000] {taskinstance.py:2076} INFO - Dependencies all met for dep_context=non-requeueable deps ti=<TaskInstance: motower_daily_prod.gen_congestion_task scheduled__2024-06-18T06:00:00+00:00 [queued]>
[2024-07-26T12:51:08.165+0000] {taskinstance.py:2076} INFO - Dependencies all met for dep_context=requeueable deps ti=<TaskInstance: motower_daily_prod.gen_congestion_task scheduled__2024-06-18T06:00:00+00:00 [queued]>
[2024-07-26T12:51:08.165+0000] {taskinstance.py:2306} INFO - Starting attempt 1 of 1
[2024-07-26T12:51:08.177+0000] {taskinstance.py:2330} INFO - Executing <Task(PythonOperator): gen_congestion_task> on 2024-06-18 06:00:00+00:00
[2024-07-26T12:51:08.191+0000] {warnings.py:112} WARNING - /home/***/.local/lib/python3.12/site-packages/***/task/task_runner/standard_task_runner.py:62: DeprecationWarning: This process (pid=1386) is multi-threaded, use of fork() may lead to deadlocks in the child.
  pid = os.fork()

[2024-07-26T12:51:08.193+0000] {standard_task_runner.py:64} INFO - Started process 1391 to run task
[2024-07-26T12:51:08.193+0000] {standard_task_runner.py:90} INFO - Running: ['***', 'tasks', 'run', 'motower_daily_prod', 'gen_congestion_task', 'scheduled__2024-06-18T06:00:00+00:00', '--job-id', '389', '--raw', '--subdir', 'DAGS_FOLDER/gps/custom_dags/motower_daily.py', '--cfg-path', '/tmp/tmpv1_nbbvp']
[2024-07-26T12:51:08.195+0000] {standard_task_runner.py:91} INFO - Job 389: Subtask gen_congestion_task
[2024-07-26T12:51:08.236+0000] {task_command.py:426} INFO - Running <TaskInstance: motower_daily_prod.gen_congestion_task scheduled__2024-06-18T06:00:00+00:00 [running]> on host e824106b656d
[2024-07-26T12:51:08.310+0000] {taskinstance.py:2648} INFO - Exporting env vars: AIRFLOW_CTX_DAG_EMAIL='richmond.kongo@orange.com,assane.diop@orange.com,cyrille1.danho@orange.com,mohamed2.sylla@orange.com,amadou.diomande@orange.com,Jonas.kouame@orange.com,armand.kablan@orange.com,anicet.azombade@orange.com,etienne.kouadio@orange.com,bertine.kouakou@orange.com,florentine.kouakou@orange.com,ange.phaceli@orange.com,soulegame.soro@orange.com,innocent.yengo@orange.com' AIRFLOW_CTX_DAG_OWNER='***' AIRFLOW_CTX_DAG_ID='motower_daily_prod' AIRFLOW_CTX_TASK_ID='gen_congestion_task' AIRFLOW_CTX_EXECUTION_DATE='2024-06-18T06:00:00+00:00' AIRFLOW_CTX_TRY_NUMBER='1' AIRFLOW_CTX_DAG_RUN_ID='scheduled__2024-06-18T06:00:00+00:00'
[2024-07-26T12:51:08.311+0000] {taskinstance.py:430} INFO - ::endgroup::
[2024-07-26T12:51:08.367+0000] {python.py:237} INFO - Done. Returned value was: None
[2024-07-26T12:51:08.368+0000] {taskinstance.py:441} INFO - ::group::Post task execution logs
[2024-07-26T12:51:08.377+0000] {taskinstance.py:1206} INFO - Marking task as SUCCESS. dag_id=motower_daily_prod, task_id=gen_congestion_task, run_id=scheduled__2024-06-18T06:00:00+00:00, execution_date=20240618T060000, start_date=20240726T125108, end_date=20240726T125108
[2024-07-26T12:51:08.407+0000] {local_task_job_runner.py:243} INFO - Task exited with return code 0
[2024-07-26T12:51:08.416+0000] {local_task_job_runner.py:222} INFO - ::endgroup::
[2024-07-26T12:54:15.314+0000] {local_task_job_runner.py:120} INFO - ::group::Pre task execution logs
[2024-07-26T12:54:15.339+0000] {taskinstance.py:2076} INFO - Dependencies all met for dep_context=non-requeueable deps ti=<TaskInstance: motower_daily_prod.gen_congestion_task scheduled__2024-06-18T06:00:00+00:00 [queued]>
[2024-07-26T12:54:15.348+0000] {taskinstance.py:2076} INFO - Dependencies all met for dep_context=requeueable deps ti=<TaskInstance: motower_daily_prod.gen_congestion_task scheduled__2024-06-18T06:00:00+00:00 [queued]>
[2024-07-26T12:54:15.348+0000] {taskinstance.py:2306} INFO - Starting attempt 1 of 1
[2024-07-26T12:54:15.357+0000] {taskinstance.py:2330} INFO - Executing <Task(PythonOperator): gen_congestion_task> on 2024-06-18 06:00:00+00:00
[2024-07-26T12:54:15.368+0000] {warnings.py:112} WARNING - /home/***/.local/lib/python3.12/site-packages/***/task/task_runner/standard_task_runner.py:62: DeprecationWarning: This process (pid=1949) is multi-threaded, use of fork() may lead to deadlocks in the child.
  pid = os.fork()

[2024-07-26T12:54:15.369+0000] {standard_task_runner.py:64} INFO - Started process 1952 to run task
[2024-07-26T12:54:15.369+0000] {standard_task_runner.py:90} INFO - Running: ['***', 'tasks', 'run', 'motower_daily_prod', 'gen_congestion_task', 'scheduled__2024-06-18T06:00:00+00:00', '--job-id', '564', '--raw', '--subdir', 'DAGS_FOLDER/gps/custom_dags/motower_daily.py', '--cfg-path', '/tmp/tmpilu6g9v7']
[2024-07-26T12:54:15.371+0000] {standard_task_runner.py:91} INFO - Job 564: Subtask gen_congestion_task
[2024-07-26T12:54:15.407+0000] {task_command.py:426} INFO - Running <TaskInstance: motower_daily_prod.gen_congestion_task scheduled__2024-06-18T06:00:00+00:00 [running]> on host e824106b656d
[2024-07-26T12:54:15.487+0000] {taskinstance.py:2648} INFO - Exporting env vars: AIRFLOW_CTX_DAG_EMAIL='richmond.kongo@orange.com,assane.diop@orange.com,cyrille1.danho@orange.com,mohamed2.sylla@orange.com,amadou.diomande@orange.com,Jonas.kouame@orange.com,armand.kablan@orange.com,anicet.azombade@orange.com,etienne.kouadio@orange.com,bertine.kouakou@orange.com,florentine.kouakou@orange.com,ange.phaceli@orange.com,soulegame.soro@orange.com,innocent.yengo@orange.com' AIRFLOW_CTX_DAG_OWNER='***' AIRFLOW_CTX_DAG_ID='motower_daily_prod' AIRFLOW_CTX_TASK_ID='gen_congestion_task' AIRFLOW_CTX_EXECUTION_DATE='2024-06-18T06:00:00+00:00' AIRFLOW_CTX_TRY_NUMBER='1' AIRFLOW_CTX_DAG_RUN_ID='scheduled__2024-06-18T06:00:00+00:00'
[2024-07-26T12:54:15.489+0000] {taskinstance.py:430} INFO - ::endgroup::
[2024-07-26T12:54:15.557+0000] {python.py:237} INFO - Done. Returned value was: None
[2024-07-26T12:54:15.558+0000] {taskinstance.py:441} INFO - ::group::Post task execution logs
[2024-07-26T12:54:15.568+0000] {taskinstance.py:1206} INFO - Marking task as SUCCESS. dag_id=motower_daily_prod, task_id=gen_congestion_task, run_id=scheduled__2024-06-18T06:00:00+00:00, execution_date=20240618T060000, start_date=20240726T125415, end_date=20240726T125415
[2024-07-26T12:54:15.622+0000] {local_task_job_runner.py:243} INFO - Task exited with return code 0
[2024-07-26T12:54:15.631+0000] {local_task_job_runner.py:222} INFO - ::endgroup::
[2024-07-29T11:59:36.788+0000] {local_task_job_runner.py:120} INFO - ::group::Pre task execution logs
[2024-07-29T11:59:36.813+0000] {taskinstance.py:2076} INFO - Dependencies all met for dep_context=non-requeueable deps ti=<TaskInstance: motower_daily_prod.gen_congestion_task scheduled__2024-06-18T06:00:00+00:00 [queued]>
[2024-07-29T11:59:36.821+0000] {taskinstance.py:2076} INFO - Dependencies all met for dep_context=requeueable deps ti=<TaskInstance: motower_daily_prod.gen_congestion_task scheduled__2024-06-18T06:00:00+00:00 [queued]>
[2024-07-29T11:59:36.822+0000] {taskinstance.py:2306} INFO - Starting attempt 1 of 1
[2024-07-29T11:59:36.831+0000] {taskinstance.py:2330} INFO - Executing <Task(PythonOperator): gen_congestion_task> on 2024-06-18 06:00:00+00:00
[2024-07-29T11:59:36.840+0000] {warnings.py:112} WARNING - /home/***/.local/lib/python3.12/site-packages/***/task/task_runner/standard_task_runner.py:62: DeprecationWarning: This process (pid=3131) is multi-threaded, use of fork() may lead to deadlocks in the child.
  pid = os.fork()

[2024-07-29T11:59:36.841+0000] {standard_task_runner.py:64} INFO - Started process 3135 to run task
[2024-07-29T11:59:36.841+0000] {standard_task_runner.py:90} INFO - Running: ['***', 'tasks', 'run', 'motower_daily_prod', 'gen_congestion_task', 'scheduled__2024-06-18T06:00:00+00:00', '--job-id', '848', '--raw', '--subdir', 'DAGS_FOLDER/gps/custom_dags/motower_daily.py', '--cfg-path', '/tmp/tmpaf686won']
[2024-07-29T11:59:36.843+0000] {standard_task_runner.py:91} INFO - Job 848: Subtask gen_congestion_task
[2024-07-29T11:59:36.884+0000] {task_command.py:426} INFO - Running <TaskInstance: motower_daily_prod.gen_congestion_task scheduled__2024-06-18T06:00:00+00:00 [running]> on host e824106b656d
[2024-07-29T11:59:36.972+0000] {taskinstance.py:2648} INFO - Exporting env vars: AIRFLOW_CTX_DAG_EMAIL='richmond.kongo@orange.com,assane.diop@orange.com,cyrille1.danho@orange.com,mohamed2.sylla@orange.com,amadou.diomande@orange.com,Jonas.kouame@orange.com,armand.kablan@orange.com,anicet.azombade@orange.com,etienne.kouadio@orange.com,bertine.kouakou@orange.com,florentine.kouakou@orange.com,ange.phaceli@orange.com,soulegame.soro@orange.com,innocent.yengo@orange.com' AIRFLOW_CTX_DAG_OWNER='***' AIRFLOW_CTX_DAG_ID='motower_daily_prod' AIRFLOW_CTX_TASK_ID='gen_congestion_task' AIRFLOW_CTX_EXECUTION_DATE='2024-06-18T06:00:00+00:00' AIRFLOW_CTX_TRY_NUMBER='1' AIRFLOW_CTX_DAG_RUN_ID='scheduled__2024-06-18T06:00:00+00:00'
[2024-07-29T11:59:36.973+0000] {taskinstance.py:430} INFO - ::endgroup::
[2024-07-29T11:59:37.037+0000] {python.py:237} INFO - Done. Returned value was: None
[2024-07-29T11:59:37.037+0000] {taskinstance.py:441} INFO - ::group::Post task execution logs
[2024-07-29T11:59:37.046+0000] {taskinstance.py:1206} INFO - Marking task as SUCCESS. dag_id=motower_daily_prod, task_id=gen_congestion_task, run_id=scheduled__2024-06-18T06:00:00+00:00, execution_date=20240618T060000, start_date=20240729T115936, end_date=20240729T115937
[2024-07-29T11:59:37.095+0000] {local_task_job_runner.py:243} INFO - Task exited with return code 0
[2024-07-29T11:59:37.103+0000] {local_task_job_runner.py:222} INFO - ::endgroup::
[2024-07-29T14:32:40.169+0000] {local_task_job_runner.py:120} INFO - ::group::Pre task execution logs
[2024-07-29T14:32:40.456+0000] {taskinstance.py:2076} INFO - Dependencies all met for dep_context=non-requeueable deps ti=<TaskInstance: motower_daily_prod.gen_congestion_task scheduled__2024-06-18T06:00:00+00:00 [queued]>
[2024-07-29T14:32:40.470+0000] {taskinstance.py:2076} INFO - Dependencies all met for dep_context=requeueable deps ti=<TaskInstance: motower_daily_prod.gen_congestion_task scheduled__2024-06-18T06:00:00+00:00 [queued]>
[2024-07-29T14:32:40.471+0000] {taskinstance.py:2306} INFO - Starting attempt 1 of 1
[2024-07-29T14:32:40.487+0000] {taskinstance.py:2330} INFO - Executing <Task(PythonOperator): gen_congestion_task> on 2024-06-18 06:00:00+00:00
[2024-07-29T14:32:40.502+0000] {warnings.py:112} WARNING - /home/***/.local/lib/python3.12/site-packages/***/task/task_runner/standard_task_runner.py:62: DeprecationWarning: This process (pid=1158) is multi-threaded, use of fork() may lead to deadlocks in the child.
  pid = os.fork()

[2024-07-29T14:32:40.504+0000] {standard_task_runner.py:64} INFO - Started process 1174 to run task
[2024-07-29T14:32:40.504+0000] {standard_task_runner.py:90} INFO - Running: ['***', 'tasks', 'run', 'motower_daily_prod', 'gen_congestion_task', 'scheduled__2024-06-18T06:00:00+00:00', '--job-id', '1242', '--raw', '--subdir', 'DAGS_FOLDER/gps/custom_dags/motower_daily.py', '--cfg-path', '/tmp/tmp6rfzjmcu']
[2024-07-29T14:32:40.506+0000] {standard_task_runner.py:91} INFO - Job 1242: Subtask gen_congestion_task
[2024-07-29T14:32:40.560+0000] {task_command.py:426} INFO - Running <TaskInstance: motower_daily_prod.gen_congestion_task scheduled__2024-06-18T06:00:00+00:00 [running]> on host e824106b656d
[2024-07-29T14:32:40.675+0000] {taskinstance.py:2648} INFO - Exporting env vars: AIRFLOW_CTX_DAG_EMAIL='richmond.kongo@orange.com,assane.diop@orange.com,cyrille1.danho@orange.com,mohamed2.sylla@orange.com,amadou.diomande@orange.com,Jonas.kouame@orange.com,armand.kablan@orange.com,anicet.azombade@orange.com,etienne.kouadio@orange.com,bertine.kouakou@orange.com,florentine.kouakou@orange.com,ange.phaceli@orange.com,soulegame.soro@orange.com,innocent.yengo@orange.com' AIRFLOW_CTX_DAG_OWNER='***' AIRFLOW_CTX_DAG_ID='motower_daily_prod' AIRFLOW_CTX_TASK_ID='gen_congestion_task' AIRFLOW_CTX_EXECUTION_DATE='2024-06-18T06:00:00+00:00' AIRFLOW_CTX_TRY_NUMBER='1' AIRFLOW_CTX_DAG_RUN_ID='scheduled__2024-06-18T06:00:00+00:00'
[2024-07-29T14:32:40.677+0000] {taskinstance.py:430} INFO - ::endgroup::
[2024-07-29T14:32:40.771+0000] {python.py:237} INFO - Done. Returned value was: None
[2024-07-29T14:32:40.773+0000] {taskinstance.py:441} INFO - ::group::Post task execution logs
[2024-07-29T14:32:40.783+0000] {taskinstance.py:1206} INFO - Marking task as SUCCESS. dag_id=motower_daily_prod, task_id=gen_congestion_task, run_id=scheduled__2024-06-18T06:00:00+00:00, execution_date=20240618T060000, start_date=20240729T143240, end_date=20240729T143240
[2024-07-29T14:32:40.838+0000] {local_task_job_runner.py:243} INFO - Task exited with return code 0
[2024-07-29T14:32:40.846+0000] {local_task_job_runner.py:222} INFO - ::endgroup::
[2024-07-30T09:02:29.468+0000] {local_task_job_runner.py:120} INFO - ::group::Pre task execution logs
[2024-07-30T09:02:29.856+0000] {taskinstance.py:2076} INFO - Dependencies all met for dep_context=non-requeueable deps ti=<TaskInstance: motower_daily_prod.gen_congestion_task scheduled__2024-06-18T06:00:00+00:00 [queued]>
[2024-07-30T09:02:29.892+0000] {taskinstance.py:2076} INFO - Dependencies all met for dep_context=requeueable deps ti=<TaskInstance: motower_daily_prod.gen_congestion_task scheduled__2024-06-18T06:00:00+00:00 [queued]>
[2024-07-30T09:02:29.893+0000] {taskinstance.py:2306} INFO - Starting attempt 1 of 1
[2024-07-30T09:02:29.922+0000] {taskinstance.py:2330} INFO - Executing <Task(PythonOperator): gen_congestion_task> on 2024-06-18 06:00:00+00:00
[2024-07-30T09:02:29.939+0000] {warnings.py:112} WARNING - /home/***/.local/lib/python3.12/site-packages/***/task/task_runner/standard_task_runner.py:62: DeprecationWarning: This process (pid=327) is multi-threaded, use of fork() may lead to deadlocks in the child.
  pid = os.fork()

[2024-07-30T09:02:29.942+0000] {standard_task_runner.py:64} INFO - Started process 341 to run task
[2024-07-30T09:02:29.948+0000] {standard_task_runner.py:90} INFO - Running: ['***', 'tasks', 'run', 'motower_daily_prod', 'gen_congestion_task', 'scheduled__2024-06-18T06:00:00+00:00', '--job-id', '112', '--raw', '--subdir', 'DAGS_FOLDER/gps/custom_dags/motower_daily.py', '--cfg-path', '/tmp/tmplry0mzmh']
[2024-07-30T09:02:29.952+0000] {standard_task_runner.py:91} INFO - Job 112: Subtask gen_congestion_task
[2024-07-30T09:02:30.040+0000] {task_command.py:426} INFO - Running <TaskInstance: motower_daily_prod.gen_congestion_task scheduled__2024-06-18T06:00:00+00:00 [running]> on host 7d7c82e77e1e
[2024-07-30T09:02:30.294+0000] {taskinstance.py:2648} INFO - Exporting env vars: AIRFLOW_CTX_DAG_EMAIL='richmond.kongo@orange.com,assane.diop@orange.com,cyrille1.danho@orange.com,mohamed2.sylla@orange.com,amadou.diomande@orange.com,Jonas.kouame@orange.com,armand.kablan@orange.com,anicet.azombade@orange.com,etienne.kouadio@orange.com,bertine.kouakou@orange.com,florentine.kouakou@orange.com,ange.phaceli@orange.com,soulegame.soro@orange.com,innocent.yengo@orange.com' AIRFLOW_CTX_DAG_OWNER='***' AIRFLOW_CTX_DAG_ID='motower_daily_prod' AIRFLOW_CTX_TASK_ID='gen_congestion_task' AIRFLOW_CTX_EXECUTION_DATE='2024-06-18T06:00:00+00:00' AIRFLOW_CTX_TRY_NUMBER='1' AIRFLOW_CTX_DAG_RUN_ID='scheduled__2024-06-18T06:00:00+00:00'
[2024-07-30T09:02:30.296+0000] {taskinstance.py:430} INFO - ::endgroup::
[2024-07-30T09:02:30.446+0000] {python.py:237} INFO - Done. Returned value was: None
[2024-07-30T09:02:30.447+0000] {taskinstance.py:441} INFO - ::group::Post task execution logs
[2024-07-30T09:02:30.465+0000] {taskinstance.py:1206} INFO - Marking task as SUCCESS. dag_id=motower_daily_prod, task_id=gen_congestion_task, run_id=scheduled__2024-06-18T06:00:00+00:00, execution_date=20240618T060000, start_date=20240730T090229, end_date=20240730T090230
[2024-07-30T09:02:30.519+0000] {local_task_job_runner.py:243} INFO - Task exited with return code 0
[2024-07-30T09:02:30.561+0000] {taskinstance.py:3503} INFO - 0 downstream tasks scheduled from follow-on schedule check
[2024-07-30T09:02:30.564+0000] {local_task_job_runner.py:222} INFO - ::endgroup::
[2024-07-30T11:14:11.775+0000] {local_task_job_runner.py:120} INFO - ::group::Pre task execution logs
[2024-07-30T11:14:12.046+0000] {taskinstance.py:2076} INFO - Dependencies all met for dep_context=non-requeueable deps ti=<TaskInstance: motower_daily_prod.gen_congestion_task scheduled__2024-06-18T06:00:00+00:00 [queued]>
[2024-07-30T11:14:12.069+0000] {taskinstance.py:2076} INFO - Dependencies all met for dep_context=requeueable deps ti=<TaskInstance: motower_daily_prod.gen_congestion_task scheduled__2024-06-18T06:00:00+00:00 [queued]>
[2024-07-30T11:14:12.069+0000] {taskinstance.py:2306} INFO - Starting attempt 1 of 1
[2024-07-30T11:14:12.094+0000] {taskinstance.py:2330} INFO - Executing <Task(PythonOperator): gen_congestion_task> on 2024-06-18 06:00:00+00:00
[2024-07-30T11:14:12.109+0000] {warnings.py:112} WARNING - /home/***/.local/lib/python3.12/site-packages/***/task/task_runner/standard_task_runner.py:62: DeprecationWarning: This process (pid=3264) is multi-threaded, use of fork() may lead to deadlocks in the child.
  pid = os.fork()

[2024-07-30T11:14:12.111+0000] {standard_task_runner.py:64} INFO - Started process 3274 to run task
[2024-07-30T11:14:12.112+0000] {standard_task_runner.py:90} INFO - Running: ['***', 'tasks', 'run', 'motower_daily_prod', 'gen_congestion_task', 'scheduled__2024-06-18T06:00:00+00:00', '--job-id', '526', '--raw', '--subdir', 'DAGS_FOLDER/gps/custom_dags/motower_daily.py', '--cfg-path', '/tmp/tmp1iuff9ql']
[2024-07-30T11:14:12.116+0000] {standard_task_runner.py:91} INFO - Job 526: Subtask gen_congestion_task
[2024-07-30T11:14:12.216+0000] {task_command.py:426} INFO - Running <TaskInstance: motower_daily_prod.gen_congestion_task scheduled__2024-06-18T06:00:00+00:00 [running]> on host 7d7c82e77e1e
[2024-07-30T11:14:12.447+0000] {taskinstance.py:2648} INFO - Exporting env vars: AIRFLOW_CTX_DAG_EMAIL='richmond.kongo@orange.com,assane.diop@orange.com,cyrille1.danho@orange.com,mohamed2.sylla@orange.com,amadou.diomande@orange.com,Jonas.kouame@orange.com,armand.kablan@orange.com,anicet.azombade@orange.com,etienne.kouadio@orange.com,bertine.kouakou@orange.com,florentine.kouakou@orange.com,ange.phaceli@orange.com,soulegame.soro@orange.com,innocent.yengo@orange.com' AIRFLOW_CTX_DAG_OWNER='***' AIRFLOW_CTX_DAG_ID='motower_daily_prod' AIRFLOW_CTX_TASK_ID='gen_congestion_task' AIRFLOW_CTX_EXECUTION_DATE='2024-06-18T06:00:00+00:00' AIRFLOW_CTX_TRY_NUMBER='1' AIRFLOW_CTX_DAG_RUN_ID='scheduled__2024-06-18T06:00:00+00:00'
[2024-07-30T11:14:12.449+0000] {taskinstance.py:430} INFO - ::endgroup::
[2024-07-30T11:14:12.629+0000] {python.py:237} INFO - Done. Returned value was: None
[2024-07-30T11:14:12.630+0000] {taskinstance.py:441} INFO - ::group::Post task execution logs
[2024-07-30T11:14:12.651+0000] {taskinstance.py:1206} INFO - Marking task as SUCCESS. dag_id=motower_daily_prod, task_id=gen_congestion_task, run_id=scheduled__2024-06-18T06:00:00+00:00, execution_date=20240618T060000, start_date=20240730T111412, end_date=20240730T111412
[2024-07-30T11:14:12.694+0000] {local_task_job_runner.py:243} INFO - Task exited with return code 0
[2024-07-30T11:14:12.729+0000] {taskinstance.py:3503} INFO - 0 downstream tasks scheduled from follow-on schedule check
[2024-07-30T11:14:12.731+0000] {local_task_job_runner.py:222} INFO - ::endgroup::
[2024-08-02T12:24:06.656+0000] {local_task_job_runner.py:120} INFO - ::group::Pre task execution logs
[2024-08-02T12:24:06.770+0000] {taskinstance.py:2076} INFO - Dependencies all met for dep_context=non-requeueable deps ti=<TaskInstance: motower_daily_prod.gen_congestion_task scheduled__2024-06-18T06:00:00+00:00 [queued]>
[2024-08-02T12:24:06.806+0000] {taskinstance.py:2076} INFO - Dependencies all met for dep_context=requeueable deps ti=<TaskInstance: motower_daily_prod.gen_congestion_task scheduled__2024-06-18T06:00:00+00:00 [queued]>
[2024-08-02T12:24:06.807+0000] {taskinstance.py:2306} INFO - Starting attempt 1 of 1
[2024-08-02T12:24:06.867+0000] {taskinstance.py:2330} INFO - Executing <Task(PythonOperator): gen_congestion_task> on 2024-06-18 06:00:00+00:00
[2024-08-02T12:24:06.890+0000] {warnings.py:112} WARNING - /home/***/.local/lib/python3.12/site-packages/***/task/task_runner/standard_task_runner.py:62: DeprecationWarning: This process (pid=1090) is multi-threaded, use of fork() may lead to deadlocks in the child.
  pid = os.fork()

[2024-08-02T12:24:06.892+0000] {standard_task_runner.py:64} INFO - Started process 1103 to run task
[2024-08-02T12:24:06.902+0000] {standard_task_runner.py:90} INFO - Running: ['***', 'tasks', 'run', 'motower_daily_prod', 'gen_congestion_task', 'scheduled__2024-06-18T06:00:00+00:00', '--job-id', '943', '--raw', '--subdir', 'DAGS_FOLDER/gps/custom_dags/motower_daily.py', '--cfg-path', '/tmp/tmpin3dw8fo']
[2024-08-02T12:24:06.911+0000] {standard_task_runner.py:91} INFO - Job 943: Subtask gen_congestion_task
[2024-08-02T12:24:07.051+0000] {task_command.py:426} INFO - Running <TaskInstance: motower_daily_prod.gen_congestion_task scheduled__2024-06-18T06:00:00+00:00 [running]> on host 0ed00079025b
[2024-08-02T12:24:07.326+0000] {taskinstance.py:2648} INFO - Exporting env vars: AIRFLOW_CTX_DAG_EMAIL='richmond.kongo@orange.com,assane.diop@orange.com,cyrille1.danho@orange.com,mohamed2.sylla@orange.com,amadou.diomande@orange.com,Jonas.kouame@orange.com,armand.kablan@orange.com,anicet.azombade@orange.com,etienne.kouadio@orange.com,bertine.kouakou@orange.com,florentine.kouakou@orange.com,ange.phaceli@orange.com,soulegame.soro@orange.com,innocent.yengo@orange.com' AIRFLOW_CTX_DAG_OWNER='***' AIRFLOW_CTX_DAG_ID='motower_daily_prod' AIRFLOW_CTX_TASK_ID='gen_congestion_task' AIRFLOW_CTX_EXECUTION_DATE='2024-06-18T06:00:00+00:00' AIRFLOW_CTX_TRY_NUMBER='1' AIRFLOW_CTX_DAG_RUN_ID='scheduled__2024-06-18T06:00:00+00:00'
[2024-08-02T12:24:07.328+0000] {taskinstance.py:430} INFO - ::endgroup::
[2024-08-02T12:24:07.518+0000] {python.py:237} INFO - Done. Returned value was: None
[2024-08-02T12:24:07.520+0000] {taskinstance.py:441} INFO - ::group::Post task execution logs
[2024-08-02T12:24:07.540+0000] {taskinstance.py:1206} INFO - Marking task as SUCCESS. dag_id=motower_daily_prod, task_id=gen_congestion_task, run_id=scheduled__2024-06-18T06:00:00+00:00, execution_date=20240618T060000, start_date=20240802T122406, end_date=20240802T122407
[2024-08-02T12:24:07.937+0000] {local_task_job_runner.py:243} INFO - Task exited with return code 0
[2024-08-02T12:24:07.974+0000] {taskinstance.py:3503} INFO - 0 downstream tasks scheduled from follow-on schedule check
[2024-08-02T12:24:07.976+0000] {local_task_job_runner.py:222} INFO - ::endgroup::
