[2024-08-06T17:07:11.313+0000] {local_task_job_runner.py:120} INFO - ::group::Pre task execution logs
[2024-08-06T17:07:11.407+0000] {taskinstance.py:2076} INFO - Dependencies all met for dep_context=non-requeueable deps ti=<TaskInstance: motower_daily_prod.gen_congestion_task scheduled__2024-03-20T06:00:00+00:00 [queued]>
[2024-08-06T17:07:11.435+0000] {taskinstance.py:2076} INFO - Dependencies all met for dep_context=requeueable deps ti=<TaskInstance: motower_daily_prod.gen_congestion_task scheduled__2024-03-20T06:00:00+00:00 [queued]>
[2024-08-06T17:07:11.436+0000] {taskinstance.py:2306} INFO - Starting attempt 1 of 1
[2024-08-06T17:07:11.466+0000] {taskinstance.py:2330} INFO - Executing <Task(PythonOperator): gen_congestion_task> on 2024-03-20 06:00:00+00:00
[2024-08-06T17:07:11.486+0000] {warnings.py:112} WARNING - /home/***/.local/lib/python3.12/site-packages/***/task/task_runner/standard_task_runner.py:62: DeprecationWarning: This process (pid=3297) is multi-threaded, use of fork() may lead to deadlocks in the child.
  pid = os.fork()

[2024-08-06T17:07:11.489+0000] {standard_task_runner.py:64} INFO - Started process 3313 to run task
[2024-08-06T17:07:11.491+0000] {standard_task_runner.py:90} INFO - Running: ['***', 'tasks', 'run', 'motower_daily_prod', 'gen_congestion_task', 'scheduled__2024-03-20T06:00:00+00:00', '--job-id', '767', '--raw', '--subdir', 'DAGS_FOLDER/gps/custom_dags/motower_daily.py', '--cfg-path', '/tmp/tmpgcgo_0pq']
[2024-08-06T17:07:11.497+0000] {standard_task_runner.py:91} INFO - Job 767: Subtask gen_congestion_task
[2024-08-06T17:07:11.600+0000] {task_command.py:426} INFO - Running <TaskInstance: motower_daily_prod.gen_congestion_task scheduled__2024-03-20T06:00:00+00:00 [running]> on host 13681191f11c
[2024-08-06T17:07:11.902+0000] {taskinstance.py:2648} INFO - Exporting env vars: AIRFLOW_CTX_DAG_EMAIL='richmond.kongo@orange.com,assane.diop@orange.com,cyrille1.danho@orange.com,mohamed2.sylla@orange.com,amadou.diomande@orange.com,Jonas.kouame@orange.com,armand.kablan@orange.com,anicet.azombade@orange.com,etienne.kouadio@orange.com,bertine.kouakou@orange.com,florentine.kouakou@orange.com,ange.phaceli@orange.com,soulegame.soro@orange.com,innocent.yengo@orange.com' AIRFLOW_CTX_DAG_OWNER='***' AIRFLOW_CTX_DAG_ID='motower_daily_prod' AIRFLOW_CTX_TASK_ID='gen_congestion_task' AIRFLOW_CTX_EXECUTION_DATE='2024-03-20T06:00:00+00:00' AIRFLOW_CTX_TRY_NUMBER='1' AIRFLOW_CTX_DAG_RUN_ID='scheduled__2024-03-20T06:00:00+00:00'
[2024-08-06T17:07:11.903+0000] {taskinstance.py:430} INFO - ::endgroup::
[2024-08-06T17:07:12.967+0000] {python.py:237} INFO - Done. Returned value was: None
[2024-08-06T17:07:12.968+0000] {taskinstance.py:441} INFO - ::group::Post task execution logs
[2024-08-06T17:07:12.991+0000] {taskinstance.py:1206} INFO - Marking task as SUCCESS. dag_id=motower_daily_prod, task_id=gen_congestion_task, run_id=scheduled__2024-03-20T06:00:00+00:00, execution_date=20240320T060000, start_date=20240806T170711, end_date=20240806T170712
[2024-08-06T17:07:13.056+0000] {local_task_job_runner.py:243} INFO - Task exited with return code 0
[2024-08-06T17:07:13.103+0000] {local_task_job_runner.py:222} INFO - ::endgroup::
[2024-08-06T17:37:25.443+0000] {local_task_job_runner.py:120} INFO - ::group::Pre task execution logs
[2024-08-06T17:37:25.531+0000] {taskinstance.py:2076} INFO - Dependencies all met for dep_context=non-requeueable deps ti=<TaskInstance: motower_daily_prod.gen_congestion_task scheduled__2024-03-20T06:00:00+00:00 [queued]>
[2024-08-06T17:37:25.570+0000] {taskinstance.py:2076} INFO - Dependencies all met for dep_context=requeueable deps ti=<TaskInstance: motower_daily_prod.gen_congestion_task scheduled__2024-03-20T06:00:00+00:00 [queued]>
[2024-08-06T17:37:25.570+0000] {taskinstance.py:2306} INFO - Starting attempt 1 of 1
[2024-08-06T17:37:25.609+0000] {taskinstance.py:2330} INFO - Executing <Task(PythonOperator): gen_congestion_task> on 2024-03-20 06:00:00+00:00
[2024-08-06T17:37:25.627+0000] {warnings.py:112} WARNING - /home/***/.local/lib/python3.12/site-packages/***/task/task_runner/standard_task_runner.py:62: DeprecationWarning: This process (pid=7438) is multi-threaded, use of fork() may lead to deadlocks in the child.
  pid = os.fork()

[2024-08-06T17:37:25.630+0000] {standard_task_runner.py:64} INFO - Started process 7445 to run task
[2024-08-06T17:37:25.635+0000] {standard_task_runner.py:90} INFO - Running: ['***', 'tasks', 'run', 'motower_daily_prod', 'gen_congestion_task', 'scheduled__2024-03-20T06:00:00+00:00', '--job-id', '2025', '--raw', '--subdir', 'DAGS_FOLDER/gps/custom_dags/motower_daily.py', '--cfg-path', '/tmp/tmp6v3afjpc']
[2024-08-06T17:37:25.639+0000] {standard_task_runner.py:91} INFO - Job 2025: Subtask gen_congestion_task
[2024-08-06T17:37:25.738+0000] {task_command.py:426} INFO - Running <TaskInstance: motower_daily_prod.gen_congestion_task scheduled__2024-03-20T06:00:00+00:00 [running]> on host 13681191f11c
[2024-08-06T17:37:25.982+0000] {taskinstance.py:2648} INFO - Exporting env vars: AIRFLOW_CTX_DAG_EMAIL='richmond.kongo@orange.com,assane.diop@orange.com,cyrille1.danho@orange.com,mohamed2.sylla@orange.com,amadou.diomande@orange.com,Jonas.kouame@orange.com,armand.kablan@orange.com,anicet.azombade@orange.com,etienne.kouadio@orange.com,bertine.kouakou@orange.com,florentine.kouakou@orange.com,ange.phaceli@orange.com,soulegame.soro@orange.com,innocent.yengo@orange.com' AIRFLOW_CTX_DAG_OWNER='***' AIRFLOW_CTX_DAG_ID='motower_daily_prod' AIRFLOW_CTX_TASK_ID='gen_congestion_task' AIRFLOW_CTX_EXECUTION_DATE='2024-03-20T06:00:00+00:00' AIRFLOW_CTX_TRY_NUMBER='1' AIRFLOW_CTX_DAG_RUN_ID='scheduled__2024-03-20T06:00:00+00:00'
[2024-08-06T17:37:25.984+0000] {taskinstance.py:430} INFO - ::endgroup::
[2024-08-06T17:37:26.923+0000] {python.py:237} INFO - Done. Returned value was: None
[2024-08-06T17:37:26.924+0000] {taskinstance.py:441} INFO - ::group::Post task execution logs
[2024-08-06T17:37:26.946+0000] {taskinstance.py:1206} INFO - Marking task as SUCCESS. dag_id=motower_daily_prod, task_id=gen_congestion_task, run_id=scheduled__2024-03-20T06:00:00+00:00, execution_date=20240320T060000, start_date=20240806T173725, end_date=20240806T173726
[2024-08-06T17:37:27.008+0000] {local_task_job_runner.py:243} INFO - Task exited with return code 0
[2024-08-06T17:37:27.025+0000] {local_task_job_runner.py:222} INFO - ::endgroup::
[2024-08-06T18:24:53.548+0000] {local_task_job_runner.py:120} INFO - ::group::Pre task execution logs
[2024-08-06T18:24:53.600+0000] {taskinstance.py:2076} INFO - Dependencies all met for dep_context=non-requeueable deps ti=<TaskInstance: motower_daily_prod.gen_congestion_task scheduled__2024-03-20T06:00:00+00:00 [queued]>
[2024-08-06T18:24:53.619+0000] {taskinstance.py:2076} INFO - Dependencies all met for dep_context=requeueable deps ti=<TaskInstance: motower_daily_prod.gen_congestion_task scheduled__2024-03-20T06:00:00+00:00 [queued]>
[2024-08-06T18:24:53.619+0000] {taskinstance.py:2306} INFO - Starting attempt 1 of 1
[2024-08-06T18:24:53.641+0000] {taskinstance.py:2330} INFO - Executing <Task(PythonOperator): gen_congestion_task> on 2024-03-20 06:00:00+00:00
[2024-08-06T18:24:53.653+0000] {warnings.py:112} WARNING - /home/***/.local/lib/python3.12/site-packages/***/task/task_runner/standard_task_runner.py:62: DeprecationWarning: This process (pid=11270) is multi-threaded, use of fork() may lead to deadlocks in the child.
  pid = os.fork()

[2024-08-06T18:24:53.654+0000] {standard_task_runner.py:64} INFO - Started process 11276 to run task
[2024-08-06T18:24:53.656+0000] {standard_task_runner.py:90} INFO - Running: ['***', 'tasks', 'run', 'motower_daily_prod', 'gen_congestion_task', 'scheduled__2024-03-20T06:00:00+00:00', '--job-id', '3113', '--raw', '--subdir', 'DAGS_FOLDER/gps/custom_dags/motower_daily.py', '--cfg-path', '/tmp/tmpwi7eqwuq']
[2024-08-06T18:24:53.659+0000] {standard_task_runner.py:91} INFO - Job 3113: Subtask gen_congestion_task
[2024-08-06T18:24:53.726+0000] {task_command.py:426} INFO - Running <TaskInstance: motower_daily_prod.gen_congestion_task scheduled__2024-03-20T06:00:00+00:00 [running]> on host 13681191f11c
[2024-08-06T18:24:53.881+0000] {taskinstance.py:2648} INFO - Exporting env vars: AIRFLOW_CTX_DAG_EMAIL='richmond.kongo@orange.com,assane.diop@orange.com,cyrille1.danho@orange.com,mohamed2.sylla@orange.com,amadou.diomande@orange.com,Jonas.kouame@orange.com,armand.kablan@orange.com,anicet.azombade@orange.com,etienne.kouadio@orange.com,bertine.kouakou@orange.com,florentine.kouakou@orange.com,ange.phaceli@orange.com,soulegame.soro@orange.com,innocent.yengo@orange.com' AIRFLOW_CTX_DAG_OWNER='***' AIRFLOW_CTX_DAG_ID='motower_daily_prod' AIRFLOW_CTX_TASK_ID='gen_congestion_task' AIRFLOW_CTX_EXECUTION_DATE='2024-03-20T06:00:00+00:00' AIRFLOW_CTX_TRY_NUMBER='1' AIRFLOW_CTX_DAG_RUN_ID='scheduled__2024-03-20T06:00:00+00:00'
[2024-08-06T18:24:53.883+0000] {taskinstance.py:430} INFO - ::endgroup::
[2024-08-06T18:24:54.349+0000] {python.py:237} INFO - Done. Returned value was: None
[2024-08-06T18:24:54.350+0000] {taskinstance.py:441} INFO - ::group::Post task execution logs
[2024-08-06T18:24:54.363+0000] {taskinstance.py:1206} INFO - Marking task as SUCCESS. dag_id=motower_daily_prod, task_id=gen_congestion_task, run_id=scheduled__2024-03-20T06:00:00+00:00, execution_date=20240320T060000, start_date=20240806T182453, end_date=20240806T182454
[2024-08-06T18:24:54.390+0000] {local_task_job_runner.py:243} INFO - Task exited with return code 0
[2024-08-06T18:24:54.413+0000] {taskinstance.py:3503} INFO - 0 downstream tasks scheduled from follow-on schedule check
[2024-08-06T18:24:54.415+0000] {local_task_job_runner.py:222} INFO - ::endgroup::
