[2024-08-06T17:05:18.591+0000] {local_task_job_runner.py:120} INFO - ::group::Pre task execution logs
[2024-08-06T17:05:18.693+0000] {taskinstance.py:2076} INFO - Dependencies all met for dep_context=non-requeueable deps ti=<TaskInstance: motower_daily_prod.extract_congestion scheduled__2024-03-08T06:00:00+00:00 [queued]>
[2024-08-06T17:05:18.732+0000] {taskinstance.py:2076} INFO - Dependencies all met for dep_context=requeueable deps ti=<TaskInstance: motower_daily_prod.extract_congestion scheduled__2024-03-08T06:00:00+00:00 [queued]>
[2024-08-06T17:05:18.733+0000] {taskinstance.py:2306} INFO - Starting attempt 1 of 1
[2024-08-06T17:05:19.009+0000] {taskinstance.py:2330} INFO - Executing <Task(PythonOperator): extract_congestion> on 2024-03-08 06:00:00+00:00
[2024-08-06T17:05:19.026+0000] {warnings.py:112} WARNING - /home/***/.local/lib/python3.12/site-packages/***/task/task_runner/standard_task_runner.py:62: DeprecationWarning: This process (pid=2916) is multi-threaded, use of fork() may lead to deadlocks in the child.
  pid = os.fork()

[2024-08-06T17:05:19.028+0000] {standard_task_runner.py:64} INFO - Started process 2933 to run task
[2024-08-06T17:05:19.035+0000] {standard_task_runner.py:90} INFO - Running: ['***', 'tasks', 'run', 'motower_daily_prod', 'extract_congestion', 'scheduled__2024-03-08T06:00:00+00:00', '--job-id', '645', '--raw', '--subdir', 'DAGS_FOLDER/gps/custom_dags/motower_daily.py', '--cfg-path', '/tmp/tmpwcbacilb']
[2024-08-06T17:05:19.039+0000] {standard_task_runner.py:91} INFO - Job 645: Subtask extract_congestion
[2024-08-06T17:05:19.194+0000] {task_command.py:426} INFO - Running <TaskInstance: motower_daily_prod.extract_congestion scheduled__2024-03-08T06:00:00+00:00 [running]> on host 13681191f11c
[2024-08-06T17:05:19.579+0000] {taskinstance.py:2648} INFO - Exporting env vars: AIRFLOW_CTX_DAG_EMAIL='richmond.kongo@orange.com,assane.diop@orange.com,cyrille1.danho@orange.com,mohamed2.sylla@orange.com,amadou.diomande@orange.com,Jonas.kouame@orange.com,armand.kablan@orange.com,anicet.azombade@orange.com,etienne.kouadio@orange.com,bertine.kouakou@orange.com,florentine.kouakou@orange.com,ange.phaceli@orange.com,soulegame.soro@orange.com,innocent.yengo@orange.com' AIRFLOW_CTX_DAG_OWNER='***' AIRFLOW_CTX_DAG_ID='motower_daily_prod' AIRFLOW_CTX_TASK_ID='extract_congestion' AIRFLOW_CTX_EXECUTION_DATE='2024-03-08T06:00:00+00:00' AIRFLOW_CTX_TRY_NUMBER='1' AIRFLOW_CTX_DAG_RUN_ID='scheduled__2024-03-08T06:00:00+00:00'
[2024-08-06T17:05:19.581+0000] {taskinstance.py:430} INFO - ::endgroup::
[2024-08-06T17:05:19.625+0000] {extract.py:126} INFO - Getting data of the table ks_hebdo_tdb_radio_drsi 
[2024-08-06T17:05:19.626+0000] {extract.py:127} INFO - where date is 2024-03-07
[2024-08-06T17:05:19.626+0000] {extract.py:98} INFO - get data to date 10 and year 2024
[2024-08-06T17:05:19.656+0000] {warnings.py:112} WARNING - /opt/***/dags/gps/common/extract.py:99: UserWarning: pandas only supports SQLAlchemy connectable (engine/connection) or database string URI or sqlite3 DBAPI2 connection. Other DBAPI2 objects are not tested. Please consider using SQLAlchemy.
  df_ = pd.read_sql_query(sql_query, conn, params=params)

[2024-08-06T17:05:20.210+0000] {rwminio.py:19} INFO - start to save data
[2024-08-06T17:05:20.658+0000] {rwminio.py:34} INFO - data in minio ok
[2024-08-06T17:05:20.667+0000] {python.py:237} INFO - Done. Returned value was: None
[2024-08-06T17:05:20.668+0000] {taskinstance.py:441} INFO - ::group::Post task execution logs
[2024-08-06T17:05:20.716+0000] {taskinstance.py:1206} INFO - Marking task as SUCCESS. dag_id=motower_daily_prod, task_id=extract_congestion, run_id=scheduled__2024-03-08T06:00:00+00:00, execution_date=20240308T060000, start_date=20240806T170518, end_date=20240806T170520
[2024-08-06T17:05:20.809+0000] {local_task_job_runner.py:243} INFO - Task exited with return code 0
[2024-08-06T17:05:20.872+0000] {taskinstance.py:3503} INFO - 0 downstream tasks scheduled from follow-on schedule check
[2024-08-06T17:05:20.879+0000] {local_task_job_runner.py:222} INFO - ::endgroup::
[2024-08-06T17:35:53.767+0000] {local_task_job_runner.py:120} INFO - ::group::Pre task execution logs
[2024-08-06T17:35:53.825+0000] {taskinstance.py:2076} INFO - Dependencies all met for dep_context=non-requeueable deps ti=<TaskInstance: motower_daily_prod.extract_congestion scheduled__2024-03-08T06:00:00+00:00 [queued]>
[2024-08-06T17:35:53.848+0000] {taskinstance.py:2076} INFO - Dependencies all met for dep_context=requeueable deps ti=<TaskInstance: motower_daily_prod.extract_congestion scheduled__2024-03-08T06:00:00+00:00 [queued]>
[2024-08-06T17:35:53.848+0000] {taskinstance.py:2306} INFO - Starting attempt 1 of 1
[2024-08-06T17:35:53.868+0000] {taskinstance.py:2330} INFO - Executing <Task(PythonOperator): extract_congestion> on 2024-03-08 06:00:00+00:00
[2024-08-06T17:35:53.878+0000] {warnings.py:112} WARNING - /home/***/.local/lib/python3.12/site-packages/***/task/task_runner/standard_task_runner.py:62: DeprecationWarning: This process (pid=7082) is multi-threaded, use of fork() may lead to deadlocks in the child.
  pid = os.fork()

[2024-08-06T17:35:53.879+0000] {standard_task_runner.py:64} INFO - Started process 7091 to run task
[2024-08-06T17:35:53.880+0000] {standard_task_runner.py:90} INFO - Running: ['***', 'tasks', 'run', 'motower_daily_prod', 'extract_congestion', 'scheduled__2024-03-08T06:00:00+00:00', '--job-id', '1915', '--raw', '--subdir', 'DAGS_FOLDER/gps/custom_dags/motower_daily.py', '--cfg-path', '/tmp/tmpnn7i_y1j']
[2024-08-06T17:35:53.883+0000] {standard_task_runner.py:91} INFO - Job 1915: Subtask extract_congestion
[2024-08-06T17:35:53.942+0000] {task_command.py:426} INFO - Running <TaskInstance: motower_daily_prod.extract_congestion scheduled__2024-03-08T06:00:00+00:00 [running]> on host 13681191f11c
[2024-08-06T17:35:54.104+0000] {taskinstance.py:2648} INFO - Exporting env vars: AIRFLOW_CTX_DAG_EMAIL='richmond.kongo@orange.com,assane.diop@orange.com,cyrille1.danho@orange.com,mohamed2.sylla@orange.com,amadou.diomande@orange.com,Jonas.kouame@orange.com,armand.kablan@orange.com,anicet.azombade@orange.com,etienne.kouadio@orange.com,bertine.kouakou@orange.com,florentine.kouakou@orange.com,ange.phaceli@orange.com,soulegame.soro@orange.com,innocent.yengo@orange.com' AIRFLOW_CTX_DAG_OWNER='***' AIRFLOW_CTX_DAG_ID='motower_daily_prod' AIRFLOW_CTX_TASK_ID='extract_congestion' AIRFLOW_CTX_EXECUTION_DATE='2024-03-08T06:00:00+00:00' AIRFLOW_CTX_TRY_NUMBER='1' AIRFLOW_CTX_DAG_RUN_ID='scheduled__2024-03-08T06:00:00+00:00'
[2024-08-06T17:35:54.106+0000] {taskinstance.py:430} INFO - ::endgroup::
[2024-08-06T17:35:54.141+0000] {extract.py:126} INFO - Getting data of the table ks_hebdo_tdb_radio_drsi 
[2024-08-06T17:35:54.142+0000] {extract.py:127} INFO - where date is 2024-03-07
[2024-08-06T17:35:54.142+0000] {extract.py:98} INFO - get data to date 10 and year 2024
[2024-08-06T17:35:54.153+0000] {warnings.py:112} WARNING - /opt/***/dags/gps/common/extract.py:99: UserWarning: pandas only supports SQLAlchemy connectable (engine/connection) or database string URI or sqlite3 DBAPI2 connection. Other DBAPI2 objects are not tested. Please consider using SQLAlchemy.
  df_ = pd.read_sql_query(sql_query, conn, params=params)

[2024-08-06T17:35:54.406+0000] {rwminio.py:19} INFO - start to save data
[2024-08-06T17:35:54.574+0000] {rwminio.py:34} INFO - data in minio ok
[2024-08-06T17:35:54.581+0000] {python.py:237} INFO - Done. Returned value was: None
[2024-08-06T17:35:54.581+0000] {taskinstance.py:441} INFO - ::group::Post task execution logs
[2024-08-06T17:35:54.598+0000] {taskinstance.py:1206} INFO - Marking task as SUCCESS. dag_id=motower_daily_prod, task_id=extract_congestion, run_id=scheduled__2024-03-08T06:00:00+00:00, execution_date=20240308T060000, start_date=20240806T173553, end_date=20240806T173554
[2024-08-06T17:35:54.665+0000] {local_task_job_runner.py:243} INFO - Task exited with return code 0
[2024-08-06T17:35:54.676+0000] {local_task_job_runner.py:222} INFO - ::endgroup::
[2024-08-06T18:23:17.069+0000] {local_task_job_runner.py:120} INFO - ::group::Pre task execution logs
[2024-08-06T18:23:17.146+0000] {taskinstance.py:2076} INFO - Dependencies all met for dep_context=non-requeueable deps ti=<TaskInstance: motower_daily_prod.extract_congestion scheduled__2024-03-08T06:00:00+00:00 [queued]>
[2024-08-06T18:23:17.175+0000] {taskinstance.py:2076} INFO - Dependencies all met for dep_context=requeueable deps ti=<TaskInstance: motower_daily_prod.extract_congestion scheduled__2024-03-08T06:00:00+00:00 [queued]>
[2024-08-06T18:23:17.175+0000] {taskinstance.py:2306} INFO - Starting attempt 1 of 1
[2024-08-06T18:23:17.207+0000] {taskinstance.py:2330} INFO - Executing <Task(PythonOperator): extract_congestion> on 2024-03-08 06:00:00+00:00
[2024-08-06T18:23:17.223+0000] {warnings.py:112} WARNING - /home/***/.local/lib/python3.12/site-packages/***/task/task_runner/standard_task_runner.py:62: DeprecationWarning: This process (pid=10935) is multi-threaded, use of fork() may lead to deadlocks in the child.
  pid = os.fork()

[2024-08-06T18:23:17.226+0000] {standard_task_runner.py:64} INFO - Started process 10946 to run task
[2024-08-06T18:23:17.228+0000] {standard_task_runner.py:90} INFO - Running: ['***', 'tasks', 'run', 'motower_daily_prod', 'extract_congestion', 'scheduled__2024-03-08T06:00:00+00:00', '--job-id', '3010', '--raw', '--subdir', 'DAGS_FOLDER/gps/custom_dags/motower_daily.py', '--cfg-path', '/tmp/tmp3ox9iafc']
[2024-08-06T18:23:17.233+0000] {standard_task_runner.py:91} INFO - Job 3010: Subtask extract_congestion
[2024-08-06T18:23:17.321+0000] {task_command.py:426} INFO - Running <TaskInstance: motower_daily_prod.extract_congestion scheduled__2024-03-08T06:00:00+00:00 [running]> on host 13681191f11c
[2024-08-06T18:23:17.518+0000] {taskinstance.py:2648} INFO - Exporting env vars: AIRFLOW_CTX_DAG_EMAIL='richmond.kongo@orange.com,assane.diop@orange.com,cyrille1.danho@orange.com,mohamed2.sylla@orange.com,amadou.diomande@orange.com,Jonas.kouame@orange.com,armand.kablan@orange.com,anicet.azombade@orange.com,etienne.kouadio@orange.com,bertine.kouakou@orange.com,florentine.kouakou@orange.com,ange.phaceli@orange.com,soulegame.soro@orange.com,innocent.yengo@orange.com' AIRFLOW_CTX_DAG_OWNER='***' AIRFLOW_CTX_DAG_ID='motower_daily_prod' AIRFLOW_CTX_TASK_ID='extract_congestion' AIRFLOW_CTX_EXECUTION_DATE='2024-03-08T06:00:00+00:00' AIRFLOW_CTX_TRY_NUMBER='1' AIRFLOW_CTX_DAG_RUN_ID='scheduled__2024-03-08T06:00:00+00:00'
[2024-08-06T18:23:17.519+0000] {taskinstance.py:430} INFO - ::endgroup::
[2024-08-06T18:23:17.545+0000] {extract.py:126} INFO - Getting data of the table ks_hebdo_tdb_radio_drsi 
[2024-08-06T18:23:17.545+0000] {extract.py:127} INFO - where date is 2024-03-07
[2024-08-06T18:23:17.546+0000] {extract.py:98} INFO - get data to date 10 and year 2024
[2024-08-06T18:23:17.555+0000] {warnings.py:112} WARNING - /opt/***/dags/gps/common/extract.py:99: UserWarning: pandas only supports SQLAlchemy connectable (engine/connection) or database string URI or sqlite3 DBAPI2 connection. Other DBAPI2 objects are not tested. Please consider using SQLAlchemy.
  df_ = pd.read_sql_query(sql_query, conn, params=params)

[2024-08-06T18:23:17.850+0000] {rwminio.py:19} INFO - start to save data
[2024-08-06T18:23:18.075+0000] {rwminio.py:34} INFO - data in minio ok
[2024-08-06T18:23:18.081+0000] {python.py:237} INFO - Done. Returned value was: None
[2024-08-06T18:23:18.082+0000] {taskinstance.py:441} INFO - ::group::Post task execution logs
[2024-08-06T18:23:18.102+0000] {taskinstance.py:1206} INFO - Marking task as SUCCESS. dag_id=motower_daily_prod, task_id=extract_congestion, run_id=scheduled__2024-03-08T06:00:00+00:00, execution_date=20240308T060000, start_date=20240806T182317, end_date=20240806T182318
[2024-08-06T18:23:18.382+0000] {local_task_job_runner.py:243} INFO - Task exited with return code 0
[2024-08-06T18:23:18.433+0000] {taskinstance.py:3503} INFO - 0 downstream tasks scheduled from follow-on schedule check
[2024-08-06T18:23:18.436+0000] {local_task_job_runner.py:222} INFO - ::endgroup::
