[2024-08-06T17:00:21.354+0000] {local_task_job_runner.py:120} INFO - ::group::Pre task execution logs
[2024-08-06T17:00:21.471+0000] {taskinstance.py:2076} INFO - Dependencies all met for dep_context=non-requeueable deps ti=<TaskInstance: motower_daily_prod.clean_trafic_task scheduled__2024-01-31T06:00:00+00:00 [queued]>
[2024-08-06T17:00:21.506+0000] {taskinstance.py:2076} INFO - Dependencies all met for dep_context=requeueable deps ti=<TaskInstance: motower_daily_prod.clean_trafic_task scheduled__2024-01-31T06:00:00+00:00 [queued]>
[2024-08-06T17:00:21.508+0000] {taskinstance.py:2306} INFO - Starting attempt 1 of 1
[2024-08-06T17:00:21.553+0000] {taskinstance.py:2330} INFO - Executing <Task(PythonOperator): clean_trafic_task> on 2024-01-31 06:00:00+00:00
[2024-08-06T17:00:21.576+0000] {warnings.py:112} WARNING - /home/***/.local/lib/python3.12/site-packages/***/task/task_runner/standard_task_runner.py:62: DeprecationWarning: This process (pid=1899) is multi-threaded, use of fork() may lead to deadlocks in the child.
  pid = os.fork()

[2024-08-06T17:00:21.580+0000] {standard_task_runner.py:64} INFO - Started process 1916 to run task
[2024-08-06T17:00:21.606+0000] {standard_task_runner.py:90} INFO - Running: ['***', 'tasks', 'run', 'motower_daily_prod', 'clean_trafic_task', 'scheduled__2024-01-31T06:00:00+00:00', '--job-id', '324', '--raw', '--subdir', 'DAGS_FOLDER/gps/custom_dags/motower_daily.py', '--cfg-path', '/tmp/tmpjluo2q9d']
[2024-08-06T17:00:21.624+0000] {standard_task_runner.py:91} INFO - Job 324: Subtask clean_trafic_task
[2024-08-06T17:00:21.777+0000] {task_command.py:426} INFO - Running <TaskInstance: motower_daily_prod.clean_trafic_task scheduled__2024-01-31T06:00:00+00:00 [running]> on host 13681191f11c
[2024-08-06T17:00:22.074+0000] {taskinstance.py:2648} INFO - Exporting env vars: AIRFLOW_CTX_DAG_EMAIL='richmond.kongo@orange.com,assane.diop@orange.com,cyrille1.danho@orange.com,mohamed2.sylla@orange.com,amadou.diomande@orange.com,Jonas.kouame@orange.com,armand.kablan@orange.com,anicet.azombade@orange.com,etienne.kouadio@orange.com,bertine.kouakou@orange.com,florentine.kouakou@orange.com,ange.phaceli@orange.com,soulegame.soro@orange.com,innocent.yengo@orange.com' AIRFLOW_CTX_DAG_OWNER='***' AIRFLOW_CTX_DAG_ID='motower_daily_prod' AIRFLOW_CTX_TASK_ID='clean_trafic_task' AIRFLOW_CTX_EXECUTION_DATE='2024-01-31T06:00:00+00:00' AIRFLOW_CTX_TRY_NUMBER='1' AIRFLOW_CTX_DAG_RUN_ID='scheduled__2024-01-31T06:00:00+00:00'
[2024-08-06T17:00:22.076+0000] {taskinstance.py:430} INFO - ::endgroup::
[2024-08-06T17:00:22.279+0000] {data_validation.py:11} INFO - START VALIDATION OF COLUMN trafic_data_go
[2024-08-06T17:00:22.282+0000] {data_validation.py:20} INFO - DATA OF COLUMN trafic_data_go ARE VALID
[2024-08-06T17:00:22.284+0000] {data_validation.py:11} INFO - START VALIDATION OF COLUMN trafic_voix_erl
[2024-08-06T17:00:22.286+0000] {data_validation.py:20} INFO - DATA OF COLUMN trafic_voix_erl ARE VALID
[2024-08-06T17:00:22.287+0000] {motower_daily.py:267} INFO - prepare final data
[2024-08-06T17:00:22.344+0000] {logging_mixin.py:188} INFO - ================================
[2024-08-06T17:00:22.345+0000] {logging_mixin.py:188} INFO - object
[2024-08-06T17:00:23.284+0000] {python.py:237} INFO - Done. Returned value was: None
[2024-08-06T17:00:23.286+0000] {taskinstance.py:441} INFO - ::group::Post task execution logs
[2024-08-06T17:00:23.322+0000] {taskinstance.py:1206} INFO - Marking task as SUCCESS. dag_id=motower_daily_prod, task_id=clean_trafic_task, run_id=scheduled__2024-01-31T06:00:00+00:00, execution_date=20240131T060000, start_date=20240806T170021, end_date=20240806T170023
[2024-08-06T17:00:23.401+0000] {local_task_job_runner.py:243} INFO - Task exited with return code 0
[2024-08-06T17:00:23.432+0000] {local_task_job_runner.py:222} INFO - ::endgroup::
[2024-08-06T17:30:41.928+0000] {local_task_job_runner.py:120} INFO - ::group::Pre task execution logs
[2024-08-06T17:30:42.038+0000] {taskinstance.py:2076} INFO - Dependencies all met for dep_context=non-requeueable deps ti=<TaskInstance: motower_daily_prod.clean_trafic_task scheduled__2024-01-31T06:00:00+00:00 [queued]>
[2024-08-06T17:30:42.068+0000] {taskinstance.py:2076} INFO - Dependencies all met for dep_context=requeueable deps ti=<TaskInstance: motower_daily_prod.clean_trafic_task scheduled__2024-01-31T06:00:00+00:00 [queued]>
[2024-08-06T17:30:42.069+0000] {taskinstance.py:2306} INFO - Starting attempt 1 of 1
[2024-08-06T17:30:42.116+0000] {taskinstance.py:2330} INFO - Executing <Task(PythonOperator): clean_trafic_task> on 2024-01-31 06:00:00+00:00
[2024-08-06T17:30:42.133+0000] {warnings.py:112} WARNING - /home/***/.local/lib/python3.12/site-packages/***/task/task_runner/standard_task_runner.py:62: DeprecationWarning: This process (pid=6045) is multi-threaded, use of fork() may lead to deadlocks in the child.
  pid = os.fork()

[2024-08-06T17:30:42.135+0000] {standard_task_runner.py:64} INFO - Started process 6060 to run task
[2024-08-06T17:30:42.142+0000] {standard_task_runner.py:90} INFO - Running: ['***', 'tasks', 'run', 'motower_daily_prod', 'clean_trafic_task', 'scheduled__2024-01-31T06:00:00+00:00', '--job-id', '1588', '--raw', '--subdir', 'DAGS_FOLDER/gps/custom_dags/motower_daily.py', '--cfg-path', '/tmp/tmpptwsa48h']
[2024-08-06T17:30:42.147+0000] {standard_task_runner.py:91} INFO - Job 1588: Subtask clean_trafic_task
[2024-08-06T17:30:42.350+0000] {task_command.py:426} INFO - Running <TaskInstance: motower_daily_prod.clean_trafic_task scheduled__2024-01-31T06:00:00+00:00 [running]> on host 13681191f11c
[2024-08-06T17:30:42.795+0000] {taskinstance.py:2648} INFO - Exporting env vars: AIRFLOW_CTX_DAG_EMAIL='richmond.kongo@orange.com,assane.diop@orange.com,cyrille1.danho@orange.com,mohamed2.sylla@orange.com,amadou.diomande@orange.com,Jonas.kouame@orange.com,armand.kablan@orange.com,anicet.azombade@orange.com,etienne.kouadio@orange.com,bertine.kouakou@orange.com,florentine.kouakou@orange.com,ange.phaceli@orange.com,soulegame.soro@orange.com,innocent.yengo@orange.com' AIRFLOW_CTX_DAG_OWNER='***' AIRFLOW_CTX_DAG_ID='motower_daily_prod' AIRFLOW_CTX_TASK_ID='clean_trafic_task' AIRFLOW_CTX_EXECUTION_DATE='2024-01-31T06:00:00+00:00' AIRFLOW_CTX_TRY_NUMBER='1' AIRFLOW_CTX_DAG_RUN_ID='scheduled__2024-01-31T06:00:00+00:00'
[2024-08-06T17:30:42.803+0000] {taskinstance.py:430} INFO - ::endgroup::
[2024-08-06T17:30:43.052+0000] {data_validation.py:11} INFO - START VALIDATION OF COLUMN trafic_data_go
[2024-08-06T17:30:43.071+0000] {data_validation.py:20} INFO - DATA OF COLUMN trafic_data_go ARE VALID
[2024-08-06T17:30:43.072+0000] {data_validation.py:11} INFO - START VALIDATION OF COLUMN trafic_voix_erl
[2024-08-06T17:30:43.074+0000] {data_validation.py:20} INFO - DATA OF COLUMN trafic_voix_erl ARE VALID
[2024-08-06T17:30:43.075+0000] {motower_daily.py:267} INFO - prepare final data
[2024-08-06T17:30:43.427+0000] {logging_mixin.py:188} INFO - ================================
[2024-08-06T17:30:43.427+0000] {logging_mixin.py:188} INFO - object
[2024-08-06T17:30:44.364+0000] {python.py:237} INFO - Done. Returned value was: None
[2024-08-06T17:30:44.365+0000] {taskinstance.py:441} INFO - ::group::Post task execution logs
[2024-08-06T17:30:44.380+0000] {taskinstance.py:1206} INFO - Marking task as SUCCESS. dag_id=motower_daily_prod, task_id=clean_trafic_task, run_id=scheduled__2024-01-31T06:00:00+00:00, execution_date=20240131T060000, start_date=20240806T173042, end_date=20240806T173044
[2024-08-06T17:30:44.577+0000] {local_task_job_runner.py:243} INFO - Task exited with return code 0
[2024-08-06T17:30:44.622+0000] {taskinstance.py:3503} INFO - 0 downstream tasks scheduled from follow-on schedule check
[2024-08-06T17:30:44.628+0000] {local_task_job_runner.py:222} INFO - ::endgroup::
[2024-08-06T18:18:01.142+0000] {local_task_job_runner.py:120} INFO - ::group::Pre task execution logs
[2024-08-06T18:18:01.184+0000] {taskinstance.py:2076} INFO - Dependencies all met for dep_context=non-requeueable deps ti=<TaskInstance: motower_daily_prod.clean_trafic_task scheduled__2024-01-31T06:00:00+00:00 [queued]>
[2024-08-06T18:18:01.201+0000] {taskinstance.py:2076} INFO - Dependencies all met for dep_context=requeueable deps ti=<TaskInstance: motower_daily_prod.clean_trafic_task scheduled__2024-01-31T06:00:00+00:00 [queued]>
[2024-08-06T18:18:01.201+0000] {taskinstance.py:2306} INFO - Starting attempt 1 of 1
[2024-08-06T18:18:01.220+0000] {taskinstance.py:2330} INFO - Executing <Task(PythonOperator): clean_trafic_task> on 2024-01-31 06:00:00+00:00
[2024-08-06T18:18:01.233+0000] {warnings.py:112} WARNING - /home/***/.local/lib/python3.12/site-packages/***/task/task_runner/standard_task_runner.py:62: DeprecationWarning: This process (pid=9871) is multi-threaded, use of fork() may lead to deadlocks in the child.
  pid = os.fork()

[2024-08-06T18:18:01.235+0000] {standard_task_runner.py:64} INFO - Started process 9876 to run task
[2024-08-06T18:18:01.240+0000] {standard_task_runner.py:90} INFO - Running: ['***', 'tasks', 'run', 'motower_daily_prod', 'clean_trafic_task', 'scheduled__2024-01-31T06:00:00+00:00', '--job-id', '2672', '--raw', '--subdir', 'DAGS_FOLDER/gps/custom_dags/motower_daily.py', '--cfg-path', '/tmp/tmpn7e6f4o5']
[2024-08-06T18:18:01.244+0000] {standard_task_runner.py:91} INFO - Job 2672: Subtask clean_trafic_task
[2024-08-06T18:18:01.306+0000] {task_command.py:426} INFO - Running <TaskInstance: motower_daily_prod.clean_trafic_task scheduled__2024-01-31T06:00:00+00:00 [running]> on host 13681191f11c
[2024-08-06T18:18:01.446+0000] {taskinstance.py:2648} INFO - Exporting env vars: AIRFLOW_CTX_DAG_EMAIL='richmond.kongo@orange.com,assane.diop@orange.com,cyrille1.danho@orange.com,mohamed2.sylla@orange.com,amadou.diomande@orange.com,Jonas.kouame@orange.com,armand.kablan@orange.com,anicet.azombade@orange.com,etienne.kouadio@orange.com,bertine.kouakou@orange.com,florentine.kouakou@orange.com,ange.phaceli@orange.com,soulegame.soro@orange.com,innocent.yengo@orange.com' AIRFLOW_CTX_DAG_OWNER='***' AIRFLOW_CTX_DAG_ID='motower_daily_prod' AIRFLOW_CTX_TASK_ID='clean_trafic_task' AIRFLOW_CTX_EXECUTION_DATE='2024-01-31T06:00:00+00:00' AIRFLOW_CTX_TRY_NUMBER='1' AIRFLOW_CTX_DAG_RUN_ID='scheduled__2024-01-31T06:00:00+00:00'
[2024-08-06T18:18:01.448+0000] {taskinstance.py:430} INFO - ::endgroup::
[2024-08-06T18:18:01.563+0000] {data_validation.py:11} INFO - START VALIDATION OF COLUMN trafic_data_go
[2024-08-06T18:18:01.565+0000] {data_validation.py:20} INFO - DATA OF COLUMN trafic_data_go ARE VALID
[2024-08-06T18:18:01.565+0000] {data_validation.py:11} INFO - START VALIDATION OF COLUMN trafic_voix_erl
[2024-08-06T18:18:01.567+0000] {data_validation.py:20} INFO - DATA OF COLUMN trafic_voix_erl ARE VALID
[2024-08-06T18:18:01.567+0000] {motower_daily.py:267} INFO - prepare final data
[2024-08-06T18:18:01.603+0000] {logging_mixin.py:188} INFO - ================================
[2024-08-06T18:18:01.603+0000] {logging_mixin.py:188} INFO - object
[2024-08-06T18:18:01.993+0000] {python.py:237} INFO - Done. Returned value was: None
[2024-08-06T18:18:01.995+0000] {taskinstance.py:441} INFO - ::group::Post task execution logs
[2024-08-06T18:18:02.006+0000] {taskinstance.py:1206} INFO - Marking task as SUCCESS. dag_id=motower_daily_prod, task_id=clean_trafic_task, run_id=scheduled__2024-01-31T06:00:00+00:00, execution_date=20240131T060000, start_date=20240806T181801, end_date=20240806T181802
[2024-08-06T18:18:02.052+0000] {local_task_job_runner.py:243} INFO - Task exited with return code 0
[2024-08-06T18:18:02.073+0000] {taskinstance.py:3503} INFO - 0 downstream tasks scheduled from follow-on schedule check
[2024-08-06T18:18:02.075+0000] {local_task_job_runner.py:222} INFO - ::endgroup::
