[2024-08-06T17:00:30.823+0000] {local_task_job_runner.py:120} INFO - ::group::Pre task execution logs
[2024-08-06T17:00:30.885+0000] {taskinstance.py:2076} INFO - Dependencies all met for dep_context=non-requeueable deps ti=<TaskInstance: motower_daily_prod.sensor_congestion scheduled__2024-02-03T06:00:00+00:00 [queued]>
[2024-08-06T17:00:30.910+0000] {taskinstance.py:2076} INFO - Dependencies all met for dep_context=requeueable deps ti=<TaskInstance: motower_daily_prod.sensor_congestion scheduled__2024-02-03T06:00:00+00:00 [queued]>
[2024-08-06T17:00:30.910+0000] {taskinstance.py:2306} INFO - Starting attempt 1 of 1
[2024-08-06T17:00:30.939+0000] {taskinstance.py:2330} INFO - Executing <Task(PythonSensor): sensor_congestion> on 2024-02-03 06:00:00+00:00
[2024-08-06T17:00:30.953+0000] {warnings.py:112} WARNING - /home/***/.local/lib/python3.12/site-packages/***/task/task_runner/standard_task_runner.py:62: DeprecationWarning: This process (pid=1938) is multi-threaded, use of fork() may lead to deadlocks in the child.
  pid = os.fork()

[2024-08-06T17:00:30.955+0000] {standard_task_runner.py:64} INFO - Started process 1949 to run task
[2024-08-06T17:00:30.955+0000] {standard_task_runner.py:90} INFO - Running: ['***', 'tasks', 'run', 'motower_daily_prod', 'sensor_congestion', 'scheduled__2024-02-03T06:00:00+00:00', '--job-id', '334', '--raw', '--subdir', 'DAGS_FOLDER/gps/custom_dags/motower_daily.py', '--cfg-path', '/tmp/tmpcb1ijxvl']
[2024-08-06T17:00:30.959+0000] {standard_task_runner.py:91} INFO - Job 334: Subtask sensor_congestion
[2024-08-06T17:00:31.055+0000] {task_command.py:426} INFO - Running <TaskInstance: motower_daily_prod.sensor_congestion scheduled__2024-02-03T06:00:00+00:00 [running]> on host 13681191f11c
[2024-08-06T17:00:31.259+0000] {taskinstance.py:2648} INFO - Exporting env vars: AIRFLOW_CTX_DAG_EMAIL='richmond.kongo@orange.com,assane.diop@orange.com,cyrille1.danho@orange.com,mohamed2.sylla@orange.com,amadou.diomande@orange.com,Jonas.kouame@orange.com,armand.kablan@orange.com,anicet.azombade@orange.com,etienne.kouadio@orange.com,bertine.kouakou@orange.com,florentine.kouakou@orange.com,ange.phaceli@orange.com,soulegame.soro@orange.com,innocent.yengo@orange.com' AIRFLOW_CTX_DAG_OWNER='***' AIRFLOW_CTX_DAG_ID='motower_daily_prod' AIRFLOW_CTX_TASK_ID='sensor_congestion' AIRFLOW_CTX_EXECUTION_DATE='2024-02-03T06:00:00+00:00' AIRFLOW_CTX_TRY_NUMBER='1' AIRFLOW_CTX_DAG_RUN_ID='scheduled__2024-02-03T06:00:00+00:00'
[2024-08-06T17:00:31.261+0000] {taskinstance.py:430} INFO - ::endgroup::
[2024-08-06T17:00:31.290+0000] {python.py:75} INFO - Poking callable: <function check_data_in_table at 0x701c4274efc0>
[2024-08-06T17:00:31.295+0000] {extract.py:126} INFO - Getting data of the table ks_hebdo_tdb_radio_drsi 
[2024-08-06T17:00:31.295+0000] {extract.py:127} INFO - where date is 2024-02-02
[2024-08-06T17:00:31.296+0000] {extract.py:98} INFO - get data to date 5 and year 2024
[2024-08-06T17:00:31.306+0000] {warnings.py:112} WARNING - /opt/***/dags/gps/common/extract.py:99: UserWarning: pandas only supports SQLAlchemy connectable (engine/connection) or database string URI or sqlite3 DBAPI2 connection. Other DBAPI2 objects are not tested. Please consider using SQLAlchemy.
  df_ = pd.read_sql_query(sql_query, conn, params=params)

[2024-08-06T17:00:31.591+0000] {base.py:294} INFO - Success criteria met. Exiting.
[2024-08-06T17:00:31.592+0000] {taskinstance.py:441} INFO - ::group::Post task execution logs
[2024-08-06T17:00:31.618+0000] {taskinstance.py:1206} INFO - Marking task as SUCCESS. dag_id=motower_daily_prod, task_id=sensor_congestion, run_id=scheduled__2024-02-03T06:00:00+00:00, execution_date=20240203T060000, start_date=20240806T170030, end_date=20240806T170031
[2024-08-06T17:00:31.704+0000] {local_task_job_runner.py:243} INFO - Task exited with return code 0
[2024-08-06T17:00:31.795+0000] {taskinstance.py:3503} INFO - 1 downstream tasks scheduled from follow-on schedule check
[2024-08-06T17:00:31.802+0000] {local_task_job_runner.py:222} INFO - ::endgroup::
[2024-08-06T17:30:42.914+0000] {local_task_job_runner.py:120} INFO - ::group::Pre task execution logs
[2024-08-06T17:30:43.780+0000] {taskinstance.py:2076} INFO - Dependencies all met for dep_context=non-requeueable deps ti=<TaskInstance: motower_daily_prod.sensor_congestion scheduled__2024-02-03T06:00:00+00:00 [queued]>
[2024-08-06T17:30:43.811+0000] {taskinstance.py:2076} INFO - Dependencies all met for dep_context=requeueable deps ti=<TaskInstance: motower_daily_prod.sensor_congestion scheduled__2024-02-03T06:00:00+00:00 [queued]>
[2024-08-06T17:30:43.812+0000] {taskinstance.py:2306} INFO - Starting attempt 1 of 1
[2024-08-06T17:30:43.880+0000] {taskinstance.py:2330} INFO - Executing <Task(PythonSensor): sensor_congestion> on 2024-02-03 06:00:00+00:00
[2024-08-06T17:30:43.938+0000] {warnings.py:112} WARNING - /home/***/.local/lib/python3.12/site-packages/***/task/task_runner/standard_task_runner.py:62: DeprecationWarning: This process (pid=6050) is multi-threaded, use of fork() may lead to deadlocks in the child.
  pid = os.fork()

[2024-08-06T17:30:43.940+0000] {standard_task_runner.py:64} INFO - Started process 6064 to run task
[2024-08-06T17:30:43.941+0000] {standard_task_runner.py:90} INFO - Running: ['***', 'tasks', 'run', 'motower_daily_prod', 'sensor_congestion', 'scheduled__2024-02-03T06:00:00+00:00', '--job-id', '1589', '--raw', '--subdir', 'DAGS_FOLDER/gps/custom_dags/motower_daily.py', '--cfg-path', '/tmp/tmpcyga32ox']
[2024-08-06T17:30:43.952+0000] {standard_task_runner.py:91} INFO - Job 1589: Subtask sensor_congestion
[2024-08-06T17:30:44.148+0000] {task_command.py:426} INFO - Running <TaskInstance: motower_daily_prod.sensor_congestion scheduled__2024-02-03T06:00:00+00:00 [running]> on host 13681191f11c
[2024-08-06T17:30:44.363+0000] {taskinstance.py:2648} INFO - Exporting env vars: AIRFLOW_CTX_DAG_EMAIL='richmond.kongo@orange.com,assane.diop@orange.com,cyrille1.danho@orange.com,mohamed2.sylla@orange.com,amadou.diomande@orange.com,Jonas.kouame@orange.com,armand.kablan@orange.com,anicet.azombade@orange.com,etienne.kouadio@orange.com,bertine.kouakou@orange.com,florentine.kouakou@orange.com,ange.phaceli@orange.com,soulegame.soro@orange.com,innocent.yengo@orange.com' AIRFLOW_CTX_DAG_OWNER='***' AIRFLOW_CTX_DAG_ID='motower_daily_prod' AIRFLOW_CTX_TASK_ID='sensor_congestion' AIRFLOW_CTX_EXECUTION_DATE='2024-02-03T06:00:00+00:00' AIRFLOW_CTX_TRY_NUMBER='1' AIRFLOW_CTX_DAG_RUN_ID='scheduled__2024-02-03T06:00:00+00:00'
[2024-08-06T17:30:44.367+0000] {taskinstance.py:430} INFO - ::endgroup::
[2024-08-06T17:30:44.400+0000] {python.py:75} INFO - Poking callable: <function check_data_in_table at 0x701c427c2fc0>
[2024-08-06T17:30:44.407+0000] {extract.py:126} INFO - Getting data of the table ks_hebdo_tdb_radio_drsi 
[2024-08-06T17:30:44.408+0000] {extract.py:127} INFO - where date is 2024-02-02
[2024-08-06T17:30:44.409+0000] {extract.py:98} INFO - get data to date 5 and year 2024
[2024-08-06T17:30:44.419+0000] {warnings.py:112} WARNING - /opt/***/dags/gps/common/extract.py:99: UserWarning: pandas only supports SQLAlchemy connectable (engine/connection) or database string URI or sqlite3 DBAPI2 connection. Other DBAPI2 objects are not tested. Please consider using SQLAlchemy.
  df_ = pd.read_sql_query(sql_query, conn, params=params)

[2024-08-06T17:30:44.752+0000] {base.py:294} INFO - Success criteria met. Exiting.
[2024-08-06T17:30:44.753+0000] {taskinstance.py:441} INFO - ::group::Post task execution logs
[2024-08-06T17:30:44.778+0000] {taskinstance.py:1206} INFO - Marking task as SUCCESS. dag_id=motower_daily_prod, task_id=sensor_congestion, run_id=scheduled__2024-02-03T06:00:00+00:00, execution_date=20240203T060000, start_date=20240806T173043, end_date=20240806T173044
[2024-08-06T17:30:45.570+0000] {local_task_job_runner.py:243} INFO - Task exited with return code 0
[2024-08-06T17:30:45.704+0000] {taskinstance.py:3503} INFO - 0 downstream tasks scheduled from follow-on schedule check
[2024-08-06T17:30:45.718+0000] {local_task_job_runner.py:222} INFO - ::endgroup::
[2024-08-06T18:18:58.723+0000] {local_task_job_runner.py:120} INFO - ::group::Pre task execution logs
[2024-08-06T18:18:58.771+0000] {taskinstance.py:2076} INFO - Dependencies all met for dep_context=non-requeueable deps ti=<TaskInstance: motower_daily_prod.sensor_congestion scheduled__2024-02-03T06:00:00+00:00 [queued]>
[2024-08-06T18:18:58.790+0000] {taskinstance.py:2076} INFO - Dependencies all met for dep_context=requeueable deps ti=<TaskInstance: motower_daily_prod.sensor_congestion scheduled__2024-02-03T06:00:00+00:00 [queued]>
[2024-08-06T18:18:58.790+0000] {taskinstance.py:2306} INFO - Starting attempt 1 of 1
[2024-08-06T18:18:58.816+0000] {taskinstance.py:2330} INFO - Executing <Task(PythonSensor): sensor_congestion> on 2024-02-03 06:00:00+00:00
[2024-08-06T18:18:58.826+0000] {warnings.py:112} WARNING - /home/***/.local/lib/python3.12/site-packages/***/task/task_runner/standard_task_runner.py:62: DeprecationWarning: This process (pid=9976) is multi-threaded, use of fork() may lead to deadlocks in the child.
  pid = os.fork()

[2024-08-06T18:18:58.828+0000] {standard_task_runner.py:64} INFO - Started process 9984 to run task
[2024-08-06T18:18:58.829+0000] {standard_task_runner.py:90} INFO - Running: ['***', 'tasks', 'run', 'motower_daily_prod', 'sensor_congestion', 'scheduled__2024-02-03T06:00:00+00:00', '--job-id', '2702', '--raw', '--subdir', 'DAGS_FOLDER/gps/custom_dags/motower_daily.py', '--cfg-path', '/tmp/tmpq37tgo2_']
[2024-08-06T18:18:58.832+0000] {standard_task_runner.py:91} INFO - Job 2702: Subtask sensor_congestion
[2024-08-06T18:18:58.905+0000] {task_command.py:426} INFO - Running <TaskInstance: motower_daily_prod.sensor_congestion scheduled__2024-02-03T06:00:00+00:00 [running]> on host 13681191f11c
[2024-08-06T18:18:59.090+0000] {taskinstance.py:2648} INFO - Exporting env vars: AIRFLOW_CTX_DAG_EMAIL='richmond.kongo@orange.com,assane.diop@orange.com,cyrille1.danho@orange.com,mohamed2.sylla@orange.com,amadou.diomande@orange.com,Jonas.kouame@orange.com,armand.kablan@orange.com,anicet.azombade@orange.com,etienne.kouadio@orange.com,bertine.kouakou@orange.com,florentine.kouakou@orange.com,ange.phaceli@orange.com,soulegame.soro@orange.com,innocent.yengo@orange.com' AIRFLOW_CTX_DAG_OWNER='***' AIRFLOW_CTX_DAG_ID='motower_daily_prod' AIRFLOW_CTX_TASK_ID='sensor_congestion' AIRFLOW_CTX_EXECUTION_DATE='2024-02-03T06:00:00+00:00' AIRFLOW_CTX_TRY_NUMBER='1' AIRFLOW_CTX_DAG_RUN_ID='scheduled__2024-02-03T06:00:00+00:00'
[2024-08-06T18:18:59.092+0000] {taskinstance.py:430} INFO - ::endgroup::
[2024-08-06T18:18:59.126+0000] {python.py:75} INFO - Poking callable: <function check_data_in_table at 0x701c26db8ae0>
[2024-08-06T18:18:59.133+0000] {extract.py:126} INFO - Getting data of the table ks_hebdo_tdb_radio_drsi 
[2024-08-06T18:18:59.134+0000] {extract.py:127} INFO - where date is 2024-02-02
[2024-08-06T18:18:59.135+0000] {extract.py:98} INFO - get data to date 5 and year 2024
[2024-08-06T18:18:59.145+0000] {warnings.py:112} WARNING - /opt/***/dags/gps/common/extract.py:99: UserWarning: pandas only supports SQLAlchemy connectable (engine/connection) or database string URI or sqlite3 DBAPI2 connection. Other DBAPI2 objects are not tested. Please consider using SQLAlchemy.
  df_ = pd.read_sql_query(sql_query, conn, params=params)

[2024-08-06T18:18:59.396+0000] {base.py:294} INFO - Success criteria met. Exiting.
[2024-08-06T18:18:59.396+0000] {taskinstance.py:441} INFO - ::group::Post task execution logs
[2024-08-06T18:18:59.410+0000] {taskinstance.py:1206} INFO - Marking task as SUCCESS. dag_id=motower_daily_prod, task_id=sensor_congestion, run_id=scheduled__2024-02-03T06:00:00+00:00, execution_date=20240203T060000, start_date=20240806T181858, end_date=20240806T181859
[2024-08-06T18:18:59.485+0000] {local_task_job_runner.py:243} INFO - Task exited with return code 0
[2024-08-06T18:18:59.563+0000] {taskinstance.py:3503} INFO - 1 downstream tasks scheduled from follow-on schedule check
[2024-08-06T18:18:59.581+0000] {local_task_job_runner.py:222} INFO - ::endgroup::
