[2024-08-06T17:07:37.307+0000] {local_task_job_runner.py:120} INFO - ::group::Pre task execution logs
[2024-08-06T17:07:37.392+0000] {taskinstance.py:2076} INFO - Dependencies all met for dep_context=non-requeueable deps ti=<TaskInstance: motower_daily_prod.gen_congestion_task scheduled__2024-03-24T06:00:00+00:00 [queued]>
[2024-08-06T17:07:37.419+0000] {taskinstance.py:2076} INFO - Dependencies all met for dep_context=requeueable deps ti=<TaskInstance: motower_daily_prod.gen_congestion_task scheduled__2024-03-24T06:00:00+00:00 [queued]>
[2024-08-06T17:07:37.420+0000] {taskinstance.py:2306} INFO - Starting attempt 1 of 1
[2024-08-06T17:07:37.460+0000] {taskinstance.py:2330} INFO - Executing <Task(PythonOperator): gen_congestion_task> on 2024-03-24 06:00:00+00:00
[2024-08-06T17:07:37.476+0000] {warnings.py:112} WARNING - /home/***/.local/lib/python3.12/site-packages/***/task/task_runner/standard_task_runner.py:62: DeprecationWarning: This process (pid=3406) is multi-threaded, use of fork() may lead to deadlocks in the child.
  pid = os.fork()

[2024-08-06T17:07:37.478+0000] {standard_task_runner.py:64} INFO - Started process 3419 to run task
[2024-08-06T17:07:37.486+0000] {standard_task_runner.py:90} INFO - Running: ['***', 'tasks', 'run', 'motower_daily_prod', 'gen_congestion_task', 'scheduled__2024-03-24T06:00:00+00:00', '--job-id', '801', '--raw', '--subdir', 'DAGS_FOLDER/gps/custom_dags/motower_daily.py', '--cfg-path', '/tmp/tmpgnq_0w2j']
[2024-08-06T17:07:37.490+0000] {standard_task_runner.py:91} INFO - Job 801: Subtask gen_congestion_task
[2024-08-06T17:07:37.618+0000] {task_command.py:426} INFO - Running <TaskInstance: motower_daily_prod.gen_congestion_task scheduled__2024-03-24T06:00:00+00:00 [running]> on host 13681191f11c
[2024-08-06T17:07:37.884+0000] {taskinstance.py:2648} INFO - Exporting env vars: AIRFLOW_CTX_DAG_EMAIL='richmond.kongo@orange.com,assane.diop@orange.com,cyrille1.danho@orange.com,mohamed2.sylla@orange.com,amadou.diomande@orange.com,Jonas.kouame@orange.com,armand.kablan@orange.com,anicet.azombade@orange.com,etienne.kouadio@orange.com,bertine.kouakou@orange.com,florentine.kouakou@orange.com,ange.phaceli@orange.com,soulegame.soro@orange.com,innocent.yengo@orange.com' AIRFLOW_CTX_DAG_OWNER='***' AIRFLOW_CTX_DAG_ID='motower_daily_prod' AIRFLOW_CTX_TASK_ID='gen_congestion_task' AIRFLOW_CTX_EXECUTION_DATE='2024-03-24T06:00:00+00:00' AIRFLOW_CTX_TRY_NUMBER='1' AIRFLOW_CTX_DAG_RUN_ID='scheduled__2024-03-24T06:00:00+00:00'
[2024-08-06T17:07:37.886+0000] {taskinstance.py:430} INFO - ::endgroup::
[2024-08-06T17:07:38.684+0000] {python.py:237} INFO - Done. Returned value was: None
[2024-08-06T17:07:38.686+0000] {taskinstance.py:441} INFO - ::group::Post task execution logs
[2024-08-06T17:07:38.706+0000] {taskinstance.py:1206} INFO - Marking task as SUCCESS. dag_id=motower_daily_prod, task_id=gen_congestion_task, run_id=scheduled__2024-03-24T06:00:00+00:00, execution_date=20240324T060000, start_date=20240806T170737, end_date=20240806T170738
[2024-08-06T17:07:38.811+0000] {local_task_job_runner.py:243} INFO - Task exited with return code 0
[2024-08-06T17:07:38.841+0000] {taskinstance.py:3503} INFO - 0 downstream tasks scheduled from follow-on schedule check
[2024-08-06T17:07:38.845+0000] {local_task_job_runner.py:222} INFO - ::endgroup::
[2024-08-06T17:38:18.145+0000] {local_task_job_runner.py:120} INFO - ::group::Pre task execution logs
[2024-08-06T17:38:18.890+0000] {taskinstance.py:2076} INFO - Dependencies all met for dep_context=non-requeueable deps ti=<TaskInstance: motower_daily_prod.gen_congestion_task scheduled__2024-03-24T06:00:00+00:00 [queued]>
[2024-08-06T17:38:18.940+0000] {taskinstance.py:2076} INFO - Dependencies all met for dep_context=requeueable deps ti=<TaskInstance: motower_daily_prod.gen_congestion_task scheduled__2024-03-24T06:00:00+00:00 [queued]>
[2024-08-06T17:38:18.940+0000] {taskinstance.py:2306} INFO - Starting attempt 1 of 1
[2024-08-06T17:38:19.010+0000] {taskinstance.py:2330} INFO - Executing <Task(PythonOperator): gen_congestion_task> on 2024-03-24 06:00:00+00:00
[2024-08-06T17:38:19.040+0000] {warnings.py:112} WARNING - /home/***/.local/lib/python3.12/site-packages/***/task/task_runner/standard_task_runner.py:62: DeprecationWarning: This process (pid=7563) is multi-threaded, use of fork() may lead to deadlocks in the child.
  pid = os.fork()

[2024-08-06T17:38:19.042+0000] {standard_task_runner.py:64} INFO - Started process 7581 to run task
[2024-08-06T17:38:19.054+0000] {standard_task_runner.py:90} INFO - Running: ['***', 'tasks', 'run', 'motower_daily_prod', 'gen_congestion_task', 'scheduled__2024-03-24T06:00:00+00:00', '--job-id', '2067', '--raw', '--subdir', 'DAGS_FOLDER/gps/custom_dags/motower_daily.py', '--cfg-path', '/tmp/tmpjf1my6e1']
[2024-08-06T17:38:19.058+0000] {standard_task_runner.py:91} INFO - Job 2067: Subtask gen_congestion_task
[2024-08-06T17:38:19.226+0000] {task_command.py:426} INFO - Running <TaskInstance: motower_daily_prod.gen_congestion_task scheduled__2024-03-24T06:00:00+00:00 [running]> on host 13681191f11c
[2024-08-06T17:38:19.571+0000] {taskinstance.py:2648} INFO - Exporting env vars: AIRFLOW_CTX_DAG_EMAIL='richmond.kongo@orange.com,assane.diop@orange.com,cyrille1.danho@orange.com,mohamed2.sylla@orange.com,amadou.diomande@orange.com,Jonas.kouame@orange.com,armand.kablan@orange.com,anicet.azombade@orange.com,etienne.kouadio@orange.com,bertine.kouakou@orange.com,florentine.kouakou@orange.com,ange.phaceli@orange.com,soulegame.soro@orange.com,innocent.yengo@orange.com' AIRFLOW_CTX_DAG_OWNER='***' AIRFLOW_CTX_DAG_ID='motower_daily_prod' AIRFLOW_CTX_TASK_ID='gen_congestion_task' AIRFLOW_CTX_EXECUTION_DATE='2024-03-24T06:00:00+00:00' AIRFLOW_CTX_TRY_NUMBER='1' AIRFLOW_CTX_DAG_RUN_ID='scheduled__2024-03-24T06:00:00+00:00'
[2024-08-06T17:38:19.574+0000] {taskinstance.py:430} INFO - ::endgroup::
[2024-08-06T17:38:20.663+0000] {python.py:237} INFO - Done. Returned value was: None
[2024-08-06T17:38:20.668+0000] {taskinstance.py:441} INFO - ::group::Post task execution logs
[2024-08-06T17:38:20.712+0000] {taskinstance.py:1206} INFO - Marking task as SUCCESS. dag_id=motower_daily_prod, task_id=gen_congestion_task, run_id=scheduled__2024-03-24T06:00:00+00:00, execution_date=20240324T060000, start_date=20240806T173818, end_date=20240806T173820
[2024-08-06T17:38:20.816+0000] {local_task_job_runner.py:243} INFO - Task exited with return code 0
[2024-08-06T17:38:20.882+0000] {taskinstance.py:3503} INFO - 0 downstream tasks scheduled from follow-on schedule check
[2024-08-06T17:38:20.887+0000] {local_task_job_runner.py:222} INFO - ::endgroup::
[2024-08-06T18:25:56.047+0000] {local_task_job_runner.py:120} INFO - ::group::Pre task execution logs
[2024-08-06T18:25:56.110+0000] {taskinstance.py:2076} INFO - Dependencies all met for dep_context=non-requeueable deps ti=<TaskInstance: motower_daily_prod.gen_congestion_task scheduled__2024-03-24T06:00:00+00:00 [queued]>
[2024-08-06T18:25:56.134+0000] {taskinstance.py:2076} INFO - Dependencies all met for dep_context=requeueable deps ti=<TaskInstance: motower_daily_prod.gen_congestion_task scheduled__2024-03-24T06:00:00+00:00 [queued]>
[2024-08-06T18:25:56.134+0000] {taskinstance.py:2306} INFO - Starting attempt 1 of 1
[2024-08-06T18:25:56.163+0000] {taskinstance.py:2330} INFO - Executing <Task(PythonOperator): gen_congestion_task> on 2024-03-24 06:00:00+00:00
[2024-08-06T18:25:56.177+0000] {warnings.py:112} WARNING - /home/***/.local/lib/python3.12/site-packages/***/task/task_runner/standard_task_runner.py:62: DeprecationWarning: This process (pid=11418) is multi-threaded, use of fork() may lead to deadlocks in the child.
  pid = os.fork()

[2024-08-06T18:25:56.181+0000] {standard_task_runner.py:64} INFO - Started process 11431 to run task
[2024-08-06T18:25:56.181+0000] {standard_task_runner.py:90} INFO - Running: ['***', 'tasks', 'run', 'motower_daily_prod', 'gen_congestion_task', 'scheduled__2024-03-24T06:00:00+00:00', '--job-id', '3161', '--raw', '--subdir', 'DAGS_FOLDER/gps/custom_dags/motower_daily.py', '--cfg-path', '/tmp/tmp1q4qcepv']
[2024-08-06T18:25:56.185+0000] {standard_task_runner.py:91} INFO - Job 3161: Subtask gen_congestion_task
[2024-08-06T18:25:56.270+0000] {task_command.py:426} INFO - Running <TaskInstance: motower_daily_prod.gen_congestion_task scheduled__2024-03-24T06:00:00+00:00 [running]> on host 13681191f11c
[2024-08-06T18:25:56.471+0000] {taskinstance.py:2648} INFO - Exporting env vars: AIRFLOW_CTX_DAG_EMAIL='richmond.kongo@orange.com,assane.diop@orange.com,cyrille1.danho@orange.com,mohamed2.sylla@orange.com,amadou.diomande@orange.com,Jonas.kouame@orange.com,armand.kablan@orange.com,anicet.azombade@orange.com,etienne.kouadio@orange.com,bertine.kouakou@orange.com,florentine.kouakou@orange.com,ange.phaceli@orange.com,soulegame.soro@orange.com,innocent.yengo@orange.com' AIRFLOW_CTX_DAG_OWNER='***' AIRFLOW_CTX_DAG_ID='motower_daily_prod' AIRFLOW_CTX_TASK_ID='gen_congestion_task' AIRFLOW_CTX_EXECUTION_DATE='2024-03-24T06:00:00+00:00' AIRFLOW_CTX_TRY_NUMBER='1' AIRFLOW_CTX_DAG_RUN_ID='scheduled__2024-03-24T06:00:00+00:00'
[2024-08-06T18:25:56.473+0000] {taskinstance.py:430} INFO - ::endgroup::
[2024-08-06T18:25:57.336+0000] {python.py:237} INFO - Done. Returned value was: None
[2024-08-06T18:25:57.337+0000] {taskinstance.py:441} INFO - ::group::Post task execution logs
[2024-08-06T18:25:57.353+0000] {taskinstance.py:1206} INFO - Marking task as SUCCESS. dag_id=motower_daily_prod, task_id=gen_congestion_task, run_id=scheduled__2024-03-24T06:00:00+00:00, execution_date=20240324T060000, start_date=20240806T182556, end_date=20240806T182557
[2024-08-06T18:25:57.412+0000] {local_task_job_runner.py:243} INFO - Task exited with return code 0
[2024-08-06T18:25:57.431+0000] {local_task_job_runner.py:222} INFO - ::endgroup::
