[2024-08-06T17:03:40.867+0000] {local_task_job_runner.py:120} INFO - ::group::Pre task execution logs
[2024-08-06T17:03:40.967+0000] {taskinstance.py:2076} INFO - Dependencies all met for dep_context=non-requeueable deps ti=<TaskInstance: motower_daily_prod.gen_congestion_task scheduled__2024-02-26T06:00:00+00:00 [queued]>
[2024-08-06T17:03:41.018+0000] {taskinstance.py:2076} INFO - Dependencies all met for dep_context=requeueable deps ti=<TaskInstance: motower_daily_prod.gen_congestion_task scheduled__2024-02-26T06:00:00+00:00 [queued]>
[2024-08-06T17:03:41.019+0000] {taskinstance.py:2306} INFO - Starting attempt 1 of 1
[2024-08-06T17:03:41.066+0000] {taskinstance.py:2330} INFO - Executing <Task(PythonOperator): gen_congestion_task> on 2024-02-26 06:00:00+00:00
[2024-08-06T17:03:41.094+0000] {warnings.py:112} WARNING - /home/***/.local/lib/python3.12/site-packages/***/task/task_runner/standard_task_runner.py:62: DeprecationWarning: This process (pid=2620) is multi-threaded, use of fork() may lead to deadlocks in the child.
  pid = os.fork()

[2024-08-06T17:03:41.105+0000] {standard_task_runner.py:64} INFO - Started process 2636 to run task
[2024-08-06T17:03:41.118+0000] {standard_task_runner.py:90} INFO - Running: ['***', 'tasks', 'run', 'motower_daily_prod', 'gen_congestion_task', 'scheduled__2024-02-26T06:00:00+00:00', '--job-id', '549', '--raw', '--subdir', 'DAGS_FOLDER/gps/custom_dags/motower_daily.py', '--cfg-path', '/tmp/tmp668hf1gq']
[2024-08-06T17:03:41.123+0000] {standard_task_runner.py:91} INFO - Job 549: Subtask gen_congestion_task
[2024-08-06T17:03:41.257+0000] {task_command.py:426} INFO - Running <TaskInstance: motower_daily_prod.gen_congestion_task scheduled__2024-02-26T06:00:00+00:00 [running]> on host 13681191f11c
[2024-08-06T17:03:41.678+0000] {taskinstance.py:2648} INFO - Exporting env vars: AIRFLOW_CTX_DAG_EMAIL='richmond.kongo@orange.com,assane.diop@orange.com,cyrille1.danho@orange.com,mohamed2.sylla@orange.com,amadou.diomande@orange.com,Jonas.kouame@orange.com,armand.kablan@orange.com,anicet.azombade@orange.com,etienne.kouadio@orange.com,bertine.kouakou@orange.com,florentine.kouakou@orange.com,ange.phaceli@orange.com,soulegame.soro@orange.com,innocent.yengo@orange.com' AIRFLOW_CTX_DAG_OWNER='***' AIRFLOW_CTX_DAG_ID='motower_daily_prod' AIRFLOW_CTX_TASK_ID='gen_congestion_task' AIRFLOW_CTX_EXECUTION_DATE='2024-02-26T06:00:00+00:00' AIRFLOW_CTX_TRY_NUMBER='1' AIRFLOW_CTX_DAG_RUN_ID='scheduled__2024-02-26T06:00:00+00:00'
[2024-08-06T17:03:41.680+0000] {taskinstance.py:430} INFO - ::endgroup::
[2024-08-06T17:03:43.057+0000] {python.py:237} INFO - Done. Returned value was: None
[2024-08-06T17:03:43.059+0000] {taskinstance.py:441} INFO - ::group::Post task execution logs
[2024-08-06T17:03:43.079+0000] {taskinstance.py:1206} INFO - Marking task as SUCCESS. dag_id=motower_daily_prod, task_id=gen_congestion_task, run_id=scheduled__2024-02-26T06:00:00+00:00, execution_date=20240226T060000, start_date=20240806T170340, end_date=20240806T170343
[2024-08-06T17:03:43.132+0000] {local_task_job_runner.py:243} INFO - Task exited with return code 0
[2024-08-06T17:03:43.153+0000] {local_task_job_runner.py:222} INFO - ::endgroup::
[2024-08-06T17:34:17.255+0000] {local_task_job_runner.py:120} INFO - ::group::Pre task execution logs
[2024-08-06T17:34:17.521+0000] {taskinstance.py:2076} INFO - Dependencies all met for dep_context=non-requeueable deps ti=<TaskInstance: motower_daily_prod.gen_congestion_task scheduled__2024-02-26T06:00:00+00:00 [queued]>
[2024-08-06T17:34:17.586+0000] {taskinstance.py:2076} INFO - Dependencies all met for dep_context=requeueable deps ti=<TaskInstance: motower_daily_prod.gen_congestion_task scheduled__2024-02-26T06:00:00+00:00 [queued]>
[2024-08-06T17:34:17.591+0000] {taskinstance.py:2306} INFO - Starting attempt 1 of 1
[2024-08-06T17:34:18.496+0000] {taskinstance.py:2330} INFO - Executing <Task(PythonOperator): gen_congestion_task> on 2024-02-26 06:00:00+00:00
[2024-08-06T17:34:18.519+0000] {warnings.py:112} WARNING - /home/***/.local/lib/python3.12/site-packages/***/task/task_runner/standard_task_runner.py:62: DeprecationWarning: This process (pid=6793) is multi-threaded, use of fork() may lead to deadlocks in the child.
  pid = os.fork()

[2024-08-06T17:34:18.522+0000] {standard_task_runner.py:64} INFO - Started process 6809 to run task
[2024-08-06T17:34:18.529+0000] {standard_task_runner.py:90} INFO - Running: ['***', 'tasks', 'run', 'motower_daily_prod', 'gen_congestion_task', 'scheduled__2024-02-26T06:00:00+00:00', '--job-id', '1823', '--raw', '--subdir', 'DAGS_FOLDER/gps/custom_dags/motower_daily.py', '--cfg-path', '/tmp/tmp5c5y9jzp']
[2024-08-06T17:34:18.534+0000] {standard_task_runner.py:91} INFO - Job 1823: Subtask gen_congestion_task
[2024-08-06T17:34:18.741+0000] {task_command.py:426} INFO - Running <TaskInstance: motower_daily_prod.gen_congestion_task scheduled__2024-02-26T06:00:00+00:00 [running]> on host 13681191f11c
[2024-08-06T17:34:19.544+0000] {taskinstance.py:2648} INFO - Exporting env vars: AIRFLOW_CTX_DAG_EMAIL='richmond.kongo@orange.com,assane.diop@orange.com,cyrille1.danho@orange.com,mohamed2.sylla@orange.com,amadou.diomande@orange.com,Jonas.kouame@orange.com,armand.kablan@orange.com,anicet.azombade@orange.com,etienne.kouadio@orange.com,bertine.kouakou@orange.com,florentine.kouakou@orange.com,ange.phaceli@orange.com,soulegame.soro@orange.com,innocent.yengo@orange.com' AIRFLOW_CTX_DAG_OWNER='***' AIRFLOW_CTX_DAG_ID='motower_daily_prod' AIRFLOW_CTX_TASK_ID='gen_congestion_task' AIRFLOW_CTX_EXECUTION_DATE='2024-02-26T06:00:00+00:00' AIRFLOW_CTX_TRY_NUMBER='1' AIRFLOW_CTX_DAG_RUN_ID='scheduled__2024-02-26T06:00:00+00:00'
[2024-08-06T17:34:19.546+0000] {taskinstance.py:430} INFO - ::endgroup::
[2024-08-06T17:34:20.682+0000] {python.py:237} INFO - Done. Returned value was: None
[2024-08-06T17:34:20.685+0000] {taskinstance.py:441} INFO - ::group::Post task execution logs
[2024-08-06T17:34:20.708+0000] {taskinstance.py:1206} INFO - Marking task as SUCCESS. dag_id=motower_daily_prod, task_id=gen_congestion_task, run_id=scheduled__2024-02-26T06:00:00+00:00, execution_date=20240226T060000, start_date=20240806T173417, end_date=20240806T173420
[2024-08-06T17:34:20.780+0000] {local_task_job_runner.py:243} INFO - Task exited with return code 0
[2024-08-06T17:34:20.796+0000] {local_task_job_runner.py:222} INFO - ::endgroup::
[2024-08-06T18:22:05.989+0000] {local_task_job_runner.py:120} INFO - ::group::Pre task execution logs
[2024-08-06T18:22:06.126+0000] {taskinstance.py:2076} INFO - Dependencies all met for dep_context=non-requeueable deps ti=<TaskInstance: motower_daily_prod.gen_congestion_task scheduled__2024-02-26T06:00:00+00:00 [queued]>
[2024-08-06T18:22:06.188+0000] {taskinstance.py:2076} INFO - Dependencies all met for dep_context=requeueable deps ti=<TaskInstance: motower_daily_prod.gen_congestion_task scheduled__2024-02-26T06:00:00+00:00 [queued]>
[2024-08-06T18:22:06.189+0000] {taskinstance.py:2306} INFO - Starting attempt 1 of 1
[2024-08-06T18:22:06.281+0000] {taskinstance.py:2330} INFO - Executing <Task(PythonOperator): gen_congestion_task> on 2024-02-26 06:00:00+00:00
[2024-08-06T18:22:06.306+0000] {warnings.py:112} WARNING - /home/***/.local/lib/python3.12/site-packages/***/task/task_runner/standard_task_runner.py:62: DeprecationWarning: This process (pid=10653) is multi-threaded, use of fork() may lead to deadlocks in the child.
  pid = os.fork()

[2024-08-06T18:22:06.309+0000] {standard_task_runner.py:64} INFO - Started process 10665 to run task
[2024-08-06T18:22:06.310+0000] {standard_task_runner.py:90} INFO - Running: ['***', 'tasks', 'run', 'motower_daily_prod', 'gen_congestion_task', 'scheduled__2024-02-26T06:00:00+00:00', '--job-id', '2919', '--raw', '--subdir', 'DAGS_FOLDER/gps/custom_dags/motower_daily.py', '--cfg-path', '/tmp/tmpm0jl_hc1']
[2024-08-06T18:22:06.319+0000] {standard_task_runner.py:91} INFO - Job 2919: Subtask gen_congestion_task
[2024-08-06T18:22:06.443+0000] {task_command.py:426} INFO - Running <TaskInstance: motower_daily_prod.gen_congestion_task scheduled__2024-02-26T06:00:00+00:00 [running]> on host 13681191f11c
[2024-08-06T18:22:06.706+0000] {taskinstance.py:2648} INFO - Exporting env vars: AIRFLOW_CTX_DAG_EMAIL='richmond.kongo@orange.com,assane.diop@orange.com,cyrille1.danho@orange.com,mohamed2.sylla@orange.com,amadou.diomande@orange.com,Jonas.kouame@orange.com,armand.kablan@orange.com,anicet.azombade@orange.com,etienne.kouadio@orange.com,bertine.kouakou@orange.com,florentine.kouakou@orange.com,ange.phaceli@orange.com,soulegame.soro@orange.com,innocent.yengo@orange.com' AIRFLOW_CTX_DAG_OWNER='***' AIRFLOW_CTX_DAG_ID='motower_daily_prod' AIRFLOW_CTX_TASK_ID='gen_congestion_task' AIRFLOW_CTX_EXECUTION_DATE='2024-02-26T06:00:00+00:00' AIRFLOW_CTX_TRY_NUMBER='1' AIRFLOW_CTX_DAG_RUN_ID='scheduled__2024-02-26T06:00:00+00:00'
[2024-08-06T18:22:06.708+0000] {taskinstance.py:430} INFO - ::endgroup::
[2024-08-06T18:22:07.852+0000] {python.py:237} INFO - Done. Returned value was: None
[2024-08-06T18:22:07.853+0000] {taskinstance.py:441} INFO - ::group::Post task execution logs
[2024-08-06T18:22:07.908+0000] {taskinstance.py:1206} INFO - Marking task as SUCCESS. dag_id=motower_daily_prod, task_id=gen_congestion_task, run_id=scheduled__2024-02-26T06:00:00+00:00, execution_date=20240226T060000, start_date=20240806T182206, end_date=20240806T182207
[2024-08-06T18:22:08.069+0000] {local_task_job_runner.py:243} INFO - Task exited with return code 0
[2024-08-06T18:22:08.093+0000] {local_task_job_runner.py:222} INFO - ::endgroup::
