[2024-08-06T16:58:43.192+0000] {local_task_job_runner.py:120} INFO - ::group::Pre task execution logs
[2024-08-06T16:58:43.292+0000] {taskinstance.py:2076} INFO - Dependencies all met for dep_context=non-requeueable deps ti=<TaskInstance: motower_daily_prod.clean_trafic_task scheduled__2024-01-19T06:00:00+00:00 [queued]>
[2024-08-06T16:58:43.344+0000] {taskinstance.py:2076} INFO - Dependencies all met for dep_context=requeueable deps ti=<TaskInstance: motower_daily_prod.clean_trafic_task scheduled__2024-01-19T06:00:00+00:00 [queued]>
[2024-08-06T16:58:43.345+0000] {taskinstance.py:2306} INFO - Starting attempt 1 of 1
[2024-08-06T16:58:43.394+0000] {taskinstance.py:2330} INFO - Executing <Task(PythonOperator): clean_trafic_task> on 2024-01-19 06:00:00+00:00
[2024-08-06T16:58:43.412+0000] {warnings.py:112} WARNING - /home/***/.local/lib/python3.12/site-packages/***/task/task_runner/standard_task_runner.py:62: DeprecationWarning: This process (pid=1602) is multi-threaded, use of fork() may lead to deadlocks in the child.
  pid = os.fork()

[2024-08-06T16:58:43.415+0000] {standard_task_runner.py:64} INFO - Started process 1617 to run task
[2024-08-06T16:58:43.419+0000] {standard_task_runner.py:90} INFO - Running: ['***', 'tasks', 'run', 'motower_daily_prod', 'clean_trafic_task', 'scheduled__2024-01-19T06:00:00+00:00', '--job-id', '233', '--raw', '--subdir', 'DAGS_FOLDER/gps/custom_dags/motower_daily.py', '--cfg-path', '/tmp/tmp49brx7rr']
[2024-08-06T16:58:43.424+0000] {standard_task_runner.py:91} INFO - Job 233: Subtask clean_trafic_task
[2024-08-06T16:58:43.560+0000] {task_command.py:426} INFO - Running <TaskInstance: motower_daily_prod.clean_trafic_task scheduled__2024-01-19T06:00:00+00:00 [running]> on host 13681191f11c
[2024-08-06T16:58:43.994+0000] {taskinstance.py:2648} INFO - Exporting env vars: AIRFLOW_CTX_DAG_EMAIL='richmond.kongo@orange.com,assane.diop@orange.com,cyrille1.danho@orange.com,mohamed2.sylla@orange.com,amadou.diomande@orange.com,Jonas.kouame@orange.com,armand.kablan@orange.com,anicet.azombade@orange.com,etienne.kouadio@orange.com,bertine.kouakou@orange.com,florentine.kouakou@orange.com,ange.phaceli@orange.com,soulegame.soro@orange.com,innocent.yengo@orange.com' AIRFLOW_CTX_DAG_OWNER='***' AIRFLOW_CTX_DAG_ID='motower_daily_prod' AIRFLOW_CTX_TASK_ID='clean_trafic_task' AIRFLOW_CTX_EXECUTION_DATE='2024-01-19T06:00:00+00:00' AIRFLOW_CTX_TRY_NUMBER='1' AIRFLOW_CTX_DAG_RUN_ID='scheduled__2024-01-19T06:00:00+00:00'
[2024-08-06T16:58:43.997+0000] {taskinstance.py:430} INFO - ::endgroup::
[2024-08-06T16:58:44.242+0000] {data_validation.py:11} INFO - START VALIDATION OF COLUMN trafic_data_go
[2024-08-06T16:58:44.245+0000] {data_validation.py:20} INFO - DATA OF COLUMN trafic_data_go ARE VALID
[2024-08-06T16:58:44.246+0000] {data_validation.py:11} INFO - START VALIDATION OF COLUMN trafic_voix_erl
[2024-08-06T16:58:44.249+0000] {data_validation.py:20} INFO - DATA OF COLUMN trafic_voix_erl ARE VALID
[2024-08-06T16:58:44.250+0000] {motower_daily.py:267} INFO - prepare final data
[2024-08-06T16:58:44.317+0000] {logging_mixin.py:188} INFO - ================================
[2024-08-06T16:58:44.318+0000] {logging_mixin.py:188} INFO - object
[2024-08-06T16:58:45.190+0000] {python.py:237} INFO - Done. Returned value was: None
[2024-08-06T16:58:45.191+0000] {taskinstance.py:441} INFO - ::group::Post task execution logs
[2024-08-06T16:58:45.219+0000] {taskinstance.py:1206} INFO - Marking task as SUCCESS. dag_id=motower_daily_prod, task_id=clean_trafic_task, run_id=scheduled__2024-01-19T06:00:00+00:00, execution_date=20240119T060000, start_date=20240806T165843, end_date=20240806T165845
[2024-08-06T16:58:45.607+0000] {local_task_job_runner.py:243} INFO - Task exited with return code 0
[2024-08-06T16:58:45.640+0000] {taskinstance.py:3503} INFO - 0 downstream tasks scheduled from follow-on schedule check
[2024-08-06T16:58:45.648+0000] {local_task_job_runner.py:222} INFO - ::endgroup::
[2024-08-06T17:29:10.793+0000] {local_task_job_runner.py:120} INFO - ::group::Pre task execution logs
[2024-08-06T17:29:10.908+0000] {taskinstance.py:2076} INFO - Dependencies all met for dep_context=non-requeueable deps ti=<TaskInstance: motower_daily_prod.clean_trafic_task scheduled__2024-01-19T06:00:00+00:00 [queued]>
[2024-08-06T17:29:10.963+0000] {taskinstance.py:2076} INFO - Dependencies all met for dep_context=requeueable deps ti=<TaskInstance: motower_daily_prod.clean_trafic_task scheduled__2024-01-19T06:00:00+00:00 [queued]>
[2024-08-06T17:29:10.965+0000] {taskinstance.py:2306} INFO - Starting attempt 1 of 1
[2024-08-06T17:29:11.015+0000] {taskinstance.py:2330} INFO - Executing <Task(PythonOperator): clean_trafic_task> on 2024-01-19 06:00:00+00:00
[2024-08-06T17:29:11.044+0000] {warnings.py:112} WARNING - /home/***/.local/lib/python3.12/site-packages/***/task/task_runner/standard_task_runner.py:62: DeprecationWarning: This process (pid=5753) is multi-threaded, use of fork() may lead to deadlocks in the child.
  pid = os.fork()

[2024-08-06T17:29:11.051+0000] {standard_task_runner.py:64} INFO - Started process 5768 to run task
[2024-08-06T17:29:11.059+0000] {standard_task_runner.py:90} INFO - Running: ['***', 'tasks', 'run', 'motower_daily_prod', 'clean_trafic_task', 'scheduled__2024-01-19T06:00:00+00:00', '--job-id', '1495', '--raw', '--subdir', 'DAGS_FOLDER/gps/custom_dags/motower_daily.py', '--cfg-path', '/tmp/tmpcwhgd8rb']
[2024-08-06T17:29:11.068+0000] {standard_task_runner.py:91} INFO - Job 1495: Subtask clean_trafic_task
[2024-08-06T17:29:11.219+0000] {task_command.py:426} INFO - Running <TaskInstance: motower_daily_prod.clean_trafic_task scheduled__2024-01-19T06:00:00+00:00 [running]> on host 13681191f11c
[2024-08-06T17:29:11.522+0000] {taskinstance.py:2648} INFO - Exporting env vars: AIRFLOW_CTX_DAG_EMAIL='richmond.kongo@orange.com,assane.diop@orange.com,cyrille1.danho@orange.com,mohamed2.sylla@orange.com,amadou.diomande@orange.com,Jonas.kouame@orange.com,armand.kablan@orange.com,anicet.azombade@orange.com,etienne.kouadio@orange.com,bertine.kouakou@orange.com,florentine.kouakou@orange.com,ange.phaceli@orange.com,soulegame.soro@orange.com,innocent.yengo@orange.com' AIRFLOW_CTX_DAG_OWNER='***' AIRFLOW_CTX_DAG_ID='motower_daily_prod' AIRFLOW_CTX_TASK_ID='clean_trafic_task' AIRFLOW_CTX_EXECUTION_DATE='2024-01-19T06:00:00+00:00' AIRFLOW_CTX_TRY_NUMBER='1' AIRFLOW_CTX_DAG_RUN_ID='scheduled__2024-01-19T06:00:00+00:00'
[2024-08-06T17:29:11.524+0000] {taskinstance.py:430} INFO - ::endgroup::
[2024-08-06T17:29:11.699+0000] {data_validation.py:11} INFO - START VALIDATION OF COLUMN trafic_data_go
[2024-08-06T17:29:11.702+0000] {data_validation.py:20} INFO - DATA OF COLUMN trafic_data_go ARE VALID
[2024-08-06T17:29:11.703+0000] {data_validation.py:11} INFO - START VALIDATION OF COLUMN trafic_voix_erl
[2024-08-06T17:29:11.705+0000] {data_validation.py:20} INFO - DATA OF COLUMN trafic_voix_erl ARE VALID
[2024-08-06T17:29:11.706+0000] {motower_daily.py:267} INFO - prepare final data
[2024-08-06T17:29:11.764+0000] {logging_mixin.py:188} INFO - ================================
[2024-08-06T17:29:11.765+0000] {logging_mixin.py:188} INFO - object
[2024-08-06T17:29:12.434+0000] {python.py:237} INFO - Done. Returned value was: None
[2024-08-06T17:29:12.439+0000] {taskinstance.py:441} INFO - ::group::Post task execution logs
[2024-08-06T17:29:12.464+0000] {taskinstance.py:1206} INFO - Marking task as SUCCESS. dag_id=motower_daily_prod, task_id=clean_trafic_task, run_id=scheduled__2024-01-19T06:00:00+00:00, execution_date=20240119T060000, start_date=20240806T172910, end_date=20240806T172912
[2024-08-06T17:29:12.525+0000] {local_task_job_runner.py:243} INFO - Task exited with return code 0
[2024-08-06T17:29:12.547+0000] {local_task_job_runner.py:222} INFO - ::endgroup::
[2024-08-06T18:16:51.836+0000] {local_task_job_runner.py:120} INFO - ::group::Pre task execution logs
[2024-08-06T18:16:51.953+0000] {taskinstance.py:2076} INFO - Dependencies all met for dep_context=non-requeueable deps ti=<TaskInstance: motower_daily_prod.clean_trafic_task scheduled__2024-01-19T06:00:00+00:00 [queued]>
[2024-08-06T18:16:51.997+0000] {taskinstance.py:2076} INFO - Dependencies all met for dep_context=requeueable deps ti=<TaskInstance: motower_daily_prod.clean_trafic_task scheduled__2024-01-19T06:00:00+00:00 [queued]>
[2024-08-06T18:16:51.997+0000] {taskinstance.py:2306} INFO - Starting attempt 1 of 1
[2024-08-06T18:16:52.079+0000] {taskinstance.py:2330} INFO - Executing <Task(PythonOperator): clean_trafic_task> on 2024-01-19 06:00:00+00:00
[2024-08-06T18:16:52.108+0000] {warnings.py:112} WARNING - /home/***/.local/lib/python3.12/site-packages/***/task/task_runner/standard_task_runner.py:62: DeprecationWarning: This process (pid=9614) is multi-threaded, use of fork() may lead to deadlocks in the child.
  pid = os.fork()

[2024-08-06T18:16:52.111+0000] {standard_task_runner.py:64} INFO - Started process 9632 to run task
[2024-08-06T18:16:52.112+0000] {standard_task_runner.py:90} INFO - Running: ['***', 'tasks', 'run', 'motower_daily_prod', 'clean_trafic_task', 'scheduled__2024-01-19T06:00:00+00:00', '--job-id', '2591', '--raw', '--subdir', 'DAGS_FOLDER/gps/custom_dags/motower_daily.py', '--cfg-path', '/tmp/tmp1hqekhbs']
[2024-08-06T18:16:52.116+0000] {standard_task_runner.py:91} INFO - Job 2591: Subtask clean_trafic_task
[2024-08-06T18:16:52.284+0000] {task_command.py:426} INFO - Running <TaskInstance: motower_daily_prod.clean_trafic_task scheduled__2024-01-19T06:00:00+00:00 [running]> on host 13681191f11c
[2024-08-06T18:16:52.770+0000] {taskinstance.py:2648} INFO - Exporting env vars: AIRFLOW_CTX_DAG_EMAIL='richmond.kongo@orange.com,assane.diop@orange.com,cyrille1.danho@orange.com,mohamed2.sylla@orange.com,amadou.diomande@orange.com,Jonas.kouame@orange.com,armand.kablan@orange.com,anicet.azombade@orange.com,etienne.kouadio@orange.com,bertine.kouakou@orange.com,florentine.kouakou@orange.com,ange.phaceli@orange.com,soulegame.soro@orange.com,innocent.yengo@orange.com' AIRFLOW_CTX_DAG_OWNER='***' AIRFLOW_CTX_DAG_ID='motower_daily_prod' AIRFLOW_CTX_TASK_ID='clean_trafic_task' AIRFLOW_CTX_EXECUTION_DATE='2024-01-19T06:00:00+00:00' AIRFLOW_CTX_TRY_NUMBER='1' AIRFLOW_CTX_DAG_RUN_ID='scheduled__2024-01-19T06:00:00+00:00'
[2024-08-06T18:16:52.778+0000] {taskinstance.py:430} INFO - ::endgroup::
[2024-08-06T18:16:52.996+0000] {data_validation.py:11} INFO - START VALIDATION OF COLUMN trafic_data_go
[2024-08-06T18:16:52.998+0000] {data_validation.py:20} INFO - DATA OF COLUMN trafic_data_go ARE VALID
[2024-08-06T18:16:52.999+0000] {data_validation.py:11} INFO - START VALIDATION OF COLUMN trafic_voix_erl
[2024-08-06T18:16:53.002+0000] {data_validation.py:20} INFO - DATA OF COLUMN trafic_voix_erl ARE VALID
[2024-08-06T18:16:53.003+0000] {motower_daily.py:267} INFO - prepare final data
[2024-08-06T18:16:53.055+0000] {logging_mixin.py:188} INFO - ================================
[2024-08-06T18:16:53.055+0000] {logging_mixin.py:188} INFO - object
[2024-08-06T18:16:53.863+0000] {python.py:237} INFO - Done. Returned value was: None
[2024-08-06T18:16:53.864+0000] {taskinstance.py:441} INFO - ::group::Post task execution logs
[2024-08-06T18:16:53.885+0000] {taskinstance.py:1206} INFO - Marking task as SUCCESS. dag_id=motower_daily_prod, task_id=clean_trafic_task, run_id=scheduled__2024-01-19T06:00:00+00:00, execution_date=20240119T060000, start_date=20240806T181651, end_date=20240806T181653
[2024-08-06T18:16:54.351+0000] {local_task_job_runner.py:243} INFO - Task exited with return code 0
[2024-08-06T18:16:54.382+0000] {taskinstance.py:3503} INFO - 0 downstream tasks scheduled from follow-on schedule check
[2024-08-06T18:16:54.385+0000] {local_task_job_runner.py:222} INFO - ::endgroup::
