[2024-08-06T17:05:13.467+0000] {local_task_job_runner.py:120} INFO - ::group::Pre task execution logs
[2024-08-06T17:05:13.550+0000] {taskinstance.py:2076} INFO - Dependencies all met for dep_context=non-requeueable deps ti=<TaskInstance: motower_daily_prod.gen_congestion_task scheduled__2024-03-06T06:00:00+00:00 [queued]>
[2024-08-06T17:05:13.584+0000] {taskinstance.py:2076} INFO - Dependencies all met for dep_context=requeueable deps ti=<TaskInstance: motower_daily_prod.gen_congestion_task scheduled__2024-03-06T06:00:00+00:00 [queued]>
[2024-08-06T17:05:13.585+0000] {taskinstance.py:2306} INFO - Starting attempt 1 of 1
[2024-08-06T17:05:13.636+0000] {taskinstance.py:2330} INFO - Executing <Task(PythonOperator): gen_congestion_task> on 2024-03-06 06:00:00+00:00
[2024-08-06T17:05:13.656+0000] {warnings.py:112} WARNING - /home/***/.local/lib/python3.12/site-packages/***/task/task_runner/standard_task_runner.py:62: DeprecationWarning: This process (pid=2895) is multi-threaded, use of fork() may lead to deadlocks in the child.
  pid = os.fork()

[2024-08-06T17:05:13.669+0000] {standard_task_runner.py:90} INFO - Running: ['***', 'tasks', 'run', 'motower_daily_prod', 'gen_congestion_task', 'scheduled__2024-03-06T06:00:00+00:00', '--job-id', '640', '--raw', '--subdir', 'DAGS_FOLDER/gps/custom_dags/motower_daily.py', '--cfg-path', '/tmp/tmp1abhgeyw']
[2024-08-06T17:05:13.658+0000] {standard_task_runner.py:64} INFO - Started process 2910 to run task
[2024-08-06T17:05:13.673+0000] {standard_task_runner.py:91} INFO - Job 640: Subtask gen_congestion_task
[2024-08-06T17:05:13.821+0000] {task_command.py:426} INFO - Running <TaskInstance: motower_daily_prod.gen_congestion_task scheduled__2024-03-06T06:00:00+00:00 [running]> on host 13681191f11c
[2024-08-06T17:05:14.135+0000] {taskinstance.py:2648} INFO - Exporting env vars: AIRFLOW_CTX_DAG_EMAIL='richmond.kongo@orange.com,assane.diop@orange.com,cyrille1.danho@orange.com,mohamed2.sylla@orange.com,amadou.diomande@orange.com,Jonas.kouame@orange.com,armand.kablan@orange.com,anicet.azombade@orange.com,etienne.kouadio@orange.com,bertine.kouakou@orange.com,florentine.kouakou@orange.com,ange.phaceli@orange.com,soulegame.soro@orange.com,innocent.yengo@orange.com' AIRFLOW_CTX_DAG_OWNER='***' AIRFLOW_CTX_DAG_ID='motower_daily_prod' AIRFLOW_CTX_TASK_ID='gen_congestion_task' AIRFLOW_CTX_EXECUTION_DATE='2024-03-06T06:00:00+00:00' AIRFLOW_CTX_TRY_NUMBER='1' AIRFLOW_CTX_DAG_RUN_ID='scheduled__2024-03-06T06:00:00+00:00'
[2024-08-06T17:05:14.140+0000] {taskinstance.py:430} INFO - ::endgroup::
[2024-08-06T17:05:15.188+0000] {python.py:237} INFO - Done. Returned value was: None
[2024-08-06T17:05:15.189+0000] {taskinstance.py:441} INFO - ::group::Post task execution logs
[2024-08-06T17:05:15.209+0000] {taskinstance.py:1206} INFO - Marking task as SUCCESS. dag_id=motower_daily_prod, task_id=gen_congestion_task, run_id=scheduled__2024-03-06T06:00:00+00:00, execution_date=20240306T060000, start_date=20240806T170513, end_date=20240806T170515
[2024-08-06T17:05:15.253+0000] {local_task_job_runner.py:243} INFO - Task exited with return code 0
[2024-08-06T17:05:15.288+0000] {taskinstance.py:3503} INFO - 0 downstream tasks scheduled from follow-on schedule check
[2024-08-06T17:05:15.290+0000] {local_task_job_runner.py:222} INFO - ::endgroup::
[2024-08-06T17:35:09.862+0000] {local_task_job_runner.py:120} INFO - ::group::Pre task execution logs
[2024-08-06T17:35:09.918+0000] {taskinstance.py:2076} INFO - Dependencies all met for dep_context=non-requeueable deps ti=<TaskInstance: motower_daily_prod.gen_congestion_task scheduled__2024-03-06T06:00:00+00:00 [queued]>
[2024-08-06T17:35:09.937+0000] {taskinstance.py:2076} INFO - Dependencies all met for dep_context=requeueable deps ti=<TaskInstance: motower_daily_prod.gen_congestion_task scheduled__2024-03-06T06:00:00+00:00 [queued]>
[2024-08-06T17:35:09.937+0000] {taskinstance.py:2306} INFO - Starting attempt 1 of 1
[2024-08-06T17:35:09.958+0000] {taskinstance.py:2330} INFO - Executing <Task(PythonOperator): gen_congestion_task> on 2024-03-06 06:00:00+00:00
[2024-08-06T17:35:09.970+0000] {warnings.py:112} WARNING - /home/***/.local/lib/python3.12/site-packages/***/task/task_runner/standard_task_runner.py:62: DeprecationWarning: This process (pid=7001) is multi-threaded, use of fork() may lead to deadlocks in the child.
  pid = os.fork()

[2024-08-06T17:35:09.972+0000] {standard_task_runner.py:64} INFO - Started process 7006 to run task
[2024-08-06T17:35:09.972+0000] {standard_task_runner.py:90} INFO - Running: ['***', 'tasks', 'run', 'motower_daily_prod', 'gen_congestion_task', 'scheduled__2024-03-06T06:00:00+00:00', '--job-id', '1889', '--raw', '--subdir', 'DAGS_FOLDER/gps/custom_dags/motower_daily.py', '--cfg-path', '/tmp/tmp2retejcw']
[2024-08-06T17:35:09.975+0000] {standard_task_runner.py:91} INFO - Job 1889: Subtask gen_congestion_task
[2024-08-06T17:35:10.028+0000] {task_command.py:426} INFO - Running <TaskInstance: motower_daily_prod.gen_congestion_task scheduled__2024-03-06T06:00:00+00:00 [running]> on host 13681191f11c
[2024-08-06T17:35:10.165+0000] {taskinstance.py:2648} INFO - Exporting env vars: AIRFLOW_CTX_DAG_EMAIL='richmond.kongo@orange.com,assane.diop@orange.com,cyrille1.danho@orange.com,mohamed2.sylla@orange.com,amadou.diomande@orange.com,Jonas.kouame@orange.com,armand.kablan@orange.com,anicet.azombade@orange.com,etienne.kouadio@orange.com,bertine.kouakou@orange.com,florentine.kouakou@orange.com,ange.phaceli@orange.com,soulegame.soro@orange.com,innocent.yengo@orange.com' AIRFLOW_CTX_DAG_OWNER='***' AIRFLOW_CTX_DAG_ID='motower_daily_prod' AIRFLOW_CTX_TASK_ID='gen_congestion_task' AIRFLOW_CTX_EXECUTION_DATE='2024-03-06T06:00:00+00:00' AIRFLOW_CTX_TRY_NUMBER='1' AIRFLOW_CTX_DAG_RUN_ID='scheduled__2024-03-06T06:00:00+00:00'
[2024-08-06T17:35:10.166+0000] {taskinstance.py:430} INFO - ::endgroup::
[2024-08-06T17:35:10.703+0000] {python.py:237} INFO - Done. Returned value was: None
[2024-08-06T17:35:10.703+0000] {taskinstance.py:441} INFO - ::group::Post task execution logs
[2024-08-06T17:35:10.716+0000] {taskinstance.py:1206} INFO - Marking task as SUCCESS. dag_id=motower_daily_prod, task_id=gen_congestion_task, run_id=scheduled__2024-03-06T06:00:00+00:00, execution_date=20240306T060000, start_date=20240806T173509, end_date=20240806T173510
[2024-08-06T17:35:10.749+0000] {local_task_job_runner.py:243} INFO - Task exited with return code 0
[2024-08-06T17:35:10.761+0000] {local_task_job_runner.py:222} INFO - ::endgroup::
[2024-08-06T18:23:15.334+0000] {local_task_job_runner.py:120} INFO - ::group::Pre task execution logs
[2024-08-06T18:23:15.426+0000] {taskinstance.py:2076} INFO - Dependencies all met for dep_context=non-requeueable deps ti=<TaskInstance: motower_daily_prod.gen_congestion_task scheduled__2024-03-06T06:00:00+00:00 [queued]>
[2024-08-06T18:23:15.463+0000] {taskinstance.py:2076} INFO - Dependencies all met for dep_context=requeueable deps ti=<TaskInstance: motower_daily_prod.gen_congestion_task scheduled__2024-03-06T06:00:00+00:00 [queued]>
[2024-08-06T18:23:15.464+0000] {taskinstance.py:2306} INFO - Starting attempt 1 of 1
[2024-08-06T18:23:16.028+0000] {taskinstance.py:2330} INFO - Executing <Task(PythonOperator): gen_congestion_task> on 2024-03-06 06:00:00+00:00
[2024-08-06T18:23:16.054+0000] {warnings.py:112} WARNING - /home/***/.local/lib/python3.12/site-packages/***/task/task_runner/standard_task_runner.py:62: DeprecationWarning: This process (pid=10927) is multi-threaded, use of fork() may lead to deadlocks in the child.
  pid = os.fork()

[2024-08-06T18:23:16.067+0000] {standard_task_runner.py:64} INFO - Started process 10943 to run task
[2024-08-06T18:23:16.075+0000] {standard_task_runner.py:90} INFO - Running: ['***', 'tasks', 'run', 'motower_daily_prod', 'gen_congestion_task', 'scheduled__2024-03-06T06:00:00+00:00', '--job-id', '3007', '--raw', '--subdir', 'DAGS_FOLDER/gps/custom_dags/motower_daily.py', '--cfg-path', '/tmp/tmpd5tbl638']
[2024-08-06T18:23:16.080+0000] {standard_task_runner.py:91} INFO - Job 3007: Subtask gen_congestion_task
[2024-08-06T18:23:16.224+0000] {task_command.py:426} INFO - Running <TaskInstance: motower_daily_prod.gen_congestion_task scheduled__2024-03-06T06:00:00+00:00 [running]> on host 13681191f11c
[2024-08-06T18:23:16.466+0000] {taskinstance.py:2648} INFO - Exporting env vars: AIRFLOW_CTX_DAG_EMAIL='richmond.kongo@orange.com,assane.diop@orange.com,cyrille1.danho@orange.com,mohamed2.sylla@orange.com,amadou.diomande@orange.com,Jonas.kouame@orange.com,armand.kablan@orange.com,anicet.azombade@orange.com,etienne.kouadio@orange.com,bertine.kouakou@orange.com,florentine.kouakou@orange.com,ange.phaceli@orange.com,soulegame.soro@orange.com,innocent.yengo@orange.com' AIRFLOW_CTX_DAG_OWNER='***' AIRFLOW_CTX_DAG_ID='motower_daily_prod' AIRFLOW_CTX_TASK_ID='gen_congestion_task' AIRFLOW_CTX_EXECUTION_DATE='2024-03-06T06:00:00+00:00' AIRFLOW_CTX_TRY_NUMBER='1' AIRFLOW_CTX_DAG_RUN_ID='scheduled__2024-03-06T06:00:00+00:00'
[2024-08-06T18:23:16.468+0000] {taskinstance.py:430} INFO - ::endgroup::
[2024-08-06T18:23:17.212+0000] {python.py:237} INFO - Done. Returned value was: None
[2024-08-06T18:23:17.214+0000] {taskinstance.py:441} INFO - ::group::Post task execution logs
[2024-08-06T18:23:17.233+0000] {taskinstance.py:1206} INFO - Marking task as SUCCESS. dag_id=motower_daily_prod, task_id=gen_congestion_task, run_id=scheduled__2024-03-06T06:00:00+00:00, execution_date=20240306T060000, start_date=20240806T182315, end_date=20240806T182317
[2024-08-06T18:23:17.276+0000] {local_task_job_runner.py:243} INFO - Task exited with return code 0
[2024-08-06T18:23:17.295+0000] {local_task_job_runner.py:222} INFO - ::endgroup::
