[2024-08-06T16:59:20.757+0000] {local_task_job_runner.py:120} INFO - ::group::Pre task execution logs
[2024-08-06T16:59:20.875+0000] {taskinstance.py:2076} INFO - Dependencies all met for dep_context=non-requeueable deps ti=<TaskInstance: motower_daily_prod.clean_trafic_task scheduled__2024-01-25T06:00:00+00:00 [queued]>
[2024-08-06T16:59:20.905+0000] {taskinstance.py:2076} INFO - Dependencies all met for dep_context=requeueable deps ti=<TaskInstance: motower_daily_prod.clean_trafic_task scheduled__2024-01-25T06:00:00+00:00 [queued]>
[2024-08-06T16:59:20.906+0000] {taskinstance.py:2306} INFO - Starting attempt 1 of 1
[2024-08-06T16:59:20.945+0000] {taskinstance.py:2330} INFO - Executing <Task(PythonOperator): clean_trafic_task> on 2024-01-25 06:00:00+00:00
[2024-08-06T16:59:20.974+0000] {warnings.py:112} WARNING - /home/***/.local/lib/python3.12/site-packages/***/task/task_runner/standard_task_runner.py:62: DeprecationWarning: This process (pid=1743) is multi-threaded, use of fork() may lead to deadlocks in the child.
  pid = os.fork()

[2024-08-06T16:59:20.978+0000] {standard_task_runner.py:64} INFO - Started process 1760 to run task
[2024-08-06T16:59:20.983+0000] {standard_task_runner.py:90} INFO - Running: ['***', 'tasks', 'run', 'motower_daily_prod', 'clean_trafic_task', 'scheduled__2024-01-25T06:00:00+00:00', '--job-id', '276', '--raw', '--subdir', 'DAGS_FOLDER/gps/custom_dags/motower_daily.py', '--cfg-path', '/tmp/tmpynytmxe9']
[2024-08-06T16:59:20.987+0000] {standard_task_runner.py:91} INFO - Job 276: Subtask clean_trafic_task
[2024-08-06T16:59:21.135+0000] {task_command.py:426} INFO - Running <TaskInstance: motower_daily_prod.clean_trafic_task scheduled__2024-01-25T06:00:00+00:00 [running]> on host 13681191f11c
[2024-08-06T16:59:21.406+0000] {taskinstance.py:2648} INFO - Exporting env vars: AIRFLOW_CTX_DAG_EMAIL='richmond.kongo@orange.com,assane.diop@orange.com,cyrille1.danho@orange.com,mohamed2.sylla@orange.com,amadou.diomande@orange.com,Jonas.kouame@orange.com,armand.kablan@orange.com,anicet.azombade@orange.com,etienne.kouadio@orange.com,bertine.kouakou@orange.com,florentine.kouakou@orange.com,ange.phaceli@orange.com,soulegame.soro@orange.com,innocent.yengo@orange.com' AIRFLOW_CTX_DAG_OWNER='***' AIRFLOW_CTX_DAG_ID='motower_daily_prod' AIRFLOW_CTX_TASK_ID='clean_trafic_task' AIRFLOW_CTX_EXECUTION_DATE='2024-01-25T06:00:00+00:00' AIRFLOW_CTX_TRY_NUMBER='1' AIRFLOW_CTX_DAG_RUN_ID='scheduled__2024-01-25T06:00:00+00:00'
[2024-08-06T16:59:21.408+0000] {taskinstance.py:430} INFO - ::endgroup::
[2024-08-06T16:59:21.684+0000] {data_validation.py:11} INFO - START VALIDATION OF COLUMN trafic_data_go
[2024-08-06T16:59:21.686+0000] {data_validation.py:20} INFO - DATA OF COLUMN trafic_data_go ARE VALID
[2024-08-06T16:59:21.688+0000] {data_validation.py:11} INFO - START VALIDATION OF COLUMN trafic_voix_erl
[2024-08-06T16:59:21.690+0000] {data_validation.py:20} INFO - DATA OF COLUMN trafic_voix_erl ARE VALID
[2024-08-06T16:59:21.691+0000] {motower_daily.py:267} INFO - prepare final data
[2024-08-06T16:59:21.784+0000] {logging_mixin.py:188} INFO - ================================
[2024-08-06T16:59:21.785+0000] {logging_mixin.py:188} INFO - object
[2024-08-06T16:59:22.739+0000] {python.py:237} INFO - Done. Returned value was: None
[2024-08-06T16:59:22.741+0000] {taskinstance.py:441} INFO - ::group::Post task execution logs
[2024-08-06T16:59:22.763+0000] {taskinstance.py:1206} INFO - Marking task as SUCCESS. dag_id=motower_daily_prod, task_id=clean_trafic_task, run_id=scheduled__2024-01-25T06:00:00+00:00, execution_date=20240125T060000, start_date=20240806T165920, end_date=20240806T165922
[2024-08-06T16:59:22.850+0000] {local_task_job_runner.py:243} INFO - Task exited with return code 0
[2024-08-06T16:59:22.903+0000] {taskinstance.py:3503} INFO - 0 downstream tasks scheduled from follow-on schedule check
[2024-08-06T16:59:22.907+0000] {local_task_job_runner.py:222} INFO - ::endgroup::
[2024-08-06T17:29:38.853+0000] {local_task_job_runner.py:120} INFO - ::group::Pre task execution logs
[2024-08-06T17:29:38.913+0000] {taskinstance.py:2076} INFO - Dependencies all met for dep_context=non-requeueable deps ti=<TaskInstance: motower_daily_prod.clean_trafic_task scheduled__2024-01-25T06:00:00+00:00 [queued]>
[2024-08-06T17:29:38.936+0000] {taskinstance.py:2076} INFO - Dependencies all met for dep_context=requeueable deps ti=<TaskInstance: motower_daily_prod.clean_trafic_task scheduled__2024-01-25T06:00:00+00:00 [queued]>
[2024-08-06T17:29:38.937+0000] {taskinstance.py:2306} INFO - Starting attempt 1 of 1
[2024-08-06T17:29:38.963+0000] {taskinstance.py:2330} INFO - Executing <Task(PythonOperator): clean_trafic_task> on 2024-01-25 06:00:00+00:00
[2024-08-06T17:29:38.976+0000] {warnings.py:112} WARNING - /home/***/.local/lib/python3.12/site-packages/***/task/task_runner/standard_task_runner.py:62: DeprecationWarning: This process (pid=5855) is multi-threaded, use of fork() may lead to deadlocks in the child.
  pid = os.fork()

[2024-08-06T17:29:38.978+0000] {standard_task_runner.py:64} INFO - Started process 5860 to run task
[2024-08-06T17:29:38.981+0000] {standard_task_runner.py:90} INFO - Running: ['***', 'tasks', 'run', 'motower_daily_prod', 'clean_trafic_task', 'scheduled__2024-01-25T06:00:00+00:00', '--job-id', '1527', '--raw', '--subdir', 'DAGS_FOLDER/gps/custom_dags/motower_daily.py', '--cfg-path', '/tmp/tmp0_a47k0p']
[2024-08-06T17:29:38.985+0000] {standard_task_runner.py:91} INFO - Job 1527: Subtask clean_trafic_task
[2024-08-06T17:29:39.074+0000] {task_command.py:426} INFO - Running <TaskInstance: motower_daily_prod.clean_trafic_task scheduled__2024-01-25T06:00:00+00:00 [running]> on host 13681191f11c
[2024-08-06T17:29:39.326+0000] {taskinstance.py:2648} INFO - Exporting env vars: AIRFLOW_CTX_DAG_EMAIL='richmond.kongo@orange.com,assane.diop@orange.com,cyrille1.danho@orange.com,mohamed2.sylla@orange.com,amadou.diomande@orange.com,Jonas.kouame@orange.com,armand.kablan@orange.com,anicet.azombade@orange.com,etienne.kouadio@orange.com,bertine.kouakou@orange.com,florentine.kouakou@orange.com,ange.phaceli@orange.com,soulegame.soro@orange.com,innocent.yengo@orange.com' AIRFLOW_CTX_DAG_OWNER='***' AIRFLOW_CTX_DAG_ID='motower_daily_prod' AIRFLOW_CTX_TASK_ID='clean_trafic_task' AIRFLOW_CTX_EXECUTION_DATE='2024-01-25T06:00:00+00:00' AIRFLOW_CTX_TRY_NUMBER='1' AIRFLOW_CTX_DAG_RUN_ID='scheduled__2024-01-25T06:00:00+00:00'
[2024-08-06T17:29:39.327+0000] {taskinstance.py:430} INFO - ::endgroup::
[2024-08-06T17:29:39.502+0000] {data_validation.py:11} INFO - START VALIDATION OF COLUMN trafic_data_go
[2024-08-06T17:29:39.504+0000] {data_validation.py:20} INFO - DATA OF COLUMN trafic_data_go ARE VALID
[2024-08-06T17:29:39.505+0000] {data_validation.py:11} INFO - START VALIDATION OF COLUMN trafic_voix_erl
[2024-08-06T17:29:39.507+0000] {data_validation.py:20} INFO - DATA OF COLUMN trafic_voix_erl ARE VALID
[2024-08-06T17:29:39.508+0000] {motower_daily.py:267} INFO - prepare final data
[2024-08-06T17:29:39.557+0000] {logging_mixin.py:188} INFO - ================================
[2024-08-06T17:29:39.557+0000] {logging_mixin.py:188} INFO - object
[2024-08-06T17:29:40.270+0000] {python.py:237} INFO - Done. Returned value was: None
[2024-08-06T17:29:40.273+0000] {taskinstance.py:441} INFO - ::group::Post task execution logs
[2024-08-06T17:29:40.292+0000] {taskinstance.py:1206} INFO - Marking task as SUCCESS. dag_id=motower_daily_prod, task_id=clean_trafic_task, run_id=scheduled__2024-01-25T06:00:00+00:00, execution_date=20240125T060000, start_date=20240806T172938, end_date=20240806T172940
[2024-08-06T17:29:40.348+0000] {local_task_job_runner.py:243} INFO - Task exited with return code 0
[2024-08-06T17:29:40.377+0000] {taskinstance.py:3503} INFO - 0 downstream tasks scheduled from follow-on schedule check
[2024-08-06T17:29:40.379+0000] {local_task_job_runner.py:222} INFO - ::endgroup::
[2024-08-06T18:17:31.793+0000] {local_task_job_runner.py:120} INFO - ::group::Pre task execution logs
[2024-08-06T18:17:31.843+0000] {taskinstance.py:2076} INFO - Dependencies all met for dep_context=non-requeueable deps ti=<TaskInstance: motower_daily_prod.clean_trafic_task scheduled__2024-01-25T06:00:00+00:00 [queued]>
[2024-08-06T18:17:31.859+0000] {taskinstance.py:2076} INFO - Dependencies all met for dep_context=requeueable deps ti=<TaskInstance: motower_daily_prod.clean_trafic_task scheduled__2024-01-25T06:00:00+00:00 [queued]>
[2024-08-06T18:17:31.860+0000] {taskinstance.py:2306} INFO - Starting attempt 1 of 1
[2024-08-06T18:17:31.880+0000] {taskinstance.py:2330} INFO - Executing <Task(PythonOperator): clean_trafic_task> on 2024-01-25 06:00:00+00:00
[2024-08-06T18:17:31.891+0000] {warnings.py:112} WARNING - /home/***/.local/lib/python3.12/site-packages/***/task/task_runner/standard_task_runner.py:62: DeprecationWarning: This process (pid=9770) is multi-threaded, use of fork() may lead to deadlocks in the child.
  pid = os.fork()

[2024-08-06T18:17:31.892+0000] {standard_task_runner.py:64} INFO - Started process 9775 to run task
[2024-08-06T18:17:31.893+0000] {standard_task_runner.py:90} INFO - Running: ['***', 'tasks', 'run', 'motower_daily_prod', 'clean_trafic_task', 'scheduled__2024-01-25T06:00:00+00:00', '--job-id', '2641', '--raw', '--subdir', 'DAGS_FOLDER/gps/custom_dags/motower_daily.py', '--cfg-path', '/tmp/tmpbiv7ie7b']
[2024-08-06T18:17:31.896+0000] {standard_task_runner.py:91} INFO - Job 2641: Subtask clean_trafic_task
[2024-08-06T18:17:31.959+0000] {task_command.py:426} INFO - Running <TaskInstance: motower_daily_prod.clean_trafic_task scheduled__2024-01-25T06:00:00+00:00 [running]> on host 13681191f11c
[2024-08-06T18:17:32.106+0000] {taskinstance.py:2648} INFO - Exporting env vars: AIRFLOW_CTX_DAG_EMAIL='richmond.kongo@orange.com,assane.diop@orange.com,cyrille1.danho@orange.com,mohamed2.sylla@orange.com,amadou.diomande@orange.com,Jonas.kouame@orange.com,armand.kablan@orange.com,anicet.azombade@orange.com,etienne.kouadio@orange.com,bertine.kouakou@orange.com,florentine.kouakou@orange.com,ange.phaceli@orange.com,soulegame.soro@orange.com,innocent.yengo@orange.com' AIRFLOW_CTX_DAG_OWNER='***' AIRFLOW_CTX_DAG_ID='motower_daily_prod' AIRFLOW_CTX_TASK_ID='clean_trafic_task' AIRFLOW_CTX_EXECUTION_DATE='2024-01-25T06:00:00+00:00' AIRFLOW_CTX_TRY_NUMBER='1' AIRFLOW_CTX_DAG_RUN_ID='scheduled__2024-01-25T06:00:00+00:00'
[2024-08-06T18:17:32.108+0000] {taskinstance.py:430} INFO - ::endgroup::
[2024-08-06T18:17:32.233+0000] {data_validation.py:11} INFO - START VALIDATION OF COLUMN trafic_data_go
[2024-08-06T18:17:32.235+0000] {data_validation.py:20} INFO - DATA OF COLUMN trafic_data_go ARE VALID
[2024-08-06T18:17:32.235+0000] {data_validation.py:11} INFO - START VALIDATION OF COLUMN trafic_voix_erl
[2024-08-06T18:17:32.236+0000] {data_validation.py:20} INFO - DATA OF COLUMN trafic_voix_erl ARE VALID
[2024-08-06T18:17:32.236+0000] {motower_daily.py:267} INFO - prepare final data
[2024-08-06T18:17:32.270+0000] {logging_mixin.py:188} INFO - ================================
[2024-08-06T18:17:32.271+0000] {logging_mixin.py:188} INFO - object
[2024-08-06T18:17:32.778+0000] {python.py:237} INFO - Done. Returned value was: None
[2024-08-06T18:17:32.779+0000] {taskinstance.py:441} INFO - ::group::Post task execution logs
[2024-08-06T18:17:32.793+0000] {taskinstance.py:1206} INFO - Marking task as SUCCESS. dag_id=motower_daily_prod, task_id=clean_trafic_task, run_id=scheduled__2024-01-25T06:00:00+00:00, execution_date=20240125T060000, start_date=20240806T181731, end_date=20240806T181732
[2024-08-06T18:17:32.835+0000] {local_task_job_runner.py:243} INFO - Task exited with return code 0
[2024-08-06T18:17:32.858+0000] {taskinstance.py:3503} INFO - 0 downstream tasks scheduled from follow-on schedule check
[2024-08-06T18:17:32.861+0000] {local_task_job_runner.py:222} INFO - ::endgroup::
