[2024-08-06T17:04:03.248+0000] {local_task_job_runner.py:120} INFO - ::group::Pre task execution logs
[2024-08-06T17:04:03.338+0000] {taskinstance.py:2076} INFO - Dependencies all met for dep_context=non-requeueable deps ti=<TaskInstance: motower_daily_prod.checkataa scheduled__2024-03-02T06:00:00+00:00 [queued]>
[2024-08-06T17:04:03.364+0000] {taskinstance.py:2076} INFO - Dependencies all met for dep_context=requeueable deps ti=<TaskInstance: motower_daily_prod.checkataa scheduled__2024-03-02T06:00:00+00:00 [queued]>
[2024-08-06T17:04:03.365+0000] {taskinstance.py:2306} INFO - Starting attempt 1 of 1
[2024-08-06T17:04:03.402+0000] {taskinstance.py:2330} INFO - Executing <Task(PythonSensor): checkataa> on 2024-03-02 06:00:00+00:00
[2024-08-06T17:04:03.438+0000] {warnings.py:112} WARNING - /home/***/.local/lib/python3.12/site-packages/***/task/task_runner/standard_task_runner.py:62: DeprecationWarning: This process (pid=2705) is multi-threaded, use of fork() may lead to deadlocks in the child.
  pid = os.fork()

[2024-08-06T17:04:03.440+0000] {standard_task_runner.py:64} INFO - Started process 2716 to run task
[2024-08-06T17:04:03.456+0000] {standard_task_runner.py:90} INFO - Running: ['***', 'tasks', 'run', 'motower_daily_prod', 'checkataa', 'scheduled__2024-03-02T06:00:00+00:00', '--job-id', '581', '--raw', '--subdir', 'DAGS_FOLDER/gps/custom_dags/motower_daily.py', '--cfg-path', '/tmp/tmpkc5a23b0']
[2024-08-06T17:04:03.470+0000] {standard_task_runner.py:91} INFO - Job 581: Subtask checkataa
[2024-08-06T17:04:03.640+0000] {task_command.py:426} INFO - Running <TaskInstance: motower_daily_prod.checkataa scheduled__2024-03-02T06:00:00+00:00 [running]> on host 13681191f11c
[2024-08-06T17:04:03.977+0000] {taskinstance.py:2648} INFO - Exporting env vars: AIRFLOW_CTX_DAG_EMAIL='richmond.kongo@orange.com,assane.diop@orange.com,cyrille1.danho@orange.com,mohamed2.sylla@orange.com,amadou.diomande@orange.com,Jonas.kouame@orange.com,armand.kablan@orange.com,anicet.azombade@orange.com,etienne.kouadio@orange.com,bertine.kouakou@orange.com,florentine.kouakou@orange.com,ange.phaceli@orange.com,soulegame.soro@orange.com,innocent.yengo@orange.com' AIRFLOW_CTX_DAG_OWNER='***' AIRFLOW_CTX_DAG_ID='motower_daily_prod' AIRFLOW_CTX_TASK_ID='checkataa' AIRFLOW_CTX_EXECUTION_DATE='2024-03-02T06:00:00+00:00' AIRFLOW_CTX_TRY_NUMBER='1' AIRFLOW_CTX_DAG_RUN_ID='scheduled__2024-03-02T06:00:00+00:00'
[2024-08-06T17:04:03.982+0000] {taskinstance.py:430} INFO - ::endgroup::
[2024-08-06T17:04:04.016+0000] {python.py:75} INFO - Poking callable: <function check_data_in_table at 0x701c270efe20>
[2024-08-06T17:04:04.040+0000] {extract.py:126} INFO - Getting data of the table dtm_motower_gsm 
[2024-08-06T17:04:04.041+0000] {extract.py:127} INFO - where date is 2024-03-01
[2024-08-06T17:04:04.043+0000] {extract.py:102} INFO - get data to date 20240301
[2024-08-06T17:04:04.075+0000] {warnings.py:112} WARNING - /opt/***/dags/gps/common/extract.py:103: UserWarning: pandas only supports SQLAlchemy connectable (engine/connection) or database string URI or sqlite3 DBAPI2 connection. Other DBAPI2 objects are not tested. Please consider using SQLAlchemy.
  df_ = pd.read_sql_query(sql_query, conn, params=params)

[2024-08-06T17:04:04.296+0000] {base.py:294} INFO - Success criteria met. Exiting.
[2024-08-06T17:04:04.297+0000] {taskinstance.py:441} INFO - ::group::Post task execution logs
[2024-08-06T17:04:04.338+0000] {taskinstance.py:1206} INFO - Marking task as SUCCESS. dag_id=motower_daily_prod, task_id=checkataa, run_id=scheduled__2024-03-02T06:00:00+00:00, execution_date=20240302T060000, start_date=20240806T170403, end_date=20240806T170404
[2024-08-06T17:04:04.400+0000] {local_task_job_runner.py:243} INFO - Task exited with return code 0
[2024-08-06T17:04:04.459+0000] {local_task_job_runner.py:222} INFO - ::endgroup::
[2024-08-06T17:34:26.176+0000] {local_task_job_runner.py:120} INFO - ::group::Pre task execution logs
[2024-08-06T17:34:26.228+0000] {taskinstance.py:2076} INFO - Dependencies all met for dep_context=non-requeueable deps ti=<TaskInstance: motower_daily_prod.checkataa scheduled__2024-03-02T06:00:00+00:00 [queued]>
[2024-08-06T17:34:26.245+0000] {taskinstance.py:2076} INFO - Dependencies all met for dep_context=requeueable deps ti=<TaskInstance: motower_daily_prod.checkataa scheduled__2024-03-02T06:00:00+00:00 [queued]>
[2024-08-06T17:34:26.246+0000] {taskinstance.py:2306} INFO - Starting attempt 1 of 1
[2024-08-06T17:34:26.700+0000] {taskinstance.py:2330} INFO - Executing <Task(PythonSensor): checkataa> on 2024-03-02 06:00:00+00:00
[2024-08-06T17:34:26.714+0000] {warnings.py:112} WARNING - /home/***/.local/lib/python3.12/site-packages/***/task/task_runner/standard_task_runner.py:62: DeprecationWarning: This process (pid=6826) is multi-threaded, use of fork() may lead to deadlocks in the child.
  pid = os.fork()

[2024-08-06T17:34:26.716+0000] {standard_task_runner.py:64} INFO - Started process 6841 to run task
[2024-08-06T17:34:26.719+0000] {standard_task_runner.py:90} INFO - Running: ['***', 'tasks', 'run', 'motower_daily_prod', 'checkataa', 'scheduled__2024-03-02T06:00:00+00:00', '--job-id', '1836', '--raw', '--subdir', 'DAGS_FOLDER/gps/custom_dags/motower_daily.py', '--cfg-path', '/tmp/tmp_0gxu8ub']
[2024-08-06T17:34:26.723+0000] {standard_task_runner.py:91} INFO - Job 1836: Subtask checkataa
[2024-08-06T17:34:26.879+0000] {task_command.py:426} INFO - Running <TaskInstance: motower_daily_prod.checkataa scheduled__2024-03-02T06:00:00+00:00 [running]> on host 13681191f11c
[2024-08-06T17:34:27.183+0000] {taskinstance.py:2648} INFO - Exporting env vars: AIRFLOW_CTX_DAG_EMAIL='richmond.kongo@orange.com,assane.diop@orange.com,cyrille1.danho@orange.com,mohamed2.sylla@orange.com,amadou.diomande@orange.com,Jonas.kouame@orange.com,armand.kablan@orange.com,anicet.azombade@orange.com,etienne.kouadio@orange.com,bertine.kouakou@orange.com,florentine.kouakou@orange.com,ange.phaceli@orange.com,soulegame.soro@orange.com,innocent.yengo@orange.com' AIRFLOW_CTX_DAG_OWNER='***' AIRFLOW_CTX_DAG_ID='motower_daily_prod' AIRFLOW_CTX_TASK_ID='checkataa' AIRFLOW_CTX_EXECUTION_DATE='2024-03-02T06:00:00+00:00' AIRFLOW_CTX_TRY_NUMBER='1' AIRFLOW_CTX_DAG_RUN_ID='scheduled__2024-03-02T06:00:00+00:00'
[2024-08-06T17:34:27.185+0000] {taskinstance.py:430} INFO - ::endgroup::
[2024-08-06T17:34:27.234+0000] {python.py:75} INFO - Poking callable: <function check_data_in_table at 0x701c427c62a0>
[2024-08-06T17:34:27.253+0000] {extract.py:126} INFO - Getting data of the table dtm_motower_gsm 
[2024-08-06T17:34:27.254+0000] {extract.py:127} INFO - where date is 2024-03-01
[2024-08-06T17:34:27.255+0000] {extract.py:102} INFO - get data to date 20240301
[2024-08-06T17:34:27.269+0000] {warnings.py:112} WARNING - /opt/***/dags/gps/common/extract.py:103: UserWarning: pandas only supports SQLAlchemy connectable (engine/connection) or database string URI or sqlite3 DBAPI2 connection. Other DBAPI2 objects are not tested. Please consider using SQLAlchemy.
  df_ = pd.read_sql_query(sql_query, conn, params=params)

[2024-08-06T17:34:27.509+0000] {base.py:294} INFO - Success criteria met. Exiting.
[2024-08-06T17:34:27.510+0000] {taskinstance.py:441} INFO - ::group::Post task execution logs
[2024-08-06T17:34:27.586+0000] {taskinstance.py:1206} INFO - Marking task as SUCCESS. dag_id=motower_daily_prod, task_id=checkataa, run_id=scheduled__2024-03-02T06:00:00+00:00, execution_date=20240302T060000, start_date=20240806T173426, end_date=20240806T173427
[2024-08-06T17:34:27.713+0000] {local_task_job_runner.py:243} INFO - Task exited with return code 0
[2024-08-06T17:34:27.735+0000] {local_task_job_runner.py:222} INFO - ::endgroup::
[2024-08-06T18:22:22.178+0000] {local_task_job_runner.py:120} INFO - ::group::Pre task execution logs
[2024-08-06T18:22:22.309+0000] {taskinstance.py:2076} INFO - Dependencies all met for dep_context=non-requeueable deps ti=<TaskInstance: motower_daily_prod.checkataa scheduled__2024-03-02T06:00:00+00:00 [queued]>
[2024-08-06T18:22:22.349+0000] {taskinstance.py:2076} INFO - Dependencies all met for dep_context=requeueable deps ti=<TaskInstance: motower_daily_prod.checkataa scheduled__2024-03-02T06:00:00+00:00 [queued]>
[2024-08-06T18:22:22.350+0000] {taskinstance.py:2306} INFO - Starting attempt 1 of 1
[2024-08-06T18:22:23.103+0000] {taskinstance.py:2330} INFO - Executing <Task(PythonSensor): checkataa> on 2024-03-02 06:00:00+00:00
[2024-08-06T18:22:23.130+0000] {warnings.py:112} WARNING - /home/***/.local/lib/python3.12/site-packages/***/task/task_runner/standard_task_runner.py:62: DeprecationWarning: This process (pid=10717) is multi-threaded, use of fork() may lead to deadlocks in the child.
  pid = os.fork()

[2024-08-06T18:22:23.133+0000] {standard_task_runner.py:64} INFO - Started process 10735 to run task
[2024-08-06T18:22:23.139+0000] {standard_task_runner.py:90} INFO - Running: ['***', 'tasks', 'run', 'motower_daily_prod', 'checkataa', 'scheduled__2024-03-02T06:00:00+00:00', '--job-id', '2939', '--raw', '--subdir', 'DAGS_FOLDER/gps/custom_dags/motower_daily.py', '--cfg-path', '/tmp/tmp1dvri2ln']
[2024-08-06T18:22:23.158+0000] {standard_task_runner.py:91} INFO - Job 2939: Subtask checkataa
[2024-08-06T18:22:23.305+0000] {task_command.py:426} INFO - Running <TaskInstance: motower_daily_prod.checkataa scheduled__2024-03-02T06:00:00+00:00 [running]> on host 13681191f11c
[2024-08-06T18:22:23.666+0000] {taskinstance.py:2648} INFO - Exporting env vars: AIRFLOW_CTX_DAG_EMAIL='richmond.kongo@orange.com,assane.diop@orange.com,cyrille1.danho@orange.com,mohamed2.sylla@orange.com,amadou.diomande@orange.com,Jonas.kouame@orange.com,armand.kablan@orange.com,anicet.azombade@orange.com,etienne.kouadio@orange.com,bertine.kouakou@orange.com,florentine.kouakou@orange.com,ange.phaceli@orange.com,soulegame.soro@orange.com,innocent.yengo@orange.com' AIRFLOW_CTX_DAG_OWNER='***' AIRFLOW_CTX_DAG_ID='motower_daily_prod' AIRFLOW_CTX_TASK_ID='checkataa' AIRFLOW_CTX_EXECUTION_DATE='2024-03-02T06:00:00+00:00' AIRFLOW_CTX_TRY_NUMBER='1' AIRFLOW_CTX_DAG_RUN_ID='scheduled__2024-03-02T06:00:00+00:00'
[2024-08-06T18:22:23.669+0000] {taskinstance.py:430} INFO - ::endgroup::
[2024-08-06T18:22:23.717+0000] {python.py:75} INFO - Poking callable: <function check_data_in_table at 0x701c26e8fd80>
[2024-08-06T18:22:23.751+0000] {extract.py:126} INFO - Getting data of the table dtm_motower_gsm 
[2024-08-06T18:22:23.752+0000] {extract.py:127} INFO - where date is 2024-03-01
[2024-08-06T18:22:23.752+0000] {extract.py:102} INFO - get data to date 20240301
[2024-08-06T18:22:23.774+0000] {warnings.py:112} WARNING - /opt/***/dags/gps/common/extract.py:103: UserWarning: pandas only supports SQLAlchemy connectable (engine/connection) or database string URI or sqlite3 DBAPI2 connection. Other DBAPI2 objects are not tested. Please consider using SQLAlchemy.
  df_ = pd.read_sql_query(sql_query, conn, params=params)

[2024-08-06T18:22:24.001+0000] {base.py:294} INFO - Success criteria met. Exiting.
[2024-08-06T18:22:24.002+0000] {taskinstance.py:441} INFO - ::group::Post task execution logs
[2024-08-06T18:22:24.035+0000] {taskinstance.py:1206} INFO - Marking task as SUCCESS. dag_id=motower_daily_prod, task_id=checkataa, run_id=scheduled__2024-03-02T06:00:00+00:00, execution_date=20240302T060000, start_date=20240806T182222, end_date=20240806T182224
[2024-08-06T18:22:24.103+0000] {local_task_job_runner.py:243} INFO - Task exited with return code 0
[2024-08-06T18:22:24.271+0000] {taskinstance.py:3503} INFO - 0 downstream tasks scheduled from follow-on schedule check
[2024-08-06T18:22:24.287+0000] {local_task_job_runner.py:222} INFO - ::endgroup::
