[2024-08-06T17:07:25.772+0000] {local_task_job_runner.py:120} INFO - ::group::Pre task execution logs
[2024-08-06T17:07:25.881+0000] {taskinstance.py:2076} INFO - Dependencies all met for dep_context=non-requeueable deps ti=<TaskInstance: motower_daily_prod.extract_congestion scheduled__2024-03-23T06:00:00+00:00 [queued]>
[2024-08-06T17:07:25.923+0000] {taskinstance.py:2076} INFO - Dependencies all met for dep_context=requeueable deps ti=<TaskInstance: motower_daily_prod.extract_congestion scheduled__2024-03-23T06:00:00+00:00 [queued]>
[2024-08-06T17:07:25.924+0000] {taskinstance.py:2306} INFO - Starting attempt 1 of 1
[2024-08-06T17:07:25.980+0000] {taskinstance.py:2330} INFO - Executing <Task(PythonOperator): extract_congestion> on 2024-03-23 06:00:00+00:00
[2024-08-06T17:07:26.001+0000] {warnings.py:112} WARNING - /home/***/.local/lib/python3.12/site-packages/***/task/task_runner/standard_task_runner.py:62: DeprecationWarning: This process (pid=3359) is multi-threaded, use of fork() may lead to deadlocks in the child.
  pid = os.fork()

[2024-08-06T17:07:26.004+0000] {standard_task_runner.py:64} INFO - Started process 3371 to run task
[2024-08-06T17:07:26.003+0000] {standard_task_runner.py:90} INFO - Running: ['***', 'tasks', 'run', 'motower_daily_prod', 'extract_congestion', 'scheduled__2024-03-23T06:00:00+00:00', '--job-id', '783', '--raw', '--subdir', 'DAGS_FOLDER/gps/custom_dags/motower_daily.py', '--cfg-path', '/tmp/tmpaac8a7x8']
[2024-08-06T17:07:26.009+0000] {standard_task_runner.py:91} INFO - Job 783: Subtask extract_congestion
[2024-08-06T17:07:26.122+0000] {task_command.py:426} INFO - Running <TaskInstance: motower_daily_prod.extract_congestion scheduled__2024-03-23T06:00:00+00:00 [running]> on host 13681191f11c
[2024-08-06T17:07:26.366+0000] {taskinstance.py:2648} INFO - Exporting env vars: AIRFLOW_CTX_DAG_EMAIL='richmond.kongo@orange.com,assane.diop@orange.com,cyrille1.danho@orange.com,mohamed2.sylla@orange.com,amadou.diomande@orange.com,Jonas.kouame@orange.com,armand.kablan@orange.com,anicet.azombade@orange.com,etienne.kouadio@orange.com,bertine.kouakou@orange.com,florentine.kouakou@orange.com,ange.phaceli@orange.com,soulegame.soro@orange.com,innocent.yengo@orange.com' AIRFLOW_CTX_DAG_OWNER='***' AIRFLOW_CTX_DAG_ID='motower_daily_prod' AIRFLOW_CTX_TASK_ID='extract_congestion' AIRFLOW_CTX_EXECUTION_DATE='2024-03-23T06:00:00+00:00' AIRFLOW_CTX_TRY_NUMBER='1' AIRFLOW_CTX_DAG_RUN_ID='scheduled__2024-03-23T06:00:00+00:00'
[2024-08-06T17:07:26.371+0000] {taskinstance.py:430} INFO - ::endgroup::
[2024-08-06T17:07:26.415+0000] {extract.py:126} INFO - Getting data of the table ks_hebdo_tdb_radio_drsi 
[2024-08-06T17:07:26.416+0000] {extract.py:127} INFO - where date is 2024-03-22
[2024-08-06T17:07:26.417+0000] {extract.py:98} INFO - get data to date 12 and year 2024
[2024-08-06T17:07:26.429+0000] {warnings.py:112} WARNING - /opt/***/dags/gps/common/extract.py:99: UserWarning: pandas only supports SQLAlchemy connectable (engine/connection) or database string URI or sqlite3 DBAPI2 connection. Other DBAPI2 objects are not tested. Please consider using SQLAlchemy.
  df_ = pd.read_sql_query(sql_query, conn, params=params)

[2024-08-06T17:07:26.659+0000] {rwminio.py:19} INFO - start to save data
[2024-08-06T17:07:26.888+0000] {rwminio.py:34} INFO - data in minio ok
[2024-08-06T17:07:26.904+0000] {python.py:237} INFO - Done. Returned value was: None
[2024-08-06T17:07:26.905+0000] {taskinstance.py:441} INFO - ::group::Post task execution logs
[2024-08-06T17:07:26.935+0000] {taskinstance.py:1206} INFO - Marking task as SUCCESS. dag_id=motower_daily_prod, task_id=extract_congestion, run_id=scheduled__2024-03-23T06:00:00+00:00, execution_date=20240323T060000, start_date=20240806T170725, end_date=20240806T170726
[2024-08-06T17:07:27.020+0000] {local_task_job_runner.py:243} INFO - Task exited with return code 0
[2024-08-06T17:07:27.086+0000] {taskinstance.py:3503} INFO - 0 downstream tasks scheduled from follow-on schedule check
[2024-08-06T17:07:27.096+0000] {local_task_job_runner.py:222} INFO - ::endgroup::
[2024-08-06T17:38:03.246+0000] {local_task_job_runner.py:120} INFO - ::group::Pre task execution logs
[2024-08-06T17:38:03.409+0000] {taskinstance.py:2076} INFO - Dependencies all met for dep_context=non-requeueable deps ti=<TaskInstance: motower_daily_prod.extract_congestion scheduled__2024-03-23T06:00:00+00:00 [queued]>
[2024-08-06T17:38:03.458+0000] {taskinstance.py:2076} INFO - Dependencies all met for dep_context=requeueable deps ti=<TaskInstance: motower_daily_prod.extract_congestion scheduled__2024-03-23T06:00:00+00:00 [queued]>
[2024-08-06T17:38:03.459+0000] {taskinstance.py:2306} INFO - Starting attempt 1 of 1
[2024-08-06T17:38:04.054+0000] {taskinstance.py:2330} INFO - Executing <Task(PythonOperator): extract_congestion> on 2024-03-23 06:00:00+00:00
[2024-08-06T17:38:04.078+0000] {warnings.py:112} WARNING - /home/***/.local/lib/python3.12/site-packages/***/task/task_runner/standard_task_runner.py:62: DeprecationWarning: This process (pid=7499) is multi-threaded, use of fork() may lead to deadlocks in the child.
  pid = os.fork()

[2024-08-06T17:38:04.089+0000] {standard_task_runner.py:64} INFO - Started process 7522 to run task
[2024-08-06T17:38:04.097+0000] {standard_task_runner.py:90} INFO - Running: ['***', 'tasks', 'run', 'motower_daily_prod', 'extract_congestion', 'scheduled__2024-03-23T06:00:00+00:00', '--job-id', '2048', '--raw', '--subdir', 'DAGS_FOLDER/gps/custom_dags/motower_daily.py', '--cfg-path', '/tmp/tmpcegiwek6']
[2024-08-06T17:38:04.125+0000] {standard_task_runner.py:91} INFO - Job 2048: Subtask extract_congestion
[2024-08-06T17:38:04.290+0000] {task_command.py:426} INFO - Running <TaskInstance: motower_daily_prod.extract_congestion scheduled__2024-03-23T06:00:00+00:00 [running]> on host 13681191f11c
[2024-08-06T17:38:04.597+0000] {taskinstance.py:2648} INFO - Exporting env vars: AIRFLOW_CTX_DAG_EMAIL='richmond.kongo@orange.com,assane.diop@orange.com,cyrille1.danho@orange.com,mohamed2.sylla@orange.com,amadou.diomande@orange.com,Jonas.kouame@orange.com,armand.kablan@orange.com,anicet.azombade@orange.com,etienne.kouadio@orange.com,bertine.kouakou@orange.com,florentine.kouakou@orange.com,ange.phaceli@orange.com,soulegame.soro@orange.com,innocent.yengo@orange.com' AIRFLOW_CTX_DAG_OWNER='***' AIRFLOW_CTX_DAG_ID='motower_daily_prod' AIRFLOW_CTX_TASK_ID='extract_congestion' AIRFLOW_CTX_EXECUTION_DATE='2024-03-23T06:00:00+00:00' AIRFLOW_CTX_TRY_NUMBER='1' AIRFLOW_CTX_DAG_RUN_ID='scheduled__2024-03-23T06:00:00+00:00'
[2024-08-06T17:38:04.600+0000] {taskinstance.py:430} INFO - ::endgroup::
[2024-08-06T17:38:04.648+0000] {extract.py:126} INFO - Getting data of the table ks_hebdo_tdb_radio_drsi 
[2024-08-06T17:38:04.650+0000] {extract.py:127} INFO - where date is 2024-03-22
[2024-08-06T17:38:04.650+0000] {extract.py:98} INFO - get data to date 12 and year 2024
[2024-08-06T17:38:04.662+0000] {warnings.py:112} WARNING - /opt/***/dags/gps/common/extract.py:99: UserWarning: pandas only supports SQLAlchemy connectable (engine/connection) or database string URI or sqlite3 DBAPI2 connection. Other DBAPI2 objects are not tested. Please consider using SQLAlchemy.
  df_ = pd.read_sql_query(sql_query, conn, params=params)

[2024-08-06T17:38:05.035+0000] {rwminio.py:19} INFO - start to save data
[2024-08-06T17:38:05.289+0000] {rwminio.py:34} INFO - data in minio ok
[2024-08-06T17:38:05.296+0000] {python.py:237} INFO - Done. Returned value was: None
[2024-08-06T17:38:05.297+0000] {taskinstance.py:441} INFO - ::group::Post task execution logs
[2024-08-06T17:38:05.314+0000] {taskinstance.py:1206} INFO - Marking task as SUCCESS. dag_id=motower_daily_prod, task_id=extract_congestion, run_id=scheduled__2024-03-23T06:00:00+00:00, execution_date=20240323T060000, start_date=20240806T173803, end_date=20240806T173805
[2024-08-06T17:38:05.366+0000] {local_task_job_runner.py:243} INFO - Task exited with return code 0
[2024-08-06T17:38:05.414+0000] {taskinstance.py:3503} INFO - 1 downstream tasks scheduled from follow-on schedule check
[2024-08-06T17:38:05.420+0000] {local_task_job_runner.py:222} INFO - ::endgroup::
[2024-08-06T18:25:43.540+0000] {local_task_job_runner.py:120} INFO - ::group::Pre task execution logs
[2024-08-06T18:25:43.696+0000] {taskinstance.py:2076} INFO - Dependencies all met for dep_context=non-requeueable deps ti=<TaskInstance: motower_daily_prod.extract_congestion scheduled__2024-03-23T06:00:00+00:00 [queued]>
[2024-08-06T18:25:43.747+0000] {taskinstance.py:2076} INFO - Dependencies all met for dep_context=requeueable deps ti=<TaskInstance: motower_daily_prod.extract_congestion scheduled__2024-03-23T06:00:00+00:00 [queued]>
[2024-08-06T18:25:43.749+0000] {taskinstance.py:2306} INFO - Starting attempt 1 of 1
[2024-08-06T18:25:43.797+0000] {taskinstance.py:2330} INFO - Executing <Task(PythonOperator): extract_congestion> on 2024-03-23 06:00:00+00:00
[2024-08-06T18:25:43.813+0000] {warnings.py:112} WARNING - /home/***/.local/lib/python3.12/site-packages/***/task/task_runner/standard_task_runner.py:62: DeprecationWarning: This process (pid=11364) is multi-threaded, use of fork() may lead to deadlocks in the child.
  pid = os.fork()

[2024-08-06T18:25:43.815+0000] {standard_task_runner.py:64} INFO - Started process 11380 to run task
[2024-08-06T18:25:43.822+0000] {standard_task_runner.py:90} INFO - Running: ['***', 'tasks', 'run', 'motower_daily_prod', 'extract_congestion', 'scheduled__2024-03-23T06:00:00+00:00', '--job-id', '3142', '--raw', '--subdir', 'DAGS_FOLDER/gps/custom_dags/motower_daily.py', '--cfg-path', '/tmp/tmpgs08d4bu']
[2024-08-06T18:25:43.827+0000] {standard_task_runner.py:91} INFO - Job 3142: Subtask extract_congestion
[2024-08-06T18:25:43.962+0000] {task_command.py:426} INFO - Running <TaskInstance: motower_daily_prod.extract_congestion scheduled__2024-03-23T06:00:00+00:00 [running]> on host 13681191f11c
[2024-08-06T18:25:44.336+0000] {taskinstance.py:2648} INFO - Exporting env vars: AIRFLOW_CTX_DAG_EMAIL='richmond.kongo@orange.com,assane.diop@orange.com,cyrille1.danho@orange.com,mohamed2.sylla@orange.com,amadou.diomande@orange.com,Jonas.kouame@orange.com,armand.kablan@orange.com,anicet.azombade@orange.com,etienne.kouadio@orange.com,bertine.kouakou@orange.com,florentine.kouakou@orange.com,ange.phaceli@orange.com,soulegame.soro@orange.com,innocent.yengo@orange.com' AIRFLOW_CTX_DAG_OWNER='***' AIRFLOW_CTX_DAG_ID='motower_daily_prod' AIRFLOW_CTX_TASK_ID='extract_congestion' AIRFLOW_CTX_EXECUTION_DATE='2024-03-23T06:00:00+00:00' AIRFLOW_CTX_TRY_NUMBER='1' AIRFLOW_CTX_DAG_RUN_ID='scheduled__2024-03-23T06:00:00+00:00'
[2024-08-06T18:25:44.339+0000] {taskinstance.py:430} INFO - ::endgroup::
[2024-08-06T18:25:44.384+0000] {extract.py:126} INFO - Getting data of the table ks_hebdo_tdb_radio_drsi 
[2024-08-06T18:25:44.384+0000] {extract.py:127} INFO - where date is 2024-03-22
[2024-08-06T18:25:44.385+0000] {extract.py:98} INFO - get data to date 12 and year 2024
[2024-08-06T18:25:44.397+0000] {warnings.py:112} WARNING - /opt/***/dags/gps/common/extract.py:99: UserWarning: pandas only supports SQLAlchemy connectable (engine/connection) or database string URI or sqlite3 DBAPI2 connection. Other DBAPI2 objects are not tested. Please consider using SQLAlchemy.
  df_ = pd.read_sql_query(sql_query, conn, params=params)

[2024-08-06T18:25:44.957+0000] {rwminio.py:19} INFO - start to save data
[2024-08-06T18:25:45.670+0000] {rwminio.py:34} INFO - data in minio ok
[2024-08-06T18:25:45.691+0000] {python.py:237} INFO - Done. Returned value was: None
[2024-08-06T18:25:45.692+0000] {taskinstance.py:441} INFO - ::group::Post task execution logs
[2024-08-06T18:25:45.715+0000] {taskinstance.py:1206} INFO - Marking task as SUCCESS. dag_id=motower_daily_prod, task_id=extract_congestion, run_id=scheduled__2024-03-23T06:00:00+00:00, execution_date=20240323T060000, start_date=20240806T182543, end_date=20240806T182545
[2024-08-06T18:25:45.761+0000] {local_task_job_runner.py:243} INFO - Task exited with return code 0
[2024-08-06T18:25:45.777+0000] {local_task_job_runner.py:222} INFO - ::endgroup::
