[2024-08-06T17:02:06.770+0000] {local_task_job_runner.py:120} INFO - ::group::Pre task execution logs
[2024-08-06T17:02:07.031+0000] {taskinstance.py:2076} INFO - Dependencies all met for dep_context=non-requeueable deps ti=<TaskInstance: motower_daily_prod.checkataa scheduled__2024-02-16T06:00:00+00:00 [queued]>
[2024-08-06T17:02:07.108+0000] {taskinstance.py:2076} INFO - Dependencies all met for dep_context=requeueable deps ti=<TaskInstance: motower_daily_prod.checkataa scheduled__2024-02-16T06:00:00+00:00 [queued]>
[2024-08-06T17:02:07.108+0000] {taskinstance.py:2306} INFO - Starting attempt 1 of 1
[2024-08-06T17:02:07.179+0000] {taskinstance.py:2330} INFO - Executing <Task(PythonSensor): checkataa> on 2024-02-16 06:00:00+00:00
[2024-08-06T17:02:07.195+0000] {warnings.py:112} WARNING - /home/***/.local/lib/python3.12/site-packages/***/task/task_runner/standard_task_runner.py:62: DeprecationWarning: This process (pid=2278) is multi-threaded, use of fork() may lead to deadlocks in the child.
  pid = os.fork()

[2024-08-06T17:02:07.198+0000] {standard_task_runner.py:64} INFO - Started process 2300 to run task
[2024-08-06T17:02:07.216+0000] {standard_task_runner.py:90} INFO - Running: ['***', 'tasks', 'run', 'motower_daily_prod', 'checkataa', 'scheduled__2024-02-16T06:00:00+00:00', '--job-id', '444', '--raw', '--subdir', 'DAGS_FOLDER/gps/custom_dags/motower_daily.py', '--cfg-path', '/tmp/tmp8xa8ydk1']
[2024-08-06T17:02:07.220+0000] {standard_task_runner.py:91} INFO - Job 444: Subtask checkataa
[2024-08-06T17:02:07.453+0000] {task_command.py:426} INFO - Running <TaskInstance: motower_daily_prod.checkataa scheduled__2024-02-16T06:00:00+00:00 [running]> on host 13681191f11c
[2024-08-06T17:02:07.763+0000] {taskinstance.py:2648} INFO - Exporting env vars: AIRFLOW_CTX_DAG_EMAIL='richmond.kongo@orange.com,assane.diop@orange.com,cyrille1.danho@orange.com,mohamed2.sylla@orange.com,amadou.diomande@orange.com,Jonas.kouame@orange.com,armand.kablan@orange.com,anicet.azombade@orange.com,etienne.kouadio@orange.com,bertine.kouakou@orange.com,florentine.kouakou@orange.com,ange.phaceli@orange.com,soulegame.soro@orange.com,innocent.yengo@orange.com' AIRFLOW_CTX_DAG_OWNER='***' AIRFLOW_CTX_DAG_ID='motower_daily_prod' AIRFLOW_CTX_TASK_ID='checkataa' AIRFLOW_CTX_EXECUTION_DATE='2024-02-16T06:00:00+00:00' AIRFLOW_CTX_TRY_NUMBER='1' AIRFLOW_CTX_DAG_RUN_ID='scheduled__2024-02-16T06:00:00+00:00'
[2024-08-06T17:02:07.765+0000] {taskinstance.py:430} INFO - ::endgroup::
[2024-08-06T17:02:07.814+0000] {python.py:75} INFO - Poking callable: <function check_data_in_table at 0x701c271109a0>
[2024-08-06T17:02:07.834+0000] {extract.py:126} INFO - Getting data of the table dtm_motower_gsm 
[2024-08-06T17:02:07.835+0000] {extract.py:127} INFO - where date is 2024-02-15
[2024-08-06T17:02:07.835+0000] {extract.py:102} INFO - get data to date 20240215
[2024-08-06T17:02:07.855+0000] {warnings.py:112} WARNING - /opt/***/dags/gps/common/extract.py:103: UserWarning: pandas only supports SQLAlchemy connectable (engine/connection) or database string URI or sqlite3 DBAPI2 connection. Other DBAPI2 objects are not tested. Please consider using SQLAlchemy.
  df_ = pd.read_sql_query(sql_query, conn, params=params)

[2024-08-06T17:02:08.241+0000] {base.py:294} INFO - Success criteria met. Exiting.
[2024-08-06T17:02:08.242+0000] {taskinstance.py:441} INFO - ::group::Post task execution logs
[2024-08-06T17:02:08.290+0000] {taskinstance.py:1206} INFO - Marking task as SUCCESS. dag_id=motower_daily_prod, task_id=checkataa, run_id=scheduled__2024-02-16T06:00:00+00:00, execution_date=20240216T060000, start_date=20240806T170207, end_date=20240806T170208
[2024-08-06T17:02:08.794+0000] {local_task_job_runner.py:243} INFO - Task exited with return code 0
[2024-08-06T17:02:08.993+0000] {taskinstance.py:3503} INFO - 0 downstream tasks scheduled from follow-on schedule check
[2024-08-06T17:02:09.030+0000] {local_task_job_runner.py:222} INFO - ::endgroup::
[2024-08-06T17:32:37.875+0000] {local_task_job_runner.py:120} INFO - ::group::Pre task execution logs
[2024-08-06T17:32:37.925+0000] {taskinstance.py:2076} INFO - Dependencies all met for dep_context=non-requeueable deps ti=<TaskInstance: motower_daily_prod.checkataa scheduled__2024-02-16T06:00:00+00:00 [queued]>
[2024-08-06T17:32:37.945+0000] {taskinstance.py:2076} INFO - Dependencies all met for dep_context=requeueable deps ti=<TaskInstance: motower_daily_prod.checkataa scheduled__2024-02-16T06:00:00+00:00 [queued]>
[2024-08-06T17:32:37.945+0000] {taskinstance.py:2306} INFO - Starting attempt 1 of 1
[2024-08-06T17:32:37.998+0000] {taskinstance.py:2330} INFO - Executing <Task(PythonSensor): checkataa> on 2024-02-16 06:00:00+00:00
[2024-08-06T17:32:38.008+0000] {warnings.py:112} WARNING - /home/***/.local/lib/python3.12/site-packages/***/task/task_runner/standard_task_runner.py:62: DeprecationWarning: This process (pid=6445) is multi-threaded, use of fork() may lead to deadlocks in the child.
  pid = os.fork()

[2024-08-06T17:32:38.010+0000] {standard_task_runner.py:64} INFO - Started process 6451 to run task
[2024-08-06T17:32:38.010+0000] {standard_task_runner.py:90} INFO - Running: ['***', 'tasks', 'run', 'motower_daily_prod', 'checkataa', 'scheduled__2024-02-16T06:00:00+00:00', '--job-id', '1713', '--raw', '--subdir', 'DAGS_FOLDER/gps/custom_dags/motower_daily.py', '--cfg-path', '/tmp/tmpa5aiyw8o']
[2024-08-06T17:32:38.013+0000] {standard_task_runner.py:91} INFO - Job 1713: Subtask checkataa
[2024-08-06T17:32:38.077+0000] {task_command.py:426} INFO - Running <TaskInstance: motower_daily_prod.checkataa scheduled__2024-02-16T06:00:00+00:00 [running]> on host 13681191f11c
[2024-08-06T17:32:38.230+0000] {taskinstance.py:2648} INFO - Exporting env vars: AIRFLOW_CTX_DAG_EMAIL='richmond.kongo@orange.com,assane.diop@orange.com,cyrille1.danho@orange.com,mohamed2.sylla@orange.com,amadou.diomande@orange.com,Jonas.kouame@orange.com,armand.kablan@orange.com,anicet.azombade@orange.com,etienne.kouadio@orange.com,bertine.kouakou@orange.com,florentine.kouakou@orange.com,ange.phaceli@orange.com,soulegame.soro@orange.com,innocent.yengo@orange.com' AIRFLOW_CTX_DAG_OWNER='***' AIRFLOW_CTX_DAG_ID='motower_daily_prod' AIRFLOW_CTX_TASK_ID='checkataa' AIRFLOW_CTX_EXECUTION_DATE='2024-02-16T06:00:00+00:00' AIRFLOW_CTX_TRY_NUMBER='1' AIRFLOW_CTX_DAG_RUN_ID='scheduled__2024-02-16T06:00:00+00:00'
[2024-08-06T17:32:38.231+0000] {taskinstance.py:430} INFO - ::endgroup::
[2024-08-06T17:32:38.255+0000] {python.py:75} INFO - Poking callable: <function check_data_in_table at 0x701c26ee0e00>
[2024-08-06T17:32:38.259+0000] {extract.py:126} INFO - Getting data of the table dtm_motower_gsm 
[2024-08-06T17:32:38.260+0000] {extract.py:127} INFO - where date is 2024-02-15
[2024-08-06T17:32:38.260+0000] {extract.py:102} INFO - get data to date 20240215
[2024-08-06T17:32:38.267+0000] {warnings.py:112} WARNING - /opt/***/dags/gps/common/extract.py:103: UserWarning: pandas only supports SQLAlchemy connectable (engine/connection) or database string URI or sqlite3 DBAPI2 connection. Other DBAPI2 objects are not tested. Please consider using SQLAlchemy.
  df_ = pd.read_sql_query(sql_query, conn, params=params)

[2024-08-06T17:32:38.374+0000] {base.py:294} INFO - Success criteria met. Exiting.
[2024-08-06T17:32:38.374+0000] {taskinstance.py:441} INFO - ::group::Post task execution logs
[2024-08-06T17:32:38.388+0000] {taskinstance.py:1206} INFO - Marking task as SUCCESS. dag_id=motower_daily_prod, task_id=checkataa, run_id=scheduled__2024-02-16T06:00:00+00:00, execution_date=20240216T060000, start_date=20240806T173237, end_date=20240806T173238
[2024-08-06T17:32:38.424+0000] {local_task_job_runner.py:243} INFO - Task exited with return code 0
[2024-08-06T17:32:38.503+0000] {taskinstance.py:3503} INFO - 1 downstream tasks scheduled from follow-on schedule check
[2024-08-06T17:32:38.513+0000] {local_task_job_runner.py:222} INFO - ::endgroup::
[2024-08-06T18:20:18.817+0000] {local_task_job_runner.py:120} INFO - ::group::Pre task execution logs
[2024-08-06T18:20:18.933+0000] {taskinstance.py:2076} INFO - Dependencies all met for dep_context=non-requeueable deps ti=<TaskInstance: motower_daily_prod.checkataa scheduled__2024-02-16T06:00:00+00:00 [queued]>
[2024-08-06T18:20:18.991+0000] {taskinstance.py:2076} INFO - Dependencies all met for dep_context=requeueable deps ti=<TaskInstance: motower_daily_prod.checkataa scheduled__2024-02-16T06:00:00+00:00 [queued]>
[2024-08-06T18:20:18.991+0000] {taskinstance.py:2306} INFO - Starting attempt 1 of 1
[2024-08-06T18:20:19.052+0000] {taskinstance.py:2330} INFO - Executing <Task(PythonSensor): checkataa> on 2024-02-16 06:00:00+00:00
[2024-08-06T18:20:19.084+0000] {warnings.py:112} WARNING - /home/***/.local/lib/python3.12/site-packages/***/task/task_runner/standard_task_runner.py:62: DeprecationWarning: This process (pid=10300) is multi-threaded, use of fork() may lead to deadlocks in the child.
  pid = os.fork()

[2024-08-06T18:20:19.086+0000] {standard_task_runner.py:64} INFO - Started process 10315 to run task
[2024-08-06T18:20:19.107+0000] {standard_task_runner.py:90} INFO - Running: ['***', 'tasks', 'run', 'motower_daily_prod', 'checkataa', 'scheduled__2024-02-16T06:00:00+00:00', '--job-id', '2807', '--raw', '--subdir', 'DAGS_FOLDER/gps/custom_dags/motower_daily.py', '--cfg-path', '/tmp/tmpzq7r7sso']
[2024-08-06T18:20:19.111+0000] {standard_task_runner.py:91} INFO - Job 2807: Subtask checkataa
[2024-08-06T18:20:19.256+0000] {task_command.py:426} INFO - Running <TaskInstance: motower_daily_prod.checkataa scheduled__2024-02-16T06:00:00+00:00 [running]> on host 13681191f11c
[2024-08-06T18:20:19.579+0000] {taskinstance.py:2648} INFO - Exporting env vars: AIRFLOW_CTX_DAG_EMAIL='richmond.kongo@orange.com,assane.diop@orange.com,cyrille1.danho@orange.com,mohamed2.sylla@orange.com,amadou.diomande@orange.com,Jonas.kouame@orange.com,armand.kablan@orange.com,anicet.azombade@orange.com,etienne.kouadio@orange.com,bertine.kouakou@orange.com,florentine.kouakou@orange.com,ange.phaceli@orange.com,soulegame.soro@orange.com,innocent.yengo@orange.com' AIRFLOW_CTX_DAG_OWNER='***' AIRFLOW_CTX_DAG_ID='motower_daily_prod' AIRFLOW_CTX_TASK_ID='checkataa' AIRFLOW_CTX_EXECUTION_DATE='2024-02-16T06:00:00+00:00' AIRFLOW_CTX_TRY_NUMBER='1' AIRFLOW_CTX_DAG_RUN_ID='scheduled__2024-02-16T06:00:00+00:00'
[2024-08-06T18:20:19.581+0000] {taskinstance.py:430} INFO - ::endgroup::
[2024-08-06T18:20:19.640+0000] {python.py:75} INFO - Poking callable: <function check_data_in_table at 0x701c26e93d80>
[2024-08-06T18:20:19.647+0000] {extract.py:126} INFO - Getting data of the table dtm_motower_gsm 
[2024-08-06T18:20:19.651+0000] {extract.py:127} INFO - where date is 2024-02-15
[2024-08-06T18:20:19.652+0000] {extract.py:102} INFO - get data to date 20240215
[2024-08-06T18:20:19.665+0000] {warnings.py:112} WARNING - /opt/***/dags/gps/common/extract.py:103: UserWarning: pandas only supports SQLAlchemy connectable (engine/connection) or database string URI or sqlite3 DBAPI2 connection. Other DBAPI2 objects are not tested. Please consider using SQLAlchemy.
  df_ = pd.read_sql_query(sql_query, conn, params=params)

[2024-08-06T18:20:19.945+0000] {base.py:294} INFO - Success criteria met. Exiting.
[2024-08-06T18:20:19.945+0000] {taskinstance.py:441} INFO - ::group::Post task execution logs
[2024-08-06T18:20:19.975+0000] {taskinstance.py:1206} INFO - Marking task as SUCCESS. dag_id=motower_daily_prod, task_id=checkataa, run_id=scheduled__2024-02-16T06:00:00+00:00, execution_date=20240216T060000, start_date=20240806T182018, end_date=20240806T182019
[2024-08-06T18:20:20.055+0000] {local_task_job_runner.py:243} INFO - Task exited with return code 0
[2024-08-06T18:20:20.260+0000] {taskinstance.py:3503} INFO - 1 downstream tasks scheduled from follow-on schedule check
[2024-08-06T18:20:20.276+0000] {local_task_job_runner.py:222} INFO - ::endgroup::
