[2024-08-06T17:02:16.782+0000] {local_task_job_runner.py:120} INFO - ::group::Pre task execution logs
[2024-08-06T17:02:16.852+0000] {taskinstance.py:2076} INFO - Dependencies all met for dep_context=non-requeueable deps ti=<TaskInstance: motower_daily_prod.gen_congestion_task scheduled__2024-02-15T06:00:00+00:00 [queued]>
[2024-08-06T17:02:16.885+0000] {taskinstance.py:2076} INFO - Dependencies all met for dep_context=requeueable deps ti=<TaskInstance: motower_daily_prod.gen_congestion_task scheduled__2024-02-15T06:00:00+00:00 [queued]>
[2024-08-06T17:02:16.887+0000] {taskinstance.py:2306} INFO - Starting attempt 1 of 1
[2024-08-06T17:02:16.931+0000] {taskinstance.py:2330} INFO - Executing <Task(PythonOperator): gen_congestion_task> on 2024-02-15 06:00:00+00:00
[2024-08-06T17:02:16.952+0000] {warnings.py:112} WARNING - /home/***/.local/lib/python3.12/site-packages/***/task/task_runner/standard_task_runner.py:62: DeprecationWarning: This process (pid=2319) is multi-threaded, use of fork() may lead to deadlocks in the child.
  pid = os.fork()

[2024-08-06T17:02:16.955+0000] {standard_task_runner.py:64} INFO - Started process 2337 to run task
[2024-08-06T17:02:16.965+0000] {standard_task_runner.py:90} INFO - Running: ['***', 'tasks', 'run', 'motower_daily_prod', 'gen_congestion_task', 'scheduled__2024-02-15T06:00:00+00:00', '--job-id', '458', '--raw', '--subdir', 'DAGS_FOLDER/gps/custom_dags/motower_daily.py', '--cfg-path', '/tmp/tmpjcic_61d']
[2024-08-06T17:02:16.971+0000] {standard_task_runner.py:91} INFO - Job 458: Subtask gen_congestion_task
[2024-08-06T17:02:17.153+0000] {task_command.py:426} INFO - Running <TaskInstance: motower_daily_prod.gen_congestion_task scheduled__2024-02-15T06:00:00+00:00 [running]> on host 13681191f11c
[2024-08-06T17:02:17.544+0000] {taskinstance.py:2648} INFO - Exporting env vars: AIRFLOW_CTX_DAG_EMAIL='richmond.kongo@orange.com,assane.diop@orange.com,cyrille1.danho@orange.com,mohamed2.sylla@orange.com,amadou.diomande@orange.com,Jonas.kouame@orange.com,armand.kablan@orange.com,anicet.azombade@orange.com,etienne.kouadio@orange.com,bertine.kouakou@orange.com,florentine.kouakou@orange.com,ange.phaceli@orange.com,soulegame.soro@orange.com,innocent.yengo@orange.com' AIRFLOW_CTX_DAG_OWNER='***' AIRFLOW_CTX_DAG_ID='motower_daily_prod' AIRFLOW_CTX_TASK_ID='gen_congestion_task' AIRFLOW_CTX_EXECUTION_DATE='2024-02-15T06:00:00+00:00' AIRFLOW_CTX_TRY_NUMBER='1' AIRFLOW_CTX_DAG_RUN_ID='scheduled__2024-02-15T06:00:00+00:00'
[2024-08-06T17:02:17.546+0000] {taskinstance.py:430} INFO - ::endgroup::
[2024-08-06T17:02:18.815+0000] {python.py:237} INFO - Done. Returned value was: None
[2024-08-06T17:02:18.817+0000] {taskinstance.py:441} INFO - ::group::Post task execution logs
[2024-08-06T17:02:18.840+0000] {taskinstance.py:1206} INFO - Marking task as SUCCESS. dag_id=motower_daily_prod, task_id=gen_congestion_task, run_id=scheduled__2024-02-15T06:00:00+00:00, execution_date=20240215T060000, start_date=20240806T170216, end_date=20240806T170218
[2024-08-06T17:02:18.942+0000] {local_task_job_runner.py:243} INFO - Task exited with return code 0
[2024-08-06T17:02:18.996+0000] {taskinstance.py:3503} INFO - 0 downstream tasks scheduled from follow-on schedule check
[2024-08-06T17:02:19.003+0000] {local_task_job_runner.py:222} INFO - ::endgroup::
[2024-08-06T17:32:28.963+0000] {local_task_job_runner.py:120} INFO - ::group::Pre task execution logs
[2024-08-06T17:32:29.017+0000] {taskinstance.py:2076} INFO - Dependencies all met for dep_context=non-requeueable deps ti=<TaskInstance: motower_daily_prod.gen_congestion_task scheduled__2024-02-15T06:00:00+00:00 [queued]>
[2024-08-06T17:32:29.040+0000] {taskinstance.py:2076} INFO - Dependencies all met for dep_context=requeueable deps ti=<TaskInstance: motower_daily_prod.gen_congestion_task scheduled__2024-02-15T06:00:00+00:00 [queued]>
[2024-08-06T17:32:29.041+0000] {taskinstance.py:2306} INFO - Starting attempt 1 of 1
[2024-08-06T17:32:29.079+0000] {taskinstance.py:2330} INFO - Executing <Task(PythonOperator): gen_congestion_task> on 2024-02-15 06:00:00+00:00
[2024-08-06T17:32:29.093+0000] {warnings.py:112} WARNING - /home/***/.local/lib/python3.12/site-packages/***/task/task_runner/standard_task_runner.py:62: DeprecationWarning: This process (pid=6430) is multi-threaded, use of fork() may lead to deadlocks in the child.
  pid = os.fork()

[2024-08-06T17:32:29.095+0000] {standard_task_runner.py:64} INFO - Started process 6436 to run task
[2024-08-06T17:32:29.099+0000] {standard_task_runner.py:90} INFO - Running: ['***', 'tasks', 'run', 'motower_daily_prod', 'gen_congestion_task', 'scheduled__2024-02-15T06:00:00+00:00', '--job-id', '1707', '--raw', '--subdir', 'DAGS_FOLDER/gps/custom_dags/motower_daily.py', '--cfg-path', '/tmp/tmpu6e1xz4g']
[2024-08-06T17:32:29.103+0000] {standard_task_runner.py:91} INFO - Job 1707: Subtask gen_congestion_task
[2024-08-06T17:32:29.251+0000] {task_command.py:426} INFO - Running <TaskInstance: motower_daily_prod.gen_congestion_task scheduled__2024-02-15T06:00:00+00:00 [running]> on host 13681191f11c
[2024-08-06T17:32:29.483+0000] {taskinstance.py:2648} INFO - Exporting env vars: AIRFLOW_CTX_DAG_EMAIL='richmond.kongo@orange.com,assane.diop@orange.com,cyrille1.danho@orange.com,mohamed2.sylla@orange.com,amadou.diomande@orange.com,Jonas.kouame@orange.com,armand.kablan@orange.com,anicet.azombade@orange.com,etienne.kouadio@orange.com,bertine.kouakou@orange.com,florentine.kouakou@orange.com,ange.phaceli@orange.com,soulegame.soro@orange.com,innocent.yengo@orange.com' AIRFLOW_CTX_DAG_OWNER='***' AIRFLOW_CTX_DAG_ID='motower_daily_prod' AIRFLOW_CTX_TASK_ID='gen_congestion_task' AIRFLOW_CTX_EXECUTION_DATE='2024-02-15T06:00:00+00:00' AIRFLOW_CTX_TRY_NUMBER='1' AIRFLOW_CTX_DAG_RUN_ID='scheduled__2024-02-15T06:00:00+00:00'
[2024-08-06T17:32:29.485+0000] {taskinstance.py:430} INFO - ::endgroup::
[2024-08-06T17:32:30.025+0000] {python.py:237} INFO - Done. Returned value was: None
[2024-08-06T17:32:30.026+0000] {taskinstance.py:441} INFO - ::group::Post task execution logs
[2024-08-06T17:32:30.036+0000] {taskinstance.py:1206} INFO - Marking task as SUCCESS. dag_id=motower_daily_prod, task_id=gen_congestion_task, run_id=scheduled__2024-02-15T06:00:00+00:00, execution_date=20240215T060000, start_date=20240806T173229, end_date=20240806T173230
[2024-08-06T17:32:30.082+0000] {local_task_job_runner.py:243} INFO - Task exited with return code 0
[2024-08-06T17:32:30.103+0000] {taskinstance.py:3503} INFO - 0 downstream tasks scheduled from follow-on schedule check
[2024-08-06T17:32:30.107+0000] {local_task_job_runner.py:222} INFO - ::endgroup::
[2024-08-06T18:20:28.365+0000] {local_task_job_runner.py:120} INFO - ::group::Pre task execution logs
[2024-08-06T18:20:28.460+0000] {taskinstance.py:2076} INFO - Dependencies all met for dep_context=non-requeueable deps ti=<TaskInstance: motower_daily_prod.gen_congestion_task scheduled__2024-02-15T06:00:00+00:00 [queued]>
[2024-08-06T18:20:28.486+0000] {taskinstance.py:2076} INFO - Dependencies all met for dep_context=requeueable deps ti=<TaskInstance: motower_daily_prod.gen_congestion_task scheduled__2024-02-15T06:00:00+00:00 [queued]>
[2024-08-06T18:20:28.487+0000] {taskinstance.py:2306} INFO - Starting attempt 1 of 1
[2024-08-06T18:20:28.531+0000] {taskinstance.py:2330} INFO - Executing <Task(PythonOperator): gen_congestion_task> on 2024-02-15 06:00:00+00:00
[2024-08-06T18:20:28.557+0000] {warnings.py:112} WARNING - /home/***/.local/lib/python3.12/site-packages/***/task/task_runner/standard_task_runner.py:62: DeprecationWarning: This process (pid=10342) is multi-threaded, use of fork() may lead to deadlocks in the child.
  pid = os.fork()

[2024-08-06T18:20:28.559+0000] {standard_task_runner.py:64} INFO - Started process 10356 to run task
[2024-08-06T18:20:28.566+0000] {standard_task_runner.py:90} INFO - Running: ['***', 'tasks', 'run', 'motower_daily_prod', 'gen_congestion_task', 'scheduled__2024-02-15T06:00:00+00:00', '--job-id', '2820', '--raw', '--subdir', 'DAGS_FOLDER/gps/custom_dags/motower_daily.py', '--cfg-path', '/tmp/tmpmh8icxv5']
[2024-08-06T18:20:28.570+0000] {standard_task_runner.py:91} INFO - Job 2820: Subtask gen_congestion_task
[2024-08-06T18:20:28.680+0000] {task_command.py:426} INFO - Running <TaskInstance: motower_daily_prod.gen_congestion_task scheduled__2024-02-15T06:00:00+00:00 [running]> on host 13681191f11c
[2024-08-06T18:20:28.968+0000] {taskinstance.py:2648} INFO - Exporting env vars: AIRFLOW_CTX_DAG_EMAIL='richmond.kongo@orange.com,assane.diop@orange.com,cyrille1.danho@orange.com,mohamed2.sylla@orange.com,amadou.diomande@orange.com,Jonas.kouame@orange.com,armand.kablan@orange.com,anicet.azombade@orange.com,etienne.kouadio@orange.com,bertine.kouakou@orange.com,florentine.kouakou@orange.com,ange.phaceli@orange.com,soulegame.soro@orange.com,innocent.yengo@orange.com' AIRFLOW_CTX_DAG_OWNER='***' AIRFLOW_CTX_DAG_ID='motower_daily_prod' AIRFLOW_CTX_TASK_ID='gen_congestion_task' AIRFLOW_CTX_EXECUTION_DATE='2024-02-15T06:00:00+00:00' AIRFLOW_CTX_TRY_NUMBER='1' AIRFLOW_CTX_DAG_RUN_ID='scheduled__2024-02-15T06:00:00+00:00'
[2024-08-06T18:20:28.970+0000] {taskinstance.py:430} INFO - ::endgroup::
[2024-08-06T18:20:30.190+0000] {python.py:237} INFO - Done. Returned value was: None
[2024-08-06T18:20:30.192+0000] {taskinstance.py:441} INFO - ::group::Post task execution logs
[2024-08-06T18:20:30.213+0000] {taskinstance.py:1206} INFO - Marking task as SUCCESS. dag_id=motower_daily_prod, task_id=gen_congestion_task, run_id=scheduled__2024-02-15T06:00:00+00:00, execution_date=20240215T060000, start_date=20240806T182028, end_date=20240806T182030
[2024-08-06T18:20:30.259+0000] {local_task_job_runner.py:243} INFO - Task exited with return code 0
[2024-08-06T18:20:30.287+0000] {taskinstance.py:3503} INFO - 0 downstream tasks scheduled from follow-on schedule check
[2024-08-06T18:20:30.289+0000] {local_task_job_runner.py:222} INFO - ::endgroup::
