[2024-08-06T16:54:00.493+0000] {local_task_job_runner.py:120} INFO - ::group::Pre task execution logs
[2024-08-06T16:54:01.121+0000] {taskinstance.py:2076} INFO - Dependencies all met for dep_context=non-requeueable deps ti=<TaskInstance: motower_daily_prod.gen_congestion_task scheduled__2024-01-05T06:00:00+00:00 [queued]>
[2024-08-06T16:54:01.230+0000] {taskinstance.py:2076} INFO - Dependencies all met for dep_context=requeueable deps ti=<TaskInstance: motower_daily_prod.gen_congestion_task scheduled__2024-01-05T06:00:00+00:00 [queued]>
[2024-08-06T16:54:01.231+0000] {taskinstance.py:2306} INFO - Starting attempt 1 of 1
[2024-08-06T16:54:01.349+0000] {taskinstance.py:2330} INFO - Executing <Task(PythonOperator): gen_congestion_task> on 2024-01-05 06:00:00+00:00
[2024-08-06T16:54:01.391+0000] {warnings.py:112} WARNING - /home/***/.local/lib/python3.12/site-packages/***/task/task_runner/standard_task_runner.py:62: DeprecationWarning: This process (pid=987) is multi-threaded, use of fork() may lead to deadlocks in the child.
  pid = os.fork()

[2024-08-06T16:54:01.394+0000] {standard_task_runner.py:64} INFO - Started process 1006 to run task
[2024-08-06T16:54:01.411+0000] {standard_task_runner.py:90} INFO - Running: ['***', 'tasks', 'run', 'motower_daily_prod', 'gen_congestion_task', 'scheduled__2024-01-05T06:00:00+00:00', '--job-id', '43', '--raw', '--subdir', 'DAGS_FOLDER/gps/custom_dags/motower_daily.py', '--cfg-path', '/tmp/tmpjfctju0v']
[2024-08-06T16:54:01.423+0000] {standard_task_runner.py:91} INFO - Job 43: Subtask gen_congestion_task
[2024-08-06T16:54:01.582+0000] {task_command.py:426} INFO - Running <TaskInstance: motower_daily_prod.gen_congestion_task scheduled__2024-01-05T06:00:00+00:00 [running]> on host 13681191f11c
[2024-08-06T16:54:02.017+0000] {taskinstance.py:2648} INFO - Exporting env vars: AIRFLOW_CTX_DAG_EMAIL='richmond.kongo@orange.com,assane.diop@orange.com,cyrille1.danho@orange.com,mohamed2.sylla@orange.com,amadou.diomande@orange.com,Jonas.kouame@orange.com,armand.kablan@orange.com,anicet.azombade@orange.com,etienne.kouadio@orange.com,bertine.kouakou@orange.com,florentine.kouakou@orange.com,ange.phaceli@orange.com,soulegame.soro@orange.com,innocent.yengo@orange.com' AIRFLOW_CTX_DAG_OWNER='***' AIRFLOW_CTX_DAG_ID='motower_daily_prod' AIRFLOW_CTX_TASK_ID='gen_congestion_task' AIRFLOW_CTX_EXECUTION_DATE='2024-01-05T06:00:00+00:00' AIRFLOW_CTX_TRY_NUMBER='1' AIRFLOW_CTX_DAG_RUN_ID='scheduled__2024-01-05T06:00:00+00:00'
[2024-08-06T16:54:02.019+0000] {taskinstance.py:430} INFO - ::endgroup::
[2024-08-06T16:54:03.316+0000] {python.py:237} INFO - Done. Returned value was: None
[2024-08-06T16:54:03.317+0000] {taskinstance.py:441} INFO - ::group::Post task execution logs
[2024-08-06T16:54:03.394+0000] {taskinstance.py:1206} INFO - Marking task as SUCCESS. dag_id=motower_daily_prod, task_id=gen_congestion_task, run_id=scheduled__2024-01-05T06:00:00+00:00, execution_date=20240105T060000, start_date=20240806T165401, end_date=20240806T165403
[2024-08-06T16:54:04.752+0000] {local_task_job_runner.py:243} INFO - Task exited with return code 0
[2024-08-06T16:54:04.772+0000] {local_task_job_runner.py:222} INFO - ::endgroup::
[2024-08-06T16:56:57.381+0000] {local_task_job_runner.py:120} INFO - ::group::Pre task execution logs
[2024-08-06T16:56:57.508+0000] {taskinstance.py:2076} INFO - Dependencies all met for dep_context=non-requeueable deps ti=<TaskInstance: motower_daily_prod.gen_congestion_task scheduled__2024-01-05T06:00:00+00:00 [queued]>
[2024-08-06T16:56:57.655+0000] {taskinstance.py:2076} INFO - Dependencies all met for dep_context=requeueable deps ti=<TaskInstance: motower_daily_prod.gen_congestion_task scheduled__2024-01-05T06:00:00+00:00 [queued]>
[2024-08-06T16:56:57.655+0000] {taskinstance.py:2306} INFO - Starting attempt 1 of 1
[2024-08-06T16:56:57.724+0000] {taskinstance.py:2330} INFO - Executing <Task(PythonOperator): gen_congestion_task> on 2024-01-05 06:00:00+00:00
[2024-08-06T16:56:57.749+0000] {warnings.py:112} WARNING - /home/***/.local/lib/python3.12/site-packages/***/task/task_runner/standard_task_runner.py:62: DeprecationWarning: This process (pid=1179) is multi-threaded, use of fork() may lead to deadlocks in the child.
  pid = os.fork()

[2024-08-06T16:56:57.752+0000] {standard_task_runner.py:64} INFO - Started process 1198 to run task
[2024-08-06T16:56:57.776+0000] {standard_task_runner.py:90} INFO - Running: ['***', 'tasks', 'run', 'motower_daily_prod', 'gen_congestion_task', 'scheduled__2024-01-05T06:00:00+00:00', '--job-id', '95', '--raw', '--subdir', 'DAGS_FOLDER/gps/custom_dags/motower_daily.py', '--cfg-path', '/tmp/tmp2o_7ja7j']
[2024-08-06T16:56:57.780+0000] {standard_task_runner.py:91} INFO - Job 95: Subtask gen_congestion_task
[2024-08-06T16:56:58.060+0000] {task_command.py:426} INFO - Running <TaskInstance: motower_daily_prod.gen_congestion_task scheduled__2024-01-05T06:00:00+00:00 [running]> on host 13681191f11c
[2024-08-06T16:56:58.425+0000] {taskinstance.py:2648} INFO - Exporting env vars: AIRFLOW_CTX_DAG_EMAIL='richmond.kongo@orange.com,assane.diop@orange.com,cyrille1.danho@orange.com,mohamed2.sylla@orange.com,amadou.diomande@orange.com,Jonas.kouame@orange.com,armand.kablan@orange.com,anicet.azombade@orange.com,etienne.kouadio@orange.com,bertine.kouakou@orange.com,florentine.kouakou@orange.com,ange.phaceli@orange.com,soulegame.soro@orange.com,innocent.yengo@orange.com' AIRFLOW_CTX_DAG_OWNER='***' AIRFLOW_CTX_DAG_ID='motower_daily_prod' AIRFLOW_CTX_TASK_ID='gen_congestion_task' AIRFLOW_CTX_EXECUTION_DATE='2024-01-05T06:00:00+00:00' AIRFLOW_CTX_TRY_NUMBER='1' AIRFLOW_CTX_DAG_RUN_ID='scheduled__2024-01-05T06:00:00+00:00'
[2024-08-06T16:56:58.427+0000] {taskinstance.py:430} INFO - ::endgroup::
[2024-08-06T16:56:59.670+0000] {python.py:237} INFO - Done. Returned value was: None
[2024-08-06T16:56:59.672+0000] {taskinstance.py:441} INFO - ::group::Post task execution logs
[2024-08-06T16:56:59.696+0000] {taskinstance.py:1206} INFO - Marking task as SUCCESS. dag_id=motower_daily_prod, task_id=gen_congestion_task, run_id=scheduled__2024-01-05T06:00:00+00:00, execution_date=20240105T060000, start_date=20240806T165657, end_date=20240806T165659
[2024-08-06T16:56:59.757+0000] {local_task_job_runner.py:243} INFO - Task exited with return code 0
[2024-08-06T16:56:59.780+0000] {local_task_job_runner.py:222} INFO - ::endgroup::
[2024-08-06T17:27:21.265+0000] {local_task_job_runner.py:120} INFO - ::group::Pre task execution logs
[2024-08-06T17:27:21.321+0000] {taskinstance.py:2076} INFO - Dependencies all met for dep_context=non-requeueable deps ti=<TaskInstance: motower_daily_prod.gen_congestion_task scheduled__2024-01-05T06:00:00+00:00 [queued]>
[2024-08-06T17:27:21.339+0000] {taskinstance.py:2076} INFO - Dependencies all met for dep_context=requeueable deps ti=<TaskInstance: motower_daily_prod.gen_congestion_task scheduled__2024-01-05T06:00:00+00:00 [queued]>
[2024-08-06T17:27:21.340+0000] {taskinstance.py:2306} INFO - Starting attempt 1 of 1
[2024-08-06T17:27:21.362+0000] {taskinstance.py:2330} INFO - Executing <Task(PythonOperator): gen_congestion_task> on 2024-01-05 06:00:00+00:00
[2024-08-06T17:27:21.372+0000] {warnings.py:112} WARNING - /home/***/.local/lib/python3.12/site-packages/***/task/task_runner/standard_task_runner.py:62: DeprecationWarning: This process (pid=5319) is multi-threaded, use of fork() may lead to deadlocks in the child.
  pid = os.fork()

[2024-08-06T17:27:21.374+0000] {standard_task_runner.py:64} INFO - Started process 5325 to run task
[2024-08-06T17:27:21.375+0000] {standard_task_runner.py:90} INFO - Running: ['***', 'tasks', 'run', 'motower_daily_prod', 'gen_congestion_task', 'scheduled__2024-01-05T06:00:00+00:00', '--job-id', '1356', '--raw', '--subdir', 'DAGS_FOLDER/gps/custom_dags/motower_daily.py', '--cfg-path', '/tmp/tmp2xl8kr6z']
[2024-08-06T17:27:21.378+0000] {standard_task_runner.py:91} INFO - Job 1356: Subtask gen_congestion_task
[2024-08-06T17:27:21.452+0000] {task_command.py:426} INFO - Running <TaskInstance: motower_daily_prod.gen_congestion_task scheduled__2024-01-05T06:00:00+00:00 [running]> on host 13681191f11c
[2024-08-06T17:27:21.608+0000] {taskinstance.py:2648} INFO - Exporting env vars: AIRFLOW_CTX_DAG_EMAIL='richmond.kongo@orange.com,assane.diop@orange.com,cyrille1.danho@orange.com,mohamed2.sylla@orange.com,amadou.diomande@orange.com,Jonas.kouame@orange.com,armand.kablan@orange.com,anicet.azombade@orange.com,etienne.kouadio@orange.com,bertine.kouakou@orange.com,florentine.kouakou@orange.com,ange.phaceli@orange.com,soulegame.soro@orange.com,innocent.yengo@orange.com' AIRFLOW_CTX_DAG_OWNER='***' AIRFLOW_CTX_DAG_ID='motower_daily_prod' AIRFLOW_CTX_TASK_ID='gen_congestion_task' AIRFLOW_CTX_EXECUTION_DATE='2024-01-05T06:00:00+00:00' AIRFLOW_CTX_TRY_NUMBER='1' AIRFLOW_CTX_DAG_RUN_ID='scheduled__2024-01-05T06:00:00+00:00'
[2024-08-06T17:27:21.610+0000] {taskinstance.py:430} INFO - ::endgroup::
[2024-08-06T17:27:22.140+0000] {python.py:237} INFO - Done. Returned value was: None
[2024-08-06T17:27:22.141+0000] {taskinstance.py:441} INFO - ::group::Post task execution logs
[2024-08-06T17:27:22.153+0000] {taskinstance.py:1206} INFO - Marking task as SUCCESS. dag_id=motower_daily_prod, task_id=gen_congestion_task, run_id=scheduled__2024-01-05T06:00:00+00:00, execution_date=20240105T060000, start_date=20240806T172721, end_date=20240806T172722
[2024-08-06T17:27:22.193+0000] {local_task_job_runner.py:243} INFO - Task exited with return code 0
[2024-08-06T17:27:22.204+0000] {local_task_job_runner.py:222} INFO - ::endgroup::
[2024-08-06T18:15:00.699+0000] {local_task_job_runner.py:120} INFO - ::group::Pre task execution logs
[2024-08-06T18:15:00.833+0000] {taskinstance.py:2076} INFO - Dependencies all met for dep_context=non-requeueable deps ti=<TaskInstance: motower_daily_prod.gen_congestion_task scheduled__2024-01-05T06:00:00+00:00 [queued]>
[2024-08-06T18:15:00.871+0000] {taskinstance.py:2076} INFO - Dependencies all met for dep_context=requeueable deps ti=<TaskInstance: motower_daily_prod.gen_congestion_task scheduled__2024-01-05T06:00:00+00:00 [queued]>
[2024-08-06T18:15:00.871+0000] {taskinstance.py:2306} INFO - Starting attempt 1 of 1
[2024-08-06T18:15:00.927+0000] {taskinstance.py:2330} INFO - Executing <Task(PythonOperator): gen_congestion_task> on 2024-01-05 06:00:00+00:00
[2024-08-06T18:15:00.951+0000] {warnings.py:112} WARNING - /home/***/.local/lib/python3.12/site-packages/***/task/task_runner/standard_task_runner.py:62: DeprecationWarning: This process (pid=9188) is multi-threaded, use of fork() may lead to deadlocks in the child.
  pid = os.fork()

[2024-08-06T18:15:00.954+0000] {standard_task_runner.py:64} INFO - Started process 9207 to run task
[2024-08-06T18:15:00.967+0000] {standard_task_runner.py:90} INFO - Running: ['***', 'tasks', 'run', 'motower_daily_prod', 'gen_congestion_task', 'scheduled__2024-01-05T06:00:00+00:00', '--job-id', '2457', '--raw', '--subdir', 'DAGS_FOLDER/gps/custom_dags/motower_daily.py', '--cfg-path', '/tmp/tmpj5fdrezs']
[2024-08-06T18:15:00.973+0000] {standard_task_runner.py:91} INFO - Job 2457: Subtask gen_congestion_task
[2024-08-06T18:15:01.156+0000] {task_command.py:426} INFO - Running <TaskInstance: motower_daily_prod.gen_congestion_task scheduled__2024-01-05T06:00:00+00:00 [running]> on host 13681191f11c
[2024-08-06T18:15:01.465+0000] {taskinstance.py:2648} INFO - Exporting env vars: AIRFLOW_CTX_DAG_EMAIL='richmond.kongo@orange.com,assane.diop@orange.com,cyrille1.danho@orange.com,mohamed2.sylla@orange.com,amadou.diomande@orange.com,Jonas.kouame@orange.com,armand.kablan@orange.com,anicet.azombade@orange.com,etienne.kouadio@orange.com,bertine.kouakou@orange.com,florentine.kouakou@orange.com,ange.phaceli@orange.com,soulegame.soro@orange.com,innocent.yengo@orange.com' AIRFLOW_CTX_DAG_OWNER='***' AIRFLOW_CTX_DAG_ID='motower_daily_prod' AIRFLOW_CTX_TASK_ID='gen_congestion_task' AIRFLOW_CTX_EXECUTION_DATE='2024-01-05T06:00:00+00:00' AIRFLOW_CTX_TRY_NUMBER='1' AIRFLOW_CTX_DAG_RUN_ID='scheduled__2024-01-05T06:00:00+00:00'
[2024-08-06T18:15:01.467+0000] {taskinstance.py:430} INFO - ::endgroup::
[2024-08-06T18:15:02.275+0000] {python.py:237} INFO - Done. Returned value was: None
[2024-08-06T18:15:02.276+0000] {taskinstance.py:441} INFO - ::group::Post task execution logs
[2024-08-06T18:15:02.295+0000] {taskinstance.py:1206} INFO - Marking task as SUCCESS. dag_id=motower_daily_prod, task_id=gen_congestion_task, run_id=scheduled__2024-01-05T06:00:00+00:00, execution_date=20240105T060000, start_date=20240806T181500, end_date=20240806T181502
[2024-08-06T18:15:03.193+0000] {local_task_job_runner.py:243} INFO - Task exited with return code 0
[2024-08-06T18:15:03.220+0000] {taskinstance.py:3503} INFO - 0 downstream tasks scheduled from follow-on schedule check
[2024-08-06T18:15:03.222+0000] {local_task_job_runner.py:222} INFO - ::endgroup::
