[2024-08-06T16:58:09.529+0000] {local_task_job_runner.py:120} INFO - ::group::Pre task execution logs
[2024-08-06T16:58:09.615+0000] {taskinstance.py:2076} INFO - Dependencies all met for dep_context=non-requeueable deps ti=<TaskInstance: motower_daily_prod.extract_trafic scheduled__2024-01-16T06:00:00+00:00 [queued]>
[2024-08-06T16:58:09.646+0000] {taskinstance.py:2076} INFO - Dependencies all met for dep_context=requeueable deps ti=<TaskInstance: motower_daily_prod.extract_trafic scheduled__2024-01-16T06:00:00+00:00 [queued]>
[2024-08-06T16:58:09.647+0000] {taskinstance.py:2306} INFO - Starting attempt 1 of 1
[2024-08-06T16:58:09.684+0000] {taskinstance.py:2330} INFO - Executing <Task(PythonOperator): extract_trafic> on 2024-01-16 06:00:00+00:00
[2024-08-06T16:58:09.702+0000] {warnings.py:112} WARNING - /home/***/.local/lib/python3.12/site-packages/***/task/task_runner/standard_task_runner.py:62: DeprecationWarning: This process (pid=1469) is multi-threaded, use of fork() may lead to deadlocks in the child.
  pid = os.fork()

[2024-08-06T16:58:09.705+0000] {standard_task_runner.py:64} INFO - Started process 1482 to run task
[2024-08-06T16:58:09.705+0000] {standard_task_runner.py:90} INFO - Running: ['***', 'tasks', 'run', 'motower_daily_prod', 'extract_trafic', 'scheduled__2024-01-16T06:00:00+00:00', '--job-id', '190', '--raw', '--subdir', 'DAGS_FOLDER/gps/custom_dags/motower_daily.py', '--cfg-path', '/tmp/tmpbllrtwwo']
[2024-08-06T16:58:09.709+0000] {standard_task_runner.py:91} INFO - Job 190: Subtask extract_trafic
[2024-08-06T16:58:09.944+0000] {task_command.py:426} INFO - Running <TaskInstance: motower_daily_prod.extract_trafic scheduled__2024-01-16T06:00:00+00:00 [running]> on host 13681191f11c
[2024-08-06T16:58:10.386+0000] {taskinstance.py:2648} INFO - Exporting env vars: AIRFLOW_CTX_DAG_EMAIL='richmond.kongo@orange.com,assane.diop@orange.com,cyrille1.danho@orange.com,mohamed2.sylla@orange.com,amadou.diomande@orange.com,Jonas.kouame@orange.com,armand.kablan@orange.com,anicet.azombade@orange.com,etienne.kouadio@orange.com,bertine.kouakou@orange.com,florentine.kouakou@orange.com,ange.phaceli@orange.com,soulegame.soro@orange.com,innocent.yengo@orange.com' AIRFLOW_CTX_DAG_OWNER='***' AIRFLOW_CTX_DAG_ID='motower_daily_prod' AIRFLOW_CTX_TASK_ID='extract_trafic' AIRFLOW_CTX_EXECUTION_DATE='2024-01-16T06:00:00+00:00' AIRFLOW_CTX_TRY_NUMBER='1' AIRFLOW_CTX_DAG_RUN_ID='scheduled__2024-01-16T06:00:00+00:00'
[2024-08-06T16:58:10.390+0000] {taskinstance.py:430} INFO - ::endgroup::
[2024-08-06T16:58:10.440+0000] {extract.py:126} INFO - Getting data of the table ks_daily_tdb_radio_drsi 
[2024-08-06T16:58:10.442+0000] {extract.py:127} INFO - where date is 2024-01-15
[2024-08-06T16:58:10.443+0000] {extract.py:102} INFO - get data to date 2024-01-15
[2024-08-06T16:58:10.456+0000] {warnings.py:112} WARNING - /opt/***/dags/gps/common/extract.py:103: UserWarning: pandas only supports SQLAlchemy connectable (engine/connection) or database string URI or sqlite3 DBAPI2 connection. Other DBAPI2 objects are not tested. Please consider using SQLAlchemy.
  df_ = pd.read_sql_query(sql_query, conn, params=params)

[2024-08-06T16:58:11.362+0000] {rwminio.py:19} INFO - start to save data
[2024-08-06T16:58:11.650+0000] {rwminio.py:34} INFO - data in minio ok
[2024-08-06T16:58:11.668+0000] {python.py:237} INFO - Done. Returned value was: None
[2024-08-06T16:58:11.676+0000] {taskinstance.py:441} INFO - ::group::Post task execution logs
[2024-08-06T16:58:11.724+0000] {taskinstance.py:1206} INFO - Marking task as SUCCESS. dag_id=motower_daily_prod, task_id=extract_trafic, run_id=scheduled__2024-01-16T06:00:00+00:00, execution_date=20240116T060000, start_date=20240806T165809, end_date=20240806T165811
[2024-08-06T16:58:12.829+0000] {local_task_job_runner.py:243} INFO - Task exited with return code 0
[2024-08-06T16:58:12.876+0000] {local_task_job_runner.py:222} INFO - ::endgroup::
[2024-08-06T17:28:41.764+0000] {local_task_job_runner.py:120} INFO - ::group::Pre task execution logs
[2024-08-06T17:28:41.876+0000] {taskinstance.py:2076} INFO - Dependencies all met for dep_context=non-requeueable deps ti=<TaskInstance: motower_daily_prod.extract_trafic scheduled__2024-01-16T06:00:00+00:00 [queued]>
[2024-08-06T17:28:41.916+0000] {taskinstance.py:2076} INFO - Dependencies all met for dep_context=requeueable deps ti=<TaskInstance: motower_daily_prod.extract_trafic scheduled__2024-01-16T06:00:00+00:00 [queued]>
[2024-08-06T17:28:41.917+0000] {taskinstance.py:2306} INFO - Starting attempt 1 of 1
[2024-08-06T17:28:41.957+0000] {taskinstance.py:2330} INFO - Executing <Task(PythonOperator): extract_trafic> on 2024-01-16 06:00:00+00:00
[2024-08-06T17:28:41.977+0000] {warnings.py:112} WARNING - /home/***/.local/lib/python3.12/site-packages/***/task/task_runner/standard_task_runner.py:62: DeprecationWarning: This process (pid=5632) is multi-threaded, use of fork() may lead to deadlocks in the child.
  pid = os.fork()

[2024-08-06T17:28:41.979+0000] {standard_task_runner.py:64} INFO - Started process 5648 to run task
[2024-08-06T17:28:41.987+0000] {standard_task_runner.py:90} INFO - Running: ['***', 'tasks', 'run', 'motower_daily_prod', 'extract_trafic', 'scheduled__2024-01-16T06:00:00+00:00', '--job-id', '1456', '--raw', '--subdir', 'DAGS_FOLDER/gps/custom_dags/motower_daily.py', '--cfg-path', '/tmp/tmpvtyi03u2']
[2024-08-06T17:28:41.991+0000] {standard_task_runner.py:91} INFO - Job 1456: Subtask extract_trafic
[2024-08-06T17:28:42.285+0000] {task_command.py:426} INFO - Running <TaskInstance: motower_daily_prod.extract_trafic scheduled__2024-01-16T06:00:00+00:00 [running]> on host 13681191f11c
[2024-08-06T17:28:42.766+0000] {taskinstance.py:2648} INFO - Exporting env vars: AIRFLOW_CTX_DAG_EMAIL='richmond.kongo@orange.com,assane.diop@orange.com,cyrille1.danho@orange.com,mohamed2.sylla@orange.com,amadou.diomande@orange.com,Jonas.kouame@orange.com,armand.kablan@orange.com,anicet.azombade@orange.com,etienne.kouadio@orange.com,bertine.kouakou@orange.com,florentine.kouakou@orange.com,ange.phaceli@orange.com,soulegame.soro@orange.com,innocent.yengo@orange.com' AIRFLOW_CTX_DAG_OWNER='***' AIRFLOW_CTX_DAG_ID='motower_daily_prod' AIRFLOW_CTX_TASK_ID='extract_trafic' AIRFLOW_CTX_EXECUTION_DATE='2024-01-16T06:00:00+00:00' AIRFLOW_CTX_TRY_NUMBER='1' AIRFLOW_CTX_DAG_RUN_ID='scheduled__2024-01-16T06:00:00+00:00'
[2024-08-06T17:28:42.768+0000] {taskinstance.py:430} INFO - ::endgroup::
[2024-08-06T17:28:42.852+0000] {extract.py:126} INFO - Getting data of the table ks_daily_tdb_radio_drsi 
[2024-08-06T17:28:42.853+0000] {extract.py:127} INFO - where date is 2024-01-15
[2024-08-06T17:28:42.854+0000] {extract.py:102} INFO - get data to date 2024-01-15
[2024-08-06T17:28:42.865+0000] {warnings.py:112} WARNING - /opt/***/dags/gps/common/extract.py:103: UserWarning: pandas only supports SQLAlchemy connectable (engine/connection) or database string URI or sqlite3 DBAPI2 connection. Other DBAPI2 objects are not tested. Please consider using SQLAlchemy.
  df_ = pd.read_sql_query(sql_query, conn, params=params)

[2024-08-06T17:28:43.337+0000] {rwminio.py:19} INFO - start to save data
[2024-08-06T17:28:43.746+0000] {rwminio.py:34} INFO - data in minio ok
[2024-08-06T17:28:43.765+0000] {python.py:237} INFO - Done. Returned value was: None
[2024-08-06T17:28:43.767+0000] {taskinstance.py:441} INFO - ::group::Post task execution logs
[2024-08-06T17:28:43.794+0000] {taskinstance.py:1206} INFO - Marking task as SUCCESS. dag_id=motower_daily_prod, task_id=extract_trafic, run_id=scheduled__2024-01-16T06:00:00+00:00, execution_date=20240116T060000, start_date=20240806T172841, end_date=20240806T172843
[2024-08-06T17:28:44.634+0000] {local_task_job_runner.py:243} INFO - Task exited with return code 0
[2024-08-06T17:28:44.681+0000] {local_task_job_runner.py:222} INFO - ::endgroup::
[2024-08-06T18:16:09.591+0000] {local_task_job_runner.py:120} INFO - ::group::Pre task execution logs
[2024-08-06T18:16:09.726+0000] {taskinstance.py:2076} INFO - Dependencies all met for dep_context=non-requeueable deps ti=<TaskInstance: motower_daily_prod.extract_trafic scheduled__2024-01-16T06:00:00+00:00 [queued]>
[2024-08-06T18:16:09.756+0000] {taskinstance.py:2076} INFO - Dependencies all met for dep_context=requeueable deps ti=<TaskInstance: motower_daily_prod.extract_trafic scheduled__2024-01-16T06:00:00+00:00 [queued]>
[2024-08-06T18:16:09.758+0000] {taskinstance.py:2306} INFO - Starting attempt 1 of 1
[2024-08-06T18:16:10.535+0000] {taskinstance.py:2330} INFO - Executing <Task(PythonOperator): extract_trafic> on 2024-01-16 06:00:00+00:00
[2024-08-06T18:16:10.584+0000] {warnings.py:112} WARNING - /home/***/.local/lib/python3.12/site-packages/***/task/task_runner/standard_task_runner.py:62: DeprecationWarning: This process (pid=9461) is multi-threaded, use of fork() may lead to deadlocks in the child.
  pid = os.fork()

[2024-08-06T18:16:10.590+0000] {standard_task_runner.py:64} INFO - Started process 9480 to run task
[2024-08-06T18:16:10.597+0000] {standard_task_runner.py:90} INFO - Running: ['***', 'tasks', 'run', 'motower_daily_prod', 'extract_trafic', 'scheduled__2024-01-16T06:00:00+00:00', '--job-id', '2540', '--raw', '--subdir', 'DAGS_FOLDER/gps/custom_dags/motower_daily.py', '--cfg-path', '/tmp/tmpftuldecg']
[2024-08-06T18:16:10.603+0000] {standard_task_runner.py:91} INFO - Job 2540: Subtask extract_trafic
[2024-08-06T18:16:10.733+0000] {task_command.py:426} INFO - Running <TaskInstance: motower_daily_prod.extract_trafic scheduled__2024-01-16T06:00:00+00:00 [running]> on host 13681191f11c
[2024-08-06T18:16:11.048+0000] {taskinstance.py:2648} INFO - Exporting env vars: AIRFLOW_CTX_DAG_EMAIL='richmond.kongo@orange.com,assane.diop@orange.com,cyrille1.danho@orange.com,mohamed2.sylla@orange.com,amadou.diomande@orange.com,Jonas.kouame@orange.com,armand.kablan@orange.com,anicet.azombade@orange.com,etienne.kouadio@orange.com,bertine.kouakou@orange.com,florentine.kouakou@orange.com,ange.phaceli@orange.com,soulegame.soro@orange.com,innocent.yengo@orange.com' AIRFLOW_CTX_DAG_OWNER='***' AIRFLOW_CTX_DAG_ID='motower_daily_prod' AIRFLOW_CTX_TASK_ID='extract_trafic' AIRFLOW_CTX_EXECUTION_DATE='2024-01-16T06:00:00+00:00' AIRFLOW_CTX_TRY_NUMBER='1' AIRFLOW_CTX_DAG_RUN_ID='scheduled__2024-01-16T06:00:00+00:00'
[2024-08-06T18:16:11.050+0000] {taskinstance.py:430} INFO - ::endgroup::
[2024-08-06T18:16:11.094+0000] {extract.py:126} INFO - Getting data of the table ks_daily_tdb_radio_drsi 
[2024-08-06T18:16:11.095+0000] {extract.py:127} INFO - where date is 2024-01-15
[2024-08-06T18:16:11.095+0000] {extract.py:102} INFO - get data to date 2024-01-15
[2024-08-06T18:16:11.114+0000] {warnings.py:112} WARNING - /opt/***/dags/gps/common/extract.py:103: UserWarning: pandas only supports SQLAlchemy connectable (engine/connection) or database string URI or sqlite3 DBAPI2 connection. Other DBAPI2 objects are not tested. Please consider using SQLAlchemy.
  df_ = pd.read_sql_query(sql_query, conn, params=params)

[2024-08-06T18:16:11.617+0000] {rwminio.py:19} INFO - start to save data
[2024-08-06T18:16:11.847+0000] {rwminio.py:34} INFO - data in minio ok
[2024-08-06T18:16:11.853+0000] {python.py:237} INFO - Done. Returned value was: None
[2024-08-06T18:16:11.854+0000] {taskinstance.py:441} INFO - ::group::Post task execution logs
[2024-08-06T18:16:11.868+0000] {taskinstance.py:1206} INFO - Marking task as SUCCESS. dag_id=motower_daily_prod, task_id=extract_trafic, run_id=scheduled__2024-01-16T06:00:00+00:00, execution_date=20240116T060000, start_date=20240806T181609, end_date=20240806T181611
[2024-08-06T18:16:11.919+0000] {local_task_job_runner.py:243} INFO - Task exited with return code 0
[2024-08-06T18:16:11.937+0000] {local_task_job_runner.py:222} INFO - ::endgroup::
