[2024-08-06T17:12:19.594+0000] {local_task_job_runner.py:120} INFO - ::group::Pre task execution logs
[2024-08-06T17:12:19.848+0000] {taskinstance.py:2076} INFO - Dependencies all met for dep_context=non-requeueable deps ti=<TaskInstance: motower_daily_prod.sensor_trafic scheduled__2024-04-29T06:00:00+00:00 [queued]>
[2024-08-06T17:12:19.909+0000] {taskinstance.py:2076} INFO - Dependencies all met for dep_context=requeueable deps ti=<TaskInstance: motower_daily_prod.sensor_trafic scheduled__2024-04-29T06:00:00+00:00 [queued]>
[2024-08-06T17:12:19.910+0000] {taskinstance.py:2306} INFO - Starting attempt 1 of 1
[2024-08-06T17:12:19.948+0000] {taskinstance.py:2330} INFO - Executing <Task(PythonSensor): sensor_trafic> on 2024-04-29 06:00:00+00:00
[2024-08-06T17:12:19.965+0000] {warnings.py:112} WARNING - /home/***/.local/lib/python3.12/site-packages/***/task/task_runner/standard_task_runner.py:62: DeprecationWarning: This process (pid=4361) is multi-threaded, use of fork() may lead to deadlocks in the child.
  pid = os.fork()

[2024-08-06T17:12:19.968+0000] {standard_task_runner.py:64} INFO - Started process 4389 to run task
[2024-08-06T17:12:19.977+0000] {standard_task_runner.py:90} INFO - Running: ['***', 'tasks', 'run', 'motower_daily_prod', 'sensor_trafic', 'scheduled__2024-04-29T06:00:00+00:00', '--job-id', '1105', '--raw', '--subdir', 'DAGS_FOLDER/gps/custom_dags/motower_daily.py', '--cfg-path', '/tmp/tmpb0ftyf72']
[2024-08-06T17:12:19.980+0000] {standard_task_runner.py:91} INFO - Job 1105: Subtask sensor_trafic
[2024-08-06T17:12:20.167+0000] {task_command.py:426} INFO - Running <TaskInstance: motower_daily_prod.sensor_trafic scheduled__2024-04-29T06:00:00+00:00 [running]> on host 13681191f11c
[2024-08-06T17:12:20.469+0000] {taskinstance.py:2648} INFO - Exporting env vars: AIRFLOW_CTX_DAG_EMAIL='richmond.kongo@orange.com,assane.diop@orange.com,cyrille1.danho@orange.com,mohamed2.sylla@orange.com,amadou.diomande@orange.com,Jonas.kouame@orange.com,armand.kablan@orange.com,anicet.azombade@orange.com,etienne.kouadio@orange.com,bertine.kouakou@orange.com,florentine.kouakou@orange.com,ange.phaceli@orange.com,soulegame.soro@orange.com,innocent.yengo@orange.com' AIRFLOW_CTX_DAG_OWNER='***' AIRFLOW_CTX_DAG_ID='motower_daily_prod' AIRFLOW_CTX_TASK_ID='sensor_trafic' AIRFLOW_CTX_EXECUTION_DATE='2024-04-29T06:00:00+00:00' AIRFLOW_CTX_TRY_NUMBER='1' AIRFLOW_CTX_DAG_RUN_ID='scheduled__2024-04-29T06:00:00+00:00'
[2024-08-06T17:12:20.471+0000] {taskinstance.py:430} INFO - ::endgroup::
[2024-08-06T17:12:20.510+0000] {python.py:75} INFO - Poking callable: <function check_data_in_table at 0x701c27018a40>
[2024-08-06T17:12:20.534+0000] {extract.py:126} INFO - Getting data of the table ks_daily_tdb_radio_drsi 
[2024-08-06T17:12:20.534+0000] {extract.py:127} INFO - where date is 2024-04-28
[2024-08-06T17:12:20.535+0000] {extract.py:102} INFO - get data to date 2024-04-28
[2024-08-06T17:12:20.552+0000] {warnings.py:112} WARNING - /opt/***/dags/gps/common/extract.py:103: UserWarning: pandas only supports SQLAlchemy connectable (engine/connection) or database string URI or sqlite3 DBAPI2 connection. Other DBAPI2 objects are not tested. Please consider using SQLAlchemy.
  df_ = pd.read_sql_query(sql_query, conn, params=params)

[2024-08-06T17:12:21.208+0000] {base.py:294} INFO - Success criteria met. Exiting.
[2024-08-06T17:12:21.209+0000] {taskinstance.py:441} INFO - ::group::Post task execution logs
[2024-08-06T17:12:21.233+0000] {taskinstance.py:1206} INFO - Marking task as SUCCESS. dag_id=motower_daily_prod, task_id=sensor_trafic, run_id=scheduled__2024-04-29T06:00:00+00:00, execution_date=20240429T060000, start_date=20240806T171219, end_date=20240806T171221
[2024-08-06T17:12:21.275+0000] {local_task_job_runner.py:243} INFO - Task exited with return code 0
[2024-08-06T17:12:21.290+0000] {local_task_job_runner.py:222} INFO - ::endgroup::
[2024-08-06T17:42:55.986+0000] {local_task_job_runner.py:120} INFO - ::group::Pre task execution logs
[2024-08-06T17:42:56.227+0000] {taskinstance.py:2076} INFO - Dependencies all met for dep_context=non-requeueable deps ti=<TaskInstance: motower_daily_prod.sensor_trafic scheduled__2024-04-29T06:00:00+00:00 [queued]>
[2024-08-06T17:42:56.260+0000] {taskinstance.py:2076} INFO - Dependencies all met for dep_context=requeueable deps ti=<TaskInstance: motower_daily_prod.sensor_trafic scheduled__2024-04-29T06:00:00+00:00 [queued]>
[2024-08-06T17:42:56.261+0000] {taskinstance.py:2306} INFO - Starting attempt 1 of 1
[2024-08-06T17:42:56.316+0000] {taskinstance.py:2330} INFO - Executing <Task(PythonSensor): sensor_trafic> on 2024-04-29 06:00:00+00:00
[2024-08-06T17:42:56.330+0000] {warnings.py:112} WARNING - /home/***/.local/lib/python3.12/site-packages/***/task/task_runner/standard_task_runner.py:62: DeprecationWarning: This process (pid=8503) is multi-threaded, use of fork() may lead to deadlocks in the child.
  pid = os.fork()

[2024-08-06T17:42:56.332+0000] {standard_task_runner.py:64} INFO - Started process 8521 to run task
[2024-08-06T17:42:56.365+0000] {standard_task_runner.py:90} INFO - Running: ['***', 'tasks', 'run', 'motower_daily_prod', 'sensor_trafic', 'scheduled__2024-04-29T06:00:00+00:00', '--job-id', '2363', '--raw', '--subdir', 'DAGS_FOLDER/gps/custom_dags/motower_daily.py', '--cfg-path', '/tmp/tmpshx_0fnx']
[2024-08-06T17:42:56.381+0000] {standard_task_runner.py:91} INFO - Job 2363: Subtask sensor_trafic
[2024-08-06T17:42:56.563+0000] {task_command.py:426} INFO - Running <TaskInstance: motower_daily_prod.sensor_trafic scheduled__2024-04-29T06:00:00+00:00 [running]> on host 13681191f11c
[2024-08-06T17:42:56.891+0000] {taskinstance.py:2648} INFO - Exporting env vars: AIRFLOW_CTX_DAG_EMAIL='richmond.kongo@orange.com,assane.diop@orange.com,cyrille1.danho@orange.com,mohamed2.sylla@orange.com,amadou.diomande@orange.com,Jonas.kouame@orange.com,armand.kablan@orange.com,anicet.azombade@orange.com,etienne.kouadio@orange.com,bertine.kouakou@orange.com,florentine.kouakou@orange.com,ange.phaceli@orange.com,soulegame.soro@orange.com,innocent.yengo@orange.com' AIRFLOW_CTX_DAG_OWNER='***' AIRFLOW_CTX_DAG_ID='motower_daily_prod' AIRFLOW_CTX_TASK_ID='sensor_trafic' AIRFLOW_CTX_EXECUTION_DATE='2024-04-29T06:00:00+00:00' AIRFLOW_CTX_TRY_NUMBER='1' AIRFLOW_CTX_DAG_RUN_ID='scheduled__2024-04-29T06:00:00+00:00'
[2024-08-06T17:42:56.893+0000] {taskinstance.py:430} INFO - ::endgroup::
[2024-08-06T17:42:56.984+0000] {python.py:75} INFO - Poking callable: <function check_data_in_table at 0x701c4282f060>
[2024-08-06T17:42:57.015+0000] {extract.py:126} INFO - Getting data of the table ks_daily_tdb_radio_drsi 
[2024-08-06T17:42:57.015+0000] {extract.py:127} INFO - where date is 2024-04-28
[2024-08-06T17:42:57.016+0000] {extract.py:102} INFO - get data to date 2024-04-28
[2024-08-06T17:42:57.034+0000] {warnings.py:112} WARNING - /opt/***/dags/gps/common/extract.py:103: UserWarning: pandas only supports SQLAlchemy connectable (engine/connection) or database string URI or sqlite3 DBAPI2 connection. Other DBAPI2 objects are not tested. Please consider using SQLAlchemy.
  df_ = pd.read_sql_query(sql_query, conn, params=params)

[2024-08-06T17:42:57.548+0000] {base.py:294} INFO - Success criteria met. Exiting.
[2024-08-06T17:42:57.549+0000] {taskinstance.py:441} INFO - ::group::Post task execution logs
[2024-08-06T17:42:57.586+0000] {taskinstance.py:1206} INFO - Marking task as SUCCESS. dag_id=motower_daily_prod, task_id=sensor_trafic, run_id=scheduled__2024-04-29T06:00:00+00:00, execution_date=20240429T060000, start_date=20240806T174256, end_date=20240806T174257
[2024-08-06T17:42:57.672+0000] {local_task_job_runner.py:243} INFO - Task exited with return code 0
[2024-08-06T17:42:57.732+0000] {local_task_job_runner.py:222} INFO - ::endgroup::
