[2024-08-06T16:53:28.318+0000] {local_task_job_runner.py:120} INFO - ::group::Pre task execution logs
[2024-08-06T16:53:28.712+0000] {taskinstance.py:2076} INFO - Dependencies all met for dep_context=non-requeueable deps ti=<TaskInstance: motower_daily_prod.sensor_congestion scheduled__2024-01-03T06:00:00+00:00 [queued]>
[2024-08-06T16:53:28.795+0000] {taskinstance.py:2076} INFO - Dependencies all met for dep_context=requeueable deps ti=<TaskInstance: motower_daily_prod.sensor_congestion scheduled__2024-01-03T06:00:00+00:00 [queued]>
[2024-08-06T16:53:28.796+0000] {taskinstance.py:2306} INFO - Starting attempt 1 of 1
[2024-08-06T16:53:28.848+0000] {taskinstance.py:2330} INFO - Executing <Task(PythonSensor): sensor_congestion> on 2024-01-03 06:00:00+00:00
[2024-08-06T16:53:28.876+0000] {warnings.py:112} WARNING - /home/***/.local/lib/python3.12/site-packages/***/task/task_runner/standard_task_runner.py:62: DeprecationWarning: This process (pid=872) is multi-threaded, use of fork() may lead to deadlocks in the child.
  pid = os.fork()

[2024-08-06T16:53:28.887+0000] {standard_task_runner.py:64} INFO - Started process 887 to run task
[2024-08-06T16:53:28.904+0000] {standard_task_runner.py:90} INFO - Running: ['***', 'tasks', 'run', 'motower_daily_prod', 'sensor_congestion', 'scheduled__2024-01-03T06:00:00+00:00', '--job-id', '6', '--raw', '--subdir', 'DAGS_FOLDER/gps/custom_dags/motower_daily.py', '--cfg-path', '/tmp/tmpvngq0v1w']
[2024-08-06T16:53:28.909+0000] {standard_task_runner.py:91} INFO - Job 6: Subtask sensor_congestion
[2024-08-06T16:53:29.096+0000] {task_command.py:426} INFO - Running <TaskInstance: motower_daily_prod.sensor_congestion scheduled__2024-01-03T06:00:00+00:00 [running]> on host 13681191f11c
[2024-08-06T16:53:29.328+0000] {taskinstance.py:2648} INFO - Exporting env vars: AIRFLOW_CTX_DAG_EMAIL='richmond.kongo@orange.com,assane.diop@orange.com,cyrille1.danho@orange.com,mohamed2.sylla@orange.com,amadou.diomande@orange.com,Jonas.kouame@orange.com,armand.kablan@orange.com,anicet.azombade@orange.com,etienne.kouadio@orange.com,bertine.kouakou@orange.com,florentine.kouakou@orange.com,ange.phaceli@orange.com,soulegame.soro@orange.com,innocent.yengo@orange.com' AIRFLOW_CTX_DAG_OWNER='***' AIRFLOW_CTX_DAG_ID='motower_daily_prod' AIRFLOW_CTX_TASK_ID='sensor_congestion' AIRFLOW_CTX_EXECUTION_DATE='2024-01-03T06:00:00+00:00' AIRFLOW_CTX_TRY_NUMBER='1' AIRFLOW_CTX_DAG_RUN_ID='scheduled__2024-01-03T06:00:00+00:00'
[2024-08-06T16:53:29.330+0000] {taskinstance.py:430} INFO - ::endgroup::
[2024-08-06T16:53:29.367+0000] {python.py:75} INFO - Poking callable: <function check_data_in_table at 0x701c4621eca0>
[2024-08-06T16:53:29.380+0000] {extract.py:126} INFO - Getting data of the table ks_hebdo_tdb_radio_drsi 
[2024-08-06T16:53:29.388+0000] {extract.py:127} INFO - where date is 2024-01-02
[2024-08-06T16:53:29.388+0000] {extract.py:98} INFO - get data to date 1 and year 2024
[2024-08-06T16:53:29.419+0000] {warnings.py:112} WARNING - /opt/***/dags/gps/common/extract.py:99: UserWarning: pandas only supports SQLAlchemy connectable (engine/connection) or database string URI or sqlite3 DBAPI2 connection. Other DBAPI2 objects are not tested. Please consider using SQLAlchemy.
  df_ = pd.read_sql_query(sql_query, conn, params=params)

[2024-08-06T16:53:29.665+0000] {base.py:294} INFO - Success criteria met. Exiting.
[2024-08-06T16:53:29.665+0000] {taskinstance.py:441} INFO - ::group::Post task execution logs
[2024-08-06T16:53:29.688+0000] {taskinstance.py:1206} INFO - Marking task as SUCCESS. dag_id=motower_daily_prod, task_id=sensor_congestion, run_id=scheduled__2024-01-03T06:00:00+00:00, execution_date=20240103T060000, start_date=20240806T165328, end_date=20240806T165329
[2024-08-06T16:53:30.139+0000] {local_task_job_runner.py:243} INFO - Task exited with return code 0
[2024-08-06T16:53:30.162+0000] {local_task_job_runner.py:222} INFO - ::endgroup::
[2024-08-06T16:56:27.858+0000] {local_task_job_runner.py:120} INFO - ::group::Pre task execution logs
[2024-08-06T16:56:27.943+0000] {taskinstance.py:2076} INFO - Dependencies all met for dep_context=non-requeueable deps ti=<TaskInstance: motower_daily_prod.sensor_congestion scheduled__2024-01-03T06:00:00+00:00 [queued]>
[2024-08-06T16:56:27.969+0000] {taskinstance.py:2076} INFO - Dependencies all met for dep_context=requeueable deps ti=<TaskInstance: motower_daily_prod.sensor_congestion scheduled__2024-01-03T06:00:00+00:00 [queued]>
[2024-08-06T16:56:27.969+0000] {taskinstance.py:2306} INFO - Starting attempt 1 of 1
[2024-08-06T16:56:27.993+0000] {taskinstance.py:2330} INFO - Executing <Task(PythonSensor): sensor_congestion> on 2024-01-03 06:00:00+00:00
[2024-08-06T16:56:28.010+0000] {warnings.py:112} WARNING - /home/***/.local/lib/python3.12/site-packages/***/task/task_runner/standard_task_runner.py:62: DeprecationWarning: This process (pid=1070) is multi-threaded, use of fork() may lead to deadlocks in the child.
  pid = os.fork()

[2024-08-06T16:56:28.012+0000] {standard_task_runner.py:64} INFO - Started process 1079 to run task
[2024-08-06T16:56:28.019+0000] {standard_task_runner.py:90} INFO - Running: ['***', 'tasks', 'run', 'motower_daily_prod', 'sensor_congestion', 'scheduled__2024-01-03T06:00:00+00:00', '--job-id', '62', '--raw', '--subdir', 'DAGS_FOLDER/gps/custom_dags/motower_daily.py', '--cfg-path', '/tmp/tmp8uz9plpk']
[2024-08-06T16:56:28.023+0000] {standard_task_runner.py:91} INFO - Job 62: Subtask sensor_congestion
[2024-08-06T16:56:28.095+0000] {task_command.py:426} INFO - Running <TaskInstance: motower_daily_prod.sensor_congestion scheduled__2024-01-03T06:00:00+00:00 [running]> on host 13681191f11c
[2024-08-06T16:56:28.231+0000] {taskinstance.py:2648} INFO - Exporting env vars: AIRFLOW_CTX_DAG_EMAIL='richmond.kongo@orange.com,assane.diop@orange.com,cyrille1.danho@orange.com,mohamed2.sylla@orange.com,amadou.diomande@orange.com,Jonas.kouame@orange.com,armand.kablan@orange.com,anicet.azombade@orange.com,etienne.kouadio@orange.com,bertine.kouakou@orange.com,florentine.kouakou@orange.com,ange.phaceli@orange.com,soulegame.soro@orange.com,innocent.yengo@orange.com' AIRFLOW_CTX_DAG_OWNER='***' AIRFLOW_CTX_DAG_ID='motower_daily_prod' AIRFLOW_CTX_TASK_ID='sensor_congestion' AIRFLOW_CTX_EXECUTION_DATE='2024-01-03T06:00:00+00:00' AIRFLOW_CTX_TRY_NUMBER='1' AIRFLOW_CTX_DAG_RUN_ID='scheduled__2024-01-03T06:00:00+00:00'
[2024-08-06T16:56:28.233+0000] {taskinstance.py:430} INFO - ::endgroup::
[2024-08-06T16:56:28.253+0000] {python.py:75} INFO - Poking callable: <function check_data_in_table at 0x701c41f66980>
[2024-08-06T16:56:28.257+0000] {extract.py:126} INFO - Getting data of the table ks_hebdo_tdb_radio_drsi 
[2024-08-06T16:56:28.258+0000] {extract.py:127} INFO - where date is 2024-01-02
[2024-08-06T16:56:28.258+0000] {extract.py:98} INFO - get data to date 1 and year 2024
[2024-08-06T16:56:28.266+0000] {warnings.py:112} WARNING - /opt/***/dags/gps/common/extract.py:99: UserWarning: pandas only supports SQLAlchemy connectable (engine/connection) or database string URI or sqlite3 DBAPI2 connection. Other DBAPI2 objects are not tested. Please consider using SQLAlchemy.
  df_ = pd.read_sql_query(sql_query, conn, params=params)

[2024-08-06T16:56:28.502+0000] {base.py:294} INFO - Success criteria met. Exiting.
[2024-08-06T16:56:28.506+0000] {taskinstance.py:441} INFO - ::group::Post task execution logs
[2024-08-06T16:56:28.546+0000] {taskinstance.py:1206} INFO - Marking task as SUCCESS. dag_id=motower_daily_prod, task_id=sensor_congestion, run_id=scheduled__2024-01-03T06:00:00+00:00, execution_date=20240103T060000, start_date=20240806T165627, end_date=20240806T165628
[2024-08-06T16:56:28.619+0000] {local_task_job_runner.py:243} INFO - Task exited with return code 0
[2024-08-06T16:56:28.712+0000] {taskinstance.py:3503} INFO - 0 downstream tasks scheduled from follow-on schedule check
[2024-08-06T16:56:28.724+0000] {local_task_job_runner.py:222} INFO - ::endgroup::
[2024-08-06T17:26:55.326+0000] {local_task_job_runner.py:120} INFO - ::group::Pre task execution logs
[2024-08-06T17:26:55.386+0000] {taskinstance.py:2076} INFO - Dependencies all met for dep_context=non-requeueable deps ti=<TaskInstance: motower_daily_prod.sensor_congestion scheduled__2024-01-03T06:00:00+00:00 [queued]>
[2024-08-06T17:26:55.404+0000] {taskinstance.py:2076} INFO - Dependencies all met for dep_context=requeueable deps ti=<TaskInstance: motower_daily_prod.sensor_congestion scheduled__2024-01-03T06:00:00+00:00 [queued]>
[2024-08-06T17:26:55.404+0000] {taskinstance.py:2306} INFO - Starting attempt 1 of 1
[2024-08-06T17:26:55.424+0000] {taskinstance.py:2330} INFO - Executing <Task(PythonSensor): sensor_congestion> on 2024-01-03 06:00:00+00:00
[2024-08-06T17:26:55.433+0000] {warnings.py:112} WARNING - /home/***/.local/lib/python3.12/site-packages/***/task/task_runner/standard_task_runner.py:62: DeprecationWarning: This process (pid=5203) is multi-threaded, use of fork() may lead to deadlocks in the child.
  pid = os.fork()

[2024-08-06T17:26:55.434+0000] {standard_task_runner.py:64} INFO - Started process 5216 to run task
[2024-08-06T17:26:55.435+0000] {standard_task_runner.py:90} INFO - Running: ['***', 'tasks', 'run', 'motower_daily_prod', 'sensor_congestion', 'scheduled__2024-01-03T06:00:00+00:00', '--job-id', '1321', '--raw', '--subdir', 'DAGS_FOLDER/gps/custom_dags/motower_daily.py', '--cfg-path', '/tmp/tmpxtdpizmw']
[2024-08-06T17:26:55.437+0000] {standard_task_runner.py:91} INFO - Job 1321: Subtask sensor_congestion
[2024-08-06T17:26:55.490+0000] {task_command.py:426} INFO - Running <TaskInstance: motower_daily_prod.sensor_congestion scheduled__2024-01-03T06:00:00+00:00 [running]> on host 13681191f11c
[2024-08-06T17:26:55.628+0000] {taskinstance.py:2648} INFO - Exporting env vars: AIRFLOW_CTX_DAG_EMAIL='richmond.kongo@orange.com,assane.diop@orange.com,cyrille1.danho@orange.com,mohamed2.sylla@orange.com,amadou.diomande@orange.com,Jonas.kouame@orange.com,armand.kablan@orange.com,anicet.azombade@orange.com,etienne.kouadio@orange.com,bertine.kouakou@orange.com,florentine.kouakou@orange.com,ange.phaceli@orange.com,soulegame.soro@orange.com,innocent.yengo@orange.com' AIRFLOW_CTX_DAG_OWNER='***' AIRFLOW_CTX_DAG_ID='motower_daily_prod' AIRFLOW_CTX_TASK_ID='sensor_congestion' AIRFLOW_CTX_EXECUTION_DATE='2024-01-03T06:00:00+00:00' AIRFLOW_CTX_TRY_NUMBER='1' AIRFLOW_CTX_DAG_RUN_ID='scheduled__2024-01-03T06:00:00+00:00'
[2024-08-06T17:26:55.630+0000] {taskinstance.py:430} INFO - ::endgroup::
[2024-08-06T17:26:55.645+0000] {python.py:75} INFO - Poking callable: <function check_data_in_table at 0x701c4281f060>
[2024-08-06T17:26:55.650+0000] {extract.py:126} INFO - Getting data of the table ks_hebdo_tdb_radio_drsi 
[2024-08-06T17:26:55.650+0000] {extract.py:127} INFO - where date is 2024-01-02
[2024-08-06T17:26:55.651+0000] {extract.py:98} INFO - get data to date 1 and year 2024
[2024-08-06T17:26:55.657+0000] {warnings.py:112} WARNING - /opt/***/dags/gps/common/extract.py:99: UserWarning: pandas only supports SQLAlchemy connectable (engine/connection) or database string URI or sqlite3 DBAPI2 connection. Other DBAPI2 objects are not tested. Please consider using SQLAlchemy.
  df_ = pd.read_sql_query(sql_query, conn, params=params)

[2024-08-06T17:26:55.816+0000] {base.py:294} INFO - Success criteria met. Exiting.
[2024-08-06T17:26:55.817+0000] {taskinstance.py:441} INFO - ::group::Post task execution logs
[2024-08-06T17:26:55.830+0000] {taskinstance.py:1206} INFO - Marking task as SUCCESS. dag_id=motower_daily_prod, task_id=sensor_congestion, run_id=scheduled__2024-01-03T06:00:00+00:00, execution_date=20240103T060000, start_date=20240806T172655, end_date=20240806T172655
[2024-08-06T17:26:55.894+0000] {local_task_job_runner.py:243} INFO - Task exited with return code 0
[2024-08-06T17:26:55.947+0000] {taskinstance.py:3503} INFO - 0 downstream tasks scheduled from follow-on schedule check
[2024-08-06T17:26:55.955+0000] {local_task_job_runner.py:222} INFO - ::endgroup::
[2024-08-06T18:14:35.865+0000] {local_task_job_runner.py:120} INFO - ::group::Pre task execution logs
[2024-08-06T18:14:35.921+0000] {taskinstance.py:2076} INFO - Dependencies all met for dep_context=non-requeueable deps ti=<TaskInstance: motower_daily_prod.sensor_congestion scheduled__2024-01-03T06:00:00+00:00 [queued]>
[2024-08-06T18:14:35.941+0000] {taskinstance.py:2076} INFO - Dependencies all met for dep_context=requeueable deps ti=<TaskInstance: motower_daily_prod.sensor_congestion scheduled__2024-01-03T06:00:00+00:00 [queued]>
[2024-08-06T18:14:35.943+0000] {taskinstance.py:2306} INFO - Starting attempt 1 of 1
[2024-08-06T18:14:35.964+0000] {taskinstance.py:2330} INFO - Executing <Task(PythonSensor): sensor_congestion> on 2024-01-03 06:00:00+00:00
[2024-08-06T18:14:35.975+0000] {warnings.py:112} WARNING - /home/***/.local/lib/python3.12/site-packages/***/task/task_runner/standard_task_runner.py:62: DeprecationWarning: This process (pid=9087) is multi-threaded, use of fork() may lead to deadlocks in the child.
  pid = os.fork()

[2024-08-06T18:14:35.977+0000] {standard_task_runner.py:64} INFO - Started process 9096 to run task
[2024-08-06T18:14:35.978+0000] {standard_task_runner.py:90} INFO - Running: ['***', 'tasks', 'run', 'motower_daily_prod', 'sensor_congestion', 'scheduled__2024-01-03T06:00:00+00:00', '--job-id', '2422', '--raw', '--subdir', 'DAGS_FOLDER/gps/custom_dags/motower_daily.py', '--cfg-path', '/tmp/tmpdwsi184s']
[2024-08-06T18:14:35.981+0000] {standard_task_runner.py:91} INFO - Job 2422: Subtask sensor_congestion
[2024-08-06T18:14:36.096+0000] {task_command.py:426} INFO - Running <TaskInstance: motower_daily_prod.sensor_congestion scheduled__2024-01-03T06:00:00+00:00 [running]> on host 13681191f11c
[2024-08-06T18:14:36.230+0000] {taskinstance.py:2648} INFO - Exporting env vars: AIRFLOW_CTX_DAG_EMAIL='richmond.kongo@orange.com,assane.diop@orange.com,cyrille1.danho@orange.com,mohamed2.sylla@orange.com,amadou.diomande@orange.com,Jonas.kouame@orange.com,armand.kablan@orange.com,anicet.azombade@orange.com,etienne.kouadio@orange.com,bertine.kouakou@orange.com,florentine.kouakou@orange.com,ange.phaceli@orange.com,soulegame.soro@orange.com,innocent.yengo@orange.com' AIRFLOW_CTX_DAG_OWNER='***' AIRFLOW_CTX_DAG_ID='motower_daily_prod' AIRFLOW_CTX_TASK_ID='sensor_congestion' AIRFLOW_CTX_EXECUTION_DATE='2024-01-03T06:00:00+00:00' AIRFLOW_CTX_TRY_NUMBER='1' AIRFLOW_CTX_DAG_RUN_ID='scheduled__2024-01-03T06:00:00+00:00'
[2024-08-06T18:14:36.231+0000] {taskinstance.py:430} INFO - ::endgroup::
[2024-08-06T18:14:36.253+0000] {python.py:75} INFO - Poking callable: <function check_data_in_table at 0x701c26c8fc40>
[2024-08-06T18:14:36.257+0000] {extract.py:126} INFO - Getting data of the table ks_hebdo_tdb_radio_drsi 
[2024-08-06T18:14:36.258+0000] {extract.py:127} INFO - where date is 2024-01-02
[2024-08-06T18:14:36.258+0000] {extract.py:98} INFO - get data to date 1 and year 2024
[2024-08-06T18:14:36.264+0000] {warnings.py:112} WARNING - /opt/***/dags/gps/common/extract.py:99: UserWarning: pandas only supports SQLAlchemy connectable (engine/connection) or database string URI or sqlite3 DBAPI2 connection. Other DBAPI2 objects are not tested. Please consider using SQLAlchemy.
  df_ = pd.read_sql_query(sql_query, conn, params=params)

[2024-08-06T18:14:36.425+0000] {base.py:294} INFO - Success criteria met. Exiting.
[2024-08-06T18:14:36.426+0000] {taskinstance.py:441} INFO - ::group::Post task execution logs
[2024-08-06T18:14:36.436+0000] {taskinstance.py:1206} INFO - Marking task as SUCCESS. dag_id=motower_daily_prod, task_id=sensor_congestion, run_id=scheduled__2024-01-03T06:00:00+00:00, execution_date=20240103T060000, start_date=20240806T181435, end_date=20240806T181436
[2024-08-06T18:14:36.484+0000] {local_task_job_runner.py:243} INFO - Task exited with return code 0
[2024-08-06T18:14:36.493+0000] {local_task_job_runner.py:222} INFO - ::endgroup::
