[2024-08-06T16:59:10.513+0000] {local_task_job_runner.py:120} INFO - ::group::Pre task execution logs
[2024-08-06T16:59:10.703+0000] {taskinstance.py:2076} INFO - Dependencies all met for dep_context=non-requeueable deps ti=<TaskInstance: motower_daily_prod.motower_dcaparc scheduled__2024-01-15T06:00:00+00:00 [queued]>
[2024-08-06T16:59:10.716+0000] {taskinstance.py:2076} INFO - Dependencies all met for dep_context=requeueable deps ti=<TaskInstance: motower_daily_prod.motower_dcaparc scheduled__2024-01-15T06:00:00+00:00 [queued]>
[2024-08-06T16:59:10.716+0000] {taskinstance.py:2306} INFO - Starting attempt 1 of 1
[2024-08-06T16:59:10.731+0000] {taskinstance.py:2330} INFO - Executing <Task(PythonOperator): motower_dcaparc> on 2024-01-15 06:00:00+00:00
[2024-08-06T16:59:10.740+0000] {warnings.py:112} WARNING - /home/***/.local/lib/python3.12/site-packages/***/task/task_runner/standard_task_runner.py:62: DeprecationWarning: This process (pid=1713) is multi-threaded, use of fork() may lead to deadlocks in the child.
  pid = os.fork()

[2024-08-06T16:59:10.741+0000] {standard_task_runner.py:64} INFO - Started process 1717 to run task
[2024-08-06T16:59:10.742+0000] {standard_task_runner.py:90} INFO - Running: ['***', 'tasks', 'run', 'motower_daily_prod', 'motower_dcaparc', 'scheduled__2024-01-15T06:00:00+00:00', '--job-id', '265', '--raw', '--subdir', 'DAGS_FOLDER/gps/custom_dags/motower_daily.py', '--cfg-path', '/tmp/tmp735zf2mw']
[2024-08-06T16:59:10.744+0000] {standard_task_runner.py:91} INFO - Job 265: Subtask motower_dcaparc
[2024-08-06T16:59:10.795+0000] {task_command.py:426} INFO - Running <TaskInstance: motower_daily_prod.motower_dcaparc scheduled__2024-01-15T06:00:00+00:00 [running]> on host 13681191f11c
[2024-08-06T16:59:11.071+0000] {taskinstance.py:2648} INFO - Exporting env vars: AIRFLOW_CTX_DAG_EMAIL='richmond.kongo@orange.com,assane.diop@orange.com,cyrille1.danho@orange.com,mohamed2.sylla@orange.com,amadou.diomande@orange.com,Jonas.kouame@orange.com,armand.kablan@orange.com,anicet.azombade@orange.com,etienne.kouadio@orange.com,bertine.kouakou@orange.com,florentine.kouakou@orange.com,ange.phaceli@orange.com,soulegame.soro@orange.com,innocent.yengo@orange.com' AIRFLOW_CTX_DAG_OWNER='***' AIRFLOW_CTX_DAG_ID='motower_daily_prod' AIRFLOW_CTX_TASK_ID='motower_dcaparc' AIRFLOW_CTX_EXECUTION_DATE='2024-01-15T06:00:00+00:00' AIRFLOW_CTX_TRY_NUMBER='1' AIRFLOW_CTX_DAG_RUN_ID='scheduled__2024-01-15T06:00:00+00:00'
[2024-08-06T16:59:11.073+0000] {taskinstance.py:430} INFO - ::endgroup::
[2024-08-06T16:59:11.140+0000] {motower_daily.py:106} INFO - get last modified bdd sites cleaned
[2024-08-06T16:59:11.200+0000] {motower_daily.py:117} INFO - READING BASE_SITES-cleaned/2024/04/02.csv
[2024-08-06T16:59:11.621+0000] {data_validation.py:28} INFO - START VALIDATION 
[2024-08-06T16:59:11.647+0000] {data_validation.py:40} INFO - VALID ACTIFS SITES 3482
[2024-08-06T16:59:11.649+0000] {motower_daily.py:127} INFO - GET CA PARC FILE OF THE DAY 2024-01-14
[2024-08-06T16:59:11.650+0000] {motower_daily.py:131} INFO - READING ca-parc/2024/01/14.csv
[2024-08-06T16:59:11.745+0000] {motower_daily.py:136} INFO - DAILY KPI -      day_id       ca_voix       ca_data      parc  parc_data   parc_2g  parc_3g  parc_4g  parc_5g  parc_other      ca_total
0  20240114  4.690623e+08  7.061113e+08  16461441    8728720  12908415   918330  6624109   380926     1658587  1.200953e+09
[2024-08-06T16:59:11.747+0000] {data_validation.py:11} INFO - START VALIDATION OF COLUMN ca_total
[2024-08-06T16:59:11.751+0000] {data_validation.py:20} INFO - DATA OF COLUMN ca_total ARE VALID
[2024-08-06T16:59:11.752+0000] {data_validation.py:11} INFO - START VALIDATION OF COLUMN ca_voix
[2024-08-06T16:59:11.755+0000] {data_validation.py:20} INFO - DATA OF COLUMN ca_voix ARE VALID
[2024-08-06T16:59:11.761+0000] {data_validation.py:11} INFO - START VALIDATION OF COLUMN ca_data
[2024-08-06T16:59:11.764+0000] {data_validation.py:20} INFO - DATA OF COLUMN ca_data ARE VALID
[2024-08-06T16:59:11.766+0000] {data_validation.py:11} INFO - START VALIDATION OF COLUMN parc
[2024-08-06T16:59:11.768+0000] {data_validation.py:20} INFO - DATA OF COLUMN parc ARE VALID
[2024-08-06T16:59:11.769+0000] {data_validation.py:11} INFO - START VALIDATION OF COLUMN parc_data
[2024-08-06T16:59:11.772+0000] {data_validation.py:20} INFO - DATA OF COLUMN parc_data ARE VALID
[2024-08-06T16:59:11.782+0000] {motower_daily.py:139} INFO - MERGING BDD AND CA
[2024-08-06T16:59:11.803+0000] {motower_daily.py:141} INFO - prepare final daily data
[2024-08-06T16:59:11.806+0000] {logging_mixin.py:188} INFO - Index(['site', 'site bts', 'site physique', 'gestionnaire', 'proprietaire',
       'code oci', 'equipementier telecom', 'longitude', 'latitude',
       'type du site', 'antenna_mode', 'statut', 'couche en service',
       'technologie', 'technologie sans tdd', 'date mes', 'date mes 2g',
       'date mes 3g', 'date mes 4g', 'annee construction pylone', 'autre code',
       'code esco', 'code ihs', 'statut partage', 'statut sharing',
       'statut proprietaire', 'geo localite', 'commune', 'departement',
       'region', 'district', 'partenaires', 'localisation', 'ville',
       'quartier', 'type geolocalite', 'clutter', 'id quartier',
       'id geolocalite', 'type baie', 'hauteur batiment', 'tower type',
       'tower height', 'tower location', 'type energie', 'projet',
       'new project', 'position site', 'type indoor', 'decoupage',
       'sous coloc', 'tenant', 'mois', 'code oci id', 'day_id', 'id_site',
       'ca_voix', 'ca_data', 'ca_total', 'trafic_voix_in', 'trafic_data_in',
       'parc', 'parc_data', 'parc_2g', 'parc_3g', 'parc_4g', 'parc_5g',
       'parc_other', 'jour'],
      dtype='object')
[2024-08-06T16:59:11.824+0000] {warnings.py:112} WARNING - /opt/***/dags/gps/common/motower_daily.py:148: SettingWithCopyWarning: 
A value is trying to be set on a copy of a slice from a DataFrame

See the caveats in the documentation: https://pandas.pydata.org/pandas-docs/stable/user_guide/indexing.html#returning-a-view-versus-a-copy
  df_final.rename(columns=DAILY_CAPARC_COL, inplace=True)

[2024-08-06T16:59:11.826+0000] {warnings.py:112} WARNING - /opt/***/dags/gps/common/motower_daily.py:149: SettingWithCopyWarning: 
A value is trying to be set on a copy of a slice from a DataFrame.
Try using .loc[row_indexer,col_indexer] = value instead

See the caveats in the documentation: https://pandas.pydata.org/pandas-docs/stable/user_guide/indexing.html#returning-a-view-versus-a-copy
  df_final["trafic_data_in_mo"] = df_final["trafic_data_in"] / 1000

[2024-08-06T16:59:11.828+0000] {warnings.py:112} WARNING - /opt/***/dags/gps/common/motower_daily.py:150: SettingWithCopyWarning: 
A value is trying to be set on a copy of a slice from a DataFrame.
Try using .loc[row_indexer,col_indexer] = value instead

See the caveats in the documentation: https://pandas.pydata.org/pandas-docs/stable/user_guide/indexing.html#returning-a-view-versus-a-copy
  df_final["ca_norm"] = None

[2024-08-06T16:59:11.829+0000] {warnings.py:112} WARNING - /opt/***/dags/gps/common/motower_daily.py:151: SettingWithCopyWarning: 
A value is trying to be set on a copy of a slice from a DataFrame.
Try using .loc[row_indexer,col_indexer] = value instead

See the caveats in the documentation: https://pandas.pydata.org/pandas-docs/stable/user_guide/indexing.html#returning-a-view-versus-a-copy
  df_final["ca_mtd"] = None

[2024-08-06T16:59:11.835+0000] {warnings.py:112} WARNING - /opt/***/dags/gps/common/motower_daily.py:152: SettingWithCopyWarning: 
A value is trying to be set on a copy of a slice from a DataFrame.
Try using .loc[row_indexer,col_indexer] = value instead

See the caveats in the documentation: https://pandas.pydata.org/pandas-docs/stable/user_guide/indexing.html#returning-a-view-versus-a-copy
  df_final["segment"] = None

[2024-08-06T16:59:11.837+0000] {warnings.py:112} WARNING - /opt/***/dags/gps/common/motower_daily.py:153: SettingWithCopyWarning: 
A value is trying to be set on a copy of a slice from a DataFrame.
Try using .loc[row_indexer,col_indexer] = value instead

See the caveats in the documentation: https://pandas.pydata.org/pandas-docs/stable/user_guide/indexing.html#returning-a-view-versus-a-copy
  df_final["previous_segment"] = None

[2024-08-06T16:59:11.838+0000] {warnings.py:112} WARNING - /opt/***/dags/gps/common/motower_daily.py:154: SettingWithCopyWarning: 
A value is trying to be set on a copy of a slice from a DataFrame.
Try using .loc[row_indexer,col_indexer] = value instead

See the caveats in the documentation: https://pandas.pydata.org/pandas-docs/stable/user_guide/indexing.html#returning-a-view-versus-a-copy
  df_final["evolution_segment"] = None

[2024-08-06T16:59:11.839+0000] {logging_mixin.py:188} INFO - 1
[2024-08-06T16:59:11.840+0000] {logging_mixin.py:188} INFO - 2024-01-14 00:00:00
[2024-08-06T16:59:11.912+0000] {motower_daily.py:200} INFO - ADD  SEGMENT
[2024-08-06T16:59:13.353+0000] {motower_daily.py:205} INFO - DATA VALIDATION AFTER MERGING
[2024-08-06T16:59:13.354+0000] {data_validation.py:28} INFO - START VALIDATION 
[2024-08-06T16:59:13.361+0000] {data_validation.py:40} INFO - VALID ACTIFS SITES 3482
[2024-08-06T16:59:13.460+0000] {motower_daily.py:216} INFO - DAILY KPI -         jour       ca_voix       ca_data  parc_global  parc_data    parc_2g   parc_3g    parc_4g   parc_5g  autre_parc      ca_total
0 2024-01-14  4.667222e+08  7.039149e+08   14866317.0  8662822.0  6340958.0  222879.0  4818844.0  337498.0    884700.0  1.194471e+09
[2024-08-06T16:59:13.461+0000] {data_validation.py:11} INFO - START VALIDATION OF COLUMN ca_total
[2024-08-06T16:59:13.464+0000] {data_validation.py:20} INFO - DATA OF COLUMN ca_total ARE VALID
[2024-08-06T16:59:13.465+0000] {data_validation.py:11} INFO - START VALIDATION OF COLUMN ca_voix
[2024-08-06T16:59:13.471+0000] {data_validation.py:20} INFO - DATA OF COLUMN ca_voix ARE VALID
[2024-08-06T16:59:13.472+0000] {data_validation.py:11} INFO - START VALIDATION OF COLUMN ca_data
[2024-08-06T16:59:13.474+0000] {data_validation.py:20} INFO - DATA OF COLUMN ca_data ARE VALID
[2024-08-06T16:59:13.485+0000] {data_validation.py:11} INFO - START VALIDATION OF COLUMN parc_global
[2024-08-06T16:59:13.488+0000] {data_validation.py:20} INFO - DATA OF COLUMN parc_global ARE VALID
[2024-08-06T16:59:13.488+0000] {data_validation.py:11} INFO - START VALIDATION OF COLUMN parc_data
[2024-08-06T16:59:13.492+0000] {data_validation.py:20} INFO - DATA OF COLUMN parc_data ARE VALID
[2024-08-06T16:59:13.607+0000] {logging_mixin.py:188} INFO -         jour code_oci  code_oci_id  ... segment previous_segment evolution_segment
0 2024-01-14  OCI4069       4069.0  ...    None             None              None
1 2024-01-14  OCI4064       4064.0  ...    None             None              None
2 2024-01-14  OCI4092       4092.0  ...    None             None              None
3 2024-01-14  OCI4080       4080.0  ...    None             None              None
4 2024-01-14  OCI4073       4073.0  ...    None             None              None

[5 rows x 38 columns]
[2024-08-06T16:59:13.718+0000] {logging_mixin.py:188} INFO -         jour code_oci  code_oci_id  ... segment previous_segment evolution_segment
0 2024-01-14  OCI4069       4069.0  ...    None             None              None
1 2024-01-14  OCI4064       4064.0  ...    None             None              None
2 2024-01-14  OCI4092       4092.0  ...    None             None              None
3 2024-01-14  OCI4080       4080.0  ...    None             None              None
4 2024-01-14  OCI4073       4073.0  ...    None             None              None

[5 rows x 38 columns]
[2024-08-06T16:59:13.738+0000] {warnings.py:112} WARNING - /opt/***/dags/gps/custom_dags/motower_daily.py:139: SettingWithCopyWarning: 
A value is trying to be set on a copy of a slice from a DataFrame.
Try using .loc[row_indexer,col_indexer] = value instead

See the caveats in the documentation: https://pandas.pydata.org/pandas-docs/stable/user_guide/indexing.html#returning-a-view-versus-a-copy
  df_faits['mois'] = data["jour"].dt.month

[2024-08-06T16:59:13.740+0000] {warnings.py:112} WARNING - /opt/***/dags/gps/custom_dags/motower_daily.py:140: SettingWithCopyWarning: 
A value is trying to be set on a copy of a slice from a DataFrame.
Try using .loc[row_indexer,col_indexer] = value instead

See the caveats in the documentation: https://pandas.pydata.org/pandas-docs/stable/user_guide/indexing.html#returning-a-view-versus-a-copy
  df_faits['annee'] = data["jour"].dt.year

[2024-08-06T16:59:17.462+0000] {python.py:237} INFO - Done. Returned value was: None
[2024-08-06T16:59:17.463+0000] {taskinstance.py:441} INFO - ::group::Post task execution logs
[2024-08-06T16:59:17.473+0000] {taskinstance.py:1206} INFO - Marking task as SUCCESS. dag_id=motower_daily_prod, task_id=motower_dcaparc, run_id=scheduled__2024-01-15T06:00:00+00:00, execution_date=20240115T060000, start_date=20240806T165910, end_date=20240806T165917
[2024-08-06T16:59:17.517+0000] {local_task_job_runner.py:243} INFO - Task exited with return code 0
[2024-08-06T16:59:17.534+0000] {taskinstance.py:3503} INFO - 0 downstream tasks scheduled from follow-on schedule check
[2024-08-06T16:59:17.536+0000] {local_task_job_runner.py:222} INFO - ::endgroup::
[2024-08-06T17:29:35.061+0000] {local_task_job_runner.py:120} INFO - ::group::Pre task execution logs
[2024-08-06T17:29:35.116+0000] {taskinstance.py:2076} INFO - Dependencies all met for dep_context=non-requeueable deps ti=<TaskInstance: motower_daily_prod.motower_dcaparc scheduled__2024-01-15T06:00:00+00:00 [queued]>
[2024-08-06T17:29:35.135+0000] {taskinstance.py:2076} INFO - Dependencies all met for dep_context=requeueable deps ti=<TaskInstance: motower_daily_prod.motower_dcaparc scheduled__2024-01-15T06:00:00+00:00 [queued]>
[2024-08-06T17:29:35.136+0000] {taskinstance.py:2306} INFO - Starting attempt 1 of 1
[2024-08-06T17:29:35.161+0000] {taskinstance.py:2330} INFO - Executing <Task(PythonOperator): motower_dcaparc> on 2024-01-15 06:00:00+00:00
[2024-08-06T17:29:35.173+0000] {warnings.py:112} WARNING - /home/***/.local/lib/python3.12/site-packages/***/task/task_runner/standard_task_runner.py:62: DeprecationWarning: This process (pid=5841) is multi-threaded, use of fork() may lead to deadlocks in the child.
  pid = os.fork()

[2024-08-06T17:29:35.175+0000] {standard_task_runner.py:64} INFO - Started process 5849 to run task
[2024-08-06T17:29:35.176+0000] {standard_task_runner.py:90} INFO - Running: ['***', 'tasks', 'run', 'motower_daily_prod', 'motower_dcaparc', 'scheduled__2024-01-15T06:00:00+00:00', '--job-id', '1523', '--raw', '--subdir', 'DAGS_FOLDER/gps/custom_dags/motower_daily.py', '--cfg-path', '/tmp/tmpsns6d5c7']
[2024-08-06T17:29:35.179+0000] {standard_task_runner.py:91} INFO - Job 1523: Subtask motower_dcaparc
[2024-08-06T17:29:35.243+0000] {task_command.py:426} INFO - Running <TaskInstance: motower_daily_prod.motower_dcaparc scheduled__2024-01-15T06:00:00+00:00 [running]> on host 13681191f11c
[2024-08-06T17:29:35.392+0000] {taskinstance.py:2648} INFO - Exporting env vars: AIRFLOW_CTX_DAG_EMAIL='richmond.kongo@orange.com,assane.diop@orange.com,cyrille1.danho@orange.com,mohamed2.sylla@orange.com,amadou.diomande@orange.com,Jonas.kouame@orange.com,armand.kablan@orange.com,anicet.azombade@orange.com,etienne.kouadio@orange.com,bertine.kouakou@orange.com,florentine.kouakou@orange.com,ange.phaceli@orange.com,soulegame.soro@orange.com,innocent.yengo@orange.com' AIRFLOW_CTX_DAG_OWNER='***' AIRFLOW_CTX_DAG_ID='motower_daily_prod' AIRFLOW_CTX_TASK_ID='motower_dcaparc' AIRFLOW_CTX_EXECUTION_DATE='2024-01-15T06:00:00+00:00' AIRFLOW_CTX_TRY_NUMBER='1' AIRFLOW_CTX_DAG_RUN_ID='scheduled__2024-01-15T06:00:00+00:00'
[2024-08-06T17:29:35.394+0000] {taskinstance.py:430} INFO - ::endgroup::
[2024-08-06T17:29:35.423+0000] {motower_daily.py:106} INFO - get last modified bdd sites cleaned
[2024-08-06T17:29:35.440+0000] {motower_daily.py:117} INFO - READING BASE_SITES-cleaned/2024/04/02.csv
[2024-08-06T17:29:35.563+0000] {data_validation.py:28} INFO - START VALIDATION 
[2024-08-06T17:29:35.565+0000] {data_validation.py:40} INFO - VALID ACTIFS SITES 3482
[2024-08-06T17:29:35.566+0000] {motower_daily.py:127} INFO - GET CA PARC FILE OF THE DAY 2024-01-14
[2024-08-06T17:29:35.566+0000] {motower_daily.py:131} INFO - READING ca-parc/2024/01/14.csv
[2024-08-06T17:29:35.602+0000] {motower_daily.py:136} INFO - DAILY KPI -      day_id       ca_voix       ca_data      parc  parc_data   parc_2g  parc_3g  parc_4g  parc_5g  parc_other      ca_total
0  20240114  4.690623e+08  7.061113e+08  16461441    8728720  12908415   918330  6624109   380926     1658587  1.200953e+09
[2024-08-06T17:29:35.603+0000] {data_validation.py:11} INFO - START VALIDATION OF COLUMN ca_total
[2024-08-06T17:29:35.605+0000] {data_validation.py:20} INFO - DATA OF COLUMN ca_total ARE VALID
[2024-08-06T17:29:35.606+0000] {data_validation.py:11} INFO - START VALIDATION OF COLUMN ca_voix
[2024-08-06T17:29:35.608+0000] {data_validation.py:20} INFO - DATA OF COLUMN ca_voix ARE VALID
[2024-08-06T17:29:35.608+0000] {data_validation.py:11} INFO - START VALIDATION OF COLUMN ca_data
[2024-08-06T17:29:35.610+0000] {data_validation.py:20} INFO - DATA OF COLUMN ca_data ARE VALID
[2024-08-06T17:29:35.611+0000] {data_validation.py:11} INFO - START VALIDATION OF COLUMN parc
[2024-08-06T17:29:35.612+0000] {data_validation.py:20} INFO - DATA OF COLUMN parc ARE VALID
[2024-08-06T17:29:35.613+0000] {data_validation.py:11} INFO - START VALIDATION OF COLUMN parc_data
[2024-08-06T17:29:35.614+0000] {data_validation.py:20} INFO - DATA OF COLUMN parc_data ARE VALID
[2024-08-06T17:29:35.615+0000] {motower_daily.py:139} INFO - MERGING BDD AND CA
[2024-08-06T17:29:35.622+0000] {motower_daily.py:141} INFO - prepare final daily data
[2024-08-06T17:29:35.625+0000] {logging_mixin.py:188} INFO - Index(['site', 'site bts', 'site physique', 'gestionnaire', 'proprietaire',
       'code oci', 'equipementier telecom', 'longitude', 'latitude',
       'type du site', 'antenna_mode', 'statut', 'couche en service',
       'technologie', 'technologie sans tdd', 'date mes', 'date mes 2g',
       'date mes 3g', 'date mes 4g', 'annee construction pylone', 'autre code',
       'code esco', 'code ihs', 'statut partage', 'statut sharing',
       'statut proprietaire', 'geo localite', 'commune', 'departement',
       'region', 'district', 'partenaires', 'localisation', 'ville',
       'quartier', 'type geolocalite', 'clutter', 'id quartier',
       'id geolocalite', 'type baie', 'hauteur batiment', 'tower type',
       'tower height', 'tower location', 'type energie', 'projet',
       'new project', 'position site', 'type indoor', 'decoupage',
       'sous coloc', 'tenant', 'mois', 'code oci id', 'day_id', 'id_site',
       'ca_voix', 'ca_data', 'ca_total', 'trafic_voix_in', 'trafic_data_in',
       'parc', 'parc_data', 'parc_2g', 'parc_3g', 'parc_4g', 'parc_5g',
       'parc_other', 'jour'],
      dtype='object')
[2024-08-06T17:29:35.629+0000] {warnings.py:112} WARNING - /opt/***/dags/gps/common/motower_daily.py:148: SettingWithCopyWarning: 
A value is trying to be set on a copy of a slice from a DataFrame

See the caveats in the documentation: https://pandas.pydata.org/pandas-docs/stable/user_guide/indexing.html#returning-a-view-versus-a-copy
  df_final.rename(columns=DAILY_CAPARC_COL, inplace=True)

[2024-08-06T17:29:35.631+0000] {warnings.py:112} WARNING - /opt/***/dags/gps/common/motower_daily.py:149: SettingWithCopyWarning: 
A value is trying to be set on a copy of a slice from a DataFrame.
Try using .loc[row_indexer,col_indexer] = value instead

See the caveats in the documentation: https://pandas.pydata.org/pandas-docs/stable/user_guide/indexing.html#returning-a-view-versus-a-copy
  df_final["trafic_data_in_mo"] = df_final["trafic_data_in"] / 1000

[2024-08-06T17:29:35.633+0000] {warnings.py:112} WARNING - /opt/***/dags/gps/common/motower_daily.py:150: SettingWithCopyWarning: 
A value is trying to be set on a copy of a slice from a DataFrame.
Try using .loc[row_indexer,col_indexer] = value instead

See the caveats in the documentation: https://pandas.pydata.org/pandas-docs/stable/user_guide/indexing.html#returning-a-view-versus-a-copy
  df_final["ca_norm"] = None

[2024-08-06T17:29:35.635+0000] {warnings.py:112} WARNING - /opt/***/dags/gps/common/motower_daily.py:151: SettingWithCopyWarning: 
A value is trying to be set on a copy of a slice from a DataFrame.
Try using .loc[row_indexer,col_indexer] = value instead

See the caveats in the documentation: https://pandas.pydata.org/pandas-docs/stable/user_guide/indexing.html#returning-a-view-versus-a-copy
  df_final["ca_mtd"] = None

[2024-08-06T17:29:35.636+0000] {warnings.py:112} WARNING - /opt/***/dags/gps/common/motower_daily.py:152: SettingWithCopyWarning: 
A value is trying to be set on a copy of a slice from a DataFrame.
Try using .loc[row_indexer,col_indexer] = value instead

See the caveats in the documentation: https://pandas.pydata.org/pandas-docs/stable/user_guide/indexing.html#returning-a-view-versus-a-copy
  df_final["segment"] = None

[2024-08-06T17:29:35.639+0000] {warnings.py:112} WARNING - /opt/***/dags/gps/common/motower_daily.py:153: SettingWithCopyWarning: 
A value is trying to be set on a copy of a slice from a DataFrame.
Try using .loc[row_indexer,col_indexer] = value instead

See the caveats in the documentation: https://pandas.pydata.org/pandas-docs/stable/user_guide/indexing.html#returning-a-view-versus-a-copy
  df_final["previous_segment"] = None

[2024-08-06T17:29:35.641+0000] {warnings.py:112} WARNING - /opt/***/dags/gps/common/motower_daily.py:154: SettingWithCopyWarning: 
A value is trying to be set on a copy of a slice from a DataFrame.
Try using .loc[row_indexer,col_indexer] = value instead

See the caveats in the documentation: https://pandas.pydata.org/pandas-docs/stable/user_guide/indexing.html#returning-a-view-versus-a-copy
  df_final["evolution_segment"] = None

[2024-08-06T17:29:35.642+0000] {logging_mixin.py:188} INFO - 1
[2024-08-06T17:29:35.643+0000] {logging_mixin.py:188} INFO - 2024-01-14 00:00:00
[2024-08-06T17:29:35.675+0000] {motower_daily.py:200} INFO - ADD  SEGMENT
[2024-08-06T17:29:36.329+0000] {motower_daily.py:205} INFO - DATA VALIDATION AFTER MERGING
[2024-08-06T17:29:36.330+0000] {data_validation.py:28} INFO - START VALIDATION 
[2024-08-06T17:29:36.332+0000] {data_validation.py:40} INFO - VALID ACTIFS SITES 3482
[2024-08-06T17:29:36.346+0000] {motower_daily.py:216} INFO - DAILY KPI -         jour       ca_voix       ca_data  parc_global  parc_data    parc_2g   parc_3g    parc_4g   parc_5g  autre_parc      ca_total
0 2024-01-14  4.667222e+08  7.039149e+08   14866317.0  8662822.0  6340958.0  222879.0  4818844.0  337498.0    884700.0  1.194471e+09
[2024-08-06T17:29:36.346+0000] {data_validation.py:11} INFO - START VALIDATION OF COLUMN ca_total
[2024-08-06T17:29:36.348+0000] {data_validation.py:20} INFO - DATA OF COLUMN ca_total ARE VALID
[2024-08-06T17:29:36.348+0000] {data_validation.py:11} INFO - START VALIDATION OF COLUMN ca_voix
[2024-08-06T17:29:36.350+0000] {data_validation.py:20} INFO - DATA OF COLUMN ca_voix ARE VALID
[2024-08-06T17:29:36.351+0000] {data_validation.py:11} INFO - START VALIDATION OF COLUMN ca_data
[2024-08-06T17:29:36.352+0000] {data_validation.py:20} INFO - DATA OF COLUMN ca_data ARE VALID
[2024-08-06T17:29:36.353+0000] {data_validation.py:11} INFO - START VALIDATION OF COLUMN parc_global
[2024-08-06T17:29:36.354+0000] {data_validation.py:20} INFO - DATA OF COLUMN parc_global ARE VALID
[2024-08-06T17:29:36.355+0000] {data_validation.py:11} INFO - START VALIDATION OF COLUMN parc_data
[2024-08-06T17:29:36.356+0000] {data_validation.py:20} INFO - DATA OF COLUMN parc_data ARE VALID
[2024-08-06T17:29:36.407+0000] {logging_mixin.py:188} INFO -         jour code_oci  code_oci_id  ... segment previous_segment evolution_segment
0 2024-01-14  OCI4069       4069.0  ...    None             None              None
1 2024-01-14  OCI4064       4064.0  ...    None             None              None
2 2024-01-14  OCI4092       4092.0  ...    None             None              None
3 2024-01-14  OCI4080       4080.0  ...    None             None              None
4 2024-01-14  OCI4073       4073.0  ...    None             None              None

[5 rows x 38 columns]
[2024-08-06T17:29:36.457+0000] {logging_mixin.py:188} INFO -         jour code_oci  code_oci_id  ... segment previous_segment evolution_segment
0 2024-01-14  OCI4069       4069.0  ...    None             None              None
1 2024-01-14  OCI4064       4064.0  ...    None             None              None
2 2024-01-14  OCI4092       4092.0  ...    None             None              None
3 2024-01-14  OCI4080       4080.0  ...    None             None              None
4 2024-01-14  OCI4073       4073.0  ...    None             None              None

[5 rows x 38 columns]
[2024-08-06T17:29:36.467+0000] {warnings.py:112} WARNING - /opt/***/dags/gps/custom_dags/motower_daily.py:139: SettingWithCopyWarning: 
A value is trying to be set on a copy of a slice from a DataFrame.
Try using .loc[row_indexer,col_indexer] = value instead

See the caveats in the documentation: https://pandas.pydata.org/pandas-docs/stable/user_guide/indexing.html#returning-a-view-versus-a-copy
  df_faits['mois'] = data["jour"].dt.month

[2024-08-06T17:29:36.469+0000] {warnings.py:112} WARNING - /opt/***/dags/gps/custom_dags/motower_daily.py:140: SettingWithCopyWarning: 
A value is trying to be set on a copy of a slice from a DataFrame.
Try using .loc[row_indexer,col_indexer] = value instead

See the caveats in the documentation: https://pandas.pydata.org/pandas-docs/stable/user_guide/indexing.html#returning-a-view-versus-a-copy
  df_faits['annee'] = data["jour"].dt.year

[2024-08-06T17:29:38.456+0000] {python.py:237} INFO - Done. Returned value was: None
[2024-08-06T17:29:38.458+0000] {taskinstance.py:441} INFO - ::group::Post task execution logs
[2024-08-06T17:29:38.472+0000] {taskinstance.py:1206} INFO - Marking task as SUCCESS. dag_id=motower_daily_prod, task_id=motower_dcaparc, run_id=scheduled__2024-01-15T06:00:00+00:00, execution_date=20240115T060000, start_date=20240806T172935, end_date=20240806T172938
[2024-08-06T17:29:38.526+0000] {local_task_job_runner.py:243} INFO - Task exited with return code 0
[2024-08-06T17:29:38.549+0000] {taskinstance.py:3503} INFO - 0 downstream tasks scheduled from follow-on schedule check
[2024-08-06T17:29:38.551+0000] {local_task_job_runner.py:222} INFO - ::endgroup::
[2024-08-06T18:17:25.389+0000] {local_task_job_runner.py:120} INFO - ::group::Pre task execution logs
[2024-08-06T18:17:25.476+0000] {taskinstance.py:2076} INFO - Dependencies all met for dep_context=non-requeueable deps ti=<TaskInstance: motower_daily_prod.motower_dcaparc scheduled__2024-01-15T06:00:00+00:00 [queued]>
[2024-08-06T18:17:25.498+0000] {taskinstance.py:2076} INFO - Dependencies all met for dep_context=requeueable deps ti=<TaskInstance: motower_daily_prod.motower_dcaparc scheduled__2024-01-15T06:00:00+00:00 [queued]>
[2024-08-06T18:17:25.498+0000] {taskinstance.py:2306} INFO - Starting attempt 1 of 1
[2024-08-06T18:17:25.534+0000] {taskinstance.py:2330} INFO - Executing <Task(PythonOperator): motower_dcaparc> on 2024-01-15 06:00:00+00:00
[2024-08-06T18:17:25.549+0000] {warnings.py:112} WARNING - /home/***/.local/lib/python3.12/site-packages/***/task/task_runner/standard_task_runner.py:62: DeprecationWarning: This process (pid=9749) is multi-threaded, use of fork() may lead to deadlocks in the child.
  pid = os.fork()

[2024-08-06T18:17:25.551+0000] {standard_task_runner.py:64} INFO - Started process 9757 to run task
[2024-08-06T18:17:25.557+0000] {standard_task_runner.py:90} INFO - Running: ['***', 'tasks', 'run', 'motower_daily_prod', 'motower_dcaparc', 'scheduled__2024-01-15T06:00:00+00:00', '--job-id', '2634', '--raw', '--subdir', 'DAGS_FOLDER/gps/custom_dags/motower_daily.py', '--cfg-path', '/tmp/tmplhao7_gq']
[2024-08-06T18:17:25.561+0000] {standard_task_runner.py:91} INFO - Job 2634: Subtask motower_dcaparc
[2024-08-06T18:17:25.656+0000] {task_command.py:426} INFO - Running <TaskInstance: motower_daily_prod.motower_dcaparc scheduled__2024-01-15T06:00:00+00:00 [running]> on host 13681191f11c
[2024-08-06T18:17:25.855+0000] {taskinstance.py:2648} INFO - Exporting env vars: AIRFLOW_CTX_DAG_EMAIL='richmond.kongo@orange.com,assane.diop@orange.com,cyrille1.danho@orange.com,mohamed2.sylla@orange.com,amadou.diomande@orange.com,Jonas.kouame@orange.com,armand.kablan@orange.com,anicet.azombade@orange.com,etienne.kouadio@orange.com,bertine.kouakou@orange.com,florentine.kouakou@orange.com,ange.phaceli@orange.com,soulegame.soro@orange.com,innocent.yengo@orange.com' AIRFLOW_CTX_DAG_OWNER='***' AIRFLOW_CTX_DAG_ID='motower_daily_prod' AIRFLOW_CTX_TASK_ID='motower_dcaparc' AIRFLOW_CTX_EXECUTION_DATE='2024-01-15T06:00:00+00:00' AIRFLOW_CTX_TRY_NUMBER='1' AIRFLOW_CTX_DAG_RUN_ID='scheduled__2024-01-15T06:00:00+00:00'
[2024-08-06T18:17:25.857+0000] {taskinstance.py:430} INFO - ::endgroup::
[2024-08-06T18:17:25.885+0000] {motower_daily.py:106} INFO - get last modified bdd sites cleaned
[2024-08-06T18:17:25.942+0000] {motower_daily.py:117} INFO - READING BASE_SITES-cleaned/2024/04/02.csv
[2024-08-06T18:17:26.118+0000] {data_validation.py:28} INFO - START VALIDATION 
[2024-08-06T18:17:26.121+0000] {data_validation.py:40} INFO - VALID ACTIFS SITES 3482
[2024-08-06T18:17:26.121+0000] {motower_daily.py:127} INFO - GET CA PARC FILE OF THE DAY 2024-01-14
[2024-08-06T18:17:26.122+0000] {motower_daily.py:131} INFO - READING ca-parc/2024/01/14.csv
[2024-08-06T18:17:26.176+0000] {motower_daily.py:136} INFO - DAILY KPI -      day_id       ca_voix       ca_data      parc  parc_data   parc_2g  parc_3g  parc_4g  parc_5g  parc_other      ca_total
0  20240114  4.690623e+08  7.061113e+08  16461441    8728720  12908415   918330  6624109   380926     1658587  1.200953e+09
[2024-08-06T18:17:26.178+0000] {data_validation.py:11} INFO - START VALIDATION OF COLUMN ca_total
[2024-08-06T18:17:26.180+0000] {data_validation.py:20} INFO - DATA OF COLUMN ca_total ARE VALID
[2024-08-06T18:17:26.181+0000] {data_validation.py:11} INFO - START VALIDATION OF COLUMN ca_voix
[2024-08-06T18:17:26.183+0000] {data_validation.py:20} INFO - DATA OF COLUMN ca_voix ARE VALID
[2024-08-06T18:17:26.183+0000] {data_validation.py:11} INFO - START VALIDATION OF COLUMN ca_data
[2024-08-06T18:17:26.185+0000] {data_validation.py:20} INFO - DATA OF COLUMN ca_data ARE VALID
[2024-08-06T18:17:26.186+0000] {data_validation.py:11} INFO - START VALIDATION OF COLUMN parc
[2024-08-06T18:17:26.187+0000] {data_validation.py:20} INFO - DATA OF COLUMN parc ARE VALID
[2024-08-06T18:17:26.188+0000] {data_validation.py:11} INFO - START VALIDATION OF COLUMN parc_data
[2024-08-06T18:17:26.190+0000] {data_validation.py:20} INFO - DATA OF COLUMN parc_data ARE VALID
[2024-08-06T18:17:26.190+0000] {motower_daily.py:139} INFO - MERGING BDD AND CA
[2024-08-06T18:17:26.199+0000] {motower_daily.py:141} INFO - prepare final daily data
[2024-08-06T18:17:26.203+0000] {logging_mixin.py:188} INFO - Index(['site', 'site bts', 'site physique', 'gestionnaire', 'proprietaire',
       'code oci', 'equipementier telecom', 'longitude', 'latitude',
       'type du site', 'antenna_mode', 'statut', 'couche en service',
       'technologie', 'technologie sans tdd', 'date mes', 'date mes 2g',
       'date mes 3g', 'date mes 4g', 'annee construction pylone', 'autre code',
       'code esco', 'code ihs', 'statut partage', 'statut sharing',
       'statut proprietaire', 'geo localite', 'commune', 'departement',
       'region', 'district', 'partenaires', 'localisation', 'ville',
       'quartier', 'type geolocalite', 'clutter', 'id quartier',
       'id geolocalite', 'type baie', 'hauteur batiment', 'tower type',
       'tower height', 'tower location', 'type energie', 'projet',
       'new project', 'position site', 'type indoor', 'decoupage',
       'sous coloc', 'tenant', 'mois', 'code oci id', 'day_id', 'id_site',
       'ca_voix', 'ca_data', 'ca_total', 'trafic_voix_in', 'trafic_data_in',
       'parc', 'parc_data', 'parc_2g', 'parc_3g', 'parc_4g', 'parc_5g',
       'parc_other', 'jour'],
      dtype='object')
[2024-08-06T18:17:26.207+0000] {warnings.py:112} WARNING - /opt/***/dags/gps/common/motower_daily.py:148: SettingWithCopyWarning: 
A value is trying to be set on a copy of a slice from a DataFrame

See the caveats in the documentation: https://pandas.pydata.org/pandas-docs/stable/user_guide/indexing.html#returning-a-view-versus-a-copy
  df_final.rename(columns=DAILY_CAPARC_COL, inplace=True)

[2024-08-06T18:17:26.208+0000] {warnings.py:112} WARNING - /opt/***/dags/gps/common/motower_daily.py:149: SettingWithCopyWarning: 
A value is trying to be set on a copy of a slice from a DataFrame.
Try using .loc[row_indexer,col_indexer] = value instead

See the caveats in the documentation: https://pandas.pydata.org/pandas-docs/stable/user_guide/indexing.html#returning-a-view-versus-a-copy
  df_final["trafic_data_in_mo"] = df_final["trafic_data_in"] / 1000

[2024-08-06T18:17:26.210+0000] {warnings.py:112} WARNING - /opt/***/dags/gps/common/motower_daily.py:150: SettingWithCopyWarning: 
A value is trying to be set on a copy of a slice from a DataFrame.
Try using .loc[row_indexer,col_indexer] = value instead

See the caveats in the documentation: https://pandas.pydata.org/pandas-docs/stable/user_guide/indexing.html#returning-a-view-versus-a-copy
  df_final["ca_norm"] = None

[2024-08-06T18:17:26.211+0000] {warnings.py:112} WARNING - /opt/***/dags/gps/common/motower_daily.py:151: SettingWithCopyWarning: 
A value is trying to be set on a copy of a slice from a DataFrame.
Try using .loc[row_indexer,col_indexer] = value instead

See the caveats in the documentation: https://pandas.pydata.org/pandas-docs/stable/user_guide/indexing.html#returning-a-view-versus-a-copy
  df_final["ca_mtd"] = None

[2024-08-06T18:17:26.212+0000] {warnings.py:112} WARNING - /opt/***/dags/gps/common/motower_daily.py:152: SettingWithCopyWarning: 
A value is trying to be set on a copy of a slice from a DataFrame.
Try using .loc[row_indexer,col_indexer] = value instead

See the caveats in the documentation: https://pandas.pydata.org/pandas-docs/stable/user_guide/indexing.html#returning-a-view-versus-a-copy
  df_final["segment"] = None

[2024-08-06T18:17:26.214+0000] {warnings.py:112} WARNING - /opt/***/dags/gps/common/motower_daily.py:153: SettingWithCopyWarning: 
A value is trying to be set on a copy of a slice from a DataFrame.
Try using .loc[row_indexer,col_indexer] = value instead

See the caveats in the documentation: https://pandas.pydata.org/pandas-docs/stable/user_guide/indexing.html#returning-a-view-versus-a-copy
  df_final["previous_segment"] = None

[2024-08-06T18:17:26.215+0000] {warnings.py:112} WARNING - /opt/***/dags/gps/common/motower_daily.py:154: SettingWithCopyWarning: 
A value is trying to be set on a copy of a slice from a DataFrame.
Try using .loc[row_indexer,col_indexer] = value instead

See the caveats in the documentation: https://pandas.pydata.org/pandas-docs/stable/user_guide/indexing.html#returning-a-view-versus-a-copy
  df_final["evolution_segment"] = None

[2024-08-06T18:17:26.215+0000] {logging_mixin.py:188} INFO - 1
[2024-08-06T18:17:26.216+0000] {logging_mixin.py:188} INFO - 2024-01-14 00:00:00
[2024-08-06T18:17:26.243+0000] {motower_daily.py:200} INFO - ADD  SEGMENT
[2024-08-06T18:17:26.939+0000] {motower_daily.py:205} INFO - DATA VALIDATION AFTER MERGING
[2024-08-06T18:17:26.939+0000] {data_validation.py:28} INFO - START VALIDATION 
[2024-08-06T18:17:26.942+0000] {data_validation.py:40} INFO - VALID ACTIFS SITES 3482
[2024-08-06T18:17:26.965+0000] {motower_daily.py:216} INFO - DAILY KPI -         jour       ca_voix       ca_data  parc_global  parc_data    parc_2g   parc_3g    parc_4g   parc_5g  autre_parc      ca_total
0 2024-01-14  4.667222e+08  7.039149e+08   14866317.0  8662822.0  6340958.0  222879.0  4818844.0  337498.0    884700.0  1.194471e+09
[2024-08-06T18:17:26.965+0000] {data_validation.py:11} INFO - START VALIDATION OF COLUMN ca_total
[2024-08-06T18:17:26.968+0000] {data_validation.py:20} INFO - DATA OF COLUMN ca_total ARE VALID
[2024-08-06T18:17:26.968+0000] {data_validation.py:11} INFO - START VALIDATION OF COLUMN ca_voix
[2024-08-06T18:17:26.970+0000] {data_validation.py:20} INFO - DATA OF COLUMN ca_voix ARE VALID
[2024-08-06T18:17:26.971+0000] {data_validation.py:11} INFO - START VALIDATION OF COLUMN ca_data
[2024-08-06T18:17:26.972+0000] {data_validation.py:20} INFO - DATA OF COLUMN ca_data ARE VALID
[2024-08-06T18:17:26.973+0000] {data_validation.py:11} INFO - START VALIDATION OF COLUMN parc_global
[2024-08-06T18:17:26.975+0000] {data_validation.py:20} INFO - DATA OF COLUMN parc_global ARE VALID
[2024-08-06T18:17:26.975+0000] {data_validation.py:11} INFO - START VALIDATION OF COLUMN parc_data
[2024-08-06T18:17:26.977+0000] {data_validation.py:20} INFO - DATA OF COLUMN parc_data ARE VALID
[2024-08-06T18:17:27.062+0000] {logging_mixin.py:188} INFO -         jour code_oci  code_oci_id  ... segment previous_segment evolution_segment
0 2024-01-14  OCI4069       4069.0  ...    None             None              None
1 2024-01-14  OCI4064       4064.0  ...    None             None              None
2 2024-01-14  OCI4092       4092.0  ...    None             None              None
3 2024-01-14  OCI4080       4080.0  ...    None             None              None
4 2024-01-14  OCI4073       4073.0  ...    None             None              None

[5 rows x 38 columns]
[2024-08-06T18:17:27.155+0000] {logging_mixin.py:188} INFO -         jour code_oci  code_oci_id  ... segment previous_segment evolution_segment
0 2024-01-14  OCI4069       4069.0  ...    None             None              None
1 2024-01-14  OCI4064       4064.0  ...    None             None              None
2 2024-01-14  OCI4092       4092.0  ...    None             None              None
3 2024-01-14  OCI4080       4080.0  ...    None             None              None
4 2024-01-14  OCI4073       4073.0  ...    None             None              None

[5 rows x 38 columns]
[2024-08-06T18:17:27.171+0000] {warnings.py:112} WARNING - /opt/***/dags/gps/custom_dags/motower_daily.py:139: SettingWithCopyWarning: 
A value is trying to be set on a copy of a slice from a DataFrame.
Try using .loc[row_indexer,col_indexer] = value instead

See the caveats in the documentation: https://pandas.pydata.org/pandas-docs/stable/user_guide/indexing.html#returning-a-view-versus-a-copy
  df_faits['mois'] = data["jour"].dt.month

[2024-08-06T18:17:27.173+0000] {warnings.py:112} WARNING - /opt/***/dags/gps/custom_dags/motower_daily.py:140: SettingWithCopyWarning: 
A value is trying to be set on a copy of a slice from a DataFrame.
Try using .loc[row_indexer,col_indexer] = value instead

See the caveats in the documentation: https://pandas.pydata.org/pandas-docs/stable/user_guide/indexing.html#returning-a-view-versus-a-copy
  df_faits['annee'] = data["jour"].dt.year

[2024-08-06T18:17:30.182+0000] {python.py:237} INFO - Done. Returned value was: None
[2024-08-06T18:17:30.183+0000] {taskinstance.py:441} INFO - ::group::Post task execution logs
[2024-08-06T18:17:30.198+0000] {taskinstance.py:1206} INFO - Marking task as SUCCESS. dag_id=motower_daily_prod, task_id=motower_dcaparc, run_id=scheduled__2024-01-15T06:00:00+00:00, execution_date=20240115T060000, start_date=20240806T181725, end_date=20240806T181730
[2024-08-06T18:17:30.329+0000] {local_task_job_runner.py:243} INFO - Task exited with return code 0
[2024-08-06T18:17:30.365+0000] {taskinstance.py:3503} INFO - 0 downstream tasks scheduled from follow-on schedule check
[2024-08-06T18:17:30.370+0000] {local_task_job_runner.py:222} INFO - ::endgroup::
