[2024-08-06T17:09:03.899+0000] {local_task_job_runner.py:120} INFO - ::group::Pre task execution logs
[2024-08-06T17:09:03.957+0000] {taskinstance.py:2076} INFO - Dependencies all met for dep_context=non-requeueable deps ti=<TaskInstance: motower_daily_prod.clean_trafic_task scheduled__2024-04-05T06:00:00+00:00 [queued]>
[2024-08-06T17:09:03.978+0000] {taskinstance.py:2076} INFO - Dependencies all met for dep_context=requeueable deps ti=<TaskInstance: motower_daily_prod.clean_trafic_task scheduled__2024-04-05T06:00:00+00:00 [queued]>
[2024-08-06T17:09:03.979+0000] {taskinstance.py:2306} INFO - Starting attempt 1 of 1
[2024-08-06T17:09:04.004+0000] {taskinstance.py:2330} INFO - Executing <Task(PythonOperator): clean_trafic_task> on 2024-04-05 06:00:00+00:00
[2024-08-06T17:09:04.019+0000] {warnings.py:112} WARNING - /home/***/.local/lib/python3.12/site-packages/***/task/task_runner/standard_task_runner.py:62: DeprecationWarning: This process (pid=3723) is multi-threaded, use of fork() may lead to deadlocks in the child.
  pid = os.fork()

[2024-08-06T17:09:04.021+0000] {standard_task_runner.py:64} INFO - Started process 3737 to run task
[2024-08-06T17:09:04.022+0000] {standard_task_runner.py:90} INFO - Running: ['***', 'tasks', 'run', 'motower_daily_prod', 'clean_trafic_task', 'scheduled__2024-04-05T06:00:00+00:00', '--job-id', '903', '--raw', '--subdir', 'DAGS_FOLDER/gps/custom_dags/motower_daily.py', '--cfg-path', '/tmp/tmpn85y3rqv']
[2024-08-06T17:09:04.026+0000] {standard_task_runner.py:91} INFO - Job 903: Subtask clean_trafic_task
[2024-08-06T17:09:04.112+0000] {task_command.py:426} INFO - Running <TaskInstance: motower_daily_prod.clean_trafic_task scheduled__2024-04-05T06:00:00+00:00 [running]> on host 13681191f11c
[2024-08-06T17:09:04.348+0000] {taskinstance.py:2648} INFO - Exporting env vars: AIRFLOW_CTX_DAG_EMAIL='richmond.kongo@orange.com,assane.diop@orange.com,cyrille1.danho@orange.com,mohamed2.sylla@orange.com,amadou.diomande@orange.com,Jonas.kouame@orange.com,armand.kablan@orange.com,anicet.azombade@orange.com,etienne.kouadio@orange.com,bertine.kouakou@orange.com,florentine.kouakou@orange.com,ange.phaceli@orange.com,soulegame.soro@orange.com,innocent.yengo@orange.com' AIRFLOW_CTX_DAG_OWNER='***' AIRFLOW_CTX_DAG_ID='motower_daily_prod' AIRFLOW_CTX_TASK_ID='clean_trafic_task' AIRFLOW_CTX_EXECUTION_DATE='2024-04-05T06:00:00+00:00' AIRFLOW_CTX_TRY_NUMBER='1' AIRFLOW_CTX_DAG_RUN_ID='scheduled__2024-04-05T06:00:00+00:00'
[2024-08-06T17:09:04.351+0000] {taskinstance.py:430} INFO - ::endgroup::
[2024-08-06T17:09:04.517+0000] {data_validation.py:11} INFO - START VALIDATION OF COLUMN trafic_data_go
[2024-08-06T17:09:04.520+0000] {data_validation.py:20} INFO - DATA OF COLUMN trafic_data_go ARE VALID
[2024-08-06T17:09:04.521+0000] {data_validation.py:11} INFO - START VALIDATION OF COLUMN trafic_voix_erl
[2024-08-06T17:09:04.523+0000] {data_validation.py:20} INFO - DATA OF COLUMN trafic_voix_erl ARE VALID
[2024-08-06T17:09:04.523+0000] {motower_daily.py:267} INFO - prepare final data
[2024-08-06T17:09:04.570+0000] {logging_mixin.py:188} INFO - ================================
[2024-08-06T17:09:04.571+0000] {logging_mixin.py:188} INFO - object
[2024-08-06T17:09:05.048+0000] {python.py:237} INFO - Done. Returned value was: None
[2024-08-06T17:09:05.050+0000] {taskinstance.py:441} INFO - ::group::Post task execution logs
[2024-08-06T17:09:05.062+0000] {taskinstance.py:1206} INFO - Marking task as SUCCESS. dag_id=motower_daily_prod, task_id=clean_trafic_task, run_id=scheduled__2024-04-05T06:00:00+00:00, execution_date=20240405T060000, start_date=20240806T170903, end_date=20240806T170905
[2024-08-06T17:09:05.127+0000] {local_task_job_runner.py:243} INFO - Task exited with return code 0
[2024-08-06T17:09:05.152+0000] {taskinstance.py:3503} INFO - 0 downstream tasks scheduled from follow-on schedule check
[2024-08-06T17:09:05.157+0000] {local_task_job_runner.py:222} INFO - ::endgroup::
[2024-08-06T17:39:42.649+0000] {local_task_job_runner.py:120} INFO - ::group::Pre task execution logs
[2024-08-06T17:39:42.725+0000] {taskinstance.py:2076} INFO - Dependencies all met for dep_context=non-requeueable deps ti=<TaskInstance: motower_daily_prod.clean_trafic_task scheduled__2024-04-05T06:00:00+00:00 [queued]>
[2024-08-06T17:39:42.749+0000] {taskinstance.py:2076} INFO - Dependencies all met for dep_context=requeueable deps ti=<TaskInstance: motower_daily_prod.clean_trafic_task scheduled__2024-04-05T06:00:00+00:00 [queued]>
[2024-08-06T17:39:42.749+0000] {taskinstance.py:2306} INFO - Starting attempt 1 of 1
[2024-08-06T17:39:42.772+0000] {taskinstance.py:2330} INFO - Executing <Task(PythonOperator): clean_trafic_task> on 2024-04-05 06:00:00+00:00
[2024-08-06T17:39:42.785+0000] {warnings.py:112} WARNING - /home/***/.local/lib/python3.12/site-packages/***/task/task_runner/standard_task_runner.py:62: DeprecationWarning: This process (pid=7902) is multi-threaded, use of fork() may lead to deadlocks in the child.
  pid = os.fork()

[2024-08-06T17:39:42.788+0000] {standard_task_runner.py:64} INFO - Started process 7910 to run task
[2024-08-06T17:39:42.792+0000] {standard_task_runner.py:90} INFO - Running: ['***', 'tasks', 'run', 'motower_daily_prod', 'clean_trafic_task', 'scheduled__2024-04-05T06:00:00+00:00', '--job-id', '2173', '--raw', '--subdir', 'DAGS_FOLDER/gps/custom_dags/motower_daily.py', '--cfg-path', '/tmp/tmpmtzq8gie']
[2024-08-06T17:39:42.796+0000] {standard_task_runner.py:91} INFO - Job 2173: Subtask clean_trafic_task
[2024-08-06T17:39:42.931+0000] {task_command.py:426} INFO - Running <TaskInstance: motower_daily_prod.clean_trafic_task scheduled__2024-04-05T06:00:00+00:00 [running]> on host 13681191f11c
[2024-08-06T17:39:43.307+0000] {taskinstance.py:2648} INFO - Exporting env vars: AIRFLOW_CTX_DAG_EMAIL='richmond.kongo@orange.com,assane.diop@orange.com,cyrille1.danho@orange.com,mohamed2.sylla@orange.com,amadou.diomande@orange.com,Jonas.kouame@orange.com,armand.kablan@orange.com,anicet.azombade@orange.com,etienne.kouadio@orange.com,bertine.kouakou@orange.com,florentine.kouakou@orange.com,ange.phaceli@orange.com,soulegame.soro@orange.com,innocent.yengo@orange.com' AIRFLOW_CTX_DAG_OWNER='***' AIRFLOW_CTX_DAG_ID='motower_daily_prod' AIRFLOW_CTX_TASK_ID='clean_trafic_task' AIRFLOW_CTX_EXECUTION_DATE='2024-04-05T06:00:00+00:00' AIRFLOW_CTX_TRY_NUMBER='1' AIRFLOW_CTX_DAG_RUN_ID='scheduled__2024-04-05T06:00:00+00:00'
[2024-08-06T17:39:43.309+0000] {taskinstance.py:430} INFO - ::endgroup::
[2024-08-06T17:39:43.501+0000] {data_validation.py:11} INFO - START VALIDATION OF COLUMN trafic_data_go
[2024-08-06T17:39:43.504+0000] {data_validation.py:20} INFO - DATA OF COLUMN trafic_data_go ARE VALID
[2024-08-06T17:39:43.505+0000] {data_validation.py:11} INFO - START VALIDATION OF COLUMN trafic_voix_erl
[2024-08-06T17:39:43.507+0000] {data_validation.py:20} INFO - DATA OF COLUMN trafic_voix_erl ARE VALID
[2024-08-06T17:39:43.507+0000] {motower_daily.py:267} INFO - prepare final data
[2024-08-06T17:39:43.565+0000] {logging_mixin.py:188} INFO - ================================
[2024-08-06T17:39:43.565+0000] {logging_mixin.py:188} INFO - object
[2024-08-06T17:39:44.248+0000] {python.py:237} INFO - Done. Returned value was: None
[2024-08-06T17:39:44.249+0000] {taskinstance.py:441} INFO - ::group::Post task execution logs
[2024-08-06T17:39:44.269+0000] {taskinstance.py:1206} INFO - Marking task as SUCCESS. dag_id=motower_daily_prod, task_id=clean_trafic_task, run_id=scheduled__2024-04-05T06:00:00+00:00, execution_date=20240405T060000, start_date=20240806T173942, end_date=20240806T173944
[2024-08-06T17:39:44.323+0000] {local_task_job_runner.py:243} INFO - Task exited with return code 0
[2024-08-06T17:39:44.354+0000] {taskinstance.py:3503} INFO - 0 downstream tasks scheduled from follow-on schedule check
[2024-08-06T17:39:44.356+0000] {local_task_job_runner.py:222} INFO - ::endgroup::
