[2024-08-06T17:00:22.245+0000] {local_task_job_runner.py:120} INFO - ::group::Pre task execution logs
[2024-08-06T17:00:22.653+0000] {taskinstance.py:2076} INFO - Dependencies all met for dep_context=non-requeueable deps ti=<TaskInstance: motower_daily_prod.extract_trafic scheduled__2024-02-01T06:00:00+00:00 [queued]>
[2024-08-06T17:00:22.685+0000] {taskinstance.py:2076} INFO - Dependencies all met for dep_context=requeueable deps ti=<TaskInstance: motower_daily_prod.extract_trafic scheduled__2024-02-01T06:00:00+00:00 [queued]>
[2024-08-06T17:00:22.686+0000] {taskinstance.py:2306} INFO - Starting attempt 1 of 1
[2024-08-06T17:00:22.723+0000] {taskinstance.py:2330} INFO - Executing <Task(PythonOperator): extract_trafic> on 2024-02-01 06:00:00+00:00
[2024-08-06T17:00:22.740+0000] {warnings.py:112} WARNING - /home/***/.local/lib/python3.12/site-packages/***/task/task_runner/standard_task_runner.py:62: DeprecationWarning: This process (pid=1904) is multi-threaded, use of fork() may lead to deadlocks in the child.
  pid = os.fork()

[2024-08-06T17:00:22.746+0000] {standard_task_runner.py:64} INFO - Started process 1919 to run task
[2024-08-06T17:00:22.751+0000] {standard_task_runner.py:90} INFO - Running: ['***', 'tasks', 'run', 'motower_daily_prod', 'extract_trafic', 'scheduled__2024-02-01T06:00:00+00:00', '--job-id', '327', '--raw', '--subdir', 'DAGS_FOLDER/gps/custom_dags/motower_daily.py', '--cfg-path', '/tmp/tmpph06uya4']
[2024-08-06T17:00:22.758+0000] {standard_task_runner.py:91} INFO - Job 327: Subtask extract_trafic
[2024-08-06T17:00:22.923+0000] {task_command.py:426} INFO - Running <TaskInstance: motower_daily_prod.extract_trafic scheduled__2024-02-01T06:00:00+00:00 [running]> on host 13681191f11c
[2024-08-06T17:00:23.186+0000] {taskinstance.py:2648} INFO - Exporting env vars: AIRFLOW_CTX_DAG_EMAIL='richmond.kongo@orange.com,assane.diop@orange.com,cyrille1.danho@orange.com,mohamed2.sylla@orange.com,amadou.diomande@orange.com,Jonas.kouame@orange.com,armand.kablan@orange.com,anicet.azombade@orange.com,etienne.kouadio@orange.com,bertine.kouakou@orange.com,florentine.kouakou@orange.com,ange.phaceli@orange.com,soulegame.soro@orange.com,innocent.yengo@orange.com' AIRFLOW_CTX_DAG_OWNER='***' AIRFLOW_CTX_DAG_ID='motower_daily_prod' AIRFLOW_CTX_TASK_ID='extract_trafic' AIRFLOW_CTX_EXECUTION_DATE='2024-02-01T06:00:00+00:00' AIRFLOW_CTX_TRY_NUMBER='1' AIRFLOW_CTX_DAG_RUN_ID='scheduled__2024-02-01T06:00:00+00:00'
[2024-08-06T17:00:23.188+0000] {taskinstance.py:430} INFO - ::endgroup::
[2024-08-06T17:00:23.232+0000] {extract.py:126} INFO - Getting data of the table ks_daily_tdb_radio_drsi 
[2024-08-06T17:00:23.233+0000] {extract.py:127} INFO - where date is 2024-01-31
[2024-08-06T17:00:23.233+0000] {extract.py:102} INFO - get data to date 2024-01-31
[2024-08-06T17:00:23.247+0000] {warnings.py:112} WARNING - /opt/***/dags/gps/common/extract.py:103: UserWarning: pandas only supports SQLAlchemy connectable (engine/connection) or database string URI or sqlite3 DBAPI2 connection. Other DBAPI2 objects are not tested. Please consider using SQLAlchemy.
  df_ = pd.read_sql_query(sql_query, conn, params=params)

[2024-08-06T17:00:23.567+0000] {rwminio.py:19} INFO - start to save data
[2024-08-06T17:00:23.757+0000] {rwminio.py:34} INFO - data in minio ok
[2024-08-06T17:00:23.764+0000] {python.py:237} INFO - Done. Returned value was: None
[2024-08-06T17:00:23.765+0000] {taskinstance.py:441} INFO - ::group::Post task execution logs
[2024-08-06T17:00:23.781+0000] {taskinstance.py:1206} INFO - Marking task as SUCCESS. dag_id=motower_daily_prod, task_id=extract_trafic, run_id=scheduled__2024-02-01T06:00:00+00:00, execution_date=20240201T060000, start_date=20240806T170022, end_date=20240806T170023
[2024-08-06T17:00:23.840+0000] {local_task_job_runner.py:243} INFO - Task exited with return code 0
[2024-08-06T17:00:23.858+0000] {local_task_job_runner.py:222} INFO - ::endgroup::
[2024-08-06T17:30:37.225+0000] {local_task_job_runner.py:120} INFO - ::group::Pre task execution logs
[2024-08-06T17:30:37.308+0000] {taskinstance.py:2076} INFO - Dependencies all met for dep_context=non-requeueable deps ti=<TaskInstance: motower_daily_prod.extract_trafic scheduled__2024-02-01T06:00:00+00:00 [queued]>
[2024-08-06T17:30:37.337+0000] {taskinstance.py:2076} INFO - Dependencies all met for dep_context=requeueable deps ti=<TaskInstance: motower_daily_prod.extract_trafic scheduled__2024-02-01T06:00:00+00:00 [queued]>
[2024-08-06T17:30:37.337+0000] {taskinstance.py:2306} INFO - Starting attempt 1 of 1
[2024-08-06T17:30:37.371+0000] {taskinstance.py:2330} INFO - Executing <Task(PythonOperator): extract_trafic> on 2024-02-01 06:00:00+00:00
[2024-08-06T17:30:37.394+0000] {warnings.py:112} WARNING - /home/***/.local/lib/python3.12/site-packages/***/task/task_runner/standard_task_runner.py:62: DeprecationWarning: This process (pid=6029) is multi-threaded, use of fork() may lead to deadlocks in the child.
  pid = os.fork()

[2024-08-06T17:30:37.396+0000] {standard_task_runner.py:64} INFO - Started process 6042 to run task
[2024-08-06T17:30:37.403+0000] {standard_task_runner.py:90} INFO - Running: ['***', 'tasks', 'run', 'motower_daily_prod', 'extract_trafic', 'scheduled__2024-02-01T06:00:00+00:00', '--job-id', '1583', '--raw', '--subdir', 'DAGS_FOLDER/gps/custom_dags/motower_daily.py', '--cfg-path', '/tmp/tmpdt8qkoer']
[2024-08-06T17:30:37.407+0000] {standard_task_runner.py:91} INFO - Job 1583: Subtask extract_trafic
[2024-08-06T17:30:37.560+0000] {task_command.py:426} INFO - Running <TaskInstance: motower_daily_prod.extract_trafic scheduled__2024-02-01T06:00:00+00:00 [running]> on host 13681191f11c
[2024-08-06T17:30:37.953+0000] {taskinstance.py:2648} INFO - Exporting env vars: AIRFLOW_CTX_DAG_EMAIL='richmond.kongo@orange.com,assane.diop@orange.com,cyrille1.danho@orange.com,mohamed2.sylla@orange.com,amadou.diomande@orange.com,Jonas.kouame@orange.com,armand.kablan@orange.com,anicet.azombade@orange.com,etienne.kouadio@orange.com,bertine.kouakou@orange.com,florentine.kouakou@orange.com,ange.phaceli@orange.com,soulegame.soro@orange.com,innocent.yengo@orange.com' AIRFLOW_CTX_DAG_OWNER='***' AIRFLOW_CTX_DAG_ID='motower_daily_prod' AIRFLOW_CTX_TASK_ID='extract_trafic' AIRFLOW_CTX_EXECUTION_DATE='2024-02-01T06:00:00+00:00' AIRFLOW_CTX_TRY_NUMBER='1' AIRFLOW_CTX_DAG_RUN_ID='scheduled__2024-02-01T06:00:00+00:00'
[2024-08-06T17:30:37.955+0000] {taskinstance.py:430} INFO - ::endgroup::
[2024-08-06T17:30:38.221+0000] {extract.py:126} INFO - Getting data of the table ks_daily_tdb_radio_drsi 
[2024-08-06T17:30:38.222+0000] {extract.py:127} INFO - where date is 2024-01-31
[2024-08-06T17:30:38.222+0000] {extract.py:102} INFO - get data to date 2024-01-31
[2024-08-06T17:30:38.234+0000] {warnings.py:112} WARNING - /opt/***/dags/gps/common/extract.py:103: UserWarning: pandas only supports SQLAlchemy connectable (engine/connection) or database string URI or sqlite3 DBAPI2 connection. Other DBAPI2 objects are not tested. Please consider using SQLAlchemy.
  df_ = pd.read_sql_query(sql_query, conn, params=params)

[2024-08-06T17:30:38.847+0000] {rwminio.py:19} INFO - start to save data
[2024-08-06T17:30:39.340+0000] {rwminio.py:34} INFO - data in minio ok
[2024-08-06T17:30:39.347+0000] {python.py:237} INFO - Done. Returned value was: None
[2024-08-06T17:30:39.348+0000] {taskinstance.py:441} INFO - ::group::Post task execution logs
[2024-08-06T17:30:39.373+0000] {taskinstance.py:1206} INFO - Marking task as SUCCESS. dag_id=motower_daily_prod, task_id=extract_trafic, run_id=scheduled__2024-02-01T06:00:00+00:00, execution_date=20240201T060000, start_date=20240806T173037, end_date=20240806T173039
[2024-08-06T17:30:39.471+0000] {local_task_job_runner.py:243} INFO - Task exited with return code 0
[2024-08-06T17:30:39.547+0000] {local_task_job_runner.py:222} INFO - ::endgroup::
[2024-08-06T18:18:10.794+0000] {local_task_job_runner.py:120} INFO - ::group::Pre task execution logs
[2024-08-06T18:18:10.856+0000] {taskinstance.py:2076} INFO - Dependencies all met for dep_context=non-requeueable deps ti=<TaskInstance: motower_daily_prod.extract_trafic scheduled__2024-02-01T06:00:00+00:00 [queued]>
[2024-08-06T18:18:10.877+0000] {taskinstance.py:2076} INFO - Dependencies all met for dep_context=requeueable deps ti=<TaskInstance: motower_daily_prod.extract_trafic scheduled__2024-02-01T06:00:00+00:00 [queued]>
[2024-08-06T18:18:10.877+0000] {taskinstance.py:2306} INFO - Starting attempt 1 of 1
[2024-08-06T18:18:10.904+0000] {taskinstance.py:2330} INFO - Executing <Task(PythonOperator): extract_trafic> on 2024-02-01 06:00:00+00:00
[2024-08-06T18:18:10.916+0000] {warnings.py:112} WARNING - /home/***/.local/lib/python3.12/site-packages/***/task/task_runner/standard_task_runner.py:62: DeprecationWarning: This process (pid=9894) is multi-threaded, use of fork() may lead to deadlocks in the child.
  pid = os.fork()

[2024-08-06T18:18:10.917+0000] {standard_task_runner.py:64} INFO - Started process 9899 to run task
[2024-08-06T18:18:10.918+0000] {standard_task_runner.py:90} INFO - Running: ['***', 'tasks', 'run', 'motower_daily_prod', 'extract_trafic', 'scheduled__2024-02-01T06:00:00+00:00', '--job-id', '2679', '--raw', '--subdir', 'DAGS_FOLDER/gps/custom_dags/motower_daily.py', '--cfg-path', '/tmp/tmp8q0s71go']
[2024-08-06T18:18:10.921+0000] {standard_task_runner.py:91} INFO - Job 2679: Subtask extract_trafic
[2024-08-06T18:18:10.990+0000] {task_command.py:426} INFO - Running <TaskInstance: motower_daily_prod.extract_trafic scheduled__2024-02-01T06:00:00+00:00 [running]> on host 13681191f11c
[2024-08-06T18:18:11.141+0000] {taskinstance.py:2648} INFO - Exporting env vars: AIRFLOW_CTX_DAG_EMAIL='richmond.kongo@orange.com,assane.diop@orange.com,cyrille1.danho@orange.com,mohamed2.sylla@orange.com,amadou.diomande@orange.com,Jonas.kouame@orange.com,armand.kablan@orange.com,anicet.azombade@orange.com,etienne.kouadio@orange.com,bertine.kouakou@orange.com,florentine.kouakou@orange.com,ange.phaceli@orange.com,soulegame.soro@orange.com,innocent.yengo@orange.com' AIRFLOW_CTX_DAG_OWNER='***' AIRFLOW_CTX_DAG_ID='motower_daily_prod' AIRFLOW_CTX_TASK_ID='extract_trafic' AIRFLOW_CTX_EXECUTION_DATE='2024-02-01T06:00:00+00:00' AIRFLOW_CTX_TRY_NUMBER='1' AIRFLOW_CTX_DAG_RUN_ID='scheduled__2024-02-01T06:00:00+00:00'
[2024-08-06T18:18:11.145+0000] {taskinstance.py:430} INFO - ::endgroup::
[2024-08-06T18:18:11.177+0000] {extract.py:126} INFO - Getting data of the table ks_daily_tdb_radio_drsi 
[2024-08-06T18:18:11.178+0000] {extract.py:127} INFO - where date is 2024-01-31
[2024-08-06T18:18:11.178+0000] {extract.py:102} INFO - get data to date 2024-01-31
[2024-08-06T18:18:11.187+0000] {warnings.py:112} WARNING - /opt/***/dags/gps/common/extract.py:103: UserWarning: pandas only supports SQLAlchemy connectable (engine/connection) or database string URI or sqlite3 DBAPI2 connection. Other DBAPI2 objects are not tested. Please consider using SQLAlchemy.
  df_ = pd.read_sql_query(sql_query, conn, params=params)

[2024-08-06T18:18:11.493+0000] {rwminio.py:19} INFO - start to save data
[2024-08-06T18:18:11.670+0000] {rwminio.py:34} INFO - data in minio ok
[2024-08-06T18:18:11.675+0000] {python.py:237} INFO - Done. Returned value was: None
[2024-08-06T18:18:11.675+0000] {taskinstance.py:441} INFO - ::group::Post task execution logs
[2024-08-06T18:18:11.688+0000] {taskinstance.py:1206} INFO - Marking task as SUCCESS. dag_id=motower_daily_prod, task_id=extract_trafic, run_id=scheduled__2024-02-01T06:00:00+00:00, execution_date=20240201T060000, start_date=20240806T181810, end_date=20240806T181811
[2024-08-06T18:18:11.736+0000] {local_task_job_runner.py:243} INFO - Task exited with return code 0
[2024-08-06T18:18:11.750+0000] {local_task_job_runner.py:222} INFO - ::endgroup::
