[2024-08-06T17:00:21.353+0000] {local_task_job_runner.py:120} INFO - ::group::Pre task execution logs
[2024-08-06T17:00:21.523+0000] {taskinstance.py:2076} INFO - Dependencies all met for dep_context=non-requeueable deps ti=<TaskInstance: motower_daily_prod.checkataa scheduled__2024-02-02T06:00:00+00:00 [queued]>
[2024-08-06T17:00:21.586+0000] {taskinstance.py:2076} INFO - Dependencies all met for dep_context=requeueable deps ti=<TaskInstance: motower_daily_prod.checkataa scheduled__2024-02-02T06:00:00+00:00 [queued]>
[2024-08-06T17:00:21.586+0000] {taskinstance.py:2306} INFO - Starting attempt 1 of 1
[2024-08-06T17:00:21.686+0000] {taskinstance.py:2330} INFO - Executing <Task(PythonSensor): checkataa> on 2024-02-02 06:00:00+00:00
[2024-08-06T17:00:21.709+0000] {warnings.py:112} WARNING - /home/***/.local/lib/python3.12/site-packages/***/task/task_runner/standard_task_runner.py:62: DeprecationWarning: This process (pid=1900) is multi-threaded, use of fork() may lead to deadlocks in the child.
  pid = os.fork()

[2024-08-06T17:00:21.711+0000] {standard_task_runner.py:64} INFO - Started process 1917 to run task
[2024-08-06T17:00:21.723+0000] {standard_task_runner.py:90} INFO - Running: ['***', 'tasks', 'run', 'motower_daily_prod', 'checkataa', 'scheduled__2024-02-02T06:00:00+00:00', '--job-id', '323', '--raw', '--subdir', 'DAGS_FOLDER/gps/custom_dags/motower_daily.py', '--cfg-path', '/tmp/tmpz0n1y874']
[2024-08-06T17:00:21.728+0000] {standard_task_runner.py:91} INFO - Job 323: Subtask checkataa
[2024-08-06T17:00:21.875+0000] {task_command.py:426} INFO - Running <TaskInstance: motower_daily_prod.checkataa scheduled__2024-02-02T06:00:00+00:00 [running]> on host 13681191f11c
[2024-08-06T17:00:22.199+0000] {taskinstance.py:2648} INFO - Exporting env vars: AIRFLOW_CTX_DAG_EMAIL='richmond.kongo@orange.com,assane.diop@orange.com,cyrille1.danho@orange.com,mohamed2.sylla@orange.com,amadou.diomande@orange.com,Jonas.kouame@orange.com,armand.kablan@orange.com,anicet.azombade@orange.com,etienne.kouadio@orange.com,bertine.kouakou@orange.com,florentine.kouakou@orange.com,ange.phaceli@orange.com,soulegame.soro@orange.com,innocent.yengo@orange.com' AIRFLOW_CTX_DAG_OWNER='***' AIRFLOW_CTX_DAG_ID='motower_daily_prod' AIRFLOW_CTX_TASK_ID='checkataa' AIRFLOW_CTX_EXECUTION_DATE='2024-02-02T06:00:00+00:00' AIRFLOW_CTX_TRY_NUMBER='1' AIRFLOW_CTX_DAG_RUN_ID='scheduled__2024-02-02T06:00:00+00:00'
[2024-08-06T17:00:22.202+0000] {taskinstance.py:430} INFO - ::endgroup::
[2024-08-06T17:00:22.249+0000] {python.py:75} INFO - Poking callable: <function check_data_in_table at 0x701c27143ce0>
[2024-08-06T17:00:22.256+0000] {extract.py:126} INFO - Getting data of the table dtm_motower_gsm 
[2024-08-06T17:00:22.257+0000] {extract.py:127} INFO - where date is 2024-02-01
[2024-08-06T17:00:22.259+0000] {extract.py:102} INFO - get data to date 20240201
[2024-08-06T17:00:22.270+0000] {warnings.py:112} WARNING - /opt/***/dags/gps/common/extract.py:103: UserWarning: pandas only supports SQLAlchemy connectable (engine/connection) or database string URI or sqlite3 DBAPI2 connection. Other DBAPI2 objects are not tested. Please consider using SQLAlchemy.
  df_ = pd.read_sql_query(sql_query, conn, params=params)

[2024-08-06T17:00:22.431+0000] {base.py:294} INFO - Success criteria met. Exiting.
[2024-08-06T17:00:22.432+0000] {taskinstance.py:441} INFO - ::group::Post task execution logs
[2024-08-06T17:00:22.477+0000] {taskinstance.py:1206} INFO - Marking task as SUCCESS. dag_id=motower_daily_prod, task_id=checkataa, run_id=scheduled__2024-02-02T06:00:00+00:00, execution_date=20240202T060000, start_date=20240806T170021, end_date=20240806T170022
[2024-08-06T17:00:22.531+0000] {local_task_job_runner.py:243} INFO - Task exited with return code 0
[2024-08-06T17:00:22.774+0000] {taskinstance.py:3503} INFO - 0 downstream tasks scheduled from follow-on schedule check
[2024-08-06T17:00:22.784+0000] {local_task_job_runner.py:222} INFO - ::endgroup::
[2024-08-06T17:30:36.219+0000] {local_task_job_runner.py:120} INFO - ::group::Pre task execution logs
[2024-08-06T17:30:36.706+0000] {taskinstance.py:2076} INFO - Dependencies all met for dep_context=non-requeueable deps ti=<TaskInstance: motower_daily_prod.checkataa scheduled__2024-02-02T06:00:00+00:00 [queued]>
[2024-08-06T17:30:36.815+0000] {taskinstance.py:2076} INFO - Dependencies all met for dep_context=requeueable deps ti=<TaskInstance: motower_daily_prod.checkataa scheduled__2024-02-02T06:00:00+00:00 [queued]>
[2024-08-06T17:30:36.816+0000] {taskinstance.py:2306} INFO - Starting attempt 1 of 1
[2024-08-06T17:30:36.859+0000] {taskinstance.py:2330} INFO - Executing <Task(PythonSensor): checkataa> on 2024-02-02 06:00:00+00:00
[2024-08-06T17:30:36.884+0000] {warnings.py:112} WARNING - /home/***/.local/lib/python3.12/site-packages/***/task/task_runner/standard_task_runner.py:62: DeprecationWarning: This process (pid=6025) is multi-threaded, use of fork() may lead to deadlocks in the child.
  pid = os.fork()

[2024-08-06T17:30:36.887+0000] {standard_task_runner.py:64} INFO - Started process 6039 to run task
[2024-08-06T17:30:36.891+0000] {standard_task_runner.py:90} INFO - Running: ['***', 'tasks', 'run', 'motower_daily_prod', 'checkataa', 'scheduled__2024-02-02T06:00:00+00:00', '--job-id', '1580', '--raw', '--subdir', 'DAGS_FOLDER/gps/custom_dags/motower_daily.py', '--cfg-path', '/tmp/tmpltkswkrq']
[2024-08-06T17:30:36.896+0000] {standard_task_runner.py:91} INFO - Job 1580: Subtask checkataa
[2024-08-06T17:30:37.096+0000] {task_command.py:426} INFO - Running <TaskInstance: motower_daily_prod.checkataa scheduled__2024-02-02T06:00:00+00:00 [running]> on host 13681191f11c
[2024-08-06T17:30:37.341+0000] {taskinstance.py:2648} INFO - Exporting env vars: AIRFLOW_CTX_DAG_EMAIL='richmond.kongo@orange.com,assane.diop@orange.com,cyrille1.danho@orange.com,mohamed2.sylla@orange.com,amadou.diomande@orange.com,Jonas.kouame@orange.com,armand.kablan@orange.com,anicet.azombade@orange.com,etienne.kouadio@orange.com,bertine.kouakou@orange.com,florentine.kouakou@orange.com,ange.phaceli@orange.com,soulegame.soro@orange.com,innocent.yengo@orange.com' AIRFLOW_CTX_DAG_OWNER='***' AIRFLOW_CTX_DAG_ID='motower_daily_prod' AIRFLOW_CTX_TASK_ID='checkataa' AIRFLOW_CTX_EXECUTION_DATE='2024-02-02T06:00:00+00:00' AIRFLOW_CTX_TRY_NUMBER='1' AIRFLOW_CTX_DAG_RUN_ID='scheduled__2024-02-02T06:00:00+00:00'
[2024-08-06T17:30:37.343+0000] {taskinstance.py:430} INFO - ::endgroup::
[2024-08-06T17:30:37.380+0000] {python.py:75} INFO - Poking callable: <function check_data_in_table at 0x701c426af060>
[2024-08-06T17:30:37.388+0000] {extract.py:126} INFO - Getting data of the table dtm_motower_gsm 
[2024-08-06T17:30:37.389+0000] {extract.py:127} INFO - where date is 2024-02-01
[2024-08-06T17:30:37.389+0000] {extract.py:102} INFO - get data to date 20240201
[2024-08-06T17:30:37.401+0000] {warnings.py:112} WARNING - /opt/***/dags/gps/common/extract.py:103: UserWarning: pandas only supports SQLAlchemy connectable (engine/connection) or database string URI or sqlite3 DBAPI2 connection. Other DBAPI2 objects are not tested. Please consider using SQLAlchemy.
  df_ = pd.read_sql_query(sql_query, conn, params=params)

[2024-08-06T17:30:37.571+0000] {base.py:294} INFO - Success criteria met. Exiting.
[2024-08-06T17:30:37.571+0000] {taskinstance.py:441} INFO - ::group::Post task execution logs
[2024-08-06T17:30:37.596+0000] {taskinstance.py:1206} INFO - Marking task as SUCCESS. dag_id=motower_daily_prod, task_id=checkataa, run_id=scheduled__2024-02-02T06:00:00+00:00, execution_date=20240202T060000, start_date=20240806T173036, end_date=20240806T173037
[2024-08-06T17:30:37.660+0000] {local_task_job_runner.py:243} INFO - Task exited with return code 0
[2024-08-06T17:30:37.813+0000] {taskinstance.py:3503} INFO - 0 downstream tasks scheduled from follow-on schedule check
[2024-08-06T17:30:37.838+0000] {local_task_job_runner.py:222} INFO - ::endgroup::
[2024-08-06T18:18:38.815+0000] {local_task_job_runner.py:120} INFO - ::group::Pre task execution logs
[2024-08-06T18:18:38.872+0000] {taskinstance.py:2076} INFO - Dependencies all met for dep_context=non-requeueable deps ti=<TaskInstance: motower_daily_prod.checkataa scheduled__2024-02-02T06:00:00+00:00 [queued]>
[2024-08-06T18:18:38.894+0000] {taskinstance.py:2076} INFO - Dependencies all met for dep_context=requeueable deps ti=<TaskInstance: motower_daily_prod.checkataa scheduled__2024-02-02T06:00:00+00:00 [queued]>
[2024-08-06T18:18:38.895+0000] {taskinstance.py:2306} INFO - Starting attempt 1 of 1
[2024-08-06T18:18:38.917+0000] {taskinstance.py:2330} INFO - Executing <Task(PythonSensor): checkataa> on 2024-02-02 06:00:00+00:00
[2024-08-06T18:18:38.929+0000] {warnings.py:112} WARNING - /home/***/.local/lib/python3.12/site-packages/***/task/task_runner/standard_task_runner.py:62: DeprecationWarning: This process (pid=9932) is multi-threaded, use of fork() may lead to deadlocks in the child.
  pid = os.fork()

[2024-08-06T18:18:38.931+0000] {standard_task_runner.py:64} INFO - Started process 9941 to run task
[2024-08-06T18:18:38.932+0000] {standard_task_runner.py:90} INFO - Running: ['***', 'tasks', 'run', 'motower_daily_prod', 'checkataa', 'scheduled__2024-02-02T06:00:00+00:00', '--job-id', '2690', '--raw', '--subdir', 'DAGS_FOLDER/gps/custom_dags/motower_daily.py', '--cfg-path', '/tmp/tmp50t4bre5']
[2024-08-06T18:18:38.934+0000] {standard_task_runner.py:91} INFO - Job 2690: Subtask checkataa
[2024-08-06T18:18:39.001+0000] {task_command.py:426} INFO - Running <TaskInstance: motower_daily_prod.checkataa scheduled__2024-02-02T06:00:00+00:00 [running]> on host 13681191f11c
[2024-08-06T18:18:39.148+0000] {taskinstance.py:2648} INFO - Exporting env vars: AIRFLOW_CTX_DAG_EMAIL='richmond.kongo@orange.com,assane.diop@orange.com,cyrille1.danho@orange.com,mohamed2.sylla@orange.com,amadou.diomande@orange.com,Jonas.kouame@orange.com,armand.kablan@orange.com,anicet.azombade@orange.com,etienne.kouadio@orange.com,bertine.kouakou@orange.com,florentine.kouakou@orange.com,ange.phaceli@orange.com,soulegame.soro@orange.com,innocent.yengo@orange.com' AIRFLOW_CTX_DAG_OWNER='***' AIRFLOW_CTX_DAG_ID='motower_daily_prod' AIRFLOW_CTX_TASK_ID='checkataa' AIRFLOW_CTX_EXECUTION_DATE='2024-02-02T06:00:00+00:00' AIRFLOW_CTX_TRY_NUMBER='1' AIRFLOW_CTX_DAG_RUN_ID='scheduled__2024-02-02T06:00:00+00:00'
[2024-08-06T18:18:39.150+0000] {taskinstance.py:430} INFO - ::endgroup::
[2024-08-06T18:18:39.172+0000] {python.py:75} INFO - Poking callable: <function check_data_in_table at 0x701c429a3060>
[2024-08-06T18:18:39.178+0000] {extract.py:126} INFO - Getting data of the table dtm_motower_gsm 
[2024-08-06T18:18:39.179+0000] {extract.py:127} INFO - where date is 2024-02-01
[2024-08-06T18:18:39.180+0000] {extract.py:102} INFO - get data to date 20240201
[2024-08-06T18:18:39.189+0000] {warnings.py:112} WARNING - /opt/***/dags/gps/common/extract.py:103: UserWarning: pandas only supports SQLAlchemy connectable (engine/connection) or database string URI or sqlite3 DBAPI2 connection. Other DBAPI2 objects are not tested. Please consider using SQLAlchemy.
  df_ = pd.read_sql_query(sql_query, conn, params=params)

[2024-08-06T18:18:39.297+0000] {base.py:294} INFO - Success criteria met. Exiting.
[2024-08-06T18:18:39.297+0000] {taskinstance.py:441} INFO - ::group::Post task execution logs
[2024-08-06T18:18:39.313+0000] {taskinstance.py:1206} INFO - Marking task as SUCCESS. dag_id=motower_daily_prod, task_id=checkataa, run_id=scheduled__2024-02-02T06:00:00+00:00, execution_date=20240202T060000, start_date=20240806T181838, end_date=20240806T181839
[2024-08-06T18:18:39.346+0000] {local_task_job_runner.py:243} INFO - Task exited with return code 0
[2024-08-06T18:18:39.425+0000] {taskinstance.py:3503} INFO - 1 downstream tasks scheduled from follow-on schedule check
[2024-08-06T18:18:39.440+0000] {local_task_job_runner.py:222} INFO - ::endgroup::
