[2024-08-06T17:05:06.598+0000] {local_task_job_runner.py:120} INFO - ::group::Pre task execution logs
[2024-08-06T17:05:06.758+0000] {taskinstance.py:2076} INFO - Dependencies all met for dep_context=non-requeueable deps ti=<TaskInstance: motower_daily_prod.extract_trafic scheduled__2024-03-06T06:00:00+00:00 [queued]>
[2024-08-06T17:05:06.834+0000] {taskinstance.py:2076} INFO - Dependencies all met for dep_context=requeueable deps ti=<TaskInstance: motower_daily_prod.extract_trafic scheduled__2024-03-06T06:00:00+00:00 [queued]>
[2024-08-06T17:05:06.835+0000] {taskinstance.py:2306} INFO - Starting attempt 1 of 1
[2024-08-06T17:05:07.674+0000] {taskinstance.py:2330} INFO - Executing <Task(PythonOperator): extract_trafic> on 2024-03-06 06:00:00+00:00
[2024-08-06T17:05:07.700+0000] {warnings.py:112} WARNING - /home/***/.local/lib/python3.12/site-packages/***/task/task_runner/standard_task_runner.py:62: DeprecationWarning: This process (pid=2866) is multi-threaded, use of fork() may lead to deadlocks in the child.
  pid = os.fork()

[2024-08-06T17:05:07.708+0000] {standard_task_runner.py:64} INFO - Started process 2886 to run task
[2024-08-06T17:05:07.711+0000] {standard_task_runner.py:90} INFO - Running: ['***', 'tasks', 'run', 'motower_daily_prod', 'extract_trafic', 'scheduled__2024-03-06T06:00:00+00:00', '--job-id', '632', '--raw', '--subdir', 'DAGS_FOLDER/gps/custom_dags/motower_daily.py', '--cfg-path', '/tmp/tmpdr5vv5pr']
[2024-08-06T17:05:07.720+0000] {standard_task_runner.py:91} INFO - Job 632: Subtask extract_trafic
[2024-08-06T17:05:07.927+0000] {task_command.py:426} INFO - Running <TaskInstance: motower_daily_prod.extract_trafic scheduled__2024-03-06T06:00:00+00:00 [running]> on host 13681191f11c
[2024-08-06T17:05:08.353+0000] {taskinstance.py:2648} INFO - Exporting env vars: AIRFLOW_CTX_DAG_EMAIL='richmond.kongo@orange.com,assane.diop@orange.com,cyrille1.danho@orange.com,mohamed2.sylla@orange.com,amadou.diomande@orange.com,Jonas.kouame@orange.com,armand.kablan@orange.com,anicet.azombade@orange.com,etienne.kouadio@orange.com,bertine.kouakou@orange.com,florentine.kouakou@orange.com,ange.phaceli@orange.com,soulegame.soro@orange.com,innocent.yengo@orange.com' AIRFLOW_CTX_DAG_OWNER='***' AIRFLOW_CTX_DAG_ID='motower_daily_prod' AIRFLOW_CTX_TASK_ID='extract_trafic' AIRFLOW_CTX_EXECUTION_DATE='2024-03-06T06:00:00+00:00' AIRFLOW_CTX_TRY_NUMBER='1' AIRFLOW_CTX_DAG_RUN_ID='scheduled__2024-03-06T06:00:00+00:00'
[2024-08-06T17:05:08.360+0000] {taskinstance.py:430} INFO - ::endgroup::
[2024-08-06T17:05:08.408+0000] {extract.py:126} INFO - Getting data of the table ks_daily_tdb_radio_drsi 
[2024-08-06T17:05:08.409+0000] {extract.py:127} INFO - where date is 2024-03-05
[2024-08-06T17:05:08.415+0000] {extract.py:102} INFO - get data to date 2024-03-05
[2024-08-06T17:05:08.432+0000] {warnings.py:112} WARNING - /opt/***/dags/gps/common/extract.py:103: UserWarning: pandas only supports SQLAlchemy connectable (engine/connection) or database string URI or sqlite3 DBAPI2 connection. Other DBAPI2 objects are not tested. Please consider using SQLAlchemy.
  df_ = pd.read_sql_query(sql_query, conn, params=params)

[2024-08-06T17:05:08.817+0000] {rwminio.py:19} INFO - start to save data
[2024-08-06T17:05:09.279+0000] {rwminio.py:34} INFO - data in minio ok
[2024-08-06T17:05:09.287+0000] {python.py:237} INFO - Done. Returned value was: None
[2024-08-06T17:05:09.288+0000] {taskinstance.py:441} INFO - ::group::Post task execution logs
[2024-08-06T17:05:09.327+0000] {taskinstance.py:1206} INFO - Marking task as SUCCESS. dag_id=motower_daily_prod, task_id=extract_trafic, run_id=scheduled__2024-03-06T06:00:00+00:00, execution_date=20240306T060000, start_date=20240806T170506, end_date=20240806T170509
[2024-08-06T17:05:09.739+0000] {local_task_job_runner.py:243} INFO - Task exited with return code 0
[2024-08-06T17:05:09.780+0000] {local_task_job_runner.py:222} INFO - ::endgroup::
[2024-08-06T17:35:06.161+0000] {local_task_job_runner.py:120} INFO - ::group::Pre task execution logs
[2024-08-06T17:35:06.227+0000] {taskinstance.py:2076} INFO - Dependencies all met for dep_context=non-requeueable deps ti=<TaskInstance: motower_daily_prod.extract_trafic scheduled__2024-03-06T06:00:00+00:00 [queued]>
[2024-08-06T17:35:06.253+0000] {taskinstance.py:2076} INFO - Dependencies all met for dep_context=requeueable deps ti=<TaskInstance: motower_daily_prod.extract_trafic scheduled__2024-03-06T06:00:00+00:00 [queued]>
[2024-08-06T17:35:06.255+0000] {taskinstance.py:2306} INFO - Starting attempt 1 of 1
[2024-08-06T17:35:06.277+0000] {taskinstance.py:2330} INFO - Executing <Task(PythonOperator): extract_trafic> on 2024-03-06 06:00:00+00:00
[2024-08-06T17:35:06.290+0000] {warnings.py:112} WARNING - /home/***/.local/lib/python3.12/site-packages/***/task/task_runner/standard_task_runner.py:62: DeprecationWarning: This process (pid=6986) is multi-threaded, use of fork() may lead to deadlocks in the child.
  pid = os.fork()

[2024-08-06T17:35:06.292+0000] {standard_task_runner.py:64} INFO - Started process 6996 to run task
[2024-08-06T17:35:06.293+0000] {standard_task_runner.py:90} INFO - Running: ['***', 'tasks', 'run', 'motower_daily_prod', 'extract_trafic', 'scheduled__2024-03-06T06:00:00+00:00', '--job-id', '1885', '--raw', '--subdir', 'DAGS_FOLDER/gps/custom_dags/motower_daily.py', '--cfg-path', '/tmp/tmpcor6l3eo']
[2024-08-06T17:35:06.297+0000] {standard_task_runner.py:91} INFO - Job 1885: Subtask extract_trafic
[2024-08-06T17:35:06.369+0000] {task_command.py:426} INFO - Running <TaskInstance: motower_daily_prod.extract_trafic scheduled__2024-03-06T06:00:00+00:00 [running]> on host 13681191f11c
[2024-08-06T17:35:06.539+0000] {taskinstance.py:2648} INFO - Exporting env vars: AIRFLOW_CTX_DAG_EMAIL='richmond.kongo@orange.com,assane.diop@orange.com,cyrille1.danho@orange.com,mohamed2.sylla@orange.com,amadou.diomande@orange.com,Jonas.kouame@orange.com,armand.kablan@orange.com,anicet.azombade@orange.com,etienne.kouadio@orange.com,bertine.kouakou@orange.com,florentine.kouakou@orange.com,ange.phaceli@orange.com,soulegame.soro@orange.com,innocent.yengo@orange.com' AIRFLOW_CTX_DAG_OWNER='***' AIRFLOW_CTX_DAG_ID='motower_daily_prod' AIRFLOW_CTX_TASK_ID='extract_trafic' AIRFLOW_CTX_EXECUTION_DATE='2024-03-06T06:00:00+00:00' AIRFLOW_CTX_TRY_NUMBER='1' AIRFLOW_CTX_DAG_RUN_ID='scheduled__2024-03-06T06:00:00+00:00'
[2024-08-06T17:35:06.541+0000] {taskinstance.py:430} INFO - ::endgroup::
[2024-08-06T17:35:06.578+0000] {extract.py:126} INFO - Getting data of the table ks_daily_tdb_radio_drsi 
[2024-08-06T17:35:06.578+0000] {extract.py:127} INFO - where date is 2024-03-05
[2024-08-06T17:35:06.579+0000] {extract.py:102} INFO - get data to date 2024-03-05
[2024-08-06T17:35:06.592+0000] {warnings.py:112} WARNING - /opt/***/dags/gps/common/extract.py:103: UserWarning: pandas only supports SQLAlchemy connectable (engine/connection) or database string URI or sqlite3 DBAPI2 connection. Other DBAPI2 objects are not tested. Please consider using SQLAlchemy.
  df_ = pd.read_sql_query(sql_query, conn, params=params)

[2024-08-06T17:35:06.918+0000] {rwminio.py:19} INFO - start to save data
[2024-08-06T17:35:07.098+0000] {rwminio.py:34} INFO - data in minio ok
[2024-08-06T17:35:07.103+0000] {python.py:237} INFO - Done. Returned value was: None
[2024-08-06T17:35:07.104+0000] {taskinstance.py:441} INFO - ::group::Post task execution logs
[2024-08-06T17:35:07.118+0000] {taskinstance.py:1206} INFO - Marking task as SUCCESS. dag_id=motower_daily_prod, task_id=extract_trafic, run_id=scheduled__2024-03-06T06:00:00+00:00, execution_date=20240306T060000, start_date=20240806T173506, end_date=20240806T173507
[2024-08-06T17:35:07.156+0000] {local_task_job_runner.py:243} INFO - Task exited with return code 0
[2024-08-06T17:35:07.172+0000] {local_task_job_runner.py:222} INFO - ::endgroup::
[2024-08-06T18:23:05.219+0000] {local_task_job_runner.py:120} INFO - ::group::Pre task execution logs
[2024-08-06T18:23:05.382+0000] {taskinstance.py:2076} INFO - Dependencies all met for dep_context=non-requeueable deps ti=<TaskInstance: motower_daily_prod.extract_trafic scheduled__2024-03-06T06:00:00+00:00 [queued]>
[2024-08-06T18:23:05.416+0000] {taskinstance.py:2076} INFO - Dependencies all met for dep_context=requeueable deps ti=<TaskInstance: motower_daily_prod.extract_trafic scheduled__2024-03-06T06:00:00+00:00 [queued]>
[2024-08-06T18:23:05.418+0000] {taskinstance.py:2306} INFO - Starting attempt 1 of 1
[2024-08-06T18:23:05.451+0000] {taskinstance.py:2330} INFO - Executing <Task(PythonOperator): extract_trafic> on 2024-03-06 06:00:00+00:00
[2024-08-06T18:23:05.471+0000] {warnings.py:112} WARNING - /home/***/.local/lib/python3.12/site-packages/***/task/task_runner/standard_task_runner.py:62: DeprecationWarning: This process (pid=10887) is multi-threaded, use of fork() may lead to deadlocks in the child.
  pid = os.fork()

[2024-08-06T18:23:05.474+0000] {standard_task_runner.py:64} INFO - Started process 10900 to run task
[2024-08-06T18:23:05.481+0000] {standard_task_runner.py:90} INFO - Running: ['***', 'tasks', 'run', 'motower_daily_prod', 'extract_trafic', 'scheduled__2024-03-06T06:00:00+00:00', '--job-id', '2992', '--raw', '--subdir', 'DAGS_FOLDER/gps/custom_dags/motower_daily.py', '--cfg-path', '/tmp/tmptwijel4j']
[2024-08-06T18:23:05.485+0000] {standard_task_runner.py:91} INFO - Job 2992: Subtask extract_trafic
[2024-08-06T18:23:05.715+0000] {task_command.py:426} INFO - Running <TaskInstance: motower_daily_prod.extract_trafic scheduled__2024-03-06T06:00:00+00:00 [running]> on host 13681191f11c
[2024-08-06T18:23:06.011+0000] {taskinstance.py:2648} INFO - Exporting env vars: AIRFLOW_CTX_DAG_EMAIL='richmond.kongo@orange.com,assane.diop@orange.com,cyrille1.danho@orange.com,mohamed2.sylla@orange.com,amadou.diomande@orange.com,Jonas.kouame@orange.com,armand.kablan@orange.com,anicet.azombade@orange.com,etienne.kouadio@orange.com,bertine.kouakou@orange.com,florentine.kouakou@orange.com,ange.phaceli@orange.com,soulegame.soro@orange.com,innocent.yengo@orange.com' AIRFLOW_CTX_DAG_OWNER='***' AIRFLOW_CTX_DAG_ID='motower_daily_prod' AIRFLOW_CTX_TASK_ID='extract_trafic' AIRFLOW_CTX_EXECUTION_DATE='2024-03-06T06:00:00+00:00' AIRFLOW_CTX_TRY_NUMBER='1' AIRFLOW_CTX_DAG_RUN_ID='scheduled__2024-03-06T06:00:00+00:00'
[2024-08-06T18:23:06.013+0000] {taskinstance.py:430} INFO - ::endgroup::
[2024-08-06T18:23:06.105+0000] {extract.py:126} INFO - Getting data of the table ks_daily_tdb_radio_drsi 
[2024-08-06T18:23:06.106+0000] {extract.py:127} INFO - where date is 2024-03-05
[2024-08-06T18:23:06.107+0000] {extract.py:102} INFO - get data to date 2024-03-05
[2024-08-06T18:23:06.141+0000] {warnings.py:112} WARNING - /opt/***/dags/gps/common/extract.py:103: UserWarning: pandas only supports SQLAlchemy connectable (engine/connection) or database string URI or sqlite3 DBAPI2 connection. Other DBAPI2 objects are not tested. Please consider using SQLAlchemy.
  df_ = pd.read_sql_query(sql_query, conn, params=params)

[2024-08-06T18:23:06.669+0000] {rwminio.py:19} INFO - start to save data
[2024-08-06T18:23:06.976+0000] {rwminio.py:34} INFO - data in minio ok
[2024-08-06T18:23:06.984+0000] {python.py:237} INFO - Done. Returned value was: None
[2024-08-06T18:23:06.985+0000] {taskinstance.py:441} INFO - ::group::Post task execution logs
[2024-08-06T18:23:07.014+0000] {taskinstance.py:1206} INFO - Marking task as SUCCESS. dag_id=motower_daily_prod, task_id=extract_trafic, run_id=scheduled__2024-03-06T06:00:00+00:00, execution_date=20240306T060000, start_date=20240806T182305, end_date=20240806T182307
[2024-08-06T18:23:07.087+0000] {local_task_job_runner.py:243} INFO - Task exited with return code 0
[2024-08-06T18:23:07.118+0000] {local_task_job_runner.py:222} INFO - ::endgroup::
