[2024-07-25T08:33:14.992+0000] {local_task_job_runner.py:120} INFO - ::group::Pre task execution logs
[2024-07-25T08:33:15.024+0000] {taskinstance.py:2076} INFO - Dependencies all met for dep_context=non-requeueable deps ti=<TaskInstance: motower_daily_prod.checkataa scheduled__2024-06-19T06:00:00+00:00 [queued]>
[2024-07-25T08:33:15.035+0000] {taskinstance.py:2076} INFO - Dependencies all met for dep_context=requeueable deps ti=<TaskInstance: motower_daily_prod.checkataa scheduled__2024-06-19T06:00:00+00:00 [queued]>
[2024-07-25T08:33:15.036+0000] {taskinstance.py:2306} INFO - Starting attempt 1 of 1
[2024-07-25T08:33:15.050+0000] {taskinstance.py:2330} INFO - Executing <Task(PythonSensor): checkataa> on 2024-06-19 06:00:00+00:00
[2024-07-25T08:33:15.061+0000] {warnings.py:112} WARNING - /home/***/.local/lib/python3.12/site-packages/***/task/task_runner/standard_task_runner.py:62: DeprecationWarning: This process (pid=2342) is multi-threaded, use of fork() may lead to deadlocks in the child.
  pid = os.fork()

[2024-07-25T08:33:15.062+0000] {standard_task_runner.py:64} INFO - Started process 2358 to run task
[2024-07-25T08:33:15.063+0000] {standard_task_runner.py:90} INFO - Running: ['***', 'tasks', 'run', 'motower_daily_prod', 'checkataa', 'scheduled__2024-06-19T06:00:00+00:00', '--job-id', '815', '--raw', '--subdir', 'DAGS_FOLDER/gps/custom_dags/motower_daily.py', '--cfg-path', '/tmp/tmpq6r5k1ag']
[2024-07-25T08:33:15.066+0000] {standard_task_runner.py:91} INFO - Job 815: Subtask checkataa
[2024-07-25T08:33:15.121+0000] {task_command.py:426} INFO - Running <TaskInstance: motower_daily_prod.checkataa scheduled__2024-06-19T06:00:00+00:00 [running]> on host b3845fb494d4
[2024-07-25T08:33:15.232+0000] {taskinstance.py:2648} INFO - Exporting env vars: AIRFLOW_CTX_DAG_EMAIL='richmond.kongo@orange.com,assane.diop@orange.com,cyrille1.danho@orange.com,mohamed2.sylla@orange.com,amadou.diomande@orange.com,Jonas.kouame@orange.com,armand.kablan@orange.com,anicet.azombade@orange.com,etienne.kouadio@orange.com,bertine.kouakou@orange.com,florentine.kouakou@orange.com,ange.phaceli@orange.com,soulegame.soro@orange.com,innocent.yengo@orange.com' AIRFLOW_CTX_DAG_OWNER='***' AIRFLOW_CTX_DAG_ID='motower_daily_prod' AIRFLOW_CTX_TASK_ID='checkataa' AIRFLOW_CTX_EXECUTION_DATE='2024-06-19T06:00:00+00:00' AIRFLOW_CTX_TRY_NUMBER='1' AIRFLOW_CTX_DAG_RUN_ID='scheduled__2024-06-19T06:00:00+00:00'
[2024-07-25T08:33:15.234+0000] {taskinstance.py:430} INFO - ::endgroup::
[2024-07-25T08:33:15.246+0000] {python.py:75} INFO - Poking callable: <function check_data_in_table at 0x73206e9e11c0>
[2024-07-25T08:33:15.251+0000] {extract.py:126} INFO - Getting data of the table dtm_motower_gsm 
[2024-07-25T08:33:15.251+0000] {extract.py:127} INFO - where date is 2024-06-18
[2024-07-25T08:33:15.251+0000] {extract.py:102} INFO - get data to date 20240618
[2024-07-25T08:33:15.257+0000] {warnings.py:112} WARNING - /opt/***/dags/gps/common/extract.py:103: UserWarning: pandas only supports SQLAlchemy connectable (engine/connection) or database string URI or sqlite3 DBAPI2 connection. Other DBAPI2 objects are not tested. Please consider using SQLAlchemy.
  df_ = pd.read_sql_query(sql_query, conn, params=params)

[2024-07-25T08:33:15.308+0000] {base.py:294} INFO - Success criteria met. Exiting.
[2024-07-25T08:33:15.309+0000] {taskinstance.py:441} INFO - ::group::Post task execution logs
[2024-07-25T08:33:15.322+0000] {taskinstance.py:1206} INFO - Marking task as SUCCESS. dag_id=motower_daily_prod, task_id=checkataa, run_id=scheduled__2024-06-19T06:00:00+00:00, execution_date=20240619T060000, start_date=20240725T083315, end_date=20240725T083315
[2024-07-25T08:33:15.359+0000] {local_task_job_runner.py:243} INFO - Task exited with return code 0
[2024-07-25T08:33:15.409+0000] {taskinstance.py:3503} INFO - 0 downstream tasks scheduled from follow-on schedule check
[2024-07-25T08:33:15.414+0000] {local_task_job_runner.py:222} INFO - ::endgroup::
[2024-07-25T10:36:54.464+0000] {local_task_job_runner.py:120} INFO - ::group::Pre task execution logs
[2024-07-25T10:36:54.507+0000] {taskinstance.py:2076} INFO - Dependencies all met for dep_context=non-requeueable deps ti=<TaskInstance: motower_daily_prod.checkataa scheduled__2024-06-19T06:00:00+00:00 [queued]>
[2024-07-25T10:36:54.522+0000] {taskinstance.py:2076} INFO - Dependencies all met for dep_context=requeueable deps ti=<TaskInstance: motower_daily_prod.checkataa scheduled__2024-06-19T06:00:00+00:00 [queued]>
[2024-07-25T10:36:54.522+0000] {taskinstance.py:2306} INFO - Starting attempt 1 of 1
[2024-07-25T10:36:54.540+0000] {taskinstance.py:2330} INFO - Executing <Task(PythonSensor): checkataa> on 2024-06-19 06:00:00+00:00
[2024-07-25T10:36:54.561+0000] {warnings.py:112} WARNING - /home/***/.local/lib/python3.12/site-packages/***/task/task_runner/standard_task_runner.py:62: DeprecationWarning: This process (pid=5348) is multi-threaded, use of fork() may lead to deadlocks in the child.
  pid = os.fork()

[2024-07-25T10:36:54.563+0000] {standard_task_runner.py:64} INFO - Started process 5357 to run task
[2024-07-25T10:36:54.568+0000] {standard_task_runner.py:90} INFO - Running: ['***', 'tasks', 'run', 'motower_daily_prod', 'checkataa', 'scheduled__2024-06-19T06:00:00+00:00', '--job-id', '1279', '--raw', '--subdir', 'DAGS_FOLDER/gps/custom_dags/motower_daily.py', '--cfg-path', '/tmp/tmpcfsyn7ua']
[2024-07-25T10:36:54.573+0000] {standard_task_runner.py:91} INFO - Job 1279: Subtask checkataa
[2024-07-25T10:36:54.702+0000] {task_command.py:426} INFO - Running <TaskInstance: motower_daily_prod.checkataa scheduled__2024-06-19T06:00:00+00:00 [running]> on host b3845fb494d4
[2024-07-25T10:36:54.887+0000] {taskinstance.py:2648} INFO - Exporting env vars: AIRFLOW_CTX_DAG_EMAIL='richmond.kongo@orange.com,assane.diop@orange.com,cyrille1.danho@orange.com,mohamed2.sylla@orange.com,amadou.diomande@orange.com,Jonas.kouame@orange.com,armand.kablan@orange.com,anicet.azombade@orange.com,etienne.kouadio@orange.com,bertine.kouakou@orange.com,florentine.kouakou@orange.com,ange.phaceli@orange.com,soulegame.soro@orange.com,innocent.yengo@orange.com' AIRFLOW_CTX_DAG_OWNER='***' AIRFLOW_CTX_DAG_ID='motower_daily_prod' AIRFLOW_CTX_TASK_ID='checkataa' AIRFLOW_CTX_EXECUTION_DATE='2024-06-19T06:00:00+00:00' AIRFLOW_CTX_TRY_NUMBER='1' AIRFLOW_CTX_DAG_RUN_ID='scheduled__2024-06-19T06:00:00+00:00'
[2024-07-25T10:36:54.891+0000] {taskinstance.py:430} INFO - ::endgroup::
[2024-07-25T10:36:54.908+0000] {python.py:75} INFO - Poking callable: <function check_data_in_table at 0x73206e937880>
[2024-07-25T10:36:54.914+0000] {extract.py:126} INFO - Getting data of the table dtm_motower_gsm 
[2024-07-25T10:36:54.914+0000] {extract.py:127} INFO - where date is 2024-06-18
[2024-07-25T10:36:54.915+0000] {extract.py:102} INFO - get data to date 20240618
[2024-07-25T10:36:54.920+0000] {warnings.py:112} WARNING - /opt/***/dags/gps/common/extract.py:103: UserWarning: pandas only supports SQLAlchemy connectable (engine/connection) or database string URI or sqlite3 DBAPI2 connection. Other DBAPI2 objects are not tested. Please consider using SQLAlchemy.
  df_ = pd.read_sql_query(sql_query, conn, params=params)

[2024-07-25T10:36:54.973+0000] {base.py:294} INFO - Success criteria met. Exiting.
[2024-07-25T10:36:54.974+0000] {taskinstance.py:441} INFO - ::group::Post task execution logs
[2024-07-25T10:36:54.990+0000] {taskinstance.py:1206} INFO - Marking task as SUCCESS. dag_id=motower_daily_prod, task_id=checkataa, run_id=scheduled__2024-06-19T06:00:00+00:00, execution_date=20240619T060000, start_date=20240725T103654, end_date=20240725T103654
[2024-07-25T10:36:55.060+0000] {local_task_job_runner.py:243} INFO - Task exited with return code 0
[2024-07-25T10:36:55.129+0000] {taskinstance.py:3503} INFO - 0 downstream tasks scheduled from follow-on schedule check
[2024-07-25T10:36:55.147+0000] {local_task_job_runner.py:222} INFO - ::endgroup::
[2024-07-25T11:59:19.379+0000] {local_task_job_runner.py:120} INFO - ::group::Pre task execution logs
[2024-07-25T11:59:19.422+0000] {taskinstance.py:2076} INFO - Dependencies all met for dep_context=non-requeueable deps ti=<TaskInstance: motower_daily_prod.checkataa scheduled__2024-06-19T06:00:00+00:00 [queued]>
[2024-07-25T11:59:19.438+0000] {taskinstance.py:2076} INFO - Dependencies all met for dep_context=requeueable deps ti=<TaskInstance: motower_daily_prod.checkataa scheduled__2024-06-19T06:00:00+00:00 [queued]>
[2024-07-25T11:59:19.438+0000] {taskinstance.py:2306} INFO - Starting attempt 1 of 1
[2024-07-25T11:59:19.454+0000] {taskinstance.py:2330} INFO - Executing <Task(PythonSensor): checkataa> on 2024-06-19 06:00:00+00:00
[2024-07-25T11:59:19.467+0000] {warnings.py:112} WARNING - /home/***/.local/lib/python3.12/site-packages/***/task/task_runner/standard_task_runner.py:62: DeprecationWarning: This process (pid=7736) is multi-threaded, use of fork() may lead to deadlocks in the child.
  pid = os.fork()

[2024-07-25T11:59:19.472+0000] {standard_task_runner.py:64} INFO - Started process 7748 to run task
[2024-07-25T11:59:19.470+0000] {standard_task_runner.py:90} INFO - Running: ['***', 'tasks', 'run', 'motower_daily_prod', 'checkataa', 'scheduled__2024-06-19T06:00:00+00:00', '--job-id', '1719', '--raw', '--subdir', 'DAGS_FOLDER/gps/custom_dags/motower_daily.py', '--cfg-path', '/tmp/tmp2em_xqzc']
[2024-07-25T11:59:19.473+0000] {standard_task_runner.py:91} INFO - Job 1719: Subtask checkataa
[2024-07-25T11:59:19.537+0000] {task_command.py:426} INFO - Running <TaskInstance: motower_daily_prod.checkataa scheduled__2024-06-19T06:00:00+00:00 [running]> on host b3845fb494d4
[2024-07-25T11:59:19.709+0000] {taskinstance.py:2648} INFO - Exporting env vars: AIRFLOW_CTX_DAG_EMAIL='richmond.kongo@orange.com,assane.diop@orange.com,cyrille1.danho@orange.com,mohamed2.sylla@orange.com,amadou.diomande@orange.com,Jonas.kouame@orange.com,armand.kablan@orange.com,anicet.azombade@orange.com,etienne.kouadio@orange.com,bertine.kouakou@orange.com,florentine.kouakou@orange.com,ange.phaceli@orange.com,soulegame.soro@orange.com,innocent.yengo@orange.com' AIRFLOW_CTX_DAG_OWNER='***' AIRFLOW_CTX_DAG_ID='motower_daily_prod' AIRFLOW_CTX_TASK_ID='checkataa' AIRFLOW_CTX_EXECUTION_DATE='2024-06-19T06:00:00+00:00' AIRFLOW_CTX_TRY_NUMBER='1' AIRFLOW_CTX_DAG_RUN_ID='scheduled__2024-06-19T06:00:00+00:00'
[2024-07-25T11:59:19.710+0000] {taskinstance.py:430} INFO - ::endgroup::
[2024-07-25T11:59:19.728+0000] {python.py:75} INFO - Poking callable: <function check_data_in_table at 0x73206e8daac0>
[2024-07-25T11:59:19.734+0000] {extract.py:126} INFO - Getting data of the table dtm_motower_gsm 
[2024-07-25T11:59:19.735+0000] {extract.py:127} INFO - where date is 2024-06-18
[2024-07-25T11:59:19.735+0000] {extract.py:102} INFO - get data to date 20240618
[2024-07-25T11:59:19.741+0000] {warnings.py:112} WARNING - /opt/***/dags/gps/common/extract.py:103: UserWarning: pandas only supports SQLAlchemy connectable (engine/connection) or database string URI or sqlite3 DBAPI2 connection. Other DBAPI2 objects are not tested. Please consider using SQLAlchemy.
  df_ = pd.read_sql_query(sql_query, conn, params=params)

[2024-07-25T11:59:19.793+0000] {base.py:294} INFO - Success criteria met. Exiting.
[2024-07-25T11:59:19.793+0000] {taskinstance.py:441} INFO - ::group::Post task execution logs
[2024-07-25T11:59:19.814+0000] {taskinstance.py:1206} INFO - Marking task as SUCCESS. dag_id=motower_daily_prod, task_id=checkataa, run_id=scheduled__2024-06-19T06:00:00+00:00, execution_date=20240619T060000, start_date=20240725T115919, end_date=20240725T115919
[2024-07-25T11:59:20.187+0000] {local_task_job_runner.py:243} INFO - Task exited with return code 0
[2024-07-25T11:59:20.245+0000] {taskinstance.py:3503} INFO - 0 downstream tasks scheduled from follow-on schedule check
[2024-07-25T11:59:20.249+0000] {local_task_job_runner.py:222} INFO - ::endgroup::
[2024-07-25T12:13:22.905+0000] {local_task_job_runner.py:120} INFO - ::group::Pre task execution logs
[2024-07-25T12:13:22.932+0000] {taskinstance.py:2076} INFO - Dependencies all met for dep_context=non-requeueable deps ti=<TaskInstance: motower_daily_prod.checkataa scheduled__2024-06-19T06:00:00+00:00 [queued]>
[2024-07-25T12:13:22.943+0000] {taskinstance.py:2076} INFO - Dependencies all met for dep_context=requeueable deps ti=<TaskInstance: motower_daily_prod.checkataa scheduled__2024-06-19T06:00:00+00:00 [queued]>
[2024-07-25T12:13:22.943+0000] {taskinstance.py:2306} INFO - Starting attempt 1 of 1
[2024-07-25T12:13:22.957+0000] {taskinstance.py:2330} INFO - Executing <Task(PythonSensor): checkataa> on 2024-06-19 06:00:00+00:00
[2024-07-25T12:13:22.969+0000] {warnings.py:112} WARNING - /home/***/.local/lib/python3.12/site-packages/***/task/task_runner/standard_task_runner.py:62: DeprecationWarning: This process (pid=8404) is multi-threaded, use of fork() may lead to deadlocks in the child.
  pid = os.fork()

[2024-07-25T12:13:22.970+0000] {standard_task_runner.py:64} INFO - Started process 8410 to run task
[2024-07-25T12:13:22.971+0000] {standard_task_runner.py:90} INFO - Running: ['***', 'tasks', 'run', 'motower_daily_prod', 'checkataa', 'scheduled__2024-06-19T06:00:00+00:00', '--job-id', '1882', '--raw', '--subdir', 'DAGS_FOLDER/gps/custom_dags/motower_daily.py', '--cfg-path', '/tmp/tmpg9j7c1il']
[2024-07-25T12:13:22.972+0000] {standard_task_runner.py:91} INFO - Job 1882: Subtask checkataa
[2024-07-25T12:13:23.020+0000] {task_command.py:426} INFO - Running <TaskInstance: motower_daily_prod.checkataa scheduled__2024-06-19T06:00:00+00:00 [running]> on host b3845fb494d4
[2024-07-25T12:13:23.130+0000] {taskinstance.py:2648} INFO - Exporting env vars: AIRFLOW_CTX_DAG_EMAIL='richmond.kongo@orange.com,assane.diop@orange.com,cyrille1.danho@orange.com,mohamed2.sylla@orange.com,amadou.diomande@orange.com,Jonas.kouame@orange.com,armand.kablan@orange.com,anicet.azombade@orange.com,etienne.kouadio@orange.com,bertine.kouakou@orange.com,florentine.kouakou@orange.com,ange.phaceli@orange.com,soulegame.soro@orange.com,innocent.yengo@orange.com' AIRFLOW_CTX_DAG_OWNER='***' AIRFLOW_CTX_DAG_ID='motower_daily_prod' AIRFLOW_CTX_TASK_ID='checkataa' AIRFLOW_CTX_EXECUTION_DATE='2024-06-19T06:00:00+00:00' AIRFLOW_CTX_TRY_NUMBER='1' AIRFLOW_CTX_DAG_RUN_ID='scheduled__2024-06-19T06:00:00+00:00'
[2024-07-25T12:13:23.132+0000] {taskinstance.py:430} INFO - ::endgroup::
[2024-07-25T12:13:23.144+0000] {python.py:75} INFO - Poking callable: <function check_data_in_table at 0x73206e6f1a80>
[2024-07-25T12:13:23.148+0000] {extract.py:126} INFO - Getting data of the table dtm_motower_gsm 
[2024-07-25T12:13:23.148+0000] {extract.py:127} INFO - where date is 2024-06-18
[2024-07-25T12:13:23.149+0000] {extract.py:102} INFO - get data to date 20240618
[2024-07-25T12:13:23.153+0000] {warnings.py:112} WARNING - /opt/***/dags/gps/common/extract.py:103: UserWarning: pandas only supports SQLAlchemy connectable (engine/connection) or database string URI or sqlite3 DBAPI2 connection. Other DBAPI2 objects are not tested. Please consider using SQLAlchemy.
  df_ = pd.read_sql_query(sql_query, conn, params=params)

[2024-07-25T12:13:23.192+0000] {base.py:294} INFO - Success criteria met. Exiting.
[2024-07-25T12:13:23.193+0000] {taskinstance.py:441} INFO - ::group::Post task execution logs
[2024-07-25T12:13:23.204+0000] {taskinstance.py:1206} INFO - Marking task as SUCCESS. dag_id=motower_daily_prod, task_id=checkataa, run_id=scheduled__2024-06-19T06:00:00+00:00, execution_date=20240619T060000, start_date=20240725T121322, end_date=20240725T121323
[2024-07-25T12:13:23.230+0000] {local_task_job_runner.py:243} INFO - Task exited with return code 0
[2024-07-25T12:13:23.270+0000] {taskinstance.py:3503} INFO - 0 downstream tasks scheduled from follow-on schedule check
[2024-07-25T12:13:23.273+0000] {local_task_job_runner.py:222} INFO - ::endgroup::
[2024-07-25T12:24:16.809+0000] {local_task_job_runner.py:120} INFO - ::group::Pre task execution logs
[2024-07-25T12:24:16.839+0000] {taskinstance.py:2076} INFO - Dependencies all met for dep_context=non-requeueable deps ti=<TaskInstance: motower_daily_prod.checkataa scheduled__2024-06-19T06:00:00+00:00 [queued]>
[2024-07-25T12:24:16.848+0000] {taskinstance.py:2076} INFO - Dependencies all met for dep_context=requeueable deps ti=<TaskInstance: motower_daily_prod.checkataa scheduled__2024-06-19T06:00:00+00:00 [queued]>
[2024-07-25T12:24:16.849+0000] {taskinstance.py:2306} INFO - Starting attempt 1 of 1
[2024-07-25T12:24:16.863+0000] {taskinstance.py:2330} INFO - Executing <Task(PythonSensor): checkataa> on 2024-06-19 06:00:00+00:00
[2024-07-25T12:24:16.876+0000] {warnings.py:112} WARNING - /home/***/.local/lib/python3.12/site-packages/***/task/task_runner/standard_task_runner.py:62: DeprecationWarning: This process (pid=8961) is multi-threaded, use of fork() may lead to deadlocks in the child.
  pid = os.fork()

[2024-07-25T12:24:16.877+0000] {standard_task_runner.py:64} INFO - Started process 8969 to run task
[2024-07-25T12:24:16.878+0000] {standard_task_runner.py:90} INFO - Running: ['***', 'tasks', 'run', 'motower_daily_prod', 'checkataa', 'scheduled__2024-06-19T06:00:00+00:00', '--job-id', '2023', '--raw', '--subdir', 'DAGS_FOLDER/gps/custom_dags/motower_daily.py', '--cfg-path', '/tmp/tmpzwjpnff9']
[2024-07-25T12:24:16.880+0000] {standard_task_runner.py:91} INFO - Job 2023: Subtask checkataa
[2024-07-25T12:24:16.923+0000] {task_command.py:426} INFO - Running <TaskInstance: motower_daily_prod.checkataa scheduled__2024-06-19T06:00:00+00:00 [running]> on host b3845fb494d4
[2024-07-25T12:24:17.031+0000] {taskinstance.py:2648} INFO - Exporting env vars: AIRFLOW_CTX_DAG_EMAIL='richmond.kongo@orange.com,assane.diop@orange.com,cyrille1.danho@orange.com,mohamed2.sylla@orange.com,amadou.diomande@orange.com,Jonas.kouame@orange.com,armand.kablan@orange.com,anicet.azombade@orange.com,etienne.kouadio@orange.com,bertine.kouakou@orange.com,florentine.kouakou@orange.com,ange.phaceli@orange.com,soulegame.soro@orange.com,innocent.yengo@orange.com' AIRFLOW_CTX_DAG_OWNER='***' AIRFLOW_CTX_DAG_ID='motower_daily_prod' AIRFLOW_CTX_TASK_ID='checkataa' AIRFLOW_CTX_EXECUTION_DATE='2024-06-19T06:00:00+00:00' AIRFLOW_CTX_TRY_NUMBER='1' AIRFLOW_CTX_DAG_RUN_ID='scheduled__2024-06-19T06:00:00+00:00'
[2024-07-25T12:24:17.032+0000] {taskinstance.py:430} INFO - ::endgroup::
[2024-07-25T12:24:17.047+0000] {python.py:75} INFO - Poking callable: <function check_data_in_table at 0x73206e8dcc20>
[2024-07-25T12:24:17.051+0000] {extract.py:126} INFO - Getting data of the table dtm_motower_gsm 
[2024-07-25T12:24:17.052+0000] {extract.py:127} INFO - where date is 2024-06-18
[2024-07-25T12:24:17.052+0000] {extract.py:102} INFO - get data to date 20240618
[2024-07-25T12:24:17.057+0000] {warnings.py:112} WARNING - /opt/***/dags/gps/common/extract.py:103: UserWarning: pandas only supports SQLAlchemy connectable (engine/connection) or database string URI or sqlite3 DBAPI2 connection. Other DBAPI2 objects are not tested. Please consider using SQLAlchemy.
  df_ = pd.read_sql_query(sql_query, conn, params=params)

[2024-07-25T12:24:17.095+0000] {base.py:294} INFO - Success criteria met. Exiting.
[2024-07-25T12:24:17.095+0000] {taskinstance.py:441} INFO - ::group::Post task execution logs
[2024-07-25T12:24:17.105+0000] {taskinstance.py:1206} INFO - Marking task as SUCCESS. dag_id=motower_daily_prod, task_id=checkataa, run_id=scheduled__2024-06-19T06:00:00+00:00, execution_date=20240619T060000, start_date=20240725T122416, end_date=20240725T122417
[2024-07-25T12:24:17.171+0000] {local_task_job_runner.py:243} INFO - Task exited with return code 0
[2024-07-25T12:24:17.210+0000] {taskinstance.py:3503} INFO - 1 downstream tasks scheduled from follow-on schedule check
[2024-07-25T12:24:17.214+0000] {local_task_job_runner.py:222} INFO - ::endgroup::
[2024-07-25T12:44:26.100+0000] {local_task_job_runner.py:120} INFO - ::group::Pre task execution logs
[2024-07-25T12:44:26.152+0000] {taskinstance.py:2076} INFO - Dependencies all met for dep_context=non-requeueable deps ti=<TaskInstance: motower_daily_prod.checkataa scheduled__2024-06-19T06:00:00+00:00 [queued]>
[2024-07-25T12:44:26.174+0000] {taskinstance.py:2076} INFO - Dependencies all met for dep_context=requeueable deps ti=<TaskInstance: motower_daily_prod.checkataa scheduled__2024-06-19T06:00:00+00:00 [queued]>
[2024-07-25T12:44:26.174+0000] {taskinstance.py:2306} INFO - Starting attempt 1 of 1
[2024-07-25T12:44:26.589+0000] {taskinstance.py:2330} INFO - Executing <Task(PythonSensor): checkataa> on 2024-06-19 06:00:00+00:00
[2024-07-25T12:44:26.607+0000] {warnings.py:112} WARNING - /home/***/.local/lib/python3.12/site-packages/***/task/task_runner/standard_task_runner.py:62: DeprecationWarning: This process (pid=9692) is multi-threaded, use of fork() may lead to deadlocks in the child.
  pid = os.fork()

[2024-07-25T12:44:26.609+0000] {standard_task_runner.py:64} INFO - Started process 9712 to run task
[2024-07-25T12:44:26.610+0000] {standard_task_runner.py:90} INFO - Running: ['***', 'tasks', 'run', 'motower_daily_prod', 'checkataa', 'scheduled__2024-06-19T06:00:00+00:00', '--job-id', '2181', '--raw', '--subdir', 'DAGS_FOLDER/gps/custom_dags/motower_daily.py', '--cfg-path', '/tmp/tmpyz0y_vdm']
[2024-07-25T12:44:26.616+0000] {standard_task_runner.py:91} INFO - Job 2181: Subtask checkataa
[2024-07-25T12:44:26.704+0000] {task_command.py:426} INFO - Running <TaskInstance: motower_daily_prod.checkataa scheduled__2024-06-19T06:00:00+00:00 [running]> on host b3845fb494d4
[2024-07-25T12:44:26.830+0000] {taskinstance.py:2648} INFO - Exporting env vars: AIRFLOW_CTX_DAG_EMAIL='richmond.kongo@orange.com,assane.diop@orange.com,cyrille1.danho@orange.com,mohamed2.sylla@orange.com,amadou.diomande@orange.com,Jonas.kouame@orange.com,armand.kablan@orange.com,anicet.azombade@orange.com,etienne.kouadio@orange.com,bertine.kouakou@orange.com,florentine.kouakou@orange.com,ange.phaceli@orange.com,soulegame.soro@orange.com,innocent.yengo@orange.com' AIRFLOW_CTX_DAG_OWNER='***' AIRFLOW_CTX_DAG_ID='motower_daily_prod' AIRFLOW_CTX_TASK_ID='checkataa' AIRFLOW_CTX_EXECUTION_DATE='2024-06-19T06:00:00+00:00' AIRFLOW_CTX_TRY_NUMBER='1' AIRFLOW_CTX_DAG_RUN_ID='scheduled__2024-06-19T06:00:00+00:00'
[2024-07-25T12:44:26.832+0000] {taskinstance.py:430} INFO - ::endgroup::
[2024-07-25T12:44:26.846+0000] {python.py:75} INFO - Poking callable: <function check_data_in_table at 0x73206e6f3600>
[2024-07-25T12:44:26.851+0000] {extract.py:126} INFO - Getting data of the table dtm_motower_gsm 
[2024-07-25T12:44:26.851+0000] {extract.py:127} INFO - where date is 2024-06-18
[2024-07-25T12:44:26.851+0000] {extract.py:102} INFO - get data to date 20240618
[2024-07-25T12:44:26.857+0000] {warnings.py:112} WARNING - /opt/***/dags/gps/common/extract.py:103: UserWarning: pandas only supports SQLAlchemy connectable (engine/connection) or database string URI or sqlite3 DBAPI2 connection. Other DBAPI2 objects are not tested. Please consider using SQLAlchemy.
  df_ = pd.read_sql_query(sql_query, conn, params=params)

[2024-07-25T12:44:26.912+0000] {base.py:294} INFO - Success criteria met. Exiting.
[2024-07-25T12:44:26.912+0000] {taskinstance.py:441} INFO - ::group::Post task execution logs
[2024-07-25T12:44:26.923+0000] {taskinstance.py:1206} INFO - Marking task as SUCCESS. dag_id=motower_daily_prod, task_id=checkataa, run_id=scheduled__2024-06-19T06:00:00+00:00, execution_date=20240619T060000, start_date=20240725T124426, end_date=20240725T124426
[2024-07-25T12:44:26.970+0000] {local_task_job_runner.py:243} INFO - Task exited with return code 0
[2024-07-25T12:44:27.039+0000] {taskinstance.py:3503} INFO - 0 downstream tasks scheduled from follow-on schedule check
[2024-07-25T12:44:27.044+0000] {local_task_job_runner.py:222} INFO - ::endgroup::
[2024-07-25T13:04:50.944+0000] {local_task_job_runner.py:120} INFO - ::group::Pre task execution logs
[2024-07-25T13:04:50.999+0000] {taskinstance.py:2076} INFO - Dependencies all met for dep_context=non-requeueable deps ti=<TaskInstance: motower_daily_prod.checkataa scheduled__2024-06-19T06:00:00+00:00 [queued]>
[2024-07-25T13:04:51.105+0000] {taskinstance.py:2076} INFO - Dependencies all met for dep_context=requeueable deps ti=<TaskInstance: motower_daily_prod.checkataa scheduled__2024-06-19T06:00:00+00:00 [queued]>
[2024-07-25T13:04:51.106+0000] {taskinstance.py:2306} INFO - Starting attempt 1 of 1
[2024-07-25T13:04:51.126+0000] {taskinstance.py:2330} INFO - Executing <Task(PythonSensor): checkataa> on 2024-06-19 06:00:00+00:00
[2024-07-25T13:04:51.148+0000] {warnings.py:112} WARNING - /home/***/.local/lib/python3.12/site-packages/***/task/task_runner/standard_task_runner.py:62: DeprecationWarning: This process (pid=10388) is multi-threaded, use of fork() may lead to deadlocks in the child.
  pid = os.fork()

[2024-07-25T13:04:51.150+0000] {standard_task_runner.py:64} INFO - Started process 10398 to run task
[2024-07-25T13:04:51.149+0000] {standard_task_runner.py:90} INFO - Running: ['***', 'tasks', 'run', 'motower_daily_prod', 'checkataa', 'scheduled__2024-06-19T06:00:00+00:00', '--job-id', '2325', '--raw', '--subdir', 'DAGS_FOLDER/gps/custom_dags/motower_daily.py', '--cfg-path', '/tmp/tmpjskztkoc']
[2024-07-25T13:04:51.152+0000] {standard_task_runner.py:91} INFO - Job 2325: Subtask checkataa
[2024-07-25T13:04:51.243+0000] {task_command.py:426} INFO - Running <TaskInstance: motower_daily_prod.checkataa scheduled__2024-06-19T06:00:00+00:00 [running]> on host b3845fb494d4
[2024-07-25T13:04:51.357+0000] {taskinstance.py:2648} INFO - Exporting env vars: AIRFLOW_CTX_DAG_EMAIL='richmond.kongo@orange.com,assane.diop@orange.com,cyrille1.danho@orange.com,mohamed2.sylla@orange.com,amadou.diomande@orange.com,Jonas.kouame@orange.com,armand.kablan@orange.com,anicet.azombade@orange.com,etienne.kouadio@orange.com,bertine.kouakou@orange.com,florentine.kouakou@orange.com,ange.phaceli@orange.com,soulegame.soro@orange.com,innocent.yengo@orange.com' AIRFLOW_CTX_DAG_OWNER='***' AIRFLOW_CTX_DAG_ID='motower_daily_prod' AIRFLOW_CTX_TASK_ID='checkataa' AIRFLOW_CTX_EXECUTION_DATE='2024-06-19T06:00:00+00:00' AIRFLOW_CTX_TRY_NUMBER='1' AIRFLOW_CTX_DAG_RUN_ID='scheduled__2024-06-19T06:00:00+00:00'
[2024-07-25T13:04:51.358+0000] {taskinstance.py:430} INFO - ::endgroup::
[2024-07-25T13:04:51.375+0000] {python.py:75} INFO - Poking callable: <function check_data_in_table at 0x73206e97e8e0>
[2024-07-25T13:04:51.379+0000] {extract.py:126} INFO - Getting data of the table dtm_motower_gsm 
[2024-07-25T13:04:51.379+0000] {extract.py:127} INFO - where date is 2024-06-18
[2024-07-25T13:04:51.380+0000] {extract.py:102} INFO - get data to date 20240618
[2024-07-25T13:04:51.386+0000] {warnings.py:112} WARNING - /opt/***/dags/gps/common/extract.py:103: UserWarning: pandas only supports SQLAlchemy connectable (engine/connection) or database string URI or sqlite3 DBAPI2 connection. Other DBAPI2 objects are not tested. Please consider using SQLAlchemy.
  df_ = pd.read_sql_query(sql_query, conn, params=params)

[2024-07-25T13:04:51.433+0000] {base.py:294} INFO - Success criteria met. Exiting.
[2024-07-25T13:04:51.434+0000] {taskinstance.py:441} INFO - ::group::Post task execution logs
[2024-07-25T13:04:51.445+0000] {taskinstance.py:1206} INFO - Marking task as SUCCESS. dag_id=motower_daily_prod, task_id=checkataa, run_id=scheduled__2024-06-19T06:00:00+00:00, execution_date=20240619T060000, start_date=20240725T130450, end_date=20240725T130451
[2024-07-25T13:04:51.510+0000] {local_task_job_runner.py:243} INFO - Task exited with return code 0
[2024-07-25T13:04:51.552+0000] {taskinstance.py:3503} INFO - 0 downstream tasks scheduled from follow-on schedule check
[2024-07-25T13:04:51.556+0000] {local_task_job_runner.py:222} INFO - ::endgroup::
[2024-07-25T13:12:01.654+0000] {local_task_job_runner.py:120} INFO - ::group::Pre task execution logs
[2024-07-25T13:12:01.951+0000] {taskinstance.py:2076} INFO - Dependencies all met for dep_context=non-requeueable deps ti=<TaskInstance: motower_daily_prod.checkataa scheduled__2024-06-19T06:00:00+00:00 [queued]>
[2024-07-25T13:12:01.964+0000] {taskinstance.py:2076} INFO - Dependencies all met for dep_context=requeueable deps ti=<TaskInstance: motower_daily_prod.checkataa scheduled__2024-06-19T06:00:00+00:00 [queued]>
[2024-07-25T13:12:01.964+0000] {taskinstance.py:2306} INFO - Starting attempt 1 of 1
[2024-07-25T13:12:01.980+0000] {taskinstance.py:2330} INFO - Executing <Task(PythonSensor): checkataa> on 2024-06-19 06:00:00+00:00
[2024-07-25T13:12:01.997+0000] {warnings.py:112} WARNING - /home/***/.local/lib/python3.12/site-packages/***/task/task_runner/standard_task_runner.py:62: DeprecationWarning: This process (pid=10858) is multi-threaded, use of fork() may lead to deadlocks in the child.
  pid = os.fork()

[2024-07-25T13:12:01.999+0000] {standard_task_runner.py:64} INFO - Started process 10882 to run task
[2024-07-25T13:12:01.999+0000] {standard_task_runner.py:90} INFO - Running: ['***', 'tasks', 'run', 'motower_daily_prod', 'checkataa', 'scheduled__2024-06-19T06:00:00+00:00', '--job-id', '2451', '--raw', '--subdir', 'DAGS_FOLDER/gps/custom_dags/motower_daily.py', '--cfg-path', '/tmp/tmpk5gev5ya']
[2024-07-25T13:12:02.001+0000] {standard_task_runner.py:91} INFO - Job 2451: Subtask checkataa
[2024-07-25T13:12:02.053+0000] {task_command.py:426} INFO - Running <TaskInstance: motower_daily_prod.checkataa scheduled__2024-06-19T06:00:00+00:00 [running]> on host b3845fb494d4
[2024-07-25T13:12:02.182+0000] {taskinstance.py:2648} INFO - Exporting env vars: AIRFLOW_CTX_DAG_EMAIL='richmond.kongo@orange.com,assane.diop@orange.com,cyrille1.danho@orange.com,mohamed2.sylla@orange.com,amadou.diomande@orange.com,Jonas.kouame@orange.com,armand.kablan@orange.com,anicet.azombade@orange.com,etienne.kouadio@orange.com,bertine.kouakou@orange.com,florentine.kouakou@orange.com,ange.phaceli@orange.com,soulegame.soro@orange.com,innocent.yengo@orange.com' AIRFLOW_CTX_DAG_OWNER='***' AIRFLOW_CTX_DAG_ID='motower_daily_prod' AIRFLOW_CTX_TASK_ID='checkataa' AIRFLOW_CTX_EXECUTION_DATE='2024-06-19T06:00:00+00:00' AIRFLOW_CTX_TRY_NUMBER='1' AIRFLOW_CTX_DAG_RUN_ID='scheduled__2024-06-19T06:00:00+00:00'
[2024-07-25T13:12:02.183+0000] {taskinstance.py:430} INFO - ::endgroup::
[2024-07-25T13:12:02.202+0000] {python.py:75} INFO - Poking callable: <function check_data_in_table at 0x73206e82f740>
[2024-07-25T13:12:02.206+0000] {extract.py:126} INFO - Getting data of the table dtm_motower_gsm 
[2024-07-25T13:12:02.207+0000] {extract.py:127} INFO - where date is 2024-06-18
[2024-07-25T13:12:02.207+0000] {extract.py:102} INFO - get data to date 20240618
[2024-07-25T13:12:02.214+0000] {warnings.py:112} WARNING - /opt/***/dags/gps/common/extract.py:103: UserWarning: pandas only supports SQLAlchemy connectable (engine/connection) or database string URI or sqlite3 DBAPI2 connection. Other DBAPI2 objects are not tested. Please consider using SQLAlchemy.
  df_ = pd.read_sql_query(sql_query, conn, params=params)

[2024-07-25T13:12:02.267+0000] {base.py:294} INFO - Success criteria met. Exiting.
[2024-07-25T13:12:02.270+0000] {taskinstance.py:441} INFO - ::group::Post task execution logs
[2024-07-25T13:12:02.293+0000] {taskinstance.py:1206} INFO - Marking task as SUCCESS. dag_id=motower_daily_prod, task_id=checkataa, run_id=scheduled__2024-06-19T06:00:00+00:00, execution_date=20240619T060000, start_date=20240725T131201, end_date=20240725T131202
[2024-07-25T13:12:02.342+0000] {local_task_job_runner.py:243} INFO - Task exited with return code 0
[2024-07-25T13:12:02.354+0000] {local_task_job_runner.py:222} INFO - ::endgroup::
[2024-07-25T13:13:45.052+0000] {local_task_job_runner.py:120} INFO - ::group::Pre task execution logs
[2024-07-25T13:13:45.110+0000] {taskinstance.py:2076} INFO - Dependencies all met for dep_context=non-requeueable deps ti=<TaskInstance: motower_daily_prod.checkataa scheduled__2024-06-19T06:00:00+00:00 [queued]>
[2024-07-25T13:13:45.134+0000] {taskinstance.py:2076} INFO - Dependencies all met for dep_context=requeueable deps ti=<TaskInstance: motower_daily_prod.checkataa scheduled__2024-06-19T06:00:00+00:00 [queued]>
[2024-07-25T13:13:45.134+0000] {taskinstance.py:2306} INFO - Starting attempt 1 of 1
[2024-07-25T13:13:45.159+0000] {taskinstance.py:2330} INFO - Executing <Task(PythonSensor): checkataa> on 2024-06-19 06:00:00+00:00
[2024-07-25T13:13:45.180+0000] {warnings.py:112} WARNING - /home/***/.local/lib/python3.12/site-packages/***/task/task_runner/standard_task_runner.py:62: DeprecationWarning: This process (pid=11297) is multi-threaded, use of fork() may lead to deadlocks in the child.
  pid = os.fork()

[2024-07-25T13:13:45.182+0000] {standard_task_runner.py:64} INFO - Started process 11315 to run task
[2024-07-25T13:13:45.182+0000] {standard_task_runner.py:90} INFO - Running: ['***', 'tasks', 'run', 'motower_daily_prod', 'checkataa', 'scheduled__2024-06-19T06:00:00+00:00', '--job-id', '2591', '--raw', '--subdir', 'DAGS_FOLDER/gps/custom_dags/motower_daily.py', '--cfg-path', '/tmp/tmprb3wof_0']
[2024-07-25T13:13:45.185+0000] {standard_task_runner.py:91} INFO - Job 2591: Subtask checkataa
[2024-07-25T13:13:45.263+0000] {task_command.py:426} INFO - Running <TaskInstance: motower_daily_prod.checkataa scheduled__2024-06-19T06:00:00+00:00 [running]> on host b3845fb494d4
[2024-07-25T13:13:45.504+0000] {taskinstance.py:2648} INFO - Exporting env vars: AIRFLOW_CTX_DAG_EMAIL='richmond.kongo@orange.com,assane.diop@orange.com,cyrille1.danho@orange.com,mohamed2.sylla@orange.com,amadou.diomande@orange.com,Jonas.kouame@orange.com,armand.kablan@orange.com,anicet.azombade@orange.com,etienne.kouadio@orange.com,bertine.kouakou@orange.com,florentine.kouakou@orange.com,ange.phaceli@orange.com,soulegame.soro@orange.com,innocent.yengo@orange.com' AIRFLOW_CTX_DAG_OWNER='***' AIRFLOW_CTX_DAG_ID='motower_daily_prod' AIRFLOW_CTX_TASK_ID='checkataa' AIRFLOW_CTX_EXECUTION_DATE='2024-06-19T06:00:00+00:00' AIRFLOW_CTX_TRY_NUMBER='1' AIRFLOW_CTX_DAG_RUN_ID='scheduled__2024-06-19T06:00:00+00:00'
[2024-07-25T13:13:45.505+0000] {taskinstance.py:430} INFO - ::endgroup::
[2024-07-25T13:13:45.521+0000] {python.py:75} INFO - Poking callable: <function check_data_in_table at 0x73206e87f7e0>
[2024-07-25T13:13:45.528+0000] {extract.py:126} INFO - Getting data of the table dtm_motower_gsm 
[2024-07-25T13:13:45.528+0000] {extract.py:127} INFO - where date is 2024-06-18
[2024-07-25T13:13:45.528+0000] {extract.py:102} INFO - get data to date 20240618
[2024-07-25T13:13:45.535+0000] {warnings.py:112} WARNING - /opt/***/dags/gps/common/extract.py:103: UserWarning: pandas only supports SQLAlchemy connectable (engine/connection) or database string URI or sqlite3 DBAPI2 connection. Other DBAPI2 objects are not tested. Please consider using SQLAlchemy.
  df_ = pd.read_sql_query(sql_query, conn, params=params)

[2024-07-25T13:13:45.589+0000] {base.py:294} INFO - Success criteria met. Exiting.
[2024-07-25T13:13:45.589+0000] {taskinstance.py:441} INFO - ::group::Post task execution logs
[2024-07-25T13:13:45.605+0000] {taskinstance.py:1206} INFO - Marking task as SUCCESS. dag_id=motower_daily_prod, task_id=checkataa, run_id=scheduled__2024-06-19T06:00:00+00:00, execution_date=20240619T060000, start_date=20240725T131345, end_date=20240725T131345
[2024-07-25T13:13:45.655+0000] {local_task_job_runner.py:243} INFO - Task exited with return code 0
[2024-07-25T13:13:45.709+0000] {taskinstance.py:3503} INFO - 0 downstream tasks scheduled from follow-on schedule check
[2024-07-25T13:13:45.714+0000] {local_task_job_runner.py:222} INFO - ::endgroup::
[2024-07-25T13:17:37.857+0000] {local_task_job_runner.py:120} INFO - ::group::Pre task execution logs
[2024-07-25T13:17:37.936+0000] {taskinstance.py:2076} INFO - Dependencies all met for dep_context=non-requeueable deps ti=<TaskInstance: motower_daily_prod.checkataa scheduled__2024-06-19T06:00:00+00:00 [queued]>
[2024-07-25T13:17:37.977+0000] {taskinstance.py:2076} INFO - Dependencies all met for dep_context=requeueable deps ti=<TaskInstance: motower_daily_prod.checkataa scheduled__2024-06-19T06:00:00+00:00 [queued]>
[2024-07-25T13:17:37.978+0000] {taskinstance.py:2306} INFO - Starting attempt 1 of 1
[2024-07-25T13:17:38.042+0000] {taskinstance.py:2330} INFO - Executing <Task(PythonSensor): checkataa> on 2024-06-19 06:00:00+00:00
[2024-07-25T13:17:38.067+0000] {warnings.py:112} WARNING - /home/***/.local/lib/python3.12/site-packages/***/task/task_runner/standard_task_runner.py:62: DeprecationWarning: This process (pid=11720) is multi-threaded, use of fork() may lead to deadlocks in the child.
  pid = os.fork()

[2024-07-25T13:17:38.068+0000] {standard_task_runner.py:64} INFO - Started process 11736 to run task
[2024-07-25T13:17:38.069+0000] {standard_task_runner.py:90} INFO - Running: ['***', 'tasks', 'run', 'motower_daily_prod', 'checkataa', 'scheduled__2024-06-19T06:00:00+00:00', '--job-id', '2713', '--raw', '--subdir', 'DAGS_FOLDER/gps/custom_dags/motower_daily.py', '--cfg-path', '/tmp/tmplawdguv8']
[2024-07-25T13:17:38.076+0000] {standard_task_runner.py:91} INFO - Job 2713: Subtask checkataa
[2024-07-25T13:17:38.178+0000] {task_command.py:426} INFO - Running <TaskInstance: motower_daily_prod.checkataa scheduled__2024-06-19T06:00:00+00:00 [running]> on host b3845fb494d4
[2024-07-25T13:17:38.332+0000] {taskinstance.py:2648} INFO - Exporting env vars: AIRFLOW_CTX_DAG_EMAIL='richmond.kongo@orange.com,assane.diop@orange.com,cyrille1.danho@orange.com,mohamed2.sylla@orange.com,amadou.diomande@orange.com,Jonas.kouame@orange.com,armand.kablan@orange.com,anicet.azombade@orange.com,etienne.kouadio@orange.com,bertine.kouakou@orange.com,florentine.kouakou@orange.com,ange.phaceli@orange.com,soulegame.soro@orange.com,innocent.yengo@orange.com' AIRFLOW_CTX_DAG_OWNER='***' AIRFLOW_CTX_DAG_ID='motower_daily_prod' AIRFLOW_CTX_TASK_ID='checkataa' AIRFLOW_CTX_EXECUTION_DATE='2024-06-19T06:00:00+00:00' AIRFLOW_CTX_TRY_NUMBER='1' AIRFLOW_CTX_DAG_RUN_ID='scheduled__2024-06-19T06:00:00+00:00'
[2024-07-25T13:17:38.334+0000] {taskinstance.py:430} INFO - ::endgroup::
[2024-07-25T13:17:38.352+0000] {python.py:75} INFO - Poking callable: <function check_data_in_table at 0x73206e817920>
[2024-07-25T13:17:38.357+0000] {extract.py:126} INFO - Getting data of the table dtm_motower_gsm 
[2024-07-25T13:17:38.357+0000] {extract.py:127} INFO - where date is 2024-06-18
[2024-07-25T13:17:38.358+0000] {extract.py:102} INFO - get data to date 20240618
[2024-07-25T13:17:38.364+0000] {warnings.py:112} WARNING - /opt/***/dags/gps/common/extract.py:103: UserWarning: pandas only supports SQLAlchemy connectable (engine/connection) or database string URI or sqlite3 DBAPI2 connection. Other DBAPI2 objects are not tested. Please consider using SQLAlchemy.
  df_ = pd.read_sql_query(sql_query, conn, params=params)

[2024-07-25T13:17:38.425+0000] {base.py:294} INFO - Success criteria met. Exiting.
[2024-07-25T13:17:38.426+0000] {taskinstance.py:441} INFO - ::group::Post task execution logs
[2024-07-25T13:17:38.439+0000] {taskinstance.py:1206} INFO - Marking task as SUCCESS. dag_id=motower_daily_prod, task_id=checkataa, run_id=scheduled__2024-06-19T06:00:00+00:00, execution_date=20240619T060000, start_date=20240725T131737, end_date=20240725T131738
[2024-07-25T13:17:38.506+0000] {local_task_job_runner.py:243} INFO - Task exited with return code 0
[2024-07-25T13:17:38.559+0000] {taskinstance.py:3503} INFO - 0 downstream tasks scheduled from follow-on schedule check
[2024-07-25T13:17:38.564+0000] {local_task_job_runner.py:222} INFO - ::endgroup::
[2024-07-25T13:25:17.164+0000] {local_task_job_runner.py:120} INFO - ::group::Pre task execution logs
[2024-07-25T13:25:17.207+0000] {taskinstance.py:2076} INFO - Dependencies all met for dep_context=non-requeueable deps ti=<TaskInstance: motower_daily_prod.checkataa scheduled__2024-06-19T06:00:00+00:00 [queued]>
[2024-07-25T13:25:17.218+0000] {taskinstance.py:2076} INFO - Dependencies all met for dep_context=requeueable deps ti=<TaskInstance: motower_daily_prod.checkataa scheduled__2024-06-19T06:00:00+00:00 [queued]>
[2024-07-25T13:25:17.219+0000] {taskinstance.py:2306} INFO - Starting attempt 1 of 1
[2024-07-25T13:25:17.247+0000] {taskinstance.py:2330} INFO - Executing <Task(PythonSensor): checkataa> on 2024-06-19 06:00:00+00:00
[2024-07-25T13:25:17.273+0000] {warnings.py:112} WARNING - /home/***/.local/lib/python3.12/site-packages/***/task/task_runner/standard_task_runner.py:62: DeprecationWarning: This process (pid=12221) is multi-threaded, use of fork() may lead to deadlocks in the child.
  pid = os.fork()

[2024-07-25T13:25:17.275+0000] {standard_task_runner.py:64} INFO - Started process 12235 to run task
[2024-07-25T13:25:17.275+0000] {standard_task_runner.py:90} INFO - Running: ['***', 'tasks', 'run', 'motower_daily_prod', 'checkataa', 'scheduled__2024-06-19T06:00:00+00:00', '--job-id', '2848', '--raw', '--subdir', 'DAGS_FOLDER/gps/custom_dags/motower_daily.py', '--cfg-path', '/tmp/tmp7mrnr5i8']
[2024-07-25T13:25:17.278+0000] {standard_task_runner.py:91} INFO - Job 2848: Subtask checkataa
[2024-07-25T13:25:17.331+0000] {task_command.py:426} INFO - Running <TaskInstance: motower_daily_prod.checkataa scheduled__2024-06-19T06:00:00+00:00 [running]> on host b3845fb494d4
[2024-07-25T13:25:17.469+0000] {taskinstance.py:2648} INFO - Exporting env vars: AIRFLOW_CTX_DAG_EMAIL='richmond.kongo@orange.com,assane.diop@orange.com,cyrille1.danho@orange.com,mohamed2.sylla@orange.com,amadou.diomande@orange.com,Jonas.kouame@orange.com,armand.kablan@orange.com,anicet.azombade@orange.com,etienne.kouadio@orange.com,bertine.kouakou@orange.com,florentine.kouakou@orange.com,ange.phaceli@orange.com,soulegame.soro@orange.com,innocent.yengo@orange.com' AIRFLOW_CTX_DAG_OWNER='***' AIRFLOW_CTX_DAG_ID='motower_daily_prod' AIRFLOW_CTX_TASK_ID='checkataa' AIRFLOW_CTX_EXECUTION_DATE='2024-06-19T06:00:00+00:00' AIRFLOW_CTX_TRY_NUMBER='1' AIRFLOW_CTX_DAG_RUN_ID='scheduled__2024-06-19T06:00:00+00:00'
[2024-07-25T13:25:17.470+0000] {taskinstance.py:430} INFO - ::endgroup::
[2024-07-25T13:25:17.488+0000] {python.py:75} INFO - Poking callable: <function check_data_in_table at 0x73206e97aac0>
[2024-07-25T13:25:17.494+0000] {extract.py:126} INFO - Getting data of the table dtm_motower_gsm 
[2024-07-25T13:25:17.494+0000] {extract.py:127} INFO - where date is 2024-06-18
[2024-07-25T13:25:17.495+0000] {extract.py:102} INFO - get data to date 20240618
[2024-07-25T13:25:17.502+0000] {warnings.py:112} WARNING - /opt/***/dags/gps/common/extract.py:103: UserWarning: pandas only supports SQLAlchemy connectable (engine/connection) or database string URI or sqlite3 DBAPI2 connection. Other DBAPI2 objects are not tested. Please consider using SQLAlchemy.
  df_ = pd.read_sql_query(sql_query, conn, params=params)

[2024-07-25T13:25:17.562+0000] {base.py:294} INFO - Success criteria met. Exiting.
[2024-07-25T13:25:17.562+0000] {taskinstance.py:441} INFO - ::group::Post task execution logs
[2024-07-25T13:25:17.576+0000] {taskinstance.py:1206} INFO - Marking task as SUCCESS. dag_id=motower_daily_prod, task_id=checkataa, run_id=scheduled__2024-06-19T06:00:00+00:00, execution_date=20240619T060000, start_date=20240725T132517, end_date=20240725T132517
[2024-07-25T13:25:17.654+0000] {local_task_job_runner.py:243} INFO - Task exited with return code 0
[2024-07-25T13:25:17.711+0000] {taskinstance.py:3503} INFO - 0 downstream tasks scheduled from follow-on schedule check
[2024-07-25T13:25:17.716+0000] {local_task_job_runner.py:222} INFO - ::endgroup::
[2024-07-25T15:07:03.203+0000] {local_task_job_runner.py:120} INFO - ::group::Pre task execution logs
[2024-07-25T15:07:03.243+0000] {taskinstance.py:2076} INFO - Dependencies all met for dep_context=non-requeueable deps ti=<TaskInstance: motower_daily_prod.checkataa scheduled__2024-06-19T06:00:00+00:00 [queued]>
[2024-07-25T15:07:03.257+0000] {taskinstance.py:2076} INFO - Dependencies all met for dep_context=requeueable deps ti=<TaskInstance: motower_daily_prod.checkataa scheduled__2024-06-19T06:00:00+00:00 [queued]>
[2024-07-25T15:07:03.258+0000] {taskinstance.py:2306} INFO - Starting attempt 1 of 1
[2024-07-25T15:07:03.277+0000] {taskinstance.py:2330} INFO - Executing <Task(PythonSensor): checkataa> on 2024-06-19 06:00:00+00:00
[2024-07-25T15:07:03.297+0000] {warnings.py:112} WARNING - /home/***/.local/lib/python3.12/site-packages/***/task/task_runner/standard_task_runner.py:62: DeprecationWarning: This process (pid=14453) is multi-threaded, use of fork() may lead to deadlocks in the child.
  pid = os.fork()

[2024-07-25T15:07:03.299+0000] {standard_task_runner.py:64} INFO - Started process 14467 to run task
[2024-07-25T15:07:03.300+0000] {standard_task_runner.py:90} INFO - Running: ['***', 'tasks', 'run', 'motower_daily_prod', 'checkataa', 'scheduled__2024-06-19T06:00:00+00:00', '--job-id', '3151', '--raw', '--subdir', 'DAGS_FOLDER/gps/custom_dags/motower_daily.py', '--cfg-path', '/tmp/tmp8zbczp_u']
[2024-07-25T15:07:03.303+0000] {standard_task_runner.py:91} INFO - Job 3151: Subtask checkataa
[2024-07-25T15:07:03.356+0000] {task_command.py:426} INFO - Running <TaskInstance: motower_daily_prod.checkataa scheduled__2024-06-19T06:00:00+00:00 [running]> on host b3845fb494d4
[2024-07-25T15:07:03.463+0000] {taskinstance.py:2648} INFO - Exporting env vars: AIRFLOW_CTX_DAG_EMAIL='richmond.kongo@orange.com,assane.diop@orange.com,cyrille1.danho@orange.com,mohamed2.sylla@orange.com,amadou.diomande@orange.com,Jonas.kouame@orange.com,armand.kablan@orange.com,anicet.azombade@orange.com,etienne.kouadio@orange.com,bertine.kouakou@orange.com,florentine.kouakou@orange.com,ange.phaceli@orange.com,soulegame.soro@orange.com,innocent.yengo@orange.com' AIRFLOW_CTX_DAG_OWNER='***' AIRFLOW_CTX_DAG_ID='motower_daily_prod' AIRFLOW_CTX_TASK_ID='checkataa' AIRFLOW_CTX_EXECUTION_DATE='2024-06-19T06:00:00+00:00' AIRFLOW_CTX_TRY_NUMBER='1' AIRFLOW_CTX_DAG_RUN_ID='scheduled__2024-06-19T06:00:00+00:00'
[2024-07-25T15:07:03.465+0000] {taskinstance.py:430} INFO - ::endgroup::
[2024-07-25T15:07:03.478+0000] {python.py:75} INFO - Poking callable: <function check_data_in_table at 0x73206e7da840>
[2024-07-25T15:07:03.482+0000] {extract.py:126} INFO - Getting data of the table dtm_motower_gsm 
[2024-07-25T15:07:03.482+0000] {extract.py:127} INFO - where date is 2024-06-18
[2024-07-25T15:07:03.482+0000] {extract.py:102} INFO - get data to date 20240618
[2024-07-25T15:07:03.488+0000] {warnings.py:112} WARNING - /opt/***/dags/gps/common/extract.py:103: UserWarning: pandas only supports SQLAlchemy connectable (engine/connection) or database string URI or sqlite3 DBAPI2 connection. Other DBAPI2 objects are not tested. Please consider using SQLAlchemy.
  df_ = pd.read_sql_query(sql_query, conn, params=params)

[2024-07-25T15:07:03.533+0000] {base.py:294} INFO - Success criteria met. Exiting.
[2024-07-25T15:07:03.533+0000] {taskinstance.py:441} INFO - ::group::Post task execution logs
[2024-07-25T15:07:03.545+0000] {taskinstance.py:1206} INFO - Marking task as SUCCESS. dag_id=motower_daily_prod, task_id=checkataa, run_id=scheduled__2024-06-19T06:00:00+00:00, execution_date=20240619T060000, start_date=20240725T150703, end_date=20240725T150703
[2024-07-25T15:07:03.595+0000] {local_task_job_runner.py:243} INFO - Task exited with return code 0
[2024-07-25T15:07:03.605+0000] {local_task_job_runner.py:222} INFO - ::endgroup::
[2024-07-26T11:42:57.214+0000] {local_task_job_runner.py:120} INFO - ::group::Pre task execution logs
[2024-07-26T11:42:57.258+0000] {taskinstance.py:2076} INFO - Dependencies all met for dep_context=non-requeueable deps ti=<TaskInstance: motower_daily_prod.checkataa scheduled__2024-06-19T06:00:00+00:00 [queued]>
[2024-07-26T11:42:57.274+0000] {taskinstance.py:2076} INFO - Dependencies all met for dep_context=requeueable deps ti=<TaskInstance: motower_daily_prod.checkataa scheduled__2024-06-19T06:00:00+00:00 [queued]>
[2024-07-26T11:42:57.275+0000] {taskinstance.py:2306} INFO - Starting attempt 1 of 1
[2024-07-26T11:42:57.292+0000] {taskinstance.py:2330} INFO - Executing <Task(PythonSensor): checkataa> on 2024-06-19 06:00:00+00:00
[2024-07-26T11:42:57.307+0000] {warnings.py:112} WARNING - /home/***/.local/lib/python3.12/site-packages/***/task/task_runner/standard_task_runner.py:62: DeprecationWarning: This process (pid=2517) is multi-threaded, use of fork() may lead to deadlocks in the child.
  pid = os.fork()

[2024-07-26T11:42:57.309+0000] {standard_task_runner.py:64} INFO - Started process 2537 to run task
[2024-07-26T11:42:57.309+0000] {standard_task_runner.py:90} INFO - Running: ['***', 'tasks', 'run', 'motower_daily_prod', 'checkataa', 'scheduled__2024-06-19T06:00:00+00:00', '--job-id', '3798', '--raw', '--subdir', 'DAGS_FOLDER/gps/custom_dags/motower_daily.py', '--cfg-path', '/tmp/tmpp36ybrhb']
[2024-07-26T11:42:57.312+0000] {standard_task_runner.py:91} INFO - Job 3798: Subtask checkataa
[2024-07-26T11:42:57.398+0000] {task_command.py:426} INFO - Running <TaskInstance: motower_daily_prod.checkataa scheduled__2024-06-19T06:00:00+00:00 [running]> on host b3845fb494d4
[2024-07-26T11:42:57.538+0000] {taskinstance.py:2648} INFO - Exporting env vars: AIRFLOW_CTX_DAG_EMAIL='richmond.kongo@orange.com,assane.diop@orange.com,cyrille1.danho@orange.com,mohamed2.sylla@orange.com,amadou.diomande@orange.com,Jonas.kouame@orange.com,armand.kablan@orange.com,anicet.azombade@orange.com,etienne.kouadio@orange.com,bertine.kouakou@orange.com,florentine.kouakou@orange.com,ange.phaceli@orange.com,soulegame.soro@orange.com,innocent.yengo@orange.com' AIRFLOW_CTX_DAG_OWNER='***' AIRFLOW_CTX_DAG_ID='motower_daily_prod' AIRFLOW_CTX_TASK_ID='checkataa' AIRFLOW_CTX_EXECUTION_DATE='2024-06-19T06:00:00+00:00' AIRFLOW_CTX_TRY_NUMBER='1' AIRFLOW_CTX_DAG_RUN_ID='scheduled__2024-06-19T06:00:00+00:00'
[2024-07-26T11:42:57.540+0000] {taskinstance.py:430} INFO - ::endgroup::
[2024-07-26T11:42:57.563+0000] {python.py:75} INFO - Poking callable: <function check_data_in_table at 0x745e350e58a0>
[2024-07-26T11:42:57.569+0000] {extract.py:126} INFO - Getting data of the table dtm_motower_gsm 
[2024-07-26T11:42:57.569+0000] {extract.py:127} INFO - where date is 2024-06-18
[2024-07-26T11:42:57.570+0000] {extract.py:102} INFO - get data to date 20240618
[2024-07-26T11:42:57.577+0000] {warnings.py:112} WARNING - /opt/***/dags/gps/common/extract.py:103: UserWarning: pandas only supports SQLAlchemy connectable (engine/connection) or database string URI or sqlite3 DBAPI2 connection. Other DBAPI2 objects are not tested. Please consider using SQLAlchemy.
  df_ = pd.read_sql_query(sql_query, conn, params=params)

[2024-07-26T11:42:57.630+0000] {base.py:294} INFO - Success criteria met. Exiting.
[2024-07-26T11:42:57.631+0000] {taskinstance.py:441} INFO - ::group::Post task execution logs
[2024-07-26T11:42:57.647+0000] {taskinstance.py:1206} INFO - Marking task as SUCCESS. dag_id=motower_daily_prod, task_id=checkataa, run_id=scheduled__2024-06-19T06:00:00+00:00, execution_date=20240619T060000, start_date=20240726T114257, end_date=20240726T114257
[2024-07-26T11:42:57.701+0000] {local_task_job_runner.py:243} INFO - Task exited with return code 0
[2024-07-26T11:42:57.750+0000] {taskinstance.py:3503} INFO - 1 downstream tasks scheduled from follow-on schedule check
[2024-07-26T11:42:57.753+0000] {local_task_job_runner.py:222} INFO - ::endgroup::
[2024-07-26T12:20:57.609+0000] {local_task_job_runner.py:120} INFO - ::group::Pre task execution logs
[2024-07-26T12:20:57.648+0000] {taskinstance.py:2076} INFO - Dependencies all met for dep_context=non-requeueable deps ti=<TaskInstance: motower_daily_prod.checkataa scheduled__2024-06-19T06:00:00+00:00 [queued]>
[2024-07-26T12:20:57.657+0000] {taskinstance.py:2076} INFO - Dependencies all met for dep_context=requeueable deps ti=<TaskInstance: motower_daily_prod.checkataa scheduled__2024-06-19T06:00:00+00:00 [queued]>
[2024-07-26T12:20:57.658+0000] {taskinstance.py:2306} INFO - Starting attempt 1 of 1
[2024-07-26T12:20:57.671+0000] {taskinstance.py:2330} INFO - Executing <Task(PythonSensor): checkataa> on 2024-06-19 06:00:00+00:00
[2024-07-26T12:20:57.686+0000] {warnings.py:112} WARNING - /home/***/.local/lib/python3.12/site-packages/***/task/task_runner/standard_task_runner.py:62: DeprecationWarning: This process (pid=921) is multi-threaded, use of fork() may lead to deadlocks in the child.
  pid = os.fork()

[2024-07-26T12:20:57.688+0000] {standard_task_runner.py:64} INFO - Started process 927 to run task
[2024-07-26T12:20:57.688+0000] {standard_task_runner.py:90} INFO - Running: ['***', 'tasks', 'run', 'motower_daily_prod', 'checkataa', 'scheduled__2024-06-19T06:00:00+00:00', '--job-id', '267', '--raw', '--subdir', 'DAGS_FOLDER/gps/custom_dags/motower_daily.py', '--cfg-path', '/tmp/tmpltl49ay4']
[2024-07-26T12:20:57.690+0000] {standard_task_runner.py:91} INFO - Job 267: Subtask checkataa
[2024-07-26T12:20:57.736+0000] {task_command.py:426} INFO - Running <TaskInstance: motower_daily_prod.checkataa scheduled__2024-06-19T06:00:00+00:00 [running]> on host 88c2b04746a4
[2024-07-26T12:20:57.832+0000] {taskinstance.py:2648} INFO - Exporting env vars: AIRFLOW_CTX_DAG_EMAIL='richmond.kongo@orange.com,assane.diop@orange.com,cyrille1.danho@orange.com,mohamed2.sylla@orange.com,amadou.diomande@orange.com,Jonas.kouame@orange.com,armand.kablan@orange.com,anicet.azombade@orange.com,etienne.kouadio@orange.com,bertine.kouakou@orange.com,florentine.kouakou@orange.com,ange.phaceli@orange.com,soulegame.soro@orange.com,innocent.yengo@orange.com' AIRFLOW_CTX_DAG_OWNER='***' AIRFLOW_CTX_DAG_ID='motower_daily_prod' AIRFLOW_CTX_TASK_ID='checkataa' AIRFLOW_CTX_EXECUTION_DATE='2024-06-19T06:00:00+00:00' AIRFLOW_CTX_TRY_NUMBER='1' AIRFLOW_CTX_DAG_RUN_ID='scheduled__2024-06-19T06:00:00+00:00'
[2024-07-26T12:20:57.833+0000] {taskinstance.py:430} INFO - ::endgroup::
[2024-07-26T12:20:57.848+0000] {python.py:75} INFO - Poking callable: <function check_data_in_table at 0x743a42784400>
[2024-07-26T12:20:57.853+0000] {extract.py:126} INFO - Getting data of the table dtm_motower_gsm 
[2024-07-26T12:20:57.853+0000] {extract.py:127} INFO - where date is 2024-06-18
[2024-07-26T12:20:57.853+0000] {extract.py:102} INFO - get data to date 20240618
[2024-07-26T12:20:57.861+0000] {warnings.py:112} WARNING - /opt/***/dags/gps/common/extract.py:103: UserWarning: pandas only supports SQLAlchemy connectable (engine/connection) or database string URI or sqlite3 DBAPI2 connection. Other DBAPI2 objects are not tested. Please consider using SQLAlchemy.
  df_ = pd.read_sql_query(sql_query, conn, params=params)

[2024-07-26T12:20:57.902+0000] {base.py:294} INFO - Success criteria met. Exiting.
[2024-07-26T12:20:57.902+0000] {taskinstance.py:441} INFO - ::group::Post task execution logs
[2024-07-26T12:20:57.913+0000] {taskinstance.py:1206} INFO - Marking task as SUCCESS. dag_id=motower_daily_prod, task_id=checkataa, run_id=scheduled__2024-06-19T06:00:00+00:00, execution_date=20240619T060000, start_date=20240726T122057, end_date=20240726T122057
[2024-07-26T12:20:57.942+0000] {local_task_job_runner.py:243} INFO - Task exited with return code 0
[2024-07-26T12:20:57.952+0000] {local_task_job_runner.py:222} INFO - ::endgroup::
[2024-07-26T12:24:30.470+0000] {local_task_job_runner.py:120} INFO - ::group::Pre task execution logs
[2024-07-26T12:24:30.497+0000] {taskinstance.py:2076} INFO - Dependencies all met for dep_context=non-requeueable deps ti=<TaskInstance: motower_daily_prod.checkataa scheduled__2024-06-19T06:00:00+00:00 [queued]>
[2024-07-26T12:24:30.505+0000] {taskinstance.py:2076} INFO - Dependencies all met for dep_context=requeueable deps ti=<TaskInstance: motower_daily_prod.checkataa scheduled__2024-06-19T06:00:00+00:00 [queued]>
[2024-07-26T12:24:30.505+0000] {taskinstance.py:2306} INFO - Starting attempt 1 of 1
[2024-07-26T12:24:30.517+0000] {taskinstance.py:2330} INFO - Executing <Task(PythonSensor): checkataa> on 2024-06-19 06:00:00+00:00
[2024-07-26T12:24:30.526+0000] {warnings.py:112} WARNING - /home/***/.local/lib/python3.12/site-packages/***/task/task_runner/standard_task_runner.py:62: DeprecationWarning: This process (pid=1741) is multi-threaded, use of fork() may lead to deadlocks in the child.
  pid = os.fork()

[2024-07-26T12:24:30.528+0000] {standard_task_runner.py:64} INFO - Started process 1746 to run task
[2024-07-26T12:24:30.528+0000] {standard_task_runner.py:90} INFO - Running: ['***', 'tasks', 'run', 'motower_daily_prod', 'checkataa', 'scheduled__2024-06-19T06:00:00+00:00', '--job-id', '526', '--raw', '--subdir', 'DAGS_FOLDER/gps/custom_dags/motower_daily.py', '--cfg-path', '/tmp/tmpkot444dp']
[2024-07-26T12:24:30.530+0000] {standard_task_runner.py:91} INFO - Job 526: Subtask checkataa
[2024-07-26T12:24:30.569+0000] {task_command.py:426} INFO - Running <TaskInstance: motower_daily_prod.checkataa scheduled__2024-06-19T06:00:00+00:00 [running]> on host 88c2b04746a4
[2024-07-26T12:24:30.647+0000] {taskinstance.py:2648} INFO - Exporting env vars: AIRFLOW_CTX_DAG_EMAIL='richmond.kongo@orange.com,assane.diop@orange.com,cyrille1.danho@orange.com,mohamed2.sylla@orange.com,amadou.diomande@orange.com,Jonas.kouame@orange.com,armand.kablan@orange.com,anicet.azombade@orange.com,etienne.kouadio@orange.com,bertine.kouakou@orange.com,florentine.kouakou@orange.com,ange.phaceli@orange.com,soulegame.soro@orange.com,innocent.yengo@orange.com' AIRFLOW_CTX_DAG_OWNER='***' AIRFLOW_CTX_DAG_ID='motower_daily_prod' AIRFLOW_CTX_TASK_ID='checkataa' AIRFLOW_CTX_EXECUTION_DATE='2024-06-19T06:00:00+00:00' AIRFLOW_CTX_TRY_NUMBER='1' AIRFLOW_CTX_DAG_RUN_ID='scheduled__2024-06-19T06:00:00+00:00'
[2024-07-26T12:24:30.649+0000] {taskinstance.py:430} INFO - ::endgroup::
[2024-07-26T12:24:30.660+0000] {python.py:75} INFO - Poking callable: <function check_data_in_table at 0x743a42837060>
[2024-07-26T12:24:30.664+0000] {extract.py:126} INFO - Getting data of the table dtm_motower_gsm 
[2024-07-26T12:24:30.665+0000] {extract.py:127} INFO - where date is 2024-06-18
[2024-07-26T12:24:30.665+0000] {extract.py:102} INFO - get data to date 20240618
[2024-07-26T12:24:30.669+0000] {warnings.py:112} WARNING - /opt/***/dags/gps/common/extract.py:103: UserWarning: pandas only supports SQLAlchemy connectable (engine/connection) or database string URI or sqlite3 DBAPI2 connection. Other DBAPI2 objects are not tested. Please consider using SQLAlchemy.
  df_ = pd.read_sql_query(sql_query, conn, params=params)

[2024-07-26T12:24:30.702+0000] {base.py:294} INFO - Success criteria met. Exiting.
[2024-07-26T12:24:30.703+0000] {taskinstance.py:441} INFO - ::group::Post task execution logs
[2024-07-26T12:24:30.713+0000] {taskinstance.py:1206} INFO - Marking task as SUCCESS. dag_id=motower_daily_prod, task_id=checkataa, run_id=scheduled__2024-06-19T06:00:00+00:00, execution_date=20240619T060000, start_date=20240726T122430, end_date=20240726T122430
[2024-07-26T12:24:30.741+0000] {local_task_job_runner.py:243} INFO - Task exited with return code 0
[2024-07-26T12:24:30.781+0000] {taskinstance.py:3503} INFO - 1 downstream tasks scheduled from follow-on schedule check
[2024-07-26T12:24:30.783+0000] {local_task_job_runner.py:222} INFO - ::endgroup::
[2024-07-26T12:29:54.365+0000] {local_task_job_runner.py:120} INFO - ::group::Pre task execution logs
[2024-07-26T12:29:54.413+0000] {taskinstance.py:2076} INFO - Dependencies all met for dep_context=non-requeueable deps ti=<TaskInstance: motower_daily_prod.checkataa scheduled__2024-06-19T06:00:00+00:00 [queued]>
[2024-07-26T12:29:54.426+0000] {taskinstance.py:2076} INFO - Dependencies all met for dep_context=requeueable deps ti=<TaskInstance: motower_daily_prod.checkataa scheduled__2024-06-19T06:00:00+00:00 [queued]>
[2024-07-26T12:29:54.426+0000] {taskinstance.py:2306} INFO - Starting attempt 1 of 1
[2024-07-26T12:29:54.442+0000] {taskinstance.py:2330} INFO - Executing <Task(PythonSensor): checkataa> on 2024-06-19 06:00:00+00:00
[2024-07-26T12:29:54.460+0000] {warnings.py:112} WARNING - /home/***/.local/lib/python3.12/site-packages/***/task/task_runner/standard_task_runner.py:62: DeprecationWarning: This process (pid=2662) is multi-threaded, use of fork() may lead to deadlocks in the child.
  pid = os.fork()

[2024-07-26T12:29:54.462+0000] {standard_task_runner.py:64} INFO - Started process 2683 to run task
[2024-07-26T12:29:54.464+0000] {standard_task_runner.py:90} INFO - Running: ['***', 'tasks', 'run', 'motower_daily_prod', 'checkataa', 'scheduled__2024-06-19T06:00:00+00:00', '--job-id', '816', '--raw', '--subdir', 'DAGS_FOLDER/gps/custom_dags/motower_daily.py', '--cfg-path', '/tmp/tmpguzid9p4']
[2024-07-26T12:29:54.467+0000] {standard_task_runner.py:91} INFO - Job 816: Subtask checkataa
[2024-07-26T12:29:54.547+0000] {task_command.py:426} INFO - Running <TaskInstance: motower_daily_prod.checkataa scheduled__2024-06-19T06:00:00+00:00 [running]> on host 88c2b04746a4
[2024-07-26T12:29:54.670+0000] {taskinstance.py:2648} INFO - Exporting env vars: AIRFLOW_CTX_DAG_EMAIL='richmond.kongo@orange.com,assane.diop@orange.com,cyrille1.danho@orange.com,mohamed2.sylla@orange.com,amadou.diomande@orange.com,Jonas.kouame@orange.com,armand.kablan@orange.com,anicet.azombade@orange.com,etienne.kouadio@orange.com,bertine.kouakou@orange.com,florentine.kouakou@orange.com,ange.phaceli@orange.com,soulegame.soro@orange.com,innocent.yengo@orange.com' AIRFLOW_CTX_DAG_OWNER='***' AIRFLOW_CTX_DAG_ID='motower_daily_prod' AIRFLOW_CTX_TASK_ID='checkataa' AIRFLOW_CTX_EXECUTION_DATE='2024-06-19T06:00:00+00:00' AIRFLOW_CTX_TRY_NUMBER='1' AIRFLOW_CTX_DAG_RUN_ID='scheduled__2024-06-19T06:00:00+00:00'
[2024-07-26T12:29:54.672+0000] {taskinstance.py:430} INFO - ::endgroup::
[2024-07-26T12:29:54.691+0000] {python.py:75} INFO - Poking callable: <function check_data_in_table at 0x743a42803060>
[2024-07-26T12:29:54.695+0000] {extract.py:126} INFO - Getting data of the table dtm_motower_gsm 
[2024-07-26T12:29:54.696+0000] {extract.py:127} INFO - where date is 2024-06-18
[2024-07-26T12:29:54.696+0000] {extract.py:102} INFO - get data to date 20240618
[2024-07-26T12:29:54.702+0000] {warnings.py:112} WARNING - /opt/***/dags/gps/common/extract.py:103: UserWarning: pandas only supports SQLAlchemy connectable (engine/connection) or database string URI or sqlite3 DBAPI2 connection. Other DBAPI2 objects are not tested. Please consider using SQLAlchemy.
  df_ = pd.read_sql_query(sql_query, conn, params=params)

[2024-07-26T12:29:54.749+0000] {base.py:294} INFO - Success criteria met. Exiting.
[2024-07-26T12:29:54.750+0000] {taskinstance.py:441} INFO - ::group::Post task execution logs
[2024-07-26T12:29:54.762+0000] {taskinstance.py:1206} INFO - Marking task as SUCCESS. dag_id=motower_daily_prod, task_id=checkataa, run_id=scheduled__2024-06-19T06:00:00+00:00, execution_date=20240619T060000, start_date=20240726T122954, end_date=20240726T122954
[2024-07-26T12:29:54.806+0000] {local_task_job_runner.py:243} INFO - Task exited with return code 0
[2024-07-26T12:29:54.848+0000] {taskinstance.py:3503} INFO - 0 downstream tasks scheduled from follow-on schedule check
[2024-07-26T12:29:54.852+0000] {local_task_job_runner.py:222} INFO - ::endgroup::
[2024-07-26T12:54:11.025+0000] {local_task_job_runner.py:120} INFO - ::group::Pre task execution logs
[2024-07-26T12:54:11.062+0000] {taskinstance.py:2076} INFO - Dependencies all met for dep_context=non-requeueable deps ti=<TaskInstance: motower_daily_prod.checkataa scheduled__2024-06-19T06:00:00+00:00 [queued]>
[2024-07-26T12:54:11.074+0000] {taskinstance.py:2076} INFO - Dependencies all met for dep_context=requeueable deps ti=<TaskInstance: motower_daily_prod.checkataa scheduled__2024-06-19T06:00:00+00:00 [queued]>
[2024-07-26T12:54:11.075+0000] {taskinstance.py:2306} INFO - Starting attempt 1 of 1
[2024-07-26T12:54:11.089+0000] {taskinstance.py:2330} INFO - Executing <Task(PythonSensor): checkataa> on 2024-06-19 06:00:00+00:00
[2024-07-26T12:54:11.104+0000] {warnings.py:112} WARNING - /home/***/.local/lib/python3.12/site-packages/***/task/task_runner/standard_task_runner.py:62: DeprecationWarning: This process (pid=1909) is multi-threaded, use of fork() may lead to deadlocks in the child.
  pid = os.fork()

[2024-07-26T12:54:11.106+0000] {standard_task_runner.py:64} INFO - Started process 1922 to run task
[2024-07-26T12:54:11.106+0000] {standard_task_runner.py:90} INFO - Running: ['***', 'tasks', 'run', 'motower_daily_prod', 'checkataa', 'scheduled__2024-06-19T06:00:00+00:00', '--job-id', '551', '--raw', '--subdir', 'DAGS_FOLDER/gps/custom_dags/motower_daily.py', '--cfg-path', '/tmp/tmp8yprhha1']
[2024-07-26T12:54:11.108+0000] {standard_task_runner.py:91} INFO - Job 551: Subtask checkataa
[2024-07-26T12:54:11.164+0000] {task_command.py:426} INFO - Running <TaskInstance: motower_daily_prod.checkataa scheduled__2024-06-19T06:00:00+00:00 [running]> on host e824106b656d
[2024-07-26T12:54:11.302+0000] {taskinstance.py:2648} INFO - Exporting env vars: AIRFLOW_CTX_DAG_EMAIL='richmond.kongo@orange.com,assane.diop@orange.com,cyrille1.danho@orange.com,mohamed2.sylla@orange.com,amadou.diomande@orange.com,Jonas.kouame@orange.com,armand.kablan@orange.com,anicet.azombade@orange.com,etienne.kouadio@orange.com,bertine.kouakou@orange.com,florentine.kouakou@orange.com,ange.phaceli@orange.com,soulegame.soro@orange.com,innocent.yengo@orange.com' AIRFLOW_CTX_DAG_OWNER='***' AIRFLOW_CTX_DAG_ID='motower_daily_prod' AIRFLOW_CTX_TASK_ID='checkataa' AIRFLOW_CTX_EXECUTION_DATE='2024-06-19T06:00:00+00:00' AIRFLOW_CTX_TRY_NUMBER='1' AIRFLOW_CTX_DAG_RUN_ID='scheduled__2024-06-19T06:00:00+00:00'
[2024-07-26T12:54:11.305+0000] {taskinstance.py:430} INFO - ::endgroup::
[2024-07-26T12:54:11.321+0000] {python.py:75} INFO - Poking callable: <function check_data_in_table at 0x7730f638c2c0>
[2024-07-26T12:54:11.326+0000] {extract.py:126} INFO - Getting data of the table dtm_motower_gsm 
[2024-07-26T12:54:11.326+0000] {extract.py:127} INFO - where date is 2024-06-18
[2024-07-26T12:54:11.327+0000] {extract.py:102} INFO - get data to date 20240618
[2024-07-26T12:54:11.332+0000] {warnings.py:112} WARNING - /opt/***/dags/gps/common/extract.py:103: UserWarning: pandas only supports SQLAlchemy connectable (engine/connection) or database string URI or sqlite3 DBAPI2 connection. Other DBAPI2 objects are not tested. Please consider using SQLAlchemy.
  df_ = pd.read_sql_query(sql_query, conn, params=params)

[2024-07-26T12:54:11.388+0000] {base.py:294} INFO - Success criteria met. Exiting.
[2024-07-26T12:54:11.388+0000] {taskinstance.py:441} INFO - ::group::Post task execution logs
[2024-07-26T12:54:11.402+0000] {taskinstance.py:1206} INFO - Marking task as SUCCESS. dag_id=motower_daily_prod, task_id=checkataa, run_id=scheduled__2024-06-19T06:00:00+00:00, execution_date=20240619T060000, start_date=20240726T125411, end_date=20240726T125411
[2024-07-26T12:54:11.442+0000] {local_task_job_runner.py:243} INFO - Task exited with return code 0
[2024-07-26T12:54:11.491+0000] {taskinstance.py:3503} INFO - 0 downstream tasks scheduled from follow-on schedule check
[2024-07-26T12:54:11.495+0000] {local_task_job_runner.py:222} INFO - ::endgroup::
[2024-07-29T11:59:38.081+0000] {local_task_job_runner.py:120} INFO - ::group::Pre task execution logs
[2024-07-29T11:59:38.109+0000] {taskinstance.py:2076} INFO - Dependencies all met for dep_context=non-requeueable deps ti=<TaskInstance: motower_daily_prod.checkataa scheduled__2024-06-19T06:00:00+00:00 [queued]>
[2024-07-29T11:59:38.121+0000] {taskinstance.py:2076} INFO - Dependencies all met for dep_context=requeueable deps ti=<TaskInstance: motower_daily_prod.checkataa scheduled__2024-06-19T06:00:00+00:00 [queued]>
[2024-07-29T11:59:38.121+0000] {taskinstance.py:2306} INFO - Starting attempt 1 of 1
[2024-07-29T11:59:38.133+0000] {taskinstance.py:2330} INFO - Executing <Task(PythonSensor): checkataa> on 2024-06-19 06:00:00+00:00
[2024-07-29T11:59:38.146+0000] {warnings.py:112} WARNING - /home/***/.local/lib/python3.12/site-packages/***/task/task_runner/standard_task_runner.py:62: DeprecationWarning: This process (pid=3137) is multi-threaded, use of fork() may lead to deadlocks in the child.
  pid = os.fork()

[2024-07-29T11:59:38.147+0000] {standard_task_runner.py:64} INFO - Started process 3147 to run task
[2024-07-29T11:59:38.147+0000] {standard_task_runner.py:90} INFO - Running: ['***', 'tasks', 'run', 'motower_daily_prod', 'checkataa', 'scheduled__2024-06-19T06:00:00+00:00', '--job-id', '851', '--raw', '--subdir', 'DAGS_FOLDER/gps/custom_dags/motower_daily.py', '--cfg-path', '/tmp/tmpu48_by7r']
[2024-07-29T11:59:38.150+0000] {standard_task_runner.py:91} INFO - Job 851: Subtask checkataa
[2024-07-29T11:59:38.191+0000] {task_command.py:426} INFO - Running <TaskInstance: motower_daily_prod.checkataa scheduled__2024-06-19T06:00:00+00:00 [running]> on host e824106b656d
[2024-07-29T11:59:38.279+0000] {taskinstance.py:2648} INFO - Exporting env vars: AIRFLOW_CTX_DAG_EMAIL='richmond.kongo@orange.com,assane.diop@orange.com,cyrille1.danho@orange.com,mohamed2.sylla@orange.com,amadou.diomande@orange.com,Jonas.kouame@orange.com,armand.kablan@orange.com,anicet.azombade@orange.com,etienne.kouadio@orange.com,bertine.kouakou@orange.com,florentine.kouakou@orange.com,ange.phaceli@orange.com,soulegame.soro@orange.com,innocent.yengo@orange.com' AIRFLOW_CTX_DAG_OWNER='***' AIRFLOW_CTX_DAG_ID='motower_daily_prod' AIRFLOW_CTX_TASK_ID='checkataa' AIRFLOW_CTX_EXECUTION_DATE='2024-06-19T06:00:00+00:00' AIRFLOW_CTX_TRY_NUMBER='1' AIRFLOW_CTX_DAG_RUN_ID='scheduled__2024-06-19T06:00:00+00:00'
[2024-07-29T11:59:38.280+0000] {taskinstance.py:430} INFO - ::endgroup::
[2024-07-29T11:59:38.292+0000] {python.py:75} INFO - Poking callable: <function check_data_in_table at 0x7dbbe29aee80>
[2024-07-29T11:59:38.296+0000] {extract.py:126} INFO - Getting data of the table dtm_motower_gsm 
[2024-07-29T11:59:38.296+0000] {extract.py:127} INFO - where date is 2024-06-18
[2024-07-29T11:59:38.296+0000] {extract.py:102} INFO - get data to date 20240618
[2024-07-29T11:59:38.301+0000] {warnings.py:112} WARNING - /opt/***/dags/gps/common/extract.py:103: UserWarning: pandas only supports SQLAlchemy connectable (engine/connection) or database string URI or sqlite3 DBAPI2 connection. Other DBAPI2 objects are not tested. Please consider using SQLAlchemy.
  df_ = pd.read_sql_query(sql_query, conn, params=params)

[2024-07-29T11:59:38.338+0000] {base.py:294} INFO - Success criteria met. Exiting.
[2024-07-29T11:59:38.338+0000] {taskinstance.py:441} INFO - ::group::Post task execution logs
[2024-07-29T11:59:38.347+0000] {taskinstance.py:1206} INFO - Marking task as SUCCESS. dag_id=motower_daily_prod, task_id=checkataa, run_id=scheduled__2024-06-19T06:00:00+00:00, execution_date=20240619T060000, start_date=20240729T115938, end_date=20240729T115938
[2024-07-29T11:59:38.401+0000] {local_task_job_runner.py:243} INFO - Task exited with return code 0
[2024-07-29T11:59:38.438+0000] {taskinstance.py:3503} INFO - 1 downstream tasks scheduled from follow-on schedule check
[2024-07-29T11:59:38.441+0000] {local_task_job_runner.py:222} INFO - ::endgroup::
[2024-07-29T14:32:37.443+0000] {local_task_job_runner.py:120} INFO - ::group::Pre task execution logs
[2024-07-29T14:32:37.476+0000] {taskinstance.py:2076} INFO - Dependencies all met for dep_context=non-requeueable deps ti=<TaskInstance: motower_daily_prod.checkataa scheduled__2024-06-19T06:00:00+00:00 [queued]>
[2024-07-29T14:32:37.487+0000] {taskinstance.py:2076} INFO - Dependencies all met for dep_context=requeueable deps ti=<TaskInstance: motower_daily_prod.checkataa scheduled__2024-06-19T06:00:00+00:00 [queued]>
[2024-07-29T14:32:37.487+0000] {taskinstance.py:2306} INFO - Starting attempt 1 of 1
[2024-07-29T14:32:37.501+0000] {taskinstance.py:2330} INFO - Executing <Task(PythonSensor): checkataa> on 2024-06-19 06:00:00+00:00
[2024-07-29T14:32:37.516+0000] {warnings.py:112} WARNING - /home/***/.local/lib/python3.12/site-packages/***/task/task_runner/standard_task_runner.py:62: DeprecationWarning: This process (pid=1133) is multi-threaded, use of fork() may lead to deadlocks in the child.
  pid = os.fork()

[2024-07-29T14:32:37.518+0000] {standard_task_runner.py:64} INFO - Started process 1145 to run task
[2024-07-29T14:32:37.518+0000] {standard_task_runner.py:90} INFO - Running: ['***', 'tasks', 'run', 'motower_daily_prod', 'checkataa', 'scheduled__2024-06-19T06:00:00+00:00', '--job-id', '1236', '--raw', '--subdir', 'DAGS_FOLDER/gps/custom_dags/motower_daily.py', '--cfg-path', '/tmp/tmpcs_b3it_']
[2024-07-29T14:32:37.520+0000] {standard_task_runner.py:91} INFO - Job 1236: Subtask checkataa
[2024-07-29T14:32:37.584+0000] {task_command.py:426} INFO - Running <TaskInstance: motower_daily_prod.checkataa scheduled__2024-06-19T06:00:00+00:00 [running]> on host e824106b656d
[2024-07-29T14:32:37.703+0000] {taskinstance.py:2648} INFO - Exporting env vars: AIRFLOW_CTX_DAG_EMAIL='richmond.kongo@orange.com,assane.diop@orange.com,cyrille1.danho@orange.com,mohamed2.sylla@orange.com,amadou.diomande@orange.com,Jonas.kouame@orange.com,armand.kablan@orange.com,anicet.azombade@orange.com,etienne.kouadio@orange.com,bertine.kouakou@orange.com,florentine.kouakou@orange.com,ange.phaceli@orange.com,soulegame.soro@orange.com,innocent.yengo@orange.com' AIRFLOW_CTX_DAG_OWNER='***' AIRFLOW_CTX_DAG_ID='motower_daily_prod' AIRFLOW_CTX_TASK_ID='checkataa' AIRFLOW_CTX_EXECUTION_DATE='2024-06-19T06:00:00+00:00' AIRFLOW_CTX_TRY_NUMBER='1' AIRFLOW_CTX_DAG_RUN_ID='scheduled__2024-06-19T06:00:00+00:00'
[2024-07-29T14:32:37.704+0000] {taskinstance.py:430} INFO - ::endgroup::
[2024-07-29T14:32:37.719+0000] {python.py:75} INFO - Poking callable: <function check_data_in_table at 0x7cc16836ab60>
[2024-07-29T14:32:37.724+0000] {extract.py:126} INFO - Getting data of the table dtm_motower_gsm 
[2024-07-29T14:32:37.725+0000] {extract.py:127} INFO - where date is 2024-06-18
[2024-07-29T14:32:37.725+0000] {extract.py:102} INFO - get data to date 20240618
[2024-07-29T14:32:37.732+0000] {warnings.py:112} WARNING - /opt/***/dags/gps/common/extract.py:103: UserWarning: pandas only supports SQLAlchemy connectable (engine/connection) or database string URI or sqlite3 DBAPI2 connection. Other DBAPI2 objects are not tested. Please consider using SQLAlchemy.
  df_ = pd.read_sql_query(sql_query, conn, params=params)

[2024-07-29T14:32:37.789+0000] {base.py:294} INFO - Success criteria met. Exiting.
[2024-07-29T14:32:37.790+0000] {taskinstance.py:441} INFO - ::group::Post task execution logs
[2024-07-29T14:32:37.806+0000] {taskinstance.py:1206} INFO - Marking task as SUCCESS. dag_id=motower_daily_prod, task_id=checkataa, run_id=scheduled__2024-06-19T06:00:00+00:00, execution_date=20240619T060000, start_date=20240729T143237, end_date=20240729T143237
[2024-07-29T14:32:37.853+0000] {local_task_job_runner.py:243} INFO - Task exited with return code 0
[2024-07-29T14:32:37.862+0000] {local_task_job_runner.py:222} INFO - ::endgroup::
[2024-07-30T09:02:23.076+0000] {local_task_job_runner.py:120} INFO - ::group::Pre task execution logs
[2024-07-30T09:02:23.593+0000] {taskinstance.py:2076} INFO - Dependencies all met for dep_context=non-requeueable deps ti=<TaskInstance: motower_daily_prod.checkataa scheduled__2024-06-19T06:00:00+00:00 [queued]>
[2024-07-30T09:02:23.687+0000] {taskinstance.py:2076} INFO - Dependencies all met for dep_context=requeueable deps ti=<TaskInstance: motower_daily_prod.checkataa scheduled__2024-06-19T06:00:00+00:00 [queued]>
[2024-07-30T09:02:23.687+0000] {taskinstance.py:2306} INFO - Starting attempt 1 of 1
[2024-07-30T09:02:23.766+0000] {taskinstance.py:2330} INFO - Executing <Task(PythonSensor): checkataa> on 2024-06-19 06:00:00+00:00
[2024-07-30T09:02:23.791+0000] {warnings.py:112} WARNING - /home/***/.local/lib/python3.12/site-packages/***/task/task_runner/standard_task_runner.py:62: DeprecationWarning: This process (pid=300) is multi-threaded, use of fork() may lead to deadlocks in the child.
  pid = os.fork()

[2024-07-30T09:02:23.794+0000] {standard_task_runner.py:64} INFO - Started process 315 to run task
[2024-07-30T09:02:23.794+0000] {standard_task_runner.py:90} INFO - Running: ['***', 'tasks', 'run', 'motower_daily_prod', 'checkataa', 'scheduled__2024-06-19T06:00:00+00:00', '--job-id', '102', '--raw', '--subdir', 'DAGS_FOLDER/gps/custom_dags/motower_daily.py', '--cfg-path', '/tmp/tmpqvunz03l']
[2024-07-30T09:02:23.822+0000] {standard_task_runner.py:91} INFO - Job 102: Subtask checkataa
[2024-07-30T09:02:23.980+0000] {task_command.py:426} INFO - Running <TaskInstance: motower_daily_prod.checkataa scheduled__2024-06-19T06:00:00+00:00 [running]> on host 7d7c82e77e1e
[2024-07-30T09:02:24.181+0000] {taskinstance.py:2648} INFO - Exporting env vars: AIRFLOW_CTX_DAG_EMAIL='richmond.kongo@orange.com,assane.diop@orange.com,cyrille1.danho@orange.com,mohamed2.sylla@orange.com,amadou.diomande@orange.com,Jonas.kouame@orange.com,armand.kablan@orange.com,anicet.azombade@orange.com,etienne.kouadio@orange.com,bertine.kouakou@orange.com,florentine.kouakou@orange.com,ange.phaceli@orange.com,soulegame.soro@orange.com,innocent.yengo@orange.com' AIRFLOW_CTX_DAG_OWNER='***' AIRFLOW_CTX_DAG_ID='motower_daily_prod' AIRFLOW_CTX_TASK_ID='checkataa' AIRFLOW_CTX_EXECUTION_DATE='2024-06-19T06:00:00+00:00' AIRFLOW_CTX_TRY_NUMBER='1' AIRFLOW_CTX_DAG_RUN_ID='scheduled__2024-06-19T06:00:00+00:00'
[2024-07-30T09:02:24.183+0000] {taskinstance.py:430} INFO - ::endgroup::
[2024-07-30T09:02:24.227+0000] {python.py:75} INFO - Poking callable: <function check_data_in_table at 0x798a9994a520>
[2024-07-30T09:02:24.238+0000] {extract.py:126} INFO - Getting data of the table dtm_motower_gsm 
[2024-07-30T09:02:24.238+0000] {extract.py:127} INFO - where date is 2024-06-18
[2024-07-30T09:02:24.239+0000] {extract.py:102} INFO - get data to date 20240618
[2024-07-30T09:02:24.246+0000] {warnings.py:112} WARNING - /opt/***/dags/gps/common/extract.py:103: UserWarning: pandas only supports SQLAlchemy connectable (engine/connection) or database string URI or sqlite3 DBAPI2 connection. Other DBAPI2 objects are not tested. Please consider using SQLAlchemy.
  df_ = pd.read_sql_query(sql_query, conn, params=params)

[2024-07-30T09:02:24.312+0000] {base.py:294} INFO - Success criteria met. Exiting.
[2024-07-30T09:02:24.312+0000] {taskinstance.py:441} INFO - ::group::Post task execution logs
[2024-07-30T09:02:24.344+0000] {taskinstance.py:1206} INFO - Marking task as SUCCESS. dag_id=motower_daily_prod, task_id=checkataa, run_id=scheduled__2024-06-19T06:00:00+00:00, execution_date=20240619T060000, start_date=20240730T090223, end_date=20240730T090224
[2024-07-30T09:02:24.388+0000] {local_task_job_runner.py:243} INFO - Task exited with return code 0
[2024-07-30T09:02:24.463+0000] {taskinstance.py:3503} INFO - 0 downstream tasks scheduled from follow-on schedule check
[2024-07-30T09:02:24.469+0000] {local_task_job_runner.py:222} INFO - ::endgroup::
[2024-07-30T11:13:54.561+0000] {local_task_job_runner.py:120} INFO - ::group::Pre task execution logs
[2024-07-30T11:13:54.644+0000] {taskinstance.py:2076} INFO - Dependencies all met for dep_context=non-requeueable deps ti=<TaskInstance: motower_daily_prod.checkataa scheduled__2024-06-19T06:00:00+00:00 [queued]>
[2024-07-30T11:13:54.670+0000] {taskinstance.py:2076} INFO - Dependencies all met for dep_context=requeueable deps ti=<TaskInstance: motower_daily_prod.checkataa scheduled__2024-06-19T06:00:00+00:00 [queued]>
[2024-07-30T11:13:54.671+0000] {taskinstance.py:2306} INFO - Starting attempt 1 of 1
[2024-07-30T11:13:55.396+0000] {taskinstance.py:2330} INFO - Executing <Task(PythonSensor): checkataa> on 2024-06-19 06:00:00+00:00
[2024-07-30T11:13:55.432+0000] {standard_task_runner.py:90} INFO - Running: ['***', 'tasks', 'run', 'motower_daily_prod', 'checkataa', 'scheduled__2024-06-19T06:00:00+00:00', '--job-id', '496', '--raw', '--subdir', 'DAGS_FOLDER/gps/custom_dags/motower_daily.py', '--cfg-path', '/tmp/tmp6vfwujy5']
[2024-07-30T11:13:55.413+0000] {warnings.py:112} WARNING - /home/***/.local/lib/python3.12/site-packages/***/task/task_runner/standard_task_runner.py:62: DeprecationWarning: This process (pid=3179) is multi-threaded, use of fork() may lead to deadlocks in the child.
  pid = os.fork()

[2024-07-30T11:13:55.450+0000] {standard_task_runner.py:91} INFO - Job 496: Subtask checkataa
[2024-07-30T11:13:55.453+0000] {standard_task_runner.py:64} INFO - Started process 3198 to run task
[2024-07-30T11:13:55.577+0000] {task_command.py:426} INFO - Running <TaskInstance: motower_daily_prod.checkataa scheduled__2024-06-19T06:00:00+00:00 [running]> on host 7d7c82e77e1e
[2024-07-30T11:13:55.807+0000] {taskinstance.py:2648} INFO - Exporting env vars: AIRFLOW_CTX_DAG_EMAIL='richmond.kongo@orange.com,assane.diop@orange.com,cyrille1.danho@orange.com,mohamed2.sylla@orange.com,amadou.diomande@orange.com,Jonas.kouame@orange.com,armand.kablan@orange.com,anicet.azombade@orange.com,etienne.kouadio@orange.com,bertine.kouakou@orange.com,florentine.kouakou@orange.com,ange.phaceli@orange.com,soulegame.soro@orange.com,innocent.yengo@orange.com' AIRFLOW_CTX_DAG_OWNER='***' AIRFLOW_CTX_DAG_ID='motower_daily_prod' AIRFLOW_CTX_TASK_ID='checkataa' AIRFLOW_CTX_EXECUTION_DATE='2024-06-19T06:00:00+00:00' AIRFLOW_CTX_TRY_NUMBER='1' AIRFLOW_CTX_DAG_RUN_ID='scheduled__2024-06-19T06:00:00+00:00'
[2024-07-30T11:13:55.810+0000] {taskinstance.py:430} INFO - ::endgroup::
[2024-07-30T11:13:55.842+0000] {python.py:75} INFO - Poking callable: <function check_data_in_table at 0x798a999cb7e0>
[2024-07-30T11:13:55.849+0000] {extract.py:126} INFO - Getting data of the table dtm_motower_gsm 
[2024-07-30T11:13:55.850+0000] {extract.py:127} INFO - where date is 2024-06-18
[2024-07-30T11:13:55.851+0000] {extract.py:102} INFO - get data to date 20240618
[2024-07-30T11:13:55.860+0000] {warnings.py:112} WARNING - /opt/***/dags/gps/common/extract.py:103: UserWarning: pandas only supports SQLAlchemy connectable (engine/connection) or database string URI or sqlite3 DBAPI2 connection. Other DBAPI2 objects are not tested. Please consider using SQLAlchemy.
  df_ = pd.read_sql_query(sql_query, conn, params=params)

[2024-07-30T11:13:55.958+0000] {base.py:294} INFO - Success criteria met. Exiting.
[2024-07-30T11:13:55.959+0000] {taskinstance.py:441} INFO - ::group::Post task execution logs
[2024-07-30T11:13:55.976+0000] {taskinstance.py:1206} INFO - Marking task as SUCCESS. dag_id=motower_daily_prod, task_id=checkataa, run_id=scheduled__2024-06-19T06:00:00+00:00, execution_date=20240619T060000, start_date=20240730T111354, end_date=20240730T111355
[2024-07-30T11:13:56.015+0000] {local_task_job_runner.py:243} INFO - Task exited with return code 0
[2024-07-30T11:13:56.129+0000] {taskinstance.py:3503} INFO - 0 downstream tasks scheduled from follow-on schedule check
[2024-07-30T11:13:56.138+0000] {local_task_job_runner.py:222} INFO - ::endgroup::
[2024-08-02T12:23:44.563+0000] {local_task_job_runner.py:120} INFO - ::group::Pre task execution logs
[2024-08-02T12:23:44.641+0000] {taskinstance.py:2076} INFO - Dependencies all met for dep_context=non-requeueable deps ti=<TaskInstance: motower_daily_prod.checkataa scheduled__2024-06-19T06:00:00+00:00 [queued]>
[2024-08-02T12:23:44.668+0000] {taskinstance.py:2076} INFO - Dependencies all met for dep_context=requeueable deps ti=<TaskInstance: motower_daily_prod.checkataa scheduled__2024-06-19T06:00:00+00:00 [queued]>
[2024-08-02T12:23:44.670+0000] {taskinstance.py:2306} INFO - Starting attempt 1 of 1
[2024-08-02T12:23:44.728+0000] {taskinstance.py:2330} INFO - Executing <Task(PythonSensor): checkataa> on 2024-06-19 06:00:00+00:00
[2024-08-02T12:23:44.745+0000] {warnings.py:112} WARNING - /home/***/.local/lib/python3.12/site-packages/***/task/task_runner/standard_task_runner.py:62: DeprecationWarning: This process (pid=997) is multi-threaded, use of fork() may lead to deadlocks in the child.
  pid = os.fork()

[2024-08-02T12:23:44.748+0000] {standard_task_runner.py:64} INFO - Started process 1013 to run task
[2024-08-02T12:23:44.753+0000] {standard_task_runner.py:90} INFO - Running: ['***', 'tasks', 'run', 'motower_daily_prod', 'checkataa', 'scheduled__2024-06-19T06:00:00+00:00', '--job-id', '915', '--raw', '--subdir', 'DAGS_FOLDER/gps/custom_dags/motower_daily.py', '--cfg-path', '/tmp/tmpb29aszc5']
[2024-08-02T12:23:44.759+0000] {standard_task_runner.py:91} INFO - Job 915: Subtask checkataa
[2024-08-02T12:23:44.935+0000] {task_command.py:426} INFO - Running <TaskInstance: motower_daily_prod.checkataa scheduled__2024-06-19T06:00:00+00:00 [running]> on host 0ed00079025b
[2024-08-02T12:23:45.313+0000] {taskinstance.py:2648} INFO - Exporting env vars: AIRFLOW_CTX_DAG_EMAIL='richmond.kongo@orange.com,assane.diop@orange.com,cyrille1.danho@orange.com,mohamed2.sylla@orange.com,amadou.diomande@orange.com,Jonas.kouame@orange.com,armand.kablan@orange.com,anicet.azombade@orange.com,etienne.kouadio@orange.com,bertine.kouakou@orange.com,florentine.kouakou@orange.com,ange.phaceli@orange.com,soulegame.soro@orange.com,innocent.yengo@orange.com' AIRFLOW_CTX_DAG_OWNER='***' AIRFLOW_CTX_DAG_ID='motower_daily_prod' AIRFLOW_CTX_TASK_ID='checkataa' AIRFLOW_CTX_EXECUTION_DATE='2024-06-19T06:00:00+00:00' AIRFLOW_CTX_TRY_NUMBER='1' AIRFLOW_CTX_DAG_RUN_ID='scheduled__2024-06-19T06:00:00+00:00'
[2024-08-02T12:23:45.319+0000] {taskinstance.py:430} INFO - ::endgroup::
[2024-08-02T12:23:45.361+0000] {python.py:75} INFO - Poking callable: <function check_data_in_table at 0x7059afe0d940>
[2024-08-02T12:23:45.395+0000] {extract.py:126} INFO - Getting data of the table dtm_motower_gsm 
[2024-08-02T12:23:45.397+0000] {extract.py:127} INFO - where date is 2024-06-18
[2024-08-02T12:23:45.398+0000] {extract.py:102} INFO - get data to date 20240618
[2024-08-02T12:23:45.419+0000] {warnings.py:112} WARNING - /opt/***/dags/gps/common/extract.py:103: UserWarning: pandas only supports SQLAlchemy connectable (engine/connection) or database string URI or sqlite3 DBAPI2 connection. Other DBAPI2 objects are not tested. Please consider using SQLAlchemy.
  df_ = pd.read_sql_query(sql_query, conn, params=params)

[2024-08-02T12:23:45.542+0000] {base.py:294} INFO - Success criteria met. Exiting.
[2024-08-02T12:23:45.542+0000] {taskinstance.py:441} INFO - ::group::Post task execution logs
[2024-08-02T12:23:45.605+0000] {taskinstance.py:1206} INFO - Marking task as SUCCESS. dag_id=motower_daily_prod, task_id=checkataa, run_id=scheduled__2024-06-19T06:00:00+00:00, execution_date=20240619T060000, start_date=20240802T122344, end_date=20240802T122345
[2024-08-02T12:23:45.731+0000] {local_task_job_runner.py:243} INFO - Task exited with return code 0
[2024-08-02T12:23:45.782+0000] {local_task_job_runner.py:222} INFO - ::endgroup::
