[2024-08-06T17:00:20.689+0000] {local_task_job_runner.py:120} INFO - ::group::Pre task execution logs
[2024-08-06T17:00:20.773+0000] {taskinstance.py:2076} INFO - Dependencies all met for dep_context=non-requeueable deps ti=<TaskInstance: motower_daily_prod.sensor_trafic scheduled__2024-02-02T06:00:00+00:00 [queued]>
[2024-08-06T17:00:20.811+0000] {taskinstance.py:2076} INFO - Dependencies all met for dep_context=requeueable deps ti=<TaskInstance: motower_daily_prod.sensor_trafic scheduled__2024-02-02T06:00:00+00:00 [queued]>
[2024-08-06T17:00:20.811+0000] {taskinstance.py:2306} INFO - Starting attempt 1 of 1
[2024-08-06T17:00:20.855+0000] {taskinstance.py:2330} INFO - Executing <Task(PythonSensor): sensor_trafic> on 2024-02-02 06:00:00+00:00
[2024-08-06T17:00:20.876+0000] {warnings.py:112} WARNING - /home/***/.local/lib/python3.12/site-packages/***/task/task_runner/standard_task_runner.py:62: DeprecationWarning: This process (pid=1895) is multi-threaded, use of fork() may lead to deadlocks in the child.
  pid = os.fork()

[2024-08-06T17:00:20.886+0000] {standard_task_runner.py:64} INFO - Started process 1913 to run task
[2024-08-06T17:00:20.882+0000] {standard_task_runner.py:90} INFO - Running: ['***', 'tasks', 'run', 'motower_daily_prod', 'sensor_trafic', 'scheduled__2024-02-02T06:00:00+00:00', '--job-id', '320', '--raw', '--subdir', 'DAGS_FOLDER/gps/custom_dags/motower_daily.py', '--cfg-path', '/tmp/tmpsyoja34m']
[2024-08-06T17:00:20.890+0000] {standard_task_runner.py:91} INFO - Job 320: Subtask sensor_trafic
[2024-08-06T17:00:21.033+0000] {task_command.py:426} INFO - Running <TaskInstance: motower_daily_prod.sensor_trafic scheduled__2024-02-02T06:00:00+00:00 [running]> on host 13681191f11c
[2024-08-06T17:00:21.373+0000] {taskinstance.py:2648} INFO - Exporting env vars: AIRFLOW_CTX_DAG_EMAIL='richmond.kongo@orange.com,assane.diop@orange.com,cyrille1.danho@orange.com,mohamed2.sylla@orange.com,amadou.diomande@orange.com,Jonas.kouame@orange.com,armand.kablan@orange.com,anicet.azombade@orange.com,etienne.kouadio@orange.com,bertine.kouakou@orange.com,florentine.kouakou@orange.com,ange.phaceli@orange.com,soulegame.soro@orange.com,innocent.yengo@orange.com' AIRFLOW_CTX_DAG_OWNER='***' AIRFLOW_CTX_DAG_ID='motower_daily_prod' AIRFLOW_CTX_TASK_ID='sensor_trafic' AIRFLOW_CTX_EXECUTION_DATE='2024-02-02T06:00:00+00:00' AIRFLOW_CTX_TRY_NUMBER='1' AIRFLOW_CTX_DAG_RUN_ID='scheduled__2024-02-02T06:00:00+00:00'
[2024-08-06T17:00:21.374+0000] {taskinstance.py:430} INFO - ::endgroup::
[2024-08-06T17:00:21.407+0000] {python.py:75} INFO - Poking callable: <function check_data_in_table at 0x701c428fafc0>
[2024-08-06T17:00:21.417+0000] {extract.py:126} INFO - Getting data of the table ks_daily_tdb_radio_drsi 
[2024-08-06T17:00:21.418+0000] {extract.py:127} INFO - where date is 2024-02-01
[2024-08-06T17:00:21.419+0000] {extract.py:102} INFO - get data to date 2024-02-01
[2024-08-06T17:00:21.429+0000] {warnings.py:112} WARNING - /opt/***/dags/gps/common/extract.py:103: UserWarning: pandas only supports SQLAlchemy connectable (engine/connection) or database string URI or sqlite3 DBAPI2 connection. Other DBAPI2 objects are not tested. Please consider using SQLAlchemy.
  df_ = pd.read_sql_query(sql_query, conn, params=params)

[2024-08-06T17:00:21.814+0000] {base.py:294} INFO - Success criteria met. Exiting.
[2024-08-06T17:00:21.815+0000] {taskinstance.py:441} INFO - ::group::Post task execution logs
[2024-08-06T17:00:21.840+0000] {taskinstance.py:1206} INFO - Marking task as SUCCESS. dag_id=motower_daily_prod, task_id=sensor_trafic, run_id=scheduled__2024-02-02T06:00:00+00:00, execution_date=20240202T060000, start_date=20240806T170020, end_date=20240806T170021
[2024-08-06T17:00:21.899+0000] {local_task_job_runner.py:243} INFO - Task exited with return code 0
[2024-08-06T17:00:21.928+0000] {local_task_job_runner.py:222} INFO - ::endgroup::
[2024-08-06T17:30:35.003+0000] {local_task_job_runner.py:120} INFO - ::group::Pre task execution logs
[2024-08-06T17:30:35.187+0000] {taskinstance.py:2076} INFO - Dependencies all met for dep_context=non-requeueable deps ti=<TaskInstance: motower_daily_prod.sensor_trafic scheduled__2024-02-02T06:00:00+00:00 [queued]>
[2024-08-06T17:30:35.231+0000] {taskinstance.py:2076} INFO - Dependencies all met for dep_context=requeueable deps ti=<TaskInstance: motower_daily_prod.sensor_trafic scheduled__2024-02-02T06:00:00+00:00 [queued]>
[2024-08-06T17:30:35.232+0000] {taskinstance.py:2306} INFO - Starting attempt 1 of 1
[2024-08-06T17:30:35.558+0000] {taskinstance.py:2330} INFO - Executing <Task(PythonSensor): sensor_trafic> on 2024-02-02 06:00:00+00:00
[2024-08-06T17:30:35.577+0000] {warnings.py:112} WARNING - /home/***/.local/lib/python3.12/site-packages/***/task/task_runner/standard_task_runner.py:62: DeprecationWarning: This process (pid=6017) is multi-threaded, use of fork() may lead to deadlocks in the child.
  pid = os.fork()

[2024-08-06T17:30:35.579+0000] {standard_task_runner.py:64} INFO - Started process 6036 to run task
[2024-08-06T17:30:35.580+0000] {standard_task_runner.py:90} INFO - Running: ['***', 'tasks', 'run', 'motower_daily_prod', 'sensor_trafic', 'scheduled__2024-02-02T06:00:00+00:00', '--job-id', '1578', '--raw', '--subdir', 'DAGS_FOLDER/gps/custom_dags/motower_daily.py', '--cfg-path', '/tmp/tmpxqlt04in']
[2024-08-06T17:30:35.590+0000] {standard_task_runner.py:91} INFO - Job 1578: Subtask sensor_trafic
[2024-08-06T17:30:35.788+0000] {task_command.py:426} INFO - Running <TaskInstance: motower_daily_prod.sensor_trafic scheduled__2024-02-02T06:00:00+00:00 [running]> on host 13681191f11c
[2024-08-06T17:30:36.195+0000] {taskinstance.py:2648} INFO - Exporting env vars: AIRFLOW_CTX_DAG_EMAIL='richmond.kongo@orange.com,assane.diop@orange.com,cyrille1.danho@orange.com,mohamed2.sylla@orange.com,amadou.diomande@orange.com,Jonas.kouame@orange.com,armand.kablan@orange.com,anicet.azombade@orange.com,etienne.kouadio@orange.com,bertine.kouakou@orange.com,florentine.kouakou@orange.com,ange.phaceli@orange.com,soulegame.soro@orange.com,innocent.yengo@orange.com' AIRFLOW_CTX_DAG_OWNER='***' AIRFLOW_CTX_DAG_ID='motower_daily_prod' AIRFLOW_CTX_TASK_ID='sensor_trafic' AIRFLOW_CTX_EXECUTION_DATE='2024-02-02T06:00:00+00:00' AIRFLOW_CTX_TRY_NUMBER='1' AIRFLOW_CTX_DAG_RUN_ID='scheduled__2024-02-02T06:00:00+00:00'
[2024-08-06T17:30:36.197+0000] {taskinstance.py:430} INFO - ::endgroup::
[2024-08-06T17:30:36.239+0000] {python.py:75} INFO - Poking callable: <function check_data_in_table at 0x701c2702f7e0>
[2024-08-06T17:30:36.248+0000] {extract.py:126} INFO - Getting data of the table ks_daily_tdb_radio_drsi 
[2024-08-06T17:30:36.249+0000] {extract.py:127} INFO - where date is 2024-02-01
[2024-08-06T17:30:36.250+0000] {extract.py:102} INFO - get data to date 2024-02-01
[2024-08-06T17:30:36.267+0000] {warnings.py:112} WARNING - /opt/***/dags/gps/common/extract.py:103: UserWarning: pandas only supports SQLAlchemy connectable (engine/connection) or database string URI or sqlite3 DBAPI2 connection. Other DBAPI2 objects are not tested. Please consider using SQLAlchemy.
  df_ = pd.read_sql_query(sql_query, conn, params=params)

[2024-08-06T17:30:36.726+0000] {base.py:294} INFO - Success criteria met. Exiting.
[2024-08-06T17:30:36.727+0000] {taskinstance.py:441} INFO - ::group::Post task execution logs
[2024-08-06T17:30:36.791+0000] {taskinstance.py:1206} INFO - Marking task as SUCCESS. dag_id=motower_daily_prod, task_id=sensor_trafic, run_id=scheduled__2024-02-02T06:00:00+00:00, execution_date=20240202T060000, start_date=20240806T173035, end_date=20240806T173036
[2024-08-06T17:30:36.862+0000] {local_task_job_runner.py:243} INFO - Task exited with return code 0
[2024-08-06T17:30:36.891+0000] {local_task_job_runner.py:222} INFO - ::endgroup::
[2024-08-06T18:18:38.880+0000] {local_task_job_runner.py:120} INFO - ::group::Pre task execution logs
[2024-08-06T18:18:38.935+0000] {taskinstance.py:2076} INFO - Dependencies all met for dep_context=non-requeueable deps ti=<TaskInstance: motower_daily_prod.sensor_trafic scheduled__2024-02-02T06:00:00+00:00 [queued]>
[2024-08-06T18:18:38.953+0000] {taskinstance.py:2076} INFO - Dependencies all met for dep_context=requeueable deps ti=<TaskInstance: motower_daily_prod.sensor_trafic scheduled__2024-02-02T06:00:00+00:00 [queued]>
[2024-08-06T18:18:38.954+0000] {taskinstance.py:2306} INFO - Starting attempt 1 of 1
[2024-08-06T18:18:38.977+0000] {taskinstance.py:2330} INFO - Executing <Task(PythonSensor): sensor_trafic> on 2024-02-02 06:00:00+00:00
[2024-08-06T18:18:38.988+0000] {warnings.py:112} WARNING - /home/***/.local/lib/python3.12/site-packages/***/task/task_runner/standard_task_runner.py:62: DeprecationWarning: This process (pid=9934) is multi-threaded, use of fork() may lead to deadlocks in the child.
  pid = os.fork()

[2024-08-06T18:18:38.990+0000] {standard_task_runner.py:64} INFO - Started process 9942 to run task
[2024-08-06T18:18:38.990+0000] {standard_task_runner.py:90} INFO - Running: ['***', 'tasks', 'run', 'motower_daily_prod', 'sensor_trafic', 'scheduled__2024-02-02T06:00:00+00:00', '--job-id', '2691', '--raw', '--subdir', 'DAGS_FOLDER/gps/custom_dags/motower_daily.py', '--cfg-path', '/tmp/tmpm98wke39']
[2024-08-06T18:18:38.994+0000] {standard_task_runner.py:91} INFO - Job 2691: Subtask sensor_trafic
[2024-08-06T18:18:39.070+0000] {task_command.py:426} INFO - Running <TaskInstance: motower_daily_prod.sensor_trafic scheduled__2024-02-02T06:00:00+00:00 [running]> on host 13681191f11c
[2024-08-06T18:18:39.234+0000] {taskinstance.py:2648} INFO - Exporting env vars: AIRFLOW_CTX_DAG_EMAIL='richmond.kongo@orange.com,assane.diop@orange.com,cyrille1.danho@orange.com,mohamed2.sylla@orange.com,amadou.diomande@orange.com,Jonas.kouame@orange.com,armand.kablan@orange.com,anicet.azombade@orange.com,etienne.kouadio@orange.com,bertine.kouakou@orange.com,florentine.kouakou@orange.com,ange.phaceli@orange.com,soulegame.soro@orange.com,innocent.yengo@orange.com' AIRFLOW_CTX_DAG_OWNER='***' AIRFLOW_CTX_DAG_ID='motower_daily_prod' AIRFLOW_CTX_TASK_ID='sensor_trafic' AIRFLOW_CTX_EXECUTION_DATE='2024-02-02T06:00:00+00:00' AIRFLOW_CTX_TRY_NUMBER='1' AIRFLOW_CTX_DAG_RUN_ID='scheduled__2024-02-02T06:00:00+00:00'
[2024-08-06T18:18:39.236+0000] {taskinstance.py:430} INFO - ::endgroup::
[2024-08-06T18:18:39.258+0000] {python.py:75} INFO - Poking callable: <function check_data_in_table at 0x701c41fe02c0>
[2024-08-06T18:18:39.264+0000] {extract.py:126} INFO - Getting data of the table ks_daily_tdb_radio_drsi 
[2024-08-06T18:18:39.265+0000] {extract.py:127} INFO - where date is 2024-02-01
[2024-08-06T18:18:39.265+0000] {extract.py:102} INFO - get data to date 2024-02-01
[2024-08-06T18:18:39.276+0000] {warnings.py:112} WARNING - /opt/***/dags/gps/common/extract.py:103: UserWarning: pandas only supports SQLAlchemy connectable (engine/connection) or database string URI or sqlite3 DBAPI2 connection. Other DBAPI2 objects are not tested. Please consider using SQLAlchemy.
  df_ = pd.read_sql_query(sql_query, conn, params=params)

[2024-08-06T18:18:39.526+0000] {base.py:294} INFO - Success criteria met. Exiting.
[2024-08-06T18:18:39.526+0000] {taskinstance.py:441} INFO - ::group::Post task execution logs
[2024-08-06T18:18:39.540+0000] {taskinstance.py:1206} INFO - Marking task as SUCCESS. dag_id=motower_daily_prod, task_id=sensor_trafic, run_id=scheduled__2024-02-02T06:00:00+00:00, execution_date=20240202T060000, start_date=20240806T181838, end_date=20240806T181839
[2024-08-06T18:18:39.566+0000] {local_task_job_runner.py:243} INFO - Task exited with return code 0
[2024-08-06T18:18:39.580+0000] {local_task_job_runner.py:222} INFO - ::endgroup::
