[2024-08-06T17:08:51.839+0000] {local_task_job_runner.py:120} INFO - ::group::Pre task execution logs
[2024-08-06T17:08:51.979+0000] {taskinstance.py:2076} INFO - Dependencies all met for dep_context=non-requeueable deps ti=<TaskInstance: motower_daily_prod.extract_congestion scheduled__2024-04-04T06:00:00+00:00 [queued]>
[2024-08-06T17:08:52.075+0000] {taskinstance.py:2076} INFO - Dependencies all met for dep_context=requeueable deps ti=<TaskInstance: motower_daily_prod.extract_congestion scheduled__2024-04-04T06:00:00+00:00 [queued]>
[2024-08-06T17:08:52.080+0000] {taskinstance.py:2306} INFO - Starting attempt 1 of 1
[2024-08-06T17:08:52.144+0000] {taskinstance.py:2330} INFO - Executing <Task(PythonOperator): extract_congestion> on 2024-04-04 06:00:00+00:00
[2024-08-06T17:08:52.194+0000] {warnings.py:112} WARNING - /home/***/.local/lib/python3.12/site-packages/***/task/task_runner/standard_task_runner.py:62: DeprecationWarning: This process (pid=3680) is multi-threaded, use of fork() may lead to deadlocks in the child.
  pid = os.fork()

[2024-08-06T17:08:52.196+0000] {standard_task_runner.py:64} INFO - Started process 3696 to run task
[2024-08-06T17:08:52.193+0000] {standard_task_runner.py:90} INFO - Running: ['***', 'tasks', 'run', 'motower_daily_prod', 'extract_congestion', 'scheduled__2024-04-04T06:00:00+00:00', '--job-id', '889', '--raw', '--subdir', 'DAGS_FOLDER/gps/custom_dags/motower_daily.py', '--cfg-path', '/tmp/tmpy_toijy9']
[2024-08-06T17:08:52.198+0000] {standard_task_runner.py:91} INFO - Job 889: Subtask extract_congestion
[2024-08-06T17:08:52.339+0000] {task_command.py:426} INFO - Running <TaskInstance: motower_daily_prod.extract_congestion scheduled__2024-04-04T06:00:00+00:00 [running]> on host 13681191f11c
[2024-08-06T17:08:52.856+0000] {taskinstance.py:2648} INFO - Exporting env vars: AIRFLOW_CTX_DAG_EMAIL='richmond.kongo@orange.com,assane.diop@orange.com,cyrille1.danho@orange.com,mohamed2.sylla@orange.com,amadou.diomande@orange.com,Jonas.kouame@orange.com,armand.kablan@orange.com,anicet.azombade@orange.com,etienne.kouadio@orange.com,bertine.kouakou@orange.com,florentine.kouakou@orange.com,ange.phaceli@orange.com,soulegame.soro@orange.com,innocent.yengo@orange.com' AIRFLOW_CTX_DAG_OWNER='***' AIRFLOW_CTX_DAG_ID='motower_daily_prod' AIRFLOW_CTX_TASK_ID='extract_congestion' AIRFLOW_CTX_EXECUTION_DATE='2024-04-04T06:00:00+00:00' AIRFLOW_CTX_TRY_NUMBER='1' AIRFLOW_CTX_DAG_RUN_ID='scheduled__2024-04-04T06:00:00+00:00'
[2024-08-06T17:08:52.858+0000] {taskinstance.py:430} INFO - ::endgroup::
[2024-08-06T17:08:52.948+0000] {extract.py:126} INFO - Getting data of the table ks_hebdo_tdb_radio_drsi 
[2024-08-06T17:08:52.949+0000] {extract.py:127} INFO - where date is 2024-04-03
[2024-08-06T17:08:52.950+0000] {extract.py:98} INFO - get data to date 14 and year 2024
[2024-08-06T17:08:52.962+0000] {warnings.py:112} WARNING - /opt/***/dags/gps/common/extract.py:99: UserWarning: pandas only supports SQLAlchemy connectable (engine/connection) or database string URI or sqlite3 DBAPI2 connection. Other DBAPI2 objects are not tested. Please consider using SQLAlchemy.
  df_ = pd.read_sql_query(sql_query, conn, params=params)

[2024-08-06T17:08:53.360+0000] {rwminio.py:19} INFO - start to save data
[2024-08-06T17:08:53.617+0000] {rwminio.py:34} INFO - data in minio ok
[2024-08-06T17:08:53.635+0000] {python.py:237} INFO - Done. Returned value was: None
[2024-08-06T17:08:53.637+0000] {taskinstance.py:441} INFO - ::group::Post task execution logs
[2024-08-06T17:08:53.668+0000] {taskinstance.py:1206} INFO - Marking task as SUCCESS. dag_id=motower_daily_prod, task_id=extract_congestion, run_id=scheduled__2024-04-04T06:00:00+00:00, execution_date=20240404T060000, start_date=20240806T170851, end_date=20240806T170853
[2024-08-06T17:08:54.075+0000] {local_task_job_runner.py:243} INFO - Task exited with return code 0
[2024-08-06T17:08:54.141+0000] {taskinstance.py:3503} INFO - 1 downstream tasks scheduled from follow-on schedule check
[2024-08-06T17:08:54.171+0000] {local_task_job_runner.py:222} INFO - ::endgroup::
[2024-08-06T17:39:24.107+0000] {local_task_job_runner.py:120} INFO - ::group::Pre task execution logs
[2024-08-06T17:39:24.225+0000] {taskinstance.py:2076} INFO - Dependencies all met for dep_context=non-requeueable deps ti=<TaskInstance: motower_daily_prod.extract_congestion scheduled__2024-04-04T06:00:00+00:00 [queued]>
[2024-08-06T17:39:24.265+0000] {taskinstance.py:2076} INFO - Dependencies all met for dep_context=requeueable deps ti=<TaskInstance: motower_daily_prod.extract_congestion scheduled__2024-04-04T06:00:00+00:00 [queued]>
[2024-08-06T17:39:24.267+0000] {taskinstance.py:2306} INFO - Starting attempt 1 of 1
[2024-08-06T17:39:24.309+0000] {taskinstance.py:2330} INFO - Executing <Task(PythonOperator): extract_congestion> on 2024-04-04 06:00:00+00:00
[2024-08-06T17:39:24.333+0000] {warnings.py:112} WARNING - /home/***/.local/lib/python3.12/site-packages/***/task/task_runner/standard_task_runner.py:62: DeprecationWarning: This process (pid=7832) is multi-threaded, use of fork() may lead to deadlocks in the child.
  pid = os.fork()

[2024-08-06T17:39:24.339+0000] {standard_task_runner.py:90} INFO - Running: ['***', 'tasks', 'run', 'motower_daily_prod', 'extract_congestion', 'scheduled__2024-04-04T06:00:00+00:00', '--job-id', '2150', '--raw', '--subdir', 'DAGS_FOLDER/gps/custom_dags/motower_daily.py', '--cfg-path', '/tmp/tmp7ieya52i']
[2024-08-06T17:39:24.342+0000] {standard_task_runner.py:64} INFO - Started process 7845 to run task
[2024-08-06T17:39:24.356+0000] {standard_task_runner.py:91} INFO - Job 2150: Subtask extract_congestion
[2024-08-06T17:39:24.572+0000] {task_command.py:426} INFO - Running <TaskInstance: motower_daily_prod.extract_congestion scheduled__2024-04-04T06:00:00+00:00 [running]> on host 13681191f11c
[2024-08-06T17:39:24.936+0000] {taskinstance.py:2648} INFO - Exporting env vars: AIRFLOW_CTX_DAG_EMAIL='richmond.kongo@orange.com,assane.diop@orange.com,cyrille1.danho@orange.com,mohamed2.sylla@orange.com,amadou.diomande@orange.com,Jonas.kouame@orange.com,armand.kablan@orange.com,anicet.azombade@orange.com,etienne.kouadio@orange.com,bertine.kouakou@orange.com,florentine.kouakou@orange.com,ange.phaceli@orange.com,soulegame.soro@orange.com,innocent.yengo@orange.com' AIRFLOW_CTX_DAG_OWNER='***' AIRFLOW_CTX_DAG_ID='motower_daily_prod' AIRFLOW_CTX_TASK_ID='extract_congestion' AIRFLOW_CTX_EXECUTION_DATE='2024-04-04T06:00:00+00:00' AIRFLOW_CTX_TRY_NUMBER='1' AIRFLOW_CTX_DAG_RUN_ID='scheduled__2024-04-04T06:00:00+00:00'
[2024-08-06T17:39:24.937+0000] {taskinstance.py:430} INFO - ::endgroup::
[2024-08-06T17:39:24.992+0000] {extract.py:126} INFO - Getting data of the table ks_hebdo_tdb_radio_drsi 
[2024-08-06T17:39:25.000+0000] {extract.py:127} INFO - where date is 2024-04-03
[2024-08-06T17:39:25.001+0000] {extract.py:98} INFO - get data to date 14 and year 2024
[2024-08-06T17:39:25.035+0000] {warnings.py:112} WARNING - /opt/***/dags/gps/common/extract.py:99: UserWarning: pandas only supports SQLAlchemy connectable (engine/connection) or database string URI or sqlite3 DBAPI2 connection. Other DBAPI2 objects are not tested. Please consider using SQLAlchemy.
  df_ = pd.read_sql_query(sql_query, conn, params=params)

[2024-08-06T17:39:25.528+0000] {rwminio.py:19} INFO - start to save data
[2024-08-06T17:39:25.895+0000] {rwminio.py:34} INFO - data in minio ok
[2024-08-06T17:39:25.904+0000] {python.py:237} INFO - Done. Returned value was: None
[2024-08-06T17:39:25.905+0000] {taskinstance.py:441} INFO - ::group::Post task execution logs
[2024-08-06T17:39:25.944+0000] {taskinstance.py:1206} INFO - Marking task as SUCCESS. dag_id=motower_daily_prod, task_id=extract_congestion, run_id=scheduled__2024-04-04T06:00:00+00:00, execution_date=20240404T060000, start_date=20240806T173924, end_date=20240806T173925
[2024-08-06T17:39:26.379+0000] {local_task_job_runner.py:243} INFO - Task exited with return code 0
[2024-08-06T17:39:26.538+0000] {taskinstance.py:3503} INFO - 0 downstream tasks scheduled from follow-on schedule check
[2024-08-06T17:39:26.547+0000] {local_task_job_runner.py:222} INFO - ::endgroup::
