[2024-08-06T17:06:47.197+0000] {local_task_job_runner.py:120} INFO - ::group::Pre task execution logs
[2024-08-06T17:06:47.613+0000] {taskinstance.py:2076} INFO - Dependencies all met for dep_context=non-requeueable deps ti=<TaskInstance: motower_daily_prod.checkataa scheduled__2024-03-19T06:00:00+00:00 [queued]>
[2024-08-06T17:06:47.638+0000] {taskinstance.py:2076} INFO - Dependencies all met for dep_context=requeueable deps ti=<TaskInstance: motower_daily_prod.checkataa scheduled__2024-03-19T06:00:00+00:00 [queued]>
[2024-08-06T17:06:47.639+0000] {taskinstance.py:2306} INFO - Starting attempt 1 of 1
[2024-08-06T17:06:47.664+0000] {taskinstance.py:2330} INFO - Executing <Task(PythonSensor): checkataa> on 2024-03-19 06:00:00+00:00
[2024-08-06T17:06:47.678+0000] {warnings.py:112} WARNING - /home/***/.local/lib/python3.12/site-packages/***/task/task_runner/standard_task_runner.py:62: DeprecationWarning: This process (pid=3204) is multi-threaded, use of fork() may lead to deadlocks in the child.
  pid = os.fork()

[2024-08-06T17:06:47.680+0000] {standard_task_runner.py:64} INFO - Started process 3217 to run task
[2024-08-06T17:06:47.681+0000] {standard_task_runner.py:90} INFO - Running: ['***', 'tasks', 'run', 'motower_daily_prod', 'checkataa', 'scheduled__2024-03-19T06:00:00+00:00', '--job-id', '734', '--raw', '--subdir', 'DAGS_FOLDER/gps/custom_dags/motower_daily.py', '--cfg-path', '/tmp/tmpc4mhbwfo']
[2024-08-06T17:06:47.685+0000] {standard_task_runner.py:91} INFO - Job 734: Subtask checkataa
[2024-08-06T17:06:47.758+0000] {task_command.py:426} INFO - Running <TaskInstance: motower_daily_prod.checkataa scheduled__2024-03-19T06:00:00+00:00 [running]> on host 13681191f11c
[2024-08-06T17:06:47.959+0000] {taskinstance.py:2648} INFO - Exporting env vars: AIRFLOW_CTX_DAG_EMAIL='richmond.kongo@orange.com,assane.diop@orange.com,cyrille1.danho@orange.com,mohamed2.sylla@orange.com,amadou.diomande@orange.com,Jonas.kouame@orange.com,armand.kablan@orange.com,anicet.azombade@orange.com,etienne.kouadio@orange.com,bertine.kouakou@orange.com,florentine.kouakou@orange.com,ange.phaceli@orange.com,soulegame.soro@orange.com,innocent.yengo@orange.com' AIRFLOW_CTX_DAG_OWNER='***' AIRFLOW_CTX_DAG_ID='motower_daily_prod' AIRFLOW_CTX_TASK_ID='checkataa' AIRFLOW_CTX_EXECUTION_DATE='2024-03-19T06:00:00+00:00' AIRFLOW_CTX_TRY_NUMBER='1' AIRFLOW_CTX_DAG_RUN_ID='scheduled__2024-03-19T06:00:00+00:00'
[2024-08-06T17:06:47.961+0000] {taskinstance.py:430} INFO - ::endgroup::
[2024-08-06T17:06:47.998+0000] {python.py:75} INFO - Poking callable: <function check_data_in_table at 0x701c26fa1d00>
[2024-08-06T17:06:48.005+0000] {extract.py:126} INFO - Getting data of the table dtm_motower_gsm 
[2024-08-06T17:06:48.006+0000] {extract.py:127} INFO - where date is 2024-03-18
[2024-08-06T17:06:48.007+0000] {extract.py:102} INFO - get data to date 20240318
[2024-08-06T17:06:48.019+0000] {warnings.py:112} WARNING - /opt/***/dags/gps/common/extract.py:103: UserWarning: pandas only supports SQLAlchemy connectable (engine/connection) or database string URI or sqlite3 DBAPI2 connection. Other DBAPI2 objects are not tested. Please consider using SQLAlchemy.
  df_ = pd.read_sql_query(sql_query, conn, params=params)

[2024-08-06T17:06:48.182+0000] {base.py:294} INFO - Success criteria met. Exiting.
[2024-08-06T17:06:48.182+0000] {taskinstance.py:441} INFO - ::group::Post task execution logs
[2024-08-06T17:06:48.216+0000] {taskinstance.py:1206} INFO - Marking task as SUCCESS. dag_id=motower_daily_prod, task_id=checkataa, run_id=scheduled__2024-03-19T06:00:00+00:00, execution_date=20240319T060000, start_date=20240806T170647, end_date=20240806T170648
[2024-08-06T17:06:48.311+0000] {local_task_job_runner.py:243} INFO - Task exited with return code 0
[2024-08-06T17:06:48.414+0000] {taskinstance.py:3503} INFO - 0 downstream tasks scheduled from follow-on schedule check
[2024-08-06T17:06:48.424+0000] {local_task_job_runner.py:222} INFO - ::endgroup::
[2024-08-06T17:36:48.198+0000] {local_task_job_runner.py:120} INFO - ::group::Pre task execution logs
[2024-08-06T17:36:48.604+0000] {taskinstance.py:2076} INFO - Dependencies all met for dep_context=non-requeueable deps ti=<TaskInstance: motower_daily_prod.checkataa scheduled__2024-03-19T06:00:00+00:00 [queued]>
[2024-08-06T17:36:48.635+0000] {taskinstance.py:2076} INFO - Dependencies all met for dep_context=requeueable deps ti=<TaskInstance: motower_daily_prod.checkataa scheduled__2024-03-19T06:00:00+00:00 [queued]>
[2024-08-06T17:36:48.636+0000] {taskinstance.py:2306} INFO - Starting attempt 1 of 1
[2024-08-06T17:36:48.678+0000] {taskinstance.py:2330} INFO - Executing <Task(PythonSensor): checkataa> on 2024-03-19 06:00:00+00:00
[2024-08-06T17:36:48.711+0000] {warnings.py:112} WARNING - /home/***/.local/lib/python3.12/site-packages/***/task/task_runner/standard_task_runner.py:62: DeprecationWarning: This process (pid=7293) is multi-threaded, use of fork() may lead to deadlocks in the child.
  pid = os.fork()

[2024-08-06T17:36:48.713+0000] {standard_task_runner.py:64} INFO - Started process 7305 to run task
[2024-08-06T17:36:48.719+0000] {standard_task_runner.py:90} INFO - Running: ['***', 'tasks', 'run', 'motower_daily_prod', 'checkataa', 'scheduled__2024-03-19T06:00:00+00:00', '--job-id', '1981', '--raw', '--subdir', 'DAGS_FOLDER/gps/custom_dags/motower_daily.py', '--cfg-path', '/tmp/tmptprekd_s']
[2024-08-06T17:36:48.725+0000] {standard_task_runner.py:91} INFO - Job 1981: Subtask checkataa
[2024-08-06T17:36:48.924+0000] {task_command.py:426} INFO - Running <TaskInstance: motower_daily_prod.checkataa scheduled__2024-03-19T06:00:00+00:00 [running]> on host 13681191f11c
[2024-08-06T17:36:49.361+0000] {taskinstance.py:2648} INFO - Exporting env vars: AIRFLOW_CTX_DAG_EMAIL='richmond.kongo@orange.com,assane.diop@orange.com,cyrille1.danho@orange.com,mohamed2.sylla@orange.com,amadou.diomande@orange.com,Jonas.kouame@orange.com,armand.kablan@orange.com,anicet.azombade@orange.com,etienne.kouadio@orange.com,bertine.kouakou@orange.com,florentine.kouakou@orange.com,ange.phaceli@orange.com,soulegame.soro@orange.com,innocent.yengo@orange.com' AIRFLOW_CTX_DAG_OWNER='***' AIRFLOW_CTX_DAG_ID='motower_daily_prod' AIRFLOW_CTX_TASK_ID='checkataa' AIRFLOW_CTX_EXECUTION_DATE='2024-03-19T06:00:00+00:00' AIRFLOW_CTX_TRY_NUMBER='1' AIRFLOW_CTX_DAG_RUN_ID='scheduled__2024-03-19T06:00:00+00:00'
[2024-08-06T17:36:49.371+0000] {taskinstance.py:430} INFO - ::endgroup::
[2024-08-06T17:36:49.534+0000] {python.py:75} INFO - Poking callable: <function check_data_in_table at 0x701c42556fc0>
[2024-08-06T17:36:49.548+0000] {extract.py:126} INFO - Getting data of the table dtm_motower_gsm 
[2024-08-06T17:36:49.548+0000] {extract.py:127} INFO - where date is 2024-03-18
[2024-08-06T17:36:49.549+0000] {extract.py:102} INFO - get data to date 20240318
[2024-08-06T17:36:49.572+0000] {warnings.py:112} WARNING - /opt/***/dags/gps/common/extract.py:103: UserWarning: pandas only supports SQLAlchemy connectable (engine/connection) or database string URI or sqlite3 DBAPI2 connection. Other DBAPI2 objects are not tested. Please consider using SQLAlchemy.
  df_ = pd.read_sql_query(sql_query, conn, params=params)

[2024-08-06T17:36:49.892+0000] {base.py:294} INFO - Success criteria met. Exiting.
[2024-08-06T17:36:49.892+0000] {taskinstance.py:441} INFO - ::group::Post task execution logs
[2024-08-06T17:36:49.934+0000] {taskinstance.py:1206} INFO - Marking task as SUCCESS. dag_id=motower_daily_prod, task_id=checkataa, run_id=scheduled__2024-03-19T06:00:00+00:00, execution_date=20240319T060000, start_date=20240806T173648, end_date=20240806T173649
[2024-08-06T17:36:50.124+0000] {local_task_job_runner.py:243} INFO - Task exited with return code 0
[2024-08-06T17:36:50.159+0000] {local_task_job_runner.py:222} INFO - ::endgroup::
[2024-08-06T18:24:36.728+0000] {local_task_job_runner.py:120} INFO - ::group::Pre task execution logs
[2024-08-06T18:24:36.804+0000] {taskinstance.py:2076} INFO - Dependencies all met for dep_context=non-requeueable deps ti=<TaskInstance: motower_daily_prod.checkataa scheduled__2024-03-19T06:00:00+00:00 [queued]>
[2024-08-06T18:24:36.830+0000] {taskinstance.py:2076} INFO - Dependencies all met for dep_context=requeueable deps ti=<TaskInstance: motower_daily_prod.checkataa scheduled__2024-03-19T06:00:00+00:00 [queued]>
[2024-08-06T18:24:36.831+0000] {taskinstance.py:2306} INFO - Starting attempt 1 of 1
[2024-08-06T18:24:36.864+0000] {taskinstance.py:2330} INFO - Executing <Task(PythonSensor): checkataa> on 2024-03-19 06:00:00+00:00
[2024-08-06T18:24:36.879+0000] {warnings.py:112} WARNING - /home/***/.local/lib/python3.12/site-packages/***/task/task_runner/standard_task_runner.py:62: DeprecationWarning: This process (pid=11202) is multi-threaded, use of fork() may lead to deadlocks in the child.
  pid = os.fork()

[2024-08-06T18:24:36.883+0000] {standard_task_runner.py:64} INFO - Started process 11218 to run task
[2024-08-06T18:24:36.886+0000] {standard_task_runner.py:90} INFO - Running: ['***', 'tasks', 'run', 'motower_daily_prod', 'checkataa', 'scheduled__2024-03-19T06:00:00+00:00', '--job-id', '3095', '--raw', '--subdir', 'DAGS_FOLDER/gps/custom_dags/motower_daily.py', '--cfg-path', '/tmp/tmpb1i7oscs']
[2024-08-06T18:24:36.892+0000] {standard_task_runner.py:91} INFO - Job 3095: Subtask checkataa
[2024-08-06T18:24:37.009+0000] {task_command.py:426} INFO - Running <TaskInstance: motower_daily_prod.checkataa scheduled__2024-03-19T06:00:00+00:00 [running]> on host 13681191f11c
[2024-08-06T18:24:37.260+0000] {taskinstance.py:2648} INFO - Exporting env vars: AIRFLOW_CTX_DAG_EMAIL='richmond.kongo@orange.com,assane.diop@orange.com,cyrille1.danho@orange.com,mohamed2.sylla@orange.com,amadou.diomande@orange.com,Jonas.kouame@orange.com,armand.kablan@orange.com,anicet.azombade@orange.com,etienne.kouadio@orange.com,bertine.kouakou@orange.com,florentine.kouakou@orange.com,ange.phaceli@orange.com,soulegame.soro@orange.com,innocent.yengo@orange.com' AIRFLOW_CTX_DAG_OWNER='***' AIRFLOW_CTX_DAG_ID='motower_daily_prod' AIRFLOW_CTX_TASK_ID='checkataa' AIRFLOW_CTX_EXECUTION_DATE='2024-03-19T06:00:00+00:00' AIRFLOW_CTX_TRY_NUMBER='1' AIRFLOW_CTX_DAG_RUN_ID='scheduled__2024-03-19T06:00:00+00:00'
[2024-08-06T18:24:37.262+0000] {taskinstance.py:430} INFO - ::endgroup::
[2024-08-06T18:24:37.299+0000] {python.py:75} INFO - Poking callable: <function check_data_in_table at 0x701c26e53c40>
[2024-08-06T18:24:37.306+0000] {extract.py:126} INFO - Getting data of the table dtm_motower_gsm 
[2024-08-06T18:24:37.306+0000] {extract.py:127} INFO - where date is 2024-03-18
[2024-08-06T18:24:37.307+0000] {extract.py:102} INFO - get data to date 20240318
[2024-08-06T18:24:37.328+0000] {warnings.py:112} WARNING - /opt/***/dags/gps/common/extract.py:103: UserWarning: pandas only supports SQLAlchemy connectable (engine/connection) or database string URI or sqlite3 DBAPI2 connection. Other DBAPI2 objects are not tested. Please consider using SQLAlchemy.
  df_ = pd.read_sql_query(sql_query, conn, params=params)

[2024-08-06T18:24:37.588+0000] {base.py:294} INFO - Success criteria met. Exiting.
[2024-08-06T18:24:37.589+0000] {taskinstance.py:441} INFO - ::group::Post task execution logs
[2024-08-06T18:24:37.610+0000] {taskinstance.py:1206} INFO - Marking task as SUCCESS. dag_id=motower_daily_prod, task_id=checkataa, run_id=scheduled__2024-03-19T06:00:00+00:00, execution_date=20240319T060000, start_date=20240806T182436, end_date=20240806T182437
[2024-08-06T18:24:37.688+0000] {local_task_job_runner.py:243} INFO - Task exited with return code 0
[2024-08-06T18:24:37.710+0000] {local_task_job_runner.py:222} INFO - ::endgroup::
