[2024-08-06T16:57:56.008+0000] {local_task_job_runner.py:120} INFO - ::group::Pre task execution logs
[2024-08-06T16:57:56.450+0000] {taskinstance.py:2076} INFO - Dependencies all met for dep_context=non-requeueable deps ti=<TaskInstance: motower_daily_prod.clean_trafic_task scheduled__2024-01-13T06:00:00+00:00 [queued]>
[2024-08-06T16:57:56.479+0000] {taskinstance.py:2076} INFO - Dependencies all met for dep_context=requeueable deps ti=<TaskInstance: motower_daily_prod.clean_trafic_task scheduled__2024-01-13T06:00:00+00:00 [queued]>
[2024-08-06T16:57:56.480+0000] {taskinstance.py:2306} INFO - Starting attempt 1 of 1
[2024-08-06T16:57:57.194+0000] {taskinstance.py:2330} INFO - Executing <Task(PythonOperator): clean_trafic_task> on 2024-01-13 06:00:00+00:00
[2024-08-06T16:57:57.213+0000] {warnings.py:112} WARNING - /home/***/.local/lib/python3.12/site-packages/***/task/task_runner/standard_task_runner.py:62: DeprecationWarning: This process (pid=1416) is multi-threaded, use of fork() may lead to deadlocks in the child.
  pid = os.fork()

[2024-08-06T16:57:57.216+0000] {standard_task_runner.py:64} INFO - Started process 1431 to run task
[2024-08-06T16:57:57.226+0000] {standard_task_runner.py:90} INFO - Running: ['***', 'tasks', 'run', 'motower_daily_prod', 'clean_trafic_task', 'scheduled__2024-01-13T06:00:00+00:00', '--job-id', '172', '--raw', '--subdir', 'DAGS_FOLDER/gps/custom_dags/motower_daily.py', '--cfg-path', '/tmp/tmptk7w26xh']
[2024-08-06T16:57:57.232+0000] {standard_task_runner.py:91} INFO - Job 172: Subtask clean_trafic_task
[2024-08-06T16:57:57.468+0000] {task_command.py:426} INFO - Running <TaskInstance: motower_daily_prod.clean_trafic_task scheduled__2024-01-13T06:00:00+00:00 [running]> on host 13681191f11c
[2024-08-06T16:57:57.780+0000] {taskinstance.py:2648} INFO - Exporting env vars: AIRFLOW_CTX_DAG_EMAIL='richmond.kongo@orange.com,assane.diop@orange.com,cyrille1.danho@orange.com,mohamed2.sylla@orange.com,amadou.diomande@orange.com,Jonas.kouame@orange.com,armand.kablan@orange.com,anicet.azombade@orange.com,etienne.kouadio@orange.com,bertine.kouakou@orange.com,florentine.kouakou@orange.com,ange.phaceli@orange.com,soulegame.soro@orange.com,innocent.yengo@orange.com' AIRFLOW_CTX_DAG_OWNER='***' AIRFLOW_CTX_DAG_ID='motower_daily_prod' AIRFLOW_CTX_TASK_ID='clean_trafic_task' AIRFLOW_CTX_EXECUTION_DATE='2024-01-13T06:00:00+00:00' AIRFLOW_CTX_TRY_NUMBER='1' AIRFLOW_CTX_DAG_RUN_ID='scheduled__2024-01-13T06:00:00+00:00'
[2024-08-06T16:57:57.783+0000] {taskinstance.py:430} INFO - ::endgroup::
[2024-08-06T16:57:57.952+0000] {data_validation.py:11} INFO - START VALIDATION OF COLUMN trafic_data_go
[2024-08-06T16:57:57.955+0000] {data_validation.py:20} INFO - DATA OF COLUMN trafic_data_go ARE VALID
[2024-08-06T16:57:57.956+0000] {data_validation.py:11} INFO - START VALIDATION OF COLUMN trafic_voix_erl
[2024-08-06T16:57:57.958+0000] {data_validation.py:20} INFO - DATA OF COLUMN trafic_voix_erl ARE VALID
[2024-08-06T16:57:57.959+0000] {motower_daily.py:267} INFO - prepare final data
[2024-08-06T16:57:58.004+0000] {logging_mixin.py:188} INFO - ================================
[2024-08-06T16:57:58.005+0000] {logging_mixin.py:188} INFO - object
[2024-08-06T16:57:58.787+0000] {python.py:237} INFO - Done. Returned value was: None
[2024-08-06T16:57:58.788+0000] {taskinstance.py:441} INFO - ::group::Post task execution logs
[2024-08-06T16:57:58.861+0000] {taskinstance.py:1206} INFO - Marking task as SUCCESS. dag_id=motower_daily_prod, task_id=clean_trafic_task, run_id=scheduled__2024-01-13T06:00:00+00:00, execution_date=20240113T060000, start_date=20240806T165756, end_date=20240806T165758
[2024-08-06T16:57:59.007+0000] {local_task_job_runner.py:243} INFO - Task exited with return code 0
[2024-08-06T16:57:59.038+0000] {local_task_job_runner.py:222} INFO - ::endgroup::
[2024-08-06T17:28:26.895+0000] {local_task_job_runner.py:120} INFO - ::group::Pre task execution logs
[2024-08-06T17:28:26.972+0000] {taskinstance.py:2076} INFO - Dependencies all met for dep_context=non-requeueable deps ti=<TaskInstance: motower_daily_prod.clean_trafic_task scheduled__2024-01-13T06:00:00+00:00 [queued]>
[2024-08-06T17:28:27.019+0000] {taskinstance.py:2076} INFO - Dependencies all met for dep_context=requeueable deps ti=<TaskInstance: motower_daily_prod.clean_trafic_task scheduled__2024-01-13T06:00:00+00:00 [queued]>
[2024-08-06T17:28:27.019+0000] {taskinstance.py:2306} INFO - Starting attempt 1 of 1
[2024-08-06T17:28:27.054+0000] {taskinstance.py:2330} INFO - Executing <Task(PythonOperator): clean_trafic_task> on 2024-01-13 06:00:00+00:00
[2024-08-06T17:28:27.075+0000] {warnings.py:112} WARNING - /home/***/.local/lib/python3.12/site-packages/***/task/task_runner/standard_task_runner.py:62: DeprecationWarning: This process (pid=5580) is multi-threaded, use of fork() may lead to deadlocks in the child.
  pid = os.fork()

[2024-08-06T17:28:27.078+0000] {standard_task_runner.py:64} INFO - Started process 5592 to run task
[2024-08-06T17:28:27.085+0000] {standard_task_runner.py:90} INFO - Running: ['***', 'tasks', 'run', 'motower_daily_prod', 'clean_trafic_task', 'scheduled__2024-01-13T06:00:00+00:00', '--job-id', '1439', '--raw', '--subdir', 'DAGS_FOLDER/gps/custom_dags/motower_daily.py', '--cfg-path', '/tmp/tmpx76jhoe9']
[2024-08-06T17:28:27.089+0000] {standard_task_runner.py:91} INFO - Job 1439: Subtask clean_trafic_task
[2024-08-06T17:28:27.185+0000] {task_command.py:426} INFO - Running <TaskInstance: motower_daily_prod.clean_trafic_task scheduled__2024-01-13T06:00:00+00:00 [running]> on host 13681191f11c
[2024-08-06T17:28:27.428+0000] {taskinstance.py:2648} INFO - Exporting env vars: AIRFLOW_CTX_DAG_EMAIL='richmond.kongo@orange.com,assane.diop@orange.com,cyrille1.danho@orange.com,mohamed2.sylla@orange.com,amadou.diomande@orange.com,Jonas.kouame@orange.com,armand.kablan@orange.com,anicet.azombade@orange.com,etienne.kouadio@orange.com,bertine.kouakou@orange.com,florentine.kouakou@orange.com,ange.phaceli@orange.com,soulegame.soro@orange.com,innocent.yengo@orange.com' AIRFLOW_CTX_DAG_OWNER='***' AIRFLOW_CTX_DAG_ID='motower_daily_prod' AIRFLOW_CTX_TASK_ID='clean_trafic_task' AIRFLOW_CTX_EXECUTION_DATE='2024-01-13T06:00:00+00:00' AIRFLOW_CTX_TRY_NUMBER='1' AIRFLOW_CTX_DAG_RUN_ID='scheduled__2024-01-13T06:00:00+00:00'
[2024-08-06T17:28:27.430+0000] {taskinstance.py:430} INFO - ::endgroup::
[2024-08-06T17:28:27.684+0000] {data_validation.py:11} INFO - START VALIDATION OF COLUMN trafic_data_go
[2024-08-06T17:28:27.687+0000] {data_validation.py:20} INFO - DATA OF COLUMN trafic_data_go ARE VALID
[2024-08-06T17:28:27.687+0000] {data_validation.py:11} INFO - START VALIDATION OF COLUMN trafic_voix_erl
[2024-08-06T17:28:27.690+0000] {data_validation.py:20} INFO - DATA OF COLUMN trafic_voix_erl ARE VALID
[2024-08-06T17:28:27.690+0000] {motower_daily.py:267} INFO - prepare final data
[2024-08-06T17:28:27.809+0000] {logging_mixin.py:188} INFO - ================================
[2024-08-06T17:28:27.821+0000] {logging_mixin.py:188} INFO - object
[2024-08-06T17:28:28.828+0000] {python.py:237} INFO - Done. Returned value was: None
[2024-08-06T17:28:28.830+0000] {taskinstance.py:441} INFO - ::group::Post task execution logs
[2024-08-06T17:28:28.883+0000] {taskinstance.py:1206} INFO - Marking task as SUCCESS. dag_id=motower_daily_prod, task_id=clean_trafic_task, run_id=scheduled__2024-01-13T06:00:00+00:00, execution_date=20240113T060000, start_date=20240806T172826, end_date=20240806T172828
[2024-08-06T17:28:28.996+0000] {local_task_job_runner.py:243} INFO - Task exited with return code 0
[2024-08-06T17:28:29.043+0000] {taskinstance.py:3503} INFO - 0 downstream tasks scheduled from follow-on schedule check
[2024-08-06T17:28:29.055+0000] {local_task_job_runner.py:222} INFO - ::endgroup::
[2024-08-06T18:16:02.578+0000] {local_task_job_runner.py:120} INFO - ::group::Pre task execution logs
[2024-08-06T18:16:02.706+0000] {taskinstance.py:2076} INFO - Dependencies all met for dep_context=non-requeueable deps ti=<TaskInstance: motower_daily_prod.clean_trafic_task scheduled__2024-01-13T06:00:00+00:00 [queued]>
[2024-08-06T18:16:02.767+0000] {taskinstance.py:2076} INFO - Dependencies all met for dep_context=requeueable deps ti=<TaskInstance: motower_daily_prod.clean_trafic_task scheduled__2024-01-13T06:00:00+00:00 [queued]>
[2024-08-06T18:16:02.768+0000] {taskinstance.py:2306} INFO - Starting attempt 1 of 1
[2024-08-06T18:16:02.827+0000] {taskinstance.py:2330} INFO - Executing <Task(PythonOperator): clean_trafic_task> on 2024-01-13 06:00:00+00:00
[2024-08-06T18:16:02.848+0000] {warnings.py:112} WARNING - /home/***/.local/lib/python3.12/site-packages/***/task/task_runner/standard_task_runner.py:62: DeprecationWarning: This process (pid=9431) is multi-threaded, use of fork() may lead to deadlocks in the child.
  pid = os.fork()

[2024-08-06T18:16:02.853+0000] {standard_task_runner.py:64} INFO - Started process 9446 to run task
[2024-08-06T18:16:02.863+0000] {standard_task_runner.py:90} INFO - Running: ['***', 'tasks', 'run', 'motower_daily_prod', 'clean_trafic_task', 'scheduled__2024-01-13T06:00:00+00:00', '--job-id', '2532', '--raw', '--subdir', 'DAGS_FOLDER/gps/custom_dags/motower_daily.py', '--cfg-path', '/tmp/tmpqlbv1xey']
[2024-08-06T18:16:02.888+0000] {standard_task_runner.py:91} INFO - Job 2532: Subtask clean_trafic_task
[2024-08-06T18:16:03.024+0000] {task_command.py:426} INFO - Running <TaskInstance: motower_daily_prod.clean_trafic_task scheduled__2024-01-13T06:00:00+00:00 [running]> on host 13681191f11c
[2024-08-06T18:16:03.365+0000] {taskinstance.py:2648} INFO - Exporting env vars: AIRFLOW_CTX_DAG_EMAIL='richmond.kongo@orange.com,assane.diop@orange.com,cyrille1.danho@orange.com,mohamed2.sylla@orange.com,amadou.diomande@orange.com,Jonas.kouame@orange.com,armand.kablan@orange.com,anicet.azombade@orange.com,etienne.kouadio@orange.com,bertine.kouakou@orange.com,florentine.kouakou@orange.com,ange.phaceli@orange.com,soulegame.soro@orange.com,innocent.yengo@orange.com' AIRFLOW_CTX_DAG_OWNER='***' AIRFLOW_CTX_DAG_ID='motower_daily_prod' AIRFLOW_CTX_TASK_ID='clean_trafic_task' AIRFLOW_CTX_EXECUTION_DATE='2024-01-13T06:00:00+00:00' AIRFLOW_CTX_TRY_NUMBER='1' AIRFLOW_CTX_DAG_RUN_ID='scheduled__2024-01-13T06:00:00+00:00'
[2024-08-06T18:16:03.371+0000] {taskinstance.py:430} INFO - ::endgroup::
[2024-08-06T18:16:03.648+0000] {data_validation.py:11} INFO - START VALIDATION OF COLUMN trafic_data_go
[2024-08-06T18:16:03.655+0000] {data_validation.py:20} INFO - DATA OF COLUMN trafic_data_go ARE VALID
[2024-08-06T18:16:03.656+0000] {data_validation.py:11} INFO - START VALIDATION OF COLUMN trafic_voix_erl
[2024-08-06T18:16:03.659+0000] {data_validation.py:20} INFO - DATA OF COLUMN trafic_voix_erl ARE VALID
[2024-08-06T18:16:03.660+0000] {motower_daily.py:267} INFO - prepare final data
[2024-08-06T18:16:03.747+0000] {logging_mixin.py:188} INFO - ================================
[2024-08-06T18:16:03.752+0000] {logging_mixin.py:188} INFO - object
[2024-08-06T18:16:04.509+0000] {python.py:237} INFO - Done. Returned value was: None
[2024-08-06T18:16:04.510+0000] {taskinstance.py:441} INFO - ::group::Post task execution logs
[2024-08-06T18:16:04.531+0000] {taskinstance.py:1206} INFO - Marking task as SUCCESS. dag_id=motower_daily_prod, task_id=clean_trafic_task, run_id=scheduled__2024-01-13T06:00:00+00:00, execution_date=20240113T060000, start_date=20240806T181602, end_date=20240806T181604
[2024-08-06T18:16:04.603+0000] {local_task_job_runner.py:243} INFO - Task exited with return code 0
[2024-08-06T18:16:04.622+0000] {local_task_job_runner.py:222} INFO - ::endgroup::
