[2024-07-25T08:33:26.524+0000] {local_task_job_runner.py:120} INFO - ::group::Pre task execution logs
[2024-07-25T08:33:26.565+0000] {taskinstance.py:2076} INFO - Dependencies all met for dep_context=non-requeueable deps ti=<TaskInstance: motower_daily_prod.extract_congestion scheduled__2024-06-23T06:00:00+00:00 [queued]>
[2024-07-25T08:33:26.581+0000] {taskinstance.py:2076} INFO - Dependencies all met for dep_context=requeueable deps ti=<TaskInstance: motower_daily_prod.extract_congestion scheduled__2024-06-23T06:00:00+00:00 [queued]>
[2024-07-25T08:33:26.581+0000] {taskinstance.py:2306} INFO - Starting attempt 1 of 1
[2024-07-25T08:33:26.596+0000] {taskinstance.py:2330} INFO - Executing <Task(PythonOperator): extract_congestion> on 2024-06-23 06:00:00+00:00
[2024-07-25T08:33:26.610+0000] {warnings.py:112} WARNING - /home/***/.local/lib/python3.12/site-packages/***/task/task_runner/standard_task_runner.py:62: DeprecationWarning: This process (pid=2473) is multi-threaded, use of fork() may lead to deadlocks in the child.
  pid = os.fork()

[2024-07-25T08:33:26.612+0000] {standard_task_runner.py:64} INFO - Started process 2491 to run task
[2024-07-25T08:33:26.612+0000] {standard_task_runner.py:90} INFO - Running: ['***', 'tasks', 'run', 'motower_daily_prod', 'extract_congestion', 'scheduled__2024-06-23T06:00:00+00:00', '--job-id', '856', '--raw', '--subdir', 'DAGS_FOLDER/gps/custom_dags/motower_daily.py', '--cfg-path', '/tmp/tmpd5xzbc0k']
[2024-07-25T08:33:26.615+0000] {standard_task_runner.py:91} INFO - Job 856: Subtask extract_congestion
[2024-07-25T08:33:26.673+0000] {task_command.py:426} INFO - Running <TaskInstance: motower_daily_prod.extract_congestion scheduled__2024-06-23T06:00:00+00:00 [running]> on host b3845fb494d4
[2024-07-25T08:33:26.795+0000] {taskinstance.py:2648} INFO - Exporting env vars: AIRFLOW_CTX_DAG_EMAIL='richmond.kongo@orange.com,assane.diop@orange.com,cyrille1.danho@orange.com,mohamed2.sylla@orange.com,amadou.diomande@orange.com,Jonas.kouame@orange.com,armand.kablan@orange.com,anicet.azombade@orange.com,etienne.kouadio@orange.com,bertine.kouakou@orange.com,florentine.kouakou@orange.com,ange.phaceli@orange.com,soulegame.soro@orange.com,innocent.yengo@orange.com' AIRFLOW_CTX_DAG_OWNER='***' AIRFLOW_CTX_DAG_ID='motower_daily_prod' AIRFLOW_CTX_TASK_ID='extract_congestion' AIRFLOW_CTX_EXECUTION_DATE='2024-06-23T06:00:00+00:00' AIRFLOW_CTX_TRY_NUMBER='1' AIRFLOW_CTX_DAG_RUN_ID='scheduled__2024-06-23T06:00:00+00:00'
[2024-07-25T08:33:26.796+0000] {taskinstance.py:430} INFO - ::endgroup::
[2024-07-25T08:33:26.814+0000] {extract.py:126} INFO - Getting data of the table ks_hebdo_tdb_radio_drsi 
[2024-07-25T08:33:26.815+0000] {extract.py:127} INFO - where date is 2024-06-22
[2024-07-25T08:33:26.815+0000] {extract.py:98} INFO - get data to date 25 and year 2024
[2024-07-25T08:33:26.821+0000] {warnings.py:112} WARNING - /opt/***/dags/gps/common/extract.py:99: UserWarning: pandas only supports SQLAlchemy connectable (engine/connection) or database string URI or sqlite3 DBAPI2 connection. Other DBAPI2 objects are not tested. Please consider using SQLAlchemy.
  df_ = pd.read_sql_query(sql_query, conn, params=params)

[2024-07-25T08:33:26.835+0000] {rwminio.py:19} INFO - start to save data
[2024-07-25T08:33:26.849+0000] {rwminio.py:34} INFO - data in minio ok
[2024-07-25T08:33:26.850+0000] {python.py:237} INFO - Done. Returned value was: None
[2024-07-25T08:33:26.851+0000] {taskinstance.py:441} INFO - ::group::Post task execution logs
[2024-07-25T08:33:26.862+0000] {taskinstance.py:1206} INFO - Marking task as SUCCESS. dag_id=motower_daily_prod, task_id=extract_congestion, run_id=scheduled__2024-06-23T06:00:00+00:00, execution_date=20240623T060000, start_date=20240725T083326, end_date=20240725T083326
[2024-07-25T08:33:26.908+0000] {local_task_job_runner.py:243} INFO - Task exited with return code 0
[2024-07-25T08:33:26.936+0000] {taskinstance.py:3503} INFO - 0 downstream tasks scheduled from follow-on schedule check
[2024-07-25T08:33:26.938+0000] {local_task_job_runner.py:222} INFO - ::endgroup::
[2024-07-25T10:37:29.238+0000] {local_task_job_runner.py:120} INFO - ::group::Pre task execution logs
[2024-07-25T10:37:29.281+0000] {taskinstance.py:2076} INFO - Dependencies all met for dep_context=non-requeueable deps ti=<TaskInstance: motower_daily_prod.extract_congestion scheduled__2024-06-23T06:00:00+00:00 [queued]>
[2024-07-25T10:37:29.297+0000] {taskinstance.py:2076} INFO - Dependencies all met for dep_context=requeueable deps ti=<TaskInstance: motower_daily_prod.extract_congestion scheduled__2024-06-23T06:00:00+00:00 [queued]>
[2024-07-25T10:37:29.297+0000] {taskinstance.py:2306} INFO - Starting attempt 1 of 1
[2024-07-25T10:37:29.312+0000] {taskinstance.py:2330} INFO - Executing <Task(PythonOperator): extract_congestion> on 2024-06-23 06:00:00+00:00
[2024-07-25T10:37:29.342+0000] {warnings.py:112} WARNING - /home/***/.local/lib/python3.12/site-packages/***/task/task_runner/standard_task_runner.py:62: DeprecationWarning: This process (pid=5559) is multi-threaded, use of fork() may lead to deadlocks in the child.
  pid = os.fork()

[2024-07-25T10:37:29.343+0000] {standard_task_runner.py:64} INFO - Started process 5566 to run task
[2024-07-25T10:37:29.350+0000] {standard_task_runner.py:90} INFO - Running: ['***', 'tasks', 'run', 'motower_daily_prod', 'extract_congestion', 'scheduled__2024-06-23T06:00:00+00:00', '--job-id', '1350', '--raw', '--subdir', 'DAGS_FOLDER/gps/custom_dags/motower_daily.py', '--cfg-path', '/tmp/tmp5fkdxil2']
[2024-07-25T10:37:29.352+0000] {standard_task_runner.py:91} INFO - Job 1350: Subtask extract_congestion
[2024-07-25T10:37:29.444+0000] {task_command.py:426} INFO - Running <TaskInstance: motower_daily_prod.extract_congestion scheduled__2024-06-23T06:00:00+00:00 [running]> on host b3845fb494d4
[2024-07-25T10:37:29.630+0000] {taskinstance.py:2648} INFO - Exporting env vars: AIRFLOW_CTX_DAG_EMAIL='richmond.kongo@orange.com,assane.diop@orange.com,cyrille1.danho@orange.com,mohamed2.sylla@orange.com,amadou.diomande@orange.com,Jonas.kouame@orange.com,armand.kablan@orange.com,anicet.azombade@orange.com,etienne.kouadio@orange.com,bertine.kouakou@orange.com,florentine.kouakou@orange.com,ange.phaceli@orange.com,soulegame.soro@orange.com,innocent.yengo@orange.com' AIRFLOW_CTX_DAG_OWNER='***' AIRFLOW_CTX_DAG_ID='motower_daily_prod' AIRFLOW_CTX_TASK_ID='extract_congestion' AIRFLOW_CTX_EXECUTION_DATE='2024-06-23T06:00:00+00:00' AIRFLOW_CTX_TRY_NUMBER='1' AIRFLOW_CTX_DAG_RUN_ID='scheduled__2024-06-23T06:00:00+00:00'
[2024-07-25T10:37:29.631+0000] {taskinstance.py:430} INFO - ::endgroup::
[2024-07-25T10:37:29.649+0000] {extract.py:126} INFO - Getting data of the table ks_hebdo_tdb_radio_drsi 
[2024-07-25T10:37:29.649+0000] {extract.py:127} INFO - where date is 2024-06-22
[2024-07-25T10:37:29.649+0000] {extract.py:98} INFO - get data to date 25 and year 2024
[2024-07-25T10:37:29.655+0000] {warnings.py:112} WARNING - /opt/***/dags/gps/common/extract.py:99: UserWarning: pandas only supports SQLAlchemy connectable (engine/connection) or database string URI or sqlite3 DBAPI2 connection. Other DBAPI2 objects are not tested. Please consider using SQLAlchemy.
  df_ = pd.read_sql_query(sql_query, conn, params=params)

[2024-07-25T10:37:29.665+0000] {rwminio.py:19} INFO - start to save data
[2024-07-25T10:37:29.681+0000] {rwminio.py:34} INFO - data in minio ok
[2024-07-25T10:37:29.681+0000] {python.py:237} INFO - Done. Returned value was: None
[2024-07-25T10:37:29.682+0000] {taskinstance.py:441} INFO - ::group::Post task execution logs
[2024-07-25T10:37:29.691+0000] {taskinstance.py:1206} INFO - Marking task as SUCCESS. dag_id=motower_daily_prod, task_id=extract_congestion, run_id=scheduled__2024-06-23T06:00:00+00:00, execution_date=20240623T060000, start_date=20240725T103729, end_date=20240725T103729
[2024-07-25T10:37:29.727+0000] {local_task_job_runner.py:243} INFO - Task exited with return code 0
[2024-07-25T10:37:29.752+0000] {taskinstance.py:3503} INFO - 1 downstream tasks scheduled from follow-on schedule check
[2024-07-25T10:37:29.754+0000] {local_task_job_runner.py:222} INFO - ::endgroup::
[2024-07-25T12:24:31.547+0000] {local_task_job_runner.py:120} INFO - ::group::Pre task execution logs
[2024-07-25T12:24:31.606+0000] {taskinstance.py:2076} INFO - Dependencies all met for dep_context=non-requeueable deps ti=<TaskInstance: motower_daily_prod.extract_congestion scheduled__2024-06-23T06:00:00+00:00 [queued]>
[2024-07-25T12:24:31.623+0000] {taskinstance.py:2076} INFO - Dependencies all met for dep_context=requeueable deps ti=<TaskInstance: motower_daily_prod.extract_congestion scheduled__2024-06-23T06:00:00+00:00 [queued]>
[2024-07-25T12:24:31.624+0000] {taskinstance.py:2306} INFO - Starting attempt 1 of 1
[2024-07-25T12:24:31.642+0000] {taskinstance.py:2330} INFO - Executing <Task(PythonOperator): extract_congestion> on 2024-06-23 06:00:00+00:00
[2024-07-25T12:24:31.658+0000] {warnings.py:112} WARNING - /home/***/.local/lib/python3.12/site-packages/***/task/task_runner/standard_task_runner.py:62: DeprecationWarning: This process (pid=9062) is multi-threaded, use of fork() may lead to deadlocks in the child.
  pid = os.fork()

[2024-07-25T12:24:31.660+0000] {standard_task_runner.py:64} INFO - Started process 9074 to run task
[2024-07-25T12:24:31.660+0000] {standard_task_runner.py:90} INFO - Running: ['***', 'tasks', 'run', 'motower_daily_prod', 'extract_congestion', 'scheduled__2024-06-23T06:00:00+00:00', '--job-id', '2054', '--raw', '--subdir', 'DAGS_FOLDER/gps/custom_dags/motower_daily.py', '--cfg-path', '/tmp/tmp4_dq4v52']
[2024-07-25T12:24:31.663+0000] {standard_task_runner.py:91} INFO - Job 2054: Subtask extract_congestion
[2024-07-25T12:24:31.723+0000] {task_command.py:426} INFO - Running <TaskInstance: motower_daily_prod.extract_congestion scheduled__2024-06-23T06:00:00+00:00 [running]> on host b3845fb494d4
[2024-07-25T12:24:31.849+0000] {taskinstance.py:2648} INFO - Exporting env vars: AIRFLOW_CTX_DAG_EMAIL='richmond.kongo@orange.com,assane.diop@orange.com,cyrille1.danho@orange.com,mohamed2.sylla@orange.com,amadou.diomande@orange.com,Jonas.kouame@orange.com,armand.kablan@orange.com,anicet.azombade@orange.com,etienne.kouadio@orange.com,bertine.kouakou@orange.com,florentine.kouakou@orange.com,ange.phaceli@orange.com,soulegame.soro@orange.com,innocent.yengo@orange.com' AIRFLOW_CTX_DAG_OWNER='***' AIRFLOW_CTX_DAG_ID='motower_daily_prod' AIRFLOW_CTX_TASK_ID='extract_congestion' AIRFLOW_CTX_EXECUTION_DATE='2024-06-23T06:00:00+00:00' AIRFLOW_CTX_TRY_NUMBER='1' AIRFLOW_CTX_DAG_RUN_ID='scheduled__2024-06-23T06:00:00+00:00'
[2024-07-25T12:24:31.849+0000] {taskinstance.py:430} INFO - ::endgroup::
[2024-07-25T12:24:31.866+0000] {extract.py:126} INFO - Getting data of the table ks_hebdo_tdb_radio_drsi 
[2024-07-25T12:24:31.866+0000] {extract.py:127} INFO - where date is 2024-06-22
[2024-07-25T12:24:31.867+0000] {extract.py:98} INFO - get data to date 25 and year 2024
[2024-07-25T12:24:31.872+0000] {warnings.py:112} WARNING - /opt/***/dags/gps/common/extract.py:99: UserWarning: pandas only supports SQLAlchemy connectable (engine/connection) or database string URI or sqlite3 DBAPI2 connection. Other DBAPI2 objects are not tested. Please consider using SQLAlchemy.
  df_ = pd.read_sql_query(sql_query, conn, params=params)

[2024-07-25T12:24:31.882+0000] {rwminio.py:19} INFO - start to save data
[2024-07-25T12:24:31.900+0000] {rwminio.py:34} INFO - data in minio ok
[2024-07-25T12:24:31.901+0000] {python.py:237} INFO - Done. Returned value was: None
[2024-07-25T12:24:31.901+0000] {taskinstance.py:441} INFO - ::group::Post task execution logs
[2024-07-25T12:24:31.916+0000] {taskinstance.py:1206} INFO - Marking task as SUCCESS. dag_id=motower_daily_prod, task_id=extract_congestion, run_id=scheduled__2024-06-23T06:00:00+00:00, execution_date=20240623T060000, start_date=20240725T122431, end_date=20240725T122431
[2024-07-25T12:24:31.955+0000] {local_task_job_runner.py:243} INFO - Task exited with return code 0
[2024-07-25T12:24:31.984+0000] {taskinstance.py:3503} INFO - 0 downstream tasks scheduled from follow-on schedule check
[2024-07-25T12:24:31.985+0000] {local_task_job_runner.py:222} INFO - ::endgroup::
[2024-07-25T13:25:32.165+0000] {local_task_job_runner.py:120} INFO - ::group::Pre task execution logs
[2024-07-25T13:25:32.204+0000] {taskinstance.py:2076} INFO - Dependencies all met for dep_context=non-requeueable deps ti=<TaskInstance: motower_daily_prod.extract_congestion scheduled__2024-06-23T06:00:00+00:00 [queued]>
[2024-07-25T13:25:32.218+0000] {taskinstance.py:2076} INFO - Dependencies all met for dep_context=requeueable deps ti=<TaskInstance: motower_daily_prod.extract_congestion scheduled__2024-06-23T06:00:00+00:00 [queued]>
[2024-07-25T13:25:32.218+0000] {taskinstance.py:2306} INFO - Starting attempt 1 of 1
[2024-07-25T13:25:32.236+0000] {taskinstance.py:2330} INFO - Executing <Task(PythonOperator): extract_congestion> on 2024-06-23 06:00:00+00:00
[2024-07-25T13:25:32.253+0000] {warnings.py:112} WARNING - /home/***/.local/lib/python3.12/site-packages/***/task/task_runner/standard_task_runner.py:62: DeprecationWarning: This process (pid=12351) is multi-threaded, use of fork() may lead to deadlocks in the child.
  pid = os.fork()

[2024-07-25T13:25:32.254+0000] {standard_task_runner.py:64} INFO - Started process 12362 to run task
[2024-07-25T13:25:32.254+0000] {standard_task_runner.py:90} INFO - Running: ['***', 'tasks', 'run', 'motower_daily_prod', 'extract_congestion', 'scheduled__2024-06-23T06:00:00+00:00', '--job-id', '2893', '--raw', '--subdir', 'DAGS_FOLDER/gps/custom_dags/motower_daily.py', '--cfg-path', '/tmp/tmp_wny3ky_']
[2024-07-25T13:25:32.256+0000] {standard_task_runner.py:91} INFO - Job 2893: Subtask extract_congestion
[2024-07-25T13:25:32.307+0000] {task_command.py:426} INFO - Running <TaskInstance: motower_daily_prod.extract_congestion scheduled__2024-06-23T06:00:00+00:00 [running]> on host b3845fb494d4
[2024-07-25T13:25:32.429+0000] {taskinstance.py:2648} INFO - Exporting env vars: AIRFLOW_CTX_DAG_EMAIL='richmond.kongo@orange.com,assane.diop@orange.com,cyrille1.danho@orange.com,mohamed2.sylla@orange.com,amadou.diomande@orange.com,Jonas.kouame@orange.com,armand.kablan@orange.com,anicet.azombade@orange.com,etienne.kouadio@orange.com,bertine.kouakou@orange.com,florentine.kouakou@orange.com,ange.phaceli@orange.com,soulegame.soro@orange.com,innocent.yengo@orange.com' AIRFLOW_CTX_DAG_OWNER='***' AIRFLOW_CTX_DAG_ID='motower_daily_prod' AIRFLOW_CTX_TASK_ID='extract_congestion' AIRFLOW_CTX_EXECUTION_DATE='2024-06-23T06:00:00+00:00' AIRFLOW_CTX_TRY_NUMBER='1' AIRFLOW_CTX_DAG_RUN_ID='scheduled__2024-06-23T06:00:00+00:00'
[2024-07-25T13:25:32.430+0000] {taskinstance.py:430} INFO - ::endgroup::
[2024-07-25T13:25:32.446+0000] {extract.py:126} INFO - Getting data of the table ks_hebdo_tdb_radio_drsi 
[2024-07-25T13:25:32.447+0000] {extract.py:127} INFO - where date is 2024-06-22
[2024-07-25T13:25:32.447+0000] {extract.py:98} INFO - get data to date 25 and year 2024
[2024-07-25T13:25:32.452+0000] {warnings.py:112} WARNING - /opt/***/dags/gps/common/extract.py:99: UserWarning: pandas only supports SQLAlchemy connectable (engine/connection) or database string URI or sqlite3 DBAPI2 connection. Other DBAPI2 objects are not tested. Please consider using SQLAlchemy.
  df_ = pd.read_sql_query(sql_query, conn, params=params)

[2024-07-25T13:25:32.465+0000] {rwminio.py:19} INFO - start to save data
[2024-07-25T13:25:32.481+0000] {rwminio.py:34} INFO - data in minio ok
[2024-07-25T13:25:32.482+0000] {python.py:237} INFO - Done. Returned value was: None
[2024-07-25T13:25:32.482+0000] {taskinstance.py:441} INFO - ::group::Post task execution logs
[2024-07-25T13:25:32.492+0000] {taskinstance.py:1206} INFO - Marking task as SUCCESS. dag_id=motower_daily_prod, task_id=extract_congestion, run_id=scheduled__2024-06-23T06:00:00+00:00, execution_date=20240623T060000, start_date=20240725T132532, end_date=20240725T132532
[2024-07-25T13:25:32.548+0000] {local_task_job_runner.py:243} INFO - Task exited with return code 0
[2024-07-25T13:25:32.585+0000] {taskinstance.py:3503} INFO - 0 downstream tasks scheduled from follow-on schedule check
[2024-07-25T13:25:32.587+0000] {local_task_job_runner.py:222} INFO - ::endgroup::
[2024-07-25T15:07:15.154+0000] {local_task_job_runner.py:120} INFO - ::group::Pre task execution logs
[2024-07-25T15:07:15.195+0000] {taskinstance.py:2076} INFO - Dependencies all met for dep_context=non-requeueable deps ti=<TaskInstance: motower_daily_prod.extract_congestion scheduled__2024-06-23T06:00:00+00:00 [queued]>
[2024-07-25T15:07:15.210+0000] {taskinstance.py:2076} INFO - Dependencies all met for dep_context=requeueable deps ti=<TaskInstance: motower_daily_prod.extract_congestion scheduled__2024-06-23T06:00:00+00:00 [queued]>
[2024-07-25T15:07:15.210+0000] {taskinstance.py:2306} INFO - Starting attempt 1 of 1
[2024-07-25T15:07:15.226+0000] {taskinstance.py:2330} INFO - Executing <Task(PythonOperator): extract_congestion> on 2024-06-23 06:00:00+00:00
[2024-07-25T15:07:15.243+0000] {warnings.py:112} WARNING - /home/***/.local/lib/python3.12/site-packages/***/task/task_runner/standard_task_runner.py:62: DeprecationWarning: This process (pid=14582) is multi-threaded, use of fork() may lead to deadlocks in the child.
  pid = os.fork()

[2024-07-25T15:07:15.245+0000] {standard_task_runner.py:64} INFO - Started process 14594 to run task
[2024-07-25T15:07:15.246+0000] {standard_task_runner.py:90} INFO - Running: ['***', 'tasks', 'run', 'motower_daily_prod', 'extract_congestion', 'scheduled__2024-06-23T06:00:00+00:00', '--job-id', '3193', '--raw', '--subdir', 'DAGS_FOLDER/gps/custom_dags/motower_daily.py', '--cfg-path', '/tmp/tmp6on3kdyh']
[2024-07-25T15:07:15.248+0000] {standard_task_runner.py:91} INFO - Job 3193: Subtask extract_congestion
[2024-07-25T15:07:15.305+0000] {task_command.py:426} INFO - Running <TaskInstance: motower_daily_prod.extract_congestion scheduled__2024-06-23T06:00:00+00:00 [running]> on host b3845fb494d4
[2024-07-25T15:07:15.439+0000] {taskinstance.py:2648} INFO - Exporting env vars: AIRFLOW_CTX_DAG_EMAIL='richmond.kongo@orange.com,assane.diop@orange.com,cyrille1.danho@orange.com,mohamed2.sylla@orange.com,amadou.diomande@orange.com,Jonas.kouame@orange.com,armand.kablan@orange.com,anicet.azombade@orange.com,etienne.kouadio@orange.com,bertine.kouakou@orange.com,florentine.kouakou@orange.com,ange.phaceli@orange.com,soulegame.soro@orange.com,innocent.yengo@orange.com' AIRFLOW_CTX_DAG_OWNER='***' AIRFLOW_CTX_DAG_ID='motower_daily_prod' AIRFLOW_CTX_TASK_ID='extract_congestion' AIRFLOW_CTX_EXECUTION_DATE='2024-06-23T06:00:00+00:00' AIRFLOW_CTX_TRY_NUMBER='1' AIRFLOW_CTX_DAG_RUN_ID='scheduled__2024-06-23T06:00:00+00:00'
[2024-07-25T15:07:15.440+0000] {taskinstance.py:430} INFO - ::endgroup::
[2024-07-25T15:07:15.465+0000] {extract.py:126} INFO - Getting data of the table ks_hebdo_tdb_radio_drsi 
[2024-07-25T15:07:15.465+0000] {extract.py:127} INFO - where date is 2024-06-22
[2024-07-25T15:07:15.465+0000] {extract.py:98} INFO - get data to date 25 and year 2024
[2024-07-25T15:07:15.471+0000] {warnings.py:112} WARNING - /opt/***/dags/gps/common/extract.py:99: UserWarning: pandas only supports SQLAlchemy connectable (engine/connection) or database string URI or sqlite3 DBAPI2 connection. Other DBAPI2 objects are not tested. Please consider using SQLAlchemy.
  df_ = pd.read_sql_query(sql_query, conn, params=params)

[2024-07-25T15:07:15.482+0000] {rwminio.py:19} INFO - start to save data
[2024-07-25T15:07:15.511+0000] {rwminio.py:34} INFO - data in minio ok
[2024-07-25T15:07:15.511+0000] {python.py:237} INFO - Done. Returned value was: None
[2024-07-25T15:07:15.512+0000] {taskinstance.py:441} INFO - ::group::Post task execution logs
[2024-07-25T15:07:15.577+0000] {taskinstance.py:1206} INFO - Marking task as SUCCESS. dag_id=motower_daily_prod, task_id=extract_congestion, run_id=scheduled__2024-06-23T06:00:00+00:00, execution_date=20240623T060000, start_date=20240725T150715, end_date=20240725T150715
[2024-07-25T15:07:15.665+0000] {local_task_job_runner.py:243} INFO - Task exited with return code 0
[2024-07-25T15:07:15.684+0000] {local_task_job_runner.py:222} INFO - ::endgroup::
[2024-07-26T11:43:14.672+0000] {local_task_job_runner.py:120} INFO - ::group::Pre task execution logs
[2024-07-26T11:43:15.003+0000] {taskinstance.py:2076} INFO - Dependencies all met for dep_context=non-requeueable deps ti=<TaskInstance: motower_daily_prod.extract_congestion scheduled__2024-06-23T06:00:00+00:00 [queued]>
[2024-07-26T11:43:15.047+0000] {taskinstance.py:2076} INFO - Dependencies all met for dep_context=requeueable deps ti=<TaskInstance: motower_daily_prod.extract_congestion scheduled__2024-06-23T06:00:00+00:00 [queued]>
[2024-07-26T11:43:15.047+0000] {taskinstance.py:2306} INFO - Starting attempt 1 of 1
[2024-07-26T11:43:15.072+0000] {taskinstance.py:2330} INFO - Executing <Task(PythonOperator): extract_congestion> on 2024-06-23 06:00:00+00:00
[2024-07-26T11:43:15.102+0000] {warnings.py:112} WARNING - /home/***/.local/lib/python3.12/site-packages/***/task/task_runner/standard_task_runner.py:62: DeprecationWarning: This process (pid=2652) is multi-threaded, use of fork() may lead to deadlocks in the child.
  pid = os.fork()

[2024-07-26T11:43:15.104+0000] {standard_task_runner.py:64} INFO - Started process 2675 to run task
[2024-07-26T11:43:15.118+0000] {standard_task_runner.py:90} INFO - Running: ['***', 'tasks', 'run', 'motower_daily_prod', 'extract_congestion', 'scheduled__2024-06-23T06:00:00+00:00', '--job-id', '3836', '--raw', '--subdir', 'DAGS_FOLDER/gps/custom_dags/motower_daily.py', '--cfg-path', '/tmp/tmp5ulltv8r']
[2024-07-26T11:43:15.121+0000] {standard_task_runner.py:91} INFO - Job 3836: Subtask extract_congestion
[2024-07-26T11:43:15.224+0000] {task_command.py:426} INFO - Running <TaskInstance: motower_daily_prod.extract_congestion scheduled__2024-06-23T06:00:00+00:00 [running]> on host b3845fb494d4
[2024-07-26T11:43:15.415+0000] {taskinstance.py:2648} INFO - Exporting env vars: AIRFLOW_CTX_DAG_EMAIL='richmond.kongo@orange.com,assane.diop@orange.com,cyrille1.danho@orange.com,mohamed2.sylla@orange.com,amadou.diomande@orange.com,Jonas.kouame@orange.com,armand.kablan@orange.com,anicet.azombade@orange.com,etienne.kouadio@orange.com,bertine.kouakou@orange.com,florentine.kouakou@orange.com,ange.phaceli@orange.com,soulegame.soro@orange.com,innocent.yengo@orange.com' AIRFLOW_CTX_DAG_OWNER='***' AIRFLOW_CTX_DAG_ID='motower_daily_prod' AIRFLOW_CTX_TASK_ID='extract_congestion' AIRFLOW_CTX_EXECUTION_DATE='2024-06-23T06:00:00+00:00' AIRFLOW_CTX_TRY_NUMBER='1' AIRFLOW_CTX_DAG_RUN_ID='scheduled__2024-06-23T06:00:00+00:00'
[2024-07-26T11:43:15.416+0000] {taskinstance.py:430} INFO - ::endgroup::
[2024-07-26T11:43:15.448+0000] {extract.py:126} INFO - Getting data of the table ks_hebdo_tdb_radio_drsi 
[2024-07-26T11:43:15.449+0000] {extract.py:127} INFO - where date is 2024-06-22
[2024-07-26T11:43:15.450+0000] {extract.py:98} INFO - get data to date 25 and year 2024
[2024-07-26T11:43:15.458+0000] {warnings.py:112} WARNING - /opt/***/dags/gps/common/extract.py:99: UserWarning: pandas only supports SQLAlchemy connectable (engine/connection) or database string URI or sqlite3 DBAPI2 connection. Other DBAPI2 objects are not tested. Please consider using SQLAlchemy.
  df_ = pd.read_sql_query(sql_query, conn, params=params)

[2024-07-26T11:43:15.483+0000] {rwminio.py:19} INFO - start to save data
[2024-07-26T11:43:15.503+0000] {rwminio.py:34} INFO - data in minio ok
[2024-07-26T11:43:15.505+0000] {python.py:237} INFO - Done. Returned value was: None
[2024-07-26T11:43:15.506+0000] {taskinstance.py:441} INFO - ::group::Post task execution logs
[2024-07-26T11:43:15.519+0000] {taskinstance.py:1206} INFO - Marking task as SUCCESS. dag_id=motower_daily_prod, task_id=extract_congestion, run_id=scheduled__2024-06-23T06:00:00+00:00, execution_date=20240623T060000, start_date=20240726T114315, end_date=20240726T114315
[2024-07-26T11:43:15.566+0000] {local_task_job_runner.py:243} INFO - Task exited with return code 0
[2024-07-26T11:43:15.600+0000] {taskinstance.py:3503} INFO - 1 downstream tasks scheduled from follow-on schedule check
[2024-07-26T11:43:15.601+0000] {local_task_job_runner.py:222} INFO - ::endgroup::
[2024-07-26T12:21:24.324+0000] {local_task_job_runner.py:120} INFO - ::group::Pre task execution logs
[2024-07-26T12:21:24.364+0000] {taskinstance.py:2076} INFO - Dependencies all met for dep_context=non-requeueable deps ti=<TaskInstance: motower_daily_prod.extract_congestion scheduled__2024-06-23T06:00:00+00:00 [queued]>
[2024-07-26T12:21:24.383+0000] {taskinstance.py:2076} INFO - Dependencies all met for dep_context=requeueable deps ti=<TaskInstance: motower_daily_prod.extract_congestion scheduled__2024-06-23T06:00:00+00:00 [queued]>
[2024-07-26T12:21:24.384+0000] {taskinstance.py:2306} INFO - Starting attempt 1 of 1
[2024-07-26T12:21:24.399+0000] {taskinstance.py:2330} INFO - Executing <Task(PythonOperator): extract_congestion> on 2024-06-23 06:00:00+00:00
[2024-07-26T12:21:24.413+0000] {warnings.py:112} WARNING - /home/***/.local/lib/python3.12/site-packages/***/task/task_runner/standard_task_runner.py:62: DeprecationWarning: This process (pid=1018) is multi-threaded, use of fork() may lead to deadlocks in the child.
  pid = os.fork()

[2024-07-26T12:21:24.415+0000] {standard_task_runner.py:64} INFO - Started process 1030 to run task
[2024-07-26T12:21:24.415+0000] {standard_task_runner.py:90} INFO - Running: ['***', 'tasks', 'run', 'motower_daily_prod', 'extract_congestion', 'scheduled__2024-06-23T06:00:00+00:00', '--job-id', '298', '--raw', '--subdir', 'DAGS_FOLDER/gps/custom_dags/motower_daily.py', '--cfg-path', '/tmp/tmp0hpq_ho5']
[2024-07-26T12:21:24.417+0000] {standard_task_runner.py:91} INFO - Job 298: Subtask extract_congestion
[2024-07-26T12:21:24.471+0000] {task_command.py:426} INFO - Running <TaskInstance: motower_daily_prod.extract_congestion scheduled__2024-06-23T06:00:00+00:00 [running]> on host 88c2b04746a4
[2024-07-26T12:21:24.577+0000] {taskinstance.py:2648} INFO - Exporting env vars: AIRFLOW_CTX_DAG_EMAIL='richmond.kongo@orange.com,assane.diop@orange.com,cyrille1.danho@orange.com,mohamed2.sylla@orange.com,amadou.diomande@orange.com,Jonas.kouame@orange.com,armand.kablan@orange.com,anicet.azombade@orange.com,etienne.kouadio@orange.com,bertine.kouakou@orange.com,florentine.kouakou@orange.com,ange.phaceli@orange.com,soulegame.soro@orange.com,innocent.yengo@orange.com' AIRFLOW_CTX_DAG_OWNER='***' AIRFLOW_CTX_DAG_ID='motower_daily_prod' AIRFLOW_CTX_TASK_ID='extract_congestion' AIRFLOW_CTX_EXECUTION_DATE='2024-06-23T06:00:00+00:00' AIRFLOW_CTX_TRY_NUMBER='1' AIRFLOW_CTX_DAG_RUN_ID='scheduled__2024-06-23T06:00:00+00:00'
[2024-07-26T12:21:24.579+0000] {taskinstance.py:430} INFO - ::endgroup::
[2024-07-26T12:21:24.597+0000] {extract.py:126} INFO - Getting data of the table ks_hebdo_tdb_radio_drsi 
[2024-07-26T12:21:24.597+0000] {extract.py:127} INFO - where date is 2024-06-22
[2024-07-26T12:21:24.598+0000] {extract.py:98} INFO - get data to date 25 and year 2024
[2024-07-26T12:21:24.603+0000] {warnings.py:112} WARNING - /opt/***/dags/gps/common/extract.py:99: UserWarning: pandas only supports SQLAlchemy connectable (engine/connection) or database string URI or sqlite3 DBAPI2 connection. Other DBAPI2 objects are not tested. Please consider using SQLAlchemy.
  df_ = pd.read_sql_query(sql_query, conn, params=params)

[2024-07-26T12:21:24.617+0000] {rwminio.py:19} INFO - start to save data
[2024-07-26T12:21:24.633+0000] {rwminio.py:34} INFO - data in minio ok
[2024-07-26T12:21:24.633+0000] {python.py:237} INFO - Done. Returned value was: None
[2024-07-26T12:21:24.634+0000] {taskinstance.py:441} INFO - ::group::Post task execution logs
[2024-07-26T12:21:24.644+0000] {taskinstance.py:1206} INFO - Marking task as SUCCESS. dag_id=motower_daily_prod, task_id=extract_congestion, run_id=scheduled__2024-06-23T06:00:00+00:00, execution_date=20240623T060000, start_date=20240726T122124, end_date=20240726T122124
[2024-07-26T12:21:24.709+0000] {local_task_job_runner.py:243} INFO - Task exited with return code 0
[2024-07-26T12:21:24.719+0000] {local_task_job_runner.py:222} INFO - ::endgroup::
[2024-07-26T12:24:42.557+0000] {local_task_job_runner.py:120} INFO - ::group::Pre task execution logs
[2024-07-26T12:24:42.616+0000] {taskinstance.py:2076} INFO - Dependencies all met for dep_context=non-requeueable deps ti=<TaskInstance: motower_daily_prod.extract_congestion scheduled__2024-06-23T06:00:00+00:00 [queued]>
[2024-07-26T12:24:42.634+0000] {taskinstance.py:2076} INFO - Dependencies all met for dep_context=requeueable deps ti=<TaskInstance: motower_daily_prod.extract_congestion scheduled__2024-06-23T06:00:00+00:00 [queued]>
[2024-07-26T12:24:42.635+0000] {taskinstance.py:2306} INFO - Starting attempt 1 of 1
[2024-07-26T12:24:42.655+0000] {taskinstance.py:2330} INFO - Executing <Task(PythonOperator): extract_congestion> on 2024-06-23 06:00:00+00:00
[2024-07-26T12:24:42.675+0000] {warnings.py:112} WARNING - /home/***/.local/lib/python3.12/site-packages/***/task/task_runner/standard_task_runner.py:62: DeprecationWarning: This process (pid=1853) is multi-threaded, use of fork() may lead to deadlocks in the child.
  pid = os.fork()

[2024-07-26T12:24:42.677+0000] {standard_task_runner.py:64} INFO - Started process 1870 to run task
[2024-07-26T12:24:42.677+0000] {standard_task_runner.py:90} INFO - Running: ['***', 'tasks', 'run', 'motower_daily_prod', 'extract_congestion', 'scheduled__2024-06-23T06:00:00+00:00', '--job-id', '564', '--raw', '--subdir', 'DAGS_FOLDER/gps/custom_dags/motower_daily.py', '--cfg-path', '/tmp/tmp0ib3pj0n']
[2024-07-26T12:24:42.680+0000] {standard_task_runner.py:91} INFO - Job 564: Subtask extract_congestion
[2024-07-26T12:24:42.782+0000] {task_command.py:426} INFO - Running <TaskInstance: motower_daily_prod.extract_congestion scheduled__2024-06-23T06:00:00+00:00 [running]> on host 88c2b04746a4
[2024-07-26T12:24:42.935+0000] {taskinstance.py:2648} INFO - Exporting env vars: AIRFLOW_CTX_DAG_EMAIL='richmond.kongo@orange.com,assane.diop@orange.com,cyrille1.danho@orange.com,mohamed2.sylla@orange.com,amadou.diomande@orange.com,Jonas.kouame@orange.com,armand.kablan@orange.com,anicet.azombade@orange.com,etienne.kouadio@orange.com,bertine.kouakou@orange.com,florentine.kouakou@orange.com,ange.phaceli@orange.com,soulegame.soro@orange.com,innocent.yengo@orange.com' AIRFLOW_CTX_DAG_OWNER='***' AIRFLOW_CTX_DAG_ID='motower_daily_prod' AIRFLOW_CTX_TASK_ID='extract_congestion' AIRFLOW_CTX_EXECUTION_DATE='2024-06-23T06:00:00+00:00' AIRFLOW_CTX_TRY_NUMBER='1' AIRFLOW_CTX_DAG_RUN_ID='scheduled__2024-06-23T06:00:00+00:00'
[2024-07-26T12:24:42.937+0000] {taskinstance.py:430} INFO - ::endgroup::
[2024-07-26T12:24:42.960+0000] {extract.py:126} INFO - Getting data of the table ks_hebdo_tdb_radio_drsi 
[2024-07-26T12:24:42.960+0000] {extract.py:127} INFO - where date is 2024-06-22
[2024-07-26T12:24:42.961+0000] {extract.py:98} INFO - get data to date 25 and year 2024
[2024-07-26T12:24:42.967+0000] {warnings.py:112} WARNING - /opt/***/dags/gps/common/extract.py:99: UserWarning: pandas only supports SQLAlchemy connectable (engine/connection) or database string URI or sqlite3 DBAPI2 connection. Other DBAPI2 objects are not tested. Please consider using SQLAlchemy.
  df_ = pd.read_sql_query(sql_query, conn, params=params)

[2024-07-26T12:24:42.981+0000] {rwminio.py:19} INFO - start to save data
[2024-07-26T12:24:43.006+0000] {rwminio.py:34} INFO - data in minio ok
[2024-07-26T12:24:43.007+0000] {python.py:237} INFO - Done. Returned value was: None
[2024-07-26T12:24:43.008+0000] {taskinstance.py:441} INFO - ::group::Post task execution logs
[2024-07-26T12:24:43.032+0000] {taskinstance.py:1206} INFO - Marking task as SUCCESS. dag_id=motower_daily_prod, task_id=extract_congestion, run_id=scheduled__2024-06-23T06:00:00+00:00, execution_date=20240623T060000, start_date=20240726T122442, end_date=20240726T122443
[2024-07-26T12:24:43.103+0000] {local_task_job_runner.py:243} INFO - Task exited with return code 0
[2024-07-26T12:24:43.143+0000] {taskinstance.py:3503} INFO - 0 downstream tasks scheduled from follow-on schedule check
[2024-07-26T12:24:43.145+0000] {local_task_job_runner.py:222} INFO - ::endgroup::
[2024-07-26T12:30:23.163+0000] {local_task_job_runner.py:120} INFO - ::group::Pre task execution logs
[2024-07-26T12:30:23.202+0000] {taskinstance.py:2076} INFO - Dependencies all met for dep_context=non-requeueable deps ti=<TaskInstance: motower_daily_prod.extract_congestion scheduled__2024-06-23T06:00:00+00:00 [queued]>
[2024-07-26T12:30:23.216+0000] {taskinstance.py:2076} INFO - Dependencies all met for dep_context=requeueable deps ti=<TaskInstance: motower_daily_prod.extract_congestion scheduled__2024-06-23T06:00:00+00:00 [queued]>
[2024-07-26T12:30:23.216+0000] {taskinstance.py:2306} INFO - Starting attempt 1 of 1
[2024-07-26T12:30:23.229+0000] {taskinstance.py:2330} INFO - Executing <Task(PythonOperator): extract_congestion> on 2024-06-23 06:00:00+00:00
[2024-07-26T12:30:23.245+0000] {warnings.py:112} WARNING - /home/***/.local/lib/python3.12/site-packages/***/task/task_runner/standard_task_runner.py:62: DeprecationWarning: This process (pid=2810) is multi-threaded, use of fork() may lead to deadlocks in the child.
  pid = os.fork()

[2024-07-26T12:30:23.247+0000] {standard_task_runner.py:64} INFO - Started process 2821 to run task
[2024-07-26T12:30:23.354+0000] {standard_task_runner.py:90} INFO - Running: ['***', 'tasks', 'run', 'motower_daily_prod', 'extract_congestion', 'scheduled__2024-06-23T06:00:00+00:00', '--job-id', '859', '--raw', '--subdir', 'DAGS_FOLDER/gps/custom_dags/motower_daily.py', '--cfg-path', '/tmp/tmpdnfke6rc']
[2024-07-26T12:30:23.428+0000] {standard_task_runner.py:91} INFO - Job 859: Subtask extract_congestion
[2024-07-26T12:30:23.974+0000] {task_command.py:426} INFO - Running <TaskInstance: motower_daily_prod.extract_congestion scheduled__2024-06-23T06:00:00+00:00 [running]> on host 88c2b04746a4
[2024-07-26T12:30:25.322+0000] {taskinstance.py:2648} INFO - Exporting env vars: AIRFLOW_CTX_DAG_EMAIL='richmond.kongo@orange.com,assane.diop@orange.com,cyrille1.danho@orange.com,mohamed2.sylla@orange.com,amadou.diomande@orange.com,Jonas.kouame@orange.com,armand.kablan@orange.com,anicet.azombade@orange.com,etienne.kouadio@orange.com,bertine.kouakou@orange.com,florentine.kouakou@orange.com,ange.phaceli@orange.com,soulegame.soro@orange.com,innocent.yengo@orange.com' AIRFLOW_CTX_DAG_OWNER='***' AIRFLOW_CTX_DAG_ID='motower_daily_prod' AIRFLOW_CTX_TASK_ID='extract_congestion' AIRFLOW_CTX_EXECUTION_DATE='2024-06-23T06:00:00+00:00' AIRFLOW_CTX_TRY_NUMBER='1' AIRFLOW_CTX_DAG_RUN_ID='scheduled__2024-06-23T06:00:00+00:00'
[2024-07-26T12:30:25.336+0000] {taskinstance.py:430} INFO - ::endgroup::
[2024-07-26T12:30:25.579+0000] {extract.py:126} INFO - Getting data of the table ks_hebdo_tdb_radio_drsi 
[2024-07-26T12:30:25.580+0000] {extract.py:127} INFO - where date is 2024-06-22
[2024-07-26T12:30:25.583+0000] {extract.py:98} INFO - get data to date 25 and year 2024
[2024-07-26T12:30:25.714+0000] {warnings.py:112} WARNING - /opt/***/dags/gps/common/extract.py:99: UserWarning: pandas only supports SQLAlchemy connectable (engine/connection) or database string URI or sqlite3 DBAPI2 connection. Other DBAPI2 objects are not tested. Please consider using SQLAlchemy.
  df_ = pd.read_sql_query(sql_query, conn, params=params)

[2024-07-26T12:30:25.815+0000] {rwminio.py:19} INFO - start to save data
[2024-07-26T12:30:26.007+0000] {rwminio.py:34} INFO - data in minio ok
[2024-07-26T12:30:26.009+0000] {python.py:237} INFO - Done. Returned value was: None
[2024-07-26T12:30:26.011+0000] {taskinstance.py:441} INFO - ::group::Post task execution logs
[2024-07-26T12:30:26.064+0000] {taskinstance.py:1206} INFO - Marking task as SUCCESS. dag_id=motower_daily_prod, task_id=extract_congestion, run_id=scheduled__2024-06-23T06:00:00+00:00, execution_date=20240623T060000, start_date=20240726T123023, end_date=20240726T123026
[2024-07-26T12:30:27.175+0000] {local_task_job_runner.py:243} INFO - Task exited with return code 0
[2024-07-26T12:30:27.189+0000] {local_task_job_runner.py:222} INFO - ::endgroup::
[2024-07-26T12:54:35.812+0000] {local_task_job_runner.py:120} INFO - ::group::Pre task execution logs
[2024-07-26T12:54:35.859+0000] {taskinstance.py:2076} INFO - Dependencies all met for dep_context=non-requeueable deps ti=<TaskInstance: motower_daily_prod.extract_congestion scheduled__2024-06-23T06:00:00+00:00 [queued]>
[2024-07-26T12:54:35.872+0000] {taskinstance.py:2076} INFO - Dependencies all met for dep_context=requeueable deps ti=<TaskInstance: motower_daily_prod.extract_congestion scheduled__2024-06-23T06:00:00+00:00 [queued]>
[2024-07-26T12:54:35.873+0000] {taskinstance.py:2306} INFO - Starting attempt 1 of 1
[2024-07-26T12:54:35.892+0000] {taskinstance.py:2330} INFO - Executing <Task(PythonOperator): extract_congestion> on 2024-06-23 06:00:00+00:00
[2024-07-26T12:54:35.908+0000] {warnings.py:112} WARNING - /home/***/.local/lib/python3.12/site-packages/***/task/task_runner/standard_task_runner.py:62: DeprecationWarning: This process (pid=2059) is multi-threaded, use of fork() may lead to deadlocks in the child.
  pid = os.fork()

[2024-07-26T12:54:35.910+0000] {standard_task_runner.py:64} INFO - Started process 2073 to run task
[2024-07-26T12:54:35.911+0000] {standard_task_runner.py:90} INFO - Running: ['***', 'tasks', 'run', 'motower_daily_prod', 'extract_congestion', 'scheduled__2024-06-23T06:00:00+00:00', '--job-id', '600', '--raw', '--subdir', 'DAGS_FOLDER/gps/custom_dags/motower_daily.py', '--cfg-path', '/tmp/tmp_433jdai']
[2024-07-26T12:54:35.913+0000] {standard_task_runner.py:91} INFO - Job 600: Subtask extract_congestion
[2024-07-26T12:54:35.988+0000] {task_command.py:426} INFO - Running <TaskInstance: motower_daily_prod.extract_congestion scheduled__2024-06-23T06:00:00+00:00 [running]> on host e824106b656d
[2024-07-26T12:54:36.131+0000] {taskinstance.py:2648} INFO - Exporting env vars: AIRFLOW_CTX_DAG_EMAIL='richmond.kongo@orange.com,assane.diop@orange.com,cyrille1.danho@orange.com,mohamed2.sylla@orange.com,amadou.diomande@orange.com,Jonas.kouame@orange.com,armand.kablan@orange.com,anicet.azombade@orange.com,etienne.kouadio@orange.com,bertine.kouakou@orange.com,florentine.kouakou@orange.com,ange.phaceli@orange.com,soulegame.soro@orange.com,innocent.yengo@orange.com' AIRFLOW_CTX_DAG_OWNER='***' AIRFLOW_CTX_DAG_ID='motower_daily_prod' AIRFLOW_CTX_TASK_ID='extract_congestion' AIRFLOW_CTX_EXECUTION_DATE='2024-06-23T06:00:00+00:00' AIRFLOW_CTX_TRY_NUMBER='1' AIRFLOW_CTX_DAG_RUN_ID='scheduled__2024-06-23T06:00:00+00:00'
[2024-07-26T12:54:36.133+0000] {taskinstance.py:430} INFO - ::endgroup::
[2024-07-26T12:54:36.160+0000] {extract.py:126} INFO - Getting data of the table ks_hebdo_tdb_radio_drsi 
[2024-07-26T12:54:36.161+0000] {extract.py:127} INFO - where date is 2024-06-22
[2024-07-26T12:54:36.161+0000] {extract.py:98} INFO - get data to date 25 and year 2024
[2024-07-26T12:54:36.167+0000] {warnings.py:112} WARNING - /opt/***/dags/gps/common/extract.py:99: UserWarning: pandas only supports SQLAlchemy connectable (engine/connection) or database string URI or sqlite3 DBAPI2 connection. Other DBAPI2 objects are not tested. Please consider using SQLAlchemy.
  df_ = pd.read_sql_query(sql_query, conn, params=params)

[2024-07-26T12:54:36.180+0000] {rwminio.py:19} INFO - start to save data
[2024-07-26T12:54:36.205+0000] {rwminio.py:34} INFO - data in minio ok
[2024-07-26T12:54:36.206+0000] {python.py:237} INFO - Done. Returned value was: None
[2024-07-26T12:54:36.207+0000] {taskinstance.py:441} INFO - ::group::Post task execution logs
[2024-07-26T12:54:36.218+0000] {taskinstance.py:1206} INFO - Marking task as SUCCESS. dag_id=motower_daily_prod, task_id=extract_congestion, run_id=scheduled__2024-06-23T06:00:00+00:00, execution_date=20240623T060000, start_date=20240726T125435, end_date=20240726T125436
[2024-07-26T12:54:36.292+0000] {local_task_job_runner.py:243} INFO - Task exited with return code 0
[2024-07-26T12:54:36.314+0000] {taskinstance.py:3503} INFO - 1 downstream tasks scheduled from follow-on schedule check
[2024-07-26T12:54:36.315+0000] {local_task_job_runner.py:222} INFO - ::endgroup::
[2024-07-29T11:59:50.500+0000] {local_task_job_runner.py:120} INFO - ::group::Pre task execution logs
[2024-07-29T11:59:50.550+0000] {taskinstance.py:2076} INFO - Dependencies all met for dep_context=non-requeueable deps ti=<TaskInstance: motower_daily_prod.extract_congestion scheduled__2024-06-23T06:00:00+00:00 [queued]>
[2024-07-29T11:59:50.568+0000] {taskinstance.py:2076} INFO - Dependencies all met for dep_context=requeueable deps ti=<TaskInstance: motower_daily_prod.extract_congestion scheduled__2024-06-23T06:00:00+00:00 [queued]>
[2024-07-29T11:59:50.569+0000] {taskinstance.py:2306} INFO - Starting attempt 1 of 1
[2024-07-29T11:59:50.591+0000] {taskinstance.py:2330} INFO - Executing <Task(PythonOperator): extract_congestion> on 2024-06-23 06:00:00+00:00
[2024-07-29T11:59:50.605+0000] {warnings.py:112} WARNING - /home/***/.local/lib/python3.12/site-packages/***/task/task_runner/standard_task_runner.py:62: DeprecationWarning: This process (pid=3249) is multi-threaded, use of fork() may lead to deadlocks in the child.
  pid = os.fork()

[2024-07-29T11:59:50.607+0000] {standard_task_runner.py:64} INFO - Started process 3269 to run task
[2024-07-29T11:59:50.612+0000] {standard_task_runner.py:90} INFO - Running: ['***', 'tasks', 'run', 'motower_daily_prod', 'extract_congestion', 'scheduled__2024-06-23T06:00:00+00:00', '--job-id', '887', '--raw', '--subdir', 'DAGS_FOLDER/gps/custom_dags/motower_daily.py', '--cfg-path', '/tmp/tmpjcve3t84']
[2024-07-29T11:59:50.614+0000] {standard_task_runner.py:91} INFO - Job 887: Subtask extract_congestion
[2024-07-29T11:59:50.670+0000] {task_command.py:426} INFO - Running <TaskInstance: motower_daily_prod.extract_congestion scheduled__2024-06-23T06:00:00+00:00 [running]> on host e824106b656d
[2024-07-29T11:59:50.828+0000] {taskinstance.py:2648} INFO - Exporting env vars: AIRFLOW_CTX_DAG_EMAIL='richmond.kongo@orange.com,assane.diop@orange.com,cyrille1.danho@orange.com,mohamed2.sylla@orange.com,amadou.diomande@orange.com,Jonas.kouame@orange.com,armand.kablan@orange.com,anicet.azombade@orange.com,etienne.kouadio@orange.com,bertine.kouakou@orange.com,florentine.kouakou@orange.com,ange.phaceli@orange.com,soulegame.soro@orange.com,innocent.yengo@orange.com' AIRFLOW_CTX_DAG_OWNER='***' AIRFLOW_CTX_DAG_ID='motower_daily_prod' AIRFLOW_CTX_TASK_ID='extract_congestion' AIRFLOW_CTX_EXECUTION_DATE='2024-06-23T06:00:00+00:00' AIRFLOW_CTX_TRY_NUMBER='1' AIRFLOW_CTX_DAG_RUN_ID='scheduled__2024-06-23T06:00:00+00:00'
[2024-07-29T11:59:50.833+0000] {taskinstance.py:430} INFO - ::endgroup::
[2024-07-29T11:59:50.855+0000] {extract.py:126} INFO - Getting data of the table ks_hebdo_tdb_radio_drsi 
[2024-07-29T11:59:50.856+0000] {extract.py:127} INFO - where date is 2024-06-22
[2024-07-29T11:59:50.857+0000] {extract.py:98} INFO - get data to date 25 and year 2024
[2024-07-29T11:59:50.864+0000] {warnings.py:112} WARNING - /opt/***/dags/gps/common/extract.py:99: UserWarning: pandas only supports SQLAlchemy connectable (engine/connection) or database string URI or sqlite3 DBAPI2 connection. Other DBAPI2 objects are not tested. Please consider using SQLAlchemy.
  df_ = pd.read_sql_query(sql_query, conn, params=params)

[2024-07-29T11:59:50.878+0000] {rwminio.py:19} INFO - start to save data
[2024-07-29T11:59:50.898+0000] {rwminio.py:34} INFO - data in minio ok
[2024-07-29T11:59:50.899+0000] {python.py:237} INFO - Done. Returned value was: None
[2024-07-29T11:59:50.900+0000] {taskinstance.py:441} INFO - ::group::Post task execution logs
[2024-07-29T11:59:50.909+0000] {taskinstance.py:1206} INFO - Marking task as SUCCESS. dag_id=motower_daily_prod, task_id=extract_congestion, run_id=scheduled__2024-06-23T06:00:00+00:00, execution_date=20240623T060000, start_date=20240729T115950, end_date=20240729T115950
[2024-07-29T11:59:50.942+0000] {local_task_job_runner.py:243} INFO - Task exited with return code 0
[2024-07-29T11:59:50.970+0000] {taskinstance.py:3503} INFO - 1 downstream tasks scheduled from follow-on schedule check
[2024-07-29T11:59:50.972+0000] {local_task_job_runner.py:222} INFO - ::endgroup::
[2024-07-29T14:32:52.017+0000] {local_task_job_runner.py:120} INFO - ::group::Pre task execution logs
[2024-07-29T14:32:52.062+0000] {taskinstance.py:2076} INFO - Dependencies all met for dep_context=non-requeueable deps ti=<TaskInstance: motower_daily_prod.extract_congestion scheduled__2024-06-23T06:00:00+00:00 [queued]>
[2024-07-29T14:32:52.076+0000] {taskinstance.py:2076} INFO - Dependencies all met for dep_context=requeueable deps ti=<TaskInstance: motower_daily_prod.extract_congestion scheduled__2024-06-23T06:00:00+00:00 [queued]>
[2024-07-29T14:32:52.077+0000] {taskinstance.py:2306} INFO - Starting attempt 1 of 1
[2024-07-29T14:32:52.093+0000] {taskinstance.py:2330} INFO - Executing <Task(PythonOperator): extract_congestion> on 2024-06-23 06:00:00+00:00
[2024-07-29T14:32:52.106+0000] {warnings.py:112} WARNING - /home/***/.local/lib/python3.12/site-packages/***/task/task_runner/standard_task_runner.py:62: DeprecationWarning: This process (pid=1261) is multi-threaded, use of fork() may lead to deadlocks in the child.
  pid = os.fork()

[2024-07-29T14:32:52.107+0000] {standard_task_runner.py:64} INFO - Started process 1274 to run task
[2024-07-29T14:32:52.108+0000] {standard_task_runner.py:90} INFO - Running: ['***', 'tasks', 'run', 'motower_daily_prod', 'extract_congestion', 'scheduled__2024-06-23T06:00:00+00:00', '--job-id', '1278', '--raw', '--subdir', 'DAGS_FOLDER/gps/custom_dags/motower_daily.py', '--cfg-path', '/tmp/tmp61zjxzr7']
[2024-07-29T14:32:52.110+0000] {standard_task_runner.py:91} INFO - Job 1278: Subtask extract_congestion
[2024-07-29T14:32:52.164+0000] {task_command.py:426} INFO - Running <TaskInstance: motower_daily_prod.extract_congestion scheduled__2024-06-23T06:00:00+00:00 [running]> on host e824106b656d
[2024-07-29T14:32:52.271+0000] {taskinstance.py:2648} INFO - Exporting env vars: AIRFLOW_CTX_DAG_EMAIL='richmond.kongo@orange.com,assane.diop@orange.com,cyrille1.danho@orange.com,mohamed2.sylla@orange.com,amadou.diomande@orange.com,Jonas.kouame@orange.com,armand.kablan@orange.com,anicet.azombade@orange.com,etienne.kouadio@orange.com,bertine.kouakou@orange.com,florentine.kouakou@orange.com,ange.phaceli@orange.com,soulegame.soro@orange.com,innocent.yengo@orange.com' AIRFLOW_CTX_DAG_OWNER='***' AIRFLOW_CTX_DAG_ID='motower_daily_prod' AIRFLOW_CTX_TASK_ID='extract_congestion' AIRFLOW_CTX_EXECUTION_DATE='2024-06-23T06:00:00+00:00' AIRFLOW_CTX_TRY_NUMBER='1' AIRFLOW_CTX_DAG_RUN_ID='scheduled__2024-06-23T06:00:00+00:00'
[2024-07-29T14:32:52.272+0000] {taskinstance.py:430} INFO - ::endgroup::
[2024-07-29T14:32:52.291+0000] {extract.py:126} INFO - Getting data of the table ks_hebdo_tdb_radio_drsi 
[2024-07-29T14:32:52.291+0000] {extract.py:127} INFO - where date is 2024-06-22
[2024-07-29T14:32:52.292+0000] {extract.py:98} INFO - get data to date 25 and year 2024
[2024-07-29T14:32:52.298+0000] {warnings.py:112} WARNING - /opt/***/dags/gps/common/extract.py:99: UserWarning: pandas only supports SQLAlchemy connectable (engine/connection) or database string URI or sqlite3 DBAPI2 connection. Other DBAPI2 objects are not tested. Please consider using SQLAlchemy.
  df_ = pd.read_sql_query(sql_query, conn, params=params)

[2024-07-29T14:32:52.307+0000] {rwminio.py:19} INFO - start to save data
[2024-07-29T14:32:52.325+0000] {rwminio.py:34} INFO - data in minio ok
[2024-07-29T14:32:52.326+0000] {python.py:237} INFO - Done. Returned value was: None
[2024-07-29T14:32:52.327+0000] {taskinstance.py:441} INFO - ::group::Post task execution logs
[2024-07-29T14:32:52.337+0000] {taskinstance.py:1206} INFO - Marking task as SUCCESS. dag_id=motower_daily_prod, task_id=extract_congestion, run_id=scheduled__2024-06-23T06:00:00+00:00, execution_date=20240623T060000, start_date=20240729T143252, end_date=20240729T143252
[2024-07-29T14:32:52.404+0000] {local_task_job_runner.py:243} INFO - Task exited with return code 0
[2024-07-29T14:32:52.416+0000] {local_task_job_runner.py:222} INFO - ::endgroup::
[2024-07-30T09:02:48.839+0000] {local_task_job_runner.py:120} INFO - ::group::Pre task execution logs
[2024-07-30T09:02:48.985+0000] {taskinstance.py:2076} INFO - Dependencies all met for dep_context=non-requeueable deps ti=<TaskInstance: motower_daily_prod.extract_congestion scheduled__2024-06-23T06:00:00+00:00 [queued]>
[2024-07-30T09:02:49.026+0000] {taskinstance.py:2076} INFO - Dependencies all met for dep_context=requeueable deps ti=<TaskInstance: motower_daily_prod.extract_congestion scheduled__2024-06-23T06:00:00+00:00 [queued]>
[2024-07-30T09:02:49.027+0000] {taskinstance.py:2306} INFO - Starting attempt 1 of 1
[2024-07-30T09:02:49.071+0000] {taskinstance.py:2330} INFO - Executing <Task(PythonOperator): extract_congestion> on 2024-06-23 06:00:00+00:00
[2024-07-30T09:02:49.086+0000] {warnings.py:112} WARNING - /home/***/.local/lib/python3.12/site-packages/***/task/task_runner/standard_task_runner.py:62: DeprecationWarning: This process (pid=424) is multi-threaded, use of fork() may lead to deadlocks in the child.
  pid = os.fork()

[2024-07-30T09:02:49.088+0000] {standard_task_runner.py:64} INFO - Started process 442 to run task
[2024-07-30T09:02:49.095+0000] {standard_task_runner.py:90} INFO - Running: ['***', 'tasks', 'run', 'motower_daily_prod', 'extract_congestion', 'scheduled__2024-06-23T06:00:00+00:00', '--job-id', '149', '--raw', '--subdir', 'DAGS_FOLDER/gps/custom_dags/motower_daily.py', '--cfg-path', '/tmp/tmp6f943ncj']
[2024-07-30T09:02:49.099+0000] {standard_task_runner.py:91} INFO - Job 149: Subtask extract_congestion
[2024-07-30T09:02:49.205+0000] {task_command.py:426} INFO - Running <TaskInstance: motower_daily_prod.extract_congestion scheduled__2024-06-23T06:00:00+00:00 [running]> on host 7d7c82e77e1e
[2024-07-30T09:02:49.394+0000] {taskinstance.py:2648} INFO - Exporting env vars: AIRFLOW_CTX_DAG_EMAIL='richmond.kongo@orange.com,assane.diop@orange.com,cyrille1.danho@orange.com,mohamed2.sylla@orange.com,amadou.diomande@orange.com,Jonas.kouame@orange.com,armand.kablan@orange.com,anicet.azombade@orange.com,etienne.kouadio@orange.com,bertine.kouakou@orange.com,florentine.kouakou@orange.com,ange.phaceli@orange.com,soulegame.soro@orange.com,innocent.yengo@orange.com' AIRFLOW_CTX_DAG_OWNER='***' AIRFLOW_CTX_DAG_ID='motower_daily_prod' AIRFLOW_CTX_TASK_ID='extract_congestion' AIRFLOW_CTX_EXECUTION_DATE='2024-06-23T06:00:00+00:00' AIRFLOW_CTX_TRY_NUMBER='1' AIRFLOW_CTX_DAG_RUN_ID='scheduled__2024-06-23T06:00:00+00:00'
[2024-07-30T09:02:49.395+0000] {taskinstance.py:430} INFO - ::endgroup::
[2024-07-30T09:02:49.430+0000] {extract.py:126} INFO - Getting data of the table ks_hebdo_tdb_radio_drsi 
[2024-07-30T09:02:49.431+0000] {extract.py:127} INFO - where date is 2024-06-22
[2024-07-30T09:02:49.431+0000] {extract.py:98} INFO - get data to date 25 and year 2024
[2024-07-30T09:02:49.440+0000] {warnings.py:112} WARNING - /opt/***/dags/gps/common/extract.py:99: UserWarning: pandas only supports SQLAlchemy connectable (engine/connection) or database string URI or sqlite3 DBAPI2 connection. Other DBAPI2 objects are not tested. Please consider using SQLAlchemy.
  df_ = pd.read_sql_query(sql_query, conn, params=params)

[2024-07-30T09:02:49.466+0000] {rwminio.py:19} INFO - start to save data
[2024-07-30T09:02:49.488+0000] {rwminio.py:34} INFO - data in minio ok
[2024-07-30T09:02:49.488+0000] {python.py:237} INFO - Done. Returned value was: None
[2024-07-30T09:02:49.490+0000] {taskinstance.py:441} INFO - ::group::Post task execution logs
[2024-07-30T09:02:49.504+0000] {taskinstance.py:1206} INFO - Marking task as SUCCESS. dag_id=motower_daily_prod, task_id=extract_congestion, run_id=scheduled__2024-06-23T06:00:00+00:00, execution_date=20240623T060000, start_date=20240730T090248, end_date=20240730T090249
[2024-07-30T09:02:49.548+0000] {local_task_job_runner.py:243} INFO - Task exited with return code 0
[2024-07-30T09:02:49.559+0000] {local_task_job_runner.py:222} INFO - ::endgroup::
[2024-07-30T11:14:27.243+0000] {local_task_job_runner.py:120} INFO - ::group::Pre task execution logs
[2024-07-30T11:14:27.354+0000] {taskinstance.py:2076} INFO - Dependencies all met for dep_context=non-requeueable deps ti=<TaskInstance: motower_daily_prod.extract_congestion scheduled__2024-06-23T06:00:00+00:00 [queued]>
[2024-07-30T11:14:27.387+0000] {taskinstance.py:2076} INFO - Dependencies all met for dep_context=requeueable deps ti=<TaskInstance: motower_daily_prod.extract_congestion scheduled__2024-06-23T06:00:00+00:00 [queued]>
[2024-07-30T11:14:27.387+0000] {taskinstance.py:2306} INFO - Starting attempt 1 of 1
[2024-07-30T11:14:27.425+0000] {taskinstance.py:2330} INFO - Executing <Task(PythonOperator): extract_congestion> on 2024-06-23 06:00:00+00:00
[2024-07-30T11:14:27.440+0000] {warnings.py:112} WARNING - /home/***/.local/lib/python3.12/site-packages/***/task/task_runner/standard_task_runner.py:62: DeprecationWarning: This process (pid=3332) is multi-threaded, use of fork() may lead to deadlocks in the child.
  pid = os.fork()

[2024-07-30T11:14:27.443+0000] {standard_task_runner.py:64} INFO - Started process 3345 to run task
[2024-07-30T11:14:27.444+0000] {standard_task_runner.py:90} INFO - Running: ['***', 'tasks', 'run', 'motower_daily_prod', 'extract_congestion', 'scheduled__2024-06-23T06:00:00+00:00', '--job-id', '546', '--raw', '--subdir', 'DAGS_FOLDER/gps/custom_dags/motower_daily.py', '--cfg-path', '/tmp/tmpx18kji59']
[2024-07-30T11:14:27.449+0000] {standard_task_runner.py:91} INFO - Job 546: Subtask extract_congestion
[2024-07-30T11:14:27.540+0000] {task_command.py:426} INFO - Running <TaskInstance: motower_daily_prod.extract_congestion scheduled__2024-06-23T06:00:00+00:00 [running]> on host 7d7c82e77e1e
[2024-07-30T11:14:27.806+0000] {taskinstance.py:2648} INFO - Exporting env vars: AIRFLOW_CTX_DAG_EMAIL='richmond.kongo@orange.com,assane.diop@orange.com,cyrille1.danho@orange.com,mohamed2.sylla@orange.com,amadou.diomande@orange.com,Jonas.kouame@orange.com,armand.kablan@orange.com,anicet.azombade@orange.com,etienne.kouadio@orange.com,bertine.kouakou@orange.com,florentine.kouakou@orange.com,ange.phaceli@orange.com,soulegame.soro@orange.com,innocent.yengo@orange.com' AIRFLOW_CTX_DAG_OWNER='***' AIRFLOW_CTX_DAG_ID='motower_daily_prod' AIRFLOW_CTX_TASK_ID='extract_congestion' AIRFLOW_CTX_EXECUTION_DATE='2024-06-23T06:00:00+00:00' AIRFLOW_CTX_TRY_NUMBER='1' AIRFLOW_CTX_DAG_RUN_ID='scheduled__2024-06-23T06:00:00+00:00'
[2024-07-30T11:14:27.809+0000] {taskinstance.py:430} INFO - ::endgroup::
[2024-07-30T11:14:27.857+0000] {extract.py:126} INFO - Getting data of the table ks_hebdo_tdb_radio_drsi 
[2024-07-30T11:14:27.858+0000] {extract.py:127} INFO - where date is 2024-06-22
[2024-07-30T11:14:27.859+0000] {extract.py:98} INFO - get data to date 25 and year 2024
[2024-07-30T11:14:27.868+0000] {warnings.py:112} WARNING - /opt/***/dags/gps/common/extract.py:99: UserWarning: pandas only supports SQLAlchemy connectable (engine/connection) or database string URI or sqlite3 DBAPI2 connection. Other DBAPI2 objects are not tested. Please consider using SQLAlchemy.
  df_ = pd.read_sql_query(sql_query, conn, params=params)

[2024-07-30T11:14:27.892+0000] {rwminio.py:19} INFO - start to save data
[2024-07-30T11:14:27.922+0000] {rwminio.py:34} INFO - data in minio ok
[2024-07-30T11:14:27.923+0000] {python.py:237} INFO - Done. Returned value was: None
[2024-07-30T11:14:27.924+0000] {taskinstance.py:441} INFO - ::group::Post task execution logs
[2024-07-30T11:14:27.943+0000] {taskinstance.py:1206} INFO - Marking task as SUCCESS. dag_id=motower_daily_prod, task_id=extract_congestion, run_id=scheduled__2024-06-23T06:00:00+00:00, execution_date=20240623T060000, start_date=20240730T111427, end_date=20240730T111427
[2024-07-30T11:14:28.001+0000] {local_task_job_runner.py:243} INFO - Task exited with return code 0
[2024-07-30T11:14:28.020+0000] {local_task_job_runner.py:222} INFO - ::endgroup::
[2024-08-02T12:24:21.200+0000] {local_task_job_runner.py:120} INFO - ::group::Pre task execution logs
[2024-08-02T12:24:21.374+0000] {taskinstance.py:2076} INFO - Dependencies all met for dep_context=non-requeueable deps ti=<TaskInstance: motower_daily_prod.extract_congestion scheduled__2024-06-23T06:00:00+00:00 [queued]>
[2024-08-02T12:24:21.449+0000] {taskinstance.py:2076} INFO - Dependencies all met for dep_context=requeueable deps ti=<TaskInstance: motower_daily_prod.extract_congestion scheduled__2024-06-23T06:00:00+00:00 [queued]>
[2024-08-02T12:24:21.450+0000] {taskinstance.py:2306} INFO - Starting attempt 1 of 1
[2024-08-02T12:24:21.538+0000] {taskinstance.py:2330} INFO - Executing <Task(PythonOperator): extract_congestion> on 2024-06-23 06:00:00+00:00
[2024-08-02T12:24:21.553+0000] {warnings.py:112} WARNING - /home/***/.local/lib/python3.12/site-packages/***/task/task_runner/standard_task_runner.py:62: DeprecationWarning: This process (pid=1151) is multi-threaded, use of fork() may lead to deadlocks in the child.
  pid = os.fork()

[2024-08-02T12:24:21.555+0000] {standard_task_runner.py:64} INFO - Started process 1165 to run task
[2024-08-02T12:24:21.579+0000] {standard_task_runner.py:90} INFO - Running: ['***', 'tasks', 'run', 'motower_daily_prod', 'extract_congestion', 'scheduled__2024-06-23T06:00:00+00:00', '--job-id', '962', '--raw', '--subdir', 'DAGS_FOLDER/gps/custom_dags/motower_daily.py', '--cfg-path', '/tmp/tmpyorv5zof']
[2024-08-02T12:24:21.583+0000] {standard_task_runner.py:91} INFO - Job 962: Subtask extract_congestion
[2024-08-02T12:24:21.742+0000] {task_command.py:426} INFO - Running <TaskInstance: motower_daily_prod.extract_congestion scheduled__2024-06-23T06:00:00+00:00 [running]> on host 0ed00079025b
[2024-08-02T12:24:22.016+0000] {taskinstance.py:2648} INFO - Exporting env vars: AIRFLOW_CTX_DAG_EMAIL='richmond.kongo@orange.com,assane.diop@orange.com,cyrille1.danho@orange.com,mohamed2.sylla@orange.com,amadou.diomande@orange.com,Jonas.kouame@orange.com,armand.kablan@orange.com,anicet.azombade@orange.com,etienne.kouadio@orange.com,bertine.kouakou@orange.com,florentine.kouakou@orange.com,ange.phaceli@orange.com,soulegame.soro@orange.com,innocent.yengo@orange.com' AIRFLOW_CTX_DAG_OWNER='***' AIRFLOW_CTX_DAG_ID='motower_daily_prod' AIRFLOW_CTX_TASK_ID='extract_congestion' AIRFLOW_CTX_EXECUTION_DATE='2024-06-23T06:00:00+00:00' AIRFLOW_CTX_TRY_NUMBER='1' AIRFLOW_CTX_DAG_RUN_ID='scheduled__2024-06-23T06:00:00+00:00'
[2024-08-02T12:24:22.022+0000] {taskinstance.py:430} INFO - ::endgroup::
[2024-08-02T12:24:22.060+0000] {extract.py:126} INFO - Getting data of the table ks_hebdo_tdb_radio_drsi 
[2024-08-02T12:24:22.060+0000] {extract.py:127} INFO - where date is 2024-06-22
[2024-08-02T12:24:22.064+0000] {extract.py:98} INFO - get data to date 25 and year 2024
[2024-08-02T12:24:22.076+0000] {warnings.py:112} WARNING - /opt/***/dags/gps/common/extract.py:99: UserWarning: pandas only supports SQLAlchemy connectable (engine/connection) or database string URI or sqlite3 DBAPI2 connection. Other DBAPI2 objects are not tested. Please consider using SQLAlchemy.
  df_ = pd.read_sql_query(sql_query, conn, params=params)

[2024-08-02T12:24:22.110+0000] {rwminio.py:19} INFO - start to save data
[2024-08-02T12:24:22.148+0000] {rwminio.py:34} INFO - data in minio ok
[2024-08-02T12:24:22.149+0000] {python.py:237} INFO - Done. Returned value was: None
[2024-08-02T12:24:22.151+0000] {taskinstance.py:441} INFO - ::group::Post task execution logs
[2024-08-02T12:24:22.183+0000] {taskinstance.py:1206} INFO - Marking task as SUCCESS. dag_id=motower_daily_prod, task_id=extract_congestion, run_id=scheduled__2024-06-23T06:00:00+00:00, execution_date=20240623T060000, start_date=20240802T122421, end_date=20240802T122422
[2024-08-02T12:24:22.263+0000] {local_task_job_runner.py:243} INFO - Task exited with return code 0
[2024-08-02T12:24:22.311+0000] {local_task_job_runner.py:222} INFO - ::endgroup::
