[2024-08-06T16:58:07.356+0000] {local_task_job_runner.py:120} INFO - ::group::Pre task execution logs
[2024-08-06T16:58:07.445+0000] {taskinstance.py:2076} INFO - Dependencies all met for dep_context=non-requeueable deps ti=<TaskInstance: motower_daily_prod.extract_congestion scheduled__2024-01-16T06:00:00+00:00 [queued]>
[2024-08-06T16:58:07.470+0000] {taskinstance.py:2076} INFO - Dependencies all met for dep_context=requeueable deps ti=<TaskInstance: motower_daily_prod.extract_congestion scheduled__2024-01-16T06:00:00+00:00 [queued]>
[2024-08-06T16:58:07.471+0000] {taskinstance.py:2306} INFO - Starting attempt 1 of 1
[2024-08-06T16:58:07.497+0000] {taskinstance.py:2330} INFO - Executing <Task(PythonOperator): extract_congestion> on 2024-01-16 06:00:00+00:00
[2024-08-06T16:58:07.511+0000] {warnings.py:112} WARNING - /home/***/.local/lib/python3.12/site-packages/***/task/task_runner/standard_task_runner.py:62: DeprecationWarning: This process (pid=1465) is multi-threaded, use of fork() may lead to deadlocks in the child.
  pid = os.fork()

[2024-08-06T16:58:07.514+0000] {standard_task_runner.py:90} INFO - Running: ['***', 'tasks', 'run', 'motower_daily_prod', 'extract_congestion', 'scheduled__2024-01-16T06:00:00+00:00', '--job-id', '187', '--raw', '--subdir', 'DAGS_FOLDER/gps/custom_dags/motower_daily.py', '--cfg-path', '/tmp/tmpemn7pd_1']
[2024-08-06T16:58:07.518+0000] {standard_task_runner.py:91} INFO - Job 187: Subtask extract_congestion
[2024-08-06T16:58:07.518+0000] {standard_task_runner.py:64} INFO - Started process 1474 to run task
[2024-08-06T16:58:07.630+0000] {task_command.py:426} INFO - Running <TaskInstance: motower_daily_prod.extract_congestion scheduled__2024-01-16T06:00:00+00:00 [running]> on host 13681191f11c
[2024-08-06T16:58:08.045+0000] {taskinstance.py:2648} INFO - Exporting env vars: AIRFLOW_CTX_DAG_EMAIL='richmond.kongo@orange.com,assane.diop@orange.com,cyrille1.danho@orange.com,mohamed2.sylla@orange.com,amadou.diomande@orange.com,Jonas.kouame@orange.com,armand.kablan@orange.com,anicet.azombade@orange.com,etienne.kouadio@orange.com,bertine.kouakou@orange.com,florentine.kouakou@orange.com,ange.phaceli@orange.com,soulegame.soro@orange.com,innocent.yengo@orange.com' AIRFLOW_CTX_DAG_OWNER='***' AIRFLOW_CTX_DAG_ID='motower_daily_prod' AIRFLOW_CTX_TASK_ID='extract_congestion' AIRFLOW_CTX_EXECUTION_DATE='2024-01-16T06:00:00+00:00' AIRFLOW_CTX_TRY_NUMBER='1' AIRFLOW_CTX_DAG_RUN_ID='scheduled__2024-01-16T06:00:00+00:00'
[2024-08-06T16:58:08.051+0000] {taskinstance.py:430} INFO - ::endgroup::
[2024-08-06T16:58:08.091+0000] {extract.py:126} INFO - Getting data of the table ks_hebdo_tdb_radio_drsi 
[2024-08-06T16:58:08.091+0000] {extract.py:127} INFO - where date is 2024-01-15
[2024-08-06T16:58:08.092+0000] {extract.py:98} INFO - get data to date 3 and year 2024
[2024-08-06T16:58:08.103+0000] {warnings.py:112} WARNING - /opt/***/dags/gps/common/extract.py:99: UserWarning: pandas only supports SQLAlchemy connectable (engine/connection) or database string URI or sqlite3 DBAPI2 connection. Other DBAPI2 objects are not tested. Please consider using SQLAlchemy.
  df_ = pd.read_sql_query(sql_query, conn, params=params)

[2024-08-06T16:58:08.476+0000] {rwminio.py:19} INFO - start to save data
[2024-08-06T16:58:08.894+0000] {rwminio.py:34} INFO - data in minio ok
[2024-08-06T16:58:08.906+0000] {python.py:237} INFO - Done. Returned value was: None
[2024-08-06T16:58:08.911+0000] {taskinstance.py:441} INFO - ::group::Post task execution logs
[2024-08-06T16:58:08.979+0000] {taskinstance.py:1206} INFO - Marking task as SUCCESS. dag_id=motower_daily_prod, task_id=extract_congestion, run_id=scheduled__2024-01-16T06:00:00+00:00, execution_date=20240116T060000, start_date=20240806T165807, end_date=20240806T165808
[2024-08-06T16:58:09.172+0000] {local_task_job_runner.py:243} INFO - Task exited with return code 0
[2024-08-06T16:58:09.219+0000] {local_task_job_runner.py:222} INFO - ::endgroup::
[2024-08-06T17:28:30.752+0000] {local_task_job_runner.py:120} INFO - ::group::Pre task execution logs
[2024-08-06T17:28:30.875+0000] {taskinstance.py:2076} INFO - Dependencies all met for dep_context=non-requeueable deps ti=<TaskInstance: motower_daily_prod.extract_congestion scheduled__2024-01-16T06:00:00+00:00 [queued]>
[2024-08-06T17:28:30.908+0000] {taskinstance.py:2076} INFO - Dependencies all met for dep_context=requeueable deps ti=<TaskInstance: motower_daily_prod.extract_congestion scheduled__2024-01-16T06:00:00+00:00 [queued]>
[2024-08-06T17:28:30.910+0000] {taskinstance.py:2306} INFO - Starting attempt 1 of 1
[2024-08-06T17:28:31.800+0000] {taskinstance.py:2330} INFO - Executing <Task(PythonOperator): extract_congestion> on 2024-01-16 06:00:00+00:00
[2024-08-06T17:28:31.880+0000] {warnings.py:112} WARNING - /home/***/.local/lib/python3.12/site-packages/***/task/task_runner/standard_task_runner.py:62: DeprecationWarning: This process (pid=5597) is multi-threaded, use of fork() may lead to deadlocks in the child.
  pid = os.fork()

[2024-08-06T17:28:31.883+0000] {standard_task_runner.py:64} INFO - Started process 5614 to run task
[2024-08-06T17:28:31.901+0000] {standard_task_runner.py:90} INFO - Running: ['***', 'tasks', 'run', 'motower_daily_prod', 'extract_congestion', 'scheduled__2024-01-16T06:00:00+00:00', '--job-id', '1444', '--raw', '--subdir', 'DAGS_FOLDER/gps/custom_dags/motower_daily.py', '--cfg-path', '/tmp/tmpzsl4bp6r']
[2024-08-06T17:28:31.906+0000] {standard_task_runner.py:91} INFO - Job 1444: Subtask extract_congestion
[2024-08-06T17:28:32.208+0000] {task_command.py:426} INFO - Running <TaskInstance: motower_daily_prod.extract_congestion scheduled__2024-01-16T06:00:00+00:00 [running]> on host 13681191f11c
[2024-08-06T17:28:32.455+0000] {taskinstance.py:2648} INFO - Exporting env vars: AIRFLOW_CTX_DAG_EMAIL='richmond.kongo@orange.com,assane.diop@orange.com,cyrille1.danho@orange.com,mohamed2.sylla@orange.com,amadou.diomande@orange.com,Jonas.kouame@orange.com,armand.kablan@orange.com,anicet.azombade@orange.com,etienne.kouadio@orange.com,bertine.kouakou@orange.com,florentine.kouakou@orange.com,ange.phaceli@orange.com,soulegame.soro@orange.com,innocent.yengo@orange.com' AIRFLOW_CTX_DAG_OWNER='***' AIRFLOW_CTX_DAG_ID='motower_daily_prod' AIRFLOW_CTX_TASK_ID='extract_congestion' AIRFLOW_CTX_EXECUTION_DATE='2024-01-16T06:00:00+00:00' AIRFLOW_CTX_TRY_NUMBER='1' AIRFLOW_CTX_DAG_RUN_ID='scheduled__2024-01-16T06:00:00+00:00'
[2024-08-06T17:28:32.457+0000] {taskinstance.py:430} INFO - ::endgroup::
[2024-08-06T17:28:32.497+0000] {extract.py:126} INFO - Getting data of the table ks_hebdo_tdb_radio_drsi 
[2024-08-06T17:28:32.497+0000] {extract.py:127} INFO - where date is 2024-01-15
[2024-08-06T17:28:32.498+0000] {extract.py:98} INFO - get data to date 3 and year 2024
[2024-08-06T17:28:32.511+0000] {warnings.py:112} WARNING - /opt/***/dags/gps/common/extract.py:99: UserWarning: pandas only supports SQLAlchemy connectable (engine/connection) or database string URI or sqlite3 DBAPI2 connection. Other DBAPI2 objects are not tested. Please consider using SQLAlchemy.
  df_ = pd.read_sql_query(sql_query, conn, params=params)

[2024-08-06T17:28:32.834+0000] {rwminio.py:19} INFO - start to save data
[2024-08-06T17:28:33.092+0000] {rwminio.py:34} INFO - data in minio ok
[2024-08-06T17:28:33.100+0000] {python.py:237} INFO - Done. Returned value was: None
[2024-08-06T17:28:33.101+0000] {taskinstance.py:441} INFO - ::group::Post task execution logs
[2024-08-06T17:28:33.120+0000] {taskinstance.py:1206} INFO - Marking task as SUCCESS. dag_id=motower_daily_prod, task_id=extract_congestion, run_id=scheduled__2024-01-16T06:00:00+00:00, execution_date=20240116T060000, start_date=20240806T172830, end_date=20240806T172833
[2024-08-06T17:28:33.200+0000] {local_task_job_runner.py:243} INFO - Task exited with return code 0
[2024-08-06T17:28:33.266+0000] {taskinstance.py:3503} INFO - 0 downstream tasks scheduled from follow-on schedule check
[2024-08-06T17:28:33.271+0000] {local_task_job_runner.py:222} INFO - ::endgroup::
[2024-08-06T18:16:10.004+0000] {local_task_job_runner.py:120} INFO - ::group::Pre task execution logs
[2024-08-06T18:16:10.097+0000] {taskinstance.py:2076} INFO - Dependencies all met for dep_context=non-requeueable deps ti=<TaskInstance: motower_daily_prod.extract_congestion scheduled__2024-01-16T06:00:00+00:00 [queued]>
[2024-08-06T18:16:10.124+0000] {taskinstance.py:2076} INFO - Dependencies all met for dep_context=requeueable deps ti=<TaskInstance: motower_daily_prod.extract_congestion scheduled__2024-01-16T06:00:00+00:00 [queued]>
[2024-08-06T18:16:10.126+0000] {taskinstance.py:2306} INFO - Starting attempt 1 of 1
[2024-08-06T18:16:10.158+0000] {taskinstance.py:2330} INFO - Executing <Task(PythonOperator): extract_congestion> on 2024-01-16 06:00:00+00:00
[2024-08-06T18:16:10.181+0000] {warnings.py:112} WARNING - /home/***/.local/lib/python3.12/site-packages/***/task/task_runner/standard_task_runner.py:62: DeprecationWarning: This process (pid=9462) is multi-threaded, use of fork() may lead to deadlocks in the child.
  pid = os.fork()

[2024-08-06T18:16:10.183+0000] {standard_task_runner.py:64} INFO - Started process 9476 to run task
[2024-08-06T18:16:10.181+0000] {standard_task_runner.py:90} INFO - Running: ['***', 'tasks', 'run', 'motower_daily_prod', 'extract_congestion', 'scheduled__2024-01-16T06:00:00+00:00', '--job-id', '2544', '--raw', '--subdir', 'DAGS_FOLDER/gps/custom_dags/motower_daily.py', '--cfg-path', '/tmp/tmpj5kbu1e4']
[2024-08-06T18:16:10.186+0000] {standard_task_runner.py:91} INFO - Job 2544: Subtask extract_congestion
[2024-08-06T18:16:10.307+0000] {task_command.py:426} INFO - Running <TaskInstance: motower_daily_prod.extract_congestion scheduled__2024-01-16T06:00:00+00:00 [running]> on host 13681191f11c
[2024-08-06T18:16:10.544+0000] {taskinstance.py:2648} INFO - Exporting env vars: AIRFLOW_CTX_DAG_EMAIL='richmond.kongo@orange.com,assane.diop@orange.com,cyrille1.danho@orange.com,mohamed2.sylla@orange.com,amadou.diomande@orange.com,Jonas.kouame@orange.com,armand.kablan@orange.com,anicet.azombade@orange.com,etienne.kouadio@orange.com,bertine.kouakou@orange.com,florentine.kouakou@orange.com,ange.phaceli@orange.com,soulegame.soro@orange.com,innocent.yengo@orange.com' AIRFLOW_CTX_DAG_OWNER='***' AIRFLOW_CTX_DAG_ID='motower_daily_prod' AIRFLOW_CTX_TASK_ID='extract_congestion' AIRFLOW_CTX_EXECUTION_DATE='2024-01-16T06:00:00+00:00' AIRFLOW_CTX_TRY_NUMBER='1' AIRFLOW_CTX_DAG_RUN_ID='scheduled__2024-01-16T06:00:00+00:00'
[2024-08-06T18:16:10.546+0000] {taskinstance.py:430} INFO - ::endgroup::
[2024-08-06T18:16:10.595+0000] {extract.py:126} INFO - Getting data of the table ks_hebdo_tdb_radio_drsi 
[2024-08-06T18:16:10.596+0000] {extract.py:127} INFO - where date is 2024-01-15
[2024-08-06T18:16:10.597+0000] {extract.py:98} INFO - get data to date 3 and year 2024
[2024-08-06T18:16:10.613+0000] {warnings.py:112} WARNING - /opt/***/dags/gps/common/extract.py:99: UserWarning: pandas only supports SQLAlchemy connectable (engine/connection) or database string URI or sqlite3 DBAPI2 connection. Other DBAPI2 objects are not tested. Please consider using SQLAlchemy.
  df_ = pd.read_sql_query(sql_query, conn, params=params)

[2024-08-06T18:16:11.040+0000] {rwminio.py:19} INFO - start to save data
[2024-08-06T18:16:11.478+0000] {rwminio.py:34} INFO - data in minio ok
[2024-08-06T18:16:11.490+0000] {python.py:237} INFO - Done. Returned value was: None
[2024-08-06T18:16:11.499+0000] {taskinstance.py:441} INFO - ::group::Post task execution logs
[2024-08-06T18:16:11.524+0000] {taskinstance.py:1206} INFO - Marking task as SUCCESS. dag_id=motower_daily_prod, task_id=extract_congestion, run_id=scheduled__2024-01-16T06:00:00+00:00, execution_date=20240116T060000, start_date=20240806T181610, end_date=20240806T181611
[2024-08-06T18:16:11.586+0000] {local_task_job_runner.py:243} INFO - Task exited with return code 0
[2024-08-06T18:16:11.653+0000] {taskinstance.py:3503} INFO - 0 downstream tasks scheduled from follow-on schedule check
[2024-08-06T18:16:11.663+0000] {local_task_job_runner.py:222} INFO - ::endgroup::
