[2024-08-06T17:02:33.135+0000] {local_task_job_runner.py:120} INFO - ::group::Pre task execution logs
[2024-08-06T17:02:33.208+0000] {taskinstance.py:2076} INFO - Dependencies all met for dep_context=non-requeueable deps ti=<TaskInstance: motower_daily_prod.sensor_congestion scheduled__2024-02-20T06:00:00+00:00 [queued]>
[2024-08-06T17:02:33.255+0000] {taskinstance.py:2076} INFO - Dependencies all met for dep_context=requeueable deps ti=<TaskInstance: motower_daily_prod.sensor_congestion scheduled__2024-02-20T06:00:00+00:00 [queued]>
[2024-08-06T17:02:33.256+0000] {taskinstance.py:2306} INFO - Starting attempt 1 of 1
[2024-08-06T17:02:33.289+0000] {taskinstance.py:2330} INFO - Executing <Task(PythonSensor): sensor_congestion> on 2024-02-20 06:00:00+00:00
[2024-08-06T17:02:33.305+0000] {warnings.py:112} WARNING - /home/***/.local/lib/python3.12/site-packages/***/task/task_runner/standard_task_runner.py:62: DeprecationWarning: This process (pid=2386) is multi-threaded, use of fork() may lead to deadlocks in the child.
  pid = os.fork()

[2024-08-06T17:02:33.307+0000] {standard_task_runner.py:64} INFO - Started process 2399 to run task
[2024-08-06T17:02:33.308+0000] {standard_task_runner.py:90} INFO - Running: ['***', 'tasks', 'run', 'motower_daily_prod', 'sensor_congestion', 'scheduled__2024-02-20T06:00:00+00:00', '--job-id', '479', '--raw', '--subdir', 'DAGS_FOLDER/gps/custom_dags/motower_daily.py', '--cfg-path', '/tmp/tmpgmefk8m1']
[2024-08-06T17:02:33.312+0000] {standard_task_runner.py:91} INFO - Job 479: Subtask sensor_congestion
[2024-08-06T17:02:33.406+0000] {task_command.py:426} INFO - Running <TaskInstance: motower_daily_prod.sensor_congestion scheduled__2024-02-20T06:00:00+00:00 [running]> on host 13681191f11c
[2024-08-06T17:02:33.616+0000] {taskinstance.py:2648} INFO - Exporting env vars: AIRFLOW_CTX_DAG_EMAIL='richmond.kongo@orange.com,assane.diop@orange.com,cyrille1.danho@orange.com,mohamed2.sylla@orange.com,amadou.diomande@orange.com,Jonas.kouame@orange.com,armand.kablan@orange.com,anicet.azombade@orange.com,etienne.kouadio@orange.com,bertine.kouakou@orange.com,florentine.kouakou@orange.com,ange.phaceli@orange.com,soulegame.soro@orange.com,innocent.yengo@orange.com' AIRFLOW_CTX_DAG_OWNER='***' AIRFLOW_CTX_DAG_ID='motower_daily_prod' AIRFLOW_CTX_TASK_ID='sensor_congestion' AIRFLOW_CTX_EXECUTION_DATE='2024-02-20T06:00:00+00:00' AIRFLOW_CTX_TRY_NUMBER='1' AIRFLOW_CTX_DAG_RUN_ID='scheduled__2024-02-20T06:00:00+00:00'
[2024-08-06T17:02:33.620+0000] {taskinstance.py:430} INFO - ::endgroup::
[2024-08-06T17:02:33.649+0000] {python.py:75} INFO - Poking callable: <function check_data_in_table at 0x701c428e02c0>
[2024-08-06T17:02:33.657+0000] {extract.py:126} INFO - Getting data of the table ks_hebdo_tdb_radio_drsi 
[2024-08-06T17:02:33.657+0000] {extract.py:127} INFO - where date is 2024-02-19
[2024-08-06T17:02:33.658+0000] {extract.py:98} INFO - get data to date 8 and year 2024
[2024-08-06T17:02:33.669+0000] {warnings.py:112} WARNING - /opt/***/dags/gps/common/extract.py:99: UserWarning: pandas only supports SQLAlchemy connectable (engine/connection) or database string URI or sqlite3 DBAPI2 connection. Other DBAPI2 objects are not tested. Please consider using SQLAlchemy.
  df_ = pd.read_sql_query(sql_query, conn, params=params)

[2024-08-06T17:02:34.137+0000] {base.py:294} INFO - Success criteria met. Exiting.
[2024-08-06T17:02:34.137+0000] {taskinstance.py:441} INFO - ::group::Post task execution logs
[2024-08-06T17:02:34.154+0000] {taskinstance.py:1206} INFO - Marking task as SUCCESS. dag_id=motower_daily_prod, task_id=sensor_congestion, run_id=scheduled__2024-02-20T06:00:00+00:00, execution_date=20240220T060000, start_date=20240806T170233, end_date=20240806T170234
[2024-08-06T17:02:34.207+0000] {local_task_job_runner.py:243} INFO - Task exited with return code 0
[2024-08-06T17:02:34.328+0000] {taskinstance.py:3503} INFO - 0 downstream tasks scheduled from follow-on schedule check
[2024-08-06T17:02:34.337+0000] {local_task_job_runner.py:222} INFO - ::endgroup::
[2024-08-06T17:33:22.954+0000] {local_task_job_runner.py:120} INFO - ::group::Pre task execution logs
[2024-08-06T17:33:23.049+0000] {taskinstance.py:2076} INFO - Dependencies all met for dep_context=non-requeueable deps ti=<TaskInstance: motower_daily_prod.sensor_congestion scheduled__2024-02-20T06:00:00+00:00 [queued]>
[2024-08-06T17:33:23.072+0000] {taskinstance.py:2076} INFO - Dependencies all met for dep_context=requeueable deps ti=<TaskInstance: motower_daily_prod.sensor_congestion scheduled__2024-02-20T06:00:00+00:00 [queued]>
[2024-08-06T17:33:23.073+0000] {taskinstance.py:2306} INFO - Starting attempt 1 of 1
[2024-08-06T17:33:23.164+0000] {taskinstance.py:2330} INFO - Executing <Task(PythonSensor): sensor_congestion> on 2024-02-20 06:00:00+00:00
[2024-08-06T17:33:23.184+0000] {warnings.py:112} WARNING - /home/***/.local/lib/python3.12/site-packages/***/task/task_runner/standard_task_runner.py:62: DeprecationWarning: This process (pid=6554) is multi-threaded, use of fork() may lead to deadlocks in the child.
  pid = os.fork()

[2024-08-06T17:33:23.187+0000] {standard_task_runner.py:64} INFO - Started process 6572 to run task
[2024-08-06T17:33:23.198+0000] {standard_task_runner.py:90} INFO - Running: ['***', 'tasks', 'run', 'motower_daily_prod', 'sensor_congestion', 'scheduled__2024-02-20T06:00:00+00:00', '--job-id', '1748', '--raw', '--subdir', 'DAGS_FOLDER/gps/custom_dags/motower_daily.py', '--cfg-path', '/tmp/tmpr0utmbe4']
[2024-08-06T17:33:23.202+0000] {standard_task_runner.py:91} INFO - Job 1748: Subtask sensor_congestion
[2024-08-06T17:33:23.375+0000] {task_command.py:426} INFO - Running <TaskInstance: motower_daily_prod.sensor_congestion scheduled__2024-02-20T06:00:00+00:00 [running]> on host 13681191f11c
[2024-08-06T17:33:23.674+0000] {taskinstance.py:2648} INFO - Exporting env vars: AIRFLOW_CTX_DAG_EMAIL='richmond.kongo@orange.com,assane.diop@orange.com,cyrille1.danho@orange.com,mohamed2.sylla@orange.com,amadou.diomande@orange.com,Jonas.kouame@orange.com,armand.kablan@orange.com,anicet.azombade@orange.com,etienne.kouadio@orange.com,bertine.kouakou@orange.com,florentine.kouakou@orange.com,ange.phaceli@orange.com,soulegame.soro@orange.com,innocent.yengo@orange.com' AIRFLOW_CTX_DAG_OWNER='***' AIRFLOW_CTX_DAG_ID='motower_daily_prod' AIRFLOW_CTX_TASK_ID='sensor_congestion' AIRFLOW_CTX_EXECUTION_DATE='2024-02-20T06:00:00+00:00' AIRFLOW_CTX_TRY_NUMBER='1' AIRFLOW_CTX_DAG_RUN_ID='scheduled__2024-02-20T06:00:00+00:00'
[2024-08-06T17:33:23.676+0000] {taskinstance.py:430} INFO - ::endgroup::
[2024-08-06T17:33:23.707+0000] {python.py:75} INFO - Poking callable: <function check_data_in_table at 0x701c42637060>
[2024-08-06T17:33:23.713+0000] {extract.py:126} INFO - Getting data of the table ks_hebdo_tdb_radio_drsi 
[2024-08-06T17:33:23.714+0000] {extract.py:127} INFO - where date is 2024-02-19
[2024-08-06T17:33:23.714+0000] {extract.py:98} INFO - get data to date 8 and year 2024
[2024-08-06T17:33:23.724+0000] {warnings.py:112} WARNING - /opt/***/dags/gps/common/extract.py:99: UserWarning: pandas only supports SQLAlchemy connectable (engine/connection) or database string URI or sqlite3 DBAPI2 connection. Other DBAPI2 objects are not tested. Please consider using SQLAlchemy.
  df_ = pd.read_sql_query(sql_query, conn, params=params)

[2024-08-06T17:33:23.994+0000] {base.py:294} INFO - Success criteria met. Exiting.
[2024-08-06T17:33:23.996+0000] {taskinstance.py:441} INFO - ::group::Post task execution logs
[2024-08-06T17:33:24.085+0000] {taskinstance.py:1206} INFO - Marking task as SUCCESS. dag_id=motower_daily_prod, task_id=sensor_congestion, run_id=scheduled__2024-02-20T06:00:00+00:00, execution_date=20240220T060000, start_date=20240806T173323, end_date=20240806T173324
[2024-08-06T17:33:24.191+0000] {local_task_job_runner.py:243} INFO - Task exited with return code 0
[2024-08-06T17:33:24.334+0000] {taskinstance.py:3503} INFO - 0 downstream tasks scheduled from follow-on schedule check
[2024-08-06T17:33:24.344+0000] {local_task_job_runner.py:222} INFO - ::endgroup::
[2024-08-06T18:20:54.445+0000] {local_task_job_runner.py:120} INFO - ::group::Pre task execution logs
[2024-08-06T18:20:54.521+0000] {taskinstance.py:2076} INFO - Dependencies all met for dep_context=non-requeueable deps ti=<TaskInstance: motower_daily_prod.sensor_congestion scheduled__2024-02-20T06:00:00+00:00 [queued]>
[2024-08-06T18:20:54.547+0000] {taskinstance.py:2076} INFO - Dependencies all met for dep_context=requeueable deps ti=<TaskInstance: motower_daily_prod.sensor_congestion scheduled__2024-02-20T06:00:00+00:00 [queued]>
[2024-08-06T18:20:54.548+0000] {taskinstance.py:2306} INFO - Starting attempt 1 of 1
[2024-08-06T18:20:54.583+0000] {taskinstance.py:2330} INFO - Executing <Task(PythonSensor): sensor_congestion> on 2024-02-20 06:00:00+00:00
[2024-08-06T18:20:54.603+0000] {warnings.py:112} WARNING - /home/***/.local/lib/python3.12/site-packages/***/task/task_runner/standard_task_runner.py:62: DeprecationWarning: This process (pid=10427) is multi-threaded, use of fork() may lead to deadlocks in the child.
  pid = os.fork()

[2024-08-06T18:20:54.605+0000] {standard_task_runner.py:64} INFO - Started process 10438 to run task
[2024-08-06T18:20:54.608+0000] {standard_task_runner.py:90} INFO - Running: ['***', 'tasks', 'run', 'motower_daily_prod', 'sensor_congestion', 'scheduled__2024-02-20T06:00:00+00:00', '--job-id', '2844', '--raw', '--subdir', 'DAGS_FOLDER/gps/custom_dags/motower_daily.py', '--cfg-path', '/tmp/tmpvfp6gu70']
[2024-08-06T18:20:54.612+0000] {standard_task_runner.py:91} INFO - Job 2844: Subtask sensor_congestion
[2024-08-06T18:20:54.802+0000] {task_command.py:426} INFO - Running <TaskInstance: motower_daily_prod.sensor_congestion scheduled__2024-02-20T06:00:00+00:00 [running]> on host 13681191f11c
[2024-08-06T18:20:55.091+0000] {taskinstance.py:2648} INFO - Exporting env vars: AIRFLOW_CTX_DAG_EMAIL='richmond.kongo@orange.com,assane.diop@orange.com,cyrille1.danho@orange.com,mohamed2.sylla@orange.com,amadou.diomande@orange.com,Jonas.kouame@orange.com,armand.kablan@orange.com,anicet.azombade@orange.com,etienne.kouadio@orange.com,bertine.kouakou@orange.com,florentine.kouakou@orange.com,ange.phaceli@orange.com,soulegame.soro@orange.com,innocent.yengo@orange.com' AIRFLOW_CTX_DAG_OWNER='***' AIRFLOW_CTX_DAG_ID='motower_daily_prod' AIRFLOW_CTX_TASK_ID='sensor_congestion' AIRFLOW_CTX_EXECUTION_DATE='2024-02-20T06:00:00+00:00' AIRFLOW_CTX_TRY_NUMBER='1' AIRFLOW_CTX_DAG_RUN_ID='scheduled__2024-02-20T06:00:00+00:00'
[2024-08-06T18:20:55.093+0000] {taskinstance.py:430} INFO - ::endgroup::
[2024-08-06T18:20:55.128+0000] {python.py:75} INFO - Poking callable: <function check_data_in_table at 0x701c26f777e0>
[2024-08-06T18:20:55.136+0000] {extract.py:126} INFO - Getting data of the table ks_hebdo_tdb_radio_drsi 
[2024-08-06T18:20:55.136+0000] {extract.py:127} INFO - where date is 2024-02-19
[2024-08-06T18:20:55.137+0000] {extract.py:98} INFO - get data to date 8 and year 2024
[2024-08-06T18:20:55.149+0000] {warnings.py:112} WARNING - /opt/***/dags/gps/common/extract.py:99: UserWarning: pandas only supports SQLAlchemy connectable (engine/connection) or database string URI or sqlite3 DBAPI2 connection. Other DBAPI2 objects are not tested. Please consider using SQLAlchemy.
  df_ = pd.read_sql_query(sql_query, conn, params=params)

[2024-08-06T18:20:55.487+0000] {base.py:294} INFO - Success criteria met. Exiting.
[2024-08-06T18:20:55.487+0000] {taskinstance.py:441} INFO - ::group::Post task execution logs
[2024-08-06T18:20:55.518+0000] {taskinstance.py:1206} INFO - Marking task as SUCCESS. dag_id=motower_daily_prod, task_id=sensor_congestion, run_id=scheduled__2024-02-20T06:00:00+00:00, execution_date=20240220T060000, start_date=20240806T182054, end_date=20240806T182055
[2024-08-06T18:20:55.596+0000] {local_task_job_runner.py:243} INFO - Task exited with return code 0
[2024-08-06T18:20:55.624+0000] {local_task_job_runner.py:222} INFO - ::endgroup::
