[2024-07-23T17:03:02.805+0000] {local_task_job_runner.py:120} INFO - ::group::Pre task execution logs
[2024-07-23T17:03:03.025+0000] {taskinstance.py:2076} INFO - Dependencies all met for dep_context=non-requeueable deps ti=<TaskInstance: enrich_prod.cleaning.cleaning_trafic_deux manual__2024-07-23T17:02:58.801190+00:00 [queued]>
[2024-07-23T17:03:03.033+0000] {taskinstance.py:2076} INFO - Dependencies all met for dep_context=requeueable deps ti=<TaskInstance: enrich_prod.cleaning.cleaning_trafic_deux manual__2024-07-23T17:02:58.801190+00:00 [queued]>
[2024-07-23T17:03:03.033+0000] {taskinstance.py:2306} INFO - Starting attempt 1 of 1
[2024-07-23T17:03:03.044+0000] {taskinstance.py:2330} INFO - Executing <Task(PythonOperator): cleaning.cleaning_trafic_deux> on 2024-07-23 17:02:58.801190+00:00
[2024-07-23T17:03:03.057+0000] {warnings.py:112} WARNING - /home/***/.local/lib/python3.12/site-packages/***/task/task_runner/standard_task_runner.py:62: DeprecationWarning: This process (pid=115) is multi-threaded, use of fork() may lead to deadlocks in the child.
  pid = os.fork()

[2024-07-23T17:03:03.058+0000] {standard_task_runner.py:64} INFO - Started process 121 to run task
[2024-07-23T17:03:03.059+0000] {standard_task_runner.py:90} INFO - Running: ['***', 'tasks', 'run', 'enrich_prod', 'cleaning.cleaning_trafic_deux', 'manual__2024-07-23T17:02:58.801190+00:00', '--job-id', '9', '--raw', '--subdir', 'DAGS_FOLDER/gps/custom_dags/enrich.py', '--cfg-path', '/tmp/tmpl96srvx_']
[2024-07-23T17:03:03.060+0000] {standard_task_runner.py:91} INFO - Job 9: Subtask cleaning.cleaning_trafic_deux
[2024-07-23T17:03:03.101+0000] {task_command.py:426} INFO - Running <TaskInstance: enrich_prod.cleaning.cleaning_trafic_deux manual__2024-07-23T17:02:58.801190+00:00 [running]> on host 57f550887412
[2024-07-23T17:03:03.188+0000] {taskinstance.py:2648} INFO - Exporting env vars: AIRFLOW_CTX_DAG_EMAIL='richmond.kongo@orange.com,assane.diop@orange.com,cyrille1.danho@orange.com,mohamed2.sylla@orange.com,amadou.diomande@orange.com,Jonas.kouame@orange.com,armand.kablan@orange.com,anicet.azombade@orange.com,etienne.kouadio@orange.com,bertine.kouakou@orange.com,florentine.kouakou@orange.com,ange.phaceli@orange.com,soulegame.soro@orange.com,innocent.yengo@orange.com' AIRFLOW_CTX_DAG_OWNER='***' AIRFLOW_CTX_DAG_ID='enrich_prod' AIRFLOW_CTX_TASK_ID='cleaning.cleaning_trafic_deux' AIRFLOW_CTX_EXECUTION_DATE='2024-07-23T17:02:58.801190+00:00' AIRFLOW_CTX_TRY_NUMBER='1' AIRFLOW_CTX_DAG_RUN_ID='manual__2024-07-23T17:02:58.801190+00:00'
[2024-07-23T17:03:03.189+0000] {taskinstance.py:430} INFO - ::endgroup::
[2024-07-23T17:03:03.262+0000] {rwminio.py:19} INFO - start to save data
[2024-07-23T17:03:03.300+0000] {rwminio.py:34} INFO - data in minio ok
[2024-07-23T17:03:03.301+0000] {python.py:237} INFO - Done. Returned value was: None
[2024-07-23T17:03:03.301+0000] {taskinstance.py:441} INFO - ::group::Post task execution logs
[2024-07-23T17:03:03.310+0000] {taskinstance.py:1206} INFO - Marking task as SUCCESS. dag_id=enrich_prod, task_id=cleaning.cleaning_trafic_deux, run_id=manual__2024-07-23T17:02:58.801190+00:00, execution_date=20240723T170258, start_date=20240723T170303, end_date=20240723T170303
[2024-07-23T17:03:03.352+0000] {local_task_job_runner.py:243} INFO - Task exited with return code 0
[2024-07-23T17:03:03.362+0000] {local_task_job_runner.py:222} INFO - ::endgroup::
[2024-07-23T17:17:34.005+0000] {local_task_job_runner.py:120} INFO - ::group::Pre task execution logs
[2024-07-23T17:17:34.026+0000] {taskinstance.py:2076} INFO - Dependencies all met for dep_context=non-requeueable deps ti=<TaskInstance: enrich_prod.cleaning.cleaning_trafic_deux manual__2024-07-23T17:02:58.801190+00:00 [queued]>
[2024-07-23T17:17:34.034+0000] {taskinstance.py:2076} INFO - Dependencies all met for dep_context=requeueable deps ti=<TaskInstance: enrich_prod.cleaning.cleaning_trafic_deux manual__2024-07-23T17:02:58.801190+00:00 [queued]>
[2024-07-23T17:17:34.034+0000] {taskinstance.py:2306} INFO - Starting attempt 1 of 1
[2024-07-23T17:17:34.044+0000] {taskinstance.py:2330} INFO - Executing <Task(PythonOperator): cleaning.cleaning_trafic_deux> on 2024-07-23 17:02:58.801190+00:00
[2024-07-23T17:17:34.054+0000] {warnings.py:112} WARNING - /home/***/.local/lib/python3.12/site-packages/***/task/task_runner/standard_task_runner.py:62: DeprecationWarning: This process (pid=494) is multi-threaded, use of fork() may lead to deadlocks in the child.
  pid = os.fork()

[2024-07-23T17:17:34.055+0000] {standard_task_runner.py:64} INFO - Started process 500 to run task
[2024-07-23T17:17:34.055+0000] {standard_task_runner.py:90} INFO - Running: ['***', 'tasks', 'run', 'enrich_prod', 'cleaning.cleaning_trafic_deux', 'manual__2024-07-23T17:02:58.801190+00:00', '--job-id', '74', '--raw', '--subdir', 'DAGS_FOLDER/gps/custom_dags/enrich.py', '--cfg-path', '/tmp/tmps6pqf_zu']
[2024-07-23T17:17:34.057+0000] {standard_task_runner.py:91} INFO - Job 74: Subtask cleaning.cleaning_trafic_deux
[2024-07-23T17:17:34.094+0000] {task_command.py:426} INFO - Running <TaskInstance: enrich_prod.cleaning.cleaning_trafic_deux manual__2024-07-23T17:02:58.801190+00:00 [running]> on host 57f550887412
[2024-07-23T17:17:34.165+0000] {taskinstance.py:2648} INFO - Exporting env vars: AIRFLOW_CTX_DAG_EMAIL='richmond.kongo@orange.com,assane.diop@orange.com,cyrille1.danho@orange.com,mohamed2.sylla@orange.com,amadou.diomande@orange.com,Jonas.kouame@orange.com,armand.kablan@orange.com,anicet.azombade@orange.com,etienne.kouadio@orange.com,bertine.kouakou@orange.com,florentine.kouakou@orange.com,ange.phaceli@orange.com,soulegame.soro@orange.com,innocent.yengo@orange.com' AIRFLOW_CTX_DAG_OWNER='***' AIRFLOW_CTX_DAG_ID='enrich_prod' AIRFLOW_CTX_TASK_ID='cleaning.cleaning_trafic_deux' AIRFLOW_CTX_EXECUTION_DATE='2024-07-23T17:02:58.801190+00:00' AIRFLOW_CTX_TRY_NUMBER='1' AIRFLOW_CTX_DAG_RUN_ID='manual__2024-07-23T17:02:58.801190+00:00'
[2024-07-23T17:17:34.166+0000] {taskinstance.py:430} INFO - ::endgroup::
[2024-07-23T17:17:34.225+0000] {rwminio.py:19} INFO - start to save data
[2024-07-23T17:17:34.257+0000] {rwminio.py:34} INFO - data in minio ok
[2024-07-23T17:17:34.258+0000] {python.py:237} INFO - Done. Returned value was: None
[2024-07-23T17:17:34.258+0000] {taskinstance.py:441} INFO - ::group::Post task execution logs
[2024-07-23T17:17:34.267+0000] {taskinstance.py:1206} INFO - Marking task as SUCCESS. dag_id=enrich_prod, task_id=cleaning.cleaning_trafic_deux, run_id=manual__2024-07-23T17:02:58.801190+00:00, execution_date=20240723T170258, start_date=20240723T171734, end_date=20240723T171734
[2024-07-23T17:17:34.308+0000] {local_task_job_runner.py:243} INFO - Task exited with return code 0
[2024-07-23T17:17:34.318+0000] {local_task_job_runner.py:222} INFO - ::endgroup::
