[2024-08-06T17:10:09.872+0000] {local_task_job_runner.py:120} INFO - ::group::Pre task execution logs
[2024-08-06T17:10:10.204+0000] {taskinstance.py:2076} INFO - Dependencies all met for dep_context=non-requeueable deps ti=<TaskInstance: motower_daily_prod.extract_congestion scheduled__2024-04-12T06:00:00+00:00 [queued]>
[2024-08-06T17:10:10.239+0000] {taskinstance.py:2076} INFO - Dependencies all met for dep_context=requeueable deps ti=<TaskInstance: motower_daily_prod.extract_congestion scheduled__2024-04-12T06:00:00+00:00 [queued]>
[2024-08-06T17:10:10.239+0000] {taskinstance.py:2306} INFO - Starting attempt 1 of 1
[2024-08-06T17:10:10.279+0000] {taskinstance.py:2330} INFO - Executing <Task(PythonOperator): extract_congestion> on 2024-04-12 06:00:00+00:00
[2024-08-06T17:10:10.295+0000] {warnings.py:112} WARNING - /home/***/.local/lib/python3.12/site-packages/***/task/task_runner/standard_task_runner.py:62: DeprecationWarning: This process (pid=3923) is multi-threaded, use of fork() may lead to deadlocks in the child.
  pid = os.fork()

[2024-08-06T17:10:10.297+0000] {standard_task_runner.py:64} INFO - Started process 3938 to run task
[2024-08-06T17:10:10.300+0000] {standard_task_runner.py:90} INFO - Running: ['***', 'tasks', 'run', 'motower_daily_prod', 'extract_congestion', 'scheduled__2024-04-12T06:00:00+00:00', '--job-id', '962', '--raw', '--subdir', 'DAGS_FOLDER/gps/custom_dags/motower_daily.py', '--cfg-path', '/tmp/tmpivi4ee0a']
[2024-08-06T17:10:10.304+0000] {standard_task_runner.py:91} INFO - Job 962: Subtask extract_congestion
[2024-08-06T17:10:10.402+0000] {task_command.py:426} INFO - Running <TaskInstance: motower_daily_prod.extract_congestion scheduled__2024-04-12T06:00:00+00:00 [running]> on host 13681191f11c
[2024-08-06T17:10:10.759+0000] {taskinstance.py:2648} INFO - Exporting env vars: AIRFLOW_CTX_DAG_EMAIL='richmond.kongo@orange.com,assane.diop@orange.com,cyrille1.danho@orange.com,mohamed2.sylla@orange.com,amadou.diomande@orange.com,Jonas.kouame@orange.com,armand.kablan@orange.com,anicet.azombade@orange.com,etienne.kouadio@orange.com,bertine.kouakou@orange.com,florentine.kouakou@orange.com,ange.phaceli@orange.com,soulegame.soro@orange.com,innocent.yengo@orange.com' AIRFLOW_CTX_DAG_OWNER='***' AIRFLOW_CTX_DAG_ID='motower_daily_prod' AIRFLOW_CTX_TASK_ID='extract_congestion' AIRFLOW_CTX_EXECUTION_DATE='2024-04-12T06:00:00+00:00' AIRFLOW_CTX_TRY_NUMBER='1' AIRFLOW_CTX_DAG_RUN_ID='scheduled__2024-04-12T06:00:00+00:00'
[2024-08-06T17:10:10.760+0000] {taskinstance.py:430} INFO - ::endgroup::
[2024-08-06T17:10:10.809+0000] {extract.py:126} INFO - Getting data of the table ks_hebdo_tdb_radio_drsi 
[2024-08-06T17:10:10.809+0000] {extract.py:127} INFO - where date is 2024-04-11
[2024-08-06T17:10:10.810+0000] {extract.py:98} INFO - get data to date 15 and year 2024
[2024-08-06T17:10:10.829+0000] {warnings.py:112} WARNING - /opt/***/dags/gps/common/extract.py:99: UserWarning: pandas only supports SQLAlchemy connectable (engine/connection) or database string URI or sqlite3 DBAPI2 connection. Other DBAPI2 objects are not tested. Please consider using SQLAlchemy.
  df_ = pd.read_sql_query(sql_query, conn, params=params)

[2024-08-06T17:10:11.189+0000] {rwminio.py:19} INFO - start to save data
[2024-08-06T17:10:11.568+0000] {rwminio.py:34} INFO - data in minio ok
[2024-08-06T17:10:11.593+0000] {python.py:237} INFO - Done. Returned value was: None
[2024-08-06T17:10:11.597+0000] {taskinstance.py:441} INFO - ::group::Post task execution logs
[2024-08-06T17:10:11.621+0000] {taskinstance.py:1206} INFO - Marking task as SUCCESS. dag_id=motower_daily_prod, task_id=extract_congestion, run_id=scheduled__2024-04-12T06:00:00+00:00, execution_date=20240412T060000, start_date=20240806T171010, end_date=20240806T171011
[2024-08-06T17:10:11.681+0000] {local_task_job_runner.py:243} INFO - Task exited with return code 0
[2024-08-06T17:10:11.777+0000] {taskinstance.py:3503} INFO - 1 downstream tasks scheduled from follow-on schedule check
[2024-08-06T17:10:11.783+0000] {local_task_job_runner.py:222} INFO - ::endgroup::
[2024-08-06T17:40:45.017+0000] {local_task_job_runner.py:120} INFO - ::group::Pre task execution logs
[2024-08-06T17:40:45.108+0000] {taskinstance.py:2076} INFO - Dependencies all met for dep_context=non-requeueable deps ti=<TaskInstance: motower_daily_prod.extract_congestion scheduled__2024-04-12T06:00:00+00:00 [queued]>
[2024-08-06T17:40:45.133+0000] {taskinstance.py:2076} INFO - Dependencies all met for dep_context=requeueable deps ti=<TaskInstance: motower_daily_prod.extract_congestion scheduled__2024-04-12T06:00:00+00:00 [queued]>
[2024-08-06T17:40:45.134+0000] {taskinstance.py:2306} INFO - Starting attempt 1 of 1
[2024-08-06T17:40:45.171+0000] {taskinstance.py:2330} INFO - Executing <Task(PythonOperator): extract_congestion> on 2024-04-12 06:00:00+00:00
[2024-08-06T17:40:45.185+0000] {warnings.py:112} WARNING - /home/***/.local/lib/python3.12/site-packages/***/task/task_runner/standard_task_runner.py:62: DeprecationWarning: This process (pid=8063) is multi-threaded, use of fork() may lead to deadlocks in the child.
  pid = os.fork()

[2024-08-06T17:40:45.187+0000] {standard_task_runner.py:64} INFO - Started process 8077 to run task
[2024-08-06T17:40:45.188+0000] {standard_task_runner.py:90} INFO - Running: ['***', 'tasks', 'run', 'motower_daily_prod', 'extract_congestion', 'scheduled__2024-04-12T06:00:00+00:00', '--job-id', '2222', '--raw', '--subdir', 'DAGS_FOLDER/gps/custom_dags/motower_daily.py', '--cfg-path', '/tmp/tmpvdj6sawt']
[2024-08-06T17:40:45.192+0000] {standard_task_runner.py:91} INFO - Job 2222: Subtask extract_congestion
[2024-08-06T17:40:45.280+0000] {task_command.py:426} INFO - Running <TaskInstance: motower_daily_prod.extract_congestion scheduled__2024-04-12T06:00:00+00:00 [running]> on host 13681191f11c
[2024-08-06T17:40:45.502+0000] {taskinstance.py:2648} INFO - Exporting env vars: AIRFLOW_CTX_DAG_EMAIL='richmond.kongo@orange.com,assane.diop@orange.com,cyrille1.danho@orange.com,mohamed2.sylla@orange.com,amadou.diomande@orange.com,Jonas.kouame@orange.com,armand.kablan@orange.com,anicet.azombade@orange.com,etienne.kouadio@orange.com,bertine.kouakou@orange.com,florentine.kouakou@orange.com,ange.phaceli@orange.com,soulegame.soro@orange.com,innocent.yengo@orange.com' AIRFLOW_CTX_DAG_OWNER='***' AIRFLOW_CTX_DAG_ID='motower_daily_prod' AIRFLOW_CTX_TASK_ID='extract_congestion' AIRFLOW_CTX_EXECUTION_DATE='2024-04-12T06:00:00+00:00' AIRFLOW_CTX_TRY_NUMBER='1' AIRFLOW_CTX_DAG_RUN_ID='scheduled__2024-04-12T06:00:00+00:00'
[2024-08-06T17:40:45.504+0000] {taskinstance.py:430} INFO - ::endgroup::
[2024-08-06T17:40:45.543+0000] {extract.py:126} INFO - Getting data of the table ks_hebdo_tdb_radio_drsi 
[2024-08-06T17:40:45.544+0000] {extract.py:127} INFO - where date is 2024-04-11
[2024-08-06T17:40:45.544+0000] {extract.py:98} INFO - get data to date 15 and year 2024
[2024-08-06T17:40:45.555+0000] {warnings.py:112} WARNING - /opt/***/dags/gps/common/extract.py:99: UserWarning: pandas only supports SQLAlchemy connectable (engine/connection) or database string URI or sqlite3 DBAPI2 connection. Other DBAPI2 objects are not tested. Please consider using SQLAlchemy.
  df_ = pd.read_sql_query(sql_query, conn, params=params)

[2024-08-06T17:40:45.898+0000] {rwminio.py:19} INFO - start to save data
[2024-08-06T17:40:46.174+0000] {rwminio.py:34} INFO - data in minio ok
[2024-08-06T17:40:46.184+0000] {python.py:237} INFO - Done. Returned value was: None
[2024-08-06T17:40:46.185+0000] {taskinstance.py:441} INFO - ::group::Post task execution logs
[2024-08-06T17:40:46.205+0000] {taskinstance.py:1206} INFO - Marking task as SUCCESS. dag_id=motower_daily_prod, task_id=extract_congestion, run_id=scheduled__2024-04-12T06:00:00+00:00, execution_date=20240412T060000, start_date=20240806T174045, end_date=20240806T174046
[2024-08-06T17:40:46.257+0000] {local_task_job_runner.py:243} INFO - Task exited with return code 0
[2024-08-06T17:40:46.278+0000] {local_task_job_runner.py:222} INFO - ::endgroup::
