[2024-08-06T16:53:52.024+0000] {local_task_job_runner.py:120} INFO - ::group::Pre task execution logs
[2024-08-06T16:53:52.421+0000] {taskinstance.py:2076} INFO - Dependencies all met for dep_context=non-requeueable deps ti=<TaskInstance: motower_daily_prod.checkataa scheduled__2024-01-07T06:00:00+00:00 [queued]>
[2024-08-06T16:53:52.459+0000] {taskinstance.py:2076} INFO - Dependencies all met for dep_context=requeueable deps ti=<TaskInstance: motower_daily_prod.checkataa scheduled__2024-01-07T06:00:00+00:00 [queued]>
[2024-08-06T16:53:52.461+0000] {taskinstance.py:2306} INFO - Starting attempt 1 of 1
[2024-08-06T16:53:52.509+0000] {taskinstance.py:2330} INFO - Executing <Task(PythonSensor): checkataa> on 2024-01-07 06:00:00+00:00
[2024-08-06T16:53:52.529+0000] {warnings.py:112} WARNING - /home/***/.local/lib/python3.12/site-packages/***/task/task_runner/standard_task_runner.py:62: DeprecationWarning: This process (pid=956) is multi-threaded, use of fork() may lead to deadlocks in the child.
  pid = os.fork()

[2024-08-06T16:53:52.532+0000] {standard_task_runner.py:64} INFO - Started process 970 to run task
[2024-08-06T16:53:52.541+0000] {standard_task_runner.py:90} INFO - Running: ['***', 'tasks', 'run', 'motower_daily_prod', 'checkataa', 'scheduled__2024-01-07T06:00:00+00:00', '--job-id', '34', '--raw', '--subdir', 'DAGS_FOLDER/gps/custom_dags/motower_daily.py', '--cfg-path', '/tmp/tmpafzan7x1']
[2024-08-06T16:53:52.546+0000] {standard_task_runner.py:91} INFO - Job 34: Subtask checkataa
[2024-08-06T16:53:52.727+0000] {task_command.py:426} INFO - Running <TaskInstance: motower_daily_prod.checkataa scheduled__2024-01-07T06:00:00+00:00 [running]> on host 13681191f11c
[2024-08-06T16:53:53.173+0000] {taskinstance.py:2648} INFO - Exporting env vars: AIRFLOW_CTX_DAG_EMAIL='richmond.kongo@orange.com,assane.diop@orange.com,cyrille1.danho@orange.com,mohamed2.sylla@orange.com,amadou.diomande@orange.com,Jonas.kouame@orange.com,armand.kablan@orange.com,anicet.azombade@orange.com,etienne.kouadio@orange.com,bertine.kouakou@orange.com,florentine.kouakou@orange.com,ange.phaceli@orange.com,soulegame.soro@orange.com,innocent.yengo@orange.com' AIRFLOW_CTX_DAG_OWNER='***' AIRFLOW_CTX_DAG_ID='motower_daily_prod' AIRFLOW_CTX_TASK_ID='checkataa' AIRFLOW_CTX_EXECUTION_DATE='2024-01-07T06:00:00+00:00' AIRFLOW_CTX_TRY_NUMBER='1' AIRFLOW_CTX_DAG_RUN_ID='scheduled__2024-01-07T06:00:00+00:00'
[2024-08-06T16:53:53.175+0000] {taskinstance.py:430} INFO - ::endgroup::
[2024-08-06T16:53:53.236+0000] {python.py:75} INFO - Poking callable: <function check_data_in_table at 0x701c270fb880>
[2024-08-06T16:53:53.270+0000] {extract.py:126} INFO - Getting data of the table dtm_motower_gsm 
[2024-08-06T16:53:53.271+0000] {extract.py:127} INFO - where date is 2024-01-06
[2024-08-06T16:53:53.272+0000] {extract.py:102} INFO - get data to date 20240106
[2024-08-06T16:53:53.292+0000] {warnings.py:112} WARNING - /opt/***/dags/gps/common/extract.py:103: UserWarning: pandas only supports SQLAlchemy connectable (engine/connection) or database string URI or sqlite3 DBAPI2 connection. Other DBAPI2 objects are not tested. Please consider using SQLAlchemy.
  df_ = pd.read_sql_query(sql_query, conn, params=params)

[2024-08-06T16:53:53.496+0000] {base.py:294} INFO - Success criteria met. Exiting.
[2024-08-06T16:53:53.510+0000] {taskinstance.py:441} INFO - ::group::Post task execution logs
[2024-08-06T16:53:53.568+0000] {taskinstance.py:1206} INFO - Marking task as SUCCESS. dag_id=motower_daily_prod, task_id=checkataa, run_id=scheduled__2024-01-07T06:00:00+00:00, execution_date=20240107T060000, start_date=20240806T165352, end_date=20240806T165353
[2024-08-06T16:53:53.651+0000] {local_task_job_runner.py:243} INFO - Task exited with return code 0
[2024-08-06T16:53:53.906+0000] {taskinstance.py:3503} INFO - 0 downstream tasks scheduled from follow-on schedule check
[2024-08-06T16:53:53.968+0000] {local_task_job_runner.py:222} INFO - ::endgroup::
[2024-08-06T16:56:51.014+0000] {local_task_job_runner.py:120} INFO - ::group::Pre task execution logs
[2024-08-06T16:56:51.088+0000] {taskinstance.py:2076} INFO - Dependencies all met for dep_context=non-requeueable deps ti=<TaskInstance: motower_daily_prod.checkataa scheduled__2024-01-07T06:00:00+00:00 [queued]>
[2024-08-06T16:56:51.109+0000] {taskinstance.py:2076} INFO - Dependencies all met for dep_context=requeueable deps ti=<TaskInstance: motower_daily_prod.checkataa scheduled__2024-01-07T06:00:00+00:00 [queued]>
[2024-08-06T16:56:51.110+0000] {taskinstance.py:2306} INFO - Starting attempt 1 of 1
[2024-08-06T16:56:51.135+0000] {taskinstance.py:2330} INFO - Executing <Task(PythonSensor): checkataa> on 2024-01-07 06:00:00+00:00
[2024-08-06T16:56:51.149+0000] {warnings.py:112} WARNING - /home/***/.local/lib/python3.12/site-packages/***/task/task_runner/standard_task_runner.py:62: DeprecationWarning: This process (pid=1157) is multi-threaded, use of fork() may lead to deadlocks in the child.
  pid = os.fork()

[2024-08-06T16:56:51.151+0000] {standard_task_runner.py:64} INFO - Started process 1168 to run task
[2024-08-06T16:56:51.158+0000] {standard_task_runner.py:90} INFO - Running: ['***', 'tasks', 'run', 'motower_daily_prod', 'checkataa', 'scheduled__2024-01-07T06:00:00+00:00', '--job-id', '90', '--raw', '--subdir', 'DAGS_FOLDER/gps/custom_dags/motower_daily.py', '--cfg-path', '/tmp/tmprrlnq3pb']
[2024-08-06T16:56:51.162+0000] {standard_task_runner.py:91} INFO - Job 90: Subtask checkataa
[2024-08-06T16:56:51.307+0000] {task_command.py:426} INFO - Running <TaskInstance: motower_daily_prod.checkataa scheduled__2024-01-07T06:00:00+00:00 [running]> on host 13681191f11c
[2024-08-06T16:56:51.521+0000] {taskinstance.py:2648} INFO - Exporting env vars: AIRFLOW_CTX_DAG_EMAIL='richmond.kongo@orange.com,assane.diop@orange.com,cyrille1.danho@orange.com,mohamed2.sylla@orange.com,amadou.diomande@orange.com,Jonas.kouame@orange.com,armand.kablan@orange.com,anicet.azombade@orange.com,etienne.kouadio@orange.com,bertine.kouakou@orange.com,florentine.kouakou@orange.com,ange.phaceli@orange.com,soulegame.soro@orange.com,innocent.yengo@orange.com' AIRFLOW_CTX_DAG_OWNER='***' AIRFLOW_CTX_DAG_ID='motower_daily_prod' AIRFLOW_CTX_TASK_ID='checkataa' AIRFLOW_CTX_EXECUTION_DATE='2024-01-07T06:00:00+00:00' AIRFLOW_CTX_TRY_NUMBER='1' AIRFLOW_CTX_DAG_RUN_ID='scheduled__2024-01-07T06:00:00+00:00'
[2024-08-06T16:56:51.523+0000] {taskinstance.py:430} INFO - ::endgroup::
[2024-08-06T16:56:51.561+0000] {python.py:75} INFO - Poking callable: <function check_data_in_table at 0x701c425782c0>
[2024-08-06T16:56:51.585+0000] {extract.py:126} INFO - Getting data of the table dtm_motower_gsm 
[2024-08-06T16:56:51.586+0000] {extract.py:127} INFO - where date is 2024-01-06
[2024-08-06T16:56:51.586+0000] {extract.py:102} INFO - get data to date 20240106
[2024-08-06T16:56:51.596+0000] {warnings.py:112} WARNING - /opt/***/dags/gps/common/extract.py:103: UserWarning: pandas only supports SQLAlchemy connectable (engine/connection) or database string URI or sqlite3 DBAPI2 connection. Other DBAPI2 objects are not tested. Please consider using SQLAlchemy.
  df_ = pd.read_sql_query(sql_query, conn, params=params)

[2024-08-06T16:56:51.733+0000] {base.py:294} INFO - Success criteria met. Exiting.
[2024-08-06T16:56:51.733+0000] {taskinstance.py:441} INFO - ::group::Post task execution logs
[2024-08-06T16:56:51.753+0000] {taskinstance.py:1206} INFO - Marking task as SUCCESS. dag_id=motower_daily_prod, task_id=checkataa, run_id=scheduled__2024-01-07T06:00:00+00:00, execution_date=20240107T060000, start_date=20240806T165651, end_date=20240806T165651
[2024-08-06T16:56:51.805+0000] {local_task_job_runner.py:243} INFO - Task exited with return code 0
[2024-08-06T16:56:51.908+0000] {taskinstance.py:3503} INFO - 0 downstream tasks scheduled from follow-on schedule check
[2024-08-06T16:56:51.920+0000] {local_task_job_runner.py:222} INFO - ::endgroup::
[2024-08-06T17:27:14.645+0000] {local_task_job_runner.py:120} INFO - ::group::Pre task execution logs
[2024-08-06T17:27:14.703+0000] {taskinstance.py:2076} INFO - Dependencies all met for dep_context=non-requeueable deps ti=<TaskInstance: motower_daily_prod.checkataa scheduled__2024-01-07T06:00:00+00:00 [queued]>
[2024-08-06T17:27:14.724+0000] {taskinstance.py:2076} INFO - Dependencies all met for dep_context=requeueable deps ti=<TaskInstance: motower_daily_prod.checkataa scheduled__2024-01-07T06:00:00+00:00 [queued]>
[2024-08-06T17:27:14.725+0000] {taskinstance.py:2306} INFO - Starting attempt 1 of 1
[2024-08-06T17:27:14.796+0000] {taskinstance.py:2330} INFO - Executing <Task(PythonSensor): checkataa> on 2024-01-07 06:00:00+00:00
[2024-08-06T17:27:14.843+0000] {warnings.py:112} WARNING - /home/***/.local/lib/python3.12/site-packages/***/task/task_runner/standard_task_runner.py:62: DeprecationWarning: This process (pid=5295) is multi-threaded, use of fork() may lead to deadlocks in the child.
  pid = os.fork()

[2024-08-06T17:27:14.845+0000] {standard_task_runner.py:64} INFO - Started process 5308 to run task
[2024-08-06T17:27:14.852+0000] {standard_task_runner.py:90} INFO - Running: ['***', 'tasks', 'run', 'motower_daily_prod', 'checkataa', 'scheduled__2024-01-07T06:00:00+00:00', '--job-id', '1349', '--raw', '--subdir', 'DAGS_FOLDER/gps/custom_dags/motower_daily.py', '--cfg-path', '/tmp/tmpbij40bun']
[2024-08-06T17:27:14.856+0000] {standard_task_runner.py:91} INFO - Job 1349: Subtask checkataa
[2024-08-06T17:27:15.085+0000] {task_command.py:426} INFO - Running <TaskInstance: motower_daily_prod.checkataa scheduled__2024-01-07T06:00:00+00:00 [running]> on host 13681191f11c
[2024-08-06T17:27:15.360+0000] {taskinstance.py:2648} INFO - Exporting env vars: AIRFLOW_CTX_DAG_EMAIL='richmond.kongo@orange.com,assane.diop@orange.com,cyrille1.danho@orange.com,mohamed2.sylla@orange.com,amadou.diomande@orange.com,Jonas.kouame@orange.com,armand.kablan@orange.com,anicet.azombade@orange.com,etienne.kouadio@orange.com,bertine.kouakou@orange.com,florentine.kouakou@orange.com,ange.phaceli@orange.com,soulegame.soro@orange.com,innocent.yengo@orange.com' AIRFLOW_CTX_DAG_OWNER='***' AIRFLOW_CTX_DAG_ID='motower_daily_prod' AIRFLOW_CTX_TASK_ID='checkataa' AIRFLOW_CTX_EXECUTION_DATE='2024-01-07T06:00:00+00:00' AIRFLOW_CTX_TRY_NUMBER='1' AIRFLOW_CTX_DAG_RUN_ID='scheduled__2024-01-07T06:00:00+00:00'
[2024-08-06T17:27:15.362+0000] {taskinstance.py:430} INFO - ::endgroup::
[2024-08-06T17:27:15.407+0000] {python.py:75} INFO - Poking callable: <function check_data_in_table at 0x701c4281f060>
[2024-08-06T17:27:15.419+0000] {extract.py:126} INFO - Getting data of the table dtm_motower_gsm 
[2024-08-06T17:27:15.420+0000] {extract.py:127} INFO - where date is 2024-01-06
[2024-08-06T17:27:15.420+0000] {extract.py:102} INFO - get data to date 20240106
[2024-08-06T17:27:15.434+0000] {warnings.py:112} WARNING - /opt/***/dags/gps/common/extract.py:103: UserWarning: pandas only supports SQLAlchemy connectable (engine/connection) or database string URI or sqlite3 DBAPI2 connection. Other DBAPI2 objects are not tested. Please consider using SQLAlchemy.
  df_ = pd.read_sql_query(sql_query, conn, params=params)

[2024-08-06T17:27:15.648+0000] {base.py:294} INFO - Success criteria met. Exiting.
[2024-08-06T17:27:15.649+0000] {taskinstance.py:441} INFO - ::group::Post task execution logs
[2024-08-06T17:27:15.678+0000] {taskinstance.py:1206} INFO - Marking task as SUCCESS. dag_id=motower_daily_prod, task_id=checkataa, run_id=scheduled__2024-01-07T06:00:00+00:00, execution_date=20240107T060000, start_date=20240806T172714, end_date=20240806T172715
[2024-08-06T17:27:15.782+0000] {local_task_job_runner.py:243} INFO - Task exited with return code 0
[2024-08-06T17:27:15.936+0000] {taskinstance.py:3503} INFO - 0 downstream tasks scheduled from follow-on schedule check
[2024-08-06T17:27:15.945+0000] {local_task_job_runner.py:222} INFO - ::endgroup::
[2024-08-06T18:14:57.909+0000] {local_task_job_runner.py:120} INFO - ::group::Pre task execution logs
[2024-08-06T18:14:58.091+0000] {taskinstance.py:2076} INFO - Dependencies all met for dep_context=non-requeueable deps ti=<TaskInstance: motower_daily_prod.checkataa scheduled__2024-01-07T06:00:00+00:00 [queued]>
[2024-08-06T18:14:58.190+0000] {taskinstance.py:2076} INFO - Dependencies all met for dep_context=requeueable deps ti=<TaskInstance: motower_daily_prod.checkataa scheduled__2024-01-07T06:00:00+00:00 [queued]>
[2024-08-06T18:14:58.191+0000] {taskinstance.py:2306} INFO - Starting attempt 1 of 1
[2024-08-06T18:14:58.274+0000] {taskinstance.py:2330} INFO - Executing <Task(PythonSensor): checkataa> on 2024-01-07 06:00:00+00:00
[2024-08-06T18:14:58.362+0000] {warnings.py:112} WARNING - /home/***/.local/lib/python3.12/site-packages/***/task/task_runner/standard_task_runner.py:62: DeprecationWarning: This process (pid=9179) is multi-threaded, use of fork() may lead to deadlocks in the child.
  pid = os.fork()

[2024-08-06T18:14:58.369+0000] {standard_task_runner.py:64} INFO - Started process 9195 to run task
[2024-08-06T18:14:58.378+0000] {standard_task_runner.py:90} INFO - Running: ['***', 'tasks', 'run', 'motower_daily_prod', 'checkataa', 'scheduled__2024-01-07T06:00:00+00:00', '--job-id', '2453', '--raw', '--subdir', 'DAGS_FOLDER/gps/custom_dags/motower_daily.py', '--cfg-path', '/tmp/tmpotweq0_1']
[2024-08-06T18:14:58.382+0000] {standard_task_runner.py:91} INFO - Job 2453: Subtask checkataa
[2024-08-06T18:14:58.510+0000] {task_command.py:426} INFO - Running <TaskInstance: motower_daily_prod.checkataa scheduled__2024-01-07T06:00:00+00:00 [running]> on host 13681191f11c
[2024-08-06T18:14:59.005+0000] {taskinstance.py:2648} INFO - Exporting env vars: AIRFLOW_CTX_DAG_EMAIL='richmond.kongo@orange.com,assane.diop@orange.com,cyrille1.danho@orange.com,mohamed2.sylla@orange.com,amadou.diomande@orange.com,Jonas.kouame@orange.com,armand.kablan@orange.com,anicet.azombade@orange.com,etienne.kouadio@orange.com,bertine.kouakou@orange.com,florentine.kouakou@orange.com,ange.phaceli@orange.com,soulegame.soro@orange.com,innocent.yengo@orange.com' AIRFLOW_CTX_DAG_OWNER='***' AIRFLOW_CTX_DAG_ID='motower_daily_prod' AIRFLOW_CTX_TASK_ID='checkataa' AIRFLOW_CTX_EXECUTION_DATE='2024-01-07T06:00:00+00:00' AIRFLOW_CTX_TRY_NUMBER='1' AIRFLOW_CTX_DAG_RUN_ID='scheduled__2024-01-07T06:00:00+00:00'
[2024-08-06T18:14:59.015+0000] {taskinstance.py:430} INFO - ::endgroup::
[2024-08-06T18:14:59.053+0000] {python.py:75} INFO - Poking callable: <function check_data_in_table at 0x701c429a3060>
[2024-08-06T18:14:59.061+0000] {extract.py:126} INFO - Getting data of the table dtm_motower_gsm 
[2024-08-06T18:14:59.063+0000] {extract.py:127} INFO - where date is 2024-01-06
[2024-08-06T18:14:59.064+0000] {extract.py:102} INFO - get data to date 20240106
[2024-08-06T18:14:59.076+0000] {warnings.py:112} WARNING - /opt/***/dags/gps/common/extract.py:103: UserWarning: pandas only supports SQLAlchemy connectable (engine/connection) or database string URI or sqlite3 DBAPI2 connection. Other DBAPI2 objects are not tested. Please consider using SQLAlchemy.
  df_ = pd.read_sql_query(sql_query, conn, params=params)

[2024-08-06T18:14:59.397+0000] {base.py:294} INFO - Success criteria met. Exiting.
[2024-08-06T18:14:59.397+0000] {taskinstance.py:441} INFO - ::group::Post task execution logs
[2024-08-06T18:14:59.446+0000] {taskinstance.py:1206} INFO - Marking task as SUCCESS. dag_id=motower_daily_prod, task_id=checkataa, run_id=scheduled__2024-01-07T06:00:00+00:00, execution_date=20240107T060000, start_date=20240806T181458, end_date=20240806T181459
[2024-08-06T18:15:01.075+0000] {local_task_job_runner.py:243} INFO - Task exited with return code 0
[2024-08-06T18:15:01.218+0000] {taskinstance.py:3503} INFO - 0 downstream tasks scheduled from follow-on schedule check
[2024-08-06T18:15:01.235+0000] {local_task_job_runner.py:222} INFO - ::endgroup::
