[2024-07-30T11:05:55.567+0000] {local_task_job_runner.py:120} INFO - ::group::Pre task execution logs
[2024-07-30T11:05:55.609+0000] {taskinstance.py:2076} INFO - Dependencies all met for dep_context=non-requeueable deps ti=<TaskInstance: enrich_prod.cleaning.cleaning_ihs manual__2024-07-30T11:05:51.175404+00:00 [queued]>
[2024-07-30T11:05:55.624+0000] {taskinstance.py:2076} INFO - Dependencies all met for dep_context=requeueable deps ti=<TaskInstance: enrich_prod.cleaning.cleaning_ihs manual__2024-07-30T11:05:51.175404+00:00 [queued]>
[2024-07-30T11:05:55.624+0000] {taskinstance.py:2306} INFO - Starting attempt 1 of 1
[2024-07-30T11:05:55.643+0000] {taskinstance.py:2330} INFO - Executing <Task(PythonOperator): cleaning.cleaning_ihs> on 2024-07-30 11:05:51.175404+00:00
[2024-07-30T11:05:55.651+0000] {warnings.py:112} WARNING - /home/***/.local/lib/python3.12/site-packages/***/task/task_runner/standard_task_runner.py:62: DeprecationWarning: This process (pid=2674) is multi-threaded, use of fork() may lead to deadlocks in the child.
  pid = os.fork()

[2024-07-30T11:05:55.652+0000] {standard_task_runner.py:64} INFO - Started process 2678 to run task
[2024-07-30T11:05:55.652+0000] {standard_task_runner.py:90} INFO - Running: ['***', 'tasks', 'run', 'enrich_prod', 'cleaning.cleaning_ihs', 'manual__2024-07-30T11:05:51.175404+00:00', '--job-id', '362', '--raw', '--subdir', 'DAGS_FOLDER/gps/custom_dags/enrich.py', '--cfg-path', '/tmp/tmpwcbrcej4']
[2024-07-30T11:05:55.655+0000] {standard_task_runner.py:91} INFO - Job 362: Subtask cleaning.cleaning_ihs
[2024-07-30T11:05:55.703+0000] {task_command.py:426} INFO - Running <TaskInstance: enrich_prod.cleaning.cleaning_ihs manual__2024-07-30T11:05:51.175404+00:00 [running]> on host 7d7c82e77e1e
[2024-07-30T11:05:55.797+0000] {taskinstance.py:2648} INFO - Exporting env vars: AIRFLOW_CTX_DAG_EMAIL='richmond.kongo@orange.com,assane.diop@orange.com,cyrille1.danho@orange.com,mohamed2.sylla@orange.com,amadou.diomande@orange.com,Jonas.kouame@orange.com,armand.kablan@orange.com,anicet.azombade@orange.com,etienne.kouadio@orange.com,bertine.kouakou@orange.com,florentine.kouakou@orange.com,ange.phaceli@orange.com,soulegame.soro@orange.com,innocent.yengo@orange.com' AIRFLOW_CTX_DAG_OWNER='***' AIRFLOW_CTX_DAG_ID='enrich_prod' AIRFLOW_CTX_TASK_ID='cleaning.cleaning_ihs' AIRFLOW_CTX_EXECUTION_DATE='2024-07-30T11:05:51.175404+00:00' AIRFLOW_CTX_TRY_NUMBER='1' AIRFLOW_CTX_DAG_RUN_ID='manual__2024-07-30T11:05:51.175404+00:00'
[2024-07-30T11:05:55.798+0000] {taskinstance.py:430} INFO - ::endgroup::
[2024-07-30T11:05:55.810+0000] {logging_mixin.py:188} INFO - ['2024', '06', '02']
[2024-07-30T11:05:55.811+0000] {logging_mixin.py:188} INFO - hello
[2024-07-30T11:05:55.811+0000] {python.py:237} INFO - Done. Returned value was: None
[2024-07-30T11:05:55.811+0000] {taskinstance.py:441} INFO - ::group::Post task execution logs
[2024-07-30T11:05:55.820+0000] {taskinstance.py:1206} INFO - Marking task as SUCCESS. dag_id=enrich_prod, task_id=cleaning.cleaning_ihs, run_id=manual__2024-07-30T11:05:51.175404+00:00, execution_date=20240730T110551, start_date=20240730T110555, end_date=20240730T110555
[2024-07-30T11:05:55.866+0000] {local_task_job_runner.py:243} INFO - Task exited with return code 0
[2024-07-30T11:05:55.875+0000] {local_task_job_runner.py:222} INFO - ::endgroup::
