[2024-07-22T16:56:49.176+0000] {local_task_job_runner.py:120} INFO - ::group::Pre task execution logs
[2024-07-22T16:56:49.202+0000] {taskinstance.py:2076} INFO - Dependencies all met for dep_context=non-requeueable deps ti=<TaskInstance: motower_daily_prod.sensor_congestion scheduled__2024-06-28T06:00:00+00:00 [queued]>
[2024-07-22T16:56:49.209+0000] {taskinstance.py:2076} INFO - Dependencies all met for dep_context=requeueable deps ti=<TaskInstance: motower_daily_prod.sensor_congestion scheduled__2024-06-28T06:00:00+00:00 [queued]>
[2024-07-22T16:56:49.209+0000] {taskinstance.py:2306} INFO - Starting attempt 1 of 1
[2024-07-22T16:56:49.222+0000] {taskinstance.py:2330} INFO - Executing <Task(PythonSensor): sensor_congestion> on 2024-06-28 06:00:00+00:00
[2024-07-22T16:56:49.232+0000] {warnings.py:112} WARNING - /home/***/.local/lib/python3.12/site-packages/***/task/task_runner/standard_task_runner.py:62: DeprecationWarning: This process (pid=835) is multi-threaded, use of fork() may lead to deadlocks in the child.
  pid = os.fork()

[2024-07-22T16:56:49.233+0000] {standard_task_runner.py:64} INFO - Started process 841 to run task
[2024-07-22T16:56:49.233+0000] {standard_task_runner.py:90} INFO - Running: ['***', 'tasks', 'run', 'motower_daily_prod', 'sensor_congestion', 'scheduled__2024-06-28T06:00:00+00:00', '--job-id', '52', '--raw', '--subdir', 'DAGS_FOLDER/gps/custom_dags/motower_daily.py', '--cfg-path', '/tmp/tmp4q5iw19v']
[2024-07-22T16:56:49.235+0000] {standard_task_runner.py:91} INFO - Job 52: Subtask sensor_congestion
[2024-07-22T16:56:49.275+0000] {task_command.py:426} INFO - Running <TaskInstance: motower_daily_prod.sensor_congestion scheduled__2024-06-28T06:00:00+00:00 [running]> on host 5e959f2258db
[2024-07-22T16:56:49.351+0000] {taskinstance.py:2648} INFO - Exporting env vars: AIRFLOW_CTX_DAG_EMAIL='richmond.kongo@orange.com,assane.diop@orange.com,cyrille1.danho@orange.com,mohamed2.sylla@orange.com,amadou.diomande@orange.com,Jonas.kouame@orange.com,armand.kablan@orange.com,anicet.azombade@orange.com,etienne.kouadio@orange.com,bertine.kouakou@orange.com,florentine.kouakou@orange.com,ange.phaceli@orange.com,soulegame.soro@orange.com,innocent.yengo@orange.com' AIRFLOW_CTX_DAG_OWNER='***' AIRFLOW_CTX_DAG_ID='motower_daily_prod' AIRFLOW_CTX_TASK_ID='sensor_congestion' AIRFLOW_CTX_EXECUTION_DATE='2024-06-28T06:00:00+00:00' AIRFLOW_CTX_TRY_NUMBER='1' AIRFLOW_CTX_DAG_RUN_ID='scheduled__2024-06-28T06:00:00+00:00'
[2024-07-22T16:56:49.352+0000] {taskinstance.py:430} INFO - ::endgroup::
[2024-07-22T16:56:49.362+0000] {python.py:75} INFO - Poking callable: <function check_data_in_table at 0x72864f58ff60>
[2024-07-22T16:56:49.366+0000] {extract.py:127} INFO - Getting data of the table ks_hebdo_tdb_radio_drsi 
[2024-07-22T16:56:49.367+0000] {extract.py:128} INFO - where date is 2024-06-27
[2024-07-22T16:56:49.367+0000] {extract.py:99} INFO - get data to date 26 and year 2024
[2024-07-22T16:56:49.371+0000] {warnings.py:112} WARNING - /opt/***/dags/gps/common/extract.py:100: UserWarning: pandas only supports SQLAlchemy connectable (engine/connection) or database string URI or sqlite3 DBAPI2 connection. Other DBAPI2 objects are not tested. Please consider using SQLAlchemy.
  df_ = pd.read_sql_query(sql_query, conn, params=params)

[2024-07-22T16:56:49.416+0000] {base.py:294} INFO - Success criteria met. Exiting.
[2024-07-22T16:56:49.416+0000] {taskinstance.py:441} INFO - ::group::Post task execution logs
[2024-07-22T16:56:49.425+0000] {taskinstance.py:1206} INFO - Marking task as SUCCESS. dag_id=motower_daily_prod, task_id=sensor_congestion, run_id=scheduled__2024-06-28T06:00:00+00:00, execution_date=20240628T060000, start_date=20240722T165649, end_date=20240722T165649
[2024-07-22T16:56:49.446+0000] {local_task_job_runner.py:243} INFO - Task exited with return code 0
[2024-07-22T16:56:49.455+0000] {local_task_job_runner.py:222} INFO - ::endgroup::
[2024-07-22T17:16:03.396+0000] {local_task_job_runner.py:120} INFO - ::group::Pre task execution logs
[2024-07-22T17:16:03.605+0000] {taskinstance.py:2076} INFO - Dependencies all met for dep_context=non-requeueable deps ti=<TaskInstance: motower_daily_prod.sensor_congestion scheduled__2024-06-28T06:00:00+00:00 [queued]>
[2024-07-22T17:16:03.614+0000] {taskinstance.py:2076} INFO - Dependencies all met for dep_context=requeueable deps ti=<TaskInstance: motower_daily_prod.sensor_congestion scheduled__2024-06-28T06:00:00+00:00 [queued]>
[2024-07-22T17:16:03.615+0000] {taskinstance.py:2306} INFO - Starting attempt 1 of 1
[2024-07-22T17:16:03.631+0000] {taskinstance.py:2330} INFO - Executing <Task(PythonSensor): sensor_congestion> on 2024-06-28 06:00:00+00:00
[2024-07-22T17:16:03.643+0000] {warnings.py:112} WARNING - /home/***/.local/lib/python3.12/site-packages/***/task/task_runner/standard_task_runner.py:62: DeprecationWarning: This process (pid=1229) is multi-threaded, use of fork() may lead to deadlocks in the child.
  pid = os.fork()

[2024-07-22T17:16:03.644+0000] {standard_task_runner.py:64} INFO - Started process 1235 to run task
[2024-07-22T17:16:03.645+0000] {standard_task_runner.py:90} INFO - Running: ['***', 'tasks', 'run', 'motower_daily_prod', 'sensor_congestion', 'scheduled__2024-06-28T06:00:00+00:00', '--job-id', '98', '--raw', '--subdir', 'DAGS_FOLDER/gps/custom_dags/motower_daily.py', '--cfg-path', '/tmp/tmpjl7gj3ly']
[2024-07-22T17:16:03.648+0000] {standard_task_runner.py:91} INFO - Job 98: Subtask sensor_congestion
[2024-07-22T17:16:03.689+0000] {task_command.py:426} INFO - Running <TaskInstance: motower_daily_prod.sensor_congestion scheduled__2024-06-28T06:00:00+00:00 [running]> on host 5e959f2258db
[2024-07-22T17:16:03.773+0000] {taskinstance.py:2648} INFO - Exporting env vars: AIRFLOW_CTX_DAG_EMAIL='richmond.kongo@orange.com,assane.diop@orange.com,cyrille1.danho@orange.com,mohamed2.sylla@orange.com,amadou.diomande@orange.com,Jonas.kouame@orange.com,armand.kablan@orange.com,anicet.azombade@orange.com,etienne.kouadio@orange.com,bertine.kouakou@orange.com,florentine.kouakou@orange.com,ange.phaceli@orange.com,soulegame.soro@orange.com,innocent.yengo@orange.com' AIRFLOW_CTX_DAG_OWNER='***' AIRFLOW_CTX_DAG_ID='motower_daily_prod' AIRFLOW_CTX_TASK_ID='sensor_congestion' AIRFLOW_CTX_EXECUTION_DATE='2024-06-28T06:00:00+00:00' AIRFLOW_CTX_TRY_NUMBER='1' AIRFLOW_CTX_DAG_RUN_ID='scheduled__2024-06-28T06:00:00+00:00'
[2024-07-22T17:16:03.775+0000] {taskinstance.py:430} INFO - ::endgroup::
[2024-07-22T17:16:03.786+0000] {python.py:75} INFO - Poking callable: <function check_data_in_table at 0x72864ffeed40>
[2024-07-22T17:16:03.790+0000] {extract.py:127} INFO - Getting data of the table ks_hebdo_tdb_radio_drsi 
[2024-07-22T17:16:03.790+0000] {extract.py:128} INFO - where date is 2024-06-27
[2024-07-22T17:16:03.790+0000] {extract.py:99} INFO - get data to date 26 and year 2024
[2024-07-22T17:16:03.795+0000] {warnings.py:112} WARNING - /opt/***/dags/gps/common/extract.py:100: UserWarning: pandas only supports SQLAlchemy connectable (engine/connection) or database string URI or sqlite3 DBAPI2 connection. Other DBAPI2 objects are not tested. Please consider using SQLAlchemy.
  df_ = pd.read_sql_query(sql_query, conn, params=params)

[2024-07-22T17:16:03.845+0000] {base.py:294} INFO - Success criteria met. Exiting.
[2024-07-22T17:16:03.845+0000] {taskinstance.py:441} INFO - ::group::Post task execution logs
[2024-07-22T17:16:03.856+0000] {taskinstance.py:1206} INFO - Marking task as SUCCESS. dag_id=motower_daily_prod, task_id=sensor_congestion, run_id=scheduled__2024-06-28T06:00:00+00:00, execution_date=20240628T060000, start_date=20240722T171603, end_date=20240722T171603
[2024-07-22T17:16:03.898+0000] {local_task_job_runner.py:243} INFO - Task exited with return code 0
[2024-07-22T17:16:03.941+0000] {taskinstance.py:3503} INFO - 0 downstream tasks scheduled from follow-on schedule check
[2024-07-22T17:16:03.944+0000] {local_task_job_runner.py:222} INFO - ::endgroup::
[2024-07-22T17:43:24.602+0000] {local_task_job_runner.py:120} INFO - ::group::Pre task execution logs
[2024-07-22T17:43:24.964+0000] {taskinstance.py:2076} INFO - Dependencies all met for dep_context=non-requeueable deps ti=<TaskInstance: motower_daily_prod.sensor_congestion scheduled__2024-06-28T06:00:00+00:00 [queued]>
[2024-07-22T17:43:24.979+0000] {taskinstance.py:2076} INFO - Dependencies all met for dep_context=requeueable deps ti=<TaskInstance: motower_daily_prod.sensor_congestion scheduled__2024-06-28T06:00:00+00:00 [queued]>
[2024-07-22T17:43:24.980+0000] {taskinstance.py:2306} INFO - Starting attempt 1 of 1
[2024-07-22T17:43:25.003+0000] {taskinstance.py:2330} INFO - Executing <Task(PythonSensor): sensor_congestion> on 2024-06-28 06:00:00+00:00
[2024-07-22T17:43:25.018+0000] {warnings.py:112} WARNING - /home/***/.local/lib/python3.12/site-packages/***/task/task_runner/standard_task_runner.py:62: DeprecationWarning: This process (pid=1752) is multi-threaded, use of fork() may lead to deadlocks in the child.
  pid = os.fork()

[2024-07-22T17:43:25.020+0000] {standard_task_runner.py:64} INFO - Started process 1769 to run task
[2024-07-22T17:43:25.022+0000] {standard_task_runner.py:90} INFO - Running: ['***', 'tasks', 'run', 'motower_daily_prod', 'sensor_congestion', 'scheduled__2024-06-28T06:00:00+00:00', '--job-id', '158', '--raw', '--subdir', 'DAGS_FOLDER/gps/custom_dags/motower_daily.py', '--cfg-path', '/tmp/tmpyya7yx4e']
[2024-07-22T17:43:25.025+0000] {standard_task_runner.py:91} INFO - Job 158: Subtask sensor_congestion
[2024-07-22T17:43:25.119+0000] {task_command.py:426} INFO - Running <TaskInstance: motower_daily_prod.sensor_congestion scheduled__2024-06-28T06:00:00+00:00 [running]> on host 5e959f2258db
[2024-07-22T17:43:25.244+0000] {taskinstance.py:2648} INFO - Exporting env vars: AIRFLOW_CTX_DAG_EMAIL='richmond.kongo@orange.com,assane.diop@orange.com,cyrille1.danho@orange.com,mohamed2.sylla@orange.com,amadou.diomande@orange.com,Jonas.kouame@orange.com,armand.kablan@orange.com,anicet.azombade@orange.com,etienne.kouadio@orange.com,bertine.kouakou@orange.com,florentine.kouakou@orange.com,ange.phaceli@orange.com,soulegame.soro@orange.com,innocent.yengo@orange.com' AIRFLOW_CTX_DAG_OWNER='***' AIRFLOW_CTX_DAG_ID='motower_daily_prod' AIRFLOW_CTX_TASK_ID='sensor_congestion' AIRFLOW_CTX_EXECUTION_DATE='2024-06-28T06:00:00+00:00' AIRFLOW_CTX_TRY_NUMBER='1' AIRFLOW_CTX_DAG_RUN_ID='scheduled__2024-06-28T06:00:00+00:00'
[2024-07-22T17:43:25.247+0000] {taskinstance.py:430} INFO - ::endgroup::
[2024-07-22T17:43:25.262+0000] {python.py:75} INFO - Poking callable: <function check_data_in_table at 0x7286306f94e0>
[2024-07-22T17:43:25.268+0000] {extract.py:127} INFO - Getting data of the table ks_hebdo_tdb_radio_drsi 
[2024-07-22T17:43:25.269+0000] {extract.py:128} INFO - where date is 2024-06-27
[2024-07-22T17:43:25.269+0000] {extract.py:99} INFO - get data to date 26 and year 2024
[2024-07-22T17:43:25.276+0000] {warnings.py:112} WARNING - /opt/***/dags/gps/common/extract.py:100: UserWarning: pandas only supports SQLAlchemy connectable (engine/connection) or database string URI or sqlite3 DBAPI2 connection. Other DBAPI2 objects are not tested. Please consider using SQLAlchemy.
  df_ = pd.read_sql_query(sql_query, conn, params=params)

[2024-07-22T17:43:25.358+0000] {base.py:294} INFO - Success criteria met. Exiting.
[2024-07-22T17:43:25.359+0000] {taskinstance.py:441} INFO - ::group::Post task execution logs
[2024-07-22T17:43:25.369+0000] {taskinstance.py:1206} INFO - Marking task as SUCCESS. dag_id=motower_daily_prod, task_id=sensor_congestion, run_id=scheduled__2024-06-28T06:00:00+00:00, execution_date=20240628T060000, start_date=20240722T174324, end_date=20240722T174325
[2024-07-22T17:43:25.402+0000] {local_task_job_runner.py:243} INFO - Task exited with return code 0
[2024-07-22T17:43:25.451+0000] {taskinstance.py:3503} INFO - 1 downstream tasks scheduled from follow-on schedule check
[2024-07-22T17:43:25.455+0000] {local_task_job_runner.py:222} INFO - ::endgroup::
