[2024-08-06T17:11:04.899+0000] {local_task_job_runner.py:120} INFO - ::group::Pre task execution logs
[2024-08-06T17:11:05.003+0000] {taskinstance.py:2076} INFO - Dependencies all met for dep_context=non-requeueable deps ti=<TaskInstance: motower_daily_prod.extract_congestion scheduled__2024-04-21T06:00:00+00:00 [queued]>
[2024-08-06T17:11:05.033+0000] {taskinstance.py:2076} INFO - Dependencies all met for dep_context=requeueable deps ti=<TaskInstance: motower_daily_prod.extract_congestion scheduled__2024-04-21T06:00:00+00:00 [queued]>
[2024-08-06T17:11:05.034+0000] {taskinstance.py:2306} INFO - Starting attempt 1 of 1
[2024-08-06T17:11:05.074+0000] {taskinstance.py:2330} INFO - Executing <Task(PythonOperator): extract_congestion> on 2024-04-21 06:00:00+00:00
[2024-08-06T17:11:05.117+0000] {warnings.py:112} WARNING - /home/***/.local/lib/python3.12/site-packages/***/task/task_runner/standard_task_runner.py:62: DeprecationWarning: This process (pid=4160) is multi-threaded, use of fork() may lead to deadlocks in the child.
  pid = os.fork()

[2024-08-06T17:11:05.120+0000] {standard_task_runner.py:64} INFO - Started process 4181 to run task
[2024-08-06T17:11:05.129+0000] {standard_task_runner.py:90} INFO - Running: ['***', 'tasks', 'run', 'motower_daily_prod', 'extract_congestion', 'scheduled__2024-04-21T06:00:00+00:00', '--job-id', '1042', '--raw', '--subdir', 'DAGS_FOLDER/gps/custom_dags/motower_daily.py', '--cfg-path', '/tmp/tmp02q8r5cn']
[2024-08-06T17:11:05.139+0000] {standard_task_runner.py:91} INFO - Job 1042: Subtask extract_congestion
[2024-08-06T17:11:05.319+0000] {task_command.py:426} INFO - Running <TaskInstance: motower_daily_prod.extract_congestion scheduled__2024-04-21T06:00:00+00:00 [running]> on host 13681191f11c
[2024-08-06T17:11:05.662+0000] {taskinstance.py:2648} INFO - Exporting env vars: AIRFLOW_CTX_DAG_EMAIL='richmond.kongo@orange.com,assane.diop@orange.com,cyrille1.danho@orange.com,mohamed2.sylla@orange.com,amadou.diomande@orange.com,Jonas.kouame@orange.com,armand.kablan@orange.com,anicet.azombade@orange.com,etienne.kouadio@orange.com,bertine.kouakou@orange.com,florentine.kouakou@orange.com,ange.phaceli@orange.com,soulegame.soro@orange.com,innocent.yengo@orange.com' AIRFLOW_CTX_DAG_OWNER='***' AIRFLOW_CTX_DAG_ID='motower_daily_prod' AIRFLOW_CTX_TASK_ID='extract_congestion' AIRFLOW_CTX_EXECUTION_DATE='2024-04-21T06:00:00+00:00' AIRFLOW_CTX_TRY_NUMBER='1' AIRFLOW_CTX_DAG_RUN_ID='scheduled__2024-04-21T06:00:00+00:00'
[2024-08-06T17:11:05.664+0000] {taskinstance.py:430} INFO - ::endgroup::
[2024-08-06T17:11:05.722+0000] {extract.py:126} INFO - Getting data of the table ks_hebdo_tdb_radio_drsi 
[2024-08-06T17:11:05.723+0000] {extract.py:127} INFO - where date is 2024-04-20
[2024-08-06T17:11:05.726+0000] {extract.py:98} INFO - get data to date 16 and year 2024
[2024-08-06T17:11:05.737+0000] {warnings.py:112} WARNING - /opt/***/dags/gps/common/extract.py:99: UserWarning: pandas only supports SQLAlchemy connectable (engine/connection) or database string URI or sqlite3 DBAPI2 connection. Other DBAPI2 objects are not tested. Please consider using SQLAlchemy.
  df_ = pd.read_sql_query(sql_query, conn, params=params)

[2024-08-06T17:11:06.093+0000] {rwminio.py:19} INFO - start to save data
[2024-08-06T17:11:06.364+0000] {rwminio.py:34} INFO - data in minio ok
[2024-08-06T17:11:06.376+0000] {python.py:237} INFO - Done. Returned value was: None
[2024-08-06T17:11:06.377+0000] {taskinstance.py:441} INFO - ::group::Post task execution logs
[2024-08-06T17:11:06.408+0000] {taskinstance.py:1206} INFO - Marking task as SUCCESS. dag_id=motower_daily_prod, task_id=extract_congestion, run_id=scheduled__2024-04-21T06:00:00+00:00, execution_date=20240421T060000, start_date=20240806T171105, end_date=20240806T171106
[2024-08-06T17:11:06.936+0000] {local_task_job_runner.py:243} INFO - Task exited with return code 0
[2024-08-06T17:11:07.046+0000] {taskinstance.py:3503} INFO - 1 downstream tasks scheduled from follow-on schedule check
[2024-08-06T17:11:07.050+0000] {local_task_job_runner.py:222} INFO - ::endgroup::
[2024-08-06T17:21:48.144+0000] {local_task_job_runner.py:120} INFO - ::group::Pre task execution logs
[2024-08-06T17:21:48.245+0000] {taskinstance.py:2076} INFO - Dependencies all met for dep_context=non-requeueable deps ti=<TaskInstance: motower_daily_prod.extract_congestion scheduled__2024-04-21T06:00:00+00:00 [queued]>
[2024-08-06T17:21:48.293+0000] {taskinstance.py:2076} INFO - Dependencies all met for dep_context=requeueable deps ti=<TaskInstance: motower_daily_prod.extract_congestion scheduled__2024-04-21T06:00:00+00:00 [queued]>
[2024-08-06T17:21:48.294+0000] {taskinstance.py:2306} INFO - Starting attempt 1 of 1
[2024-08-06T17:21:48.334+0000] {taskinstance.py:2330} INFO - Executing <Task(PythonOperator): extract_congestion> on 2024-04-21 06:00:00+00:00
[2024-08-06T17:21:48.355+0000] {warnings.py:112} WARNING - /home/***/.local/lib/python3.12/site-packages/***/task/task_runner/standard_task_runner.py:62: DeprecationWarning: This process (pid=4716) is multi-threaded, use of fork() may lead to deadlocks in the child.
  pid = os.fork()

[2024-08-06T17:21:48.358+0000] {standard_task_runner.py:64} INFO - Started process 4731 to run task
[2024-08-06T17:21:48.365+0000] {standard_task_runner.py:90} INFO - Running: ['***', 'tasks', 'run', 'motower_daily_prod', 'extract_congestion', 'scheduled__2024-04-21T06:00:00+00:00', '--job-id', '1176', '--raw', '--subdir', 'DAGS_FOLDER/gps/custom_dags/motower_daily.py', '--cfg-path', '/tmp/tmp4p4awsvk']
[2024-08-06T17:21:48.370+0000] {standard_task_runner.py:91} INFO - Job 1176: Subtask extract_congestion
[2024-08-06T17:21:48.509+0000] {task_command.py:426} INFO - Running <TaskInstance: motower_daily_prod.extract_congestion scheduled__2024-04-21T06:00:00+00:00 [running]> on host 13681191f11c
[2024-08-06T17:21:48.811+0000] {taskinstance.py:2648} INFO - Exporting env vars: AIRFLOW_CTX_DAG_EMAIL='richmond.kongo@orange.com,assane.diop@orange.com,cyrille1.danho@orange.com,mohamed2.sylla@orange.com,amadou.diomande@orange.com,Jonas.kouame@orange.com,armand.kablan@orange.com,anicet.azombade@orange.com,etienne.kouadio@orange.com,bertine.kouakou@orange.com,florentine.kouakou@orange.com,ange.phaceli@orange.com,soulegame.soro@orange.com,innocent.yengo@orange.com' AIRFLOW_CTX_DAG_OWNER='***' AIRFLOW_CTX_DAG_ID='motower_daily_prod' AIRFLOW_CTX_TASK_ID='extract_congestion' AIRFLOW_CTX_EXECUTION_DATE='2024-04-21T06:00:00+00:00' AIRFLOW_CTX_TRY_NUMBER='1' AIRFLOW_CTX_DAG_RUN_ID='scheduled__2024-04-21T06:00:00+00:00'
[2024-08-06T17:21:48.813+0000] {taskinstance.py:430} INFO - ::endgroup::
[2024-08-06T17:21:48.869+0000] {extract.py:126} INFO - Getting data of the table ks_hebdo_tdb_radio_drsi 
[2024-08-06T17:21:48.870+0000] {extract.py:127} INFO - where date is 2024-04-20
[2024-08-06T17:21:48.871+0000] {extract.py:98} INFO - get data to date 16 and year 2024
[2024-08-06T17:21:48.883+0000] {warnings.py:112} WARNING - /opt/***/dags/gps/common/extract.py:99: UserWarning: pandas only supports SQLAlchemy connectable (engine/connection) or database string URI or sqlite3 DBAPI2 connection. Other DBAPI2 objects are not tested. Please consider using SQLAlchemy.
  df_ = pd.read_sql_query(sql_query, conn, params=params)

[2024-08-06T17:21:49.240+0000] {rwminio.py:19} INFO - start to save data
[2024-08-06T17:21:49.615+0000] {rwminio.py:34} INFO - data in minio ok
[2024-08-06T17:21:49.624+0000] {python.py:237} INFO - Done. Returned value was: None
[2024-08-06T17:21:49.626+0000] {taskinstance.py:441} INFO - ::group::Post task execution logs
[2024-08-06T17:21:49.662+0000] {taskinstance.py:1206} INFO - Marking task as SUCCESS. dag_id=motower_daily_prod, task_id=extract_congestion, run_id=scheduled__2024-04-21T06:00:00+00:00, execution_date=20240421T060000, start_date=20240806T172148, end_date=20240806T172149
[2024-08-06T17:21:51.123+0000] {local_task_job_runner.py:243} INFO - Task exited with return code 0
[2024-08-06T17:21:51.216+0000] {taskinstance.py:3503} INFO - 1 downstream tasks scheduled from follow-on schedule check
[2024-08-06T17:21:51.227+0000] {local_task_job_runner.py:222} INFO - ::endgroup::
[2024-08-06T17:22:43.881+0000] {local_task_job_runner.py:120} INFO - ::group::Pre task execution logs
[2024-08-06T17:22:43.959+0000] {taskinstance.py:2076} INFO - Dependencies all met for dep_context=non-requeueable deps ti=<TaskInstance: motower_daily_prod.extract_congestion scheduled__2024-04-21T06:00:00+00:00 [queued]>
[2024-08-06T17:22:43.986+0000] {taskinstance.py:2076} INFO - Dependencies all met for dep_context=requeueable deps ti=<TaskInstance: motower_daily_prod.extract_congestion scheduled__2024-04-21T06:00:00+00:00 [queued]>
[2024-08-06T17:22:43.987+0000] {taskinstance.py:2306} INFO - Starting attempt 1 of 1
[2024-08-06T17:22:44.026+0000] {taskinstance.py:2330} INFO - Executing <Task(PythonOperator): extract_congestion> on 2024-04-21 06:00:00+00:00
[2024-08-06T17:22:44.043+0000] {warnings.py:112} WARNING - /home/***/.local/lib/python3.12/site-packages/***/task/task_runner/standard_task_runner.py:62: DeprecationWarning: This process (pid=4913) is multi-threaded, use of fork() may lead to deadlocks in the child.
  pid = os.fork()

[2024-08-06T17:22:44.045+0000] {standard_task_runner.py:64} INFO - Started process 4927 to run task
[2024-08-06T17:22:44.052+0000] {standard_task_runner.py:90} INFO - Running: ['***', 'tasks', 'run', 'motower_daily_prod', 'extract_congestion', 'scheduled__2024-04-21T06:00:00+00:00', '--job-id', '1242', '--raw', '--subdir', 'DAGS_FOLDER/gps/custom_dags/motower_daily.py', '--cfg-path', '/tmp/tmptdh0nlxp']
[2024-08-06T17:22:44.056+0000] {standard_task_runner.py:91} INFO - Job 1242: Subtask extract_congestion
[2024-08-06T17:22:44.148+0000] {task_command.py:426} INFO - Running <TaskInstance: motower_daily_prod.extract_congestion scheduled__2024-04-21T06:00:00+00:00 [running]> on host 13681191f11c
[2024-08-06T17:22:44.396+0000] {taskinstance.py:2648} INFO - Exporting env vars: AIRFLOW_CTX_DAG_EMAIL='richmond.kongo@orange.com,assane.diop@orange.com,cyrille1.danho@orange.com,mohamed2.sylla@orange.com,amadou.diomande@orange.com,Jonas.kouame@orange.com,armand.kablan@orange.com,anicet.azombade@orange.com,etienne.kouadio@orange.com,bertine.kouakou@orange.com,florentine.kouakou@orange.com,ange.phaceli@orange.com,soulegame.soro@orange.com,innocent.yengo@orange.com' AIRFLOW_CTX_DAG_OWNER='***' AIRFLOW_CTX_DAG_ID='motower_daily_prod' AIRFLOW_CTX_TASK_ID='extract_congestion' AIRFLOW_CTX_EXECUTION_DATE='2024-04-21T06:00:00+00:00' AIRFLOW_CTX_TRY_NUMBER='1' AIRFLOW_CTX_DAG_RUN_ID='scheduled__2024-04-21T06:00:00+00:00'
[2024-08-06T17:22:44.398+0000] {taskinstance.py:430} INFO - ::endgroup::
[2024-08-06T17:22:44.456+0000] {extract.py:126} INFO - Getting data of the table ks_hebdo_tdb_radio_drsi 
[2024-08-06T17:22:44.458+0000] {extract.py:127} INFO - where date is 2024-04-20
[2024-08-06T17:22:44.459+0000] {extract.py:98} INFO - get data to date 16 and year 2024
[2024-08-06T17:22:44.479+0000] {warnings.py:112} WARNING - /opt/***/dags/gps/common/extract.py:99: UserWarning: pandas only supports SQLAlchemy connectable (engine/connection) or database string URI or sqlite3 DBAPI2 connection. Other DBAPI2 objects are not tested. Please consider using SQLAlchemy.
  df_ = pd.read_sql_query(sql_query, conn, params=params)

[2024-08-06T17:22:44.979+0000] {rwminio.py:19} INFO - start to save data
[2024-08-06T17:22:45.227+0000] {rwminio.py:34} INFO - data in minio ok
[2024-08-06T17:22:45.235+0000] {python.py:237} INFO - Done. Returned value was: None
[2024-08-06T17:22:45.236+0000] {taskinstance.py:441} INFO - ::group::Post task execution logs
[2024-08-06T17:22:45.258+0000] {taskinstance.py:1206} INFO - Marking task as SUCCESS. dag_id=motower_daily_prod, task_id=extract_congestion, run_id=scheduled__2024-04-21T06:00:00+00:00, execution_date=20240421T060000, start_date=20240806T172243, end_date=20240806T172245
[2024-08-06T17:22:45.300+0000] {local_task_job_runner.py:243} INFO - Task exited with return code 0
[2024-08-06T17:22:45.323+0000] {local_task_job_runner.py:222} INFO - ::endgroup::
[2024-08-06T17:24:00.652+0000] {local_task_job_runner.py:120} INFO - ::group::Pre task execution logs
[2024-08-06T17:24:00.772+0000] {taskinstance.py:2076} INFO - Dependencies all met for dep_context=non-requeueable deps ti=<TaskInstance: motower_daily_prod.extract_congestion scheduled__2024-04-21T06:00:00+00:00 [queued]>
[2024-08-06T17:24:00.823+0000] {taskinstance.py:2076} INFO - Dependencies all met for dep_context=requeueable deps ti=<TaskInstance: motower_daily_prod.extract_congestion scheduled__2024-04-21T06:00:00+00:00 [queued]>
[2024-08-06T17:24:00.824+0000] {taskinstance.py:2306} INFO - Starting attempt 1 of 1
[2024-08-06T17:24:00.885+0000] {taskinstance.py:2330} INFO - Executing <Task(PythonOperator): extract_congestion> on 2024-04-21 06:00:00+00:00
[2024-08-06T17:24:00.919+0000] {warnings.py:112} WARNING - /home/***/.local/lib/python3.12/site-packages/***/task/task_runner/standard_task_runner.py:62: DeprecationWarning: This process (pid=5073) is multi-threaded, use of fork() may lead to deadlocks in the child.
  pid = os.fork()

[2024-08-06T17:24:00.924+0000] {standard_task_runner.py:64} INFO - Started process 5085 to run task
[2024-08-06T17:24:00.929+0000] {standard_task_runner.py:90} INFO - Running: ['***', 'tasks', 'run', 'motower_daily_prod', 'extract_congestion', 'scheduled__2024-04-21T06:00:00+00:00', '--job-id', '1287', '--raw', '--subdir', 'DAGS_FOLDER/gps/custom_dags/motower_daily.py', '--cfg-path', '/tmp/tmppw8mgt79']
[2024-08-06T17:24:00.935+0000] {standard_task_runner.py:91} INFO - Job 1287: Subtask extract_congestion
[2024-08-06T17:24:01.112+0000] {task_command.py:426} INFO - Running <TaskInstance: motower_daily_prod.extract_congestion scheduled__2024-04-21T06:00:00+00:00 [running]> on host 13681191f11c
[2024-08-06T17:24:01.492+0000] {taskinstance.py:2648} INFO - Exporting env vars: AIRFLOW_CTX_DAG_EMAIL='richmond.kongo@orange.com,assane.diop@orange.com,cyrille1.danho@orange.com,mohamed2.sylla@orange.com,amadou.diomande@orange.com,Jonas.kouame@orange.com,armand.kablan@orange.com,anicet.azombade@orange.com,etienne.kouadio@orange.com,bertine.kouakou@orange.com,florentine.kouakou@orange.com,ange.phaceli@orange.com,soulegame.soro@orange.com,innocent.yengo@orange.com' AIRFLOW_CTX_DAG_OWNER='***' AIRFLOW_CTX_DAG_ID='motower_daily_prod' AIRFLOW_CTX_TASK_ID='extract_congestion' AIRFLOW_CTX_EXECUTION_DATE='2024-04-21T06:00:00+00:00' AIRFLOW_CTX_TRY_NUMBER='1' AIRFLOW_CTX_DAG_RUN_ID='scheduled__2024-04-21T06:00:00+00:00'
[2024-08-06T17:24:01.496+0000] {taskinstance.py:430} INFO - ::endgroup::
[2024-08-06T17:24:01.571+0000] {extract.py:126} INFO - Getting data of the table ks_hebdo_tdb_radio_drsi 
[2024-08-06T17:24:01.571+0000] {extract.py:127} INFO - where date is 2024-04-20
[2024-08-06T17:24:01.572+0000] {extract.py:98} INFO - get data to date 16 and year 2024
[2024-08-06T17:24:01.583+0000] {warnings.py:112} WARNING - /opt/***/dags/gps/common/extract.py:99: UserWarning: pandas only supports SQLAlchemy connectable (engine/connection) or database string URI or sqlite3 DBAPI2 connection. Other DBAPI2 objects are not tested. Please consider using SQLAlchemy.
  df_ = pd.read_sql_query(sql_query, conn, params=params)

[2024-08-06T17:24:01.972+0000] {rwminio.py:19} INFO - start to save data
[2024-08-06T17:24:02.275+0000] {rwminio.py:34} INFO - data in minio ok
[2024-08-06T17:24:02.285+0000] {python.py:237} INFO - Done. Returned value was: None
[2024-08-06T17:24:02.286+0000] {taskinstance.py:441} INFO - ::group::Post task execution logs
[2024-08-06T17:24:02.307+0000] {taskinstance.py:1206} INFO - Marking task as SUCCESS. dag_id=motower_daily_prod, task_id=extract_congestion, run_id=scheduled__2024-04-21T06:00:00+00:00, execution_date=20240421T060000, start_date=20240806T172400, end_date=20240806T172402
[2024-08-06T17:24:02.391+0000] {local_task_job_runner.py:243} INFO - Task exited with return code 0
[2024-08-06T17:24:02.408+0000] {local_task_job_runner.py:222} INFO - ::endgroup::
[2024-08-06T17:41:47.384+0000] {local_task_job_runner.py:120} INFO - ::group::Pre task execution logs
[2024-08-06T17:41:47.498+0000] {taskinstance.py:2076} INFO - Dependencies all met for dep_context=non-requeueable deps ti=<TaskInstance: motower_daily_prod.extract_congestion scheduled__2024-04-21T06:00:00+00:00 [queued]>
[2024-08-06T17:41:47.533+0000] {taskinstance.py:2076} INFO - Dependencies all met for dep_context=requeueable deps ti=<TaskInstance: motower_daily_prod.extract_congestion scheduled__2024-04-21T06:00:00+00:00 [queued]>
[2024-08-06T17:41:47.535+0000] {taskinstance.py:2306} INFO - Starting attempt 1 of 1
[2024-08-06T17:41:47.981+0000] {taskinstance.py:2330} INFO - Executing <Task(PythonOperator): extract_congestion> on 2024-04-21 06:00:00+00:00
[2024-08-06T17:41:48.013+0000] {warnings.py:112} WARNING - /home/***/.local/lib/python3.12/site-packages/***/task/task_runner/standard_task_runner.py:62: DeprecationWarning: This process (pid=8306) is multi-threaded, use of fork() may lead to deadlocks in the child.
  pid = os.fork()

[2024-08-06T17:41:48.020+0000] {standard_task_runner.py:64} INFO - Started process 8324 to run task
[2024-08-06T17:41:48.023+0000] {standard_task_runner.py:90} INFO - Running: ['***', 'tasks', 'run', 'motower_daily_prod', 'extract_congestion', 'scheduled__2024-04-21T06:00:00+00:00', '--job-id', '2303', '--raw', '--subdir', 'DAGS_FOLDER/gps/custom_dags/motower_daily.py', '--cfg-path', '/tmp/tmp41ml5cbn']
[2024-08-06T17:41:48.029+0000] {standard_task_runner.py:91} INFO - Job 2303: Subtask extract_congestion
[2024-08-06T17:41:48.240+0000] {task_command.py:426} INFO - Running <TaskInstance: motower_daily_prod.extract_congestion scheduled__2024-04-21T06:00:00+00:00 [running]> on host 13681191f11c
[2024-08-06T17:41:48.645+0000] {taskinstance.py:2648} INFO - Exporting env vars: AIRFLOW_CTX_DAG_EMAIL='richmond.kongo@orange.com,assane.diop@orange.com,cyrille1.danho@orange.com,mohamed2.sylla@orange.com,amadou.diomande@orange.com,Jonas.kouame@orange.com,armand.kablan@orange.com,anicet.azombade@orange.com,etienne.kouadio@orange.com,bertine.kouakou@orange.com,florentine.kouakou@orange.com,ange.phaceli@orange.com,soulegame.soro@orange.com,innocent.yengo@orange.com' AIRFLOW_CTX_DAG_OWNER='***' AIRFLOW_CTX_DAG_ID='motower_daily_prod' AIRFLOW_CTX_TASK_ID='extract_congestion' AIRFLOW_CTX_EXECUTION_DATE='2024-04-21T06:00:00+00:00' AIRFLOW_CTX_TRY_NUMBER='1' AIRFLOW_CTX_DAG_RUN_ID='scheduled__2024-04-21T06:00:00+00:00'
[2024-08-06T17:41:48.648+0000] {taskinstance.py:430} INFO - ::endgroup::
[2024-08-06T17:41:48.752+0000] {extract.py:126} INFO - Getting data of the table ks_hebdo_tdb_radio_drsi 
[2024-08-06T17:41:48.753+0000] {extract.py:127} INFO - where date is 2024-04-20
[2024-08-06T17:41:48.754+0000] {extract.py:98} INFO - get data to date 16 and year 2024
[2024-08-06T17:41:48.778+0000] {warnings.py:112} WARNING - /opt/***/dags/gps/common/extract.py:99: UserWarning: pandas only supports SQLAlchemy connectable (engine/connection) or database string URI or sqlite3 DBAPI2 connection. Other DBAPI2 objects are not tested. Please consider using SQLAlchemy.
  df_ = pd.read_sql_query(sql_query, conn, params=params)

[2024-08-06T17:41:49.138+0000] {rwminio.py:19} INFO - start to save data
[2024-08-06T17:41:49.556+0000] {rwminio.py:34} INFO - data in minio ok
[2024-08-06T17:41:49.564+0000] {python.py:237} INFO - Done. Returned value was: None
[2024-08-06T17:41:49.566+0000] {taskinstance.py:441} INFO - ::group::Post task execution logs
[2024-08-06T17:41:49.614+0000] {taskinstance.py:1206} INFO - Marking task as SUCCESS. dag_id=motower_daily_prod, task_id=extract_congestion, run_id=scheduled__2024-04-21T06:00:00+00:00, execution_date=20240421T060000, start_date=20240806T174147, end_date=20240806T174149
[2024-08-06T17:41:50.167+0000] {local_task_job_runner.py:243} INFO - Task exited with return code 0
[2024-08-06T17:41:50.267+0000] {taskinstance.py:3503} INFO - 0 downstream tasks scheduled from follow-on schedule check
[2024-08-06T17:41:50.275+0000] {local_task_job_runner.py:222} INFO - ::endgroup::
