[2024-08-06T16:59:07.452+0000] {local_task_job_runner.py:120} INFO - ::group::Pre task execution logs
[2024-08-06T16:59:07.800+0000] {taskinstance.py:2076} INFO - Dependencies all met for dep_context=non-requeueable deps ti=<TaskInstance: motower_daily_prod.sensor_trafic scheduled__2024-01-27T06:00:00+00:00 [queued]>
[2024-08-06T16:59:07.859+0000] {taskinstance.py:2076} INFO - Dependencies all met for dep_context=requeueable deps ti=<TaskInstance: motower_daily_prod.sensor_trafic scheduled__2024-01-27T06:00:00+00:00 [queued]>
[2024-08-06T16:59:07.860+0000] {taskinstance.py:2306} INFO - Starting attempt 1 of 1
[2024-08-06T16:59:07.903+0000] {taskinstance.py:2330} INFO - Executing <Task(PythonSensor): sensor_trafic> on 2024-01-27 06:00:00+00:00
[2024-08-06T16:59:07.925+0000] {warnings.py:112} WARNING - /home/***/.local/lib/python3.12/site-packages/***/task/task_runner/standard_task_runner.py:62: DeprecationWarning: This process (pid=1698) is multi-threaded, use of fork() may lead to deadlocks in the child.
  pid = os.fork()

[2024-08-06T16:59:07.931+0000] {standard_task_runner.py:64} INFO - Started process 1708 to run task
[2024-08-06T16:59:07.935+0000] {standard_task_runner.py:90} INFO - Running: ['***', 'tasks', 'run', 'motower_daily_prod', 'sensor_trafic', 'scheduled__2024-01-27T06:00:00+00:00', '--job-id', '258', '--raw', '--subdir', 'DAGS_FOLDER/gps/custom_dags/motower_daily.py', '--cfg-path', '/tmp/tmptvvc6gs9']
[2024-08-06T16:59:07.940+0000] {standard_task_runner.py:91} INFO - Job 258: Subtask sensor_trafic
[2024-08-06T16:59:08.076+0000] {task_command.py:426} INFO - Running <TaskInstance: motower_daily_prod.sensor_trafic scheduled__2024-01-27T06:00:00+00:00 [running]> on host 13681191f11c
[2024-08-06T16:59:08.337+0000] {taskinstance.py:2648} INFO - Exporting env vars: AIRFLOW_CTX_DAG_EMAIL='richmond.kongo@orange.com,assane.diop@orange.com,cyrille1.danho@orange.com,mohamed2.sylla@orange.com,amadou.diomande@orange.com,Jonas.kouame@orange.com,armand.kablan@orange.com,anicet.azombade@orange.com,etienne.kouadio@orange.com,bertine.kouakou@orange.com,florentine.kouakou@orange.com,ange.phaceli@orange.com,soulegame.soro@orange.com,innocent.yengo@orange.com' AIRFLOW_CTX_DAG_OWNER='***' AIRFLOW_CTX_DAG_ID='motower_daily_prod' AIRFLOW_CTX_TASK_ID='sensor_trafic' AIRFLOW_CTX_EXECUTION_DATE='2024-01-27T06:00:00+00:00' AIRFLOW_CTX_TRY_NUMBER='1' AIRFLOW_CTX_DAG_RUN_ID='scheduled__2024-01-27T06:00:00+00:00'
[2024-08-06T16:59:08.339+0000] {taskinstance.py:430} INFO - ::endgroup::
[2024-08-06T16:59:08.380+0000] {python.py:75} INFO - Poking callable: <function check_data_in_table at 0x701c27091a80>
[2024-08-06T16:59:08.387+0000] {extract.py:126} INFO - Getting data of the table ks_daily_tdb_radio_drsi 
[2024-08-06T16:59:08.388+0000] {extract.py:127} INFO - where date is 2024-01-26
[2024-08-06T16:59:08.388+0000] {extract.py:102} INFO - get data to date 2024-01-26
[2024-08-06T16:59:08.399+0000] {warnings.py:112} WARNING - /opt/***/dags/gps/common/extract.py:103: UserWarning: pandas only supports SQLAlchemy connectable (engine/connection) or database string URI or sqlite3 DBAPI2 connection. Other DBAPI2 objects are not tested. Please consider using SQLAlchemy.
  df_ = pd.read_sql_query(sql_query, conn, params=params)

[2024-08-06T16:59:08.914+0000] {base.py:294} INFO - Success criteria met. Exiting.
[2024-08-06T16:59:08.914+0000] {taskinstance.py:441} INFO - ::group::Post task execution logs
[2024-08-06T16:59:08.960+0000] {taskinstance.py:1206} INFO - Marking task as SUCCESS. dag_id=motower_daily_prod, task_id=sensor_trafic, run_id=scheduled__2024-01-27T06:00:00+00:00, execution_date=20240127T060000, start_date=20240806T165907, end_date=20240806T165908
[2024-08-06T16:59:09.320+0000] {local_task_job_runner.py:243} INFO - Task exited with return code 0
[2024-08-06T16:59:09.344+0000] {local_task_job_runner.py:222} INFO - ::endgroup::
[2024-08-06T17:29:58.834+0000] {local_task_job_runner.py:120} INFO - ::group::Pre task execution logs
[2024-08-06T17:29:58.887+0000] {taskinstance.py:2076} INFO - Dependencies all met for dep_context=non-requeueable deps ti=<TaskInstance: motower_daily_prod.sensor_trafic scheduled__2024-01-27T06:00:00+00:00 [queued]>
[2024-08-06T17:29:58.906+0000] {taskinstance.py:2076} INFO - Dependencies all met for dep_context=requeueable deps ti=<TaskInstance: motower_daily_prod.sensor_trafic scheduled__2024-01-27T06:00:00+00:00 [queued]>
[2024-08-06T17:29:58.907+0000] {taskinstance.py:2306} INFO - Starting attempt 1 of 1
[2024-08-06T17:29:58.929+0000] {taskinstance.py:2330} INFO - Executing <Task(PythonSensor): sensor_trafic> on 2024-01-27 06:00:00+00:00
[2024-08-06T17:29:58.943+0000] {warnings.py:112} WARNING - /home/***/.local/lib/python3.12/site-packages/***/task/task_runner/standard_task_runner.py:62: DeprecationWarning: This process (pid=5885) is multi-threaded, use of fork() may lead to deadlocks in the child.
  pid = os.fork()

[2024-08-06T17:29:58.946+0000] {standard_task_runner.py:64} INFO - Started process 5893 to run task
[2024-08-06T17:29:58.946+0000] {standard_task_runner.py:90} INFO - Running: ['***', 'tasks', 'run', 'motower_daily_prod', 'sensor_trafic', 'scheduled__2024-01-27T06:00:00+00:00', '--job-id', '1536', '--raw', '--subdir', 'DAGS_FOLDER/gps/custom_dags/motower_daily.py', '--cfg-path', '/tmp/tmp7mfpqqex']
[2024-08-06T17:29:58.949+0000] {standard_task_runner.py:91} INFO - Job 1536: Subtask sensor_trafic
[2024-08-06T17:29:59.024+0000] {task_command.py:426} INFO - Running <TaskInstance: motower_daily_prod.sensor_trafic scheduled__2024-01-27T06:00:00+00:00 [running]> on host 13681191f11c
[2024-08-06T17:29:59.191+0000] {taskinstance.py:2648} INFO - Exporting env vars: AIRFLOW_CTX_DAG_EMAIL='richmond.kongo@orange.com,assane.diop@orange.com,cyrille1.danho@orange.com,mohamed2.sylla@orange.com,amadou.diomande@orange.com,Jonas.kouame@orange.com,armand.kablan@orange.com,anicet.azombade@orange.com,etienne.kouadio@orange.com,bertine.kouakou@orange.com,florentine.kouakou@orange.com,ange.phaceli@orange.com,soulegame.soro@orange.com,innocent.yengo@orange.com' AIRFLOW_CTX_DAG_OWNER='***' AIRFLOW_CTX_DAG_ID='motower_daily_prod' AIRFLOW_CTX_TASK_ID='sensor_trafic' AIRFLOW_CTX_EXECUTION_DATE='2024-01-27T06:00:00+00:00' AIRFLOW_CTX_TRY_NUMBER='1' AIRFLOW_CTX_DAG_RUN_ID='scheduled__2024-01-27T06:00:00+00:00'
[2024-08-06T17:29:59.193+0000] {taskinstance.py:430} INFO - ::endgroup::
[2024-08-06T17:29:59.213+0000] {python.py:75} INFO - Poking callable: <function check_data_in_table at 0x701c270649a0>
[2024-08-06T17:29:59.219+0000] {extract.py:126} INFO - Getting data of the table ks_daily_tdb_radio_drsi 
[2024-08-06T17:29:59.219+0000] {extract.py:127} INFO - where date is 2024-01-26
[2024-08-06T17:29:59.219+0000] {extract.py:102} INFO - get data to date 2024-01-26
[2024-08-06T17:29:59.226+0000] {warnings.py:112} WARNING - /opt/***/dags/gps/common/extract.py:103: UserWarning: pandas only supports SQLAlchemy connectable (engine/connection) or database string URI or sqlite3 DBAPI2 connection. Other DBAPI2 objects are not tested. Please consider using SQLAlchemy.
  df_ = pd.read_sql_query(sql_query, conn, params=params)

[2024-08-06T17:29:59.512+0000] {base.py:294} INFO - Success criteria met. Exiting.
[2024-08-06T17:29:59.512+0000] {taskinstance.py:441} INFO - ::group::Post task execution logs
[2024-08-06T17:29:59.528+0000] {taskinstance.py:1206} INFO - Marking task as SUCCESS. dag_id=motower_daily_prod, task_id=sensor_trafic, run_id=scheduled__2024-01-27T06:00:00+00:00, execution_date=20240127T060000, start_date=20240806T172958, end_date=20240806T172959
[2024-08-06T17:29:59.601+0000] {local_task_job_runner.py:243} INFO - Task exited with return code 0
[2024-08-06T17:29:59.613+0000] {local_task_job_runner.py:222} INFO - ::endgroup::
[2024-08-06T18:17:15.133+0000] {local_task_job_runner.py:120} INFO - ::group::Pre task execution logs
[2024-08-06T18:17:15.245+0000] {taskinstance.py:2076} INFO - Dependencies all met for dep_context=non-requeueable deps ti=<TaskInstance: motower_daily_prod.sensor_trafic scheduled__2024-01-27T06:00:00+00:00 [queued]>
[2024-08-06T18:17:15.301+0000] {taskinstance.py:2076} INFO - Dependencies all met for dep_context=requeueable deps ti=<TaskInstance: motower_daily_prod.sensor_trafic scheduled__2024-01-27T06:00:00+00:00 [queued]>
[2024-08-06T18:17:15.301+0000] {taskinstance.py:2306} INFO - Starting attempt 1 of 1
[2024-08-06T18:17:15.339+0000] {taskinstance.py:2330} INFO - Executing <Task(PythonSensor): sensor_trafic> on 2024-01-27 06:00:00+00:00
[2024-08-06T18:17:15.357+0000] {warnings.py:112} WARNING - /home/***/.local/lib/python3.12/site-packages/***/task/task_runner/standard_task_runner.py:62: DeprecationWarning: This process (pid=9699) is multi-threaded, use of fork() may lead to deadlocks in the child.
  pid = os.fork()

[2024-08-06T18:17:15.360+0000] {standard_task_runner.py:64} INFO - Started process 9717 to run task
[2024-08-06T18:17:15.365+0000] {standard_task_runner.py:90} INFO - Running: ['***', 'tasks', 'run', 'motower_daily_prod', 'sensor_trafic', 'scheduled__2024-01-27T06:00:00+00:00', '--job-id', '2620', '--raw', '--subdir', 'DAGS_FOLDER/gps/custom_dags/motower_daily.py', '--cfg-path', '/tmp/tmpytilufqo']
[2024-08-06T18:17:15.369+0000] {standard_task_runner.py:91} INFO - Job 2620: Subtask sensor_trafic
[2024-08-06T18:17:15.474+0000] {task_command.py:426} INFO - Running <TaskInstance: motower_daily_prod.sensor_trafic scheduled__2024-01-27T06:00:00+00:00 [running]> on host 13681191f11c
[2024-08-06T18:17:15.907+0000] {taskinstance.py:2648} INFO - Exporting env vars: AIRFLOW_CTX_DAG_EMAIL='richmond.kongo@orange.com,assane.diop@orange.com,cyrille1.danho@orange.com,mohamed2.sylla@orange.com,amadou.diomande@orange.com,Jonas.kouame@orange.com,armand.kablan@orange.com,anicet.azombade@orange.com,etienne.kouadio@orange.com,bertine.kouakou@orange.com,florentine.kouakou@orange.com,ange.phaceli@orange.com,soulegame.soro@orange.com,innocent.yengo@orange.com' AIRFLOW_CTX_DAG_OWNER='***' AIRFLOW_CTX_DAG_ID='motower_daily_prod' AIRFLOW_CTX_TASK_ID='sensor_trafic' AIRFLOW_CTX_EXECUTION_DATE='2024-01-27T06:00:00+00:00' AIRFLOW_CTX_TRY_NUMBER='1' AIRFLOW_CTX_DAG_RUN_ID='scheduled__2024-01-27T06:00:00+00:00'
[2024-08-06T18:17:15.909+0000] {taskinstance.py:430} INFO - ::endgroup::
[2024-08-06T18:17:15.946+0000] {python.py:75} INFO - Poking callable: <function check_data_in_table at 0x701c26f63a60>
[2024-08-06T18:17:15.952+0000] {extract.py:126} INFO - Getting data of the table ks_daily_tdb_radio_drsi 
[2024-08-06T18:17:15.953+0000] {extract.py:127} INFO - where date is 2024-01-26
[2024-08-06T18:17:15.954+0000] {extract.py:102} INFO - get data to date 2024-01-26
[2024-08-06T18:17:15.966+0000] {warnings.py:112} WARNING - /opt/***/dags/gps/common/extract.py:103: UserWarning: pandas only supports SQLAlchemy connectable (engine/connection) or database string URI or sqlite3 DBAPI2 connection. Other DBAPI2 objects are not tested. Please consider using SQLAlchemy.
  df_ = pd.read_sql_query(sql_query, conn, params=params)

[2024-08-06T18:17:16.395+0000] {base.py:294} INFO - Success criteria met. Exiting.
[2024-08-06T18:17:16.396+0000] {taskinstance.py:441} INFO - ::group::Post task execution logs
[2024-08-06T18:17:16.422+0000] {taskinstance.py:1206} INFO - Marking task as SUCCESS. dag_id=motower_daily_prod, task_id=sensor_trafic, run_id=scheduled__2024-01-27T06:00:00+00:00, execution_date=20240127T060000, start_date=20240806T181715, end_date=20240806T181716
[2024-08-06T18:17:16.490+0000] {local_task_job_runner.py:243} INFO - Task exited with return code 0
[2024-08-06T18:17:16.517+0000] {local_task_job_runner.py:222} INFO - ::endgroup::
