[2024-08-06T17:07:07.370+0000] {local_task_job_runner.py:120} INFO - ::group::Pre task execution logs
[2024-08-06T17:07:07.424+0000] {taskinstance.py:2076} INFO - Dependencies all met for dep_context=non-requeueable deps ti=<TaskInstance: motower_daily_prod.checkataa scheduled__2024-03-22T06:00:00+00:00 [queued]>
[2024-08-06T17:07:07.445+0000] {taskinstance.py:2076} INFO - Dependencies all met for dep_context=requeueable deps ti=<TaskInstance: motower_daily_prod.checkataa scheduled__2024-03-22T06:00:00+00:00 [queued]>
[2024-08-06T17:07:07.446+0000] {taskinstance.py:2306} INFO - Starting attempt 1 of 1
[2024-08-06T17:07:07.476+0000] {taskinstance.py:2330} INFO - Executing <Task(PythonSensor): checkataa> on 2024-03-22 06:00:00+00:00
[2024-08-06T17:07:07.504+0000] {warnings.py:112} WARNING - /home/***/.local/lib/python3.12/site-packages/***/task/task_runner/standard_task_runner.py:62: DeprecationWarning: This process (pid=3287) is multi-threaded, use of fork() may lead to deadlocks in the child.
  pid = os.fork()

[2024-08-06T17:07:07.507+0000] {standard_task_runner.py:64} INFO - Started process 3298 to run task
[2024-08-06T17:07:07.520+0000] {standard_task_runner.py:90} INFO - Running: ['***', 'tasks', 'run', 'motower_daily_prod', 'checkataa', 'scheduled__2024-03-22T06:00:00+00:00', '--job-id', '761', '--raw', '--subdir', 'DAGS_FOLDER/gps/custom_dags/motower_daily.py', '--cfg-path', '/tmp/tmp36pr4bgx']
[2024-08-06T17:07:07.524+0000] {standard_task_runner.py:91} INFO - Job 761: Subtask checkataa
[2024-08-06T17:07:07.670+0000] {task_command.py:426} INFO - Running <TaskInstance: motower_daily_prod.checkataa scheduled__2024-03-22T06:00:00+00:00 [running]> on host 13681191f11c
[2024-08-06T17:07:07.928+0000] {taskinstance.py:2648} INFO - Exporting env vars: AIRFLOW_CTX_DAG_EMAIL='richmond.kongo@orange.com,assane.diop@orange.com,cyrille1.danho@orange.com,mohamed2.sylla@orange.com,amadou.diomande@orange.com,Jonas.kouame@orange.com,armand.kablan@orange.com,anicet.azombade@orange.com,etienne.kouadio@orange.com,bertine.kouakou@orange.com,florentine.kouakou@orange.com,ange.phaceli@orange.com,soulegame.soro@orange.com,innocent.yengo@orange.com' AIRFLOW_CTX_DAG_OWNER='***' AIRFLOW_CTX_DAG_ID='motower_daily_prod' AIRFLOW_CTX_TASK_ID='checkataa' AIRFLOW_CTX_EXECUTION_DATE='2024-03-22T06:00:00+00:00' AIRFLOW_CTX_TRY_NUMBER='1' AIRFLOW_CTX_DAG_RUN_ID='scheduled__2024-03-22T06:00:00+00:00'
[2024-08-06T17:07:07.930+0000] {taskinstance.py:430} INFO - ::endgroup::
[2024-08-06T17:07:07.990+0000] {python.py:75} INFO - Poking callable: <function check_data_in_table at 0x701c26fa3b00>
[2024-08-06T17:07:07.999+0000] {extract.py:126} INFO - Getting data of the table dtm_motower_gsm 
[2024-08-06T17:07:08.000+0000] {extract.py:127} INFO - where date is 2024-03-21
[2024-08-06T17:07:08.000+0000] {extract.py:102} INFO - get data to date 20240321
[2024-08-06T17:07:08.011+0000] {warnings.py:112} WARNING - /opt/***/dags/gps/common/extract.py:103: UserWarning: pandas only supports SQLAlchemy connectable (engine/connection) or database string URI or sqlite3 DBAPI2 connection. Other DBAPI2 objects are not tested. Please consider using SQLAlchemy.
  df_ = pd.read_sql_query(sql_query, conn, params=params)

[2024-08-06T17:07:08.237+0000] {base.py:294} INFO - Success criteria met. Exiting.
[2024-08-06T17:07:08.237+0000] {taskinstance.py:441} INFO - ::group::Post task execution logs
[2024-08-06T17:07:08.275+0000] {taskinstance.py:1206} INFO - Marking task as SUCCESS. dag_id=motower_daily_prod, task_id=checkataa, run_id=scheduled__2024-03-22T06:00:00+00:00, execution_date=20240322T060000, start_date=20240806T170707, end_date=20240806T170708
[2024-08-06T17:07:08.343+0000] {local_task_job_runner.py:243} INFO - Task exited with return code 0
[2024-08-06T17:07:08.365+0000] {local_task_job_runner.py:222} INFO - ::endgroup::
[2024-08-06T17:37:06.381+0000] {local_task_job_runner.py:120} INFO - ::group::Pre task execution logs
[2024-08-06T17:37:06.468+0000] {taskinstance.py:2076} INFO - Dependencies all met for dep_context=non-requeueable deps ti=<TaskInstance: motower_daily_prod.checkataa scheduled__2024-03-22T06:00:00+00:00 [queued]>
[2024-08-06T17:37:06.499+0000] {taskinstance.py:2076} INFO - Dependencies all met for dep_context=requeueable deps ti=<TaskInstance: motower_daily_prod.checkataa scheduled__2024-03-22T06:00:00+00:00 [queued]>
[2024-08-06T17:37:06.500+0000] {taskinstance.py:2306} INFO - Starting attempt 1 of 1
[2024-08-06T17:37:06.539+0000] {taskinstance.py:2330} INFO - Executing <Task(PythonSensor): checkataa> on 2024-03-22 06:00:00+00:00
[2024-08-06T17:37:06.556+0000] {warnings.py:112} WARNING - /home/***/.local/lib/python3.12/site-packages/***/task/task_runner/standard_task_runner.py:62: DeprecationWarning: This process (pid=7357) is multi-threaded, use of fork() may lead to deadlocks in the child.
  pid = os.fork()

[2024-08-06T17:37:06.558+0000] {standard_task_runner.py:64} INFO - Started process 7374 to run task
[2024-08-06T17:37:06.565+0000] {standard_task_runner.py:90} INFO - Running: ['***', 'tasks', 'run', 'motower_daily_prod', 'checkataa', 'scheduled__2024-03-22T06:00:00+00:00', '--job-id', '2000', '--raw', '--subdir', 'DAGS_FOLDER/gps/custom_dags/motower_daily.py', '--cfg-path', '/tmp/tmpiz_vxs7z']
[2024-08-06T17:37:06.569+0000] {standard_task_runner.py:91} INFO - Job 2000: Subtask checkataa
[2024-08-06T17:37:06.689+0000] {task_command.py:426} INFO - Running <TaskInstance: motower_daily_prod.checkataa scheduled__2024-03-22T06:00:00+00:00 [running]> on host 13681191f11c
[2024-08-06T17:37:07.005+0000] {taskinstance.py:2648} INFO - Exporting env vars: AIRFLOW_CTX_DAG_EMAIL='richmond.kongo@orange.com,assane.diop@orange.com,cyrille1.danho@orange.com,mohamed2.sylla@orange.com,amadou.diomande@orange.com,Jonas.kouame@orange.com,armand.kablan@orange.com,anicet.azombade@orange.com,etienne.kouadio@orange.com,bertine.kouakou@orange.com,florentine.kouakou@orange.com,ange.phaceli@orange.com,soulegame.soro@orange.com,innocent.yengo@orange.com' AIRFLOW_CTX_DAG_OWNER='***' AIRFLOW_CTX_DAG_ID='motower_daily_prod' AIRFLOW_CTX_TASK_ID='checkataa' AIRFLOW_CTX_EXECUTION_DATE='2024-03-22T06:00:00+00:00' AIRFLOW_CTX_TRY_NUMBER='1' AIRFLOW_CTX_DAG_RUN_ID='scheduled__2024-03-22T06:00:00+00:00'
[2024-08-06T17:37:07.007+0000] {taskinstance.py:430} INFO - ::endgroup::
[2024-08-06T17:37:07.045+0000] {python.py:75} INFO - Poking callable: <function check_data_in_table at 0x701c26eb8b80>
[2024-08-06T17:37:07.052+0000] {extract.py:126} INFO - Getting data of the table dtm_motower_gsm 
[2024-08-06T17:37:07.053+0000] {extract.py:127} INFO - where date is 2024-03-21
[2024-08-06T17:37:07.054+0000] {extract.py:102} INFO - get data to date 20240321
[2024-08-06T17:37:07.064+0000] {warnings.py:112} WARNING - /opt/***/dags/gps/common/extract.py:103: UserWarning: pandas only supports SQLAlchemy connectable (engine/connection) or database string URI or sqlite3 DBAPI2 connection. Other DBAPI2 objects are not tested. Please consider using SQLAlchemy.
  df_ = pd.read_sql_query(sql_query, conn, params=params)

[2024-08-06T17:37:07.220+0000] {base.py:294} INFO - Success criteria met. Exiting.
[2024-08-06T17:37:07.220+0000] {taskinstance.py:441} INFO - ::group::Post task execution logs
[2024-08-06T17:37:07.257+0000] {taskinstance.py:1206} INFO - Marking task as SUCCESS. dag_id=motower_daily_prod, task_id=checkataa, run_id=scheduled__2024-03-22T06:00:00+00:00, execution_date=20240322T060000, start_date=20240806T173706, end_date=20240806T173707
[2024-08-06T17:37:07.305+0000] {local_task_job_runner.py:243} INFO - Task exited with return code 0
[2024-08-06T17:37:07.328+0000] {local_task_job_runner.py:222} INFO - ::endgroup::
[2024-08-06T18:25:33.465+0000] {local_task_job_runner.py:120} INFO - ::group::Pre task execution logs
[2024-08-06T18:25:33.510+0000] {taskinstance.py:2076} INFO - Dependencies all met for dep_context=non-requeueable deps ti=<TaskInstance: motower_daily_prod.checkataa scheduled__2024-03-22T06:00:00+00:00 [queued]>
[2024-08-06T18:25:33.527+0000] {taskinstance.py:2076} INFO - Dependencies all met for dep_context=requeueable deps ti=<TaskInstance: motower_daily_prod.checkataa scheduled__2024-03-22T06:00:00+00:00 [queued]>
[2024-08-06T18:25:33.527+0000] {taskinstance.py:2306} INFO - Starting attempt 1 of 1
[2024-08-06T18:25:33.548+0000] {taskinstance.py:2330} INFO - Executing <Task(PythonSensor): checkataa> on 2024-03-22 06:00:00+00:00
[2024-08-06T18:25:33.557+0000] {warnings.py:112} WARNING - /home/***/.local/lib/python3.12/site-packages/***/task/task_runner/standard_task_runner.py:62: DeprecationWarning: This process (pid=11333) is multi-threaded, use of fork() may lead to deadlocks in the child.
  pid = os.fork()

[2024-08-06T18:25:33.558+0000] {standard_task_runner.py:64} INFO - Started process 11337 to run task
[2024-08-06T18:25:33.559+0000] {standard_task_runner.py:90} INFO - Running: ['***', 'tasks', 'run', 'motower_daily_prod', 'checkataa', 'scheduled__2024-03-22T06:00:00+00:00', '--job-id', '3130', '--raw', '--subdir', 'DAGS_FOLDER/gps/custom_dags/motower_daily.py', '--cfg-path', '/tmp/tmpvexy2k48']
[2024-08-06T18:25:33.562+0000] {standard_task_runner.py:91} INFO - Job 3130: Subtask checkataa
[2024-08-06T18:25:33.623+0000] {task_command.py:426} INFO - Running <TaskInstance: motower_daily_prod.checkataa scheduled__2024-03-22T06:00:00+00:00 [running]> on host 13681191f11c
[2024-08-06T18:25:33.755+0000] {taskinstance.py:2648} INFO - Exporting env vars: AIRFLOW_CTX_DAG_EMAIL='richmond.kongo@orange.com,assane.diop@orange.com,cyrille1.danho@orange.com,mohamed2.sylla@orange.com,amadou.diomande@orange.com,Jonas.kouame@orange.com,armand.kablan@orange.com,anicet.azombade@orange.com,etienne.kouadio@orange.com,bertine.kouakou@orange.com,florentine.kouakou@orange.com,ange.phaceli@orange.com,soulegame.soro@orange.com,innocent.yengo@orange.com' AIRFLOW_CTX_DAG_OWNER='***' AIRFLOW_CTX_DAG_ID='motower_daily_prod' AIRFLOW_CTX_TASK_ID='checkataa' AIRFLOW_CTX_EXECUTION_DATE='2024-03-22T06:00:00+00:00' AIRFLOW_CTX_TRY_NUMBER='1' AIRFLOW_CTX_DAG_RUN_ID='scheduled__2024-03-22T06:00:00+00:00'
[2024-08-06T18:25:33.757+0000] {taskinstance.py:430} INFO - ::endgroup::
[2024-08-06T18:25:33.779+0000] {python.py:75} INFO - Poking callable: <function check_data_in_table at 0x701c428782c0>
[2024-08-06T18:25:33.783+0000] {extract.py:126} INFO - Getting data of the table dtm_motower_gsm 
[2024-08-06T18:25:33.783+0000] {extract.py:127} INFO - where date is 2024-03-21
[2024-08-06T18:25:33.784+0000] {extract.py:102} INFO - get data to date 20240321
[2024-08-06T18:25:33.791+0000] {warnings.py:112} WARNING - /opt/***/dags/gps/common/extract.py:103: UserWarning: pandas only supports SQLAlchemy connectable (engine/connection) or database string URI or sqlite3 DBAPI2 connection. Other DBAPI2 objects are not tested. Please consider using SQLAlchemy.
  df_ = pd.read_sql_query(sql_query, conn, params=params)

[2024-08-06T18:25:33.945+0000] {base.py:294} INFO - Success criteria met. Exiting.
[2024-08-06T18:25:33.946+0000] {taskinstance.py:441} INFO - ::group::Post task execution logs
[2024-08-06T18:25:33.961+0000] {taskinstance.py:1206} INFO - Marking task as SUCCESS. dag_id=motower_daily_prod, task_id=checkataa, run_id=scheduled__2024-03-22T06:00:00+00:00, execution_date=20240322T060000, start_date=20240806T182533, end_date=20240806T182533
[2024-08-06T18:25:34.012+0000] {local_task_job_runner.py:243} INFO - Task exited with return code 0
[2024-08-06T18:25:34.095+0000] {taskinstance.py:3503} INFO - 1 downstream tasks scheduled from follow-on schedule check
[2024-08-06T18:25:34.101+0000] {local_task_job_runner.py:222} INFO - ::endgroup::
