[2024-08-06T17:12:13.610+0000] {local_task_job_runner.py:120} INFO - ::group::Pre task execution logs
[2024-08-06T17:12:13.681+0000] {taskinstance.py:2076} INFO - Dependencies all met for dep_context=non-requeueable deps ti=<TaskInstance: motower_daily_prod.checkataa scheduled__2024-04-28T06:00:00+00:00 [queued]>
[2024-08-06T17:12:13.708+0000] {taskinstance.py:2076} INFO - Dependencies all met for dep_context=requeueable deps ti=<TaskInstance: motower_daily_prod.checkataa scheduled__2024-04-28T06:00:00+00:00 [queued]>
[2024-08-06T17:12:13.708+0000] {taskinstance.py:2306} INFO - Starting attempt 1 of 1
[2024-08-06T17:12:13.740+0000] {taskinstance.py:2330} INFO - Executing <Task(PythonSensor): checkataa> on 2024-04-28 06:00:00+00:00
[2024-08-06T17:12:13.755+0000] {warnings.py:112} WARNING - /home/***/.local/lib/python3.12/site-packages/***/task/task_runner/standard_task_runner.py:62: DeprecationWarning: This process (pid=4348) is multi-threaded, use of fork() may lead to deadlocks in the child.
  pid = os.fork()

[2024-08-06T17:12:13.757+0000] {standard_task_runner.py:64} INFO - Started process 4359 to run task
[2024-08-06T17:12:13.759+0000] {standard_task_runner.py:90} INFO - Running: ['***', 'tasks', 'run', 'motower_daily_prod', 'checkataa', 'scheduled__2024-04-28T06:00:00+00:00', '--job-id', '1099', '--raw', '--subdir', 'DAGS_FOLDER/gps/custom_dags/motower_daily.py', '--cfg-path', '/tmp/tmpxq4vfsnf']
[2024-08-06T17:12:13.766+0000] {standard_task_runner.py:91} INFO - Job 1099: Subtask checkataa
[2024-08-06T17:12:13.859+0000] {task_command.py:426} INFO - Running <TaskInstance: motower_daily_prod.checkataa scheduled__2024-04-28T06:00:00+00:00 [running]> on host 13681191f11c
[2024-08-06T17:12:14.175+0000] {taskinstance.py:2648} INFO - Exporting env vars: AIRFLOW_CTX_DAG_EMAIL='richmond.kongo@orange.com,assane.diop@orange.com,cyrille1.danho@orange.com,mohamed2.sylla@orange.com,amadou.diomande@orange.com,Jonas.kouame@orange.com,armand.kablan@orange.com,anicet.azombade@orange.com,etienne.kouadio@orange.com,bertine.kouakou@orange.com,florentine.kouakou@orange.com,ange.phaceli@orange.com,soulegame.soro@orange.com,innocent.yengo@orange.com' AIRFLOW_CTX_DAG_OWNER='***' AIRFLOW_CTX_DAG_ID='motower_daily_prod' AIRFLOW_CTX_TASK_ID='checkataa' AIRFLOW_CTX_EXECUTION_DATE='2024-04-28T06:00:00+00:00' AIRFLOW_CTX_TRY_NUMBER='1' AIRFLOW_CTX_DAG_RUN_ID='scheduled__2024-04-28T06:00:00+00:00'
[2024-08-06T17:12:14.176+0000] {taskinstance.py:430} INFO - ::endgroup::
[2024-08-06T17:12:14.224+0000] {python.py:75} INFO - Poking callable: <function check_data_in_table at 0x701c26fe9d00>
[2024-08-06T17:12:14.242+0000] {extract.py:126} INFO - Getting data of the table dtm_motower_gsm 
[2024-08-06T17:12:14.243+0000] {extract.py:127} INFO - where date is 2024-04-27
[2024-08-06T17:12:14.243+0000] {extract.py:102} INFO - get data to date 20240427
[2024-08-06T17:12:14.262+0000] {warnings.py:112} WARNING - /opt/***/dags/gps/common/extract.py:103: UserWarning: pandas only supports SQLAlchemy connectable (engine/connection) or database string URI or sqlite3 DBAPI2 connection. Other DBAPI2 objects are not tested. Please consider using SQLAlchemy.
  df_ = pd.read_sql_query(sql_query, conn, params=params)

[2024-08-06T17:12:14.480+0000] {base.py:294} INFO - Success criteria met. Exiting.
[2024-08-06T17:12:14.481+0000] {taskinstance.py:441} INFO - ::group::Post task execution logs
[2024-08-06T17:12:14.499+0000] {taskinstance.py:1206} INFO - Marking task as SUCCESS. dag_id=motower_daily_prod, task_id=checkataa, run_id=scheduled__2024-04-28T06:00:00+00:00, execution_date=20240428T060000, start_date=20240806T171213, end_date=20240806T171214
[2024-08-06T17:12:14.553+0000] {local_task_job_runner.py:243} INFO - Task exited with return code 0
[2024-08-06T17:12:14.637+0000] {taskinstance.py:3503} INFO - 0 downstream tasks scheduled from follow-on schedule check
[2024-08-06T17:12:14.644+0000] {local_task_job_runner.py:222} INFO - ::endgroup::
[2024-08-06T17:22:19.884+0000] {local_task_job_runner.py:120} INFO - ::group::Pre task execution logs
[2024-08-06T17:42:50.323+0000] {local_task_job_runner.py:120} INFO - ::group::Pre task execution logs
[2024-08-06T17:42:50.405+0000] {taskinstance.py:2076} INFO - Dependencies all met for dep_context=non-requeueable deps ti=<TaskInstance: motower_daily_prod.checkataa scheduled__2024-04-28T06:00:00+00:00 [queued]>
[2024-08-06T17:42:50.442+0000] {taskinstance.py:2076} INFO - Dependencies all met for dep_context=requeueable deps ti=<TaskInstance: motower_daily_prod.checkataa scheduled__2024-04-28T06:00:00+00:00 [queued]>
[2024-08-06T17:42:50.443+0000] {taskinstance.py:2306} INFO - Starting attempt 1 of 1
[2024-08-06T17:42:50.497+0000] {taskinstance.py:2330} INFO - Executing <Task(PythonSensor): checkataa> on 2024-04-28 06:00:00+00:00
[2024-08-06T17:42:50.520+0000] {warnings.py:112} WARNING - /home/***/.local/lib/python3.12/site-packages/***/task/task_runner/standard_task_runner.py:62: DeprecationWarning: This process (pid=8485) is multi-threaded, use of fork() may lead to deadlocks in the child.
  pid = os.fork()

[2024-08-06T17:42:50.523+0000] {standard_task_runner.py:64} INFO - Started process 8499 to run task
[2024-08-06T17:42:50.523+0000] {standard_task_runner.py:90} INFO - Running: ['***', 'tasks', 'run', 'motower_daily_prod', 'checkataa', 'scheduled__2024-04-28T06:00:00+00:00', '--job-id', '2358', '--raw', '--subdir', 'DAGS_FOLDER/gps/custom_dags/motower_daily.py', '--cfg-path', '/tmp/tmpp1enosq7']
[2024-08-06T17:42:50.527+0000] {standard_task_runner.py:91} INFO - Job 2358: Subtask checkataa
[2024-08-06T17:42:50.655+0000] {task_command.py:426} INFO - Running <TaskInstance: motower_daily_prod.checkataa scheduled__2024-04-28T06:00:00+00:00 [running]> on host 13681191f11c
[2024-08-06T17:42:50.895+0000] {taskinstance.py:2648} INFO - Exporting env vars: AIRFLOW_CTX_DAG_EMAIL='richmond.kongo@orange.com,assane.diop@orange.com,cyrille1.danho@orange.com,mohamed2.sylla@orange.com,amadou.diomande@orange.com,Jonas.kouame@orange.com,armand.kablan@orange.com,anicet.azombade@orange.com,etienne.kouadio@orange.com,bertine.kouakou@orange.com,florentine.kouakou@orange.com,ange.phaceli@orange.com,soulegame.soro@orange.com,innocent.yengo@orange.com' AIRFLOW_CTX_DAG_OWNER='***' AIRFLOW_CTX_DAG_ID='motower_daily_prod' AIRFLOW_CTX_TASK_ID='checkataa' AIRFLOW_CTX_EXECUTION_DATE='2024-04-28T06:00:00+00:00' AIRFLOW_CTX_TRY_NUMBER='1' AIRFLOW_CTX_DAG_RUN_ID='scheduled__2024-04-28T06:00:00+00:00'
[2024-08-06T17:42:50.897+0000] {taskinstance.py:430} INFO - ::endgroup::
[2024-08-06T17:42:50.933+0000] {python.py:75} INFO - Poking callable: <function check_data_in_table at 0x701c4282f060>
[2024-08-06T17:42:50.946+0000] {extract.py:126} INFO - Getting data of the table dtm_motower_gsm 
[2024-08-06T17:42:50.947+0000] {extract.py:127} INFO - where date is 2024-04-27
[2024-08-06T17:42:50.948+0000] {extract.py:102} INFO - get data to date 20240427
[2024-08-06T17:42:50.959+0000] {warnings.py:112} WARNING - /opt/***/dags/gps/common/extract.py:103: UserWarning: pandas only supports SQLAlchemy connectable (engine/connection) or database string URI or sqlite3 DBAPI2 connection. Other DBAPI2 objects are not tested. Please consider using SQLAlchemy.
  df_ = pd.read_sql_query(sql_query, conn, params=params)

[2024-08-06T17:42:51.232+0000] {base.py:294} INFO - Success criteria met. Exiting.
[2024-08-06T17:42:51.232+0000] {taskinstance.py:441} INFO - ::group::Post task execution logs
[2024-08-06T17:42:51.251+0000] {taskinstance.py:1206} INFO - Marking task as SUCCESS. dag_id=motower_daily_prod, task_id=checkataa, run_id=scheduled__2024-04-28T06:00:00+00:00, execution_date=20240428T060000, start_date=20240806T174250, end_date=20240806T174251
[2024-08-06T17:42:51.300+0000] {local_task_job_runner.py:243} INFO - Task exited with return code 0
[2024-08-06T17:42:51.393+0000] {taskinstance.py:3503} INFO - 0 downstream tasks scheduled from follow-on schedule check
[2024-08-06T17:42:51.405+0000] {local_task_job_runner.py:222} INFO - ::endgroup::
