[2024-08-06T17:10:02.313+0000] {local_task_job_runner.py:120} INFO - ::group::Pre task execution logs
[2024-08-06T17:10:02.389+0000] {taskinstance.py:2076} INFO - Dependencies all met for dep_context=non-requeueable deps ti=<TaskInstance: motower_daily_prod.checkataa scheduled__2024-04-12T06:00:00+00:00 [queued]>
[2024-08-06T17:10:02.413+0000] {taskinstance.py:2076} INFO - Dependencies all met for dep_context=requeueable deps ti=<TaskInstance: motower_daily_prod.checkataa scheduled__2024-04-12T06:00:00+00:00 [queued]>
[2024-08-06T17:10:02.413+0000] {taskinstance.py:2306} INFO - Starting attempt 1 of 1
[2024-08-06T17:10:02.454+0000] {taskinstance.py:2330} INFO - Executing <Task(PythonSensor): checkataa> on 2024-04-12 06:00:00+00:00
[2024-08-06T17:10:02.475+0000] {warnings.py:112} WARNING - /home/***/.local/lib/python3.12/site-packages/***/task/task_runner/standard_task_runner.py:62: DeprecationWarning: This process (pid=3891) is multi-threaded, use of fork() may lead to deadlocks in the child.
  pid = os.fork()

[2024-08-06T17:10:02.477+0000] {standard_task_runner.py:64} INFO - Started process 3902 to run task
[2024-08-06T17:10:02.495+0000] {standard_task_runner.py:90} INFO - Running: ['***', 'tasks', 'run', 'motower_daily_prod', 'checkataa', 'scheduled__2024-04-12T06:00:00+00:00', '--job-id', '950', '--raw', '--subdir', 'DAGS_FOLDER/gps/custom_dags/motower_daily.py', '--cfg-path', '/tmp/tmpv8ofuf0t']
[2024-08-06T17:10:02.499+0000] {standard_task_runner.py:91} INFO - Job 950: Subtask checkataa
[2024-08-06T17:10:02.642+0000] {task_command.py:426} INFO - Running <TaskInstance: motower_daily_prod.checkataa scheduled__2024-04-12T06:00:00+00:00 [running]> on host 13681191f11c
[2024-08-06T17:10:02.946+0000] {taskinstance.py:2648} INFO - Exporting env vars: AIRFLOW_CTX_DAG_EMAIL='richmond.kongo@orange.com,assane.diop@orange.com,cyrille1.danho@orange.com,mohamed2.sylla@orange.com,amadou.diomande@orange.com,Jonas.kouame@orange.com,armand.kablan@orange.com,anicet.azombade@orange.com,etienne.kouadio@orange.com,bertine.kouakou@orange.com,florentine.kouakou@orange.com,ange.phaceli@orange.com,soulegame.soro@orange.com,innocent.yengo@orange.com' AIRFLOW_CTX_DAG_OWNER='***' AIRFLOW_CTX_DAG_ID='motower_daily_prod' AIRFLOW_CTX_TASK_ID='checkataa' AIRFLOW_CTX_EXECUTION_DATE='2024-04-12T06:00:00+00:00' AIRFLOW_CTX_TRY_NUMBER='1' AIRFLOW_CTX_DAG_RUN_ID='scheduled__2024-04-12T06:00:00+00:00'
[2024-08-06T17:10:02.954+0000] {taskinstance.py:430} INFO - ::endgroup::
[2024-08-06T17:10:02.998+0000] {python.py:75} INFO - Poking callable: <function check_data_in_table at 0x701c30b6c2c0>
[2024-08-06T17:10:03.008+0000] {extract.py:126} INFO - Getting data of the table dtm_motower_gsm 
[2024-08-06T17:10:03.009+0000] {extract.py:127} INFO - where date is 2024-04-11
[2024-08-06T17:10:03.010+0000] {extract.py:102} INFO - get data to date 20240411
[2024-08-06T17:10:03.020+0000] {warnings.py:112} WARNING - /opt/***/dags/gps/common/extract.py:103: UserWarning: pandas only supports SQLAlchemy connectable (engine/connection) or database string URI or sqlite3 DBAPI2 connection. Other DBAPI2 objects are not tested. Please consider using SQLAlchemy.
  df_ = pd.read_sql_query(sql_query, conn, params=params)

[2024-08-06T17:10:03.148+0000] {base.py:294} INFO - Success criteria met. Exiting.
[2024-08-06T17:10:03.149+0000] {taskinstance.py:441} INFO - ::group::Post task execution logs
[2024-08-06T17:10:03.169+0000] {taskinstance.py:1206} INFO - Marking task as SUCCESS. dag_id=motower_daily_prod, task_id=checkataa, run_id=scheduled__2024-04-12T06:00:00+00:00, execution_date=20240412T060000, start_date=20240806T171002, end_date=20240806T171003
[2024-08-06T17:10:03.238+0000] {local_task_job_runner.py:243} INFO - Task exited with return code 0
[2024-08-06T17:10:03.379+0000] {taskinstance.py:3503} INFO - 0 downstream tasks scheduled from follow-on schedule check
[2024-08-06T17:10:03.392+0000] {local_task_job_runner.py:222} INFO - ::endgroup::
[2024-08-06T17:40:39.965+0000] {local_task_job_runner.py:120} INFO - ::group::Pre task execution logs
[2024-08-06T17:40:40.031+0000] {taskinstance.py:2076} INFO - Dependencies all met for dep_context=non-requeueable deps ti=<TaskInstance: motower_daily_prod.checkataa scheduled__2024-04-12T06:00:00+00:00 [queued]>
[2024-08-06T17:40:40.053+0000] {taskinstance.py:2076} INFO - Dependencies all met for dep_context=requeueable deps ti=<TaskInstance: motower_daily_prod.checkataa scheduled__2024-04-12T06:00:00+00:00 [queued]>
[2024-08-06T17:40:40.054+0000] {taskinstance.py:2306} INFO - Starting attempt 1 of 1
[2024-08-06T17:40:40.079+0000] {taskinstance.py:2330} INFO - Executing <Task(PythonSensor): checkataa> on 2024-04-12 06:00:00+00:00
[2024-08-06T17:40:40.092+0000] {warnings.py:112} WARNING - /home/***/.local/lib/python3.12/site-packages/***/task/task_runner/standard_task_runner.py:62: DeprecationWarning: This process (pid=8055) is multi-threaded, use of fork() may lead to deadlocks in the child.
  pid = os.fork()

[2024-08-06T17:40:40.094+0000] {standard_task_runner.py:64} INFO - Started process 8061 to run task
[2024-08-06T17:40:40.100+0000] {standard_task_runner.py:90} INFO - Running: ['***', 'tasks', 'run', 'motower_daily_prod', 'checkataa', 'scheduled__2024-04-12T06:00:00+00:00', '--job-id', '2220', '--raw', '--subdir', 'DAGS_FOLDER/gps/custom_dags/motower_daily.py', '--cfg-path', '/tmp/tmpmwxyfafi']
[2024-08-06T17:40:40.103+0000] {standard_task_runner.py:91} INFO - Job 2220: Subtask checkataa
[2024-08-06T17:40:40.200+0000] {task_command.py:426} INFO - Running <TaskInstance: motower_daily_prod.checkataa scheduled__2024-04-12T06:00:00+00:00 [running]> on host 13681191f11c
[2024-08-06T17:40:40.434+0000] {taskinstance.py:2648} INFO - Exporting env vars: AIRFLOW_CTX_DAG_EMAIL='richmond.kongo@orange.com,assane.diop@orange.com,cyrille1.danho@orange.com,mohamed2.sylla@orange.com,amadou.diomande@orange.com,Jonas.kouame@orange.com,armand.kablan@orange.com,anicet.azombade@orange.com,etienne.kouadio@orange.com,bertine.kouakou@orange.com,florentine.kouakou@orange.com,ange.phaceli@orange.com,soulegame.soro@orange.com,innocent.yengo@orange.com' AIRFLOW_CTX_DAG_OWNER='***' AIRFLOW_CTX_DAG_ID='motower_daily_prod' AIRFLOW_CTX_TASK_ID='checkataa' AIRFLOW_CTX_EXECUTION_DATE='2024-04-12T06:00:00+00:00' AIRFLOW_CTX_TRY_NUMBER='1' AIRFLOW_CTX_DAG_RUN_ID='scheduled__2024-04-12T06:00:00+00:00'
[2024-08-06T17:40:40.436+0000] {taskinstance.py:430} INFO - ::endgroup::
[2024-08-06T17:40:40.504+0000] {python.py:75} INFO - Poking callable: <function check_data_in_table at 0x701c26f037e0>
[2024-08-06T17:40:40.514+0000] {extract.py:126} INFO - Getting data of the table dtm_motower_gsm 
[2024-08-06T17:40:40.515+0000] {extract.py:127} INFO - where date is 2024-04-11
[2024-08-06T17:40:40.516+0000] {extract.py:102} INFO - get data to date 20240411
[2024-08-06T17:40:40.530+0000] {warnings.py:112} WARNING - /opt/***/dags/gps/common/extract.py:103: UserWarning: pandas only supports SQLAlchemy connectable (engine/connection) or database string URI or sqlite3 DBAPI2 connection. Other DBAPI2 objects are not tested. Please consider using SQLAlchemy.
  df_ = pd.read_sql_query(sql_query, conn, params=params)

[2024-08-06T17:40:40.839+0000] {base.py:294} INFO - Success criteria met. Exiting.
[2024-08-06T17:40:40.839+0000] {taskinstance.py:441} INFO - ::group::Post task execution logs
[2024-08-06T17:40:40.873+0000] {taskinstance.py:1206} INFO - Marking task as SUCCESS. dag_id=motower_daily_prod, task_id=checkataa, run_id=scheduled__2024-04-12T06:00:00+00:00, execution_date=20240412T060000, start_date=20240806T174040, end_date=20240806T174040
[2024-08-06T17:40:40.932+0000] {local_task_job_runner.py:243} INFO - Task exited with return code 0
[2024-08-06T17:40:41.030+0000] {taskinstance.py:3503} INFO - 1 downstream tasks scheduled from follow-on schedule check
[2024-08-06T17:40:41.039+0000] {local_task_job_runner.py:222} INFO - ::endgroup::
