[2024-08-06T17:10:37.005+0000] {local_task_job_runner.py:120} INFO - ::group::Pre task execution logs
[2024-08-06T17:10:37.315+0000] {taskinstance.py:2076} INFO - Dependencies all met for dep_context=non-requeueable deps ti=<TaskInstance: motower_daily_prod.extract_trafic scheduled__2024-04-17T06:00:00+00:00 [queued]>
[2024-08-06T17:10:37.338+0000] {taskinstance.py:2076} INFO - Dependencies all met for dep_context=requeueable deps ti=<TaskInstance: motower_daily_prod.extract_trafic scheduled__2024-04-17T06:00:00+00:00 [queued]>
[2024-08-06T17:10:37.340+0000] {taskinstance.py:2306} INFO - Starting attempt 1 of 1
[2024-08-06T17:10:37.367+0000] {taskinstance.py:2330} INFO - Executing <Task(PythonOperator): extract_trafic> on 2024-04-17 06:00:00+00:00
[2024-08-06T17:10:37.382+0000] {warnings.py:112} WARNING - /home/***/.local/lib/python3.12/site-packages/***/task/task_runner/standard_task_runner.py:62: DeprecationWarning: This process (pid=4051) is multi-threaded, use of fork() may lead to deadlocks in the child.
  pid = os.fork()

[2024-08-06T17:10:37.384+0000] {standard_task_runner.py:64} INFO - Started process 4061 to run task
[2024-08-06T17:10:37.394+0000] {standard_task_runner.py:90} INFO - Running: ['***', 'tasks', 'run', 'motower_daily_prod', 'extract_trafic', 'scheduled__2024-04-17T06:00:00+00:00', '--job-id', '1002', '--raw', '--subdir', 'DAGS_FOLDER/gps/custom_dags/motower_daily.py', '--cfg-path', '/tmp/tmpvv5hyd2s']
[2024-08-06T17:10:37.398+0000] {standard_task_runner.py:91} INFO - Job 1002: Subtask extract_trafic
[2024-08-06T17:10:37.482+0000] {task_command.py:426} INFO - Running <TaskInstance: motower_daily_prod.extract_trafic scheduled__2024-04-17T06:00:00+00:00 [running]> on host 13681191f11c
[2024-08-06T17:10:37.654+0000] {taskinstance.py:2648} INFO - Exporting env vars: AIRFLOW_CTX_DAG_EMAIL='richmond.kongo@orange.com,assane.diop@orange.com,cyrille1.danho@orange.com,mohamed2.sylla@orange.com,amadou.diomande@orange.com,Jonas.kouame@orange.com,armand.kablan@orange.com,anicet.azombade@orange.com,etienne.kouadio@orange.com,bertine.kouakou@orange.com,florentine.kouakou@orange.com,ange.phaceli@orange.com,soulegame.soro@orange.com,innocent.yengo@orange.com' AIRFLOW_CTX_DAG_OWNER='***' AIRFLOW_CTX_DAG_ID='motower_daily_prod' AIRFLOW_CTX_TASK_ID='extract_trafic' AIRFLOW_CTX_EXECUTION_DATE='2024-04-17T06:00:00+00:00' AIRFLOW_CTX_TRY_NUMBER='1' AIRFLOW_CTX_DAG_RUN_ID='scheduled__2024-04-17T06:00:00+00:00'
[2024-08-06T17:10:37.655+0000] {taskinstance.py:430} INFO - ::endgroup::
[2024-08-06T17:10:37.684+0000] {extract.py:126} INFO - Getting data of the table ks_daily_tdb_radio_drsi 
[2024-08-06T17:10:37.684+0000] {extract.py:127} INFO - where date is 2024-04-16
[2024-08-06T17:10:37.685+0000] {extract.py:102} INFO - get data to date 2024-04-16
[2024-08-06T17:10:37.692+0000] {warnings.py:112} WARNING - /opt/***/dags/gps/common/extract.py:103: UserWarning: pandas only supports SQLAlchemy connectable (engine/connection) or database string URI or sqlite3 DBAPI2 connection. Other DBAPI2 objects are not tested. Please consider using SQLAlchemy.
  df_ = pd.read_sql_query(sql_query, conn, params=params)

[2024-08-06T17:10:37.960+0000] {rwminio.py:19} INFO - start to save data
[2024-08-06T17:10:38.216+0000] {rwminio.py:34} INFO - data in minio ok
[2024-08-06T17:10:38.223+0000] {python.py:237} INFO - Done. Returned value was: None
[2024-08-06T17:10:38.224+0000] {taskinstance.py:441} INFO - ::group::Post task execution logs
[2024-08-06T17:10:38.250+0000] {taskinstance.py:1206} INFO - Marking task as SUCCESS. dag_id=motower_daily_prod, task_id=extract_trafic, run_id=scheduled__2024-04-17T06:00:00+00:00, execution_date=20240417T060000, start_date=20240806T171037, end_date=20240806T171038
[2024-08-06T17:10:38.329+0000] {local_task_job_runner.py:243} INFO - Task exited with return code 0
[2024-08-06T17:10:38.351+0000] {local_task_job_runner.py:222} INFO - ::endgroup::
[2024-08-06T17:41:19.147+0000] {local_task_job_runner.py:120} INFO - ::group::Pre task execution logs
[2024-08-06T17:41:19.430+0000] {taskinstance.py:2076} INFO - Dependencies all met for dep_context=non-requeueable deps ti=<TaskInstance: motower_daily_prod.extract_trafic scheduled__2024-04-17T06:00:00+00:00 [queued]>
[2024-08-06T17:41:19.499+0000] {taskinstance.py:2076} INFO - Dependencies all met for dep_context=requeueable deps ti=<TaskInstance: motower_daily_prod.extract_trafic scheduled__2024-04-17T06:00:00+00:00 [queued]>
[2024-08-06T17:41:19.500+0000] {taskinstance.py:2306} INFO - Starting attempt 1 of 1
[2024-08-06T17:41:20.173+0000] {taskinstance.py:2330} INFO - Executing <Task(PythonOperator): extract_trafic> on 2024-04-17 06:00:00+00:00
[2024-08-06T17:41:20.192+0000] {warnings.py:112} WARNING - /home/***/.local/lib/python3.12/site-packages/***/task/task_runner/standard_task_runner.py:62: DeprecationWarning: This process (pid=8199) is multi-threaded, use of fork() may lead to deadlocks in the child.
  pid = os.fork()

[2024-08-06T17:41:20.195+0000] {standard_task_runner.py:64} INFO - Started process 8215 to run task
[2024-08-06T17:41:20.199+0000] {standard_task_runner.py:90} INFO - Running: ['***', 'tasks', 'run', 'motower_daily_prod', 'extract_trafic', 'scheduled__2024-04-17T06:00:00+00:00', '--job-id', '2267', '--raw', '--subdir', 'DAGS_FOLDER/gps/custom_dags/motower_daily.py', '--cfg-path', '/tmp/tmp9y94wea9']
[2024-08-06T17:41:20.206+0000] {standard_task_runner.py:91} INFO - Job 2267: Subtask extract_trafic
[2024-08-06T17:41:20.349+0000] {task_command.py:426} INFO - Running <TaskInstance: motower_daily_prod.extract_trafic scheduled__2024-04-17T06:00:00+00:00 [running]> on host 13681191f11c
[2024-08-06T17:41:20.581+0000] {taskinstance.py:2648} INFO - Exporting env vars: AIRFLOW_CTX_DAG_EMAIL='richmond.kongo@orange.com,assane.diop@orange.com,cyrille1.danho@orange.com,mohamed2.sylla@orange.com,amadou.diomande@orange.com,Jonas.kouame@orange.com,armand.kablan@orange.com,anicet.azombade@orange.com,etienne.kouadio@orange.com,bertine.kouakou@orange.com,florentine.kouakou@orange.com,ange.phaceli@orange.com,soulegame.soro@orange.com,innocent.yengo@orange.com' AIRFLOW_CTX_DAG_OWNER='***' AIRFLOW_CTX_DAG_ID='motower_daily_prod' AIRFLOW_CTX_TASK_ID='extract_trafic' AIRFLOW_CTX_EXECUTION_DATE='2024-04-17T06:00:00+00:00' AIRFLOW_CTX_TRY_NUMBER='1' AIRFLOW_CTX_DAG_RUN_ID='scheduled__2024-04-17T06:00:00+00:00'
[2024-08-06T17:41:20.583+0000] {taskinstance.py:430} INFO - ::endgroup::
[2024-08-06T17:41:20.623+0000] {extract.py:126} INFO - Getting data of the table ks_daily_tdb_radio_drsi 
[2024-08-06T17:41:20.624+0000] {extract.py:127} INFO - where date is 2024-04-16
[2024-08-06T17:41:20.624+0000] {extract.py:102} INFO - get data to date 2024-04-16
[2024-08-06T17:41:20.634+0000] {warnings.py:112} WARNING - /opt/***/dags/gps/common/extract.py:103: UserWarning: pandas only supports SQLAlchemy connectable (engine/connection) or database string URI or sqlite3 DBAPI2 connection. Other DBAPI2 objects are not tested. Please consider using SQLAlchemy.
  df_ = pd.read_sql_query(sql_query, conn, params=params)

[2024-08-06T17:41:20.977+0000] {rwminio.py:19} INFO - start to save data
[2024-08-06T17:41:21.236+0000] {rwminio.py:34} INFO - data in minio ok
[2024-08-06T17:41:21.244+0000] {python.py:237} INFO - Done. Returned value was: None
[2024-08-06T17:41:21.247+0000] {taskinstance.py:441} INFO - ::group::Post task execution logs
[2024-08-06T17:41:21.269+0000] {taskinstance.py:1206} INFO - Marking task as SUCCESS. dag_id=motower_daily_prod, task_id=extract_trafic, run_id=scheduled__2024-04-17T06:00:00+00:00, execution_date=20240417T060000, start_date=20240806T174119, end_date=20240806T174121
[2024-08-06T17:41:21.353+0000] {local_task_job_runner.py:243} INFO - Task exited with return code 0
[2024-08-06T17:41:21.378+0000] {local_task_job_runner.py:222} INFO - ::endgroup::
