[2024-08-06T17:06:06.003+0000] {local_task_job_runner.py:120} INFO - ::group::Pre task execution logs
[2024-08-06T17:06:06.089+0000] {taskinstance.py:2076} INFO - Dependencies all met for dep_context=non-requeueable deps ti=<TaskInstance: motower_daily_prod.sensor_trafic scheduled__2024-03-15T06:00:00+00:00 [queued]>
[2024-08-06T17:06:06.112+0000] {taskinstance.py:2076} INFO - Dependencies all met for dep_context=requeueable deps ti=<TaskInstance: motower_daily_prod.sensor_trafic scheduled__2024-03-15T06:00:00+00:00 [queued]>
[2024-08-06T17:06:06.112+0000] {taskinstance.py:2306} INFO - Starting attempt 1 of 1
[2024-08-06T17:06:06.200+0000] {taskinstance.py:2330} INFO - Executing <Task(PythonSensor): sensor_trafic> on 2024-03-15 06:00:00+00:00
[2024-08-06T17:06:06.222+0000] {warnings.py:112} WARNING - /home/***/.local/lib/python3.12/site-packages/***/task/task_runner/standard_task_runner.py:62: DeprecationWarning: This process (pid=3098) is multi-threaded, use of fork() may lead to deadlocks in the child.
  pid = os.fork()

[2024-08-06T17:06:06.230+0000] {standard_task_runner.py:64} INFO - Started process 3109 to run task
[2024-08-06T17:06:06.233+0000] {standard_task_runner.py:90} INFO - Running: ['***', 'tasks', 'run', 'motower_daily_prod', 'sensor_trafic', 'scheduled__2024-03-15T06:00:00+00:00', '--job-id', '700', '--raw', '--subdir', 'DAGS_FOLDER/gps/custom_dags/motower_daily.py', '--cfg-path', '/tmp/tmpwank4r2a']
[2024-08-06T17:06:06.237+0000] {standard_task_runner.py:91} INFO - Job 700: Subtask sensor_trafic
[2024-08-06T17:06:06.346+0000] {task_command.py:426} INFO - Running <TaskInstance: motower_daily_prod.sensor_trafic scheduled__2024-03-15T06:00:00+00:00 [running]> on host 13681191f11c
[2024-08-06T17:06:06.637+0000] {taskinstance.py:2648} INFO - Exporting env vars: AIRFLOW_CTX_DAG_EMAIL='richmond.kongo@orange.com,assane.diop@orange.com,cyrille1.danho@orange.com,mohamed2.sylla@orange.com,amadou.diomande@orange.com,Jonas.kouame@orange.com,armand.kablan@orange.com,anicet.azombade@orange.com,etienne.kouadio@orange.com,bertine.kouakou@orange.com,florentine.kouakou@orange.com,ange.phaceli@orange.com,soulegame.soro@orange.com,innocent.yengo@orange.com' AIRFLOW_CTX_DAG_OWNER='***' AIRFLOW_CTX_DAG_ID='motower_daily_prod' AIRFLOW_CTX_TASK_ID='sensor_trafic' AIRFLOW_CTX_EXECUTION_DATE='2024-03-15T06:00:00+00:00' AIRFLOW_CTX_TRY_NUMBER='1' AIRFLOW_CTX_DAG_RUN_ID='scheduled__2024-03-15T06:00:00+00:00'
[2024-08-06T17:06:06.639+0000] {taskinstance.py:430} INFO - ::endgroup::
[2024-08-06T17:06:06.670+0000] {python.py:75} INFO - Poking callable: <function check_data_in_table at 0x701c271439c0>
[2024-08-06T17:06:06.696+0000] {extract.py:126} INFO - Getting data of the table ks_daily_tdb_radio_drsi 
[2024-08-06T17:06:06.696+0000] {extract.py:127} INFO - where date is 2024-03-14
[2024-08-06T17:06:06.697+0000] {extract.py:102} INFO - get data to date 2024-03-14
[2024-08-06T17:06:06.717+0000] {warnings.py:112} WARNING - /opt/***/dags/gps/common/extract.py:103: UserWarning: pandas only supports SQLAlchemy connectable (engine/connection) or database string URI or sqlite3 DBAPI2 connection. Other DBAPI2 objects are not tested. Please consider using SQLAlchemy.
  df_ = pd.read_sql_query(sql_query, conn, params=params)

[2024-08-06T17:06:07.286+0000] {base.py:294} INFO - Success criteria met. Exiting.
[2024-08-06T17:06:07.287+0000] {taskinstance.py:441} INFO - ::group::Post task execution logs
[2024-08-06T17:06:07.307+0000] {taskinstance.py:1206} INFO - Marking task as SUCCESS. dag_id=motower_daily_prod, task_id=sensor_trafic, run_id=scheduled__2024-03-15T06:00:00+00:00, execution_date=20240315T060000, start_date=20240806T170606, end_date=20240806T170607
[2024-08-06T17:06:07.349+0000] {local_task_job_runner.py:243} INFO - Task exited with return code 0
[2024-08-06T17:06:07.367+0000] {local_task_job_runner.py:222} INFO - ::endgroup::
[2024-08-06T17:36:31.129+0000] {local_task_job_runner.py:120} INFO - ::group::Pre task execution logs
[2024-08-06T17:36:31.252+0000] {taskinstance.py:2076} INFO - Dependencies all met for dep_context=non-requeueable deps ti=<TaskInstance: motower_daily_prod.sensor_trafic scheduled__2024-03-15T06:00:00+00:00 [queued]>
[2024-08-06T17:36:31.282+0000] {taskinstance.py:2076} INFO - Dependencies all met for dep_context=requeueable deps ti=<TaskInstance: motower_daily_prod.sensor_trafic scheduled__2024-03-15T06:00:00+00:00 [queued]>
[2024-08-06T17:36:31.283+0000] {taskinstance.py:2306} INFO - Starting attempt 1 of 1
[2024-08-06T17:36:31.341+0000] {taskinstance.py:2330} INFO - Executing <Task(PythonSensor): sensor_trafic> on 2024-03-15 06:00:00+00:00
[2024-08-06T17:36:31.355+0000] {warnings.py:112} WARNING - /home/***/.local/lib/python3.12/site-packages/***/task/task_runner/standard_task_runner.py:62: DeprecationWarning: This process (pid=7224) is multi-threaded, use of fork() may lead to deadlocks in the child.
  pid = os.fork()

[2024-08-06T17:36:31.358+0000] {standard_task_runner.py:64} INFO - Started process 7238 to run task
[2024-08-06T17:36:31.365+0000] {standard_task_runner.py:90} INFO - Running: ['***', 'tasks', 'run', 'motower_daily_prod', 'sensor_trafic', 'scheduled__2024-03-15T06:00:00+00:00', '--job-id', '1960', '--raw', '--subdir', 'DAGS_FOLDER/gps/custom_dags/motower_daily.py', '--cfg-path', '/tmp/tmpn250154_']
[2024-08-06T17:36:31.369+0000] {standard_task_runner.py:91} INFO - Job 1960: Subtask sensor_trafic
[2024-08-06T17:36:31.663+0000] {task_command.py:426} INFO - Running <TaskInstance: motower_daily_prod.sensor_trafic scheduled__2024-03-15T06:00:00+00:00 [running]> on host 13681191f11c
[2024-08-06T17:36:32.148+0000] {taskinstance.py:2648} INFO - Exporting env vars: AIRFLOW_CTX_DAG_EMAIL='richmond.kongo@orange.com,assane.diop@orange.com,cyrille1.danho@orange.com,mohamed2.sylla@orange.com,amadou.diomande@orange.com,Jonas.kouame@orange.com,armand.kablan@orange.com,anicet.azombade@orange.com,etienne.kouadio@orange.com,bertine.kouakou@orange.com,florentine.kouakou@orange.com,ange.phaceli@orange.com,soulegame.soro@orange.com,innocent.yengo@orange.com' AIRFLOW_CTX_DAG_OWNER='***' AIRFLOW_CTX_DAG_ID='motower_daily_prod' AIRFLOW_CTX_TASK_ID='sensor_trafic' AIRFLOW_CTX_EXECUTION_DATE='2024-03-15T06:00:00+00:00' AIRFLOW_CTX_TRY_NUMBER='1' AIRFLOW_CTX_DAG_RUN_ID='scheduled__2024-03-15T06:00:00+00:00'
[2024-08-06T17:36:32.150+0000] {taskinstance.py:430} INFO - ::endgroup::
[2024-08-06T17:36:32.212+0000] {python.py:75} INFO - Poking callable: <function check_data_in_table at 0x701c270ef9c0>
[2024-08-06T17:36:32.250+0000] {extract.py:126} INFO - Getting data of the table ks_daily_tdb_radio_drsi 
[2024-08-06T17:36:32.250+0000] {extract.py:127} INFO - where date is 2024-03-14
[2024-08-06T17:36:32.251+0000] {extract.py:102} INFO - get data to date 2024-03-14
[2024-08-06T17:36:32.264+0000] {warnings.py:112} WARNING - /opt/***/dags/gps/common/extract.py:103: UserWarning: pandas only supports SQLAlchemy connectable (engine/connection) or database string URI or sqlite3 DBAPI2 connection. Other DBAPI2 objects are not tested. Please consider using SQLAlchemy.
  df_ = pd.read_sql_query(sql_query, conn, params=params)

[2024-08-06T17:36:32.803+0000] {base.py:294} INFO - Success criteria met. Exiting.
[2024-08-06T17:36:32.804+0000] {taskinstance.py:441} INFO - ::group::Post task execution logs
[2024-08-06T17:36:32.824+0000] {taskinstance.py:1206} INFO - Marking task as SUCCESS. dag_id=motower_daily_prod, task_id=sensor_trafic, run_id=scheduled__2024-03-15T06:00:00+00:00, execution_date=20240315T060000, start_date=20240806T173631, end_date=20240806T173632
[2024-08-06T17:36:32.891+0000] {local_task_job_runner.py:243} INFO - Task exited with return code 0
[2024-08-06T17:36:32.921+0000] {local_task_job_runner.py:222} INFO - ::endgroup::
[2024-08-06T18:24:05.861+0000] {local_task_job_runner.py:120} INFO - ::group::Pre task execution logs
[2024-08-06T18:24:05.961+0000] {taskinstance.py:2076} INFO - Dependencies all met for dep_context=non-requeueable deps ti=<TaskInstance: motower_daily_prod.sensor_trafic scheduled__2024-03-15T06:00:00+00:00 [queued]>
[2024-08-06T18:24:05.987+0000] {taskinstance.py:2076} INFO - Dependencies all met for dep_context=requeueable deps ti=<TaskInstance: motower_daily_prod.sensor_trafic scheduled__2024-03-15T06:00:00+00:00 [queued]>
[2024-08-06T18:24:05.988+0000] {taskinstance.py:2306} INFO - Starting attempt 1 of 1
[2024-08-06T18:24:06.019+0000] {taskinstance.py:2330} INFO - Executing <Task(PythonSensor): sensor_trafic> on 2024-03-15 06:00:00+00:00
[2024-08-06T18:24:06.035+0000] {warnings.py:112} WARNING - /home/***/.local/lib/python3.12/site-packages/***/task/task_runner/standard_task_runner.py:62: DeprecationWarning: This process (pid=11090) is multi-threaded, use of fork() may lead to deadlocks in the child.
  pid = os.fork()

[2024-08-06T18:24:06.037+0000] {standard_task_runner.py:64} INFO - Started process 11105 to run task
[2024-08-06T18:24:06.042+0000] {standard_task_runner.py:90} INFO - Running: ['***', 'tasks', 'run', 'motower_daily_prod', 'sensor_trafic', 'scheduled__2024-03-15T06:00:00+00:00', '--job-id', '3059', '--raw', '--subdir', 'DAGS_FOLDER/gps/custom_dags/motower_daily.py', '--cfg-path', '/tmp/tmp00tcsnau']
[2024-08-06T18:24:06.051+0000] {standard_task_runner.py:91} INFO - Job 3059: Subtask sensor_trafic
[2024-08-06T18:24:06.158+0000] {task_command.py:426} INFO - Running <TaskInstance: motower_daily_prod.sensor_trafic scheduled__2024-03-15T06:00:00+00:00 [running]> on host 13681191f11c
[2024-08-06T18:24:06.604+0000] {taskinstance.py:2648} INFO - Exporting env vars: AIRFLOW_CTX_DAG_EMAIL='richmond.kongo@orange.com,assane.diop@orange.com,cyrille1.danho@orange.com,mohamed2.sylla@orange.com,amadou.diomande@orange.com,Jonas.kouame@orange.com,armand.kablan@orange.com,anicet.azombade@orange.com,etienne.kouadio@orange.com,bertine.kouakou@orange.com,florentine.kouakou@orange.com,ange.phaceli@orange.com,soulegame.soro@orange.com,innocent.yengo@orange.com' AIRFLOW_CTX_DAG_OWNER='***' AIRFLOW_CTX_DAG_ID='motower_daily_prod' AIRFLOW_CTX_TASK_ID='sensor_trafic' AIRFLOW_CTX_EXECUTION_DATE='2024-03-15T06:00:00+00:00' AIRFLOW_CTX_TRY_NUMBER='1' AIRFLOW_CTX_DAG_RUN_ID='scheduled__2024-03-15T06:00:00+00:00'
[2024-08-06T18:24:06.606+0000] {taskinstance.py:430} INFO - ::endgroup::
[2024-08-06T18:24:06.669+0000] {python.py:75} INFO - Poking callable: <function check_data_in_table at 0x701c429b82c0>
[2024-08-06T18:24:06.681+0000] {extract.py:126} INFO - Getting data of the table ks_daily_tdb_radio_drsi 
[2024-08-06T18:24:06.682+0000] {extract.py:127} INFO - where date is 2024-03-14
[2024-08-06T18:24:06.683+0000] {extract.py:102} INFO - get data to date 2024-03-14
[2024-08-06T18:24:06.694+0000] {warnings.py:112} WARNING - /opt/***/dags/gps/common/extract.py:103: UserWarning: pandas only supports SQLAlchemy connectable (engine/connection) or database string URI or sqlite3 DBAPI2 connection. Other DBAPI2 objects are not tested. Please consider using SQLAlchemy.
  df_ = pd.read_sql_query(sql_query, conn, params=params)

[2024-08-06T18:24:07.253+0000] {base.py:294} INFO - Success criteria met. Exiting.
[2024-08-06T18:24:07.253+0000] {taskinstance.py:441} INFO - ::group::Post task execution logs
[2024-08-06T18:24:07.289+0000] {taskinstance.py:1206} INFO - Marking task as SUCCESS. dag_id=motower_daily_prod, task_id=sensor_trafic, run_id=scheduled__2024-03-15T06:00:00+00:00, execution_date=20240315T060000, start_date=20240806T182405, end_date=20240806T182407
[2024-08-06T18:24:07.403+0000] {local_task_job_runner.py:243} INFO - Task exited with return code 0
[2024-08-06T18:24:07.423+0000] {local_task_job_runner.py:222} INFO - ::endgroup::
