[2024-08-06T17:05:43.911+0000] {local_task_job_runner.py:120} INFO - ::group::Pre task execution logs
[2024-08-06T17:05:44.363+0000] {taskinstance.py:2076} INFO - Dependencies all met for dep_context=non-requeueable deps ti=<TaskInstance: motower_daily_prod.sensor_congestion scheduled__2024-03-13T06:00:00+00:00 [queued]>
[2024-08-06T17:05:44.395+0000] {taskinstance.py:2076} INFO - Dependencies all met for dep_context=requeueable deps ti=<TaskInstance: motower_daily_prod.sensor_congestion scheduled__2024-03-13T06:00:00+00:00 [queued]>
[2024-08-06T17:05:44.396+0000] {taskinstance.py:2306} INFO - Starting attempt 1 of 1
[2024-08-06T17:05:44.425+0000] {taskinstance.py:2330} INFO - Executing <Task(PythonSensor): sensor_congestion> on 2024-03-13 06:00:00+00:00
[2024-08-06T17:05:44.446+0000] {warnings.py:112} WARNING - /home/***/.local/lib/python3.12/site-packages/***/task/task_runner/standard_task_runner.py:62: DeprecationWarning: This process (pid=3018) is multi-threaded, use of fork() may lead to deadlocks in the child.
  pid = os.fork()

[2024-08-06T17:05:44.449+0000] {standard_task_runner.py:64} INFO - Started process 3030 to run task
[2024-08-06T17:05:44.456+0000] {standard_task_runner.py:90} INFO - Running: ['***', 'tasks', 'run', 'motower_daily_prod', 'sensor_congestion', 'scheduled__2024-03-13T06:00:00+00:00', '--job-id', '678', '--raw', '--subdir', 'DAGS_FOLDER/gps/custom_dags/motower_daily.py', '--cfg-path', '/tmp/tmpsh50zn8x']
[2024-08-06T17:05:44.461+0000] {standard_task_runner.py:91} INFO - Job 678: Subtask sensor_congestion
[2024-08-06T17:05:44.581+0000] {task_command.py:426} INFO - Running <TaskInstance: motower_daily_prod.sensor_congestion scheduled__2024-03-13T06:00:00+00:00 [running]> on host 13681191f11c
[2024-08-06T17:05:44.793+0000] {taskinstance.py:2648} INFO - Exporting env vars: AIRFLOW_CTX_DAG_EMAIL='richmond.kongo@orange.com,assane.diop@orange.com,cyrille1.danho@orange.com,mohamed2.sylla@orange.com,amadou.diomande@orange.com,Jonas.kouame@orange.com,armand.kablan@orange.com,anicet.azombade@orange.com,etienne.kouadio@orange.com,bertine.kouakou@orange.com,florentine.kouakou@orange.com,ange.phaceli@orange.com,soulegame.soro@orange.com,innocent.yengo@orange.com' AIRFLOW_CTX_DAG_OWNER='***' AIRFLOW_CTX_DAG_ID='motower_daily_prod' AIRFLOW_CTX_TASK_ID='sensor_congestion' AIRFLOW_CTX_EXECUTION_DATE='2024-03-13T06:00:00+00:00' AIRFLOW_CTX_TRY_NUMBER='1' AIRFLOW_CTX_DAG_RUN_ID='scheduled__2024-03-13T06:00:00+00:00'
[2024-08-06T17:05:44.795+0000] {taskinstance.py:430} INFO - ::endgroup::
[2024-08-06T17:05:44.828+0000] {python.py:75} INFO - Poking callable: <function check_data_in_table at 0x701c427f7060>
[2024-08-06T17:05:44.834+0000] {extract.py:126} INFO - Getting data of the table ks_hebdo_tdb_radio_drsi 
[2024-08-06T17:05:44.835+0000] {extract.py:127} INFO - where date is 2024-03-12
[2024-08-06T17:05:44.836+0000] {extract.py:98} INFO - get data to date 11 and year 2024
[2024-08-06T17:05:44.846+0000] {warnings.py:112} WARNING - /opt/***/dags/gps/common/extract.py:99: UserWarning: pandas only supports SQLAlchemy connectable (engine/connection) or database string URI or sqlite3 DBAPI2 connection. Other DBAPI2 objects are not tested. Please consider using SQLAlchemy.
  df_ = pd.read_sql_query(sql_query, conn, params=params)

[2024-08-06T17:05:45.188+0000] {base.py:294} INFO - Success criteria met. Exiting.
[2024-08-06T17:05:45.189+0000] {taskinstance.py:441} INFO - ::group::Post task execution logs
[2024-08-06T17:05:45.205+0000] {taskinstance.py:1206} INFO - Marking task as SUCCESS. dag_id=motower_daily_prod, task_id=sensor_congestion, run_id=scheduled__2024-03-13T06:00:00+00:00, execution_date=20240313T060000, start_date=20240806T170544, end_date=20240806T170545
[2024-08-06T17:05:45.272+0000] {local_task_job_runner.py:243} INFO - Task exited with return code 0
[2024-08-06T17:05:45.287+0000] {local_task_job_runner.py:222} INFO - ::endgroup::
[2024-08-06T17:36:18.785+0000] {local_task_job_runner.py:120} INFO - ::group::Pre task execution logs
[2024-08-06T17:36:18.864+0000] {taskinstance.py:2076} INFO - Dependencies all met for dep_context=non-requeueable deps ti=<TaskInstance: motower_daily_prod.sensor_congestion scheduled__2024-03-13T06:00:00+00:00 [queued]>
[2024-08-06T17:36:18.889+0000] {taskinstance.py:2076} INFO - Dependencies all met for dep_context=requeueable deps ti=<TaskInstance: motower_daily_prod.sensor_congestion scheduled__2024-03-13T06:00:00+00:00 [queued]>
[2024-08-06T17:36:18.890+0000] {taskinstance.py:2306} INFO - Starting attempt 1 of 1
[2024-08-06T17:36:18.947+0000] {taskinstance.py:2330} INFO - Executing <Task(PythonSensor): sensor_congestion> on 2024-03-13 06:00:00+00:00
[2024-08-06T17:36:19.011+0000] {warnings.py:112} WARNING - /home/***/.local/lib/python3.12/site-packages/***/task/task_runner/standard_task_runner.py:62: DeprecationWarning: This process (pid=7176) is multi-threaded, use of fork() may lead to deadlocks in the child.
  pid = os.fork()

[2024-08-06T17:36:19.013+0000] {standard_task_runner.py:64} INFO - Started process 7191 to run task
[2024-08-06T17:36:19.018+0000] {standard_task_runner.py:90} INFO - Running: ['***', 'tasks', 'run', 'motower_daily_prod', 'sensor_congestion', 'scheduled__2024-03-13T06:00:00+00:00', '--job-id', '1944', '--raw', '--subdir', 'DAGS_FOLDER/gps/custom_dags/motower_daily.py', '--cfg-path', '/tmp/tmpczf9601t']
[2024-08-06T17:36:19.039+0000] {standard_task_runner.py:91} INFO - Job 1944: Subtask sensor_congestion
[2024-08-06T17:36:19.195+0000] {task_command.py:426} INFO - Running <TaskInstance: motower_daily_prod.sensor_congestion scheduled__2024-03-13T06:00:00+00:00 [running]> on host 13681191f11c
[2024-08-06T17:36:19.528+0000] {taskinstance.py:2648} INFO - Exporting env vars: AIRFLOW_CTX_DAG_EMAIL='richmond.kongo@orange.com,assane.diop@orange.com,cyrille1.danho@orange.com,mohamed2.sylla@orange.com,amadou.diomande@orange.com,Jonas.kouame@orange.com,armand.kablan@orange.com,anicet.azombade@orange.com,etienne.kouadio@orange.com,bertine.kouakou@orange.com,florentine.kouakou@orange.com,ange.phaceli@orange.com,soulegame.soro@orange.com,innocent.yengo@orange.com' AIRFLOW_CTX_DAG_OWNER='***' AIRFLOW_CTX_DAG_ID='motower_daily_prod' AIRFLOW_CTX_TASK_ID='sensor_congestion' AIRFLOW_CTX_EXECUTION_DATE='2024-03-13T06:00:00+00:00' AIRFLOW_CTX_TRY_NUMBER='1' AIRFLOW_CTX_DAG_RUN_ID='scheduled__2024-03-13T06:00:00+00:00'
[2024-08-06T17:36:19.530+0000] {taskinstance.py:430} INFO - ::endgroup::
[2024-08-06T17:36:19.576+0000] {python.py:75} INFO - Poking callable: <function check_data_in_table at 0x701c26f03ba0>
[2024-08-06T17:36:19.583+0000] {extract.py:126} INFO - Getting data of the table ks_hebdo_tdb_radio_drsi 
[2024-08-06T17:36:19.585+0000] {extract.py:127} INFO - where date is 2024-03-12
[2024-08-06T17:36:19.586+0000] {extract.py:98} INFO - get data to date 11 and year 2024
[2024-08-06T17:36:19.599+0000] {warnings.py:112} WARNING - /opt/***/dags/gps/common/extract.py:99: UserWarning: pandas only supports SQLAlchemy connectable (engine/connection) or database string URI or sqlite3 DBAPI2 connection. Other DBAPI2 objects are not tested. Please consider using SQLAlchemy.
  df_ = pd.read_sql_query(sql_query, conn, params=params)

[2024-08-06T17:36:20.149+0000] {base.py:294} INFO - Success criteria met. Exiting.
[2024-08-06T17:36:20.150+0000] {taskinstance.py:441} INFO - ::group::Post task execution logs
[2024-08-06T17:36:20.176+0000] {taskinstance.py:1206} INFO - Marking task as SUCCESS. dag_id=motower_daily_prod, task_id=sensor_congestion, run_id=scheduled__2024-03-13T06:00:00+00:00, execution_date=20240313T060000, start_date=20240806T173618, end_date=20240806T173620
[2024-08-06T17:36:20.379+0000] {local_task_job_runner.py:243} INFO - Task exited with return code 0
[2024-08-06T17:36:20.408+0000] {local_task_job_runner.py:222} INFO - ::endgroup::
[2024-08-06T18:23:44.030+0000] {local_task_job_runner.py:120} INFO - ::group::Pre task execution logs
[2024-08-06T18:23:44.151+0000] {taskinstance.py:2076} INFO - Dependencies all met for dep_context=non-requeueable deps ti=<TaskInstance: motower_daily_prod.sensor_congestion scheduled__2024-03-13T06:00:00+00:00 [queued]>
[2024-08-06T18:23:44.179+0000] {taskinstance.py:2076} INFO - Dependencies all met for dep_context=requeueable deps ti=<TaskInstance: motower_daily_prod.sensor_congestion scheduled__2024-03-13T06:00:00+00:00 [queued]>
[2024-08-06T18:23:44.180+0000] {taskinstance.py:2306} INFO - Starting attempt 1 of 1
[2024-08-06T18:23:44.211+0000] {taskinstance.py:2330} INFO - Executing <Task(PythonSensor): sensor_congestion> on 2024-03-13 06:00:00+00:00
[2024-08-06T18:23:44.231+0000] {warnings.py:112} WARNING - /home/***/.local/lib/python3.12/site-packages/***/task/task_runner/standard_task_runner.py:62: DeprecationWarning: This process (pid=11025) is multi-threaded, use of fork() may lead to deadlocks in the child.
  pid = os.fork()

[2024-08-06T18:23:44.238+0000] {standard_task_runner.py:64} INFO - Started process 11043 to run task
[2024-08-06T18:23:44.240+0000] {standard_task_runner.py:90} INFO - Running: ['***', 'tasks', 'run', 'motower_daily_prod', 'sensor_congestion', 'scheduled__2024-03-13T06:00:00+00:00', '--job-id', '3038', '--raw', '--subdir', 'DAGS_FOLDER/gps/custom_dags/motower_daily.py', '--cfg-path', '/tmp/tmpiql5yv7l']
[2024-08-06T18:23:44.245+0000] {standard_task_runner.py:91} INFO - Job 3038: Subtask sensor_congestion
[2024-08-06T18:23:44.367+0000] {task_command.py:426} INFO - Running <TaskInstance: motower_daily_prod.sensor_congestion scheduled__2024-03-13T06:00:00+00:00 [running]> on host 13681191f11c
[2024-08-06T18:23:44.673+0000] {taskinstance.py:2648} INFO - Exporting env vars: AIRFLOW_CTX_DAG_EMAIL='richmond.kongo@orange.com,assane.diop@orange.com,cyrille1.danho@orange.com,mohamed2.sylla@orange.com,amadou.diomande@orange.com,Jonas.kouame@orange.com,armand.kablan@orange.com,anicet.azombade@orange.com,etienne.kouadio@orange.com,bertine.kouakou@orange.com,florentine.kouakou@orange.com,ange.phaceli@orange.com,soulegame.soro@orange.com,innocent.yengo@orange.com' AIRFLOW_CTX_DAG_OWNER='***' AIRFLOW_CTX_DAG_ID='motower_daily_prod' AIRFLOW_CTX_TASK_ID='sensor_congestion' AIRFLOW_CTX_EXECUTION_DATE='2024-03-13T06:00:00+00:00' AIRFLOW_CTX_TRY_NUMBER='1' AIRFLOW_CTX_DAG_RUN_ID='scheduled__2024-03-13T06:00:00+00:00'
[2024-08-06T18:23:44.677+0000] {taskinstance.py:430} INFO - ::endgroup::
[2024-08-06T18:23:44.711+0000] {python.py:75} INFO - Poking callable: <function check_data_in_table at 0x701c4295ade0>
[2024-08-06T18:23:44.719+0000] {extract.py:126} INFO - Getting data of the table ks_hebdo_tdb_radio_drsi 
[2024-08-06T18:23:44.720+0000] {extract.py:127} INFO - where date is 2024-03-12
[2024-08-06T18:23:44.720+0000] {extract.py:98} INFO - get data to date 11 and year 2024
[2024-08-06T18:23:44.734+0000] {warnings.py:112} WARNING - /opt/***/dags/gps/common/extract.py:99: UserWarning: pandas only supports SQLAlchemy connectable (engine/connection) or database string URI or sqlite3 DBAPI2 connection. Other DBAPI2 objects are not tested. Please consider using SQLAlchemy.
  df_ = pd.read_sql_query(sql_query, conn, params=params)

[2024-08-06T18:23:45.514+0000] {base.py:294} INFO - Success criteria met. Exiting.
[2024-08-06T18:23:45.517+0000] {taskinstance.py:441} INFO - ::group::Post task execution logs
[2024-08-06T18:23:45.548+0000] {taskinstance.py:1206} INFO - Marking task as SUCCESS. dag_id=motower_daily_prod, task_id=sensor_congestion, run_id=scheduled__2024-03-13T06:00:00+00:00, execution_date=20240313T060000, start_date=20240806T182344, end_date=20240806T182345
[2024-08-06T18:23:45.615+0000] {local_task_job_runner.py:243} INFO - Task exited with return code 0
[2024-08-06T18:23:45.651+0000] {local_task_job_runner.py:222} INFO - ::endgroup::
