[2024-08-06T17:07:54.167+0000] {local_task_job_runner.py:120} INFO - ::group::Pre task execution logs
[2024-08-06T17:07:54.248+0000] {taskinstance.py:2076} INFO - Dependencies all met for dep_context=non-requeueable deps ti=<TaskInstance: motower_daily_prod.sensor_trafic scheduled__2024-03-29T06:00:00+00:00 [queued]>
[2024-08-06T17:07:54.274+0000] {taskinstance.py:2076} INFO - Dependencies all met for dep_context=requeueable deps ti=<TaskInstance: motower_daily_prod.sensor_trafic scheduled__2024-03-29T06:00:00+00:00 [queued]>
[2024-08-06T17:07:54.275+0000] {taskinstance.py:2306} INFO - Starting attempt 1 of 1
[2024-08-06T17:07:54.304+0000] {taskinstance.py:2330} INFO - Executing <Task(PythonSensor): sensor_trafic> on 2024-03-29 06:00:00+00:00
[2024-08-06T17:07:54.319+0000] {warnings.py:112} WARNING - /home/***/.local/lib/python3.12/site-packages/***/task/task_runner/standard_task_runner.py:62: DeprecationWarning: This process (pid=3470) is multi-threaded, use of fork() may lead to deadlocks in the child.
  pid = os.fork()

[2024-08-06T17:07:54.322+0000] {standard_task_runner.py:64} INFO - Started process 3482 to run task
[2024-08-06T17:07:54.323+0000] {standard_task_runner.py:90} INFO - Running: ['***', 'tasks', 'run', 'motower_daily_prod', 'sensor_trafic', 'scheduled__2024-03-29T06:00:00+00:00', '--job-id', '822', '--raw', '--subdir', 'DAGS_FOLDER/gps/custom_dags/motower_daily.py', '--cfg-path', '/tmp/tmpl18zmupg']
[2024-08-06T17:07:54.326+0000] {standard_task_runner.py:91} INFO - Job 822: Subtask sensor_trafic
[2024-08-06T17:07:54.435+0000] {task_command.py:426} INFO - Running <TaskInstance: motower_daily_prod.sensor_trafic scheduled__2024-03-29T06:00:00+00:00 [running]> on host 13681191f11c
[2024-08-06T17:07:54.853+0000] {taskinstance.py:2648} INFO - Exporting env vars: AIRFLOW_CTX_DAG_EMAIL='richmond.kongo@orange.com,assane.diop@orange.com,cyrille1.danho@orange.com,mohamed2.sylla@orange.com,amadou.diomande@orange.com,Jonas.kouame@orange.com,armand.kablan@orange.com,anicet.azombade@orange.com,etienne.kouadio@orange.com,bertine.kouakou@orange.com,florentine.kouakou@orange.com,ange.phaceli@orange.com,soulegame.soro@orange.com,innocent.yengo@orange.com' AIRFLOW_CTX_DAG_OWNER='***' AIRFLOW_CTX_DAG_ID='motower_daily_prod' AIRFLOW_CTX_TASK_ID='sensor_trafic' AIRFLOW_CTX_EXECUTION_DATE='2024-03-29T06:00:00+00:00' AIRFLOW_CTX_TRY_NUMBER='1' AIRFLOW_CTX_DAG_RUN_ID='scheduled__2024-03-29T06:00:00+00:00'
[2024-08-06T17:07:54.856+0000] {taskinstance.py:430} INFO - ::endgroup::
[2024-08-06T17:07:54.954+0000] {python.py:75} INFO - Poking callable: <function check_data_in_table at 0x701c42594360>
[2024-08-06T17:07:54.966+0000] {extract.py:126} INFO - Getting data of the table ks_daily_tdb_radio_drsi 
[2024-08-06T17:07:54.966+0000] {extract.py:127} INFO - where date is 2024-03-28
[2024-08-06T17:07:54.967+0000] {extract.py:102} INFO - get data to date 2024-03-28
[2024-08-06T17:07:54.979+0000] {warnings.py:112} WARNING - /opt/***/dags/gps/common/extract.py:103: UserWarning: pandas only supports SQLAlchemy connectable (engine/connection) or database string URI or sqlite3 DBAPI2 connection. Other DBAPI2 objects are not tested. Please consider using SQLAlchemy.
  df_ = pd.read_sql_query(sql_query, conn, params=params)

[2024-08-06T17:07:55.624+0000] {base.py:294} INFO - Success criteria met. Exiting.
[2024-08-06T17:07:55.626+0000] {taskinstance.py:441} INFO - ::group::Post task execution logs
[2024-08-06T17:07:55.655+0000] {taskinstance.py:1206} INFO - Marking task as SUCCESS. dag_id=motower_daily_prod, task_id=sensor_trafic, run_id=scheduled__2024-03-29T06:00:00+00:00, execution_date=20240329T060000, start_date=20240806T170754, end_date=20240806T170755
[2024-08-06T17:07:55.971+0000] {local_task_job_runner.py:243} INFO - Task exited with return code 0
[2024-08-06T17:07:56.041+0000] {local_task_job_runner.py:222} INFO - ::endgroup::
[2024-08-06T17:38:32.209+0000] {local_task_job_runner.py:120} INFO - ::group::Pre task execution logs
[2024-08-06T17:38:32.311+0000] {taskinstance.py:2076} INFO - Dependencies all met for dep_context=non-requeueable deps ti=<TaskInstance: motower_daily_prod.sensor_trafic scheduled__2024-03-29T06:00:00+00:00 [queued]>
[2024-08-06T17:38:32.366+0000] {taskinstance.py:2076} INFO - Dependencies all met for dep_context=requeueable deps ti=<TaskInstance: motower_daily_prod.sensor_trafic scheduled__2024-03-29T06:00:00+00:00 [queued]>
[2024-08-06T17:38:32.366+0000] {taskinstance.py:2306} INFO - Starting attempt 1 of 1
[2024-08-06T17:38:33.252+0000] {taskinstance.py:2330} INFO - Executing <Task(PythonSensor): sensor_trafic> on 2024-03-29 06:00:00+00:00
[2024-08-06T17:38:33.269+0000] {warnings.py:112} WARNING - /home/***/.local/lib/python3.12/site-packages/***/task/task_runner/standard_task_runner.py:62: DeprecationWarning: This process (pid=7614) is multi-threaded, use of fork() may lead to deadlocks in the child.
  pid = os.fork()

[2024-08-06T17:38:33.271+0000] {standard_task_runner.py:64} INFO - Started process 7637 to run task
[2024-08-06T17:38:33.279+0000] {standard_task_runner.py:90} INFO - Running: ['***', 'tasks', 'run', 'motower_daily_prod', 'sensor_trafic', 'scheduled__2024-03-29T06:00:00+00:00', '--job-id', '2086', '--raw', '--subdir', 'DAGS_FOLDER/gps/custom_dags/motower_daily.py', '--cfg-path', '/tmp/tmpdp59d83_']
[2024-08-06T17:38:33.289+0000] {standard_task_runner.py:91} INFO - Job 2086: Subtask sensor_trafic
[2024-08-06T17:38:33.413+0000] {task_command.py:426} INFO - Running <TaskInstance: motower_daily_prod.sensor_trafic scheduled__2024-03-29T06:00:00+00:00 [running]> on host 13681191f11c
[2024-08-06T17:38:33.676+0000] {taskinstance.py:2648} INFO - Exporting env vars: AIRFLOW_CTX_DAG_EMAIL='richmond.kongo@orange.com,assane.diop@orange.com,cyrille1.danho@orange.com,mohamed2.sylla@orange.com,amadou.diomande@orange.com,Jonas.kouame@orange.com,armand.kablan@orange.com,anicet.azombade@orange.com,etienne.kouadio@orange.com,bertine.kouakou@orange.com,florentine.kouakou@orange.com,ange.phaceli@orange.com,soulegame.soro@orange.com,innocent.yengo@orange.com' AIRFLOW_CTX_DAG_OWNER='***' AIRFLOW_CTX_DAG_ID='motower_daily_prod' AIRFLOW_CTX_TASK_ID='sensor_trafic' AIRFLOW_CTX_EXECUTION_DATE='2024-03-29T06:00:00+00:00' AIRFLOW_CTX_TRY_NUMBER='1' AIRFLOW_CTX_DAG_RUN_ID='scheduled__2024-03-29T06:00:00+00:00'
[2024-08-06T17:38:33.679+0000] {taskinstance.py:430} INFO - ::endgroup::
[2024-08-06T17:38:33.730+0000] {python.py:75} INFO - Poking callable: <function check_data_in_table at 0x701c26d93c40>
[2024-08-06T17:38:33.750+0000] {extract.py:126} INFO - Getting data of the table ks_daily_tdb_radio_drsi 
[2024-08-06T17:38:33.752+0000] {extract.py:127} INFO - where date is 2024-03-28
[2024-08-06T17:38:33.753+0000] {extract.py:102} INFO - get data to date 2024-03-28
[2024-08-06T17:38:33.765+0000] {warnings.py:112} WARNING - /opt/***/dags/gps/common/extract.py:103: UserWarning: pandas only supports SQLAlchemy connectable (engine/connection) or database string URI or sqlite3 DBAPI2 connection. Other DBAPI2 objects are not tested. Please consider using SQLAlchemy.
  df_ = pd.read_sql_query(sql_query, conn, params=params)

[2024-08-06T17:38:34.168+0000] {base.py:294} INFO - Success criteria met. Exiting.
[2024-08-06T17:38:34.169+0000] {taskinstance.py:441} INFO - ::group::Post task execution logs
[2024-08-06T17:38:34.188+0000] {taskinstance.py:1206} INFO - Marking task as SUCCESS. dag_id=motower_daily_prod, task_id=sensor_trafic, run_id=scheduled__2024-03-29T06:00:00+00:00, execution_date=20240329T060000, start_date=20240806T173832, end_date=20240806T173834
[2024-08-06T17:38:34.228+0000] {local_task_job_runner.py:243} INFO - Task exited with return code 0
[2024-08-06T17:38:34.249+0000] {local_task_job_runner.py:222} INFO - ::endgroup::
[2024-08-06T18:26:10.141+0000] {local_task_job_runner.py:120} INFO - ::group::Pre task execution logs
[2024-08-06T18:26:10.260+0000] {taskinstance.py:2076} INFO - Dependencies all met for dep_context=non-requeueable deps ti=<TaskInstance: motower_daily_prod.sensor_trafic scheduled__2024-03-29T06:00:00+00:00 [queued]>
[2024-08-06T18:26:10.285+0000] {taskinstance.py:2076} INFO - Dependencies all met for dep_context=requeueable deps ti=<TaskInstance: motower_daily_prod.sensor_trafic scheduled__2024-03-29T06:00:00+00:00 [queued]>
[2024-08-06T18:26:10.285+0000] {taskinstance.py:2306} INFO - Starting attempt 1 of 1
[2024-08-06T18:26:10.330+0000] {taskinstance.py:2330} INFO - Executing <Task(PythonSensor): sensor_trafic> on 2024-03-29 06:00:00+00:00
[2024-08-06T18:26:10.344+0000] {warnings.py:112} WARNING - /home/***/.local/lib/python3.12/site-packages/***/task/task_runner/standard_task_runner.py:62: DeprecationWarning: This process (pid=11485) is multi-threaded, use of fork() may lead to deadlocks in the child.
  pid = os.fork()

[2024-08-06T18:26:10.347+0000] {standard_task_runner.py:64} INFO - Started process 11498 to run task
[2024-08-06T18:26:10.354+0000] {standard_task_runner.py:90} INFO - Running: ['***', 'tasks', 'run', 'motower_daily_prod', 'sensor_trafic', 'scheduled__2024-03-29T06:00:00+00:00', '--job-id', '3181', '--raw', '--subdir', 'DAGS_FOLDER/gps/custom_dags/motower_daily.py', '--cfg-path', '/tmp/tmp1kz88koa']
[2024-08-06T18:26:10.358+0000] {standard_task_runner.py:91} INFO - Job 3181: Subtask sensor_trafic
[2024-08-06T18:26:10.509+0000] {task_command.py:426} INFO - Running <TaskInstance: motower_daily_prod.sensor_trafic scheduled__2024-03-29T06:00:00+00:00 [running]> on host 13681191f11c
[2024-08-06T18:26:10.802+0000] {taskinstance.py:2648} INFO - Exporting env vars: AIRFLOW_CTX_DAG_EMAIL='richmond.kongo@orange.com,assane.diop@orange.com,cyrille1.danho@orange.com,mohamed2.sylla@orange.com,amadou.diomande@orange.com,Jonas.kouame@orange.com,armand.kablan@orange.com,anicet.azombade@orange.com,etienne.kouadio@orange.com,bertine.kouakou@orange.com,florentine.kouakou@orange.com,ange.phaceli@orange.com,soulegame.soro@orange.com,innocent.yengo@orange.com' AIRFLOW_CTX_DAG_OWNER='***' AIRFLOW_CTX_DAG_ID='motower_daily_prod' AIRFLOW_CTX_TASK_ID='sensor_trafic' AIRFLOW_CTX_EXECUTION_DATE='2024-03-29T06:00:00+00:00' AIRFLOW_CTX_TRY_NUMBER='1' AIRFLOW_CTX_DAG_RUN_ID='scheduled__2024-03-29T06:00:00+00:00'
[2024-08-06T18:26:10.804+0000] {taskinstance.py:430} INFO - ::endgroup::
[2024-08-06T18:26:10.823+0000] {python.py:75} INFO - Poking callable: <function check_data_in_table at 0x701c4295b060>
[2024-08-06T18:26:10.828+0000] {extract.py:126} INFO - Getting data of the table ks_daily_tdb_radio_drsi 
[2024-08-06T18:26:10.829+0000] {extract.py:127} INFO - where date is 2024-03-28
[2024-08-06T18:26:10.829+0000] {extract.py:102} INFO - get data to date 2024-03-28
[2024-08-06T18:26:10.842+0000] {warnings.py:112} WARNING - /opt/***/dags/gps/common/extract.py:103: UserWarning: pandas only supports SQLAlchemy connectable (engine/connection) or database string URI or sqlite3 DBAPI2 connection. Other DBAPI2 objects are not tested. Please consider using SQLAlchemy.
  df_ = pd.read_sql_query(sql_query, conn, params=params)

[2024-08-06T18:26:11.137+0000] {base.py:294} INFO - Success criteria met. Exiting.
[2024-08-06T18:26:11.138+0000] {taskinstance.py:441} INFO - ::group::Post task execution logs
[2024-08-06T18:26:11.157+0000] {taskinstance.py:1206} INFO - Marking task as SUCCESS. dag_id=motower_daily_prod, task_id=sensor_trafic, run_id=scheduled__2024-03-29T06:00:00+00:00, execution_date=20240329T060000, start_date=20240806T182610, end_date=20240806T182611
[2024-08-06T18:26:11.206+0000] {local_task_job_runner.py:243} INFO - Task exited with return code 0
[2024-08-06T18:26:11.227+0000] {local_task_job_runner.py:222} INFO - ::endgroup::
