[2024-07-22T16:56:55.542+0000] {local_task_job_runner.py:120} INFO - ::group::Pre task execution logs
[2024-07-22T16:56:55.880+0000] {taskinstance.py:2076} INFO - Dependencies all met for dep_context=non-requeueable deps ti=<TaskInstance: motower_daily_prod.sensor_congestion scheduled__2024-07-01T06:00:00+00:00 [queued]>
[2024-07-22T16:56:55.890+0000] {taskinstance.py:2076} INFO - Dependencies all met for dep_context=requeueable deps ti=<TaskInstance: motower_daily_prod.sensor_congestion scheduled__2024-07-01T06:00:00+00:00 [queued]>
[2024-07-22T16:56:55.890+0000] {taskinstance.py:2306} INFO - Starting attempt 1 of 1
[2024-07-22T16:56:55.906+0000] {taskinstance.py:2330} INFO - Executing <Task(PythonSensor): sensor_congestion> on 2024-07-01 06:00:00+00:00
[2024-07-22T16:56:55.921+0000] {warnings.py:112} WARNING - /home/***/.local/lib/python3.12/site-packages/***/task/task_runner/standard_task_runner.py:62: DeprecationWarning: This process (pid=868) is multi-threaded, use of fork() may lead to deadlocks in the child.
  pid = os.fork()

[2024-07-22T16:56:55.923+0000] {standard_task_runner.py:64} INFO - Started process 885 to run task
[2024-07-22T16:56:55.923+0000] {standard_task_runner.py:90} INFO - Running: ['***', 'tasks', 'run', 'motower_daily_prod', 'sensor_congestion', 'scheduled__2024-07-01T06:00:00+00:00', '--job-id', '59', '--raw', '--subdir', 'DAGS_FOLDER/gps/custom_dags/motower_daily.py', '--cfg-path', '/tmp/tmp45m9ye_v']
[2024-07-22T16:56:55.925+0000] {standard_task_runner.py:91} INFO - Job 59: Subtask sensor_congestion
[2024-07-22T16:56:55.978+0000] {task_command.py:426} INFO - Running <TaskInstance: motower_daily_prod.sensor_congestion scheduled__2024-07-01T06:00:00+00:00 [running]> on host 5e959f2258db
[2024-07-22T16:56:56.095+0000] {taskinstance.py:2648} INFO - Exporting env vars: AIRFLOW_CTX_DAG_EMAIL='richmond.kongo@orange.com,assane.diop@orange.com,cyrille1.danho@orange.com,mohamed2.sylla@orange.com,amadou.diomande@orange.com,Jonas.kouame@orange.com,armand.kablan@orange.com,anicet.azombade@orange.com,etienne.kouadio@orange.com,bertine.kouakou@orange.com,florentine.kouakou@orange.com,ange.phaceli@orange.com,soulegame.soro@orange.com,innocent.yengo@orange.com' AIRFLOW_CTX_DAG_OWNER='***' AIRFLOW_CTX_DAG_ID='motower_daily_prod' AIRFLOW_CTX_TASK_ID='sensor_congestion' AIRFLOW_CTX_EXECUTION_DATE='2024-07-01T06:00:00+00:00' AIRFLOW_CTX_TRY_NUMBER='1' AIRFLOW_CTX_DAG_RUN_ID='scheduled__2024-07-01T06:00:00+00:00'
[2024-07-22T16:56:56.100+0000] {taskinstance.py:430} INFO - ::endgroup::
[2024-07-22T16:56:56.116+0000] {python.py:75} INFO - Poking callable: <function check_data_in_table at 0x72864ff6e5c0>
[2024-07-22T16:56:56.122+0000] {extract.py:127} INFO - Getting data of the table ks_hebdo_tdb_radio_drsi 
[2024-07-22T16:56:56.123+0000] {extract.py:128} INFO - where date is 2024-06-30
[2024-07-22T16:56:56.123+0000] {extract.py:99} INFO - get data to date 26 and year 2024
[2024-07-22T16:56:56.129+0000] {warnings.py:112} WARNING - /opt/***/dags/gps/common/extract.py:100: UserWarning: pandas only supports SQLAlchemy connectable (engine/connection) or database string URI or sqlite3 DBAPI2 connection. Other DBAPI2 objects are not tested. Please consider using SQLAlchemy.
  df_ = pd.read_sql_query(sql_query, conn, params=params)

[2024-07-22T16:56:56.206+0000] {base.py:294} INFO - Success criteria met. Exiting.
[2024-07-22T16:56:56.206+0000] {taskinstance.py:441} INFO - ::group::Post task execution logs
[2024-07-22T16:56:56.219+0000] {taskinstance.py:1206} INFO - Marking task as SUCCESS. dag_id=motower_daily_prod, task_id=sensor_congestion, run_id=scheduled__2024-07-01T06:00:00+00:00, execution_date=20240701T060000, start_date=20240722T165655, end_date=20240722T165656
[2024-07-22T16:56:56.258+0000] {local_task_job_runner.py:243} INFO - Task exited with return code 0
[2024-07-22T16:56:56.291+0000] {taskinstance.py:3503} INFO - 0 downstream tasks scheduled from follow-on schedule check
[2024-07-22T16:56:56.294+0000] {local_task_job_runner.py:222} INFO - ::endgroup::
[2024-07-22T17:16:09.106+0000] {local_task_job_runner.py:120} INFO - ::group::Pre task execution logs
[2024-07-22T17:16:09.411+0000] {taskinstance.py:2076} INFO - Dependencies all met for dep_context=non-requeueable deps ti=<TaskInstance: motower_daily_prod.sensor_congestion scheduled__2024-07-01T06:00:00+00:00 [queued]>
[2024-07-22T17:16:09.424+0000] {taskinstance.py:2076} INFO - Dependencies all met for dep_context=requeueable deps ti=<TaskInstance: motower_daily_prod.sensor_congestion scheduled__2024-07-01T06:00:00+00:00 [queued]>
[2024-07-22T17:16:09.425+0000] {taskinstance.py:2306} INFO - Starting attempt 1 of 1
[2024-07-22T17:16:09.440+0000] {taskinstance.py:2330} INFO - Executing <Task(PythonSensor): sensor_congestion> on 2024-07-01 06:00:00+00:00
[2024-07-22T17:16:09.455+0000] {warnings.py:112} WARNING - /home/***/.local/lib/python3.12/site-packages/***/task/task_runner/standard_task_runner.py:62: DeprecationWarning: This process (pid=1263) is multi-threaded, use of fork() may lead to deadlocks in the child.
  pid = os.fork()

[2024-07-22T17:16:09.457+0000] {standard_task_runner.py:64} INFO - Started process 1281 to run task
[2024-07-22T17:16:09.457+0000] {standard_task_runner.py:90} INFO - Running: ['***', 'tasks', 'run', 'motower_daily_prod', 'sensor_congestion', 'scheduled__2024-07-01T06:00:00+00:00', '--job-id', '113', '--raw', '--subdir', 'DAGS_FOLDER/gps/custom_dags/motower_daily.py', '--cfg-path', '/tmp/tmp2zjne9cn']
[2024-07-22T17:16:09.460+0000] {standard_task_runner.py:91} INFO - Job 113: Subtask sensor_congestion
[2024-07-22T17:16:09.523+0000] {task_command.py:426} INFO - Running <TaskInstance: motower_daily_prod.sensor_congestion scheduled__2024-07-01T06:00:00+00:00 [running]> on host 5e959f2258db
[2024-07-22T17:16:09.637+0000] {taskinstance.py:2648} INFO - Exporting env vars: AIRFLOW_CTX_DAG_EMAIL='richmond.kongo@orange.com,assane.diop@orange.com,cyrille1.danho@orange.com,mohamed2.sylla@orange.com,amadou.diomande@orange.com,Jonas.kouame@orange.com,armand.kablan@orange.com,anicet.azombade@orange.com,etienne.kouadio@orange.com,bertine.kouakou@orange.com,florentine.kouakou@orange.com,ange.phaceli@orange.com,soulegame.soro@orange.com,innocent.yengo@orange.com' AIRFLOW_CTX_DAG_OWNER='***' AIRFLOW_CTX_DAG_ID='motower_daily_prod' AIRFLOW_CTX_TASK_ID='sensor_congestion' AIRFLOW_CTX_EXECUTION_DATE='2024-07-01T06:00:00+00:00' AIRFLOW_CTX_TRY_NUMBER='1' AIRFLOW_CTX_DAG_RUN_ID='scheduled__2024-07-01T06:00:00+00:00'
[2024-07-22T17:16:09.639+0000] {taskinstance.py:430} INFO - ::endgroup::
[2024-07-22T17:16:09.650+0000] {python.py:75} INFO - Poking callable: <function check_data_in_table at 0x7286306fb240>
[2024-07-22T17:16:09.655+0000] {extract.py:127} INFO - Getting data of the table ks_hebdo_tdb_radio_drsi 
[2024-07-22T17:16:09.656+0000] {extract.py:128} INFO - where date is 2024-06-30
[2024-07-22T17:16:09.656+0000] {extract.py:99} INFO - get data to date 26 and year 2024
[2024-07-22T17:16:09.661+0000] {warnings.py:112} WARNING - /opt/***/dags/gps/common/extract.py:100: UserWarning: pandas only supports SQLAlchemy connectable (engine/connection) or database string URI or sqlite3 DBAPI2 connection. Other DBAPI2 objects are not tested. Please consider using SQLAlchemy.
  df_ = pd.read_sql_query(sql_query, conn, params=params)

[2024-07-22T17:16:09.723+0000] {base.py:294} INFO - Success criteria met. Exiting.
[2024-07-22T17:16:09.724+0000] {taskinstance.py:441} INFO - ::group::Post task execution logs
[2024-07-22T17:16:09.733+0000] {taskinstance.py:1206} INFO - Marking task as SUCCESS. dag_id=motower_daily_prod, task_id=sensor_congestion, run_id=scheduled__2024-07-01T06:00:00+00:00, execution_date=20240701T060000, start_date=20240722T171609, end_date=20240722T171609
[2024-07-22T17:16:09.796+0000] {local_task_job_runner.py:243} INFO - Task exited with return code 0
[2024-07-22T17:16:09.827+0000] {taskinstance.py:3503} INFO - 0 downstream tasks scheduled from follow-on schedule check
[2024-07-22T17:16:09.829+0000] {local_task_job_runner.py:222} INFO - ::endgroup::
[2024-07-22T17:43:30.808+0000] {local_task_job_runner.py:120} INFO - ::group::Pre task execution logs
[2024-07-22T17:43:31.048+0000] {taskinstance.py:2076} INFO - Dependencies all met for dep_context=non-requeueable deps ti=<TaskInstance: motower_daily_prod.sensor_congestion scheduled__2024-07-01T06:00:00+00:00 [queued]>
[2024-07-22T17:43:31.056+0000] {taskinstance.py:2076} INFO - Dependencies all met for dep_context=requeueable deps ti=<TaskInstance: motower_daily_prod.sensor_congestion scheduled__2024-07-01T06:00:00+00:00 [queued]>
[2024-07-22T17:43:31.056+0000] {taskinstance.py:2306} INFO - Starting attempt 1 of 1
[2024-07-22T17:43:31.066+0000] {taskinstance.py:2330} INFO - Executing <Task(PythonSensor): sensor_congestion> on 2024-07-01 06:00:00+00:00
[2024-07-22T17:43:31.076+0000] {warnings.py:112} WARNING - /home/***/.local/lib/python3.12/site-packages/***/task/task_runner/standard_task_runner.py:62: DeprecationWarning: This process (pid=1822) is multi-threaded, use of fork() may lead to deadlocks in the child.
  pid = os.fork()

[2024-07-22T17:43:31.078+0000] {standard_task_runner.py:64} INFO - Started process 1833 to run task
[2024-07-22T17:43:31.078+0000] {standard_task_runner.py:90} INFO - Running: ['***', 'tasks', 'run', 'motower_daily_prod', 'sensor_congestion', 'scheduled__2024-07-01T06:00:00+00:00', '--job-id', '178', '--raw', '--subdir', 'DAGS_FOLDER/gps/custom_dags/motower_daily.py', '--cfg-path', '/tmp/tmpkx39rfe7']
[2024-07-22T17:43:31.080+0000] {standard_task_runner.py:91} INFO - Job 178: Subtask sensor_congestion
[2024-07-22T17:43:31.135+0000] {task_command.py:426} INFO - Running <TaskInstance: motower_daily_prod.sensor_congestion scheduled__2024-07-01T06:00:00+00:00 [running]> on host 5e959f2258db
[2024-07-22T17:43:31.233+0000] {taskinstance.py:2648} INFO - Exporting env vars: AIRFLOW_CTX_DAG_EMAIL='richmond.kongo@orange.com,assane.diop@orange.com,cyrille1.danho@orange.com,mohamed2.sylla@orange.com,amadou.diomande@orange.com,Jonas.kouame@orange.com,armand.kablan@orange.com,anicet.azombade@orange.com,etienne.kouadio@orange.com,bertine.kouakou@orange.com,florentine.kouakou@orange.com,ange.phaceli@orange.com,soulegame.soro@orange.com,innocent.yengo@orange.com' AIRFLOW_CTX_DAG_OWNER='***' AIRFLOW_CTX_DAG_ID='motower_daily_prod' AIRFLOW_CTX_TASK_ID='sensor_congestion' AIRFLOW_CTX_EXECUTION_DATE='2024-07-01T06:00:00+00:00' AIRFLOW_CTX_TRY_NUMBER='1' AIRFLOW_CTX_DAG_RUN_ID='scheduled__2024-07-01T06:00:00+00:00'
[2024-07-22T17:43:31.235+0000] {taskinstance.py:430} INFO - ::endgroup::
[2024-07-22T17:43:31.248+0000] {python.py:75} INFO - Poking callable: <function check_data_in_table at 0x72864fe4ad40>
[2024-07-22T17:43:31.253+0000] {extract.py:127} INFO - Getting data of the table ks_hebdo_tdb_radio_drsi 
[2024-07-22T17:43:31.253+0000] {extract.py:128} INFO - where date is 2024-06-30
[2024-07-22T17:43:31.254+0000] {extract.py:99} INFO - get data to date 26 and year 2024
[2024-07-22T17:43:31.259+0000] {warnings.py:112} WARNING - /opt/***/dags/gps/common/extract.py:100: UserWarning: pandas only supports SQLAlchemy connectable (engine/connection) or database string URI or sqlite3 DBAPI2 connection. Other DBAPI2 objects are not tested. Please consider using SQLAlchemy.
  df_ = pd.read_sql_query(sql_query, conn, params=params)

[2024-07-22T17:43:31.327+0000] {base.py:294} INFO - Success criteria met. Exiting.
[2024-07-22T17:43:31.327+0000] {taskinstance.py:441} INFO - ::group::Post task execution logs
[2024-07-22T17:43:31.337+0000] {taskinstance.py:1206} INFO - Marking task as SUCCESS. dag_id=motower_daily_prod, task_id=sensor_congestion, run_id=scheduled__2024-07-01T06:00:00+00:00, execution_date=20240701T060000, start_date=20240722T174331, end_date=20240722T174331
[2024-07-22T17:43:31.372+0000] {local_task_job_runner.py:243} INFO - Task exited with return code 0
[2024-07-22T17:43:31.386+0000] {local_task_job_runner.py:222} INFO - ::endgroup::
