[2024-08-06T17:01:56.081+0000] {local_task_job_runner.py:120} INFO - ::group::Pre task execution logs
[2024-08-06T17:01:56.165+0000] {taskinstance.py:2076} INFO - Dependencies all met for dep_context=non-requeueable deps ti=<TaskInstance: motower_daily_prod.extracta scheduled__2024-02-13T06:00:00+00:00 [queued]>
[2024-08-06T17:01:56.195+0000] {taskinstance.py:2076} INFO - Dependencies all met for dep_context=requeueable deps ti=<TaskInstance: motower_daily_prod.extracta scheduled__2024-02-13T06:00:00+00:00 [queued]>
[2024-08-06T17:01:56.196+0000] {taskinstance.py:2306} INFO - Starting attempt 1 of 1
[2024-08-06T17:01:56.234+0000] {taskinstance.py:2330} INFO - Executing <Task(PythonOperator): extracta> on 2024-02-13 06:00:00+00:00
[2024-08-06T17:01:56.251+0000] {warnings.py:112} WARNING - /home/***/.local/lib/python3.12/site-packages/***/task/task_runner/standard_task_runner.py:62: DeprecationWarning: This process (pid=2231) is multi-threaded, use of fork() may lead to deadlocks in the child.
  pid = os.fork()

[2024-08-06T17:01:56.260+0000] {standard_task_runner.py:64} INFO - Started process 2248 to run task
[2024-08-06T17:01:56.272+0000] {standard_task_runner.py:90} INFO - Running: ['***', 'tasks', 'run', 'motower_daily_prod', 'extracta', 'scheduled__2024-02-13T06:00:00+00:00', '--job-id', '432', '--raw', '--subdir', 'DAGS_FOLDER/gps/custom_dags/motower_daily.py', '--cfg-path', '/tmp/tmpy6iu1dz5']
[2024-08-06T17:01:56.290+0000] {standard_task_runner.py:91} INFO - Job 432: Subtask extracta
[2024-08-06T17:01:56.453+0000] {task_command.py:426} INFO - Running <TaskInstance: motower_daily_prod.extracta scheduled__2024-02-13T06:00:00+00:00 [running]> on host 13681191f11c
[2024-08-06T17:01:56.748+0000] {taskinstance.py:2648} INFO - Exporting env vars: AIRFLOW_CTX_DAG_EMAIL='richmond.kongo@orange.com,assane.diop@orange.com,cyrille1.danho@orange.com,mohamed2.sylla@orange.com,amadou.diomande@orange.com,Jonas.kouame@orange.com,armand.kablan@orange.com,anicet.azombade@orange.com,etienne.kouadio@orange.com,bertine.kouakou@orange.com,florentine.kouakou@orange.com,ange.phaceli@orange.com,soulegame.soro@orange.com,innocent.yengo@orange.com' AIRFLOW_CTX_DAG_OWNER='***' AIRFLOW_CTX_DAG_ID='motower_daily_prod' AIRFLOW_CTX_TASK_ID='extracta' AIRFLOW_CTX_EXECUTION_DATE='2024-02-13T06:00:00+00:00' AIRFLOW_CTX_TRY_NUMBER='1' AIRFLOW_CTX_DAG_RUN_ID='scheduled__2024-02-13T06:00:00+00:00'
[2024-08-06T17:01:56.750+0000] {taskinstance.py:430} INFO - ::endgroup::
[2024-08-06T17:01:56.822+0000] {extract.py:126} INFO - Getting data of the table dtm_motower_gsm 
[2024-08-06T17:01:56.823+0000] {extract.py:127} INFO - where date is 2024-02-12
[2024-08-06T17:01:56.824+0000] {extract.py:102} INFO - get data to date 20240212
[2024-08-06T17:01:56.836+0000] {warnings.py:112} WARNING - /opt/***/dags/gps/common/extract.py:103: UserWarning: pandas only supports SQLAlchemy connectable (engine/connection) or database string URI or sqlite3 DBAPI2 connection. Other DBAPI2 objects are not tested. Please consider using SQLAlchemy.
  df_ = pd.read_sql_query(sql_query, conn, params=params)

[2024-08-06T17:01:57.276+0000] {rwminio.py:19} INFO - start to save data
[2024-08-06T17:01:57.532+0000] {rwminio.py:34} INFO - data in minio ok
[2024-08-06T17:01:57.532+0000] {python.py:237} INFO - Done. Returned value was: None
[2024-08-06T17:01:57.534+0000] {taskinstance.py:441} INFO - ::group::Post task execution logs
[2024-08-06T17:01:57.561+0000] {taskinstance.py:1206} INFO - Marking task as SUCCESS. dag_id=motower_daily_prod, task_id=extracta, run_id=scheduled__2024-02-13T06:00:00+00:00, execution_date=20240213T060000, start_date=20240806T170156, end_date=20240806T170157
[2024-08-06T17:01:57.620+0000] {local_task_job_runner.py:243} INFO - Task exited with return code 0
[2024-08-06T17:01:57.647+0000] {local_task_job_runner.py:222} INFO - ::endgroup::
[2024-08-06T17:32:12.615+0000] {local_task_job_runner.py:120} INFO - ::group::Pre task execution logs
[2024-08-06T17:32:12.741+0000] {taskinstance.py:2076} INFO - Dependencies all met for dep_context=non-requeueable deps ti=<TaskInstance: motower_daily_prod.extracta scheduled__2024-02-13T06:00:00+00:00 [queued]>
[2024-08-06T17:32:12.771+0000] {taskinstance.py:2076} INFO - Dependencies all met for dep_context=requeueable deps ti=<TaskInstance: motower_daily_prod.extracta scheduled__2024-02-13T06:00:00+00:00 [queued]>
[2024-08-06T17:32:12.772+0000] {taskinstance.py:2306} INFO - Starting attempt 1 of 1
[2024-08-06T17:32:12.811+0000] {taskinstance.py:2330} INFO - Executing <Task(PythonOperator): extracta> on 2024-02-13 06:00:00+00:00
[2024-08-06T17:32:12.834+0000] {warnings.py:112} WARNING - /home/***/.local/lib/python3.12/site-packages/***/task/task_runner/standard_task_runner.py:62: DeprecationWarning: This process (pid=6365) is multi-threaded, use of fork() may lead to deadlocks in the child.
  pid = os.fork()

[2024-08-06T17:32:12.837+0000] {standard_task_runner.py:64} INFO - Started process 6377 to run task
[2024-08-06T17:32:12.849+0000] {standard_task_runner.py:90} INFO - Running: ['***', 'tasks', 'run', 'motower_daily_prod', 'extracta', 'scheduled__2024-02-13T06:00:00+00:00', '--job-id', '1692', '--raw', '--subdir', 'DAGS_FOLDER/gps/custom_dags/motower_daily.py', '--cfg-path', '/tmp/tmp5kzraw2t']
[2024-08-06T17:32:12.853+0000] {standard_task_runner.py:91} INFO - Job 1692: Subtask extracta
[2024-08-06T17:32:12.996+0000] {task_command.py:426} INFO - Running <TaskInstance: motower_daily_prod.extracta scheduled__2024-02-13T06:00:00+00:00 [running]> on host 13681191f11c
[2024-08-06T17:32:13.256+0000] {taskinstance.py:2648} INFO - Exporting env vars: AIRFLOW_CTX_DAG_EMAIL='richmond.kongo@orange.com,assane.diop@orange.com,cyrille1.danho@orange.com,mohamed2.sylla@orange.com,amadou.diomande@orange.com,Jonas.kouame@orange.com,armand.kablan@orange.com,anicet.azombade@orange.com,etienne.kouadio@orange.com,bertine.kouakou@orange.com,florentine.kouakou@orange.com,ange.phaceli@orange.com,soulegame.soro@orange.com,innocent.yengo@orange.com' AIRFLOW_CTX_DAG_OWNER='***' AIRFLOW_CTX_DAG_ID='motower_daily_prod' AIRFLOW_CTX_TASK_ID='extracta' AIRFLOW_CTX_EXECUTION_DATE='2024-02-13T06:00:00+00:00' AIRFLOW_CTX_TRY_NUMBER='1' AIRFLOW_CTX_DAG_RUN_ID='scheduled__2024-02-13T06:00:00+00:00'
[2024-08-06T17:32:13.258+0000] {taskinstance.py:430} INFO - ::endgroup::
[2024-08-06T17:32:13.301+0000] {extract.py:126} INFO - Getting data of the table dtm_motower_gsm 
[2024-08-06T17:32:13.303+0000] {extract.py:127} INFO - where date is 2024-02-12
[2024-08-06T17:32:13.305+0000] {extract.py:102} INFO - get data to date 20240212
[2024-08-06T17:32:13.321+0000] {warnings.py:112} WARNING - /opt/***/dags/gps/common/extract.py:103: UserWarning: pandas only supports SQLAlchemy connectable (engine/connection) or database string URI or sqlite3 DBAPI2 connection. Other DBAPI2 objects are not tested. Please consider using SQLAlchemy.
  df_ = pd.read_sql_query(sql_query, conn, params=params)

[2024-08-06T17:32:13.608+0000] {rwminio.py:19} INFO - start to save data
[2024-08-06T17:32:13.768+0000] {rwminio.py:34} INFO - data in minio ok
[2024-08-06T17:32:13.769+0000] {python.py:237} INFO - Done. Returned value was: None
[2024-08-06T17:32:13.771+0000] {taskinstance.py:441} INFO - ::group::Post task execution logs
[2024-08-06T17:32:13.793+0000] {taskinstance.py:1206} INFO - Marking task as SUCCESS. dag_id=motower_daily_prod, task_id=extracta, run_id=scheduled__2024-02-13T06:00:00+00:00, execution_date=20240213T060000, start_date=20240806T173212, end_date=20240806T173213
[2024-08-06T17:32:13.875+0000] {local_task_job_runner.py:243} INFO - Task exited with return code 0
[2024-08-06T17:32:13.936+0000] {taskinstance.py:3503} INFO - 0 downstream tasks scheduled from follow-on schedule check
[2024-08-06T17:32:13.941+0000] {local_task_job_runner.py:222} INFO - ::endgroup::
[2024-08-06T18:20:04.682+0000] {local_task_job_runner.py:120} INFO - ::group::Pre task execution logs
[2024-08-06T18:20:04.888+0000] {taskinstance.py:2076} INFO - Dependencies all met for dep_context=non-requeueable deps ti=<TaskInstance: motower_daily_prod.extracta scheduled__2024-02-13T06:00:00+00:00 [queued]>
[2024-08-06T18:20:04.958+0000] {taskinstance.py:2076} INFO - Dependencies all met for dep_context=requeueable deps ti=<TaskInstance: motower_daily_prod.extracta scheduled__2024-02-13T06:00:00+00:00 [queued]>
[2024-08-06T18:20:04.964+0000] {taskinstance.py:2306} INFO - Starting attempt 1 of 1
[2024-08-06T18:20:05.050+0000] {taskinstance.py:2330} INFO - Executing <Task(PythonOperator): extracta> on 2024-02-13 06:00:00+00:00
[2024-08-06T18:20:05.086+0000] {warnings.py:112} WARNING - /home/***/.local/lib/python3.12/site-packages/***/task/task_runner/standard_task_runner.py:62: DeprecationWarning: This process (pid=10235) is multi-threaded, use of fork() may lead to deadlocks in the child.
  pid = os.fork()

[2024-08-06T18:20:05.093+0000] {standard_task_runner.py:64} INFO - Started process 10254 to run task
[2024-08-06T18:20:05.100+0000] {standard_task_runner.py:90} INFO - Running: ['***', 'tasks', 'run', 'motower_daily_prod', 'extracta', 'scheduled__2024-02-13T06:00:00+00:00', '--job-id', '2787', '--raw', '--subdir', 'DAGS_FOLDER/gps/custom_dags/motower_daily.py', '--cfg-path', '/tmp/tmpmrx93a99']
[2024-08-06T18:20:05.105+0000] {standard_task_runner.py:91} INFO - Job 2787: Subtask extracta
[2024-08-06T18:20:05.328+0000] {task_command.py:426} INFO - Running <TaskInstance: motower_daily_prod.extracta scheduled__2024-02-13T06:00:00+00:00 [running]> on host 13681191f11c
[2024-08-06T18:20:05.708+0000] {taskinstance.py:2648} INFO - Exporting env vars: AIRFLOW_CTX_DAG_EMAIL='richmond.kongo@orange.com,assane.diop@orange.com,cyrille1.danho@orange.com,mohamed2.sylla@orange.com,amadou.diomande@orange.com,Jonas.kouame@orange.com,armand.kablan@orange.com,anicet.azombade@orange.com,etienne.kouadio@orange.com,bertine.kouakou@orange.com,florentine.kouakou@orange.com,ange.phaceli@orange.com,soulegame.soro@orange.com,innocent.yengo@orange.com' AIRFLOW_CTX_DAG_OWNER='***' AIRFLOW_CTX_DAG_ID='motower_daily_prod' AIRFLOW_CTX_TASK_ID='extracta' AIRFLOW_CTX_EXECUTION_DATE='2024-02-13T06:00:00+00:00' AIRFLOW_CTX_TRY_NUMBER='1' AIRFLOW_CTX_DAG_RUN_ID='scheduled__2024-02-13T06:00:00+00:00'
[2024-08-06T18:20:05.710+0000] {taskinstance.py:430} INFO - ::endgroup::
[2024-08-06T18:20:05.784+0000] {extract.py:126} INFO - Getting data of the table dtm_motower_gsm 
[2024-08-06T18:20:05.785+0000] {extract.py:127} INFO - where date is 2024-02-12
[2024-08-06T18:20:05.785+0000] {extract.py:102} INFO - get data to date 20240212
[2024-08-06T18:20:05.796+0000] {warnings.py:112} WARNING - /opt/***/dags/gps/common/extract.py:103: UserWarning: pandas only supports SQLAlchemy connectable (engine/connection) or database string URI or sqlite3 DBAPI2 connection. Other DBAPI2 objects are not tested. Please consider using SQLAlchemy.
  df_ = pd.read_sql_query(sql_query, conn, params=params)

[2024-08-06T18:20:06.039+0000] {rwminio.py:19} INFO - start to save data
[2024-08-06T18:20:06.248+0000] {rwminio.py:34} INFO - data in minio ok
[2024-08-06T18:20:06.249+0000] {python.py:237} INFO - Done. Returned value was: None
[2024-08-06T18:20:06.250+0000] {taskinstance.py:441} INFO - ::group::Post task execution logs
[2024-08-06T18:20:06.304+0000] {taskinstance.py:1206} INFO - Marking task as SUCCESS. dag_id=motower_daily_prod, task_id=extracta, run_id=scheduled__2024-02-13T06:00:00+00:00, execution_date=20240213T060000, start_date=20240806T182004, end_date=20240806T182006
[2024-08-06T18:20:06.426+0000] {local_task_job_runner.py:243} INFO - Task exited with return code 0
[2024-08-06T18:20:06.471+0000] {local_task_job_runner.py:222} INFO - ::endgroup::
