[2024-08-06T16:58:26.823+0000] {local_task_job_runner.py:120} INFO - ::group::Pre task execution logs
[2024-08-06T16:58:26.936+0000] {taskinstance.py:2076} INFO - Dependencies all met for dep_context=non-requeueable deps ti=<TaskInstance: motower_daily_prod.gen_congestion_task scheduled__2024-01-17T06:00:00+00:00 [queued]>
[2024-08-06T16:58:26.987+0000] {taskinstance.py:2076} INFO - Dependencies all met for dep_context=requeueable deps ti=<TaskInstance: motower_daily_prod.gen_congestion_task scheduled__2024-01-17T06:00:00+00:00 [queued]>
[2024-08-06T16:58:26.988+0000] {taskinstance.py:2306} INFO - Starting attempt 1 of 1
[2024-08-06T16:58:27.040+0000] {taskinstance.py:2330} INFO - Executing <Task(PythonOperator): gen_congestion_task> on 2024-01-17 06:00:00+00:00
[2024-08-06T16:58:27.064+0000] {warnings.py:112} WARNING - /home/***/.local/lib/python3.12/site-packages/***/task/task_runner/standard_task_runner.py:62: DeprecationWarning: This process (pid=1540) is multi-threaded, use of fork() may lead to deadlocks in the child.
  pid = os.fork()

[2024-08-06T16:58:27.067+0000] {standard_task_runner.py:64} INFO - Started process 1555 to run task
[2024-08-06T16:58:27.082+0000] {standard_task_runner.py:90} INFO - Running: ['***', 'tasks', 'run', 'motower_daily_prod', 'gen_congestion_task', 'scheduled__2024-01-17T06:00:00+00:00', '--job-id', '212', '--raw', '--subdir', 'DAGS_FOLDER/gps/custom_dags/motower_daily.py', '--cfg-path', '/tmp/tmph7bmzg5w']
[2024-08-06T16:58:27.087+0000] {standard_task_runner.py:91} INFO - Job 212: Subtask gen_congestion_task
[2024-08-06T16:58:27.243+0000] {task_command.py:426} INFO - Running <TaskInstance: motower_daily_prod.gen_congestion_task scheduled__2024-01-17T06:00:00+00:00 [running]> on host 13681191f11c
[2024-08-06T16:58:27.603+0000] {taskinstance.py:2648} INFO - Exporting env vars: AIRFLOW_CTX_DAG_EMAIL='richmond.kongo@orange.com,assane.diop@orange.com,cyrille1.danho@orange.com,mohamed2.sylla@orange.com,amadou.diomande@orange.com,Jonas.kouame@orange.com,armand.kablan@orange.com,anicet.azombade@orange.com,etienne.kouadio@orange.com,bertine.kouakou@orange.com,florentine.kouakou@orange.com,ange.phaceli@orange.com,soulegame.soro@orange.com,innocent.yengo@orange.com' AIRFLOW_CTX_DAG_OWNER='***' AIRFLOW_CTX_DAG_ID='motower_daily_prod' AIRFLOW_CTX_TASK_ID='gen_congestion_task' AIRFLOW_CTX_EXECUTION_DATE='2024-01-17T06:00:00+00:00' AIRFLOW_CTX_TRY_NUMBER='1' AIRFLOW_CTX_DAG_RUN_ID='scheduled__2024-01-17T06:00:00+00:00'
[2024-08-06T16:58:27.605+0000] {taskinstance.py:430} INFO - ::endgroup::
[2024-08-06T16:58:28.736+0000] {python.py:237} INFO - Done. Returned value was: None
[2024-08-06T16:58:28.738+0000] {taskinstance.py:441} INFO - ::group::Post task execution logs
[2024-08-06T16:58:28.769+0000] {taskinstance.py:1206} INFO - Marking task as SUCCESS. dag_id=motower_daily_prod, task_id=gen_congestion_task, run_id=scheduled__2024-01-17T06:00:00+00:00, execution_date=20240117T060000, start_date=20240806T165826, end_date=20240806T165828
[2024-08-06T16:58:29.412+0000] {local_task_job_runner.py:243} INFO - Task exited with return code 0
[2024-08-06T16:58:29.486+0000] {taskinstance.py:3503} INFO - 0 downstream tasks scheduled from follow-on schedule check
[2024-08-06T16:58:29.496+0000] {local_task_job_runner.py:222} INFO - ::endgroup::
[2024-08-06T17:28:49.089+0000] {local_task_job_runner.py:120} INFO - ::group::Pre task execution logs
[2024-08-06T17:28:49.150+0000] {taskinstance.py:2076} INFO - Dependencies all met for dep_context=non-requeueable deps ti=<TaskInstance: motower_daily_prod.gen_congestion_task scheduled__2024-01-17T06:00:00+00:00 [queued]>
[2024-08-06T17:28:49.174+0000] {taskinstance.py:2076} INFO - Dependencies all met for dep_context=requeueable deps ti=<TaskInstance: motower_daily_prod.gen_congestion_task scheduled__2024-01-17T06:00:00+00:00 [queued]>
[2024-08-06T17:28:49.174+0000] {taskinstance.py:2306} INFO - Starting attempt 1 of 1
[2024-08-06T17:28:49.204+0000] {taskinstance.py:2330} INFO - Executing <Task(PythonOperator): gen_congestion_task> on 2024-01-17 06:00:00+00:00
[2024-08-06T17:28:49.218+0000] {warnings.py:112} WARNING - /home/***/.local/lib/python3.12/site-packages/***/task/task_runner/standard_task_runner.py:62: DeprecationWarning: This process (pid=5664) is multi-threaded, use of fork() may lead to deadlocks in the child.
  pid = os.fork()

[2024-08-06T17:28:49.220+0000] {standard_task_runner.py:64} INFO - Started process 5673 to run task
[2024-08-06T17:28:49.221+0000] {standard_task_runner.py:90} INFO - Running: ['***', 'tasks', 'run', 'motower_daily_prod', 'gen_congestion_task', 'scheduled__2024-01-17T06:00:00+00:00', '--job-id', '1467', '--raw', '--subdir', 'DAGS_FOLDER/gps/custom_dags/motower_daily.py', '--cfg-path', '/tmp/tmp3yqe6j6p']
[2024-08-06T17:28:49.224+0000] {standard_task_runner.py:91} INFO - Job 1467: Subtask gen_congestion_task
[2024-08-06T17:28:49.308+0000] {task_command.py:426} INFO - Running <TaskInstance: motower_daily_prod.gen_congestion_task scheduled__2024-01-17T06:00:00+00:00 [running]> on host 13681191f11c
[2024-08-06T17:28:49.580+0000] {taskinstance.py:2648} INFO - Exporting env vars: AIRFLOW_CTX_DAG_EMAIL='richmond.kongo@orange.com,assane.diop@orange.com,cyrille1.danho@orange.com,mohamed2.sylla@orange.com,amadou.diomande@orange.com,Jonas.kouame@orange.com,armand.kablan@orange.com,anicet.azombade@orange.com,etienne.kouadio@orange.com,bertine.kouakou@orange.com,florentine.kouakou@orange.com,ange.phaceli@orange.com,soulegame.soro@orange.com,innocent.yengo@orange.com' AIRFLOW_CTX_DAG_OWNER='***' AIRFLOW_CTX_DAG_ID='motower_daily_prod' AIRFLOW_CTX_TASK_ID='gen_congestion_task' AIRFLOW_CTX_EXECUTION_DATE='2024-01-17T06:00:00+00:00' AIRFLOW_CTX_TRY_NUMBER='1' AIRFLOW_CTX_DAG_RUN_ID='scheduled__2024-01-17T06:00:00+00:00'
[2024-08-06T17:28:49.583+0000] {taskinstance.py:430} INFO - ::endgroup::
[2024-08-06T17:28:50.582+0000] {python.py:237} INFO - Done. Returned value was: None
[2024-08-06T17:28:50.584+0000] {taskinstance.py:441} INFO - ::group::Post task execution logs
[2024-08-06T17:28:50.605+0000] {taskinstance.py:1206} INFO - Marking task as SUCCESS. dag_id=motower_daily_prod, task_id=gen_congestion_task, run_id=scheduled__2024-01-17T06:00:00+00:00, execution_date=20240117T060000, start_date=20240806T172849, end_date=20240806T172850
[2024-08-06T17:28:50.668+0000] {local_task_job_runner.py:243} INFO - Task exited with return code 0
[2024-08-06T17:28:50.704+0000] {taskinstance.py:3503} INFO - 0 downstream tasks scheduled from follow-on schedule check
[2024-08-06T17:28:50.706+0000] {local_task_job_runner.py:222} INFO - ::endgroup::
[2024-08-06T18:16:26.264+0000] {local_task_job_runner.py:120} INFO - ::group::Pre task execution logs
[2024-08-06T18:16:26.355+0000] {taskinstance.py:2076} INFO - Dependencies all met for dep_context=non-requeueable deps ti=<TaskInstance: motower_daily_prod.gen_congestion_task scheduled__2024-01-17T06:00:00+00:00 [queued]>
[2024-08-06T18:16:26.379+0000] {taskinstance.py:2076} INFO - Dependencies all met for dep_context=requeueable deps ti=<TaskInstance: motower_daily_prod.gen_congestion_task scheduled__2024-01-17T06:00:00+00:00 [queued]>
[2024-08-06T18:16:26.380+0000] {taskinstance.py:2306} INFO - Starting attempt 1 of 1
[2024-08-06T18:16:27.062+0000] {taskinstance.py:2330} INFO - Executing <Task(PythonOperator): gen_congestion_task> on 2024-01-17 06:00:00+00:00
[2024-08-06T18:16:27.093+0000] {warnings.py:112} WARNING - /home/***/.local/lib/python3.12/site-packages/***/task/task_runner/standard_task_runner.py:62: DeprecationWarning: This process (pid=9524) is multi-threaded, use of fork() may lead to deadlocks in the child.
  pid = os.fork()

[2024-08-06T18:16:27.096+0000] {standard_task_runner.py:64} INFO - Started process 9540 to run task
[2024-08-06T18:16:27.100+0000] {standard_task_runner.py:90} INFO - Running: ['***', 'tasks', 'run', 'motower_daily_prod', 'gen_congestion_task', 'scheduled__2024-01-17T06:00:00+00:00', '--job-id', '2563', '--raw', '--subdir', 'DAGS_FOLDER/gps/custom_dags/motower_daily.py', '--cfg-path', '/tmp/tmp99pr9sss']
[2024-08-06T18:16:27.104+0000] {standard_task_runner.py:91} INFO - Job 2563: Subtask gen_congestion_task
[2024-08-06T18:16:27.316+0000] {task_command.py:426} INFO - Running <TaskInstance: motower_daily_prod.gen_congestion_task scheduled__2024-01-17T06:00:00+00:00 [running]> on host 13681191f11c
[2024-08-06T18:16:27.644+0000] {taskinstance.py:2648} INFO - Exporting env vars: AIRFLOW_CTX_DAG_EMAIL='richmond.kongo@orange.com,assane.diop@orange.com,cyrille1.danho@orange.com,mohamed2.sylla@orange.com,amadou.diomande@orange.com,Jonas.kouame@orange.com,armand.kablan@orange.com,anicet.azombade@orange.com,etienne.kouadio@orange.com,bertine.kouakou@orange.com,florentine.kouakou@orange.com,ange.phaceli@orange.com,soulegame.soro@orange.com,innocent.yengo@orange.com' AIRFLOW_CTX_DAG_OWNER='***' AIRFLOW_CTX_DAG_ID='motower_daily_prod' AIRFLOW_CTX_TASK_ID='gen_congestion_task' AIRFLOW_CTX_EXECUTION_DATE='2024-01-17T06:00:00+00:00' AIRFLOW_CTX_TRY_NUMBER='1' AIRFLOW_CTX_DAG_RUN_ID='scheduled__2024-01-17T06:00:00+00:00'
[2024-08-06T18:16:27.649+0000] {taskinstance.py:430} INFO - ::endgroup::
[2024-08-06T18:16:29.038+0000] {python.py:237} INFO - Done. Returned value was: None
[2024-08-06T18:16:29.043+0000] {taskinstance.py:441} INFO - ::group::Post task execution logs
[2024-08-06T18:16:29.065+0000] {taskinstance.py:1206} INFO - Marking task as SUCCESS. dag_id=motower_daily_prod, task_id=gen_congestion_task, run_id=scheduled__2024-01-17T06:00:00+00:00, execution_date=20240117T060000, start_date=20240806T181626, end_date=20240806T181629
[2024-08-06T18:16:29.133+0000] {local_task_job_runner.py:243} INFO - Task exited with return code 0
[2024-08-06T18:16:29.181+0000] {taskinstance.py:3503} INFO - 0 downstream tasks scheduled from follow-on schedule check
[2024-08-06T18:16:29.190+0000] {local_task_job_runner.py:222} INFO - ::endgroup::
