[2024-08-06T17:10:16.395+0000] {local_task_job_runner.py:120} INFO - ::group::Pre task execution logs
[2024-08-06T17:10:16.464+0000] {taskinstance.py:2076} INFO - Dependencies all met for dep_context=non-requeueable deps ti=<TaskInstance: motower_daily_prod.clean_trafic_task scheduled__2024-04-12T06:00:00+00:00 [queued]>
[2024-08-06T17:10:16.489+0000] {taskinstance.py:2076} INFO - Dependencies all met for dep_context=requeueable deps ti=<TaskInstance: motower_daily_prod.clean_trafic_task scheduled__2024-04-12T06:00:00+00:00 [queued]>
[2024-08-06T17:10:16.489+0000] {taskinstance.py:2306} INFO - Starting attempt 1 of 1
[2024-08-06T17:10:16.521+0000] {taskinstance.py:2330} INFO - Executing <Task(PythonOperator): clean_trafic_task> on 2024-04-12 06:00:00+00:00
[2024-08-06T17:10:16.535+0000] {warnings.py:112} WARNING - /home/***/.local/lib/python3.12/site-packages/***/task/task_runner/standard_task_runner.py:62: DeprecationWarning: This process (pid=3948) is multi-threaded, use of fork() may lead to deadlocks in the child.
  pid = os.fork()

[2024-08-06T17:10:16.537+0000] {standard_task_runner.py:64} INFO - Started process 3961 to run task
[2024-08-06T17:10:16.541+0000] {standard_task_runner.py:90} INFO - Running: ['***', 'tasks', 'run', 'motower_daily_prod', 'clean_trafic_task', 'scheduled__2024-04-12T06:00:00+00:00', '--job-id', '972', '--raw', '--subdir', 'DAGS_FOLDER/gps/custom_dags/motower_daily.py', '--cfg-path', '/tmp/tmp_tau7a0y']
[2024-08-06T17:10:16.545+0000] {standard_task_runner.py:91} INFO - Job 972: Subtask clean_trafic_task
[2024-08-06T17:10:16.625+0000] {task_command.py:426} INFO - Running <TaskInstance: motower_daily_prod.clean_trafic_task scheduled__2024-04-12T06:00:00+00:00 [running]> on host 13681191f11c
[2024-08-06T17:10:16.899+0000] {taskinstance.py:2648} INFO - Exporting env vars: AIRFLOW_CTX_DAG_EMAIL='richmond.kongo@orange.com,assane.diop@orange.com,cyrille1.danho@orange.com,mohamed2.sylla@orange.com,amadou.diomande@orange.com,Jonas.kouame@orange.com,armand.kablan@orange.com,anicet.azombade@orange.com,etienne.kouadio@orange.com,bertine.kouakou@orange.com,florentine.kouakou@orange.com,ange.phaceli@orange.com,soulegame.soro@orange.com,innocent.yengo@orange.com' AIRFLOW_CTX_DAG_OWNER='***' AIRFLOW_CTX_DAG_ID='motower_daily_prod' AIRFLOW_CTX_TASK_ID='clean_trafic_task' AIRFLOW_CTX_EXECUTION_DATE='2024-04-12T06:00:00+00:00' AIRFLOW_CTX_TRY_NUMBER='1' AIRFLOW_CTX_DAG_RUN_ID='scheduled__2024-04-12T06:00:00+00:00'
[2024-08-06T17:10:16.901+0000] {taskinstance.py:430} INFO - ::endgroup::
[2024-08-06T17:10:17.086+0000] {data_validation.py:11} INFO - START VALIDATION OF COLUMN trafic_data_go
[2024-08-06T17:10:17.089+0000] {data_validation.py:20} INFO - DATA OF COLUMN trafic_data_go ARE VALID
[2024-08-06T17:10:17.090+0000] {data_validation.py:11} INFO - START VALIDATION OF COLUMN trafic_voix_erl
[2024-08-06T17:10:17.091+0000] {data_validation.py:20} INFO - DATA OF COLUMN trafic_voix_erl ARE VALID
[2024-08-06T17:10:17.092+0000] {motower_daily.py:267} INFO - prepare final data
[2024-08-06T17:10:17.143+0000] {logging_mixin.py:188} INFO - ================================
[2024-08-06T17:10:17.144+0000] {logging_mixin.py:188} INFO - object
[2024-08-06T17:10:17.915+0000] {python.py:237} INFO - Done. Returned value was: None
[2024-08-06T17:10:17.916+0000] {taskinstance.py:441} INFO - ::group::Post task execution logs
[2024-08-06T17:10:17.934+0000] {taskinstance.py:1206} INFO - Marking task as SUCCESS. dag_id=motower_daily_prod, task_id=clean_trafic_task, run_id=scheduled__2024-04-12T06:00:00+00:00, execution_date=20240412T060000, start_date=20240806T171016, end_date=20240806T171017
[2024-08-06T17:10:17.984+0000] {local_task_job_runner.py:243} INFO - Task exited with return code 0
[2024-08-06T17:10:18.003+0000] {local_task_job_runner.py:222} INFO - ::endgroup::
[2024-08-06T17:40:51.285+0000] {local_task_job_runner.py:120} INFO - ::group::Pre task execution logs
[2024-08-06T17:40:51.465+0000] {taskinstance.py:2076} INFO - Dependencies all met for dep_context=non-requeueable deps ti=<TaskInstance: motower_daily_prod.clean_trafic_task scheduled__2024-04-12T06:00:00+00:00 [queued]>
[2024-08-06T17:40:51.511+0000] {taskinstance.py:2076} INFO - Dependencies all met for dep_context=requeueable deps ti=<TaskInstance: motower_daily_prod.clean_trafic_task scheduled__2024-04-12T06:00:00+00:00 [queued]>
[2024-08-06T17:40:51.512+0000] {taskinstance.py:2306} INFO - Starting attempt 1 of 1
[2024-08-06T17:40:51.635+0000] {taskinstance.py:2330} INFO - Executing <Task(PythonOperator): clean_trafic_task> on 2024-04-12 06:00:00+00:00
[2024-08-06T17:40:51.657+0000] {warnings.py:112} WARNING - /home/***/.local/lib/python3.12/site-packages/***/task/task_runner/standard_task_runner.py:62: DeprecationWarning: This process (pid=8091) is multi-threaded, use of fork() may lead to deadlocks in the child.
  pid = os.fork()

[2024-08-06T17:40:51.661+0000] {standard_task_runner.py:64} INFO - Started process 8103 to run task
[2024-08-06T17:40:51.669+0000] {standard_task_runner.py:90} INFO - Running: ['***', 'tasks', 'run', 'motower_daily_prod', 'clean_trafic_task', 'scheduled__2024-04-12T06:00:00+00:00', '--job-id', '2232', '--raw', '--subdir', 'DAGS_FOLDER/gps/custom_dags/motower_daily.py', '--cfg-path', '/tmp/tmpnm56hzdc']
[2024-08-06T17:40:51.676+0000] {standard_task_runner.py:91} INFO - Job 2232: Subtask clean_trafic_task
[2024-08-06T17:40:51.826+0000] {task_command.py:426} INFO - Running <TaskInstance: motower_daily_prod.clean_trafic_task scheduled__2024-04-12T06:00:00+00:00 [running]> on host 13681191f11c
[2024-08-06T17:40:52.119+0000] {taskinstance.py:2648} INFO - Exporting env vars: AIRFLOW_CTX_DAG_EMAIL='richmond.kongo@orange.com,assane.diop@orange.com,cyrille1.danho@orange.com,mohamed2.sylla@orange.com,amadou.diomande@orange.com,Jonas.kouame@orange.com,armand.kablan@orange.com,anicet.azombade@orange.com,etienne.kouadio@orange.com,bertine.kouakou@orange.com,florentine.kouakou@orange.com,ange.phaceli@orange.com,soulegame.soro@orange.com,innocent.yengo@orange.com' AIRFLOW_CTX_DAG_OWNER='***' AIRFLOW_CTX_DAG_ID='motower_daily_prod' AIRFLOW_CTX_TASK_ID='clean_trafic_task' AIRFLOW_CTX_EXECUTION_DATE='2024-04-12T06:00:00+00:00' AIRFLOW_CTX_TRY_NUMBER='1' AIRFLOW_CTX_DAG_RUN_ID='scheduled__2024-04-12T06:00:00+00:00'
[2024-08-06T17:40:52.121+0000] {taskinstance.py:430} INFO - ::endgroup::
[2024-08-06T17:40:52.326+0000] {data_validation.py:11} INFO - START VALIDATION OF COLUMN trafic_data_go
[2024-08-06T17:40:52.331+0000] {data_validation.py:20} INFO - DATA OF COLUMN trafic_data_go ARE VALID
[2024-08-06T17:40:52.332+0000] {data_validation.py:11} INFO - START VALIDATION OF COLUMN trafic_voix_erl
[2024-08-06T17:40:52.335+0000] {data_validation.py:20} INFO - DATA OF COLUMN trafic_voix_erl ARE VALID
[2024-08-06T17:40:52.337+0000] {motower_daily.py:267} INFO - prepare final data
[2024-08-06T17:40:52.401+0000] {logging_mixin.py:188} INFO - ================================
[2024-08-06T17:40:52.402+0000] {logging_mixin.py:188} INFO - object
[2024-08-06T17:40:53.257+0000] {python.py:237} INFO - Done. Returned value was: None
[2024-08-06T17:40:53.258+0000] {taskinstance.py:441} INFO - ::group::Post task execution logs
[2024-08-06T17:40:53.279+0000] {taskinstance.py:1206} INFO - Marking task as SUCCESS. dag_id=motower_daily_prod, task_id=clean_trafic_task, run_id=scheduled__2024-04-12T06:00:00+00:00, execution_date=20240412T060000, start_date=20240806T174051, end_date=20240806T174053
[2024-08-06T17:40:53.727+0000] {local_task_job_runner.py:243} INFO - Task exited with return code 0
[2024-08-06T17:40:53.783+0000] {taskinstance.py:3503} INFO - 0 downstream tasks scheduled from follow-on schedule check
[2024-08-06T17:40:53.790+0000] {local_task_job_runner.py:222} INFO - ::endgroup::
