[2024-08-06T17:01:49.161+0000] {local_task_job_runner.py:120} INFO - ::group::Pre task execution logs
[2024-08-06T17:01:49.240+0000] {taskinstance.py:2076} INFO - Dependencies all met for dep_context=non-requeueable deps ti=<TaskInstance: motower_daily_prod.sensor_trafic scheduled__2024-02-13T06:00:00+00:00 [queued]>
[2024-08-06T17:01:49.266+0000] {taskinstance.py:2076} INFO - Dependencies all met for dep_context=requeueable deps ti=<TaskInstance: motower_daily_prod.sensor_trafic scheduled__2024-02-13T06:00:00+00:00 [queued]>
[2024-08-06T17:01:49.266+0000] {taskinstance.py:2306} INFO - Starting attempt 1 of 1
[2024-08-06T17:01:49.294+0000] {taskinstance.py:2330} INFO - Executing <Task(PythonSensor): sensor_trafic> on 2024-02-13 06:00:00+00:00
[2024-08-06T17:01:49.311+0000] {warnings.py:112} WARNING - /home/***/.local/lib/python3.12/site-packages/***/task/task_runner/standard_task_runner.py:62: DeprecationWarning: This process (pid=2209) is multi-threaded, use of fork() may lead to deadlocks in the child.
  pid = os.fork()

[2024-08-06T17:01:49.313+0000] {standard_task_runner.py:64} INFO - Started process 2222 to run task
[2024-08-06T17:01:49.319+0000] {standard_task_runner.py:90} INFO - Running: ['***', 'tasks', 'run', 'motower_daily_prod', 'sensor_trafic', 'scheduled__2024-02-13T06:00:00+00:00', '--job-id', '421', '--raw', '--subdir', 'DAGS_FOLDER/gps/custom_dags/motower_daily.py', '--cfg-path', '/tmp/tmpccsv5akh']
[2024-08-06T17:01:49.323+0000] {standard_task_runner.py:91} INFO - Job 421: Subtask sensor_trafic
[2024-08-06T17:01:49.417+0000] {task_command.py:426} INFO - Running <TaskInstance: motower_daily_prod.sensor_trafic scheduled__2024-02-13T06:00:00+00:00 [running]> on host 13681191f11c
[2024-08-06T17:01:49.642+0000] {taskinstance.py:2648} INFO - Exporting env vars: AIRFLOW_CTX_DAG_EMAIL='richmond.kongo@orange.com,assane.diop@orange.com,cyrille1.danho@orange.com,mohamed2.sylla@orange.com,amadou.diomande@orange.com,Jonas.kouame@orange.com,armand.kablan@orange.com,anicet.azombade@orange.com,etienne.kouadio@orange.com,bertine.kouakou@orange.com,florentine.kouakou@orange.com,ange.phaceli@orange.com,soulegame.soro@orange.com,innocent.yengo@orange.com' AIRFLOW_CTX_DAG_OWNER='***' AIRFLOW_CTX_DAG_ID='motower_daily_prod' AIRFLOW_CTX_TASK_ID='sensor_trafic' AIRFLOW_CTX_EXECUTION_DATE='2024-02-13T06:00:00+00:00' AIRFLOW_CTX_TRY_NUMBER='1' AIRFLOW_CTX_DAG_RUN_ID='scheduled__2024-02-13T06:00:00+00:00'
[2024-08-06T17:01:49.644+0000] {taskinstance.py:430} INFO - ::endgroup::
[2024-08-06T17:01:49.681+0000] {python.py:75} INFO - Poking callable: <function check_data_in_table at 0x701c427f6fc0>
[2024-08-06T17:01:49.688+0000] {extract.py:126} INFO - Getting data of the table ks_daily_tdb_radio_drsi 
[2024-08-06T17:01:49.688+0000] {extract.py:127} INFO - where date is 2024-02-12
[2024-08-06T17:01:49.689+0000] {extract.py:102} INFO - get data to date 2024-02-12
[2024-08-06T17:01:49.700+0000] {warnings.py:112} WARNING - /opt/***/dags/gps/common/extract.py:103: UserWarning: pandas only supports SQLAlchemy connectable (engine/connection) or database string URI or sqlite3 DBAPI2 connection. Other DBAPI2 objects are not tested. Please consider using SQLAlchemy.
  df_ = pd.read_sql_query(sql_query, conn, params=params)

[2024-08-06T17:01:50.264+0000] {base.py:294} INFO - Success criteria met. Exiting.
[2024-08-06T17:01:50.264+0000] {taskinstance.py:441} INFO - ::group::Post task execution logs
[2024-08-06T17:01:50.293+0000] {taskinstance.py:1206} INFO - Marking task as SUCCESS. dag_id=motower_daily_prod, task_id=sensor_trafic, run_id=scheduled__2024-02-13T06:00:00+00:00, execution_date=20240213T060000, start_date=20240806T170149, end_date=20240806T170150
[2024-08-06T17:01:50.673+0000] {local_task_job_runner.py:243} INFO - Task exited with return code 0
[2024-08-06T17:01:50.691+0000] {local_task_job_runner.py:222} INFO - ::endgroup::
[2024-08-06T17:32:08.342+0000] {local_task_job_runner.py:120} INFO - ::group::Pre task execution logs
[2024-08-06T17:32:08.390+0000] {taskinstance.py:2076} INFO - Dependencies all met for dep_context=non-requeueable deps ti=<TaskInstance: motower_daily_prod.sensor_trafic scheduled__2024-02-13T06:00:00+00:00 [queued]>
[2024-08-06T17:32:08.406+0000] {taskinstance.py:2076} INFO - Dependencies all met for dep_context=requeueable deps ti=<TaskInstance: motower_daily_prod.sensor_trafic scheduled__2024-02-13T06:00:00+00:00 [queued]>
[2024-08-06T17:32:08.406+0000] {taskinstance.py:2306} INFO - Starting attempt 1 of 1
[2024-08-06T17:32:08.427+0000] {taskinstance.py:2330} INFO - Executing <Task(PythonSensor): sensor_trafic> on 2024-02-13 06:00:00+00:00
[2024-08-06T17:32:08.437+0000] {warnings.py:112} WARNING - /home/***/.local/lib/python3.12/site-packages/***/task/task_runner/standard_task_runner.py:62: DeprecationWarning: This process (pid=6353) is multi-threaded, use of fork() may lead to deadlocks in the child.
  pid = os.fork()

[2024-08-06T17:32:08.439+0000] {standard_task_runner.py:64} INFO - Started process 6359 to run task
[2024-08-06T17:32:08.440+0000] {standard_task_runner.py:90} INFO - Running: ['***', 'tasks', 'run', 'motower_daily_prod', 'sensor_trafic', 'scheduled__2024-02-13T06:00:00+00:00', '--job-id', '1685', '--raw', '--subdir', 'DAGS_FOLDER/gps/custom_dags/motower_daily.py', '--cfg-path', '/tmp/tmpzmoup3n1']
[2024-08-06T17:32:08.444+0000] {standard_task_runner.py:91} INFO - Job 1685: Subtask sensor_trafic
[2024-08-06T17:32:08.504+0000] {task_command.py:426} INFO - Running <TaskInstance: motower_daily_prod.sensor_trafic scheduled__2024-02-13T06:00:00+00:00 [running]> on host 13681191f11c
[2024-08-06T17:32:08.648+0000] {taskinstance.py:2648} INFO - Exporting env vars: AIRFLOW_CTX_DAG_EMAIL='richmond.kongo@orange.com,assane.diop@orange.com,cyrille1.danho@orange.com,mohamed2.sylla@orange.com,amadou.diomande@orange.com,Jonas.kouame@orange.com,armand.kablan@orange.com,anicet.azombade@orange.com,etienne.kouadio@orange.com,bertine.kouakou@orange.com,florentine.kouakou@orange.com,ange.phaceli@orange.com,soulegame.soro@orange.com,innocent.yengo@orange.com' AIRFLOW_CTX_DAG_OWNER='***' AIRFLOW_CTX_DAG_ID='motower_daily_prod' AIRFLOW_CTX_TASK_ID='sensor_trafic' AIRFLOW_CTX_EXECUTION_DATE='2024-02-13T06:00:00+00:00' AIRFLOW_CTX_TRY_NUMBER='1' AIRFLOW_CTX_DAG_RUN_ID='scheduled__2024-02-13T06:00:00+00:00'
[2024-08-06T17:32:08.649+0000] {taskinstance.py:430} INFO - ::endgroup::
[2024-08-06T17:32:08.670+0000] {python.py:75} INFO - Poking callable: <function check_data_in_table at 0x701c26ea5d00>
[2024-08-06T17:32:08.674+0000] {extract.py:126} INFO - Getting data of the table ks_daily_tdb_radio_drsi 
[2024-08-06T17:32:08.674+0000] {extract.py:127} INFO - where date is 2024-02-12
[2024-08-06T17:32:08.675+0000] {extract.py:102} INFO - get data to date 2024-02-12
[2024-08-06T17:32:08.683+0000] {warnings.py:112} WARNING - /opt/***/dags/gps/common/extract.py:103: UserWarning: pandas only supports SQLAlchemy connectable (engine/connection) or database string URI or sqlite3 DBAPI2 connection. Other DBAPI2 objects are not tested. Please consider using SQLAlchemy.
  df_ = pd.read_sql_query(sql_query, conn, params=params)

[2024-08-06T17:32:08.904+0000] {base.py:294} INFO - Success criteria met. Exiting.
[2024-08-06T17:32:08.905+0000] {taskinstance.py:441} INFO - ::group::Post task execution logs
[2024-08-06T17:32:08.919+0000] {taskinstance.py:1206} INFO - Marking task as SUCCESS. dag_id=motower_daily_prod, task_id=sensor_trafic, run_id=scheduled__2024-02-13T06:00:00+00:00, execution_date=20240213T060000, start_date=20240806T173208, end_date=20240806T173208
[2024-08-06T17:32:08.974+0000] {local_task_job_runner.py:243} INFO - Task exited with return code 0
[2024-08-06T17:32:08.988+0000] {local_task_job_runner.py:222} INFO - ::endgroup::
[2024-08-06T18:19:58.276+0000] {local_task_job_runner.py:120} INFO - ::group::Pre task execution logs
[2024-08-06T18:19:58.369+0000] {taskinstance.py:2076} INFO - Dependencies all met for dep_context=non-requeueable deps ti=<TaskInstance: motower_daily_prod.sensor_trafic scheduled__2024-02-13T06:00:00+00:00 [queued]>
[2024-08-06T18:19:58.406+0000] {taskinstance.py:2076} INFO - Dependencies all met for dep_context=requeueable deps ti=<TaskInstance: motower_daily_prod.sensor_trafic scheduled__2024-02-13T06:00:00+00:00 [queued]>
[2024-08-06T18:19:58.407+0000] {taskinstance.py:2306} INFO - Starting attempt 1 of 1
[2024-08-06T18:19:58.450+0000] {taskinstance.py:2330} INFO - Executing <Task(PythonSensor): sensor_trafic> on 2024-02-13 06:00:00+00:00
[2024-08-06T18:19:58.475+0000] {warnings.py:112} WARNING - /home/***/.local/lib/python3.12/site-packages/***/task/task_runner/standard_task_runner.py:62: DeprecationWarning: This process (pid=10208) is multi-threaded, use of fork() may lead to deadlocks in the child.
  pid = os.fork()

[2024-08-06T18:19:58.477+0000] {standard_task_runner.py:64} INFO - Started process 10224 to run task
[2024-08-06T18:19:58.476+0000] {standard_task_runner.py:90} INFO - Running: ['***', 'tasks', 'run', 'motower_daily_prod', 'sensor_trafic', 'scheduled__2024-02-13T06:00:00+00:00', '--job-id', '2777', '--raw', '--subdir', 'DAGS_FOLDER/gps/custom_dags/motower_daily.py', '--cfg-path', '/tmp/tmp618qk85f']
[2024-08-06T18:19:58.489+0000] {standard_task_runner.py:91} INFO - Job 2777: Subtask sensor_trafic
[2024-08-06T18:19:58.672+0000] {task_command.py:426} INFO - Running <TaskInstance: motower_daily_prod.sensor_trafic scheduled__2024-02-13T06:00:00+00:00 [running]> on host 13681191f11c
[2024-08-06T18:19:58.910+0000] {taskinstance.py:2648} INFO - Exporting env vars: AIRFLOW_CTX_DAG_EMAIL='richmond.kongo@orange.com,assane.diop@orange.com,cyrille1.danho@orange.com,mohamed2.sylla@orange.com,amadou.diomande@orange.com,Jonas.kouame@orange.com,armand.kablan@orange.com,anicet.azombade@orange.com,etienne.kouadio@orange.com,bertine.kouakou@orange.com,florentine.kouakou@orange.com,ange.phaceli@orange.com,soulegame.soro@orange.com,innocent.yengo@orange.com' AIRFLOW_CTX_DAG_OWNER='***' AIRFLOW_CTX_DAG_ID='motower_daily_prod' AIRFLOW_CTX_TASK_ID='sensor_trafic' AIRFLOW_CTX_EXECUTION_DATE='2024-02-13T06:00:00+00:00' AIRFLOW_CTX_TRY_NUMBER='1' AIRFLOW_CTX_DAG_RUN_ID='scheduled__2024-02-13T06:00:00+00:00'
[2024-08-06T18:19:58.912+0000] {taskinstance.py:430} INFO - ::endgroup::
[2024-08-06T18:19:58.954+0000] {python.py:75} INFO - Poking callable: <function check_data_in_table at 0x701c26f73a60>
[2024-08-06T18:19:58.960+0000] {extract.py:126} INFO - Getting data of the table ks_daily_tdb_radio_drsi 
[2024-08-06T18:19:58.960+0000] {extract.py:127} INFO - where date is 2024-02-12
[2024-08-06T18:19:58.961+0000] {extract.py:102} INFO - get data to date 2024-02-12
[2024-08-06T18:19:58.972+0000] {warnings.py:112} WARNING - /opt/***/dags/gps/common/extract.py:103: UserWarning: pandas only supports SQLAlchemy connectable (engine/connection) or database string URI or sqlite3 DBAPI2 connection. Other DBAPI2 objects are not tested. Please consider using SQLAlchemy.
  df_ = pd.read_sql_query(sql_query, conn, params=params)

[2024-08-06T18:19:59.433+0000] {base.py:294} INFO - Success criteria met. Exiting.
[2024-08-06T18:19:59.434+0000] {taskinstance.py:441} INFO - ::group::Post task execution logs
[2024-08-06T18:19:59.469+0000] {taskinstance.py:1206} INFO - Marking task as SUCCESS. dag_id=motower_daily_prod, task_id=sensor_trafic, run_id=scheduled__2024-02-13T06:00:00+00:00, execution_date=20240213T060000, start_date=20240806T181958, end_date=20240806T181959
[2024-08-06T18:20:00.035+0000] {local_task_job_runner.py:243} INFO - Task exited with return code 0
[2024-08-06T18:20:00.073+0000] {local_task_job_runner.py:222} INFO - ::endgroup::
