[2024-08-06T17:07:20.217+0000] {local_task_job_runner.py:120} INFO - ::group::Pre task execution logs
[2024-08-06T17:07:20.290+0000] {taskinstance.py:2076} INFO - Dependencies all met for dep_context=non-requeueable deps ti=<TaskInstance: motower_daily_prod.sensor_congestion scheduled__2024-03-24T06:00:00+00:00 [queued]>
[2024-08-06T17:07:20.330+0000] {taskinstance.py:2076} INFO - Dependencies all met for dep_context=requeueable deps ti=<TaskInstance: motower_daily_prod.sensor_congestion scheduled__2024-03-24T06:00:00+00:00 [queued]>
[2024-08-06T17:07:20.331+0000] {taskinstance.py:2306} INFO - Starting attempt 1 of 1
[2024-08-06T17:07:20.376+0000] {taskinstance.py:2330} INFO - Executing <Task(PythonSensor): sensor_congestion> on 2024-03-24 06:00:00+00:00
[2024-08-06T17:07:20.392+0000] {warnings.py:112} WARNING - /home/***/.local/lib/python3.12/site-packages/***/task/task_runner/standard_task_runner.py:62: DeprecationWarning: This process (pid=3336) is multi-threaded, use of fork() may lead to deadlocks in the child.
  pid = os.fork()

[2024-08-06T17:07:20.395+0000] {standard_task_runner.py:64} INFO - Started process 3348 to run task
[2024-08-06T17:07:20.400+0000] {standard_task_runner.py:90} INFO - Running: ['***', 'tasks', 'run', 'motower_daily_prod', 'sensor_congestion', 'scheduled__2024-03-24T06:00:00+00:00', '--job-id', '778', '--raw', '--subdir', 'DAGS_FOLDER/gps/custom_dags/motower_daily.py', '--cfg-path', '/tmp/tmpg58t2p2r']
[2024-08-06T17:07:20.403+0000] {standard_task_runner.py:91} INFO - Job 778: Subtask sensor_congestion
[2024-08-06T17:07:20.494+0000] {task_command.py:426} INFO - Running <TaskInstance: motower_daily_prod.sensor_congestion scheduled__2024-03-24T06:00:00+00:00 [running]> on host 13681191f11c
[2024-08-06T17:07:20.813+0000] {taskinstance.py:2648} INFO - Exporting env vars: AIRFLOW_CTX_DAG_EMAIL='richmond.kongo@orange.com,assane.diop@orange.com,cyrille1.danho@orange.com,mohamed2.sylla@orange.com,amadou.diomande@orange.com,Jonas.kouame@orange.com,armand.kablan@orange.com,anicet.azombade@orange.com,etienne.kouadio@orange.com,bertine.kouakou@orange.com,florentine.kouakou@orange.com,ange.phaceli@orange.com,soulegame.soro@orange.com,innocent.yengo@orange.com' AIRFLOW_CTX_DAG_OWNER='***' AIRFLOW_CTX_DAG_ID='motower_daily_prod' AIRFLOW_CTX_TASK_ID='sensor_congestion' AIRFLOW_CTX_EXECUTION_DATE='2024-03-24T06:00:00+00:00' AIRFLOW_CTX_TRY_NUMBER='1' AIRFLOW_CTX_DAG_RUN_ID='scheduled__2024-03-24T06:00:00+00:00'
[2024-08-06T17:07:20.815+0000] {taskinstance.py:430} INFO - ::endgroup::
[2024-08-06T17:07:20.848+0000] {python.py:75} INFO - Poking callable: <function check_data_in_table at 0x701c428db060>
[2024-08-06T17:07:20.854+0000] {extract.py:126} INFO - Getting data of the table ks_hebdo_tdb_radio_drsi 
[2024-08-06T17:07:20.855+0000] {extract.py:127} INFO - where date is 2024-03-23
[2024-08-06T17:07:20.855+0000] {extract.py:98} INFO - get data to date 12 and year 2024
[2024-08-06T17:07:20.867+0000] {warnings.py:112} WARNING - /opt/***/dags/gps/common/extract.py:99: UserWarning: pandas only supports SQLAlchemy connectable (engine/connection) or database string URI or sqlite3 DBAPI2 connection. Other DBAPI2 objects are not tested. Please consider using SQLAlchemy.
  df_ = pd.read_sql_query(sql_query, conn, params=params)

[2024-08-06T17:07:21.233+0000] {base.py:294} INFO - Success criteria met. Exiting.
[2024-08-06T17:07:21.234+0000] {taskinstance.py:441} INFO - ::group::Post task execution logs
[2024-08-06T17:07:21.255+0000] {taskinstance.py:1206} INFO - Marking task as SUCCESS. dag_id=motower_daily_prod, task_id=sensor_congestion, run_id=scheduled__2024-03-24T06:00:00+00:00, execution_date=20240324T060000, start_date=20240806T170720, end_date=20240806T170721
[2024-08-06T17:07:21.335+0000] {local_task_job_runner.py:243} INFO - Task exited with return code 0
[2024-08-06T17:07:21.356+0000] {local_task_job_runner.py:222} INFO - ::endgroup::
[2024-08-06T17:38:02.086+0000] {local_task_job_runner.py:120} INFO - ::group::Pre task execution logs
[2024-08-06T17:38:02.591+0000] {taskinstance.py:2076} INFO - Dependencies all met for dep_context=non-requeueable deps ti=<TaskInstance: motower_daily_prod.sensor_congestion scheduled__2024-03-24T06:00:00+00:00 [queued]>
[2024-08-06T17:38:02.663+0000] {taskinstance.py:2076} INFO - Dependencies all met for dep_context=requeueable deps ti=<TaskInstance: motower_daily_prod.sensor_congestion scheduled__2024-03-24T06:00:00+00:00 [queued]>
[2024-08-06T17:38:02.664+0000] {taskinstance.py:2306} INFO - Starting attempt 1 of 1
[2024-08-06T17:38:02.698+0000] {taskinstance.py:2330} INFO - Executing <Task(PythonSensor): sensor_congestion> on 2024-03-24 06:00:00+00:00
[2024-08-06T17:38:02.720+0000] {warnings.py:112} WARNING - /home/***/.local/lib/python3.12/site-packages/***/task/task_runner/standard_task_runner.py:62: DeprecationWarning: This process (pid=7497) is multi-threaded, use of fork() may lead to deadlocks in the child.
  pid = os.fork()

[2024-08-06T17:38:02.723+0000] {standard_task_runner.py:64} INFO - Started process 7517 to run task
[2024-08-06T17:38:02.748+0000] {standard_task_runner.py:90} INFO - Running: ['***', 'tasks', 'run', 'motower_daily_prod', 'sensor_congestion', 'scheduled__2024-03-24T06:00:00+00:00', '--job-id', '2044', '--raw', '--subdir', 'DAGS_FOLDER/gps/custom_dags/motower_daily.py', '--cfg-path', '/tmp/tmpti4ukwfe']
[2024-08-06T17:38:02.753+0000] {standard_task_runner.py:91} INFO - Job 2044: Subtask sensor_congestion
[2024-08-06T17:38:02.961+0000] {task_command.py:426} INFO - Running <TaskInstance: motower_daily_prod.sensor_congestion scheduled__2024-03-24T06:00:00+00:00 [running]> on host 13681191f11c
[2024-08-06T17:38:03.359+0000] {taskinstance.py:2648} INFO - Exporting env vars: AIRFLOW_CTX_DAG_EMAIL='richmond.kongo@orange.com,assane.diop@orange.com,cyrille1.danho@orange.com,mohamed2.sylla@orange.com,amadou.diomande@orange.com,Jonas.kouame@orange.com,armand.kablan@orange.com,anicet.azombade@orange.com,etienne.kouadio@orange.com,bertine.kouakou@orange.com,florentine.kouakou@orange.com,ange.phaceli@orange.com,soulegame.soro@orange.com,innocent.yengo@orange.com' AIRFLOW_CTX_DAG_OWNER='***' AIRFLOW_CTX_DAG_ID='motower_daily_prod' AIRFLOW_CTX_TASK_ID='sensor_congestion' AIRFLOW_CTX_EXECUTION_DATE='2024-03-24T06:00:00+00:00' AIRFLOW_CTX_TRY_NUMBER='1' AIRFLOW_CTX_DAG_RUN_ID='scheduled__2024-03-24T06:00:00+00:00'
[2024-08-06T17:38:03.361+0000] {taskinstance.py:430} INFO - ::endgroup::
[2024-08-06T17:38:03.409+0000] {python.py:75} INFO - Poking callable: <function check_data_in_table at 0x701c42556fc0>
[2024-08-06T17:38:03.417+0000] {extract.py:126} INFO - Getting data of the table ks_hebdo_tdb_radio_drsi 
[2024-08-06T17:38:03.418+0000] {extract.py:127} INFO - where date is 2024-03-23
[2024-08-06T17:38:03.420+0000] {extract.py:98} INFO - get data to date 12 and year 2024
[2024-08-06T17:38:03.431+0000] {warnings.py:112} WARNING - /opt/***/dags/gps/common/extract.py:99: UserWarning: pandas only supports SQLAlchemy connectable (engine/connection) or database string URI or sqlite3 DBAPI2 connection. Other DBAPI2 objects are not tested. Please consider using SQLAlchemy.
  df_ = pd.read_sql_query(sql_query, conn, params=params)

[2024-08-06T17:38:03.762+0000] {base.py:294} INFO - Success criteria met. Exiting.
[2024-08-06T17:38:03.764+0000] {taskinstance.py:441} INFO - ::group::Post task execution logs
[2024-08-06T17:38:03.804+0000] {taskinstance.py:1206} INFO - Marking task as SUCCESS. dag_id=motower_daily_prod, task_id=sensor_congestion, run_id=scheduled__2024-03-24T06:00:00+00:00, execution_date=20240324T060000, start_date=20240806T173802, end_date=20240806T173803
[2024-08-06T17:38:03.900+0000] {local_task_job_runner.py:243} INFO - Task exited with return code 0
[2024-08-06T17:38:03.924+0000] {local_task_job_runner.py:222} INFO - ::endgroup::
[2024-08-06T18:25:43.642+0000] {local_task_job_runner.py:120} INFO - ::group::Pre task execution logs
[2024-08-06T18:25:43.794+0000] {taskinstance.py:2076} INFO - Dependencies all met for dep_context=non-requeueable deps ti=<TaskInstance: motower_daily_prod.sensor_congestion scheduled__2024-03-24T06:00:00+00:00 [queued]>
[2024-08-06T18:25:43.830+0000] {taskinstance.py:2076} INFO - Dependencies all met for dep_context=requeueable deps ti=<TaskInstance: motower_daily_prod.sensor_congestion scheduled__2024-03-24T06:00:00+00:00 [queued]>
[2024-08-06T18:25:43.832+0000] {taskinstance.py:2306} INFO - Starting attempt 1 of 1
[2024-08-06T18:25:43.879+0000] {taskinstance.py:2330} INFO - Executing <Task(PythonSensor): sensor_congestion> on 2024-03-24 06:00:00+00:00
[2024-08-06T18:25:43.895+0000] {warnings.py:112} WARNING - /home/***/.local/lib/python3.12/site-packages/***/task/task_runner/standard_task_runner.py:62: DeprecationWarning: This process (pid=11363) is multi-threaded, use of fork() may lead to deadlocks in the child.
  pid = os.fork()

[2024-08-06T18:25:43.899+0000] {standard_task_runner.py:64} INFO - Started process 11381 to run task
[2024-08-06T18:25:43.898+0000] {standard_task_runner.py:90} INFO - Running: ['***', 'tasks', 'run', 'motower_daily_prod', 'sensor_congestion', 'scheduled__2024-03-24T06:00:00+00:00', '--job-id', '3146', '--raw', '--subdir', 'DAGS_FOLDER/gps/custom_dags/motower_daily.py', '--cfg-path', '/tmp/tmpbzac2mkn']
[2024-08-06T18:25:43.903+0000] {standard_task_runner.py:91} INFO - Job 3146: Subtask sensor_congestion
[2024-08-06T18:25:44.033+0000] {task_command.py:426} INFO - Running <TaskInstance: motower_daily_prod.sensor_congestion scheduled__2024-03-24T06:00:00+00:00 [running]> on host 13681191f11c
[2024-08-06T18:25:44.365+0000] {taskinstance.py:2648} INFO - Exporting env vars: AIRFLOW_CTX_DAG_EMAIL='richmond.kongo@orange.com,assane.diop@orange.com,cyrille1.danho@orange.com,mohamed2.sylla@orange.com,amadou.diomande@orange.com,Jonas.kouame@orange.com,armand.kablan@orange.com,anicet.azombade@orange.com,etienne.kouadio@orange.com,bertine.kouakou@orange.com,florentine.kouakou@orange.com,ange.phaceli@orange.com,soulegame.soro@orange.com,innocent.yengo@orange.com' AIRFLOW_CTX_DAG_OWNER='***' AIRFLOW_CTX_DAG_ID='motower_daily_prod' AIRFLOW_CTX_TASK_ID='sensor_congestion' AIRFLOW_CTX_EXECUTION_DATE='2024-03-24T06:00:00+00:00' AIRFLOW_CTX_TRY_NUMBER='1' AIRFLOW_CTX_DAG_RUN_ID='scheduled__2024-03-24T06:00:00+00:00'
[2024-08-06T18:25:44.366+0000] {taskinstance.py:430} INFO - ::endgroup::
[2024-08-06T18:25:44.399+0000] {python.py:75} INFO - Poking callable: <function check_data_in_table at 0x701c26d9fba0>
[2024-08-06T18:25:44.409+0000] {extract.py:126} INFO - Getting data of the table ks_hebdo_tdb_radio_drsi 
[2024-08-06T18:25:44.411+0000] {extract.py:127} INFO - where date is 2024-03-23
[2024-08-06T18:25:44.412+0000] {extract.py:98} INFO - get data to date 12 and year 2024
[2024-08-06T18:25:44.430+0000] {warnings.py:112} WARNING - /opt/***/dags/gps/common/extract.py:99: UserWarning: pandas only supports SQLAlchemy connectable (engine/connection) or database string URI or sqlite3 DBAPI2 connection. Other DBAPI2 objects are not tested. Please consider using SQLAlchemy.
  df_ = pd.read_sql_query(sql_query, conn, params=params)

[2024-08-06T18:25:45.032+0000] {base.py:294} INFO - Success criteria met. Exiting.
[2024-08-06T18:25:45.033+0000] {taskinstance.py:441} INFO - ::group::Post task execution logs
[2024-08-06T18:25:45.077+0000] {taskinstance.py:1206} INFO - Marking task as SUCCESS. dag_id=motower_daily_prod, task_id=sensor_congestion, run_id=scheduled__2024-03-24T06:00:00+00:00, execution_date=20240324T060000, start_date=20240806T182543, end_date=20240806T182545
[2024-08-06T18:25:45.237+0000] {local_task_job_runner.py:243} INFO - Task exited with return code 0
[2024-08-06T18:25:45.457+0000] {taskinstance.py:3503} INFO - 0 downstream tasks scheduled from follow-on schedule check
[2024-08-06T18:25:45.659+0000] {local_task_job_runner.py:222} INFO - ::endgroup::
