[2024-08-06T17:05:28.133+0000] {local_task_job_runner.py:120} INFO - ::group::Pre task execution logs
[2024-08-06T17:05:28.502+0000] {taskinstance.py:2076} INFO - Dependencies all met for dep_context=non-requeueable deps ti=<TaskInstance: motower_daily_prod.extract_trafic scheduled__2024-03-09T06:00:00+00:00 [queued]>
[2024-08-06T17:05:28.532+0000] {taskinstance.py:2076} INFO - Dependencies all met for dep_context=requeueable deps ti=<TaskInstance: motower_daily_prod.extract_trafic scheduled__2024-03-09T06:00:00+00:00 [queued]>
[2024-08-06T17:05:28.535+0000] {taskinstance.py:2306} INFO - Starting attempt 1 of 1
[2024-08-06T17:05:28.572+0000] {taskinstance.py:2330} INFO - Executing <Task(PythonOperator): extract_trafic> on 2024-03-09 06:00:00+00:00
[2024-08-06T17:05:28.586+0000] {warnings.py:112} WARNING - /home/***/.local/lib/python3.12/site-packages/***/task/task_runner/standard_task_runner.py:62: DeprecationWarning: This process (pid=2955) is multi-threaded, use of fork() may lead to deadlocks in the child.
  pid = os.fork()

[2024-08-06T17:05:28.589+0000] {standard_task_runner.py:64} INFO - Started process 2967 to run task
[2024-08-06T17:05:28.590+0000] {standard_task_runner.py:90} INFO - Running: ['***', 'tasks', 'run', 'motower_daily_prod', 'extract_trafic', 'scheduled__2024-03-09T06:00:00+00:00', '--job-id', '655', '--raw', '--subdir', 'DAGS_FOLDER/gps/custom_dags/motower_daily.py', '--cfg-path', '/tmp/tmp4yjttjs2']
[2024-08-06T17:05:28.594+0000] {standard_task_runner.py:91} INFO - Job 655: Subtask extract_trafic
[2024-08-06T17:05:28.695+0000] {task_command.py:426} INFO - Running <TaskInstance: motower_daily_prod.extract_trafic scheduled__2024-03-09T06:00:00+00:00 [running]> on host 13681191f11c
[2024-08-06T17:05:28.976+0000] {taskinstance.py:2648} INFO - Exporting env vars: AIRFLOW_CTX_DAG_EMAIL='richmond.kongo@orange.com,assane.diop@orange.com,cyrille1.danho@orange.com,mohamed2.sylla@orange.com,amadou.diomande@orange.com,Jonas.kouame@orange.com,armand.kablan@orange.com,anicet.azombade@orange.com,etienne.kouadio@orange.com,bertine.kouakou@orange.com,florentine.kouakou@orange.com,ange.phaceli@orange.com,soulegame.soro@orange.com,innocent.yengo@orange.com' AIRFLOW_CTX_DAG_OWNER='***' AIRFLOW_CTX_DAG_ID='motower_daily_prod' AIRFLOW_CTX_TASK_ID='extract_trafic' AIRFLOW_CTX_EXECUTION_DATE='2024-03-09T06:00:00+00:00' AIRFLOW_CTX_TRY_NUMBER='1' AIRFLOW_CTX_DAG_RUN_ID='scheduled__2024-03-09T06:00:00+00:00'
[2024-08-06T17:05:28.978+0000] {taskinstance.py:430} INFO - ::endgroup::
[2024-08-06T17:05:29.023+0000] {extract.py:126} INFO - Getting data of the table ks_daily_tdb_radio_drsi 
[2024-08-06T17:05:29.024+0000] {extract.py:127} INFO - where date is 2024-03-08
[2024-08-06T17:05:29.024+0000] {extract.py:102} INFO - get data to date 2024-03-08
[2024-08-06T17:05:29.036+0000] {warnings.py:112} WARNING - /opt/***/dags/gps/common/extract.py:103: UserWarning: pandas only supports SQLAlchemy connectable (engine/connection) or database string URI or sqlite3 DBAPI2 connection. Other DBAPI2 objects are not tested. Please consider using SQLAlchemy.
  df_ = pd.read_sql_query(sql_query, conn, params=params)

[2024-08-06T17:05:29.511+0000] {rwminio.py:19} INFO - start to save data
[2024-08-06T17:05:29.720+0000] {rwminio.py:34} INFO - data in minio ok
[2024-08-06T17:05:29.727+0000] {python.py:237} INFO - Done. Returned value was: None
[2024-08-06T17:05:29.728+0000] {taskinstance.py:441} INFO - ::group::Post task execution logs
[2024-08-06T17:05:29.748+0000] {taskinstance.py:1206} INFO - Marking task as SUCCESS. dag_id=motower_daily_prod, task_id=extract_trafic, run_id=scheduled__2024-03-09T06:00:00+00:00, execution_date=20240309T060000, start_date=20240806T170528, end_date=20240806T170529
[2024-08-06T17:05:29.793+0000] {local_task_job_runner.py:243} INFO - Task exited with return code 0
[2024-08-06T17:05:29.821+0000] {local_task_job_runner.py:222} INFO - ::endgroup::
[2024-08-06T17:35:59.150+0000] {local_task_job_runner.py:120} INFO - ::group::Pre task execution logs
[2024-08-06T17:35:59.252+0000] {taskinstance.py:2076} INFO - Dependencies all met for dep_context=non-requeueable deps ti=<TaskInstance: motower_daily_prod.extract_trafic scheduled__2024-03-09T06:00:00+00:00 [queued]>
[2024-08-06T17:35:59.283+0000] {taskinstance.py:2076} INFO - Dependencies all met for dep_context=requeueable deps ti=<TaskInstance: motower_daily_prod.extract_trafic scheduled__2024-03-09T06:00:00+00:00 [queued]>
[2024-08-06T17:35:59.284+0000] {taskinstance.py:2306} INFO - Starting attempt 1 of 1
[2024-08-06T17:35:59.318+0000] {taskinstance.py:2330} INFO - Executing <Task(PythonOperator): extract_trafic> on 2024-03-09 06:00:00+00:00
[2024-08-06T17:35:59.332+0000] {warnings.py:112} WARNING - /home/***/.local/lib/python3.12/site-packages/***/task/task_runner/standard_task_runner.py:62: DeprecationWarning: This process (pid=7093) is multi-threaded, use of fork() may lead to deadlocks in the child.
  pid = os.fork()

[2024-08-06T17:35:59.335+0000] {standard_task_runner.py:64} INFO - Started process 7113 to run task
[2024-08-06T17:35:59.349+0000] {standard_task_runner.py:90} INFO - Running: ['***', 'tasks', 'run', 'motower_daily_prod', 'extract_trafic', 'scheduled__2024-03-09T06:00:00+00:00', '--job-id', '1921', '--raw', '--subdir', 'DAGS_FOLDER/gps/custom_dags/motower_daily.py', '--cfg-path', '/tmp/tmpgbolvong']
[2024-08-06T17:35:59.353+0000] {standard_task_runner.py:91} INFO - Job 1921: Subtask extract_trafic
[2024-08-06T17:35:59.587+0000] {task_command.py:426} INFO - Running <TaskInstance: motower_daily_prod.extract_trafic scheduled__2024-03-09T06:00:00+00:00 [running]> on host 13681191f11c
[2024-08-06T17:35:59.818+0000] {taskinstance.py:2648} INFO - Exporting env vars: AIRFLOW_CTX_DAG_EMAIL='richmond.kongo@orange.com,assane.diop@orange.com,cyrille1.danho@orange.com,mohamed2.sylla@orange.com,amadou.diomande@orange.com,Jonas.kouame@orange.com,armand.kablan@orange.com,anicet.azombade@orange.com,etienne.kouadio@orange.com,bertine.kouakou@orange.com,florentine.kouakou@orange.com,ange.phaceli@orange.com,soulegame.soro@orange.com,innocent.yengo@orange.com' AIRFLOW_CTX_DAG_OWNER='***' AIRFLOW_CTX_DAG_ID='motower_daily_prod' AIRFLOW_CTX_TASK_ID='extract_trafic' AIRFLOW_CTX_EXECUTION_DATE='2024-03-09T06:00:00+00:00' AIRFLOW_CTX_TRY_NUMBER='1' AIRFLOW_CTX_DAG_RUN_ID='scheduled__2024-03-09T06:00:00+00:00'
[2024-08-06T17:35:59.820+0000] {taskinstance.py:430} INFO - ::endgroup::
[2024-08-06T17:35:59.889+0000] {extract.py:126} INFO - Getting data of the table ks_daily_tdb_radio_drsi 
[2024-08-06T17:35:59.889+0000] {extract.py:127} INFO - where date is 2024-03-08
[2024-08-06T17:35:59.890+0000] {extract.py:102} INFO - get data to date 2024-03-08
[2024-08-06T17:35:59.917+0000] {warnings.py:112} WARNING - /opt/***/dags/gps/common/extract.py:103: UserWarning: pandas only supports SQLAlchemy connectable (engine/connection) or database string URI or sqlite3 DBAPI2 connection. Other DBAPI2 objects are not tested. Please consider using SQLAlchemy.
  df_ = pd.read_sql_query(sql_query, conn, params=params)

[2024-08-06T17:36:00.778+0000] {rwminio.py:19} INFO - start to save data
[2024-08-06T17:36:01.314+0000] {rwminio.py:34} INFO - data in minio ok
[2024-08-06T17:36:01.321+0000] {python.py:237} INFO - Done. Returned value was: None
[2024-08-06T17:36:01.328+0000] {taskinstance.py:441} INFO - ::group::Post task execution logs
[2024-08-06T17:36:01.352+0000] {taskinstance.py:1206} INFO - Marking task as SUCCESS. dag_id=motower_daily_prod, task_id=extract_trafic, run_id=scheduled__2024-03-09T06:00:00+00:00, execution_date=20240309T060000, start_date=20240806T173559, end_date=20240806T173601
[2024-08-06T17:36:01.424+0000] {local_task_job_runner.py:243} INFO - Task exited with return code 0
[2024-08-06T17:36:01.451+0000] {local_task_job_runner.py:222} INFO - ::endgroup::
[2024-08-06T18:23:22.247+0000] {local_task_job_runner.py:120} INFO - ::group::Pre task execution logs
[2024-08-06T18:23:22.330+0000] {taskinstance.py:2076} INFO - Dependencies all met for dep_context=non-requeueable deps ti=<TaskInstance: motower_daily_prod.extract_trafic scheduled__2024-03-09T06:00:00+00:00 [queued]>
[2024-08-06T18:23:22.362+0000] {taskinstance.py:2076} INFO - Dependencies all met for dep_context=requeueable deps ti=<TaskInstance: motower_daily_prod.extract_trafic scheduled__2024-03-09T06:00:00+00:00 [queued]>
[2024-08-06T18:23:22.362+0000] {taskinstance.py:2306} INFO - Starting attempt 1 of 1
[2024-08-06T18:23:22.395+0000] {taskinstance.py:2330} INFO - Executing <Task(PythonOperator): extract_trafic> on 2024-03-09 06:00:00+00:00
[2024-08-06T18:23:22.410+0000] {warnings.py:112} WARNING - /home/***/.local/lib/python3.12/site-packages/***/task/task_runner/standard_task_runner.py:62: DeprecationWarning: This process (pid=10957) is multi-threaded, use of fork() may lead to deadlocks in the child.
  pid = os.fork()

[2024-08-06T18:23:22.412+0000] {standard_task_runner.py:64} INFO - Started process 10965 to run task
[2024-08-06T18:23:22.415+0000] {standard_task_runner.py:90} INFO - Running: ['***', 'tasks', 'run', 'motower_daily_prod', 'extract_trafic', 'scheduled__2024-03-09T06:00:00+00:00', '--job-id', '3016', '--raw', '--subdir', 'DAGS_FOLDER/gps/custom_dags/motower_daily.py', '--cfg-path', '/tmp/tmpgda4p8j5']
[2024-08-06T18:23:22.419+0000] {standard_task_runner.py:91} INFO - Job 3016: Subtask extract_trafic
[2024-08-06T18:23:22.570+0000] {task_command.py:426} INFO - Running <TaskInstance: motower_daily_prod.extract_trafic scheduled__2024-03-09T06:00:00+00:00 [running]> on host 13681191f11c
[2024-08-06T18:23:22.842+0000] {taskinstance.py:2648} INFO - Exporting env vars: AIRFLOW_CTX_DAG_EMAIL='richmond.kongo@orange.com,assane.diop@orange.com,cyrille1.danho@orange.com,mohamed2.sylla@orange.com,amadou.diomande@orange.com,Jonas.kouame@orange.com,armand.kablan@orange.com,anicet.azombade@orange.com,etienne.kouadio@orange.com,bertine.kouakou@orange.com,florentine.kouakou@orange.com,ange.phaceli@orange.com,soulegame.soro@orange.com,innocent.yengo@orange.com' AIRFLOW_CTX_DAG_OWNER='***' AIRFLOW_CTX_DAG_ID='motower_daily_prod' AIRFLOW_CTX_TASK_ID='extract_trafic' AIRFLOW_CTX_EXECUTION_DATE='2024-03-09T06:00:00+00:00' AIRFLOW_CTX_TRY_NUMBER='1' AIRFLOW_CTX_DAG_RUN_ID='scheduled__2024-03-09T06:00:00+00:00'
[2024-08-06T18:23:22.844+0000] {taskinstance.py:430} INFO - ::endgroup::
[2024-08-06T18:23:22.882+0000] {extract.py:126} INFO - Getting data of the table ks_daily_tdb_radio_drsi 
[2024-08-06T18:23:22.883+0000] {extract.py:127} INFO - where date is 2024-03-08
[2024-08-06T18:23:22.884+0000] {extract.py:102} INFO - get data to date 2024-03-08
[2024-08-06T18:23:22.895+0000] {warnings.py:112} WARNING - /opt/***/dags/gps/common/extract.py:103: UserWarning: pandas only supports SQLAlchemy connectable (engine/connection) or database string URI or sqlite3 DBAPI2 connection. Other DBAPI2 objects are not tested. Please consider using SQLAlchemy.
  df_ = pd.read_sql_query(sql_query, conn, params=params)

[2024-08-06T18:23:23.253+0000] {rwminio.py:19} INFO - start to save data
[2024-08-06T18:23:23.479+0000] {rwminio.py:34} INFO - data in minio ok
[2024-08-06T18:23:23.489+0000] {python.py:237} INFO - Done. Returned value was: None
[2024-08-06T18:23:23.491+0000] {taskinstance.py:441} INFO - ::group::Post task execution logs
[2024-08-06T18:23:23.512+0000] {taskinstance.py:1206} INFO - Marking task as SUCCESS. dag_id=motower_daily_prod, task_id=extract_trafic, run_id=scheduled__2024-03-09T06:00:00+00:00, execution_date=20240309T060000, start_date=20240806T182322, end_date=20240806T182323
[2024-08-06T18:23:23.567+0000] {local_task_job_runner.py:243} INFO - Task exited with return code 0
[2024-08-06T18:23:23.592+0000] {local_task_job_runner.py:222} INFO - ::endgroup::
