[2024-08-06T17:10:46.133+0000] {local_task_job_runner.py:120} INFO - ::group::Pre task execution logs
[2024-08-06T17:10:46.217+0000] {taskinstance.py:2076} INFO - Dependencies all met for dep_context=non-requeueable deps ti=<TaskInstance: motower_daily_prod.extract_trafic scheduled__2024-04-18T06:00:00+00:00 [queued]>
[2024-08-06T17:10:46.259+0000] {taskinstance.py:2076} INFO - Dependencies all met for dep_context=requeueable deps ti=<TaskInstance: motower_daily_prod.extract_trafic scheduled__2024-04-18T06:00:00+00:00 [queued]>
[2024-08-06T17:10:46.259+0000] {taskinstance.py:2306} INFO - Starting attempt 1 of 1
[2024-08-06T17:10:46.607+0000] {taskinstance.py:2330} INFO - Executing <Task(PythonOperator): extract_trafic> on 2024-04-18 06:00:00+00:00
[2024-08-06T17:10:46.620+0000] {warnings.py:112} WARNING - /home/***/.local/lib/python3.12/site-packages/***/task/task_runner/standard_task_runner.py:62: DeprecationWarning: This process (pid=4083) is multi-threaded, use of fork() may lead to deadlocks in the child.
  pid = os.fork()

[2024-08-06T17:10:46.622+0000] {standard_task_runner.py:64} INFO - Started process 4100 to run task
[2024-08-06T17:10:46.625+0000] {standard_task_runner.py:90} INFO - Running: ['***', 'tasks', 'run', 'motower_daily_prod', 'extract_trafic', 'scheduled__2024-04-18T06:00:00+00:00', '--job-id', '1016', '--raw', '--subdir', 'DAGS_FOLDER/gps/custom_dags/motower_daily.py', '--cfg-path', '/tmp/tmpbcs29j1v']
[2024-08-06T17:10:46.629+0000] {standard_task_runner.py:91} INFO - Job 1016: Subtask extract_trafic
[2024-08-06T17:10:46.730+0000] {task_command.py:426} INFO - Running <TaskInstance: motower_daily_prod.extract_trafic scheduled__2024-04-18T06:00:00+00:00 [running]> on host 13681191f11c
[2024-08-06T17:10:46.994+0000] {taskinstance.py:2648} INFO - Exporting env vars: AIRFLOW_CTX_DAG_EMAIL='richmond.kongo@orange.com,assane.diop@orange.com,cyrille1.danho@orange.com,mohamed2.sylla@orange.com,amadou.diomande@orange.com,Jonas.kouame@orange.com,armand.kablan@orange.com,anicet.azombade@orange.com,etienne.kouadio@orange.com,bertine.kouakou@orange.com,florentine.kouakou@orange.com,ange.phaceli@orange.com,soulegame.soro@orange.com,innocent.yengo@orange.com' AIRFLOW_CTX_DAG_OWNER='***' AIRFLOW_CTX_DAG_ID='motower_daily_prod' AIRFLOW_CTX_TASK_ID='extract_trafic' AIRFLOW_CTX_EXECUTION_DATE='2024-04-18T06:00:00+00:00' AIRFLOW_CTX_TRY_NUMBER='1' AIRFLOW_CTX_DAG_RUN_ID='scheduled__2024-04-18T06:00:00+00:00'
[2024-08-06T17:10:46.999+0000] {taskinstance.py:430} INFO - ::endgroup::
[2024-08-06T17:10:47.083+0000] {extract.py:126} INFO - Getting data of the table ks_daily_tdb_radio_drsi 
[2024-08-06T17:10:47.084+0000] {extract.py:127} INFO - where date is 2024-04-17
[2024-08-06T17:10:47.085+0000] {extract.py:102} INFO - get data to date 2024-04-17
[2024-08-06T17:10:47.102+0000] {warnings.py:112} WARNING - /opt/***/dags/gps/common/extract.py:103: UserWarning: pandas only supports SQLAlchemy connectable (engine/connection) or database string URI or sqlite3 DBAPI2 connection. Other DBAPI2 objects are not tested. Please consider using SQLAlchemy.
  df_ = pd.read_sql_query(sql_query, conn, params=params)

[2024-08-06T17:10:47.898+0000] {rwminio.py:19} INFO - start to save data
[2024-08-06T17:10:48.052+0000] {rwminio.py:34} INFO - data in minio ok
[2024-08-06T17:10:48.056+0000] {python.py:237} INFO - Done. Returned value was: None
[2024-08-06T17:10:48.057+0000] {taskinstance.py:441} INFO - ::group::Post task execution logs
[2024-08-06T17:10:48.070+0000] {taskinstance.py:1206} INFO - Marking task as SUCCESS. dag_id=motower_daily_prod, task_id=extract_trafic, run_id=scheduled__2024-04-18T06:00:00+00:00, execution_date=20240418T060000, start_date=20240806T171046, end_date=20240806T171048
[2024-08-06T17:10:48.110+0000] {local_task_job_runner.py:243} INFO - Task exited with return code 0
[2024-08-06T17:10:48.124+0000] {local_task_job_runner.py:222} INFO - ::endgroup::
[2024-08-06T17:41:25.836+0000] {local_task_job_runner.py:120} INFO - ::group::Pre task execution logs
[2024-08-06T17:41:26.008+0000] {taskinstance.py:2076} INFO - Dependencies all met for dep_context=non-requeueable deps ti=<TaskInstance: motower_daily_prod.extract_trafic scheduled__2024-04-18T06:00:00+00:00 [queued]>
[2024-08-06T17:41:26.076+0000] {taskinstance.py:2076} INFO - Dependencies all met for dep_context=requeueable deps ti=<TaskInstance: motower_daily_prod.extract_trafic scheduled__2024-04-18T06:00:00+00:00 [queued]>
[2024-08-06T17:41:26.077+0000] {taskinstance.py:2306} INFO - Starting attempt 1 of 1
[2024-08-06T17:41:26.129+0000] {taskinstance.py:2330} INFO - Executing <Task(PythonOperator): extract_trafic> on 2024-04-18 06:00:00+00:00
[2024-08-06T17:41:26.171+0000] {warnings.py:112} WARNING - /home/***/.local/lib/python3.12/site-packages/***/task/task_runner/standard_task_runner.py:62: DeprecationWarning: This process (pid=8219) is multi-threaded, use of fork() may lead to deadlocks in the child.
  pid = os.fork()

[2024-08-06T17:41:26.174+0000] {standard_task_runner.py:64} INFO - Started process 8238 to run task
[2024-08-06T17:41:26.186+0000] {standard_task_runner.py:90} INFO - Running: ['***', 'tasks', 'run', 'motower_daily_prod', 'extract_trafic', 'scheduled__2024-04-18T06:00:00+00:00', '--job-id', '2273', '--raw', '--subdir', 'DAGS_FOLDER/gps/custom_dags/motower_daily.py', '--cfg-path', '/tmp/tmpr1jesblw']
[2024-08-06T17:41:26.190+0000] {standard_task_runner.py:91} INFO - Job 2273: Subtask extract_trafic
[2024-08-06T17:41:26.334+0000] {task_command.py:426} INFO - Running <TaskInstance: motower_daily_prod.extract_trafic scheduled__2024-04-18T06:00:00+00:00 [running]> on host 13681191f11c
[2024-08-06T17:41:26.645+0000] {taskinstance.py:2648} INFO - Exporting env vars: AIRFLOW_CTX_DAG_EMAIL='richmond.kongo@orange.com,assane.diop@orange.com,cyrille1.danho@orange.com,mohamed2.sylla@orange.com,amadou.diomande@orange.com,Jonas.kouame@orange.com,armand.kablan@orange.com,anicet.azombade@orange.com,etienne.kouadio@orange.com,bertine.kouakou@orange.com,florentine.kouakou@orange.com,ange.phaceli@orange.com,soulegame.soro@orange.com,innocent.yengo@orange.com' AIRFLOW_CTX_DAG_OWNER='***' AIRFLOW_CTX_DAG_ID='motower_daily_prod' AIRFLOW_CTX_TASK_ID='extract_trafic' AIRFLOW_CTX_EXECUTION_DATE='2024-04-18T06:00:00+00:00' AIRFLOW_CTX_TRY_NUMBER='1' AIRFLOW_CTX_DAG_RUN_ID='scheduled__2024-04-18T06:00:00+00:00'
[2024-08-06T17:41:26.652+0000] {taskinstance.py:430} INFO - ::endgroup::
[2024-08-06T17:41:26.695+0000] {extract.py:126} INFO - Getting data of the table ks_daily_tdb_radio_drsi 
[2024-08-06T17:41:26.695+0000] {extract.py:127} INFO - where date is 2024-04-17
[2024-08-06T17:41:26.696+0000] {extract.py:102} INFO - get data to date 2024-04-17
[2024-08-06T17:41:26.708+0000] {warnings.py:112} WARNING - /opt/***/dags/gps/common/extract.py:103: UserWarning: pandas only supports SQLAlchemy connectable (engine/connection) or database string URI or sqlite3 DBAPI2 connection. Other DBAPI2 objects are not tested. Please consider using SQLAlchemy.
  df_ = pd.read_sql_query(sql_query, conn, params=params)

[2024-08-06T17:41:27.317+0000] {rwminio.py:19} INFO - start to save data
[2024-08-06T17:41:27.642+0000] {rwminio.py:34} INFO - data in minio ok
[2024-08-06T17:41:27.652+0000] {python.py:237} INFO - Done. Returned value was: None
[2024-08-06T17:41:27.653+0000] {taskinstance.py:441} INFO - ::group::Post task execution logs
[2024-08-06T17:41:27.673+0000] {taskinstance.py:1206} INFO - Marking task as SUCCESS. dag_id=motower_daily_prod, task_id=extract_trafic, run_id=scheduled__2024-04-18T06:00:00+00:00, execution_date=20240418T060000, start_date=20240806T174126, end_date=20240806T174127
[2024-08-06T17:41:27.761+0000] {local_task_job_runner.py:243} INFO - Task exited with return code 0
[2024-08-06T17:41:27.787+0000] {local_task_job_runner.py:222} INFO - ::endgroup::
