[2024-08-06T17:02:55.635+0000] {local_task_job_runner.py:120} INFO - ::group::Pre task execution logs
[2024-08-06T17:02:55.719+0000] {taskinstance.py:2076} INFO - Dependencies all met for dep_context=non-requeueable deps ti=<TaskInstance: motower_daily_prod.extracta scheduled__2024-02-22T06:00:00+00:00 [queued]>
[2024-08-06T17:02:55.746+0000] {taskinstance.py:2076} INFO - Dependencies all met for dep_context=requeueable deps ti=<TaskInstance: motower_daily_prod.extracta scheduled__2024-02-22T06:00:00+00:00 [queued]>
[2024-08-06T17:02:55.747+0000] {taskinstance.py:2306} INFO - Starting attempt 1 of 1
[2024-08-06T17:02:55.784+0000] {taskinstance.py:2330} INFO - Executing <Task(PythonOperator): extracta> on 2024-02-22 06:00:00+00:00
[2024-08-06T17:02:55.800+0000] {warnings.py:112} WARNING - /home/***/.local/lib/python3.12/site-packages/***/task/task_runner/standard_task_runner.py:62: DeprecationWarning: This process (pid=2473) is multi-threaded, use of fork() may lead to deadlocks in the child.
  pid = os.fork()

[2024-08-06T17:02:55.802+0000] {standard_task_runner.py:64} INFO - Started process 2485 to run task
[2024-08-06T17:02:55.805+0000] {standard_task_runner.py:90} INFO - Running: ['***', 'tasks', 'run', 'motower_daily_prod', 'extracta', 'scheduled__2024-02-22T06:00:00+00:00', '--job-id', '506', '--raw', '--subdir', 'DAGS_FOLDER/gps/custom_dags/motower_daily.py', '--cfg-path', '/tmp/tmpsok9yj4z']
[2024-08-06T17:02:55.809+0000] {standard_task_runner.py:91} INFO - Job 506: Subtask extracta
[2024-08-06T17:02:55.922+0000] {task_command.py:426} INFO - Running <TaskInstance: motower_daily_prod.extracta scheduled__2024-02-22T06:00:00+00:00 [running]> on host 13681191f11c
[2024-08-06T17:02:56.130+0000] {taskinstance.py:2648} INFO - Exporting env vars: AIRFLOW_CTX_DAG_EMAIL='richmond.kongo@orange.com,assane.diop@orange.com,cyrille1.danho@orange.com,mohamed2.sylla@orange.com,amadou.diomande@orange.com,Jonas.kouame@orange.com,armand.kablan@orange.com,anicet.azombade@orange.com,etienne.kouadio@orange.com,bertine.kouakou@orange.com,florentine.kouakou@orange.com,ange.phaceli@orange.com,soulegame.soro@orange.com,innocent.yengo@orange.com' AIRFLOW_CTX_DAG_OWNER='***' AIRFLOW_CTX_DAG_ID='motower_daily_prod' AIRFLOW_CTX_TASK_ID='extracta' AIRFLOW_CTX_EXECUTION_DATE='2024-02-22T06:00:00+00:00' AIRFLOW_CTX_TRY_NUMBER='1' AIRFLOW_CTX_DAG_RUN_ID='scheduled__2024-02-22T06:00:00+00:00'
[2024-08-06T17:02:56.132+0000] {taskinstance.py:430} INFO - ::endgroup::
[2024-08-06T17:02:56.163+0000] {extract.py:126} INFO - Getting data of the table dtm_motower_gsm 
[2024-08-06T17:02:56.164+0000] {extract.py:127} INFO - where date is 2024-02-21
[2024-08-06T17:02:56.164+0000] {extract.py:102} INFO - get data to date 20240221
[2024-08-06T17:02:56.174+0000] {warnings.py:112} WARNING - /opt/***/dags/gps/common/extract.py:103: UserWarning: pandas only supports SQLAlchemy connectable (engine/connection) or database string URI or sqlite3 DBAPI2 connection. Other DBAPI2 objects are not tested. Please consider using SQLAlchemy.
  df_ = pd.read_sql_query(sql_query, conn, params=params)

[2024-08-06T17:02:56.302+0000] {rwminio.py:19} INFO - start to save data
[2024-08-06T17:02:56.391+0000] {rwminio.py:34} INFO - data in minio ok
[2024-08-06T17:02:56.391+0000] {python.py:237} INFO - Done. Returned value was: None
[2024-08-06T17:02:56.392+0000] {taskinstance.py:441} INFO - ::group::Post task execution logs
[2024-08-06T17:02:56.413+0000] {taskinstance.py:1206} INFO - Marking task as SUCCESS. dag_id=motower_daily_prod, task_id=extracta, run_id=scheduled__2024-02-22T06:00:00+00:00, execution_date=20240222T060000, start_date=20240806T170255, end_date=20240806T170256
[2024-08-06T17:02:56.466+0000] {local_task_job_runner.py:243} INFO - Task exited with return code 0
[2024-08-06T17:02:56.483+0000] {local_task_job_runner.py:222} INFO - ::endgroup::
[2024-08-06T17:33:41.902+0000] {local_task_job_runner.py:120} INFO - ::group::Pre task execution logs
[2024-08-06T17:33:41.996+0000] {taskinstance.py:2076} INFO - Dependencies all met for dep_context=non-requeueable deps ti=<TaskInstance: motower_daily_prod.extracta scheduled__2024-02-22T06:00:00+00:00 [queued]>
[2024-08-06T17:33:42.023+0000] {taskinstance.py:2076} INFO - Dependencies all met for dep_context=requeueable deps ti=<TaskInstance: motower_daily_prod.extracta scheduled__2024-02-22T06:00:00+00:00 [queued]>
[2024-08-06T17:33:42.024+0000] {taskinstance.py:2306} INFO - Starting attempt 1 of 1
[2024-08-06T17:33:42.058+0000] {taskinstance.py:2330} INFO - Executing <Task(PythonOperator): extracta> on 2024-02-22 06:00:00+00:00
[2024-08-06T17:33:42.074+0000] {warnings.py:112} WARNING - /home/***/.local/lib/python3.12/site-packages/***/task/task_runner/standard_task_runner.py:62: DeprecationWarning: This process (pid=6640) is multi-threaded, use of fork() may lead to deadlocks in the child.
  pid = os.fork()

[2024-08-06T17:33:42.076+0000] {standard_task_runner.py:64} INFO - Started process 6651 to run task
[2024-08-06T17:33:42.083+0000] {standard_task_runner.py:90} INFO - Running: ['***', 'tasks', 'run', 'motower_daily_prod', 'extracta', 'scheduled__2024-02-22T06:00:00+00:00', '--job-id', '1773', '--raw', '--subdir', 'DAGS_FOLDER/gps/custom_dags/motower_daily.py', '--cfg-path', '/tmp/tmptix9uw3q']
[2024-08-06T17:33:42.087+0000] {standard_task_runner.py:91} INFO - Job 1773: Subtask extracta
[2024-08-06T17:33:42.187+0000] {task_command.py:426} INFO - Running <TaskInstance: motower_daily_prod.extracta scheduled__2024-02-22T06:00:00+00:00 [running]> on host 13681191f11c
[2024-08-06T17:33:42.462+0000] {taskinstance.py:2648} INFO - Exporting env vars: AIRFLOW_CTX_DAG_EMAIL='richmond.kongo@orange.com,assane.diop@orange.com,cyrille1.danho@orange.com,mohamed2.sylla@orange.com,amadou.diomande@orange.com,Jonas.kouame@orange.com,armand.kablan@orange.com,anicet.azombade@orange.com,etienne.kouadio@orange.com,bertine.kouakou@orange.com,florentine.kouakou@orange.com,ange.phaceli@orange.com,soulegame.soro@orange.com,innocent.yengo@orange.com' AIRFLOW_CTX_DAG_OWNER='***' AIRFLOW_CTX_DAG_ID='motower_daily_prod' AIRFLOW_CTX_TASK_ID='extracta' AIRFLOW_CTX_EXECUTION_DATE='2024-02-22T06:00:00+00:00' AIRFLOW_CTX_TRY_NUMBER='1' AIRFLOW_CTX_DAG_RUN_ID='scheduled__2024-02-22T06:00:00+00:00'
[2024-08-06T17:33:42.463+0000] {taskinstance.py:430} INFO - ::endgroup::
[2024-08-06T17:33:42.539+0000] {extract.py:126} INFO - Getting data of the table dtm_motower_gsm 
[2024-08-06T17:33:42.540+0000] {extract.py:127} INFO - where date is 2024-02-21
[2024-08-06T17:33:42.540+0000] {extract.py:102} INFO - get data to date 20240221
[2024-08-06T17:33:42.551+0000] {warnings.py:112} WARNING - /opt/***/dags/gps/common/extract.py:103: UserWarning: pandas only supports SQLAlchemy connectable (engine/connection) or database string URI or sqlite3 DBAPI2 connection. Other DBAPI2 objects are not tested. Please consider using SQLAlchemy.
  df_ = pd.read_sql_query(sql_query, conn, params=params)

[2024-08-06T17:33:42.799+0000] {rwminio.py:19} INFO - start to save data
[2024-08-06T17:33:43.025+0000] {rwminio.py:34} INFO - data in minio ok
[2024-08-06T17:33:43.028+0000] {python.py:237} INFO - Done. Returned value was: None
[2024-08-06T17:33:43.029+0000] {taskinstance.py:441} INFO - ::group::Post task execution logs
[2024-08-06T17:33:43.082+0000] {taskinstance.py:1206} INFO - Marking task as SUCCESS. dag_id=motower_daily_prod, task_id=extracta, run_id=scheduled__2024-02-22T06:00:00+00:00, execution_date=20240222T060000, start_date=20240806T173341, end_date=20240806T173343
[2024-08-06T17:33:43.569+0000] {local_task_job_runner.py:243} INFO - Task exited with return code 0
[2024-08-06T17:33:43.630+0000] {taskinstance.py:3503} INFO - 0 downstream tasks scheduled from follow-on schedule check
[2024-08-06T17:33:43.637+0000] {local_task_job_runner.py:222} INFO - ::endgroup::
[2024-08-06T18:21:31.140+0000] {local_task_job_runner.py:120} INFO - ::group::Pre task execution logs
[2024-08-06T18:21:31.719+0000] {taskinstance.py:2076} INFO - Dependencies all met for dep_context=non-requeueable deps ti=<TaskInstance: motower_daily_prod.extracta scheduled__2024-02-22T06:00:00+00:00 [queued]>
[2024-08-06T18:21:31.747+0000] {taskinstance.py:2076} INFO - Dependencies all met for dep_context=requeueable deps ti=<TaskInstance: motower_daily_prod.extracta scheduled__2024-02-22T06:00:00+00:00 [queued]>
[2024-08-06T18:21:31.748+0000] {taskinstance.py:2306} INFO - Starting attempt 1 of 1
[2024-08-06T18:21:31.787+0000] {taskinstance.py:2330} INFO - Executing <Task(PythonOperator): extracta> on 2024-02-22 06:00:00+00:00
[2024-08-06T18:21:31.809+0000] {warnings.py:112} WARNING - /home/***/.local/lib/python3.12/site-packages/***/task/task_runner/standard_task_runner.py:62: DeprecationWarning: This process (pid=10515) is multi-threaded, use of fork() may lead to deadlocks in the child.
  pid = os.fork()

[2024-08-06T18:21:31.817+0000] {standard_task_runner.py:64} INFO - Started process 10540 to run task
[2024-08-06T18:21:31.817+0000] {standard_task_runner.py:90} INFO - Running: ['***', 'tasks', 'run', 'motower_daily_prod', 'extracta', 'scheduled__2024-02-22T06:00:00+00:00', '--job-id', '2876', '--raw', '--subdir', 'DAGS_FOLDER/gps/custom_dags/motower_daily.py', '--cfg-path', '/tmp/tmpvx8jn0ny']
[2024-08-06T18:21:31.828+0000] {standard_task_runner.py:91} INFO - Job 2876: Subtask extracta
[2024-08-06T18:21:31.971+0000] {task_command.py:426} INFO - Running <TaskInstance: motower_daily_prod.extracta scheduled__2024-02-22T06:00:00+00:00 [running]> on host 13681191f11c
[2024-08-06T18:21:32.453+0000] {taskinstance.py:2648} INFO - Exporting env vars: AIRFLOW_CTX_DAG_EMAIL='richmond.kongo@orange.com,assane.diop@orange.com,cyrille1.danho@orange.com,mohamed2.sylla@orange.com,amadou.diomande@orange.com,Jonas.kouame@orange.com,armand.kablan@orange.com,anicet.azombade@orange.com,etienne.kouadio@orange.com,bertine.kouakou@orange.com,florentine.kouakou@orange.com,ange.phaceli@orange.com,soulegame.soro@orange.com,innocent.yengo@orange.com' AIRFLOW_CTX_DAG_OWNER='***' AIRFLOW_CTX_DAG_ID='motower_daily_prod' AIRFLOW_CTX_TASK_ID='extracta' AIRFLOW_CTX_EXECUTION_DATE='2024-02-22T06:00:00+00:00' AIRFLOW_CTX_TRY_NUMBER='1' AIRFLOW_CTX_DAG_RUN_ID='scheduled__2024-02-22T06:00:00+00:00'
[2024-08-06T18:21:32.454+0000] {taskinstance.py:430} INFO - ::endgroup::
[2024-08-06T18:21:32.596+0000] {extract.py:126} INFO - Getting data of the table dtm_motower_gsm 
[2024-08-06T18:21:32.596+0000] {extract.py:127} INFO - where date is 2024-02-21
[2024-08-06T18:21:32.597+0000] {extract.py:102} INFO - get data to date 20240221
[2024-08-06T18:21:32.652+0000] {warnings.py:112} WARNING - /opt/***/dags/gps/common/extract.py:103: UserWarning: pandas only supports SQLAlchemy connectable (engine/connection) or database string URI or sqlite3 DBAPI2 connection. Other DBAPI2 objects are not tested. Please consider using SQLAlchemy.
  df_ = pd.read_sql_query(sql_query, conn, params=params)

[2024-08-06T18:21:33.237+0000] {rwminio.py:19} INFO - start to save data
[2024-08-06T18:21:33.394+0000] {rwminio.py:34} INFO - data in minio ok
[2024-08-06T18:21:33.396+0000] {python.py:237} INFO - Done. Returned value was: None
[2024-08-06T18:21:33.397+0000] {taskinstance.py:441} INFO - ::group::Post task execution logs
[2024-08-06T18:21:33.430+0000] {taskinstance.py:1206} INFO - Marking task as SUCCESS. dag_id=motower_daily_prod, task_id=extracta, run_id=scheduled__2024-02-22T06:00:00+00:00, execution_date=20240222T060000, start_date=20240806T182131, end_date=20240806T182133
[2024-08-06T18:21:33.489+0000] {local_task_job_runner.py:243} INFO - Task exited with return code 0
[2024-08-06T18:21:33.552+0000] {taskinstance.py:3503} INFO - 0 downstream tasks scheduled from follow-on schedule check
[2024-08-06T18:21:33.561+0000] {local_task_job_runner.py:222} INFO - ::endgroup::
