[2024-08-06T17:00:15.642+0000] {local_task_job_runner.py:120} INFO - ::group::Pre task execution logs
[2024-08-06T17:00:15.741+0000] {taskinstance.py:2076} INFO - Dependencies all met for dep_context=non-requeueable deps ti=<TaskInstance: motower_daily_prod.extract_congestion scheduled__2024-01-31T06:00:00+00:00 [queued]>
[2024-08-06T17:00:15.773+0000] {taskinstance.py:2076} INFO - Dependencies all met for dep_context=requeueable deps ti=<TaskInstance: motower_daily_prod.extract_congestion scheduled__2024-01-31T06:00:00+00:00 [queued]>
[2024-08-06T17:00:15.773+0000] {taskinstance.py:2306} INFO - Starting attempt 1 of 1
[2024-08-06T17:00:15.806+0000] {taskinstance.py:2330} INFO - Executing <Task(PythonOperator): extract_congestion> on 2024-01-31 06:00:00+00:00
[2024-08-06T17:00:15.827+0000] {warnings.py:112} WARNING - /home/***/.local/lib/python3.12/site-packages/***/task/task_runner/standard_task_runner.py:62: DeprecationWarning: This process (pid=1881) is multi-threaded, use of fork() may lead to deadlocks in the child.
  pid = os.fork()

[2024-08-06T17:00:15.829+0000] {standard_task_runner.py:64} INFO - Started process 1890 to run task
[2024-08-06T17:00:15.840+0000] {standard_task_runner.py:90} INFO - Running: ['***', 'tasks', 'run', 'motower_daily_prod', 'extract_congestion', 'scheduled__2024-01-31T06:00:00+00:00', '--job-id', '317', '--raw', '--subdir', 'DAGS_FOLDER/gps/custom_dags/motower_daily.py', '--cfg-path', '/tmp/tmpcd2gc16g']
[2024-08-06T17:00:15.845+0000] {standard_task_runner.py:91} INFO - Job 317: Subtask extract_congestion
[2024-08-06T17:00:15.970+0000] {task_command.py:426} INFO - Running <TaskInstance: motower_daily_prod.extract_congestion scheduled__2024-01-31T06:00:00+00:00 [running]> on host 13681191f11c
[2024-08-06T17:00:16.342+0000] {taskinstance.py:2648} INFO - Exporting env vars: AIRFLOW_CTX_DAG_EMAIL='richmond.kongo@orange.com,assane.diop@orange.com,cyrille1.danho@orange.com,mohamed2.sylla@orange.com,amadou.diomande@orange.com,Jonas.kouame@orange.com,armand.kablan@orange.com,anicet.azombade@orange.com,etienne.kouadio@orange.com,bertine.kouakou@orange.com,florentine.kouakou@orange.com,ange.phaceli@orange.com,soulegame.soro@orange.com,innocent.yengo@orange.com' AIRFLOW_CTX_DAG_OWNER='***' AIRFLOW_CTX_DAG_ID='motower_daily_prod' AIRFLOW_CTX_TASK_ID='extract_congestion' AIRFLOW_CTX_EXECUTION_DATE='2024-01-31T06:00:00+00:00' AIRFLOW_CTX_TRY_NUMBER='1' AIRFLOW_CTX_DAG_RUN_ID='scheduled__2024-01-31T06:00:00+00:00'
[2024-08-06T17:00:16.345+0000] {taskinstance.py:430} INFO - ::endgroup::
[2024-08-06T17:00:16.395+0000] {extract.py:126} INFO - Getting data of the table ks_hebdo_tdb_radio_drsi 
[2024-08-06T17:00:16.395+0000] {extract.py:127} INFO - where date is 2024-01-30
[2024-08-06T17:00:16.396+0000] {extract.py:98} INFO - get data to date 5 and year 2024
[2024-08-06T17:00:16.423+0000] {warnings.py:112} WARNING - /opt/***/dags/gps/common/extract.py:99: UserWarning: pandas only supports SQLAlchemy connectable (engine/connection) or database string URI or sqlite3 DBAPI2 connection. Other DBAPI2 objects are not tested. Please consider using SQLAlchemy.
  df_ = pd.read_sql_query(sql_query, conn, params=params)

[2024-08-06T17:00:17.198+0000] {rwminio.py:19} INFO - start to save data
[2024-08-06T17:00:17.455+0000] {rwminio.py:34} INFO - data in minio ok
[2024-08-06T17:00:17.461+0000] {python.py:237} INFO - Done. Returned value was: None
[2024-08-06T17:00:17.463+0000] {taskinstance.py:441} INFO - ::group::Post task execution logs
[2024-08-06T17:00:17.481+0000] {taskinstance.py:1206} INFO - Marking task as SUCCESS. dag_id=motower_daily_prod, task_id=extract_congestion, run_id=scheduled__2024-01-31T06:00:00+00:00, execution_date=20240131T060000, start_date=20240806T170015, end_date=20240806T170017
[2024-08-06T17:00:17.544+0000] {local_task_job_runner.py:243} INFO - Task exited with return code 0
[2024-08-06T17:00:17.604+0000] {taskinstance.py:3503} INFO - 1 downstream tasks scheduled from follow-on schedule check
[2024-08-06T17:00:17.606+0000] {local_task_job_runner.py:222} INFO - ::endgroup::
[2024-08-06T17:30:31.660+0000] {local_task_job_runner.py:120} INFO - ::group::Pre task execution logs
[2024-08-06T17:30:31.876+0000] {taskinstance.py:2076} INFO - Dependencies all met for dep_context=non-requeueable deps ti=<TaskInstance: motower_daily_prod.extract_congestion scheduled__2024-01-31T06:00:00+00:00 [queued]>
[2024-08-06T17:30:31.931+0000] {taskinstance.py:2076} INFO - Dependencies all met for dep_context=requeueable deps ti=<TaskInstance: motower_daily_prod.extract_congestion scheduled__2024-01-31T06:00:00+00:00 [queued]>
[2024-08-06T17:30:31.932+0000] {taskinstance.py:2306} INFO - Starting attempt 1 of 1
[2024-08-06T17:30:32.006+0000] {taskinstance.py:2330} INFO - Executing <Task(PythonOperator): extract_congestion> on 2024-01-31 06:00:00+00:00
[2024-08-06T17:30:32.048+0000] {warnings.py:112} WARNING - /home/***/.local/lib/python3.12/site-packages/***/task/task_runner/standard_task_runner.py:62: DeprecationWarning: This process (pid=6008) is multi-threaded, use of fork() may lead to deadlocks in the child.
  pid = os.fork()

[2024-08-06T17:30:32.050+0000] {standard_task_runner.py:64} INFO - Started process 6022 to run task
[2024-08-06T17:30:32.076+0000] {standard_task_runner.py:90} INFO - Running: ['***', 'tasks', 'run', 'motower_daily_prod', 'extract_congestion', 'scheduled__2024-01-31T06:00:00+00:00', '--job-id', '1575', '--raw', '--subdir', 'DAGS_FOLDER/gps/custom_dags/motower_daily.py', '--cfg-path', '/tmp/tmpmnij37q4']
[2024-08-06T17:30:32.092+0000] {standard_task_runner.py:91} INFO - Job 1575: Subtask extract_congestion
[2024-08-06T17:30:32.281+0000] {task_command.py:426} INFO - Running <TaskInstance: motower_daily_prod.extract_congestion scheduled__2024-01-31T06:00:00+00:00 [running]> on host 13681191f11c
[2024-08-06T17:30:32.670+0000] {taskinstance.py:2648} INFO - Exporting env vars: AIRFLOW_CTX_DAG_EMAIL='richmond.kongo@orange.com,assane.diop@orange.com,cyrille1.danho@orange.com,mohamed2.sylla@orange.com,amadou.diomande@orange.com,Jonas.kouame@orange.com,armand.kablan@orange.com,anicet.azombade@orange.com,etienne.kouadio@orange.com,bertine.kouakou@orange.com,florentine.kouakou@orange.com,ange.phaceli@orange.com,soulegame.soro@orange.com,innocent.yengo@orange.com' AIRFLOW_CTX_DAG_OWNER='***' AIRFLOW_CTX_DAG_ID='motower_daily_prod' AIRFLOW_CTX_TASK_ID='extract_congestion' AIRFLOW_CTX_EXECUTION_DATE='2024-01-31T06:00:00+00:00' AIRFLOW_CTX_TRY_NUMBER='1' AIRFLOW_CTX_DAG_RUN_ID='scheduled__2024-01-31T06:00:00+00:00'
[2024-08-06T17:30:32.672+0000] {taskinstance.py:430} INFO - ::endgroup::
[2024-08-06T17:30:32.750+0000] {extract.py:126} INFO - Getting data of the table ks_hebdo_tdb_radio_drsi 
[2024-08-06T17:30:32.751+0000] {extract.py:127} INFO - where date is 2024-01-30
[2024-08-06T17:30:32.752+0000] {extract.py:98} INFO - get data to date 5 and year 2024
[2024-08-06T17:30:32.763+0000] {warnings.py:112} WARNING - /opt/***/dags/gps/common/extract.py:99: UserWarning: pandas only supports SQLAlchemy connectable (engine/connection) or database string URI or sqlite3 DBAPI2 connection. Other DBAPI2 objects are not tested. Please consider using SQLAlchemy.
  df_ = pd.read_sql_query(sql_query, conn, params=params)

[2024-08-06T17:30:33.090+0000] {rwminio.py:19} INFO - start to save data
[2024-08-06T17:30:33.449+0000] {rwminio.py:34} INFO - data in minio ok
[2024-08-06T17:30:33.459+0000] {python.py:237} INFO - Done. Returned value was: None
[2024-08-06T17:30:33.460+0000] {taskinstance.py:441} INFO - ::group::Post task execution logs
[2024-08-06T17:30:33.555+0000] {taskinstance.py:1206} INFO - Marking task as SUCCESS. dag_id=motower_daily_prod, task_id=extract_congestion, run_id=scheduled__2024-01-31T06:00:00+00:00, execution_date=20240131T060000, start_date=20240806T173031, end_date=20240806T173033
[2024-08-06T17:30:33.700+0000] {local_task_job_runner.py:243} INFO - Task exited with return code 0
[2024-08-06T17:30:33.751+0000] {local_task_job_runner.py:222} INFO - ::endgroup::
[2024-08-06T18:17:57.050+0000] {local_task_job_runner.py:120} INFO - ::group::Pre task execution logs
[2024-08-06T18:17:57.135+0000] {taskinstance.py:2076} INFO - Dependencies all met for dep_context=non-requeueable deps ti=<TaskInstance: motower_daily_prod.extract_congestion scheduled__2024-01-31T06:00:00+00:00 [queued]>
[2024-08-06T18:17:57.179+0000] {taskinstance.py:2076} INFO - Dependencies all met for dep_context=requeueable deps ti=<TaskInstance: motower_daily_prod.extract_congestion scheduled__2024-01-31T06:00:00+00:00 [queued]>
[2024-08-06T18:17:57.180+0000] {taskinstance.py:2306} INFO - Starting attempt 1 of 1
[2024-08-06T18:17:57.214+0000] {taskinstance.py:2330} INFO - Executing <Task(PythonOperator): extract_congestion> on 2024-01-31 06:00:00+00:00
[2024-08-06T18:17:57.229+0000] {warnings.py:112} WARNING - /home/***/.local/lib/python3.12/site-packages/***/task/task_runner/standard_task_runner.py:62: DeprecationWarning: This process (pid=9853) is multi-threaded, use of fork() may lead to deadlocks in the child.
  pid = os.fork()

[2024-08-06T18:17:57.232+0000] {standard_task_runner.py:64} INFO - Started process 9870 to run task
[2024-08-06T18:17:57.239+0000] {standard_task_runner.py:90} INFO - Running: ['***', 'tasks', 'run', 'motower_daily_prod', 'extract_congestion', 'scheduled__2024-01-31T06:00:00+00:00', '--job-id', '2670', '--raw', '--subdir', 'DAGS_FOLDER/gps/custom_dags/motower_daily.py', '--cfg-path', '/tmp/tmp3c7vr0ju']
[2024-08-06T18:17:57.245+0000] {standard_task_runner.py:91} INFO - Job 2670: Subtask extract_congestion
[2024-08-06T18:17:57.369+0000] {task_command.py:426} INFO - Running <TaskInstance: motower_daily_prod.extract_congestion scheduled__2024-01-31T06:00:00+00:00 [running]> on host 13681191f11c
[2024-08-06T18:17:57.596+0000] {taskinstance.py:2648} INFO - Exporting env vars: AIRFLOW_CTX_DAG_EMAIL='richmond.kongo@orange.com,assane.diop@orange.com,cyrille1.danho@orange.com,mohamed2.sylla@orange.com,amadou.diomande@orange.com,Jonas.kouame@orange.com,armand.kablan@orange.com,anicet.azombade@orange.com,etienne.kouadio@orange.com,bertine.kouakou@orange.com,florentine.kouakou@orange.com,ange.phaceli@orange.com,soulegame.soro@orange.com,innocent.yengo@orange.com' AIRFLOW_CTX_DAG_OWNER='***' AIRFLOW_CTX_DAG_ID='motower_daily_prod' AIRFLOW_CTX_TASK_ID='extract_congestion' AIRFLOW_CTX_EXECUTION_DATE='2024-01-31T06:00:00+00:00' AIRFLOW_CTX_TRY_NUMBER='1' AIRFLOW_CTX_DAG_RUN_ID='scheduled__2024-01-31T06:00:00+00:00'
[2024-08-06T18:17:57.598+0000] {taskinstance.py:430} INFO - ::endgroup::
[2024-08-06T18:17:57.691+0000] {extract.py:126} INFO - Getting data of the table ks_hebdo_tdb_radio_drsi 
[2024-08-06T18:17:57.691+0000] {extract.py:127} INFO - where date is 2024-01-30
[2024-08-06T18:17:57.693+0000] {extract.py:98} INFO - get data to date 5 and year 2024
[2024-08-06T18:17:57.705+0000] {warnings.py:112} WARNING - /opt/***/dags/gps/common/extract.py:99: UserWarning: pandas only supports SQLAlchemy connectable (engine/connection) or database string URI or sqlite3 DBAPI2 connection. Other DBAPI2 objects are not tested. Please consider using SQLAlchemy.
  df_ = pd.read_sql_query(sql_query, conn, params=params)

[2024-08-06T18:17:57.972+0000] {rwminio.py:19} INFO - start to save data
[2024-08-06T18:17:58.198+0000] {rwminio.py:34} INFO - data in minio ok
[2024-08-06T18:17:58.206+0000] {python.py:237} INFO - Done. Returned value was: None
[2024-08-06T18:17:58.207+0000] {taskinstance.py:441} INFO - ::group::Post task execution logs
[2024-08-06T18:17:58.222+0000] {taskinstance.py:1206} INFO - Marking task as SUCCESS. dag_id=motower_daily_prod, task_id=extract_congestion, run_id=scheduled__2024-01-31T06:00:00+00:00, execution_date=20240131T060000, start_date=20240806T181757, end_date=20240806T181758
[2024-08-06T18:17:58.301+0000] {local_task_job_runner.py:243} INFO - Task exited with return code 0
[2024-08-06T18:17:58.318+0000] {local_task_job_runner.py:222} INFO - ::endgroup::
