[2024-08-06T17:10:02.673+0000] {local_task_job_runner.py:120} INFO - ::group::Pre task execution logs
[2024-08-06T17:10:02.798+0000] {taskinstance.py:2076} INFO - Dependencies all met for dep_context=non-requeueable deps ti=<TaskInstance: motower_daily_prod.sensor_trafic scheduled__2024-04-12T06:00:00+00:00 [queued]>
[2024-08-06T17:10:02.836+0000] {taskinstance.py:2076} INFO - Dependencies all met for dep_context=requeueable deps ti=<TaskInstance: motower_daily_prod.sensor_trafic scheduled__2024-04-12T06:00:00+00:00 [queued]>
[2024-08-06T17:10:02.836+0000] {taskinstance.py:2306} INFO - Starting attempt 1 of 1
[2024-08-06T17:10:02.869+0000] {taskinstance.py:2330} INFO - Executing <Task(PythonSensor): sensor_trafic> on 2024-04-12 06:00:00+00:00
[2024-08-06T17:10:02.896+0000] {warnings.py:112} WARNING - /home/***/.local/lib/python3.12/site-packages/***/task/task_runner/standard_task_runner.py:62: DeprecationWarning: This process (pid=3890) is multi-threaded, use of fork() may lead to deadlocks in the child.
  pid = os.fork()

[2024-08-06T17:10:02.898+0000] {standard_task_runner.py:64} INFO - Started process 3904 to run task
[2024-08-06T17:10:02.904+0000] {standard_task_runner.py:90} INFO - Running: ['***', 'tasks', 'run', 'motower_daily_prod', 'sensor_trafic', 'scheduled__2024-04-12T06:00:00+00:00', '--job-id', '952', '--raw', '--subdir', 'DAGS_FOLDER/gps/custom_dags/motower_daily.py', '--cfg-path', '/tmp/tmpak_zcx_l']
[2024-08-06T17:10:02.908+0000] {standard_task_runner.py:91} INFO - Job 952: Subtask sensor_trafic
[2024-08-06T17:10:03.026+0000] {task_command.py:426} INFO - Running <TaskInstance: motower_daily_prod.sensor_trafic scheduled__2024-04-12T06:00:00+00:00 [running]> on host 13681191f11c
[2024-08-06T17:10:03.367+0000] {taskinstance.py:2648} INFO - Exporting env vars: AIRFLOW_CTX_DAG_EMAIL='richmond.kongo@orange.com,assane.diop@orange.com,cyrille1.danho@orange.com,mohamed2.sylla@orange.com,amadou.diomande@orange.com,Jonas.kouame@orange.com,armand.kablan@orange.com,anicet.azombade@orange.com,etienne.kouadio@orange.com,bertine.kouakou@orange.com,florentine.kouakou@orange.com,ange.phaceli@orange.com,soulegame.soro@orange.com,innocent.yengo@orange.com' AIRFLOW_CTX_DAG_OWNER='***' AIRFLOW_CTX_DAG_ID='motower_daily_prod' AIRFLOW_CTX_TASK_ID='sensor_trafic' AIRFLOW_CTX_EXECUTION_DATE='2024-04-12T06:00:00+00:00' AIRFLOW_CTX_TRY_NUMBER='1' AIRFLOW_CTX_DAG_RUN_ID='scheduled__2024-04-12T06:00:00+00:00'
[2024-08-06T17:10:03.369+0000] {taskinstance.py:430} INFO - ::endgroup::
[2024-08-06T17:10:03.421+0000] {python.py:75} INFO - Poking callable: <function check_data_in_table at 0x701c426871a0>
[2024-08-06T17:10:03.430+0000] {extract.py:126} INFO - Getting data of the table ks_daily_tdb_radio_drsi 
[2024-08-06T17:10:03.431+0000] {extract.py:127} INFO - where date is 2024-04-11
[2024-08-06T17:10:03.432+0000] {extract.py:102} INFO - get data to date 2024-04-11
[2024-08-06T17:10:03.457+0000] {warnings.py:112} WARNING - /opt/***/dags/gps/common/extract.py:103: UserWarning: pandas only supports SQLAlchemy connectable (engine/connection) or database string URI or sqlite3 DBAPI2 connection. Other DBAPI2 objects are not tested. Please consider using SQLAlchemy.
  df_ = pd.read_sql_query(sql_query, conn, params=params)

[2024-08-06T17:10:03.939+0000] {base.py:294} INFO - Success criteria met. Exiting.
[2024-08-06T17:10:03.940+0000] {taskinstance.py:441} INFO - ::group::Post task execution logs
[2024-08-06T17:10:03.959+0000] {taskinstance.py:1206} INFO - Marking task as SUCCESS. dag_id=motower_daily_prod, task_id=sensor_trafic, run_id=scheduled__2024-04-12T06:00:00+00:00, execution_date=20240412T060000, start_date=20240806T171002, end_date=20240806T171003
[2024-08-06T17:10:04.016+0000] {local_task_job_runner.py:243} INFO - Task exited with return code 0
[2024-08-06T17:10:04.042+0000] {local_task_job_runner.py:222} INFO - ::endgroup::
[2024-08-06T17:40:39.873+0000] {local_task_job_runner.py:120} INFO - ::group::Pre task execution logs
[2024-08-06T17:40:39.939+0000] {taskinstance.py:2076} INFO - Dependencies all met for dep_context=non-requeueable deps ti=<TaskInstance: motower_daily_prod.sensor_trafic scheduled__2024-04-12T06:00:00+00:00 [queued]>
[2024-08-06T17:40:39.966+0000] {taskinstance.py:2076} INFO - Dependencies all met for dep_context=requeueable deps ti=<TaskInstance: motower_daily_prod.sensor_trafic scheduled__2024-04-12T06:00:00+00:00 [queued]>
[2024-08-06T17:40:39.966+0000] {taskinstance.py:2306} INFO - Starting attempt 1 of 1
[2024-08-06T17:40:39.996+0000] {taskinstance.py:2330} INFO - Executing <Task(PythonSensor): sensor_trafic> on 2024-04-12 06:00:00+00:00
[2024-08-06T17:40:40.010+0000] {warnings.py:112} WARNING - /home/***/.local/lib/python3.12/site-packages/***/task/task_runner/standard_task_runner.py:62: DeprecationWarning: This process (pid=8054) is multi-threaded, use of fork() may lead to deadlocks in the child.
  pid = os.fork()

[2024-08-06T17:40:40.012+0000] {standard_task_runner.py:64} INFO - Started process 8059 to run task
[2024-08-06T17:40:40.013+0000] {standard_task_runner.py:90} INFO - Running: ['***', 'tasks', 'run', 'motower_daily_prod', 'sensor_trafic', 'scheduled__2024-04-12T06:00:00+00:00', '--job-id', '2218', '--raw', '--subdir', 'DAGS_FOLDER/gps/custom_dags/motower_daily.py', '--cfg-path', '/tmp/tmp4lrb_z8k']
[2024-08-06T17:40:40.017+0000] {standard_task_runner.py:91} INFO - Job 2218: Subtask sensor_trafic
[2024-08-06T17:40:40.099+0000] {task_command.py:426} INFO - Running <TaskInstance: motower_daily_prod.sensor_trafic scheduled__2024-04-12T06:00:00+00:00 [running]> on host 13681191f11c
[2024-08-06T17:40:40.348+0000] {taskinstance.py:2648} INFO - Exporting env vars: AIRFLOW_CTX_DAG_EMAIL='richmond.kongo@orange.com,assane.diop@orange.com,cyrille1.danho@orange.com,mohamed2.sylla@orange.com,amadou.diomande@orange.com,Jonas.kouame@orange.com,armand.kablan@orange.com,anicet.azombade@orange.com,etienne.kouadio@orange.com,bertine.kouakou@orange.com,florentine.kouakou@orange.com,ange.phaceli@orange.com,soulegame.soro@orange.com,innocent.yengo@orange.com' AIRFLOW_CTX_DAG_OWNER='***' AIRFLOW_CTX_DAG_ID='motower_daily_prod' AIRFLOW_CTX_TASK_ID='sensor_trafic' AIRFLOW_CTX_EXECUTION_DATE='2024-04-12T06:00:00+00:00' AIRFLOW_CTX_TRY_NUMBER='1' AIRFLOW_CTX_DAG_RUN_ID='scheduled__2024-04-12T06:00:00+00:00'
[2024-08-06T17:40:40.350+0000] {taskinstance.py:430} INFO - ::endgroup::
[2024-08-06T17:40:40.390+0000] {python.py:75} INFO - Poking callable: <function check_data_in_table at 0x701c41fe42c0>
[2024-08-06T17:40:40.399+0000] {extract.py:126} INFO - Getting data of the table ks_daily_tdb_radio_drsi 
[2024-08-06T17:40:40.399+0000] {extract.py:127} INFO - where date is 2024-04-11
[2024-08-06T17:40:40.400+0000] {extract.py:102} INFO - get data to date 2024-04-11
[2024-08-06T17:40:40.410+0000] {warnings.py:112} WARNING - /opt/***/dags/gps/common/extract.py:103: UserWarning: pandas only supports SQLAlchemy connectable (engine/connection) or database string URI or sqlite3 DBAPI2 connection. Other DBAPI2 objects are not tested. Please consider using SQLAlchemy.
  df_ = pd.read_sql_query(sql_query, conn, params=params)

[2024-08-06T17:40:40.946+0000] {base.py:294} INFO - Success criteria met. Exiting.
[2024-08-06T17:40:40.947+0000] {taskinstance.py:441} INFO - ::group::Post task execution logs
[2024-08-06T17:40:40.965+0000] {taskinstance.py:1206} INFO - Marking task as SUCCESS. dag_id=motower_daily_prod, task_id=sensor_trafic, run_id=scheduled__2024-04-12T06:00:00+00:00, execution_date=20240412T060000, start_date=20240806T174039, end_date=20240806T174040
[2024-08-06T17:40:41.017+0000] {local_task_job_runner.py:243} INFO - Task exited with return code 0
[2024-08-06T17:40:41.032+0000] {local_task_job_runner.py:222} INFO - ::endgroup::
