[2024-08-06T16:53:48.849+0000] {local_task_job_runner.py:120} INFO - ::group::Pre task execution logs
[2024-08-06T16:53:49.171+0000] {taskinstance.py:2076} INFO - Dependencies all met for dep_context=non-requeueable deps ti=<TaskInstance: motower_daily_prod.sensor_congestion scheduled__2024-01-06T06:00:00+00:00 [queued]>
[2024-08-06T16:53:49.203+0000] {taskinstance.py:2076} INFO - Dependencies all met for dep_context=requeueable deps ti=<TaskInstance: motower_daily_prod.sensor_congestion scheduled__2024-01-06T06:00:00+00:00 [queued]>
[2024-08-06T16:53:49.204+0000] {taskinstance.py:2306} INFO - Starting attempt 1 of 1
[2024-08-06T16:53:49.247+0000] {taskinstance.py:2330} INFO - Executing <Task(PythonSensor): sensor_congestion> on 2024-01-06 06:00:00+00:00
[2024-08-06T16:53:49.264+0000] {warnings.py:112} WARNING - /home/***/.local/lib/python3.12/site-packages/***/task/task_runner/standard_task_runner.py:62: DeprecationWarning: This process (pid=948) is multi-threaded, use of fork() may lead to deadlocks in the child.
  pid = os.fork()

[2024-08-06T16:53:49.266+0000] {standard_task_runner.py:64} INFO - Started process 960 to run task
[2024-08-06T16:53:49.284+0000] {standard_task_runner.py:90} INFO - Running: ['***', 'tasks', 'run', 'motower_daily_prod', 'sensor_congestion', 'scheduled__2024-01-06T06:00:00+00:00', '--job-id', '32', '--raw', '--subdir', 'DAGS_FOLDER/gps/custom_dags/motower_daily.py', '--cfg-path', '/tmp/tmpe7e_uy_h']
[2024-08-06T16:53:49.295+0000] {standard_task_runner.py:91} INFO - Job 32: Subtask sensor_congestion
[2024-08-06T16:53:49.562+0000] {task_command.py:426} INFO - Running <TaskInstance: motower_daily_prod.sensor_congestion scheduled__2024-01-06T06:00:00+00:00 [running]> on host 13681191f11c
[2024-08-06T16:53:49.987+0000] {taskinstance.py:2648} INFO - Exporting env vars: AIRFLOW_CTX_DAG_EMAIL='richmond.kongo@orange.com,assane.diop@orange.com,cyrille1.danho@orange.com,mohamed2.sylla@orange.com,amadou.diomande@orange.com,Jonas.kouame@orange.com,armand.kablan@orange.com,anicet.azombade@orange.com,etienne.kouadio@orange.com,bertine.kouakou@orange.com,florentine.kouakou@orange.com,ange.phaceli@orange.com,soulegame.soro@orange.com,innocent.yengo@orange.com' AIRFLOW_CTX_DAG_OWNER='***' AIRFLOW_CTX_DAG_ID='motower_daily_prod' AIRFLOW_CTX_TASK_ID='sensor_congestion' AIRFLOW_CTX_EXECUTION_DATE='2024-01-06T06:00:00+00:00' AIRFLOW_CTX_TRY_NUMBER='1' AIRFLOW_CTX_DAG_RUN_ID='scheduled__2024-01-06T06:00:00+00:00'
[2024-08-06T16:53:49.991+0000] {taskinstance.py:430} INFO - ::endgroup::
[2024-08-06T16:53:50.101+0000] {python.py:75} INFO - Poking callable: <function check_data_in_table at 0x701c4295e8e0>
[2024-08-06T16:53:50.120+0000] {extract.py:126} INFO - Getting data of the table ks_hebdo_tdb_radio_drsi 
[2024-08-06T16:53:50.121+0000] {extract.py:127} INFO - where date is 2024-01-05
[2024-08-06T16:53:50.122+0000] {extract.py:98} INFO - get data to date 1 and year 2024
[2024-08-06T16:53:50.134+0000] {warnings.py:112} WARNING - /opt/***/dags/gps/common/extract.py:99: UserWarning: pandas only supports SQLAlchemy connectable (engine/connection) or database string URI or sqlite3 DBAPI2 connection. Other DBAPI2 objects are not tested. Please consider using SQLAlchemy.
  df_ = pd.read_sql_query(sql_query, conn, params=params)

[2024-08-06T16:53:50.707+0000] {base.py:294} INFO - Success criteria met. Exiting.
[2024-08-06T16:53:50.709+0000] {taskinstance.py:441} INFO - ::group::Post task execution logs
[2024-08-06T16:53:50.744+0000] {taskinstance.py:1206} INFO - Marking task as SUCCESS. dag_id=motower_daily_prod, task_id=sensor_congestion, run_id=scheduled__2024-01-06T06:00:00+00:00, execution_date=20240106T060000, start_date=20240806T165349, end_date=20240806T165350
[2024-08-06T16:53:50.812+0000] {local_task_job_runner.py:243} INFO - Task exited with return code 0
[2024-08-06T16:53:50.853+0000] {local_task_job_runner.py:222} INFO - ::endgroup::
[2024-08-06T16:56:44.751+0000] {local_task_job_runner.py:120} INFO - ::group::Pre task execution logs
[2024-08-06T16:56:45.470+0000] {taskinstance.py:2076} INFO - Dependencies all met for dep_context=non-requeueable deps ti=<TaskInstance: motower_daily_prod.sensor_congestion scheduled__2024-01-06T06:00:00+00:00 [queued]>
[2024-08-06T16:56:45.496+0000] {taskinstance.py:2076} INFO - Dependencies all met for dep_context=requeueable deps ti=<TaskInstance: motower_daily_prod.sensor_congestion scheduled__2024-01-06T06:00:00+00:00 [queued]>
[2024-08-06T16:56:45.497+0000] {taskinstance.py:2306} INFO - Starting attempt 1 of 1
[2024-08-06T16:56:46.966+0000] {taskinstance.py:2330} INFO - Executing <Task(PythonSensor): sensor_congestion> on 2024-01-06 06:00:00+00:00
[2024-08-06T16:56:46.989+0000] {warnings.py:112} WARNING - /home/***/.local/lib/python3.12/site-packages/***/task/task_runner/standard_task_runner.py:62: DeprecationWarning: This process (pid=1136) is multi-threaded, use of fork() may lead to deadlocks in the child.
  pid = os.fork()

[2024-08-06T16:56:46.992+0000] {standard_task_runner.py:64} INFO - Started process 1156 to run task
[2024-08-06T16:56:47.020+0000] {standard_task_runner.py:90} INFO - Running: ['***', 'tasks', 'run', 'motower_daily_prod', 'sensor_congestion', 'scheduled__2024-01-06T06:00:00+00:00', '--job-id', '81', '--raw', '--subdir', 'DAGS_FOLDER/gps/custom_dags/motower_daily.py', '--cfg-path', '/tmp/tmpd792uuna']
[2024-08-06T16:56:47.025+0000] {standard_task_runner.py:91} INFO - Job 81: Subtask sensor_congestion
[2024-08-06T16:56:47.205+0000] {task_command.py:426} INFO - Running <TaskInstance: motower_daily_prod.sensor_congestion scheduled__2024-01-06T06:00:00+00:00 [running]> on host 13681191f11c
[2024-08-06T16:56:47.503+0000] {taskinstance.py:2648} INFO - Exporting env vars: AIRFLOW_CTX_DAG_EMAIL='richmond.kongo@orange.com,assane.diop@orange.com,cyrille1.danho@orange.com,mohamed2.sylla@orange.com,amadou.diomande@orange.com,Jonas.kouame@orange.com,armand.kablan@orange.com,anicet.azombade@orange.com,etienne.kouadio@orange.com,bertine.kouakou@orange.com,florentine.kouakou@orange.com,ange.phaceli@orange.com,soulegame.soro@orange.com,innocent.yengo@orange.com' AIRFLOW_CTX_DAG_OWNER='***' AIRFLOW_CTX_DAG_ID='motower_daily_prod' AIRFLOW_CTX_TASK_ID='sensor_congestion' AIRFLOW_CTX_EXECUTION_DATE='2024-01-06T06:00:00+00:00' AIRFLOW_CTX_TRY_NUMBER='1' AIRFLOW_CTX_DAG_RUN_ID='scheduled__2024-01-06T06:00:00+00:00'
[2024-08-06T16:56:47.505+0000] {taskinstance.py:430} INFO - ::endgroup::
[2024-08-06T16:56:47.546+0000] {python.py:75} INFO - Poking callable: <function check_data_in_table at 0x701c4289ac00>
[2024-08-06T16:56:47.553+0000] {extract.py:126} INFO - Getting data of the table ks_hebdo_tdb_radio_drsi 
[2024-08-06T16:56:47.553+0000] {extract.py:127} INFO - where date is 2024-01-05
[2024-08-06T16:56:47.554+0000] {extract.py:98} INFO - get data to date 1 and year 2024
[2024-08-06T16:56:47.567+0000] {warnings.py:112} WARNING - /opt/***/dags/gps/common/extract.py:99: UserWarning: pandas only supports SQLAlchemy connectable (engine/connection) or database string URI or sqlite3 DBAPI2 connection. Other DBAPI2 objects are not tested. Please consider using SQLAlchemy.
  df_ = pd.read_sql_query(sql_query, conn, params=params)

[2024-08-06T16:56:47.917+0000] {base.py:294} INFO - Success criteria met. Exiting.
[2024-08-06T16:56:47.918+0000] {taskinstance.py:441} INFO - ::group::Post task execution logs
[2024-08-06T16:56:47.941+0000] {taskinstance.py:1206} INFO - Marking task as SUCCESS. dag_id=motower_daily_prod, task_id=sensor_congestion, run_id=scheduled__2024-01-06T06:00:00+00:00, execution_date=20240106T060000, start_date=20240806T165645, end_date=20240806T165647
[2024-08-06T16:56:48.026+0000] {local_task_job_runner.py:243} INFO - Task exited with return code 0
[2024-08-06T16:56:48.060+0000] {local_task_job_runner.py:222} INFO - ::endgroup::
[2024-08-06T17:27:11.012+0000] {local_task_job_runner.py:120} INFO - ::group::Pre task execution logs
[2024-08-06T17:27:11.088+0000] {taskinstance.py:2076} INFO - Dependencies all met for dep_context=non-requeueable deps ti=<TaskInstance: motower_daily_prod.sensor_congestion scheduled__2024-01-06T06:00:00+00:00 [queued]>
[2024-08-06T17:27:11.113+0000] {taskinstance.py:2076} INFO - Dependencies all met for dep_context=requeueable deps ti=<TaskInstance: motower_daily_prod.sensor_congestion scheduled__2024-01-06T06:00:00+00:00 [queued]>
[2024-08-06T17:27:11.114+0000] {taskinstance.py:2306} INFO - Starting attempt 1 of 1
[2024-08-06T17:27:11.159+0000] {taskinstance.py:2330} INFO - Executing <Task(PythonSensor): sensor_congestion> on 2024-01-06 06:00:00+00:00
[2024-08-06T17:27:11.177+0000] {warnings.py:112} WARNING - /home/***/.local/lib/python3.12/site-packages/***/task/task_runner/standard_task_runner.py:62: DeprecationWarning: This process (pid=5279) is multi-threaded, use of fork() may lead to deadlocks in the child.
  pid = os.fork()

[2024-08-06T17:27:11.179+0000] {standard_task_runner.py:64} INFO - Started process 5294 to run task
[2024-08-06T17:27:11.186+0000] {standard_task_runner.py:90} INFO - Running: ['***', 'tasks', 'run', 'motower_daily_prod', 'sensor_congestion', 'scheduled__2024-01-06T06:00:00+00:00', '--job-id', '1343', '--raw', '--subdir', 'DAGS_FOLDER/gps/custom_dags/motower_daily.py', '--cfg-path', '/tmp/tmphufhmpd4']
[2024-08-06T17:27:11.190+0000] {standard_task_runner.py:91} INFO - Job 1343: Subtask sensor_congestion
[2024-08-06T17:27:11.290+0000] {task_command.py:426} INFO - Running <TaskInstance: motower_daily_prod.sensor_congestion scheduled__2024-01-06T06:00:00+00:00 [running]> on host 13681191f11c
[2024-08-06T17:27:11.514+0000] {taskinstance.py:2648} INFO - Exporting env vars: AIRFLOW_CTX_DAG_EMAIL='richmond.kongo@orange.com,assane.diop@orange.com,cyrille1.danho@orange.com,mohamed2.sylla@orange.com,amadou.diomande@orange.com,Jonas.kouame@orange.com,armand.kablan@orange.com,anicet.azombade@orange.com,etienne.kouadio@orange.com,bertine.kouakou@orange.com,florentine.kouakou@orange.com,ange.phaceli@orange.com,soulegame.soro@orange.com,innocent.yengo@orange.com' AIRFLOW_CTX_DAG_OWNER='***' AIRFLOW_CTX_DAG_ID='motower_daily_prod' AIRFLOW_CTX_TASK_ID='sensor_congestion' AIRFLOW_CTX_EXECUTION_DATE='2024-01-06T06:00:00+00:00' AIRFLOW_CTX_TRY_NUMBER='1' AIRFLOW_CTX_DAG_RUN_ID='scheduled__2024-01-06T06:00:00+00:00'
[2024-08-06T17:27:11.516+0000] {taskinstance.py:430} INFO - ::endgroup::
[2024-08-06T17:27:11.545+0000] {python.py:75} INFO - Poking callable: <function check_data_in_table at 0x701c2702fb00>
[2024-08-06T17:27:11.553+0000] {extract.py:126} INFO - Getting data of the table ks_hebdo_tdb_radio_drsi 
[2024-08-06T17:27:11.553+0000] {extract.py:127} INFO - where date is 2024-01-05
[2024-08-06T17:27:11.554+0000] {extract.py:98} INFO - get data to date 1 and year 2024
[2024-08-06T17:27:11.568+0000] {warnings.py:112} WARNING - /opt/***/dags/gps/common/extract.py:99: UserWarning: pandas only supports SQLAlchemy connectable (engine/connection) or database string URI or sqlite3 DBAPI2 connection. Other DBAPI2 objects are not tested. Please consider using SQLAlchemy.
  df_ = pd.read_sql_query(sql_query, conn, params=params)

[2024-08-06T17:27:11.857+0000] {base.py:294} INFO - Success criteria met. Exiting.
[2024-08-06T17:27:11.858+0000] {taskinstance.py:441} INFO - ::group::Post task execution logs
[2024-08-06T17:27:11.896+0000] {taskinstance.py:1206} INFO - Marking task as SUCCESS. dag_id=motower_daily_prod, task_id=sensor_congestion, run_id=scheduled__2024-01-06T06:00:00+00:00, execution_date=20240106T060000, start_date=20240806T172711, end_date=20240806T172711
[2024-08-06T17:27:11.987+0000] {local_task_job_runner.py:243} INFO - Task exited with return code 0
[2024-08-06T17:27:12.102+0000] {taskinstance.py:3503} INFO - 0 downstream tasks scheduled from follow-on schedule check
[2024-08-06T17:27:12.112+0000] {local_task_job_runner.py:222} INFO - ::endgroup::
[2024-08-06T18:14:50.735+0000] {local_task_job_runner.py:120} INFO - ::group::Pre task execution logs
[2024-08-06T18:14:50.856+0000] {taskinstance.py:2076} INFO - Dependencies all met for dep_context=non-requeueable deps ti=<TaskInstance: motower_daily_prod.sensor_congestion scheduled__2024-01-06T06:00:00+00:00 [queued]>
[2024-08-06T18:14:50.885+0000] {taskinstance.py:2076} INFO - Dependencies all met for dep_context=requeueable deps ti=<TaskInstance: motower_daily_prod.sensor_congestion scheduled__2024-01-06T06:00:00+00:00 [queued]>
[2024-08-06T18:14:50.887+0000] {taskinstance.py:2306} INFO - Starting attempt 1 of 1
[2024-08-06T18:14:50.946+0000] {taskinstance.py:2330} INFO - Executing <Task(PythonSensor): sensor_congestion> on 2024-01-06 06:00:00+00:00
[2024-08-06T18:14:50.975+0000] {warnings.py:112} WARNING - /home/***/.local/lib/python3.12/site-packages/***/task/task_runner/standard_task_runner.py:62: DeprecationWarning: This process (pid=9153) is multi-threaded, use of fork() may lead to deadlocks in the child.
  pid = os.fork()

[2024-08-06T18:14:50.977+0000] {standard_task_runner.py:64} INFO - Started process 9163 to run task
[2024-08-06T18:14:50.991+0000] {standard_task_runner.py:90} INFO - Running: ['***', 'tasks', 'run', 'motower_daily_prod', 'sensor_congestion', 'scheduled__2024-01-06T06:00:00+00:00', '--job-id', '2443', '--raw', '--subdir', 'DAGS_FOLDER/gps/custom_dags/motower_daily.py', '--cfg-path', '/tmp/tmp2x4g3spq']
[2024-08-06T18:14:51.011+0000] {standard_task_runner.py:91} INFO - Job 2443: Subtask sensor_congestion
[2024-08-06T18:14:51.174+0000] {task_command.py:426} INFO - Running <TaskInstance: motower_daily_prod.sensor_congestion scheduled__2024-01-06T06:00:00+00:00 [running]> on host 13681191f11c
[2024-08-06T18:14:51.684+0000] {taskinstance.py:2648} INFO - Exporting env vars: AIRFLOW_CTX_DAG_EMAIL='richmond.kongo@orange.com,assane.diop@orange.com,cyrille1.danho@orange.com,mohamed2.sylla@orange.com,amadou.diomande@orange.com,Jonas.kouame@orange.com,armand.kablan@orange.com,anicet.azombade@orange.com,etienne.kouadio@orange.com,bertine.kouakou@orange.com,florentine.kouakou@orange.com,ange.phaceli@orange.com,soulegame.soro@orange.com,innocent.yengo@orange.com' AIRFLOW_CTX_DAG_OWNER='***' AIRFLOW_CTX_DAG_ID='motower_daily_prod' AIRFLOW_CTX_TASK_ID='sensor_congestion' AIRFLOW_CTX_EXECUTION_DATE='2024-01-06T06:00:00+00:00' AIRFLOW_CTX_TRY_NUMBER='1' AIRFLOW_CTX_DAG_RUN_ID='scheduled__2024-01-06T06:00:00+00:00'
[2024-08-06T18:14:51.686+0000] {taskinstance.py:430} INFO - ::endgroup::
[2024-08-06T18:14:51.729+0000] {python.py:75} INFO - Poking callable: <function check_data_in_table at 0x701c42974360>
[2024-08-06T18:14:51.741+0000] {extract.py:126} INFO - Getting data of the table ks_hebdo_tdb_radio_drsi 
[2024-08-06T18:14:51.742+0000] {extract.py:127} INFO - where date is 2024-01-05
[2024-08-06T18:14:51.742+0000] {extract.py:98} INFO - get data to date 1 and year 2024
[2024-08-06T18:14:51.753+0000] {warnings.py:112} WARNING - /opt/***/dags/gps/common/extract.py:99: UserWarning: pandas only supports SQLAlchemy connectable (engine/connection) or database string URI or sqlite3 DBAPI2 connection. Other DBAPI2 objects are not tested. Please consider using SQLAlchemy.
  df_ = pd.read_sql_query(sql_query, conn, params=params)

[2024-08-06T18:14:52.205+0000] {base.py:294} INFO - Success criteria met. Exiting.
[2024-08-06T18:14:52.205+0000] {taskinstance.py:441} INFO - ::group::Post task execution logs
[2024-08-06T18:14:52.238+0000] {taskinstance.py:1206} INFO - Marking task as SUCCESS. dag_id=motower_daily_prod, task_id=sensor_congestion, run_id=scheduled__2024-01-06T06:00:00+00:00, execution_date=20240106T060000, start_date=20240806T181450, end_date=20240806T181452
[2024-08-06T18:14:52.343+0000] {local_task_job_runner.py:243} INFO - Task exited with return code 0
[2024-08-06T18:14:52.440+0000] {taskinstance.py:3503} INFO - 0 downstream tasks scheduled from follow-on schedule check
[2024-08-06T18:14:52.455+0000] {local_task_job_runner.py:222} INFO - ::endgroup::
