[2024-08-06T16:59:09.128+0000] {local_task_job_runner.py:120} INFO - ::group::Pre task execution logs
[2024-08-06T16:59:09.216+0000] {taskinstance.py:2076} INFO - Dependencies all met for dep_context=non-requeueable deps ti=<TaskInstance: motower_daily_prod.extract_congestion scheduled__2024-01-26T06:00:00+00:00 [queued]>
[2024-08-06T16:59:09.247+0000] {taskinstance.py:2076} INFO - Dependencies all met for dep_context=requeueable deps ti=<TaskInstance: motower_daily_prod.extract_congestion scheduled__2024-01-26T06:00:00+00:00 [queued]>
[2024-08-06T16:59:09.247+0000] {taskinstance.py:2306} INFO - Starting attempt 1 of 1
[2024-08-06T16:59:09.283+0000] {taskinstance.py:2330} INFO - Executing <Task(PythonOperator): extract_congestion> on 2024-01-26 06:00:00+00:00
[2024-08-06T16:59:09.300+0000] {warnings.py:112} WARNING - /home/***/.local/lib/python3.12/site-packages/***/task/task_runner/standard_task_runner.py:62: DeprecationWarning: This process (pid=1704) is multi-threaded, use of fork() may lead to deadlocks in the child.
  pid = os.fork()

[2024-08-06T16:59:09.303+0000] {standard_task_runner.py:64} INFO - Started process 1715 to run task
[2024-08-06T16:59:09.307+0000] {standard_task_runner.py:90} INFO - Running: ['***', 'tasks', 'run', 'motower_daily_prod', 'extract_congestion', 'scheduled__2024-01-26T06:00:00+00:00', '--job-id', '264', '--raw', '--subdir', 'DAGS_FOLDER/gps/custom_dags/motower_daily.py', '--cfg-path', '/tmp/tmpmbp_uq2p']
[2024-08-06T16:59:09.311+0000] {standard_task_runner.py:91} INFO - Job 264: Subtask extract_congestion
[2024-08-06T16:59:09.408+0000] {task_command.py:426} INFO - Running <TaskInstance: motower_daily_prod.extract_congestion scheduled__2024-01-26T06:00:00+00:00 [running]> on host 13681191f11c
[2024-08-06T16:59:09.607+0000] {taskinstance.py:2648} INFO - Exporting env vars: AIRFLOW_CTX_DAG_EMAIL='richmond.kongo@orange.com,assane.diop@orange.com,cyrille1.danho@orange.com,mohamed2.sylla@orange.com,amadou.diomande@orange.com,Jonas.kouame@orange.com,armand.kablan@orange.com,anicet.azombade@orange.com,etienne.kouadio@orange.com,bertine.kouakou@orange.com,florentine.kouakou@orange.com,ange.phaceli@orange.com,soulegame.soro@orange.com,innocent.yengo@orange.com' AIRFLOW_CTX_DAG_OWNER='***' AIRFLOW_CTX_DAG_ID='motower_daily_prod' AIRFLOW_CTX_TASK_ID='extract_congestion' AIRFLOW_CTX_EXECUTION_DATE='2024-01-26T06:00:00+00:00' AIRFLOW_CTX_TRY_NUMBER='1' AIRFLOW_CTX_DAG_RUN_ID='scheduled__2024-01-26T06:00:00+00:00'
[2024-08-06T16:59:09.609+0000] {taskinstance.py:430} INFO - ::endgroup::
[2024-08-06T16:59:09.644+0000] {extract.py:126} INFO - Getting data of the table ks_hebdo_tdb_radio_drsi 
[2024-08-06T16:59:09.645+0000] {extract.py:127} INFO - where date is 2024-01-25
[2024-08-06T16:59:09.645+0000] {extract.py:98} INFO - get data to date 4 and year 2024
[2024-08-06T16:59:09.653+0000] {warnings.py:112} WARNING - /opt/***/dags/gps/common/extract.py:99: UserWarning: pandas only supports SQLAlchemy connectable (engine/connection) or database string URI or sqlite3 DBAPI2 connection. Other DBAPI2 objects are not tested. Please consider using SQLAlchemy.
  df_ = pd.read_sql_query(sql_query, conn, params=params)

[2024-08-06T16:59:09.885+0000] {rwminio.py:19} INFO - start to save data
[2024-08-06T16:59:10.038+0000] {rwminio.py:34} INFO - data in minio ok
[2024-08-06T16:59:10.047+0000] {python.py:237} INFO - Done. Returned value was: None
[2024-08-06T16:59:10.048+0000] {taskinstance.py:441} INFO - ::group::Post task execution logs
[2024-08-06T16:59:10.064+0000] {taskinstance.py:1206} INFO - Marking task as SUCCESS. dag_id=motower_daily_prod, task_id=extract_congestion, run_id=scheduled__2024-01-26T06:00:00+00:00, execution_date=20240126T060000, start_date=20240806T165909, end_date=20240806T165910
[2024-08-06T16:59:10.120+0000] {local_task_job_runner.py:243} INFO - Task exited with return code 0
[2024-08-06T16:59:10.171+0000] {taskinstance.py:3503} INFO - 0 downstream tasks scheduled from follow-on schedule check
[2024-08-06T16:59:10.174+0000] {local_task_job_runner.py:222} INFO - ::endgroup::
[2024-08-06T17:29:31.075+0000] {local_task_job_runner.py:120} INFO - ::group::Pre task execution logs
[2024-08-06T17:29:31.140+0000] {taskinstance.py:2076} INFO - Dependencies all met for dep_context=non-requeueable deps ti=<TaskInstance: motower_daily_prod.extract_congestion scheduled__2024-01-26T06:00:00+00:00 [queued]>
[2024-08-06T17:29:31.166+0000] {taskinstance.py:2076} INFO - Dependencies all met for dep_context=requeueable deps ti=<TaskInstance: motower_daily_prod.extract_congestion scheduled__2024-01-26T06:00:00+00:00 [queued]>
[2024-08-06T17:29:31.167+0000] {taskinstance.py:2306} INFO - Starting attempt 1 of 1
[2024-08-06T17:29:31.193+0000] {taskinstance.py:2330} INFO - Executing <Task(PythonOperator): extract_congestion> on 2024-01-26 06:00:00+00:00
[2024-08-06T17:29:31.208+0000] {warnings.py:112} WARNING - /home/***/.local/lib/python3.12/site-packages/***/task/task_runner/standard_task_runner.py:62: DeprecationWarning: This process (pid=5830) is multi-threaded, use of fork() may lead to deadlocks in the child.
  pid = os.fork()

[2024-08-06T17:29:31.210+0000] {standard_task_runner.py:64} INFO - Started process 5838 to run task
[2024-08-06T17:29:31.211+0000] {standard_task_runner.py:90} INFO - Running: ['***', 'tasks', 'run', 'motower_daily_prod', 'extract_congestion', 'scheduled__2024-01-26T06:00:00+00:00', '--job-id', '1519', '--raw', '--subdir', 'DAGS_FOLDER/gps/custom_dags/motower_daily.py', '--cfg-path', '/tmp/tmpjdx2awcx']
[2024-08-06T17:29:31.214+0000] {standard_task_runner.py:91} INFO - Job 1519: Subtask extract_congestion
[2024-08-06T17:29:31.293+0000] {task_command.py:426} INFO - Running <TaskInstance: motower_daily_prod.extract_congestion scheduled__2024-01-26T06:00:00+00:00 [running]> on host 13681191f11c
[2024-08-06T17:29:31.474+0000] {taskinstance.py:2648} INFO - Exporting env vars: AIRFLOW_CTX_DAG_EMAIL='richmond.kongo@orange.com,assane.diop@orange.com,cyrille1.danho@orange.com,mohamed2.sylla@orange.com,amadou.diomande@orange.com,Jonas.kouame@orange.com,armand.kablan@orange.com,anicet.azombade@orange.com,etienne.kouadio@orange.com,bertine.kouakou@orange.com,florentine.kouakou@orange.com,ange.phaceli@orange.com,soulegame.soro@orange.com,innocent.yengo@orange.com' AIRFLOW_CTX_DAG_OWNER='***' AIRFLOW_CTX_DAG_ID='motower_daily_prod' AIRFLOW_CTX_TASK_ID='extract_congestion' AIRFLOW_CTX_EXECUTION_DATE='2024-01-26T06:00:00+00:00' AIRFLOW_CTX_TRY_NUMBER='1' AIRFLOW_CTX_DAG_RUN_ID='scheduled__2024-01-26T06:00:00+00:00'
[2024-08-06T17:29:31.476+0000] {taskinstance.py:430} INFO - ::endgroup::
[2024-08-06T17:29:31.508+0000] {extract.py:126} INFO - Getting data of the table ks_hebdo_tdb_radio_drsi 
[2024-08-06T17:29:31.509+0000] {extract.py:127} INFO - where date is 2024-01-25
[2024-08-06T17:29:31.509+0000] {extract.py:98} INFO - get data to date 4 and year 2024
[2024-08-06T17:29:31.519+0000] {warnings.py:112} WARNING - /opt/***/dags/gps/common/extract.py:99: UserWarning: pandas only supports SQLAlchemy connectable (engine/connection) or database string URI or sqlite3 DBAPI2 connection. Other DBAPI2 objects are not tested. Please consider using SQLAlchemy.
  df_ = pd.read_sql_query(sql_query, conn, params=params)

[2024-08-06T17:29:31.818+0000] {rwminio.py:19} INFO - start to save data
[2024-08-06T17:29:32.014+0000] {rwminio.py:34} INFO - data in minio ok
[2024-08-06T17:29:32.023+0000] {python.py:237} INFO - Done. Returned value was: None
[2024-08-06T17:29:32.024+0000] {taskinstance.py:441} INFO - ::group::Post task execution logs
[2024-08-06T17:29:32.046+0000] {taskinstance.py:1206} INFO - Marking task as SUCCESS. dag_id=motower_daily_prod, task_id=extract_congestion, run_id=scheduled__2024-01-26T06:00:00+00:00, execution_date=20240126T060000, start_date=20240806T172931, end_date=20240806T172932
[2024-08-06T17:29:32.116+0000] {local_task_job_runner.py:243} INFO - Task exited with return code 0
[2024-08-06T17:29:32.132+0000] {local_task_job_runner.py:222} INFO - ::endgroup::
[2024-08-06T18:17:19.311+0000] {local_task_job_runner.py:120} INFO - ::group::Pre task execution logs
[2024-08-06T18:17:19.440+0000] {taskinstance.py:2076} INFO - Dependencies all met for dep_context=non-requeueable deps ti=<TaskInstance: motower_daily_prod.extract_congestion scheduled__2024-01-26T06:00:00+00:00 [queued]>
[2024-08-06T18:17:19.472+0000] {taskinstance.py:2076} INFO - Dependencies all met for dep_context=requeueable deps ti=<TaskInstance: motower_daily_prod.extract_congestion scheduled__2024-01-26T06:00:00+00:00 [queued]>
[2024-08-06T18:17:19.474+0000] {taskinstance.py:2306} INFO - Starting attempt 1 of 1
[2024-08-06T18:17:19.517+0000] {taskinstance.py:2330} INFO - Executing <Task(PythonOperator): extract_congestion> on 2024-01-26 06:00:00+00:00
[2024-08-06T18:17:19.534+0000] {warnings.py:112} WARNING - /home/***/.local/lib/python3.12/site-packages/***/task/task_runner/standard_task_runner.py:62: DeprecationWarning: This process (pid=9722) is multi-threaded, use of fork() may lead to deadlocks in the child.
  pid = os.fork()

[2024-08-06T18:17:19.537+0000] {standard_task_runner.py:64} INFO - Started process 9736 to run task
[2024-08-06T18:17:19.556+0000] {standard_task_runner.py:90} INFO - Running: ['***', 'tasks', 'run', 'motower_daily_prod', 'extract_congestion', 'scheduled__2024-01-26T06:00:00+00:00', '--job-id', '2625', '--raw', '--subdir', 'DAGS_FOLDER/gps/custom_dags/motower_daily.py', '--cfg-path', '/tmp/tmpbmdmpz7e']
[2024-08-06T18:17:19.560+0000] {standard_task_runner.py:91} INFO - Job 2625: Subtask extract_congestion
[2024-08-06T18:17:19.709+0000] {task_command.py:426} INFO - Running <TaskInstance: motower_daily_prod.extract_congestion scheduled__2024-01-26T06:00:00+00:00 [running]> on host 13681191f11c
[2024-08-06T18:17:20.148+0000] {taskinstance.py:2648} INFO - Exporting env vars: AIRFLOW_CTX_DAG_EMAIL='richmond.kongo@orange.com,assane.diop@orange.com,cyrille1.danho@orange.com,mohamed2.sylla@orange.com,amadou.diomande@orange.com,Jonas.kouame@orange.com,armand.kablan@orange.com,anicet.azombade@orange.com,etienne.kouadio@orange.com,bertine.kouakou@orange.com,florentine.kouakou@orange.com,ange.phaceli@orange.com,soulegame.soro@orange.com,innocent.yengo@orange.com' AIRFLOW_CTX_DAG_OWNER='***' AIRFLOW_CTX_DAG_ID='motower_daily_prod' AIRFLOW_CTX_TASK_ID='extract_congestion' AIRFLOW_CTX_EXECUTION_DATE='2024-01-26T06:00:00+00:00' AIRFLOW_CTX_TRY_NUMBER='1' AIRFLOW_CTX_DAG_RUN_ID='scheduled__2024-01-26T06:00:00+00:00'
[2024-08-06T18:17:20.150+0000] {taskinstance.py:430} INFO - ::endgroup::
[2024-08-06T18:17:20.208+0000] {extract.py:126} INFO - Getting data of the table ks_hebdo_tdb_radio_drsi 
[2024-08-06T18:17:20.209+0000] {extract.py:127} INFO - where date is 2024-01-25
[2024-08-06T18:17:20.210+0000] {extract.py:98} INFO - get data to date 4 and year 2024
[2024-08-06T18:17:20.225+0000] {warnings.py:112} WARNING - /opt/***/dags/gps/common/extract.py:99: UserWarning: pandas only supports SQLAlchemy connectable (engine/connection) or database string URI or sqlite3 DBAPI2 connection. Other DBAPI2 objects are not tested. Please consider using SQLAlchemy.
  df_ = pd.read_sql_query(sql_query, conn, params=params)

[2024-08-06T18:17:20.609+0000] {rwminio.py:19} INFO - start to save data
[2024-08-06T18:17:20.864+0000] {rwminio.py:34} INFO - data in minio ok
[2024-08-06T18:17:20.875+0000] {python.py:237} INFO - Done. Returned value was: None
[2024-08-06T18:17:20.876+0000] {taskinstance.py:441} INFO - ::group::Post task execution logs
[2024-08-06T18:17:20.897+0000] {taskinstance.py:1206} INFO - Marking task as SUCCESS. dag_id=motower_daily_prod, task_id=extract_congestion, run_id=scheduled__2024-01-26T06:00:00+00:00, execution_date=20240126T060000, start_date=20240806T181719, end_date=20240806T181720
[2024-08-06T18:17:21.083+0000] {local_task_job_runner.py:243} INFO - Task exited with return code 0
[2024-08-06T18:17:21.165+0000] {taskinstance.py:3503} INFO - 0 downstream tasks scheduled from follow-on schedule check
[2024-08-06T18:17:21.171+0000] {local_task_job_runner.py:222} INFO - ::endgroup::
