[2024-08-06T17:01:15.623+0000] {local_task_job_runner.py:120} INFO - ::group::Pre task execution logs
[2024-08-06T17:01:15.704+0000] {taskinstance.py:2076} INFO - Dependencies all met for dep_context=non-requeueable deps ti=<TaskInstance: motower_daily_prod.sensor_congestion scheduled__2024-02-10T06:00:00+00:00 [queued]>
[2024-08-06T17:01:15.728+0000] {taskinstance.py:2076} INFO - Dependencies all met for dep_context=requeueable deps ti=<TaskInstance: motower_daily_prod.sensor_congestion scheduled__2024-02-10T06:00:00+00:00 [queued]>
[2024-08-06T17:01:15.728+0000] {taskinstance.py:2306} INFO - Starting attempt 1 of 1
[2024-08-06T17:01:15.763+0000] {taskinstance.py:2330} INFO - Executing <Task(PythonSensor): sensor_congestion> on 2024-02-10 06:00:00+00:00
[2024-08-06T17:01:15.781+0000] {warnings.py:112} WARNING - /home/***/.local/lib/python3.12/site-packages/***/task/task_runner/standard_task_runner.py:62: DeprecationWarning: This process (pid=2110) is multi-threaded, use of fork() may lead to deadlocks in the child.
  pid = os.fork()

[2024-08-06T17:01:15.783+0000] {standard_task_runner.py:64} INFO - Started process 2129 to run task
[2024-08-06T17:01:15.791+0000] {standard_task_runner.py:90} INFO - Running: ['***', 'tasks', 'run', 'motower_daily_prod', 'sensor_congestion', 'scheduled__2024-02-10T06:00:00+00:00', '--job-id', '390', '--raw', '--subdir', 'DAGS_FOLDER/gps/custom_dags/motower_daily.py', '--cfg-path', '/tmp/tmprpncafhp']
[2024-08-06T17:01:15.796+0000] {standard_task_runner.py:91} INFO - Job 390: Subtask sensor_congestion
[2024-08-06T17:01:15.905+0000] {task_command.py:426} INFO - Running <TaskInstance: motower_daily_prod.sensor_congestion scheduled__2024-02-10T06:00:00+00:00 [running]> on host 13681191f11c
[2024-08-06T17:01:16.349+0000] {taskinstance.py:2648} INFO - Exporting env vars: AIRFLOW_CTX_DAG_EMAIL='richmond.kongo@orange.com,assane.diop@orange.com,cyrille1.danho@orange.com,mohamed2.sylla@orange.com,amadou.diomande@orange.com,Jonas.kouame@orange.com,armand.kablan@orange.com,anicet.azombade@orange.com,etienne.kouadio@orange.com,bertine.kouakou@orange.com,florentine.kouakou@orange.com,ange.phaceli@orange.com,soulegame.soro@orange.com,innocent.yengo@orange.com' AIRFLOW_CTX_DAG_OWNER='***' AIRFLOW_CTX_DAG_ID='motower_daily_prod' AIRFLOW_CTX_TASK_ID='sensor_congestion' AIRFLOW_CTX_EXECUTION_DATE='2024-02-10T06:00:00+00:00' AIRFLOW_CTX_TRY_NUMBER='1' AIRFLOW_CTX_DAG_RUN_ID='scheduled__2024-02-10T06:00:00+00:00'
[2024-08-06T17:01:16.355+0000] {taskinstance.py:430} INFO - ::endgroup::
[2024-08-06T17:01:16.389+0000] {python.py:75} INFO - Poking callable: <function check_data_in_table at 0x701c425782c0>
[2024-08-06T17:01:16.408+0000] {extract.py:126} INFO - Getting data of the table ks_hebdo_tdb_radio_drsi 
[2024-08-06T17:01:16.409+0000] {extract.py:127} INFO - where date is 2024-02-09
[2024-08-06T17:01:16.409+0000] {extract.py:98} INFO - get data to date 6 and year 2024
[2024-08-06T17:01:16.422+0000] {warnings.py:112} WARNING - /opt/***/dags/gps/common/extract.py:99: UserWarning: pandas only supports SQLAlchemy connectable (engine/connection) or database string URI or sqlite3 DBAPI2 connection. Other DBAPI2 objects are not tested. Please consider using SQLAlchemy.
  df_ = pd.read_sql_query(sql_query, conn, params=params)

[2024-08-06T17:01:16.750+0000] {base.py:294} INFO - Success criteria met. Exiting.
[2024-08-06T17:01:16.751+0000] {taskinstance.py:441} INFO - ::group::Post task execution logs
[2024-08-06T17:01:16.771+0000] {taskinstance.py:1206} INFO - Marking task as SUCCESS. dag_id=motower_daily_prod, task_id=sensor_congestion, run_id=scheduled__2024-02-10T06:00:00+00:00, execution_date=20240210T060000, start_date=20240806T170115, end_date=20240806T170116
[2024-08-06T17:01:16.831+0000] {local_task_job_runner.py:243} INFO - Task exited with return code 0
[2024-08-06T17:01:16.951+0000] {taskinstance.py:3503} INFO - 0 downstream tasks scheduled from follow-on schedule check
[2024-08-06T17:01:16.964+0000] {local_task_job_runner.py:222} INFO - ::endgroup::
[2024-08-06T17:31:37.525+0000] {local_task_job_runner.py:120} INFO - ::group::Pre task execution logs
[2024-08-06T17:31:37.859+0000] {taskinstance.py:2076} INFO - Dependencies all met for dep_context=non-requeueable deps ti=<TaskInstance: motower_daily_prod.sensor_congestion scheduled__2024-02-10T06:00:00+00:00 [queued]>
[2024-08-06T17:31:37.882+0000] {taskinstance.py:2076} INFO - Dependencies all met for dep_context=requeueable deps ti=<TaskInstance: motower_daily_prod.sensor_congestion scheduled__2024-02-10T06:00:00+00:00 [queued]>
[2024-08-06T17:31:37.882+0000] {taskinstance.py:2306} INFO - Starting attempt 1 of 1
[2024-08-06T17:31:38.007+0000] {taskinstance.py:2330} INFO - Executing <Task(PythonSensor): sensor_congestion> on 2024-02-10 06:00:00+00:00
[2024-08-06T17:31:38.022+0000] {warnings.py:112} WARNING - /home/***/.local/lib/python3.12/site-packages/***/task/task_runner/standard_task_runner.py:62: DeprecationWarning: This process (pid=6261) is multi-threaded, use of fork() may lead to deadlocks in the child.
  pid = os.fork()

[2024-08-06T17:31:38.024+0000] {standard_task_runner.py:64} INFO - Started process 6275 to run task
[2024-08-06T17:31:38.027+0000] {standard_task_runner.py:90} INFO - Running: ['***', 'tasks', 'run', 'motower_daily_prod', 'sensor_congestion', 'scheduled__2024-02-10T06:00:00+00:00', '--job-id', '1655', '--raw', '--subdir', 'DAGS_FOLDER/gps/custom_dags/motower_daily.py', '--cfg-path', '/tmp/tmpkze_ubvp']
[2024-08-06T17:31:38.032+0000] {standard_task_runner.py:91} INFO - Job 1655: Subtask sensor_congestion
[2024-08-06T17:31:38.130+0000] {task_command.py:426} INFO - Running <TaskInstance: motower_daily_prod.sensor_congestion scheduled__2024-02-10T06:00:00+00:00 [running]> on host 13681191f11c
[2024-08-06T17:31:38.619+0000] {taskinstance.py:2648} INFO - Exporting env vars: AIRFLOW_CTX_DAG_EMAIL='richmond.kongo@orange.com,assane.diop@orange.com,cyrille1.danho@orange.com,mohamed2.sylla@orange.com,amadou.diomande@orange.com,Jonas.kouame@orange.com,armand.kablan@orange.com,anicet.azombade@orange.com,etienne.kouadio@orange.com,bertine.kouakou@orange.com,florentine.kouakou@orange.com,ange.phaceli@orange.com,soulegame.soro@orange.com,innocent.yengo@orange.com' AIRFLOW_CTX_DAG_OWNER='***' AIRFLOW_CTX_DAG_ID='motower_daily_prod' AIRFLOW_CTX_TASK_ID='sensor_congestion' AIRFLOW_CTX_EXECUTION_DATE='2024-02-10T06:00:00+00:00' AIRFLOW_CTX_TRY_NUMBER='1' AIRFLOW_CTX_DAG_RUN_ID='scheduled__2024-02-10T06:00:00+00:00'
[2024-08-06T17:31:38.621+0000] {taskinstance.py:430} INFO - ::endgroup::
[2024-08-06T17:31:38.649+0000] {python.py:75} INFO - Poking callable: <function check_data_in_table at 0x701c26f3de40>
[2024-08-06T17:31:38.656+0000] {extract.py:126} INFO - Getting data of the table ks_hebdo_tdb_radio_drsi 
[2024-08-06T17:31:38.656+0000] {extract.py:127} INFO - where date is 2024-02-09
[2024-08-06T17:31:38.657+0000] {extract.py:98} INFO - get data to date 6 and year 2024
[2024-08-06T17:31:38.668+0000] {warnings.py:112} WARNING - /opt/***/dags/gps/common/extract.py:99: UserWarning: pandas only supports SQLAlchemy connectable (engine/connection) or database string URI or sqlite3 DBAPI2 connection. Other DBAPI2 objects are not tested. Please consider using SQLAlchemy.
  df_ = pd.read_sql_query(sql_query, conn, params=params)

[2024-08-06T17:31:38.957+0000] {base.py:294} INFO - Success criteria met. Exiting.
[2024-08-06T17:31:38.957+0000] {taskinstance.py:441} INFO - ::group::Post task execution logs
[2024-08-06T17:31:38.974+0000] {taskinstance.py:1206} INFO - Marking task as SUCCESS. dag_id=motower_daily_prod, task_id=sensor_congestion, run_id=scheduled__2024-02-10T06:00:00+00:00, execution_date=20240210T060000, start_date=20240806T173137, end_date=20240806T173138
[2024-08-06T17:31:39.013+0000] {local_task_job_runner.py:243} INFO - Task exited with return code 0
[2024-08-06T17:31:39.030+0000] {local_task_job_runner.py:222} INFO - ::endgroup::
[2024-08-06T18:19:39.506+0000] {local_task_job_runner.py:120} INFO - ::group::Pre task execution logs
[2024-08-06T18:19:40.230+0000] {taskinstance.py:2076} INFO - Dependencies all met for dep_context=non-requeueable deps ti=<TaskInstance: motower_daily_prod.sensor_congestion scheduled__2024-02-10T06:00:00+00:00 [queued]>
[2024-08-06T18:19:40.261+0000] {taskinstance.py:2076} INFO - Dependencies all met for dep_context=requeueable deps ti=<TaskInstance: motower_daily_prod.sensor_congestion scheduled__2024-02-10T06:00:00+00:00 [queued]>
[2024-08-06T18:19:40.265+0000] {taskinstance.py:2306} INFO - Starting attempt 1 of 1
[2024-08-06T18:19:40.406+0000] {taskinstance.py:2330} INFO - Executing <Task(PythonSensor): sensor_congestion> on 2024-02-10 06:00:00+00:00
[2024-08-06T18:19:40.463+0000] {warnings.py:112} WARNING - /home/***/.local/lib/python3.12/site-packages/***/task/task_runner/standard_task_runner.py:62: DeprecationWarning: This process (pid=10133) is multi-threaded, use of fork() may lead to deadlocks in the child.
  pid = os.fork()

[2024-08-06T18:19:40.465+0000] {standard_task_runner.py:64} INFO - Started process 10149 to run task
[2024-08-06T18:19:40.511+0000] {standard_task_runner.py:90} INFO - Running: ['***', 'tasks', 'run', 'motower_daily_prod', 'sensor_congestion', 'scheduled__2024-02-10T06:00:00+00:00', '--job-id', '2754', '--raw', '--subdir', 'DAGS_FOLDER/gps/custom_dags/motower_daily.py', '--cfg-path', '/tmp/tmprcxnwf41']
[2024-08-06T18:19:40.515+0000] {standard_task_runner.py:91} INFO - Job 2754: Subtask sensor_congestion
[2024-08-06T18:19:40.722+0000] {task_command.py:426} INFO - Running <TaskInstance: motower_daily_prod.sensor_congestion scheduled__2024-02-10T06:00:00+00:00 [running]> on host 13681191f11c
[2024-08-06T18:19:41.088+0000] {taskinstance.py:2648} INFO - Exporting env vars: AIRFLOW_CTX_DAG_EMAIL='richmond.kongo@orange.com,assane.diop@orange.com,cyrille1.danho@orange.com,mohamed2.sylla@orange.com,amadou.diomande@orange.com,Jonas.kouame@orange.com,armand.kablan@orange.com,anicet.azombade@orange.com,etienne.kouadio@orange.com,bertine.kouakou@orange.com,florentine.kouakou@orange.com,ange.phaceli@orange.com,soulegame.soro@orange.com,innocent.yengo@orange.com' AIRFLOW_CTX_DAG_OWNER='***' AIRFLOW_CTX_DAG_ID='motower_daily_prod' AIRFLOW_CTX_TASK_ID='sensor_congestion' AIRFLOW_CTX_EXECUTION_DATE='2024-02-10T06:00:00+00:00' AIRFLOW_CTX_TRY_NUMBER='1' AIRFLOW_CTX_DAG_RUN_ID='scheduled__2024-02-10T06:00:00+00:00'
[2024-08-06T18:19:41.090+0000] {taskinstance.py:430} INFO - ::endgroup::
[2024-08-06T18:19:41.135+0000] {python.py:75} INFO - Poking callable: <function check_data_in_table at 0x701c4276b060>
[2024-08-06T18:19:41.144+0000] {extract.py:126} INFO - Getting data of the table ks_hebdo_tdb_radio_drsi 
[2024-08-06T18:19:41.145+0000] {extract.py:127} INFO - where date is 2024-02-09
[2024-08-06T18:19:41.146+0000] {extract.py:98} INFO - get data to date 6 and year 2024
[2024-08-06T18:19:41.170+0000] {warnings.py:112} WARNING - /opt/***/dags/gps/common/extract.py:99: UserWarning: pandas only supports SQLAlchemy connectable (engine/connection) or database string URI or sqlite3 DBAPI2 connection. Other DBAPI2 objects are not tested. Please consider using SQLAlchemy.
  df_ = pd.read_sql_query(sql_query, conn, params=params)

[2024-08-06T18:19:41.736+0000] {base.py:294} INFO - Success criteria met. Exiting.
[2024-08-06T18:19:41.737+0000] {taskinstance.py:441} INFO - ::group::Post task execution logs
[2024-08-06T18:19:41.796+0000] {taskinstance.py:1206} INFO - Marking task as SUCCESS. dag_id=motower_daily_prod, task_id=sensor_congestion, run_id=scheduled__2024-02-10T06:00:00+00:00, execution_date=20240210T060000, start_date=20240806T181940, end_date=20240806T181941
[2024-08-06T18:19:41.895+0000] {local_task_job_runner.py:243} INFO - Task exited with return code 0
[2024-08-06T18:19:42.069+0000] {taskinstance.py:3503} INFO - 0 downstream tasks scheduled from follow-on schedule check
[2024-08-06T18:19:42.080+0000] {local_task_job_runner.py:222} INFO - ::endgroup::
