[2024-08-06T17:03:58.517+0000] {local_task_job_runner.py:120} INFO - ::group::Pre task execution logs
[2024-08-06T17:03:58.589+0000] {taskinstance.py:2076} INFO - Dependencies all met for dep_context=non-requeueable deps ti=<TaskInstance: motower_daily_prod.gen_congestion_task scheduled__2024-02-29T06:00:00+00:00 [queued]>
[2024-08-06T17:03:58.607+0000] {taskinstance.py:2076} INFO - Dependencies all met for dep_context=requeueable deps ti=<TaskInstance: motower_daily_prod.gen_congestion_task scheduled__2024-02-29T06:00:00+00:00 [queued]>
[2024-08-06T17:03:58.608+0000] {taskinstance.py:2306} INFO - Starting attempt 1 of 1
[2024-08-06T17:03:58.997+0000] {taskinstance.py:2330} INFO - Executing <Task(PythonOperator): gen_congestion_task> on 2024-02-29 06:00:00+00:00
[2024-08-06T17:03:59.010+0000] {warnings.py:112} WARNING - /home/***/.local/lib/python3.12/site-packages/***/task/task_runner/standard_task_runner.py:62: DeprecationWarning: This process (pid=2693) is multi-threaded, use of fork() may lead to deadlocks in the child.
  pid = os.fork()

[2024-08-06T17:03:59.012+0000] {standard_task_runner.py:64} INFO - Started process 2699 to run task
[2024-08-06T17:03:59.013+0000] {standard_task_runner.py:90} INFO - Running: ['***', 'tasks', 'run', 'motower_daily_prod', 'gen_congestion_task', 'scheduled__2024-02-29T06:00:00+00:00', '--job-id', '575', '--raw', '--subdir', 'DAGS_FOLDER/gps/custom_dags/motower_daily.py', '--cfg-path', '/tmp/tmpwjxpskwj']
[2024-08-06T17:03:59.017+0000] {standard_task_runner.py:91} INFO - Job 575: Subtask gen_congestion_task
[2024-08-06T17:03:59.103+0000] {task_command.py:426} INFO - Running <TaskInstance: motower_daily_prod.gen_congestion_task scheduled__2024-02-29T06:00:00+00:00 [running]> on host 13681191f11c
[2024-08-06T17:03:59.595+0000] {taskinstance.py:2648} INFO - Exporting env vars: AIRFLOW_CTX_DAG_EMAIL='richmond.kongo@orange.com,assane.diop@orange.com,cyrille1.danho@orange.com,mohamed2.sylla@orange.com,amadou.diomande@orange.com,Jonas.kouame@orange.com,armand.kablan@orange.com,anicet.azombade@orange.com,etienne.kouadio@orange.com,bertine.kouakou@orange.com,florentine.kouakou@orange.com,ange.phaceli@orange.com,soulegame.soro@orange.com,innocent.yengo@orange.com' AIRFLOW_CTX_DAG_OWNER='***' AIRFLOW_CTX_DAG_ID='motower_daily_prod' AIRFLOW_CTX_TASK_ID='gen_congestion_task' AIRFLOW_CTX_EXECUTION_DATE='2024-02-29T06:00:00+00:00' AIRFLOW_CTX_TRY_NUMBER='1' AIRFLOW_CTX_DAG_RUN_ID='scheduled__2024-02-29T06:00:00+00:00'
[2024-08-06T17:03:59.597+0000] {taskinstance.py:430} INFO - ::endgroup::
[2024-08-06T17:04:00.738+0000] {python.py:237} INFO - Done. Returned value was: None
[2024-08-06T17:04:00.739+0000] {taskinstance.py:441} INFO - ::group::Post task execution logs
[2024-08-06T17:04:00.761+0000] {taskinstance.py:1206} INFO - Marking task as SUCCESS. dag_id=motower_daily_prod, task_id=gen_congestion_task, run_id=scheduled__2024-02-29T06:00:00+00:00, execution_date=20240229T060000, start_date=20240806T170358, end_date=20240806T170400
[2024-08-06T17:04:00.886+0000] {local_task_job_runner.py:243} INFO - Task exited with return code 0
[2024-08-06T17:04:00.966+0000] {taskinstance.py:3503} INFO - 0 downstream tasks scheduled from follow-on schedule check
[2024-08-06T17:04:00.971+0000] {local_task_job_runner.py:222} INFO - ::endgroup::
[2024-08-06T17:34:39.341+0000] {local_task_job_runner.py:120} INFO - ::group::Pre task execution logs
[2024-08-06T17:34:39.395+0000] {taskinstance.py:2076} INFO - Dependencies all met for dep_context=non-requeueable deps ti=<TaskInstance: motower_daily_prod.gen_congestion_task scheduled__2024-02-29T06:00:00+00:00 [queued]>
[2024-08-06T17:34:39.419+0000] {taskinstance.py:2076} INFO - Dependencies all met for dep_context=requeueable deps ti=<TaskInstance: motower_daily_prod.gen_congestion_task scheduled__2024-02-29T06:00:00+00:00 [queued]>
[2024-08-06T17:34:39.420+0000] {taskinstance.py:2306} INFO - Starting attempt 1 of 1
[2024-08-06T17:34:39.450+0000] {taskinstance.py:2330} INFO - Executing <Task(PythonOperator): gen_congestion_task> on 2024-02-29 06:00:00+00:00
[2024-08-06T17:34:39.464+0000] {warnings.py:112} WARNING - /home/***/.local/lib/python3.12/site-packages/***/task/task_runner/standard_task_runner.py:62: DeprecationWarning: This process (pid=6878) is multi-threaded, use of fork() may lead to deadlocks in the child.
  pid = os.fork()

[2024-08-06T17:34:39.466+0000] {standard_task_runner.py:64} INFO - Started process 6891 to run task
[2024-08-06T17:34:39.467+0000] {standard_task_runner.py:90} INFO - Running: ['***', 'tasks', 'run', 'motower_daily_prod', 'gen_congestion_task', 'scheduled__2024-02-29T06:00:00+00:00', '--job-id', '1853', '--raw', '--subdir', 'DAGS_FOLDER/gps/custom_dags/motower_daily.py', '--cfg-path', '/tmp/tmprsokhuec']
[2024-08-06T17:34:39.470+0000] {standard_task_runner.py:91} INFO - Job 1853: Subtask gen_congestion_task
[2024-08-06T17:34:39.543+0000] {task_command.py:426} INFO - Running <TaskInstance: motower_daily_prod.gen_congestion_task scheduled__2024-02-29T06:00:00+00:00 [running]> on host 13681191f11c
[2024-08-06T17:34:39.716+0000] {taskinstance.py:2648} INFO - Exporting env vars: AIRFLOW_CTX_DAG_EMAIL='richmond.kongo@orange.com,assane.diop@orange.com,cyrille1.danho@orange.com,mohamed2.sylla@orange.com,amadou.diomande@orange.com,Jonas.kouame@orange.com,armand.kablan@orange.com,anicet.azombade@orange.com,etienne.kouadio@orange.com,bertine.kouakou@orange.com,florentine.kouakou@orange.com,ange.phaceli@orange.com,soulegame.soro@orange.com,innocent.yengo@orange.com' AIRFLOW_CTX_DAG_OWNER='***' AIRFLOW_CTX_DAG_ID='motower_daily_prod' AIRFLOW_CTX_TASK_ID='gen_congestion_task' AIRFLOW_CTX_EXECUTION_DATE='2024-02-29T06:00:00+00:00' AIRFLOW_CTX_TRY_NUMBER='1' AIRFLOW_CTX_DAG_RUN_ID='scheduled__2024-02-29T06:00:00+00:00'
[2024-08-06T17:34:39.718+0000] {taskinstance.py:430} INFO - ::endgroup::
[2024-08-06T17:34:40.297+0000] {python.py:237} INFO - Done. Returned value was: None
[2024-08-06T17:34:40.299+0000] {taskinstance.py:441} INFO - ::group::Post task execution logs
[2024-08-06T17:34:40.362+0000] {taskinstance.py:1206} INFO - Marking task as SUCCESS. dag_id=motower_daily_prod, task_id=gen_congestion_task, run_id=scheduled__2024-02-29T06:00:00+00:00, execution_date=20240229T060000, start_date=20240806T173439, end_date=20240806T173440
[2024-08-06T17:34:40.452+0000] {local_task_job_runner.py:243} INFO - Task exited with return code 0
[2024-08-06T17:34:40.499+0000] {taskinstance.py:3503} INFO - 0 downstream tasks scheduled from follow-on schedule check
[2024-08-06T17:34:40.515+0000] {local_task_job_runner.py:222} INFO - ::endgroup::
[2024-08-06T18:22:29.471+0000] {local_task_job_runner.py:120} INFO - ::group::Pre task execution logs
[2024-08-06T18:22:29.562+0000] {taskinstance.py:2076} INFO - Dependencies all met for dep_context=non-requeueable deps ti=<TaskInstance: motower_daily_prod.gen_congestion_task scheduled__2024-02-29T06:00:00+00:00 [queued]>
[2024-08-06T18:22:29.618+0000] {taskinstance.py:2076} INFO - Dependencies all met for dep_context=requeueable deps ti=<TaskInstance: motower_daily_prod.gen_congestion_task scheduled__2024-02-29T06:00:00+00:00 [queued]>
[2024-08-06T18:22:29.619+0000] {taskinstance.py:2306} INFO - Starting attempt 1 of 1
[2024-08-06T18:22:29.682+0000] {taskinstance.py:2330} INFO - Executing <Task(PythonOperator): gen_congestion_task> on 2024-02-29 06:00:00+00:00
[2024-08-06T18:22:29.701+0000] {warnings.py:112} WARNING - /home/***/.local/lib/python3.12/site-packages/***/task/task_runner/standard_task_runner.py:62: DeprecationWarning: This process (pid=10748) is multi-threaded, use of fork() may lead to deadlocks in the child.
  pid = os.fork()

[2024-08-06T18:22:29.708+0000] {standard_task_runner.py:64} INFO - Started process 10761 to run task
[2024-08-06T18:22:29.720+0000] {standard_task_runner.py:90} INFO - Running: ['***', 'tasks', 'run', 'motower_daily_prod', 'gen_congestion_task', 'scheduled__2024-02-29T06:00:00+00:00', '--job-id', '2948', '--raw', '--subdir', 'DAGS_FOLDER/gps/custom_dags/motower_daily.py', '--cfg-path', '/tmp/tmpx75zrjtl']
[2024-08-06T18:22:29.741+0000] {standard_task_runner.py:91} INFO - Job 2948: Subtask gen_congestion_task
[2024-08-06T18:22:29.911+0000] {task_command.py:426} INFO - Running <TaskInstance: motower_daily_prod.gen_congestion_task scheduled__2024-02-29T06:00:00+00:00 [running]> on host 13681191f11c
[2024-08-06T18:22:30.254+0000] {taskinstance.py:2648} INFO - Exporting env vars: AIRFLOW_CTX_DAG_EMAIL='richmond.kongo@orange.com,assane.diop@orange.com,cyrille1.danho@orange.com,mohamed2.sylla@orange.com,amadou.diomande@orange.com,Jonas.kouame@orange.com,armand.kablan@orange.com,anicet.azombade@orange.com,etienne.kouadio@orange.com,bertine.kouakou@orange.com,florentine.kouakou@orange.com,ange.phaceli@orange.com,soulegame.soro@orange.com,innocent.yengo@orange.com' AIRFLOW_CTX_DAG_OWNER='***' AIRFLOW_CTX_DAG_ID='motower_daily_prod' AIRFLOW_CTX_TASK_ID='gen_congestion_task' AIRFLOW_CTX_EXECUTION_DATE='2024-02-29T06:00:00+00:00' AIRFLOW_CTX_TRY_NUMBER='1' AIRFLOW_CTX_DAG_RUN_ID='scheduled__2024-02-29T06:00:00+00:00'
[2024-08-06T18:22:30.257+0000] {taskinstance.py:430} INFO - ::endgroup::
[2024-08-06T18:22:31.636+0000] {python.py:237} INFO - Done. Returned value was: None
[2024-08-06T18:22:31.638+0000] {taskinstance.py:441} INFO - ::group::Post task execution logs
[2024-08-06T18:22:31.696+0000] {taskinstance.py:1206} INFO - Marking task as SUCCESS. dag_id=motower_daily_prod, task_id=gen_congestion_task, run_id=scheduled__2024-02-29T06:00:00+00:00, execution_date=20240229T060000, start_date=20240806T182229, end_date=20240806T182231
[2024-08-06T18:22:31.794+0000] {local_task_job_runner.py:243} INFO - Task exited with return code 0
[2024-08-06T18:22:31.861+0000] {taskinstance.py:3503} INFO - 0 downstream tasks scheduled from follow-on schedule check
[2024-08-06T18:22:31.875+0000] {local_task_job_runner.py:222} INFO - ::endgroup::
