[2024-08-06T17:11:48.776+0000] {local_task_job_runner.py:120} INFO - ::group::Pre task execution logs
[2024-08-06T17:11:49.037+0000] {taskinstance.py:2076} INFO - Dependencies all met for dep_context=non-requeueable deps ti=<TaskInstance: motower_daily_prod.checkataa scheduled__2024-04-25T06:00:00+00:00 [queued]>
[2024-08-06T17:11:49.059+0000] {taskinstance.py:2076} INFO - Dependencies all met for dep_context=requeueable deps ti=<TaskInstance: motower_daily_prod.checkataa scheduled__2024-04-25T06:00:00+00:00 [queued]>
[2024-08-06T17:11:49.059+0000] {taskinstance.py:2306} INFO - Starting attempt 1 of 1
[2024-08-06T17:11:49.085+0000] {taskinstance.py:2330} INFO - Executing <Task(PythonSensor): checkataa> on 2024-04-25 06:00:00+00:00
[2024-08-06T17:11:49.096+0000] {warnings.py:112} WARNING - /home/***/.local/lib/python3.12/site-packages/***/task/task_runner/standard_task_runner.py:62: DeprecationWarning: This process (pid=4280) is multi-threaded, use of fork() may lead to deadlocks in the child.
  pid = os.fork()

[2024-08-06T17:11:49.098+0000] {standard_task_runner.py:64} INFO - Started process 4289 to run task
[2024-08-06T17:11:49.099+0000] {standard_task_runner.py:90} INFO - Running: ['***', 'tasks', 'run', 'motower_daily_prod', 'checkataa', 'scheduled__2024-04-25T06:00:00+00:00', '--job-id', '1073', '--raw', '--subdir', 'DAGS_FOLDER/gps/custom_dags/motower_daily.py', '--cfg-path', '/tmp/tmp60siycfw']
[2024-08-06T17:11:49.101+0000] {standard_task_runner.py:91} INFO - Job 1073: Subtask checkataa
[2024-08-06T17:11:49.164+0000] {task_command.py:426} INFO - Running <TaskInstance: motower_daily_prod.checkataa scheduled__2024-04-25T06:00:00+00:00 [running]> on host 13681191f11c
[2024-08-06T17:11:49.326+0000] {taskinstance.py:2648} INFO - Exporting env vars: AIRFLOW_CTX_DAG_EMAIL='richmond.kongo@orange.com,assane.diop@orange.com,cyrille1.danho@orange.com,mohamed2.sylla@orange.com,amadou.diomande@orange.com,Jonas.kouame@orange.com,armand.kablan@orange.com,anicet.azombade@orange.com,etienne.kouadio@orange.com,bertine.kouakou@orange.com,florentine.kouakou@orange.com,ange.phaceli@orange.com,soulegame.soro@orange.com,innocent.yengo@orange.com' AIRFLOW_CTX_DAG_OWNER='***' AIRFLOW_CTX_DAG_ID='motower_daily_prod' AIRFLOW_CTX_TASK_ID='checkataa' AIRFLOW_CTX_EXECUTION_DATE='2024-04-25T06:00:00+00:00' AIRFLOW_CTX_TRY_NUMBER='1' AIRFLOW_CTX_DAG_RUN_ID='scheduled__2024-04-25T06:00:00+00:00'
[2024-08-06T17:11:49.327+0000] {taskinstance.py:430} INFO - ::endgroup::
[2024-08-06T17:11:49.348+0000] {python.py:75} INFO - Poking callable: <function check_data_in_table at 0x701c427bf100>
[2024-08-06T17:11:49.354+0000] {extract.py:126} INFO - Getting data of the table dtm_motower_gsm 
[2024-08-06T17:11:49.355+0000] {extract.py:127} INFO - where date is 2024-04-24
[2024-08-06T17:11:49.355+0000] {extract.py:102} INFO - get data to date 20240424
[2024-08-06T17:11:49.365+0000] {warnings.py:112} WARNING - /opt/***/dags/gps/common/extract.py:103: UserWarning: pandas only supports SQLAlchemy connectable (engine/connection) or database string URI or sqlite3 DBAPI2 connection. Other DBAPI2 objects are not tested. Please consider using SQLAlchemy.
  df_ = pd.read_sql_query(sql_query, conn, params=params)

[2024-08-06T17:11:49.489+0000] {base.py:294} INFO - Success criteria met. Exiting.
[2024-08-06T17:11:49.490+0000] {taskinstance.py:441} INFO - ::group::Post task execution logs
[2024-08-06T17:11:49.505+0000] {taskinstance.py:1206} INFO - Marking task as SUCCESS. dag_id=motower_daily_prod, task_id=checkataa, run_id=scheduled__2024-04-25T06:00:00+00:00, execution_date=20240425T060000, start_date=20240806T171149, end_date=20240806T171149
[2024-08-06T17:11:49.553+0000] {local_task_job_runner.py:243} INFO - Task exited with return code 0
[2024-08-06T17:11:49.566+0000] {local_task_job_runner.py:222} INFO - ::endgroup::
[2024-08-06T17:22:02.271+0000] {local_task_job_runner.py:120} INFO - ::group::Pre task execution logs
[2024-08-06T17:22:02.361+0000] {taskinstance.py:2076} INFO - Dependencies all met for dep_context=non-requeueable deps ti=<TaskInstance: motower_daily_prod.checkataa scheduled__2024-04-25T06:00:00+00:00 [queued]>
[2024-08-06T17:22:02.386+0000] {taskinstance.py:2076} INFO - Dependencies all met for dep_context=requeueable deps ti=<TaskInstance: motower_daily_prod.checkataa scheduled__2024-04-25T06:00:00+00:00 [queued]>
[2024-08-06T17:22:02.387+0000] {taskinstance.py:2306} INFO - Starting attempt 1 of 1
[2024-08-06T17:22:02.442+0000] {taskinstance.py:2330} INFO - Executing <Task(PythonSensor): checkataa> on 2024-04-25 06:00:00+00:00
[2024-08-06T17:22:02.463+0000] {warnings.py:112} WARNING - /home/***/.local/lib/python3.12/site-packages/***/task/task_runner/standard_task_runner.py:62: DeprecationWarning: This process (pid=4770) is multi-threaded, use of fork() may lead to deadlocks in the child.
  pid = os.fork()

[2024-08-06T17:22:02.466+0000] {standard_task_runner.py:64} INFO - Started process 4781 to run task
[2024-08-06T17:22:02.477+0000] {standard_task_runner.py:90} INFO - Running: ['***', 'tasks', 'run', 'motower_daily_prod', 'checkataa', 'scheduled__2024-04-25T06:00:00+00:00', '--job-id', '1193', '--raw', '--subdir', 'DAGS_FOLDER/gps/custom_dags/motower_daily.py', '--cfg-path', '/tmp/tmp663rcbtv']
[2024-08-06T17:22:02.481+0000] {standard_task_runner.py:91} INFO - Job 1193: Subtask checkataa
[2024-08-06T17:22:02.651+0000] {task_command.py:426} INFO - Running <TaskInstance: motower_daily_prod.checkataa scheduled__2024-04-25T06:00:00+00:00 [running]> on host 13681191f11c
[2024-08-06T17:22:02.915+0000] {taskinstance.py:2648} INFO - Exporting env vars: AIRFLOW_CTX_DAG_EMAIL='richmond.kongo@orange.com,assane.diop@orange.com,cyrille1.danho@orange.com,mohamed2.sylla@orange.com,amadou.diomande@orange.com,Jonas.kouame@orange.com,armand.kablan@orange.com,anicet.azombade@orange.com,etienne.kouadio@orange.com,bertine.kouakou@orange.com,florentine.kouakou@orange.com,ange.phaceli@orange.com,soulegame.soro@orange.com,innocent.yengo@orange.com' AIRFLOW_CTX_DAG_OWNER='***' AIRFLOW_CTX_DAG_ID='motower_daily_prod' AIRFLOW_CTX_TASK_ID='checkataa' AIRFLOW_CTX_EXECUTION_DATE='2024-04-25T06:00:00+00:00' AIRFLOW_CTX_TRY_NUMBER='1' AIRFLOW_CTX_DAG_RUN_ID='scheduled__2024-04-25T06:00:00+00:00'
[2024-08-06T17:22:02.917+0000] {taskinstance.py:430} INFO - ::endgroup::
[2024-08-06T17:22:02.950+0000] {python.py:75} INFO - Poking callable: <function check_data_in_table at 0x701c26feb880>
[2024-08-06T17:22:02.966+0000] {extract.py:126} INFO - Getting data of the table dtm_motower_gsm 
[2024-08-06T17:22:02.966+0000] {extract.py:127} INFO - where date is 2024-04-24
[2024-08-06T17:22:02.967+0000] {extract.py:102} INFO - get data to date 20240424
[2024-08-06T17:22:02.998+0000] {warnings.py:112} WARNING - /opt/***/dags/gps/common/extract.py:103: UserWarning: pandas only supports SQLAlchemy connectable (engine/connection) or database string URI or sqlite3 DBAPI2 connection. Other DBAPI2 objects are not tested. Please consider using SQLAlchemy.
  df_ = pd.read_sql_query(sql_query, conn, params=params)

[2024-08-06T17:22:03.485+0000] {base.py:294} INFO - Success criteria met. Exiting.
[2024-08-06T17:22:03.485+0000] {taskinstance.py:441} INFO - ::group::Post task execution logs
[2024-08-06T17:22:03.510+0000] {taskinstance.py:1206} INFO - Marking task as SUCCESS. dag_id=motower_daily_prod, task_id=checkataa, run_id=scheduled__2024-04-25T06:00:00+00:00, execution_date=20240425T060000, start_date=20240806T172202, end_date=20240806T172203
[2024-08-06T17:22:03.634+0000] {local_task_job_runner.py:243} INFO - Task exited with return code 0
[2024-08-06T17:22:03.675+0000] {local_task_job_runner.py:222} INFO - ::endgroup::
[2024-08-06T17:42:01.660+0000] {local_task_job_runner.py:120} INFO - ::group::Pre task execution logs
[2024-08-06T17:42:02.165+0000] {taskinstance.py:2076} INFO - Dependencies all met for dep_context=non-requeueable deps ti=<TaskInstance: motower_daily_prod.checkataa scheduled__2024-04-25T06:00:00+00:00 [queued]>
[2024-08-06T17:42:02.240+0000] {taskinstance.py:2076} INFO - Dependencies all met for dep_context=requeueable deps ti=<TaskInstance: motower_daily_prod.checkataa scheduled__2024-04-25T06:00:00+00:00 [queued]>
[2024-08-06T17:42:02.241+0000] {taskinstance.py:2306} INFO - Starting attempt 1 of 1
[2024-08-06T17:42:02.315+0000] {taskinstance.py:2330} INFO - Executing <Task(PythonSensor): checkataa> on 2024-04-25 06:00:00+00:00
[2024-08-06T17:42:02.337+0000] {warnings.py:112} WARNING - /home/***/.local/lib/python3.12/site-packages/***/task/task_runner/standard_task_runner.py:62: DeprecationWarning: This process (pid=8367) is multi-threaded, use of fork() may lead to deadlocks in the child.
  pid = os.fork()

[2024-08-06T17:42:02.340+0000] {standard_task_runner.py:64} INFO - Started process 8384 to run task
[2024-08-06T17:42:02.358+0000] {standard_task_runner.py:90} INFO - Running: ['***', 'tasks', 'run', 'motower_daily_prod', 'checkataa', 'scheduled__2024-04-25T06:00:00+00:00', '--job-id', '2319', '--raw', '--subdir', 'DAGS_FOLDER/gps/custom_dags/motower_daily.py', '--cfg-path', '/tmp/tmpj3v4_auz']
[2024-08-06T17:42:02.363+0000] {standard_task_runner.py:91} INFO - Job 2319: Subtask checkataa
[2024-08-06T17:42:02.532+0000] {task_command.py:426} INFO - Running <TaskInstance: motower_daily_prod.checkataa scheduled__2024-04-25T06:00:00+00:00 [running]> on host 13681191f11c
[2024-08-06T17:42:02.940+0000] {taskinstance.py:2648} INFO - Exporting env vars: AIRFLOW_CTX_DAG_EMAIL='richmond.kongo@orange.com,assane.diop@orange.com,cyrille1.danho@orange.com,mohamed2.sylla@orange.com,amadou.diomande@orange.com,Jonas.kouame@orange.com,armand.kablan@orange.com,anicet.azombade@orange.com,etienne.kouadio@orange.com,bertine.kouakou@orange.com,florentine.kouakou@orange.com,ange.phaceli@orange.com,soulegame.soro@orange.com,innocent.yengo@orange.com' AIRFLOW_CTX_DAG_OWNER='***' AIRFLOW_CTX_DAG_ID='motower_daily_prod' AIRFLOW_CTX_TASK_ID='checkataa' AIRFLOW_CTX_EXECUTION_DATE='2024-04-25T06:00:00+00:00' AIRFLOW_CTX_TRY_NUMBER='1' AIRFLOW_CTX_DAG_RUN_ID='scheduled__2024-04-25T06:00:00+00:00'
[2024-08-06T17:42:02.942+0000] {taskinstance.py:430} INFO - ::endgroup::
[2024-08-06T17:42:02.989+0000] {python.py:75} INFO - Poking callable: <function check_data_in_table at 0x701c26f03a60>
[2024-08-06T17:42:02.997+0000] {extract.py:126} INFO - Getting data of the table dtm_motower_gsm 
[2024-08-06T17:42:02.997+0000] {extract.py:127} INFO - where date is 2024-04-24
[2024-08-06T17:42:02.998+0000] {extract.py:102} INFO - get data to date 20240424
[2024-08-06T17:42:03.009+0000] {warnings.py:112} WARNING - /opt/***/dags/gps/common/extract.py:103: UserWarning: pandas only supports SQLAlchemy connectable (engine/connection) or database string URI or sqlite3 DBAPI2 connection. Other DBAPI2 objects are not tested. Please consider using SQLAlchemy.
  df_ = pd.read_sql_query(sql_query, conn, params=params)

[2024-08-06T17:42:03.183+0000] {base.py:294} INFO - Success criteria met. Exiting.
[2024-08-06T17:42:03.184+0000] {taskinstance.py:441} INFO - ::group::Post task execution logs
[2024-08-06T17:42:03.225+0000] {taskinstance.py:1206} INFO - Marking task as SUCCESS. dag_id=motower_daily_prod, task_id=checkataa, run_id=scheduled__2024-04-25T06:00:00+00:00, execution_date=20240425T060000, start_date=20240806T174202, end_date=20240806T174203
[2024-08-06T17:42:03.295+0000] {local_task_job_runner.py:243} INFO - Task exited with return code 0
[2024-08-06T17:42:03.416+0000] {taskinstance.py:3503} INFO - 0 downstream tasks scheduled from follow-on schedule check
[2024-08-06T17:42:03.435+0000] {local_task_job_runner.py:222} INFO - ::endgroup::
