[2024-08-06T17:12:24.776+0000] {local_task_job_runner.py:120} INFO - ::group::Pre task execution logs
[2024-08-06T17:12:24.928+0000] {taskinstance.py:2076} INFO - Dependencies all met for dep_context=non-requeueable deps ti=<TaskInstance: motower_daily_prod.checkataa scheduled__2024-04-30T06:00:00+00:00 [queued]>
[2024-08-06T17:12:24.971+0000] {taskinstance.py:2076} INFO - Dependencies all met for dep_context=requeueable deps ti=<TaskInstance: motower_daily_prod.checkataa scheduled__2024-04-30T06:00:00+00:00 [queued]>
[2024-08-06T17:12:24.971+0000] {taskinstance.py:2306} INFO - Starting attempt 1 of 1
[2024-08-06T17:12:25.053+0000] {taskinstance.py:2330} INFO - Executing <Task(PythonSensor): checkataa> on 2024-04-30 06:00:00+00:00
[2024-08-06T17:12:25.089+0000] {warnings.py:112} WARNING - /home/***/.local/lib/python3.12/site-packages/***/task/task_runner/standard_task_runner.py:62: DeprecationWarning: This process (pid=4394) is multi-threaded, use of fork() may lead to deadlocks in the child.
  pid = os.fork()

[2024-08-06T17:12:25.092+0000] {standard_task_runner.py:64} INFO - Started process 4408 to run task
[2024-08-06T17:12:25.100+0000] {standard_task_runner.py:90} INFO - Running: ['***', 'tasks', 'run', 'motower_daily_prod', 'checkataa', 'scheduled__2024-04-30T06:00:00+00:00', '--job-id', '1109', '--raw', '--subdir', 'DAGS_FOLDER/gps/custom_dags/motower_daily.py', '--cfg-path', '/tmp/tmp4izgxu91']
[2024-08-06T17:12:25.104+0000] {standard_task_runner.py:91} INFO - Job 1109: Subtask checkataa
[2024-08-06T17:12:25.245+0000] {task_command.py:426} INFO - Running <TaskInstance: motower_daily_prod.checkataa scheduled__2024-04-30T06:00:00+00:00 [running]> on host 13681191f11c
[2024-08-06T17:12:25.534+0000] {taskinstance.py:2648} INFO - Exporting env vars: AIRFLOW_CTX_DAG_EMAIL='richmond.kongo@orange.com,assane.diop@orange.com,cyrille1.danho@orange.com,mohamed2.sylla@orange.com,amadou.diomande@orange.com,Jonas.kouame@orange.com,armand.kablan@orange.com,anicet.azombade@orange.com,etienne.kouadio@orange.com,bertine.kouakou@orange.com,florentine.kouakou@orange.com,ange.phaceli@orange.com,soulegame.soro@orange.com,innocent.yengo@orange.com' AIRFLOW_CTX_DAG_OWNER='***' AIRFLOW_CTX_DAG_ID='motower_daily_prod' AIRFLOW_CTX_TASK_ID='checkataa' AIRFLOW_CTX_EXECUTION_DATE='2024-04-30T06:00:00+00:00' AIRFLOW_CTX_TRY_NUMBER='1' AIRFLOW_CTX_DAG_RUN_ID='scheduled__2024-04-30T06:00:00+00:00'
[2024-08-06T17:12:25.536+0000] {taskinstance.py:430} INFO - ::endgroup::
[2024-08-06T17:12:25.577+0000] {python.py:75} INFO - Poking callable: <function check_data_in_table at 0x701c26fdf7e0>
[2024-08-06T17:12:25.585+0000] {extract.py:126} INFO - Getting data of the table dtm_motower_gsm 
[2024-08-06T17:12:25.587+0000] {extract.py:127} INFO - where date is 2024-04-29
[2024-08-06T17:12:25.588+0000] {extract.py:102} INFO - get data to date 20240429
[2024-08-06T17:12:25.605+0000] {warnings.py:112} WARNING - /opt/***/dags/gps/common/extract.py:103: UserWarning: pandas only supports SQLAlchemy connectable (engine/connection) or database string URI or sqlite3 DBAPI2 connection. Other DBAPI2 objects are not tested. Please consider using SQLAlchemy.
  df_ = pd.read_sql_query(sql_query, conn, params=params)

[2024-08-06T17:12:25.812+0000] {base.py:294} INFO - Success criteria met. Exiting.
[2024-08-06T17:12:25.814+0000] {taskinstance.py:441} INFO - ::group::Post task execution logs
[2024-08-06T17:12:25.848+0000] {taskinstance.py:1206} INFO - Marking task as SUCCESS. dag_id=motower_daily_prod, task_id=checkataa, run_id=scheduled__2024-04-30T06:00:00+00:00, execution_date=20240430T060000, start_date=20240806T171224, end_date=20240806T171225
[2024-08-06T17:12:25.960+0000] {local_task_job_runner.py:243} INFO - Task exited with return code 0
[2024-08-06T17:12:25.994+0000] {local_task_job_runner.py:222} INFO - ::endgroup::
[2024-08-06T17:43:01.816+0000] {local_task_job_runner.py:120} INFO - ::group::Pre task execution logs
[2024-08-06T17:43:01.968+0000] {taskinstance.py:2076} INFO - Dependencies all met for dep_context=non-requeueable deps ti=<TaskInstance: motower_daily_prod.checkataa scheduled__2024-04-30T06:00:00+00:00 [queued]>
[2024-08-06T17:43:02.031+0000] {taskinstance.py:2076} INFO - Dependencies all met for dep_context=requeueable deps ti=<TaskInstance: motower_daily_prod.checkataa scheduled__2024-04-30T06:00:00+00:00 [queued]>
[2024-08-06T17:43:02.032+0000] {taskinstance.py:2306} INFO - Starting attempt 1 of 1
[2024-08-06T17:43:02.100+0000] {taskinstance.py:2330} INFO - Executing <Task(PythonSensor): checkataa> on 2024-04-30 06:00:00+00:00
[2024-08-06T17:43:02.129+0000] {warnings.py:112} WARNING - /home/***/.local/lib/python3.12/site-packages/***/task/task_runner/standard_task_runner.py:62: DeprecationWarning: This process (pid=8527) is multi-threaded, use of fork() may lead to deadlocks in the child.
  pid = os.fork()

[2024-08-06T17:43:02.132+0000] {standard_task_runner.py:64} INFO - Started process 8544 to run task
[2024-08-06T17:43:02.155+0000] {standard_task_runner.py:90} INFO - Running: ['***', 'tasks', 'run', 'motower_daily_prod', 'checkataa', 'scheduled__2024-04-30T06:00:00+00:00', '--job-id', '2370', '--raw', '--subdir', 'DAGS_FOLDER/gps/custom_dags/motower_daily.py', '--cfg-path', '/tmp/tmpro69aw03']
[2024-08-06T17:43:02.159+0000] {standard_task_runner.py:91} INFO - Job 2370: Subtask checkataa
[2024-08-06T17:43:02.294+0000] {task_command.py:426} INFO - Running <TaskInstance: motower_daily_prod.checkataa scheduled__2024-04-30T06:00:00+00:00 [running]> on host 13681191f11c
[2024-08-06T17:43:02.661+0000] {taskinstance.py:2648} INFO - Exporting env vars: AIRFLOW_CTX_DAG_EMAIL='richmond.kongo@orange.com,assane.diop@orange.com,cyrille1.danho@orange.com,mohamed2.sylla@orange.com,amadou.diomande@orange.com,Jonas.kouame@orange.com,armand.kablan@orange.com,anicet.azombade@orange.com,etienne.kouadio@orange.com,bertine.kouakou@orange.com,florentine.kouakou@orange.com,ange.phaceli@orange.com,soulegame.soro@orange.com,innocent.yengo@orange.com' AIRFLOW_CTX_DAG_OWNER='***' AIRFLOW_CTX_DAG_ID='motower_daily_prod' AIRFLOW_CTX_TASK_ID='checkataa' AIRFLOW_CTX_EXECUTION_DATE='2024-04-30T06:00:00+00:00' AIRFLOW_CTX_TRY_NUMBER='1' AIRFLOW_CTX_DAG_RUN_ID='scheduled__2024-04-30T06:00:00+00:00'
[2024-08-06T17:43:02.668+0000] {taskinstance.py:430} INFO - ::endgroup::
[2024-08-06T17:43:02.715+0000] {python.py:75} INFO - Poking callable: <function check_data_in_table at 0x701c4275f060>
[2024-08-06T17:43:02.724+0000] {extract.py:126} INFO - Getting data of the table dtm_motower_gsm 
[2024-08-06T17:43:02.725+0000] {extract.py:127} INFO - where date is 2024-04-29
[2024-08-06T17:43:02.725+0000] {extract.py:102} INFO - get data to date 20240429
[2024-08-06T17:43:02.736+0000] {warnings.py:112} WARNING - /opt/***/dags/gps/common/extract.py:103: UserWarning: pandas only supports SQLAlchemy connectable (engine/connection) or database string URI or sqlite3 DBAPI2 connection. Other DBAPI2 objects are not tested. Please consider using SQLAlchemy.
  df_ = pd.read_sql_query(sql_query, conn, params=params)

[2024-08-06T17:43:02.981+0000] {base.py:294} INFO - Success criteria met. Exiting.
[2024-08-06T17:43:02.982+0000] {taskinstance.py:441} INFO - ::group::Post task execution logs
[2024-08-06T17:43:03.012+0000] {taskinstance.py:1206} INFO - Marking task as SUCCESS. dag_id=motower_daily_prod, task_id=checkataa, run_id=scheduled__2024-04-30T06:00:00+00:00, execution_date=20240430T060000, start_date=20240806T174301, end_date=20240806T174303
[2024-08-06T17:43:03.894+0000] {local_task_job_runner.py:243} INFO - Task exited with return code 0
[2024-08-06T17:43:04.017+0000] {taskinstance.py:3503} INFO - 0 downstream tasks scheduled from follow-on schedule check
[2024-08-06T17:43:04.038+0000] {local_task_job_runner.py:222} INFO - ::endgroup::
