[2024-08-06T17:02:36.737+0000] {local_task_job_runner.py:120} INFO - ::group::Pre task execution logs
[2024-08-06T17:02:37.778+0000] {taskinstance.py:2076} INFO - Dependencies all met for dep_context=non-requeueable deps ti=<TaskInstance: motower_daily_prod.checkataa scheduled__2024-02-21T06:00:00+00:00 [queued]>
[2024-08-06T17:02:37.806+0000] {taskinstance.py:2076} INFO - Dependencies all met for dep_context=requeueable deps ti=<TaskInstance: motower_daily_prod.checkataa scheduled__2024-02-21T06:00:00+00:00 [queued]>
[2024-08-06T17:02:37.807+0000] {taskinstance.py:2306} INFO - Starting attempt 1 of 1
[2024-08-06T17:02:37.862+0000] {taskinstance.py:2330} INFO - Executing <Task(PythonSensor): checkataa> on 2024-02-21 06:00:00+00:00
[2024-08-06T17:02:37.886+0000] {warnings.py:112} WARNING - /home/***/.local/lib/python3.12/site-packages/***/task/task_runner/standard_task_runner.py:62: DeprecationWarning: This process (pid=2404) is multi-threaded, use of fork() may lead to deadlocks in the child.
  pid = os.fork()

[2024-08-06T17:02:37.891+0000] {standard_task_runner.py:64} INFO - Started process 2420 to run task
[2024-08-06T17:02:37.906+0000] {standard_task_runner.py:90} INFO - Running: ['***', 'tasks', 'run', 'motower_daily_prod', 'checkataa', 'scheduled__2024-02-21T06:00:00+00:00', '--job-id', '482', '--raw', '--subdir', 'DAGS_FOLDER/gps/custom_dags/motower_daily.py', '--cfg-path', '/tmp/tmpl7on6pu0']
[2024-08-06T17:02:37.920+0000] {standard_task_runner.py:91} INFO - Job 482: Subtask checkataa
[2024-08-06T17:02:38.103+0000] {task_command.py:426} INFO - Running <TaskInstance: motower_daily_prod.checkataa scheduled__2024-02-21T06:00:00+00:00 [running]> on host 13681191f11c
[2024-08-06T17:02:38.447+0000] {taskinstance.py:2648} INFO - Exporting env vars: AIRFLOW_CTX_DAG_EMAIL='richmond.kongo@orange.com,assane.diop@orange.com,cyrille1.danho@orange.com,mohamed2.sylla@orange.com,amadou.diomande@orange.com,Jonas.kouame@orange.com,armand.kablan@orange.com,anicet.azombade@orange.com,etienne.kouadio@orange.com,bertine.kouakou@orange.com,florentine.kouakou@orange.com,ange.phaceli@orange.com,soulegame.soro@orange.com,innocent.yengo@orange.com' AIRFLOW_CTX_DAG_OWNER='***' AIRFLOW_CTX_DAG_ID='motower_daily_prod' AIRFLOW_CTX_TASK_ID='checkataa' AIRFLOW_CTX_EXECUTION_DATE='2024-02-21T06:00:00+00:00' AIRFLOW_CTX_TRY_NUMBER='1' AIRFLOW_CTX_DAG_RUN_ID='scheduled__2024-02-21T06:00:00+00:00'
[2024-08-06T17:02:38.448+0000] {taskinstance.py:430} INFO - ::endgroup::
[2024-08-06T17:02:38.515+0000] {python.py:75} INFO - Poking callable: <function check_data_in_table at 0x701c27087880>
[2024-08-06T17:02:38.521+0000] {extract.py:126} INFO - Getting data of the table dtm_motower_gsm 
[2024-08-06T17:02:38.522+0000] {extract.py:127} INFO - where date is 2024-02-20
[2024-08-06T17:02:38.522+0000] {extract.py:102} INFO - get data to date 20240220
[2024-08-06T17:02:38.533+0000] {warnings.py:112} WARNING - /opt/***/dags/gps/common/extract.py:103: UserWarning: pandas only supports SQLAlchemy connectable (engine/connection) or database string URI or sqlite3 DBAPI2 connection. Other DBAPI2 objects are not tested. Please consider using SQLAlchemy.
  df_ = pd.read_sql_query(sql_query, conn, params=params)

[2024-08-06T17:02:38.824+0000] {base.py:294} INFO - Success criteria met. Exiting.
[2024-08-06T17:02:38.824+0000] {taskinstance.py:441} INFO - ::group::Post task execution logs
[2024-08-06T17:02:38.869+0000] {taskinstance.py:1206} INFO - Marking task as SUCCESS. dag_id=motower_daily_prod, task_id=checkataa, run_id=scheduled__2024-02-21T06:00:00+00:00, execution_date=20240221T060000, start_date=20240806T170237, end_date=20240806T170238
[2024-08-06T17:02:38.994+0000] {local_task_job_runner.py:243} INFO - Task exited with return code 0
[2024-08-06T17:02:39.025+0000] {local_task_job_runner.py:222} INFO - ::endgroup::
[2024-08-06T17:33:27.902+0000] {local_task_job_runner.py:120} INFO - ::group::Pre task execution logs
[2024-08-06T17:33:28.017+0000] {taskinstance.py:2076} INFO - Dependencies all met for dep_context=non-requeueable deps ti=<TaskInstance: motower_daily_prod.checkataa scheduled__2024-02-21T06:00:00+00:00 [queued]>
[2024-08-06T17:33:28.061+0000] {taskinstance.py:2076} INFO - Dependencies all met for dep_context=requeueable deps ti=<TaskInstance: motower_daily_prod.checkataa scheduled__2024-02-21T06:00:00+00:00 [queued]>
[2024-08-06T17:33:28.062+0000] {taskinstance.py:2306} INFO - Starting attempt 1 of 1
[2024-08-06T17:33:28.112+0000] {taskinstance.py:2330} INFO - Executing <Task(PythonSensor): checkataa> on 2024-02-21 06:00:00+00:00
[2024-08-06T17:33:28.127+0000] {warnings.py:112} WARNING - /home/***/.local/lib/python3.12/site-packages/***/task/task_runner/standard_task_runner.py:62: DeprecationWarning: This process (pid=6579) is multi-threaded, use of fork() may lead to deadlocks in the child.
  pid = os.fork()

[2024-08-06T17:33:28.129+0000] {standard_task_runner.py:64} INFO - Started process 6600 to run task
[2024-08-06T17:33:28.136+0000] {standard_task_runner.py:90} INFO - Running: ['***', 'tasks', 'run', 'motower_daily_prod', 'checkataa', 'scheduled__2024-02-21T06:00:00+00:00', '--job-id', '1755', '--raw', '--subdir', 'DAGS_FOLDER/gps/custom_dags/motower_daily.py', '--cfg-path', '/tmp/tmptw157pl9']
[2024-08-06T17:33:28.140+0000] {standard_task_runner.py:91} INFO - Job 1755: Subtask checkataa
[2024-08-06T17:33:28.293+0000] {task_command.py:426} INFO - Running <TaskInstance: motower_daily_prod.checkataa scheduled__2024-02-21T06:00:00+00:00 [running]> on host 13681191f11c
[2024-08-06T17:33:28.566+0000] {taskinstance.py:2648} INFO - Exporting env vars: AIRFLOW_CTX_DAG_EMAIL='richmond.kongo@orange.com,assane.diop@orange.com,cyrille1.danho@orange.com,mohamed2.sylla@orange.com,amadou.diomande@orange.com,Jonas.kouame@orange.com,armand.kablan@orange.com,anicet.azombade@orange.com,etienne.kouadio@orange.com,bertine.kouakou@orange.com,florentine.kouakou@orange.com,ange.phaceli@orange.com,soulegame.soro@orange.com,innocent.yengo@orange.com' AIRFLOW_CTX_DAG_OWNER='***' AIRFLOW_CTX_DAG_ID='motower_daily_prod' AIRFLOW_CTX_TASK_ID='checkataa' AIRFLOW_CTX_EXECUTION_DATE='2024-02-21T06:00:00+00:00' AIRFLOW_CTX_TRY_NUMBER='1' AIRFLOW_CTX_DAG_RUN_ID='scheduled__2024-02-21T06:00:00+00:00'
[2024-08-06T17:33:28.568+0000] {taskinstance.py:430} INFO - ::endgroup::
[2024-08-06T17:33:28.639+0000] {python.py:75} INFO - Poking callable: <function check_data_in_table at 0x701c26ea5c60>
[2024-08-06T17:33:28.652+0000] {extract.py:126} INFO - Getting data of the table dtm_motower_gsm 
[2024-08-06T17:33:28.653+0000] {extract.py:127} INFO - where date is 2024-02-20
[2024-08-06T17:33:28.653+0000] {extract.py:102} INFO - get data to date 20240220
[2024-08-06T17:33:28.664+0000] {warnings.py:112} WARNING - /opt/***/dags/gps/common/extract.py:103: UserWarning: pandas only supports SQLAlchemy connectable (engine/connection) or database string URI or sqlite3 DBAPI2 connection. Other DBAPI2 objects are not tested. Please consider using SQLAlchemy.
  df_ = pd.read_sql_query(sql_query, conn, params=params)

[2024-08-06T17:33:28.865+0000] {base.py:294} INFO - Success criteria met. Exiting.
[2024-08-06T17:33:28.865+0000] {taskinstance.py:441} INFO - ::group::Post task execution logs
[2024-08-06T17:33:28.885+0000] {taskinstance.py:1206} INFO - Marking task as SUCCESS. dag_id=motower_daily_prod, task_id=checkataa, run_id=scheduled__2024-02-21T06:00:00+00:00, execution_date=20240221T060000, start_date=20240806T173328, end_date=20240806T173328
[2024-08-06T17:33:29.002+0000] {local_task_job_runner.py:243} INFO - Task exited with return code 0
[2024-08-06T17:33:29.144+0000] {taskinstance.py:3503} INFO - 0 downstream tasks scheduled from follow-on schedule check
[2024-08-06T17:33:29.156+0000] {local_task_job_runner.py:222} INFO - ::endgroup::
[2024-08-06T18:21:19.766+0000] {local_task_job_runner.py:120} INFO - ::group::Pre task execution logs
[2024-08-06T18:21:19.860+0000] {taskinstance.py:2076} INFO - Dependencies all met for dep_context=non-requeueable deps ti=<TaskInstance: motower_daily_prod.checkataa scheduled__2024-02-21T06:00:00+00:00 [queued]>
[2024-08-06T18:21:19.887+0000] {taskinstance.py:2076} INFO - Dependencies all met for dep_context=requeueable deps ti=<TaskInstance: motower_daily_prod.checkataa scheduled__2024-02-21T06:00:00+00:00 [queued]>
[2024-08-06T18:21:19.888+0000] {taskinstance.py:2306} INFO - Starting attempt 1 of 1
[2024-08-06T18:21:19.913+0000] {taskinstance.py:2330} INFO - Executing <Task(PythonSensor): checkataa> on 2024-02-21 06:00:00+00:00
[2024-08-06T18:21:19.927+0000] {warnings.py:112} WARNING - /home/***/.local/lib/python3.12/site-packages/***/task/task_runner/standard_task_runner.py:62: DeprecationWarning: This process (pid=10481) is multi-threaded, use of fork() may lead to deadlocks in the child.
  pid = os.fork()

[2024-08-06T18:21:19.929+0000] {standard_task_runner.py:64} INFO - Started process 10488 to run task
[2024-08-06T18:21:19.930+0000] {standard_task_runner.py:90} INFO - Running: ['***', 'tasks', 'run', 'motower_daily_prod', 'checkataa', 'scheduled__2024-02-21T06:00:00+00:00', '--job-id', '2864', '--raw', '--subdir', 'DAGS_FOLDER/gps/custom_dags/motower_daily.py', '--cfg-path', '/tmp/tmp798m0f62']
[2024-08-06T18:21:19.933+0000] {standard_task_runner.py:91} INFO - Job 2864: Subtask checkataa
[2024-08-06T18:21:20.024+0000] {task_command.py:426} INFO - Running <TaskInstance: motower_daily_prod.checkataa scheduled__2024-02-21T06:00:00+00:00 [running]> on host 13681191f11c
[2024-08-06T18:21:20.235+0000] {taskinstance.py:2648} INFO - Exporting env vars: AIRFLOW_CTX_DAG_EMAIL='richmond.kongo@orange.com,assane.diop@orange.com,cyrille1.danho@orange.com,mohamed2.sylla@orange.com,amadou.diomande@orange.com,Jonas.kouame@orange.com,armand.kablan@orange.com,anicet.azombade@orange.com,etienne.kouadio@orange.com,bertine.kouakou@orange.com,florentine.kouakou@orange.com,ange.phaceli@orange.com,soulegame.soro@orange.com,innocent.yengo@orange.com' AIRFLOW_CTX_DAG_OWNER='***' AIRFLOW_CTX_DAG_ID='motower_daily_prod' AIRFLOW_CTX_TASK_ID='checkataa' AIRFLOW_CTX_EXECUTION_DATE='2024-02-21T06:00:00+00:00' AIRFLOW_CTX_TRY_NUMBER='1' AIRFLOW_CTX_DAG_RUN_ID='scheduled__2024-02-21T06:00:00+00:00'
[2024-08-06T18:21:20.237+0000] {taskinstance.py:430} INFO - ::endgroup::
[2024-08-06T18:21:20.267+0000] {python.py:75} INFO - Poking callable: <function check_data_in_table at 0x701c41f659e0>
[2024-08-06T18:21:20.275+0000] {extract.py:126} INFO - Getting data of the table dtm_motower_gsm 
[2024-08-06T18:21:20.276+0000] {extract.py:127} INFO - where date is 2024-02-20
[2024-08-06T18:21:20.276+0000] {extract.py:102} INFO - get data to date 20240220
[2024-08-06T18:21:20.285+0000] {warnings.py:112} WARNING - /opt/***/dags/gps/common/extract.py:103: UserWarning: pandas only supports SQLAlchemy connectable (engine/connection) or database string URI or sqlite3 DBAPI2 connection. Other DBAPI2 objects are not tested. Please consider using SQLAlchemy.
  df_ = pd.read_sql_query(sql_query, conn, params=params)

[2024-08-06T18:21:20.410+0000] {base.py:294} INFO - Success criteria met. Exiting.
[2024-08-06T18:21:20.410+0000] {taskinstance.py:441} INFO - ::group::Post task execution logs
[2024-08-06T18:21:20.426+0000] {taskinstance.py:1206} INFO - Marking task as SUCCESS. dag_id=motower_daily_prod, task_id=checkataa, run_id=scheduled__2024-02-21T06:00:00+00:00, execution_date=20240221T060000, start_date=20240806T182119, end_date=20240806T182120
[2024-08-06T18:21:20.505+0000] {local_task_job_runner.py:243} INFO - Task exited with return code 0
[2024-08-06T18:21:20.583+0000] {taskinstance.py:3503} INFO - 1 downstream tasks scheduled from follow-on schedule check
[2024-08-06T18:21:20.589+0000] {local_task_job_runner.py:222} INFO - ::endgroup::
