[2024-08-06T16:53:44.239+0000] {local_task_job_runner.py:120} INFO - ::group::Pre task execution logs
[2024-08-06T16:53:44.763+0000] {taskinstance.py:2076} INFO - Dependencies all met for dep_context=non-requeueable deps ti=<TaskInstance: motower_daily_prod.extract_congestion scheduled__2024-01-04T06:00:00+00:00 [queued]>
[2024-08-06T16:53:44.848+0000] {taskinstance.py:2076} INFO - Dependencies all met for dep_context=requeueable deps ti=<TaskInstance: motower_daily_prod.extract_congestion scheduled__2024-01-04T06:00:00+00:00 [queued]>
[2024-08-06T16:53:44.848+0000] {taskinstance.py:2306} INFO - Starting attempt 1 of 1
[2024-08-06T16:53:44.935+0000] {taskinstance.py:2330} INFO - Executing <Task(PythonOperator): extract_congestion> on 2024-01-04 06:00:00+00:00
[2024-08-06T16:53:44.956+0000] {warnings.py:112} WARNING - /home/***/.local/lib/python3.12/site-packages/***/task/task_runner/standard_task_runner.py:62: DeprecationWarning: This process (pid=928) is multi-threaded, use of fork() may lead to deadlocks in the child.
  pid = os.fork()

[2024-08-06T16:53:44.959+0000] {standard_task_runner.py:64} INFO - Started process 945 to run task
[2024-08-06T16:53:44.969+0000] {standard_task_runner.py:90} INFO - Running: ['***', 'tasks', 'run', 'motower_daily_prod', 'extract_congestion', 'scheduled__2024-01-04T06:00:00+00:00', '--job-id', '28', '--raw', '--subdir', 'DAGS_FOLDER/gps/custom_dags/motower_daily.py', '--cfg-path', '/tmp/tmpnkgik6dm']
[2024-08-06T16:53:44.975+0000] {standard_task_runner.py:91} INFO - Job 28: Subtask extract_congestion
[2024-08-06T16:53:45.255+0000] {task_command.py:426} INFO - Running <TaskInstance: motower_daily_prod.extract_congestion scheduled__2024-01-04T06:00:00+00:00 [running]> on host 13681191f11c
[2024-08-06T16:53:45.714+0000] {taskinstance.py:2648} INFO - Exporting env vars: AIRFLOW_CTX_DAG_EMAIL='richmond.kongo@orange.com,assane.diop@orange.com,cyrille1.danho@orange.com,mohamed2.sylla@orange.com,amadou.diomande@orange.com,Jonas.kouame@orange.com,armand.kablan@orange.com,anicet.azombade@orange.com,etienne.kouadio@orange.com,bertine.kouakou@orange.com,florentine.kouakou@orange.com,ange.phaceli@orange.com,soulegame.soro@orange.com,innocent.yengo@orange.com' AIRFLOW_CTX_DAG_OWNER='***' AIRFLOW_CTX_DAG_ID='motower_daily_prod' AIRFLOW_CTX_TASK_ID='extract_congestion' AIRFLOW_CTX_EXECUTION_DATE='2024-01-04T06:00:00+00:00' AIRFLOW_CTX_TRY_NUMBER='1' AIRFLOW_CTX_DAG_RUN_ID='scheduled__2024-01-04T06:00:00+00:00'
[2024-08-06T16:53:45.716+0000] {taskinstance.py:430} INFO - ::endgroup::
[2024-08-06T16:53:45.779+0000] {extract.py:126} INFO - Getting data of the table ks_hebdo_tdb_radio_drsi 
[2024-08-06T16:53:45.779+0000] {extract.py:127} INFO - where date is 2024-01-03
[2024-08-06T16:53:45.780+0000] {extract.py:98} INFO - get data to date 1 and year 2024
[2024-08-06T16:53:45.805+0000] {warnings.py:112} WARNING - /opt/***/dags/gps/common/extract.py:99: UserWarning: pandas only supports SQLAlchemy connectable (engine/connection) or database string URI or sqlite3 DBAPI2 connection. Other DBAPI2 objects are not tested. Please consider using SQLAlchemy.
  df_ = pd.read_sql_query(sql_query, conn, params=params)

[2024-08-06T16:53:46.259+0000] {rwminio.py:19} INFO - start to save data
[2024-08-06T16:53:46.492+0000] {rwminio.py:34} INFO - data in minio ok
[2024-08-06T16:53:46.499+0000] {python.py:237} INFO - Done. Returned value was: None
[2024-08-06T16:53:46.501+0000] {taskinstance.py:441} INFO - ::group::Post task execution logs
[2024-08-06T16:53:46.514+0000] {taskinstance.py:1206} INFO - Marking task as SUCCESS. dag_id=motower_daily_prod, task_id=extract_congestion, run_id=scheduled__2024-01-04T06:00:00+00:00, execution_date=20240104T060000, start_date=20240806T165344, end_date=20240806T165346
[2024-08-06T16:53:46.567+0000] {local_task_job_runner.py:243} INFO - Task exited with return code 0
[2024-08-06T16:53:46.582+0000] {local_task_job_runner.py:222} INFO - ::endgroup::
[2024-08-06T16:56:40.170+0000] {local_task_job_runner.py:120} INFO - ::group::Pre task execution logs
[2024-08-06T16:56:40.289+0000] {taskinstance.py:2076} INFO - Dependencies all met for dep_context=non-requeueable deps ti=<TaskInstance: motower_daily_prod.extract_congestion scheduled__2024-01-04T06:00:00+00:00 [queued]>
[2024-08-06T16:56:40.333+0000] {taskinstance.py:2076} INFO - Dependencies all met for dep_context=requeueable deps ti=<TaskInstance: motower_daily_prod.extract_congestion scheduled__2024-01-04T06:00:00+00:00 [queued]>
[2024-08-06T16:56:40.334+0000] {taskinstance.py:2306} INFO - Starting attempt 1 of 1
[2024-08-06T16:56:40.381+0000] {taskinstance.py:2330} INFO - Executing <Task(PythonOperator): extract_congestion> on 2024-01-04 06:00:00+00:00
[2024-08-06T16:56:40.406+0000] {warnings.py:112} WARNING - /home/***/.local/lib/python3.12/site-packages/***/task/task_runner/standard_task_runner.py:62: DeprecationWarning: This process (pid=1114) is multi-threaded, use of fork() may lead to deadlocks in the child.
  pid = os.fork()

[2024-08-06T16:56:40.409+0000] {standard_task_runner.py:64} INFO - Started process 1130 to run task
[2024-08-06T16:56:40.414+0000] {standard_task_runner.py:90} INFO - Running: ['***', 'tasks', 'run', 'motower_daily_prod', 'extract_congestion', 'scheduled__2024-01-04T06:00:00+00:00', '--job-id', '76', '--raw', '--subdir', 'DAGS_FOLDER/gps/custom_dags/motower_daily.py', '--cfg-path', '/tmp/tmpcpbp_gic']
[2024-08-06T16:56:40.425+0000] {standard_task_runner.py:91} INFO - Job 76: Subtask extract_congestion
[2024-08-06T16:56:40.637+0000] {task_command.py:426} INFO - Running <TaskInstance: motower_daily_prod.extract_congestion scheduled__2024-01-04T06:00:00+00:00 [running]> on host 13681191f11c
[2024-08-06T16:56:41.031+0000] {taskinstance.py:2648} INFO - Exporting env vars: AIRFLOW_CTX_DAG_EMAIL='richmond.kongo@orange.com,assane.diop@orange.com,cyrille1.danho@orange.com,mohamed2.sylla@orange.com,amadou.diomande@orange.com,Jonas.kouame@orange.com,armand.kablan@orange.com,anicet.azombade@orange.com,etienne.kouadio@orange.com,bertine.kouakou@orange.com,florentine.kouakou@orange.com,ange.phaceli@orange.com,soulegame.soro@orange.com,innocent.yengo@orange.com' AIRFLOW_CTX_DAG_OWNER='***' AIRFLOW_CTX_DAG_ID='motower_daily_prod' AIRFLOW_CTX_TASK_ID='extract_congestion' AIRFLOW_CTX_EXECUTION_DATE='2024-01-04T06:00:00+00:00' AIRFLOW_CTX_TRY_NUMBER='1' AIRFLOW_CTX_DAG_RUN_ID='scheduled__2024-01-04T06:00:00+00:00'
[2024-08-06T16:56:41.033+0000] {taskinstance.py:430} INFO - ::endgroup::
[2024-08-06T16:56:41.167+0000] {extract.py:126} INFO - Getting data of the table ks_hebdo_tdb_radio_drsi 
[2024-08-06T16:56:41.167+0000] {extract.py:127} INFO - where date is 2024-01-03
[2024-08-06T16:56:41.168+0000] {extract.py:98} INFO - get data to date 1 and year 2024
[2024-08-06T16:56:41.200+0000] {warnings.py:112} WARNING - /opt/***/dags/gps/common/extract.py:99: UserWarning: pandas only supports SQLAlchemy connectable (engine/connection) or database string URI or sqlite3 DBAPI2 connection. Other DBAPI2 objects are not tested. Please consider using SQLAlchemy.
  df_ = pd.read_sql_query(sql_query, conn, params=params)

[2024-08-06T16:56:41.520+0000] {rwminio.py:19} INFO - start to save data
[2024-08-06T16:56:41.771+0000] {rwminio.py:34} INFO - data in minio ok
[2024-08-06T16:56:41.779+0000] {python.py:237} INFO - Done. Returned value was: None
[2024-08-06T16:56:41.780+0000] {taskinstance.py:441} INFO - ::group::Post task execution logs
[2024-08-06T16:56:41.807+0000] {taskinstance.py:1206} INFO - Marking task as SUCCESS. dag_id=motower_daily_prod, task_id=extract_congestion, run_id=scheduled__2024-01-04T06:00:00+00:00, execution_date=20240104T060000, start_date=20240806T165640, end_date=20240806T165641
[2024-08-06T16:56:43.089+0000] {local_task_job_runner.py:243} INFO - Task exited with return code 0
[2024-08-06T16:56:43.133+0000] {taskinstance.py:3503} INFO - 1 downstream tasks scheduled from follow-on schedule check
[2024-08-06T16:56:43.136+0000] {local_task_job_runner.py:222} INFO - ::endgroup::
[2024-08-06T17:27:05.868+0000] {local_task_job_runner.py:120} INFO - ::group::Pre task execution logs
[2024-08-06T17:27:06.020+0000] {taskinstance.py:2076} INFO - Dependencies all met for dep_context=non-requeueable deps ti=<TaskInstance: motower_daily_prod.extract_congestion scheduled__2024-01-04T06:00:00+00:00 [queued]>
[2024-08-06T17:27:06.051+0000] {taskinstance.py:2076} INFO - Dependencies all met for dep_context=requeueable deps ti=<TaskInstance: motower_daily_prod.extract_congestion scheduled__2024-01-04T06:00:00+00:00 [queued]>
[2024-08-06T17:27:06.051+0000] {taskinstance.py:2306} INFO - Starting attempt 1 of 1
[2024-08-06T17:27:06.090+0000] {taskinstance.py:2330} INFO - Executing <Task(PythonOperator): extract_congestion> on 2024-01-04 06:00:00+00:00
[2024-08-06T17:27:06.126+0000] {warnings.py:112} WARNING - /home/***/.local/lib/python3.12/site-packages/***/task/task_runner/standard_task_runner.py:62: DeprecationWarning: This process (pid=5260) is multi-threaded, use of fork() may lead to deadlocks in the child.
  pid = os.fork()

[2024-08-06T17:27:06.129+0000] {standard_task_runner.py:64} INFO - Started process 5271 to run task
[2024-08-06T17:27:06.149+0000] {standard_task_runner.py:90} INFO - Running: ['***', 'tasks', 'run', 'motower_daily_prod', 'extract_congestion', 'scheduled__2024-01-04T06:00:00+00:00', '--job-id', '1336', '--raw', '--subdir', 'DAGS_FOLDER/gps/custom_dags/motower_daily.py', '--cfg-path', '/tmp/tmpuacw9313']
[2024-08-06T17:27:06.154+0000] {standard_task_runner.py:91} INFO - Job 1336: Subtask extract_congestion
[2024-08-06T17:27:06.336+0000] {task_command.py:426} INFO - Running <TaskInstance: motower_daily_prod.extract_congestion scheduled__2024-01-04T06:00:00+00:00 [running]> on host 13681191f11c
[2024-08-06T17:27:06.789+0000] {taskinstance.py:2648} INFO - Exporting env vars: AIRFLOW_CTX_DAG_EMAIL='richmond.kongo@orange.com,assane.diop@orange.com,cyrille1.danho@orange.com,mohamed2.sylla@orange.com,amadou.diomande@orange.com,Jonas.kouame@orange.com,armand.kablan@orange.com,anicet.azombade@orange.com,etienne.kouadio@orange.com,bertine.kouakou@orange.com,florentine.kouakou@orange.com,ange.phaceli@orange.com,soulegame.soro@orange.com,innocent.yengo@orange.com' AIRFLOW_CTX_DAG_OWNER='***' AIRFLOW_CTX_DAG_ID='motower_daily_prod' AIRFLOW_CTX_TASK_ID='extract_congestion' AIRFLOW_CTX_EXECUTION_DATE='2024-01-04T06:00:00+00:00' AIRFLOW_CTX_TRY_NUMBER='1' AIRFLOW_CTX_DAG_RUN_ID='scheduled__2024-01-04T06:00:00+00:00'
[2024-08-06T17:27:06.792+0000] {taskinstance.py:430} INFO - ::endgroup::
[2024-08-06T17:27:06.842+0000] {extract.py:126} INFO - Getting data of the table ks_hebdo_tdb_radio_drsi 
[2024-08-06T17:27:06.842+0000] {extract.py:127} INFO - where date is 2024-01-03
[2024-08-06T17:27:06.843+0000] {extract.py:98} INFO - get data to date 1 and year 2024
[2024-08-06T17:27:06.861+0000] {warnings.py:112} WARNING - /opt/***/dags/gps/common/extract.py:99: UserWarning: pandas only supports SQLAlchemy connectable (engine/connection) or database string URI or sqlite3 DBAPI2 connection. Other DBAPI2 objects are not tested. Please consider using SQLAlchemy.
  df_ = pd.read_sql_query(sql_query, conn, params=params)

[2024-08-06T17:27:07.220+0000] {rwminio.py:19} INFO - start to save data
[2024-08-06T17:27:07.488+0000] {rwminio.py:34} INFO - data in minio ok
[2024-08-06T17:27:07.497+0000] {python.py:237} INFO - Done. Returned value was: None
[2024-08-06T17:27:07.498+0000] {taskinstance.py:441} INFO - ::group::Post task execution logs
[2024-08-06T17:27:07.520+0000] {taskinstance.py:1206} INFO - Marking task as SUCCESS. dag_id=motower_daily_prod, task_id=extract_congestion, run_id=scheduled__2024-01-04T06:00:00+00:00, execution_date=20240104T060000, start_date=20240806T172706, end_date=20240806T172707
[2024-08-06T17:27:07.587+0000] {local_task_job_runner.py:243} INFO - Task exited with return code 0
[2024-08-06T17:27:07.610+0000] {local_task_job_runner.py:222} INFO - ::endgroup::
[2024-08-06T18:14:47.459+0000] {local_task_job_runner.py:120} INFO - ::group::Pre task execution logs
[2024-08-06T18:14:47.543+0000] {taskinstance.py:2076} INFO - Dependencies all met for dep_context=non-requeueable deps ti=<TaskInstance: motower_daily_prod.extract_congestion scheduled__2024-01-04T06:00:00+00:00 [queued]>
[2024-08-06T18:14:47.575+0000] {taskinstance.py:2076} INFO - Dependencies all met for dep_context=requeueable deps ti=<TaskInstance: motower_daily_prod.extract_congestion scheduled__2024-01-04T06:00:00+00:00 [queued]>
[2024-08-06T18:14:47.576+0000] {taskinstance.py:2306} INFO - Starting attempt 1 of 1
[2024-08-06T18:14:47.611+0000] {taskinstance.py:2330} INFO - Executing <Task(PythonOperator): extract_congestion> on 2024-01-04 06:00:00+00:00
[2024-08-06T18:14:47.633+0000] {warnings.py:112} WARNING - /home/***/.local/lib/python3.12/site-packages/***/task/task_runner/standard_task_runner.py:62: DeprecationWarning: This process (pid=9136) is multi-threaded, use of fork() may lead to deadlocks in the child.
  pid = os.fork()

[2024-08-06T18:14:47.635+0000] {standard_task_runner.py:64} INFO - Started process 9150 to run task
[2024-08-06T18:14:47.645+0000] {standard_task_runner.py:90} INFO - Running: ['***', 'tasks', 'run', 'motower_daily_prod', 'extract_congestion', 'scheduled__2024-01-04T06:00:00+00:00', '--job-id', '2441', '--raw', '--subdir', 'DAGS_FOLDER/gps/custom_dags/motower_daily.py', '--cfg-path', '/tmp/tmp5v3e9_z1']
[2024-08-06T18:14:47.653+0000] {standard_task_runner.py:91} INFO - Job 2441: Subtask extract_congestion
[2024-08-06T18:14:47.811+0000] {task_command.py:426} INFO - Running <TaskInstance: motower_daily_prod.extract_congestion scheduled__2024-01-04T06:00:00+00:00 [running]> on host 13681191f11c
[2024-08-06T18:14:48.035+0000] {taskinstance.py:2648} INFO - Exporting env vars: AIRFLOW_CTX_DAG_EMAIL='richmond.kongo@orange.com,assane.diop@orange.com,cyrille1.danho@orange.com,mohamed2.sylla@orange.com,amadou.diomande@orange.com,Jonas.kouame@orange.com,armand.kablan@orange.com,anicet.azombade@orange.com,etienne.kouadio@orange.com,bertine.kouakou@orange.com,florentine.kouakou@orange.com,ange.phaceli@orange.com,soulegame.soro@orange.com,innocent.yengo@orange.com' AIRFLOW_CTX_DAG_OWNER='***' AIRFLOW_CTX_DAG_ID='motower_daily_prod' AIRFLOW_CTX_TASK_ID='extract_congestion' AIRFLOW_CTX_EXECUTION_DATE='2024-01-04T06:00:00+00:00' AIRFLOW_CTX_TRY_NUMBER='1' AIRFLOW_CTX_DAG_RUN_ID='scheduled__2024-01-04T06:00:00+00:00'
[2024-08-06T18:14:48.037+0000] {taskinstance.py:430} INFO - ::endgroup::
[2024-08-06T18:14:48.078+0000] {extract.py:126} INFO - Getting data of the table ks_hebdo_tdb_radio_drsi 
[2024-08-06T18:14:48.080+0000] {extract.py:127} INFO - where date is 2024-01-03
[2024-08-06T18:14:48.083+0000] {extract.py:98} INFO - get data to date 1 and year 2024
[2024-08-06T18:14:48.098+0000] {warnings.py:112} WARNING - /opt/***/dags/gps/common/extract.py:99: UserWarning: pandas only supports SQLAlchemy connectable (engine/connection) or database string URI or sqlite3 DBAPI2 connection. Other DBAPI2 objects are not tested. Please consider using SQLAlchemy.
  df_ = pd.read_sql_query(sql_query, conn, params=params)

[2024-08-06T18:14:48.374+0000] {rwminio.py:19} INFO - start to save data
[2024-08-06T18:14:48.611+0000] {rwminio.py:34} INFO - data in minio ok
[2024-08-06T18:14:48.619+0000] {python.py:237} INFO - Done. Returned value was: None
[2024-08-06T18:14:48.621+0000] {taskinstance.py:441} INFO - ::group::Post task execution logs
[2024-08-06T18:14:48.644+0000] {taskinstance.py:1206} INFO - Marking task as SUCCESS. dag_id=motower_daily_prod, task_id=extract_congestion, run_id=scheduled__2024-01-04T06:00:00+00:00, execution_date=20240104T060000, start_date=20240806T181447, end_date=20240806T181448
[2024-08-06T18:14:48.690+0000] {local_task_job_runner.py:243} INFO - Task exited with return code 0
[2024-08-06T18:14:48.747+0000] {taskinstance.py:3503} INFO - 1 downstream tasks scheduled from follow-on schedule check
[2024-08-06T18:14:48.750+0000] {local_task_job_runner.py:222} INFO - ::endgroup::
