[2024-08-06T17:11:05.715+0000] {local_task_job_runner.py:120} INFO - ::group::Pre task execution logs
[2024-08-06T17:11:05.823+0000] {taskinstance.py:2076} INFO - Dependencies all met for dep_context=non-requeueable deps ti=<TaskInstance: motower_daily_prod.clean_trafic_task scheduled__2024-04-20T06:00:00+00:00 [queued]>
[2024-08-06T17:11:05.866+0000] {taskinstance.py:2076} INFO - Dependencies all met for dep_context=requeueable deps ti=<TaskInstance: motower_daily_prod.clean_trafic_task scheduled__2024-04-20T06:00:00+00:00 [queued]>
[2024-08-06T17:11:05.867+0000] {taskinstance.py:2306} INFO - Starting attempt 1 of 1
[2024-08-06T17:11:06.120+0000] {taskinstance.py:2330} INFO - Executing <Task(PythonOperator): clean_trafic_task> on 2024-04-20 06:00:00+00:00
[2024-08-06T17:11:06.136+0000] {warnings.py:112} WARNING - /home/***/.local/lib/python3.12/site-packages/***/task/task_runner/standard_task_runner.py:62: DeprecationWarning: This process (pid=4166) is multi-threaded, use of fork() may lead to deadlocks in the child.
  pid = os.fork()

[2024-08-06T17:11:06.138+0000] {standard_task_runner.py:64} INFO - Started process 4185 to run task
[2024-08-06T17:11:06.146+0000] {standard_task_runner.py:90} INFO - Running: ['***', 'tasks', 'run', 'motower_daily_prod', 'clean_trafic_task', 'scheduled__2024-04-20T06:00:00+00:00', '--job-id', '1043', '--raw', '--subdir', 'DAGS_FOLDER/gps/custom_dags/motower_daily.py', '--cfg-path', '/tmp/tmpozw342wy']
[2024-08-06T17:11:06.150+0000] {standard_task_runner.py:91} INFO - Job 1043: Subtask clean_trafic_task
[2024-08-06T17:11:06.342+0000] {task_command.py:426} INFO - Running <TaskInstance: motower_daily_prod.clean_trafic_task scheduled__2024-04-20T06:00:00+00:00 [running]> on host 13681191f11c
[2024-08-06T17:11:06.640+0000] {taskinstance.py:2648} INFO - Exporting env vars: AIRFLOW_CTX_DAG_EMAIL='richmond.kongo@orange.com,assane.diop@orange.com,cyrille1.danho@orange.com,mohamed2.sylla@orange.com,amadou.diomande@orange.com,Jonas.kouame@orange.com,armand.kablan@orange.com,anicet.azombade@orange.com,etienne.kouadio@orange.com,bertine.kouakou@orange.com,florentine.kouakou@orange.com,ange.phaceli@orange.com,soulegame.soro@orange.com,innocent.yengo@orange.com' AIRFLOW_CTX_DAG_OWNER='***' AIRFLOW_CTX_DAG_ID='motower_daily_prod' AIRFLOW_CTX_TASK_ID='clean_trafic_task' AIRFLOW_CTX_EXECUTION_DATE='2024-04-20T06:00:00+00:00' AIRFLOW_CTX_TRY_NUMBER='1' AIRFLOW_CTX_DAG_RUN_ID='scheduled__2024-04-20T06:00:00+00:00'
[2024-08-06T17:11:06.642+0000] {taskinstance.py:430} INFO - ::endgroup::
[2024-08-06T17:11:06.857+0000] {data_validation.py:11} INFO - START VALIDATION OF COLUMN trafic_data_go
[2024-08-06T17:11:06.860+0000] {data_validation.py:20} INFO - DATA OF COLUMN trafic_data_go ARE VALID
[2024-08-06T17:11:06.861+0000] {data_validation.py:11} INFO - START VALIDATION OF COLUMN trafic_voix_erl
[2024-08-06T17:11:06.863+0000] {data_validation.py:20} INFO - DATA OF COLUMN trafic_voix_erl ARE VALID
[2024-08-06T17:11:06.863+0000] {motower_daily.py:267} INFO - prepare final data
[2024-08-06T17:11:06.922+0000] {logging_mixin.py:188} INFO - ================================
[2024-08-06T17:11:06.923+0000] {logging_mixin.py:188} INFO - object
[2024-08-06T17:11:07.556+0000] {python.py:237} INFO - Done. Returned value was: None
[2024-08-06T17:11:07.557+0000] {taskinstance.py:441} INFO - ::group::Post task execution logs
[2024-08-06T17:11:07.571+0000] {taskinstance.py:1206} INFO - Marking task as SUCCESS. dag_id=motower_daily_prod, task_id=clean_trafic_task, run_id=scheduled__2024-04-20T06:00:00+00:00, execution_date=20240420T060000, start_date=20240806T171105, end_date=20240806T171107
[2024-08-06T17:11:07.624+0000] {local_task_job_runner.py:243} INFO - Task exited with return code 0
[2024-08-06T17:11:07.649+0000] {taskinstance.py:3503} INFO - 0 downstream tasks scheduled from follow-on schedule check
[2024-08-06T17:11:07.651+0000] {local_task_job_runner.py:222} INFO - ::endgroup::
[2024-08-06T17:21:50.498+0000] {local_task_job_runner.py:120} INFO - ::group::Pre task execution logs
[2024-08-06T17:21:50.939+0000] {taskinstance.py:2076} INFO - Dependencies all met for dep_context=non-requeueable deps ti=<TaskInstance: motower_daily_prod.clean_trafic_task scheduled__2024-04-20T06:00:00+00:00 [queued]>
[2024-08-06T17:21:50.971+0000] {taskinstance.py:2076} INFO - Dependencies all met for dep_context=requeueable deps ti=<TaskInstance: motower_daily_prod.clean_trafic_task scheduled__2024-04-20T06:00:00+00:00 [queued]>
[2024-08-06T17:21:50.972+0000] {taskinstance.py:2306} INFO - Starting attempt 1 of 1
[2024-08-06T17:21:51.007+0000] {taskinstance.py:2330} INFO - Executing <Task(PythonOperator): clean_trafic_task> on 2024-04-20 06:00:00+00:00
[2024-08-06T17:21:51.028+0000] {warnings.py:112} WARNING - /home/***/.local/lib/python3.12/site-packages/***/task/task_runner/standard_task_runner.py:62: DeprecationWarning: This process (pid=4726) is multi-threaded, use of fork() may lead to deadlocks in the child.
  pid = os.fork()

[2024-08-06T17:21:51.031+0000] {standard_task_runner.py:64} INFO - Started process 4740 to run task
[2024-08-06T17:21:51.044+0000] {standard_task_runner.py:90} INFO - Running: ['***', 'tasks', 'run', 'motower_daily_prod', 'clean_trafic_task', 'scheduled__2024-04-20T06:00:00+00:00', '--job-id', '1180', '--raw', '--subdir', 'DAGS_FOLDER/gps/custom_dags/motower_daily.py', '--cfg-path', '/tmp/tmpuldc73z9']
[2024-08-06T17:21:51.051+0000] {standard_task_runner.py:91} INFO - Job 1180: Subtask clean_trafic_task
[2024-08-06T17:21:51.208+0000] {task_command.py:426} INFO - Running <TaskInstance: motower_daily_prod.clean_trafic_task scheduled__2024-04-20T06:00:00+00:00 [running]> on host 13681191f11c
[2024-08-06T17:21:51.557+0000] {taskinstance.py:2648} INFO - Exporting env vars: AIRFLOW_CTX_DAG_EMAIL='richmond.kongo@orange.com,assane.diop@orange.com,cyrille1.danho@orange.com,mohamed2.sylla@orange.com,amadou.diomande@orange.com,Jonas.kouame@orange.com,armand.kablan@orange.com,anicet.azombade@orange.com,etienne.kouadio@orange.com,bertine.kouakou@orange.com,florentine.kouakou@orange.com,ange.phaceli@orange.com,soulegame.soro@orange.com,innocent.yengo@orange.com' AIRFLOW_CTX_DAG_OWNER='***' AIRFLOW_CTX_DAG_ID='motower_daily_prod' AIRFLOW_CTX_TASK_ID='clean_trafic_task' AIRFLOW_CTX_EXECUTION_DATE='2024-04-20T06:00:00+00:00' AIRFLOW_CTX_TRY_NUMBER='1' AIRFLOW_CTX_DAG_RUN_ID='scheduled__2024-04-20T06:00:00+00:00'
[2024-08-06T17:21:51.564+0000] {taskinstance.py:430} INFO - ::endgroup::
[2024-08-06T17:21:51.831+0000] {data_validation.py:11} INFO - START VALIDATION OF COLUMN trafic_data_go
[2024-08-06T17:21:51.834+0000] {data_validation.py:20} INFO - DATA OF COLUMN trafic_data_go ARE VALID
[2024-08-06T17:21:51.835+0000] {data_validation.py:11} INFO - START VALIDATION OF COLUMN trafic_voix_erl
[2024-08-06T17:21:51.837+0000] {data_validation.py:20} INFO - DATA OF COLUMN trafic_voix_erl ARE VALID
[2024-08-06T17:21:51.838+0000] {motower_daily.py:267} INFO - prepare final data
[2024-08-06T17:21:51.891+0000] {logging_mixin.py:188} INFO - ================================
[2024-08-06T17:21:51.892+0000] {logging_mixin.py:188} INFO - object
[2024-08-06T17:21:52.588+0000] {python.py:237} INFO - Done. Returned value was: None
[2024-08-06T17:21:52.590+0000] {taskinstance.py:441} INFO - ::group::Post task execution logs
[2024-08-06T17:21:52.605+0000] {taskinstance.py:1206} INFO - Marking task as SUCCESS. dag_id=motower_daily_prod, task_id=clean_trafic_task, run_id=scheduled__2024-04-20T06:00:00+00:00, execution_date=20240420T060000, start_date=20240806T172150, end_date=20240806T172152
[2024-08-06T17:21:52.641+0000] {local_task_job_runner.py:243} INFO - Task exited with return code 0
[2024-08-06T17:21:52.654+0000] {local_task_job_runner.py:222} INFO - ::endgroup::
[2024-08-06T17:22:43.317+0000] {local_task_job_runner.py:120} INFO - ::group::Pre task execution logs
[2024-08-06T17:22:43.620+0000] {taskinstance.py:2076} INFO - Dependencies all met for dep_context=non-requeueable deps ti=<TaskInstance: motower_daily_prod.clean_trafic_task scheduled__2024-04-20T06:00:00+00:00 [queued]>
[2024-08-06T17:22:43.652+0000] {taskinstance.py:2076} INFO - Dependencies all met for dep_context=requeueable deps ti=<TaskInstance: motower_daily_prod.clean_trafic_task scheduled__2024-04-20T06:00:00+00:00 [queued]>
[2024-08-06T17:22:43.653+0000] {taskinstance.py:2306} INFO - Starting attempt 1 of 1
[2024-08-06T17:22:43.705+0000] {taskinstance.py:2330} INFO - Executing <Task(PythonOperator): clean_trafic_task> on 2024-04-20 06:00:00+00:00
[2024-08-06T17:22:43.720+0000] {warnings.py:112} WARNING - /home/***/.local/lib/python3.12/site-packages/***/task/task_runner/standard_task_runner.py:62: DeprecationWarning: This process (pid=4915) is multi-threaded, use of fork() may lead to deadlocks in the child.
  pid = os.fork()

[2024-08-06T17:22:43.721+0000] {standard_task_runner.py:64} INFO - Started process 4925 to run task
[2024-08-06T17:22:43.722+0000] {standard_task_runner.py:90} INFO - Running: ['***', 'tasks', 'run', 'motower_daily_prod', 'clean_trafic_task', 'scheduled__2024-04-20T06:00:00+00:00', '--job-id', '1239', '--raw', '--subdir', 'DAGS_FOLDER/gps/custom_dags/motower_daily.py', '--cfg-path', '/tmp/tmpdna4faqg']
[2024-08-06T17:22:43.726+0000] {standard_task_runner.py:91} INFO - Job 1239: Subtask clean_trafic_task
[2024-08-06T17:22:43.817+0000] {task_command.py:426} INFO - Running <TaskInstance: motower_daily_prod.clean_trafic_task scheduled__2024-04-20T06:00:00+00:00 [running]> on host 13681191f11c
[2024-08-06T17:22:44.047+0000] {taskinstance.py:2648} INFO - Exporting env vars: AIRFLOW_CTX_DAG_EMAIL='richmond.kongo@orange.com,assane.diop@orange.com,cyrille1.danho@orange.com,mohamed2.sylla@orange.com,amadou.diomande@orange.com,Jonas.kouame@orange.com,armand.kablan@orange.com,anicet.azombade@orange.com,etienne.kouadio@orange.com,bertine.kouakou@orange.com,florentine.kouakou@orange.com,ange.phaceli@orange.com,soulegame.soro@orange.com,innocent.yengo@orange.com' AIRFLOW_CTX_DAG_OWNER='***' AIRFLOW_CTX_DAG_ID='motower_daily_prod' AIRFLOW_CTX_TASK_ID='clean_trafic_task' AIRFLOW_CTX_EXECUTION_DATE='2024-04-20T06:00:00+00:00' AIRFLOW_CTX_TRY_NUMBER='1' AIRFLOW_CTX_DAG_RUN_ID='scheduled__2024-04-20T06:00:00+00:00'
[2024-08-06T17:22:44.049+0000] {taskinstance.py:430} INFO - ::endgroup::
[2024-08-06T17:22:44.210+0000] {data_validation.py:11} INFO - START VALIDATION OF COLUMN trafic_data_go
[2024-08-06T17:22:44.212+0000] {data_validation.py:20} INFO - DATA OF COLUMN trafic_data_go ARE VALID
[2024-08-06T17:22:44.214+0000] {data_validation.py:11} INFO - START VALIDATION OF COLUMN trafic_voix_erl
[2024-08-06T17:22:44.217+0000] {data_validation.py:20} INFO - DATA OF COLUMN trafic_voix_erl ARE VALID
[2024-08-06T17:22:44.217+0000] {motower_daily.py:267} INFO - prepare final data
[2024-08-06T17:22:44.272+0000] {logging_mixin.py:188} INFO - ================================
[2024-08-06T17:22:44.273+0000] {logging_mixin.py:188} INFO - object
[2024-08-06T17:22:45.167+0000] {python.py:237} INFO - Done. Returned value was: None
[2024-08-06T17:22:45.169+0000] {taskinstance.py:441} INFO - ::group::Post task execution logs
[2024-08-06T17:22:45.190+0000] {taskinstance.py:1206} INFO - Marking task as SUCCESS. dag_id=motower_daily_prod, task_id=clean_trafic_task, run_id=scheduled__2024-04-20T06:00:00+00:00, execution_date=20240420T060000, start_date=20240806T172243, end_date=20240806T172245
[2024-08-06T17:22:46.128+0000] {local_task_job_runner.py:243} INFO - Task exited with return code 0
[2024-08-06T17:22:46.161+0000] {taskinstance.py:3503} INFO - 0 downstream tasks scheduled from follow-on schedule check
[2024-08-06T17:22:46.164+0000] {local_task_job_runner.py:222} INFO - ::endgroup::
[2024-08-06T17:24:01.044+0000] {local_task_job_runner.py:120} INFO - ::group::Pre task execution logs
[2024-08-06T17:24:01.224+0000] {taskinstance.py:2076} INFO - Dependencies all met for dep_context=non-requeueable deps ti=<TaskInstance: motower_daily_prod.clean_trafic_task scheduled__2024-04-20T06:00:00+00:00 [queued]>
[2024-08-06T17:24:01.294+0000] {taskinstance.py:2076} INFO - Dependencies all met for dep_context=requeueable deps ti=<TaskInstance: motower_daily_prod.clean_trafic_task scheduled__2024-04-20T06:00:00+00:00 [queued]>
[2024-08-06T17:24:01.295+0000] {taskinstance.py:2306} INFO - Starting attempt 1 of 1
[2024-08-06T17:24:01.329+0000] {taskinstance.py:2330} INFO - Executing <Task(PythonOperator): clean_trafic_task> on 2024-04-20 06:00:00+00:00
[2024-08-06T17:24:01.344+0000] {warnings.py:112} WARNING - /home/***/.local/lib/python3.12/site-packages/***/task/task_runner/standard_task_runner.py:62: DeprecationWarning: This process (pid=5072) is multi-threaded, use of fork() may lead to deadlocks in the child.
  pid = os.fork()

[2024-08-06T17:24:01.347+0000] {standard_task_runner.py:64} INFO - Started process 5089 to run task
[2024-08-06T17:24:01.362+0000] {standard_task_runner.py:90} INFO - Running: ['***', 'tasks', 'run', 'motower_daily_prod', 'clean_trafic_task', 'scheduled__2024-04-20T06:00:00+00:00', '--job-id', '1291', '--raw', '--subdir', 'DAGS_FOLDER/gps/custom_dags/motower_daily.py', '--cfg-path', '/tmp/tmp792g0g9m']
[2024-08-06T17:24:01.368+0000] {standard_task_runner.py:91} INFO - Job 1291: Subtask clean_trafic_task
[2024-08-06T17:24:01.540+0000] {task_command.py:426} INFO - Running <TaskInstance: motower_daily_prod.clean_trafic_task scheduled__2024-04-20T06:00:00+00:00 [running]> on host 13681191f11c
[2024-08-06T17:24:01.896+0000] {taskinstance.py:2648} INFO - Exporting env vars: AIRFLOW_CTX_DAG_EMAIL='richmond.kongo@orange.com,assane.diop@orange.com,cyrille1.danho@orange.com,mohamed2.sylla@orange.com,amadou.diomande@orange.com,Jonas.kouame@orange.com,armand.kablan@orange.com,anicet.azombade@orange.com,etienne.kouadio@orange.com,bertine.kouakou@orange.com,florentine.kouakou@orange.com,ange.phaceli@orange.com,soulegame.soro@orange.com,innocent.yengo@orange.com' AIRFLOW_CTX_DAG_OWNER='***' AIRFLOW_CTX_DAG_ID='motower_daily_prod' AIRFLOW_CTX_TASK_ID='clean_trafic_task' AIRFLOW_CTX_EXECUTION_DATE='2024-04-20T06:00:00+00:00' AIRFLOW_CTX_TRY_NUMBER='1' AIRFLOW_CTX_DAG_RUN_ID='scheduled__2024-04-20T06:00:00+00:00'
[2024-08-06T17:24:01.898+0000] {taskinstance.py:430} INFO - ::endgroup::
[2024-08-06T17:24:02.090+0000] {data_validation.py:11} INFO - START VALIDATION OF COLUMN trafic_data_go
[2024-08-06T17:24:02.093+0000] {data_validation.py:20} INFO - DATA OF COLUMN trafic_data_go ARE VALID
[2024-08-06T17:24:02.094+0000] {data_validation.py:11} INFO - START VALIDATION OF COLUMN trafic_voix_erl
[2024-08-06T17:24:02.096+0000] {data_validation.py:20} INFO - DATA OF COLUMN trafic_voix_erl ARE VALID
[2024-08-06T17:24:02.096+0000] {motower_daily.py:267} INFO - prepare final data
[2024-08-06T17:24:02.153+0000] {logging_mixin.py:188} INFO - ================================
[2024-08-06T17:24:02.154+0000] {logging_mixin.py:188} INFO - object
[2024-08-06T17:24:02.849+0000] {python.py:237} INFO - Done. Returned value was: None
[2024-08-06T17:24:02.851+0000] {taskinstance.py:441} INFO - ::group::Post task execution logs
[2024-08-06T17:24:02.862+0000] {taskinstance.py:1206} INFO - Marking task as SUCCESS. dag_id=motower_daily_prod, task_id=clean_trafic_task, run_id=scheduled__2024-04-20T06:00:00+00:00, execution_date=20240420T060000, start_date=20240806T172401, end_date=20240806T172402
[2024-08-06T17:24:02.891+0000] {local_task_job_runner.py:243} INFO - Task exited with return code 0
[2024-08-06T17:24:02.904+0000] {local_task_job_runner.py:222} INFO - ::endgroup::
[2024-08-06T17:41:47.653+0000] {local_task_job_runner.py:120} INFO - ::group::Pre task execution logs
[2024-08-06T17:41:48.047+0000] {taskinstance.py:2076} INFO - Dependencies all met for dep_context=non-requeueable deps ti=<TaskInstance: motower_daily_prod.clean_trafic_task scheduled__2024-04-20T06:00:00+00:00 [queued]>
[2024-08-06T17:41:48.116+0000] {taskinstance.py:2076} INFO - Dependencies all met for dep_context=requeueable deps ti=<TaskInstance: motower_daily_prod.clean_trafic_task scheduled__2024-04-20T06:00:00+00:00 [queued]>
[2024-08-06T17:41:48.117+0000] {taskinstance.py:2306} INFO - Starting attempt 1 of 1
[2024-08-06T17:41:48.179+0000] {taskinstance.py:2330} INFO - Executing <Task(PythonOperator): clean_trafic_task> on 2024-04-20 06:00:00+00:00
[2024-08-06T17:41:48.202+0000] {warnings.py:112} WARNING - /home/***/.local/lib/python3.12/site-packages/***/task/task_runner/standard_task_runner.py:62: DeprecationWarning: This process (pid=8313) is multi-threaded, use of fork() may lead to deadlocks in the child.
  pid = os.fork()

[2024-08-06T17:41:48.211+0000] {standard_task_runner.py:64} INFO - Started process 8327 to run task
[2024-08-06T17:41:48.212+0000] {standard_task_runner.py:90} INFO - Running: ['***', 'tasks', 'run', 'motower_daily_prod', 'clean_trafic_task', 'scheduled__2024-04-20T06:00:00+00:00', '--job-id', '2304', '--raw', '--subdir', 'DAGS_FOLDER/gps/custom_dags/motower_daily.py', '--cfg-path', '/tmp/tmp6pkxordb']
[2024-08-06T17:41:48.226+0000] {standard_task_runner.py:91} INFO - Job 2304: Subtask clean_trafic_task
[2024-08-06T17:41:48.446+0000] {task_command.py:426} INFO - Running <TaskInstance: motower_daily_prod.clean_trafic_task scheduled__2024-04-20T06:00:00+00:00 [running]> on host 13681191f11c
[2024-08-06T17:41:48.826+0000] {taskinstance.py:2648} INFO - Exporting env vars: AIRFLOW_CTX_DAG_EMAIL='richmond.kongo@orange.com,assane.diop@orange.com,cyrille1.danho@orange.com,mohamed2.sylla@orange.com,amadou.diomande@orange.com,Jonas.kouame@orange.com,armand.kablan@orange.com,anicet.azombade@orange.com,etienne.kouadio@orange.com,bertine.kouakou@orange.com,florentine.kouakou@orange.com,ange.phaceli@orange.com,soulegame.soro@orange.com,innocent.yengo@orange.com' AIRFLOW_CTX_DAG_OWNER='***' AIRFLOW_CTX_DAG_ID='motower_daily_prod' AIRFLOW_CTX_TASK_ID='clean_trafic_task' AIRFLOW_CTX_EXECUTION_DATE='2024-04-20T06:00:00+00:00' AIRFLOW_CTX_TRY_NUMBER='1' AIRFLOW_CTX_DAG_RUN_ID='scheduled__2024-04-20T06:00:00+00:00'
[2024-08-06T17:41:48.829+0000] {taskinstance.py:430} INFO - ::endgroup::
[2024-08-06T17:41:49.046+0000] {data_validation.py:11} INFO - START VALIDATION OF COLUMN trafic_data_go
[2024-08-06T17:41:49.050+0000] {data_validation.py:20} INFO - DATA OF COLUMN trafic_data_go ARE VALID
[2024-08-06T17:41:49.051+0000] {data_validation.py:11} INFO - START VALIDATION OF COLUMN trafic_voix_erl
[2024-08-06T17:41:49.054+0000] {data_validation.py:20} INFO - DATA OF COLUMN trafic_voix_erl ARE VALID
[2024-08-06T17:41:49.056+0000] {motower_daily.py:267} INFO - prepare final data
[2024-08-06T17:41:49.113+0000] {logging_mixin.py:188} INFO - ================================
[2024-08-06T17:41:49.115+0000] {logging_mixin.py:188} INFO - object
[2024-08-06T17:41:50.019+0000] {python.py:237} INFO - Done. Returned value was: None
[2024-08-06T17:41:50.021+0000] {taskinstance.py:441} INFO - ::group::Post task execution logs
[2024-08-06T17:41:50.057+0000] {taskinstance.py:1206} INFO - Marking task as SUCCESS. dag_id=motower_daily_prod, task_id=clean_trafic_task, run_id=scheduled__2024-04-20T06:00:00+00:00, execution_date=20240420T060000, start_date=20240806T174148, end_date=20240806T174150
[2024-08-06T17:41:50.170+0000] {local_task_job_runner.py:243} INFO - Task exited with return code 0
[2024-08-06T17:41:50.243+0000] {taskinstance.py:3503} INFO - 0 downstream tasks scheduled from follow-on schedule check
[2024-08-06T17:41:50.302+0000] {local_task_job_runner.py:222} INFO - ::endgroup::
