[2024-08-06T16:58:12.098+0000] {local_task_job_runner.py:120} INFO - ::group::Pre task execution logs
[2024-08-06T16:58:12.181+0000] {taskinstance.py:2076} INFO - Dependencies all met for dep_context=non-requeueable deps ti=<TaskInstance: motower_daily_prod.clean_trafic_task scheduled__2024-01-15T06:00:00+00:00 [queued]>
[2024-08-06T16:58:12.222+0000] {taskinstance.py:2076} INFO - Dependencies all met for dep_context=requeueable deps ti=<TaskInstance: motower_daily_prod.clean_trafic_task scheduled__2024-01-15T06:00:00+00:00 [queued]>
[2024-08-06T16:58:12.223+0000] {taskinstance.py:2306} INFO - Starting attempt 1 of 1
[2024-08-06T16:58:12.251+0000] {taskinstance.py:2330} INFO - Executing <Task(PythonOperator): clean_trafic_task> on 2024-01-15 06:00:00+00:00
[2024-08-06T16:58:12.266+0000] {warnings.py:112} WARNING - /home/***/.local/lib/python3.12/site-packages/***/task/task_runner/standard_task_runner.py:62: DeprecationWarning: This process (pid=1477) is multi-threaded, use of fork() may lead to deadlocks in the child.
  pid = os.fork()

[2024-08-06T16:58:12.269+0000] {standard_task_runner.py:64} INFO - Started process 1497 to run task
[2024-08-06T16:58:12.271+0000] {standard_task_runner.py:90} INFO - Running: ['***', 'tasks', 'run', 'motower_daily_prod', 'clean_trafic_task', 'scheduled__2024-01-15T06:00:00+00:00', '--job-id', '193', '--raw', '--subdir', 'DAGS_FOLDER/gps/custom_dags/motower_daily.py', '--cfg-path', '/tmp/tmpfp3o_1po']
[2024-08-06T16:58:12.274+0000] {standard_task_runner.py:91} INFO - Job 193: Subtask clean_trafic_task
[2024-08-06T16:58:12.368+0000] {task_command.py:426} INFO - Running <TaskInstance: motower_daily_prod.clean_trafic_task scheduled__2024-01-15T06:00:00+00:00 [running]> on host 13681191f11c
[2024-08-06T16:58:12.589+0000] {taskinstance.py:2648} INFO - Exporting env vars: AIRFLOW_CTX_DAG_EMAIL='richmond.kongo@orange.com,assane.diop@orange.com,cyrille1.danho@orange.com,mohamed2.sylla@orange.com,amadou.diomande@orange.com,Jonas.kouame@orange.com,armand.kablan@orange.com,anicet.azombade@orange.com,etienne.kouadio@orange.com,bertine.kouakou@orange.com,florentine.kouakou@orange.com,ange.phaceli@orange.com,soulegame.soro@orange.com,innocent.yengo@orange.com' AIRFLOW_CTX_DAG_OWNER='***' AIRFLOW_CTX_DAG_ID='motower_daily_prod' AIRFLOW_CTX_TASK_ID='clean_trafic_task' AIRFLOW_CTX_EXECUTION_DATE='2024-01-15T06:00:00+00:00' AIRFLOW_CTX_TRY_NUMBER='1' AIRFLOW_CTX_DAG_RUN_ID='scheduled__2024-01-15T06:00:00+00:00'
[2024-08-06T16:58:12.592+0000] {taskinstance.py:430} INFO - ::endgroup::
[2024-08-06T16:58:12.745+0000] {data_validation.py:11} INFO - START VALIDATION OF COLUMN trafic_data_go
[2024-08-06T16:58:12.749+0000] {data_validation.py:20} INFO - DATA OF COLUMN trafic_data_go ARE VALID
[2024-08-06T16:58:12.751+0000] {data_validation.py:11} INFO - START VALIDATION OF COLUMN trafic_voix_erl
[2024-08-06T16:58:12.754+0000] {data_validation.py:20} INFO - DATA OF COLUMN trafic_voix_erl ARE VALID
[2024-08-06T16:58:12.756+0000] {motower_daily.py:267} INFO - prepare final data
[2024-08-06T16:58:12.841+0000] {logging_mixin.py:188} INFO - ================================
[2024-08-06T16:58:12.842+0000] {logging_mixin.py:188} INFO - object
[2024-08-06T16:58:13.752+0000] {python.py:237} INFO - Done. Returned value was: None
[2024-08-06T16:58:13.753+0000] {taskinstance.py:441} INFO - ::group::Post task execution logs
[2024-08-06T16:58:13.778+0000] {taskinstance.py:1206} INFO - Marking task as SUCCESS. dag_id=motower_daily_prod, task_id=clean_trafic_task, run_id=scheduled__2024-01-15T06:00:00+00:00, execution_date=20240115T060000, start_date=20240806T165812, end_date=20240806T165813
[2024-08-06T16:58:14.504+0000] {local_task_job_runner.py:243} INFO - Task exited with return code 0
[2024-08-06T16:58:14.535+0000] {local_task_job_runner.py:222} INFO - ::endgroup::
[2024-08-06T17:28:42.861+0000] {local_task_job_runner.py:120} INFO - ::group::Pre task execution logs
[2024-08-06T17:28:43.020+0000] {taskinstance.py:2076} INFO - Dependencies all met for dep_context=non-requeueable deps ti=<TaskInstance: motower_daily_prod.clean_trafic_task scheduled__2024-01-15T06:00:00+00:00 [queued]>
[2024-08-06T17:28:43.067+0000] {taskinstance.py:2076} INFO - Dependencies all met for dep_context=requeueable deps ti=<TaskInstance: motower_daily_prod.clean_trafic_task scheduled__2024-01-15T06:00:00+00:00 [queued]>
[2024-08-06T17:28:43.068+0000] {taskinstance.py:2306} INFO - Starting attempt 1 of 1
[2024-08-06T17:28:43.133+0000] {taskinstance.py:2330} INFO - Executing <Task(PythonOperator): clean_trafic_task> on 2024-01-15 06:00:00+00:00
[2024-08-06T17:28:43.155+0000] {warnings.py:112} WARNING - /home/***/.local/lib/python3.12/site-packages/***/task/task_runner/standard_task_runner.py:62: DeprecationWarning: This process (pid=5638) is multi-threaded, use of fork() may lead to deadlocks in the child.
  pid = os.fork()

[2024-08-06T17:28:43.158+0000] {standard_task_runner.py:64} INFO - Started process 5650 to run task
[2024-08-06T17:28:43.169+0000] {standard_task_runner.py:90} INFO - Running: ['***', 'tasks', 'run', 'motower_daily_prod', 'clean_trafic_task', 'scheduled__2024-01-15T06:00:00+00:00', '--job-id', '1458', '--raw', '--subdir', 'DAGS_FOLDER/gps/custom_dags/motower_daily.py', '--cfg-path', '/tmp/tmp2qjjxlgb']
[2024-08-06T17:28:43.174+0000] {standard_task_runner.py:91} INFO - Job 1458: Subtask clean_trafic_task
[2024-08-06T17:28:43.349+0000] {task_command.py:426} INFO - Running <TaskInstance: motower_daily_prod.clean_trafic_task scheduled__2024-01-15T06:00:00+00:00 [running]> on host 13681191f11c
[2024-08-06T17:28:43.840+0000] {taskinstance.py:2648} INFO - Exporting env vars: AIRFLOW_CTX_DAG_EMAIL='richmond.kongo@orange.com,assane.diop@orange.com,cyrille1.danho@orange.com,mohamed2.sylla@orange.com,amadou.diomande@orange.com,Jonas.kouame@orange.com,armand.kablan@orange.com,anicet.azombade@orange.com,etienne.kouadio@orange.com,bertine.kouakou@orange.com,florentine.kouakou@orange.com,ange.phaceli@orange.com,soulegame.soro@orange.com,innocent.yengo@orange.com' AIRFLOW_CTX_DAG_OWNER='***' AIRFLOW_CTX_DAG_ID='motower_daily_prod' AIRFLOW_CTX_TASK_ID='clean_trafic_task' AIRFLOW_CTX_EXECUTION_DATE='2024-01-15T06:00:00+00:00' AIRFLOW_CTX_TRY_NUMBER='1' AIRFLOW_CTX_DAG_RUN_ID='scheduled__2024-01-15T06:00:00+00:00'
[2024-08-06T17:28:43.842+0000] {taskinstance.py:430} INFO - ::endgroup::
[2024-08-06T17:28:44.171+0000] {data_validation.py:11} INFO - START VALIDATION OF COLUMN trafic_data_go
[2024-08-06T17:28:44.175+0000] {data_validation.py:20} INFO - DATA OF COLUMN trafic_data_go ARE VALID
[2024-08-06T17:28:44.177+0000] {data_validation.py:11} INFO - START VALIDATION OF COLUMN trafic_voix_erl
[2024-08-06T17:28:44.186+0000] {data_validation.py:20} INFO - DATA OF COLUMN trafic_voix_erl ARE VALID
[2024-08-06T17:28:44.190+0000] {motower_daily.py:267} INFO - prepare final data
[2024-08-06T17:28:44.268+0000] {logging_mixin.py:188} INFO - ================================
[2024-08-06T17:28:44.269+0000] {logging_mixin.py:188} INFO - object
[2024-08-06T17:28:44.986+0000] {python.py:237} INFO - Done. Returned value was: None
[2024-08-06T17:28:44.987+0000] {taskinstance.py:441} INFO - ::group::Post task execution logs
[2024-08-06T17:28:45.002+0000] {taskinstance.py:1206} INFO - Marking task as SUCCESS. dag_id=motower_daily_prod, task_id=clean_trafic_task, run_id=scheduled__2024-01-15T06:00:00+00:00, execution_date=20240115T060000, start_date=20240806T172843, end_date=20240806T172845
[2024-08-06T17:28:45.066+0000] {local_task_job_runner.py:243} INFO - Task exited with return code 0
[2024-08-06T17:28:45.098+0000] {taskinstance.py:3503} INFO - 0 downstream tasks scheduled from follow-on schedule check
[2024-08-06T17:28:45.103+0000] {local_task_job_runner.py:222} INFO - ::endgroup::
[2024-08-06T18:16:17.612+0000] {local_task_job_runner.py:120} INFO - ::group::Pre task execution logs
[2024-08-06T18:16:17.742+0000] {taskinstance.py:2076} INFO - Dependencies all met for dep_context=non-requeueable deps ti=<TaskInstance: motower_daily_prod.clean_trafic_task scheduled__2024-01-15T06:00:00+00:00 [queued]>
[2024-08-06T18:16:17.776+0000] {taskinstance.py:2076} INFO - Dependencies all met for dep_context=requeueable deps ti=<TaskInstance: motower_daily_prod.clean_trafic_task scheduled__2024-01-15T06:00:00+00:00 [queued]>
[2024-08-06T18:16:17.777+0000] {taskinstance.py:2306} INFO - Starting attempt 1 of 1
[2024-08-06T18:16:17.838+0000] {taskinstance.py:2330} INFO - Executing <Task(PythonOperator): clean_trafic_task> on 2024-01-15 06:00:00+00:00
[2024-08-06T18:16:17.860+0000] {warnings.py:112} WARNING - /home/***/.local/lib/python3.12/site-packages/***/task/task_runner/standard_task_runner.py:62: DeprecationWarning: This process (pid=9491) is multi-threaded, use of fork() may lead to deadlocks in the child.
  pid = os.fork()

[2024-08-06T18:16:17.862+0000] {standard_task_runner.py:64} INFO - Started process 9507 to run task
[2024-08-06T18:16:17.870+0000] {standard_task_runner.py:90} INFO - Running: ['***', 'tasks', 'run', 'motower_daily_prod', 'clean_trafic_task', 'scheduled__2024-01-15T06:00:00+00:00', '--job-id', '2555', '--raw', '--subdir', 'DAGS_FOLDER/gps/custom_dags/motower_daily.py', '--cfg-path', '/tmp/tmpph8jmx31']
[2024-08-06T18:16:17.874+0000] {standard_task_runner.py:91} INFO - Job 2555: Subtask clean_trafic_task
[2024-08-06T18:16:18.017+0000] {task_command.py:426} INFO - Running <TaskInstance: motower_daily_prod.clean_trafic_task scheduled__2024-01-15T06:00:00+00:00 [running]> on host 13681191f11c
[2024-08-06T18:16:18.336+0000] {taskinstance.py:2648} INFO - Exporting env vars: AIRFLOW_CTX_DAG_EMAIL='richmond.kongo@orange.com,assane.diop@orange.com,cyrille1.danho@orange.com,mohamed2.sylla@orange.com,amadou.diomande@orange.com,Jonas.kouame@orange.com,armand.kablan@orange.com,anicet.azombade@orange.com,etienne.kouadio@orange.com,bertine.kouakou@orange.com,florentine.kouakou@orange.com,ange.phaceli@orange.com,soulegame.soro@orange.com,innocent.yengo@orange.com' AIRFLOW_CTX_DAG_OWNER='***' AIRFLOW_CTX_DAG_ID='motower_daily_prod' AIRFLOW_CTX_TASK_ID='clean_trafic_task' AIRFLOW_CTX_EXECUTION_DATE='2024-01-15T06:00:00+00:00' AIRFLOW_CTX_TRY_NUMBER='1' AIRFLOW_CTX_DAG_RUN_ID='scheduled__2024-01-15T06:00:00+00:00'
[2024-08-06T18:16:18.338+0000] {taskinstance.py:430} INFO - ::endgroup::
[2024-08-06T18:16:18.600+0000] {data_validation.py:11} INFO - START VALIDATION OF COLUMN trafic_data_go
[2024-08-06T18:16:18.605+0000] {data_validation.py:20} INFO - DATA OF COLUMN trafic_data_go ARE VALID
[2024-08-06T18:16:18.606+0000] {data_validation.py:11} INFO - START VALIDATION OF COLUMN trafic_voix_erl
[2024-08-06T18:16:18.609+0000] {data_validation.py:20} INFO - DATA OF COLUMN trafic_voix_erl ARE VALID
[2024-08-06T18:16:18.610+0000] {motower_daily.py:267} INFO - prepare final data
[2024-08-06T18:16:18.671+0000] {logging_mixin.py:188} INFO - ================================
[2024-08-06T18:16:18.671+0000] {logging_mixin.py:188} INFO - object
[2024-08-06T18:16:19.341+0000] {python.py:237} INFO - Done. Returned value was: None
[2024-08-06T18:16:19.342+0000] {taskinstance.py:441} INFO - ::group::Post task execution logs
[2024-08-06T18:16:19.386+0000] {taskinstance.py:1206} INFO - Marking task as SUCCESS. dag_id=motower_daily_prod, task_id=clean_trafic_task, run_id=scheduled__2024-01-15T06:00:00+00:00, execution_date=20240115T060000, start_date=20240806T181617, end_date=20240806T181619
[2024-08-06T18:16:19.491+0000] {local_task_job_runner.py:243} INFO - Task exited with return code 0
[2024-08-06T18:16:19.612+0000] {taskinstance.py:3503} INFO - 0 downstream tasks scheduled from follow-on schedule check
[2024-08-06T18:16:19.622+0000] {local_task_job_runner.py:222} INFO - ::endgroup::
