[2024-08-06T17:03:00.129+0000] {local_task_job_runner.py:120} INFO - ::group::Pre task execution logs
[2024-08-06T17:03:00.676+0000] {taskinstance.py:2076} INFO - Dependencies all met for dep_context=non-requeueable deps ti=<TaskInstance: motower_daily_prod.gen_congestion_task scheduled__2024-02-21T06:00:00+00:00 [queued]>
[2024-08-06T17:03:00.703+0000] {taskinstance.py:2076} INFO - Dependencies all met for dep_context=requeueable deps ti=<TaskInstance: motower_daily_prod.gen_congestion_task scheduled__2024-02-21T06:00:00+00:00 [queued]>
[2024-08-06T17:03:00.704+0000] {taskinstance.py:2306} INFO - Starting attempt 1 of 1
[2024-08-06T17:03:00.738+0000] {taskinstance.py:2330} INFO - Executing <Task(PythonOperator): gen_congestion_task> on 2024-02-21 06:00:00+00:00
[2024-08-06T17:03:00.762+0000] {warnings.py:112} WARNING - /home/***/.local/lib/python3.12/site-packages/***/task/task_runner/standard_task_runner.py:62: DeprecationWarning: This process (pid=2494) is multi-threaded, use of fork() may lead to deadlocks in the child.
  pid = os.fork()

[2024-08-06T17:03:00.773+0000] {standard_task_runner.py:64} INFO - Started process 2506 to run task
[2024-08-06T17:03:00.776+0000] {standard_task_runner.py:90} INFO - Running: ['***', 'tasks', 'run', 'motower_daily_prod', 'gen_congestion_task', 'scheduled__2024-02-21T06:00:00+00:00', '--job-id', '510', '--raw', '--subdir', 'DAGS_FOLDER/gps/custom_dags/motower_daily.py', '--cfg-path', '/tmp/tmpogep4454']
[2024-08-06T17:03:00.780+0000] {standard_task_runner.py:91} INFO - Job 510: Subtask gen_congestion_task
[2024-08-06T17:03:00.994+0000] {task_command.py:426} INFO - Running <TaskInstance: motower_daily_prod.gen_congestion_task scheduled__2024-02-21T06:00:00+00:00 [running]> on host 13681191f11c
[2024-08-06T17:03:01.362+0000] {taskinstance.py:2648} INFO - Exporting env vars: AIRFLOW_CTX_DAG_EMAIL='richmond.kongo@orange.com,assane.diop@orange.com,cyrille1.danho@orange.com,mohamed2.sylla@orange.com,amadou.diomande@orange.com,Jonas.kouame@orange.com,armand.kablan@orange.com,anicet.azombade@orange.com,etienne.kouadio@orange.com,bertine.kouakou@orange.com,florentine.kouakou@orange.com,ange.phaceli@orange.com,soulegame.soro@orange.com,innocent.yengo@orange.com' AIRFLOW_CTX_DAG_OWNER='***' AIRFLOW_CTX_DAG_ID='motower_daily_prod' AIRFLOW_CTX_TASK_ID='gen_congestion_task' AIRFLOW_CTX_EXECUTION_DATE='2024-02-21T06:00:00+00:00' AIRFLOW_CTX_TRY_NUMBER='1' AIRFLOW_CTX_DAG_RUN_ID='scheduled__2024-02-21T06:00:00+00:00'
[2024-08-06T17:03:01.363+0000] {taskinstance.py:430} INFO - ::endgroup::
[2024-08-06T17:03:02.292+0000] {python.py:237} INFO - Done. Returned value was: None
[2024-08-06T17:03:02.293+0000] {taskinstance.py:441} INFO - ::group::Post task execution logs
[2024-08-06T17:03:02.318+0000] {taskinstance.py:1206} INFO - Marking task as SUCCESS. dag_id=motower_daily_prod, task_id=gen_congestion_task, run_id=scheduled__2024-02-21T06:00:00+00:00, execution_date=20240221T060000, start_date=20240806T170300, end_date=20240806T170302
[2024-08-06T17:03:02.392+0000] {local_task_job_runner.py:243} INFO - Task exited with return code 0
[2024-08-06T17:03:02.408+0000] {local_task_job_runner.py:222} INFO - ::endgroup::
[2024-08-06T17:33:43.907+0000] {local_task_job_runner.py:120} INFO - ::group::Pre task execution logs
[2024-08-06T17:33:44.323+0000] {taskinstance.py:2076} INFO - Dependencies all met for dep_context=non-requeueable deps ti=<TaskInstance: motower_daily_prod.gen_congestion_task scheduled__2024-02-21T06:00:00+00:00 [queued]>
[2024-08-06T17:33:44.348+0000] {taskinstance.py:2076} INFO - Dependencies all met for dep_context=requeueable deps ti=<TaskInstance: motower_daily_prod.gen_congestion_task scheduled__2024-02-21T06:00:00+00:00 [queued]>
[2024-08-06T17:33:44.349+0000] {taskinstance.py:2306} INFO - Starting attempt 1 of 1
[2024-08-06T17:33:44.384+0000] {taskinstance.py:2330} INFO - Executing <Task(PythonOperator): gen_congestion_task> on 2024-02-21 06:00:00+00:00
[2024-08-06T17:33:44.424+0000] {warnings.py:112} WARNING - /home/***/.local/lib/python3.12/site-packages/***/task/task_runner/standard_task_runner.py:62: DeprecationWarning: This process (pid=6647) is multi-threaded, use of fork() may lead to deadlocks in the child.
  pid = os.fork()

[2024-08-06T17:33:44.427+0000] {standard_task_runner.py:64} INFO - Started process 6663 to run task
[2024-08-06T17:33:44.427+0000] {standard_task_runner.py:90} INFO - Running: ['***', 'tasks', 'run', 'motower_daily_prod', 'gen_congestion_task', 'scheduled__2024-02-21T06:00:00+00:00', '--job-id', '1777', '--raw', '--subdir', 'DAGS_FOLDER/gps/custom_dags/motower_daily.py', '--cfg-path', '/tmp/tmp50jg8yiw']
[2024-08-06T17:33:44.431+0000] {standard_task_runner.py:91} INFO - Job 1777: Subtask gen_congestion_task
[2024-08-06T17:33:44.522+0000] {task_command.py:426} INFO - Running <TaskInstance: motower_daily_prod.gen_congestion_task scheduled__2024-02-21T06:00:00+00:00 [running]> on host 13681191f11c
[2024-08-06T17:33:44.761+0000] {taskinstance.py:2648} INFO - Exporting env vars: AIRFLOW_CTX_DAG_EMAIL='richmond.kongo@orange.com,assane.diop@orange.com,cyrille1.danho@orange.com,mohamed2.sylla@orange.com,amadou.diomande@orange.com,Jonas.kouame@orange.com,armand.kablan@orange.com,anicet.azombade@orange.com,etienne.kouadio@orange.com,bertine.kouakou@orange.com,florentine.kouakou@orange.com,ange.phaceli@orange.com,soulegame.soro@orange.com,innocent.yengo@orange.com' AIRFLOW_CTX_DAG_OWNER='***' AIRFLOW_CTX_DAG_ID='motower_daily_prod' AIRFLOW_CTX_TASK_ID='gen_congestion_task' AIRFLOW_CTX_EXECUTION_DATE='2024-02-21T06:00:00+00:00' AIRFLOW_CTX_TRY_NUMBER='1' AIRFLOW_CTX_DAG_RUN_ID='scheduled__2024-02-21T06:00:00+00:00'
[2024-08-06T17:33:44.766+0000] {taskinstance.py:430} INFO - ::endgroup::
[2024-08-06T17:33:45.555+0000] {python.py:237} INFO - Done. Returned value was: None
[2024-08-06T17:33:45.556+0000] {taskinstance.py:441} INFO - ::group::Post task execution logs
[2024-08-06T17:33:45.574+0000] {taskinstance.py:1206} INFO - Marking task as SUCCESS. dag_id=motower_daily_prod, task_id=gen_congestion_task, run_id=scheduled__2024-02-21T06:00:00+00:00, execution_date=20240221T060000, start_date=20240806T173344, end_date=20240806T173345
[2024-08-06T17:33:46.017+0000] {local_task_job_runner.py:243} INFO - Task exited with return code 0
[2024-08-06T17:33:46.047+0000] {local_task_job_runner.py:222} INFO - ::endgroup::
[2024-08-06T18:21:31.060+0000] {local_task_job_runner.py:120} INFO - ::group::Pre task execution logs
[2024-08-06T18:21:31.256+0000] {taskinstance.py:2076} INFO - Dependencies all met for dep_context=non-requeueable deps ti=<TaskInstance: motower_daily_prod.gen_congestion_task scheduled__2024-02-21T06:00:00+00:00 [queued]>
[2024-08-06T18:21:31.358+0000] {taskinstance.py:2076} INFO - Dependencies all met for dep_context=requeueable deps ti=<TaskInstance: motower_daily_prod.gen_congestion_task scheduled__2024-02-21T06:00:00+00:00 [queued]>
[2024-08-06T18:21:31.359+0000] {taskinstance.py:2306} INFO - Starting attempt 1 of 1
[2024-08-06T18:21:31.414+0000] {taskinstance.py:2330} INFO - Executing <Task(PythonOperator): gen_congestion_task> on 2024-02-21 06:00:00+00:00
[2024-08-06T18:21:31.444+0000] {warnings.py:112} WARNING - /home/***/.local/lib/python3.12/site-packages/***/task/task_runner/standard_task_runner.py:62: DeprecationWarning: This process (pid=10514) is multi-threaded, use of fork() may lead to deadlocks in the child.
  pid = os.fork()

[2024-08-06T18:21:31.447+0000] {standard_task_runner.py:64} INFO - Started process 10537 to run task
[2024-08-06T18:21:31.450+0000] {standard_task_runner.py:90} INFO - Running: ['***', 'tasks', 'run', 'motower_daily_prod', 'gen_congestion_task', 'scheduled__2024-02-21T06:00:00+00:00', '--job-id', '2874', '--raw', '--subdir', 'DAGS_FOLDER/gps/custom_dags/motower_daily.py', '--cfg-path', '/tmp/tmp0wkhe2ex']
[2024-08-06T18:21:31.454+0000] {standard_task_runner.py:91} INFO - Job 2874: Subtask gen_congestion_task
[2024-08-06T18:21:31.682+0000] {task_command.py:426} INFO - Running <TaskInstance: motower_daily_prod.gen_congestion_task scheduled__2024-02-21T06:00:00+00:00 [running]> on host 13681191f11c
[2024-08-06T18:21:32.076+0000] {taskinstance.py:2648} INFO - Exporting env vars: AIRFLOW_CTX_DAG_EMAIL='richmond.kongo@orange.com,assane.diop@orange.com,cyrille1.danho@orange.com,mohamed2.sylla@orange.com,amadou.diomande@orange.com,Jonas.kouame@orange.com,armand.kablan@orange.com,anicet.azombade@orange.com,etienne.kouadio@orange.com,bertine.kouakou@orange.com,florentine.kouakou@orange.com,ange.phaceli@orange.com,soulegame.soro@orange.com,innocent.yengo@orange.com' AIRFLOW_CTX_DAG_OWNER='***' AIRFLOW_CTX_DAG_ID='motower_daily_prod' AIRFLOW_CTX_TASK_ID='gen_congestion_task' AIRFLOW_CTX_EXECUTION_DATE='2024-02-21T06:00:00+00:00' AIRFLOW_CTX_TRY_NUMBER='1' AIRFLOW_CTX_DAG_RUN_ID='scheduled__2024-02-21T06:00:00+00:00'
[2024-08-06T18:21:32.082+0000] {taskinstance.py:430} INFO - ::endgroup::
[2024-08-06T18:21:33.363+0000] {python.py:237} INFO - Done. Returned value was: None
[2024-08-06T18:21:33.364+0000] {taskinstance.py:441} INFO - ::group::Post task execution logs
[2024-08-06T18:21:33.387+0000] {taskinstance.py:1206} INFO - Marking task as SUCCESS. dag_id=motower_daily_prod, task_id=gen_congestion_task, run_id=scheduled__2024-02-21T06:00:00+00:00, execution_date=20240221T060000, start_date=20240806T182131, end_date=20240806T182133
[2024-08-06T18:21:33.468+0000] {local_task_job_runner.py:243} INFO - Task exited with return code 0
[2024-08-06T18:21:33.517+0000] {taskinstance.py:3503} INFO - 0 downstream tasks scheduled from follow-on schedule check
[2024-08-06T18:21:33.534+0000] {local_task_job_runner.py:222} INFO - ::endgroup::
