[2024-08-06T17:05:57.534+0000] {local_task_job_runner.py:120} INFO - ::group::Pre task execution logs
[2024-08-06T17:05:57.587+0000] {taskinstance.py:2076} INFO - Dependencies all met for dep_context=non-requeueable deps ti=<TaskInstance: motower_daily_prod.clean_trafic_task scheduled__2024-03-13T06:00:00+00:00 [queued]>
[2024-08-06T17:05:57.607+0000] {taskinstance.py:2076} INFO - Dependencies all met for dep_context=requeueable deps ti=<TaskInstance: motower_daily_prod.clean_trafic_task scheduled__2024-03-13T06:00:00+00:00 [queued]>
[2024-08-06T17:05:57.608+0000] {taskinstance.py:2306} INFO - Starting attempt 1 of 1
[2024-08-06T17:05:57.633+0000] {taskinstance.py:2330} INFO - Executing <Task(PythonOperator): clean_trafic_task> on 2024-03-13 06:00:00+00:00
[2024-08-06T17:05:57.648+0000] {warnings.py:112} WARNING - /home/***/.local/lib/python3.12/site-packages/***/task/task_runner/standard_task_runner.py:62: DeprecationWarning: This process (pid=3068) is multi-threaded, use of fork() may lead to deadlocks in the child.
  pid = os.fork()

[2024-08-06T17:05:57.650+0000] {standard_task_runner.py:64} INFO - Started process 3079 to run task
[2024-08-06T17:05:57.651+0000] {standard_task_runner.py:90} INFO - Running: ['***', 'tasks', 'run', 'motower_daily_prod', 'clean_trafic_task', 'scheduled__2024-03-13T06:00:00+00:00', '--job-id', '692', '--raw', '--subdir', 'DAGS_FOLDER/gps/custom_dags/motower_daily.py', '--cfg-path', '/tmp/tmpplxfe9w3']
[2024-08-06T17:05:57.655+0000] {standard_task_runner.py:91} INFO - Job 692: Subtask clean_trafic_task
[2024-08-06T17:05:57.741+0000] {task_command.py:426} INFO - Running <TaskInstance: motower_daily_prod.clean_trafic_task scheduled__2024-03-13T06:00:00+00:00 [running]> on host 13681191f11c
[2024-08-06T17:05:57.921+0000] {taskinstance.py:2648} INFO - Exporting env vars: AIRFLOW_CTX_DAG_EMAIL='richmond.kongo@orange.com,assane.diop@orange.com,cyrille1.danho@orange.com,mohamed2.sylla@orange.com,amadou.diomande@orange.com,Jonas.kouame@orange.com,armand.kablan@orange.com,anicet.azombade@orange.com,etienne.kouadio@orange.com,bertine.kouakou@orange.com,florentine.kouakou@orange.com,ange.phaceli@orange.com,soulegame.soro@orange.com,innocent.yengo@orange.com' AIRFLOW_CTX_DAG_OWNER='***' AIRFLOW_CTX_DAG_ID='motower_daily_prod' AIRFLOW_CTX_TASK_ID='clean_trafic_task' AIRFLOW_CTX_EXECUTION_DATE='2024-03-13T06:00:00+00:00' AIRFLOW_CTX_TRY_NUMBER='1' AIRFLOW_CTX_DAG_RUN_ID='scheduled__2024-03-13T06:00:00+00:00'
[2024-08-06T17:05:57.922+0000] {taskinstance.py:430} INFO - ::endgroup::
[2024-08-06T17:05:58.056+0000] {data_validation.py:11} INFO - START VALIDATION OF COLUMN trafic_data_go
[2024-08-06T17:05:58.059+0000] {data_validation.py:20} INFO - DATA OF COLUMN trafic_data_go ARE VALID
[2024-08-06T17:05:58.059+0000] {data_validation.py:11} INFO - START VALIDATION OF COLUMN trafic_voix_erl
[2024-08-06T17:05:58.061+0000] {data_validation.py:20} INFO - DATA OF COLUMN trafic_voix_erl ARE VALID
[2024-08-06T17:05:58.062+0000] {motower_daily.py:267} INFO - prepare final data
[2024-08-06T17:05:58.112+0000] {logging_mixin.py:188} INFO - ================================
[2024-08-06T17:05:58.113+0000] {logging_mixin.py:188} INFO - object
[2024-08-06T17:05:58.597+0000] {python.py:237} INFO - Done. Returned value was: None
[2024-08-06T17:05:58.598+0000] {taskinstance.py:441} INFO - ::group::Post task execution logs
[2024-08-06T17:05:58.610+0000] {taskinstance.py:1206} INFO - Marking task as SUCCESS. dag_id=motower_daily_prod, task_id=clean_trafic_task, run_id=scheduled__2024-03-13T06:00:00+00:00, execution_date=20240313T060000, start_date=20240806T170557, end_date=20240806T170558
[2024-08-06T17:05:58.667+0000] {local_task_job_runner.py:243} INFO - Task exited with return code 0
[2024-08-06T17:05:58.682+0000] {local_task_job_runner.py:222} INFO - ::endgroup::
[2024-08-06T17:36:37.882+0000] {local_task_job_runner.py:120} INFO - ::group::Pre task execution logs
[2024-08-06T17:36:37.957+0000] {taskinstance.py:2076} INFO - Dependencies all met for dep_context=non-requeueable deps ti=<TaskInstance: motower_daily_prod.clean_trafic_task scheduled__2024-03-13T06:00:00+00:00 [queued]>
[2024-08-06T17:36:37.983+0000] {taskinstance.py:2076} INFO - Dependencies all met for dep_context=requeueable deps ti=<TaskInstance: motower_daily_prod.clean_trafic_task scheduled__2024-03-13T06:00:00+00:00 [queued]>
[2024-08-06T17:36:37.985+0000] {taskinstance.py:2306} INFO - Starting attempt 1 of 1
[2024-08-06T17:36:38.025+0000] {taskinstance.py:2330} INFO - Executing <Task(PythonOperator): clean_trafic_task> on 2024-03-13 06:00:00+00:00
[2024-08-06T17:36:38.043+0000] {warnings.py:112} WARNING - /home/***/.local/lib/python3.12/site-packages/***/task/task_runner/standard_task_runner.py:62: DeprecationWarning: This process (pid=7251) is multi-threaded, use of fork() may lead to deadlocks in the child.
  pid = os.fork()

[2024-08-06T17:36:38.045+0000] {standard_task_runner.py:64} INFO - Started process 7263 to run task
[2024-08-06T17:36:38.047+0000] {standard_task_runner.py:90} INFO - Running: ['***', 'tasks', 'run', 'motower_daily_prod', 'clean_trafic_task', 'scheduled__2024-03-13T06:00:00+00:00', '--job-id', '1968', '--raw', '--subdir', 'DAGS_FOLDER/gps/custom_dags/motower_daily.py', '--cfg-path', '/tmp/tmpteb624es']
[2024-08-06T17:36:38.051+0000] {standard_task_runner.py:91} INFO - Job 1968: Subtask clean_trafic_task
[2024-08-06T17:36:38.156+0000] {task_command.py:426} INFO - Running <TaskInstance: motower_daily_prod.clean_trafic_task scheduled__2024-03-13T06:00:00+00:00 [running]> on host 13681191f11c
[2024-08-06T17:36:38.473+0000] {taskinstance.py:2648} INFO - Exporting env vars: AIRFLOW_CTX_DAG_EMAIL='richmond.kongo@orange.com,assane.diop@orange.com,cyrille1.danho@orange.com,mohamed2.sylla@orange.com,amadou.diomande@orange.com,Jonas.kouame@orange.com,armand.kablan@orange.com,anicet.azombade@orange.com,etienne.kouadio@orange.com,bertine.kouakou@orange.com,florentine.kouakou@orange.com,ange.phaceli@orange.com,soulegame.soro@orange.com,innocent.yengo@orange.com' AIRFLOW_CTX_DAG_OWNER='***' AIRFLOW_CTX_DAG_ID='motower_daily_prod' AIRFLOW_CTX_TASK_ID='clean_trafic_task' AIRFLOW_CTX_EXECUTION_DATE='2024-03-13T06:00:00+00:00' AIRFLOW_CTX_TRY_NUMBER='1' AIRFLOW_CTX_DAG_RUN_ID='scheduled__2024-03-13T06:00:00+00:00'
[2024-08-06T17:36:38.475+0000] {taskinstance.py:430} INFO - ::endgroup::
[2024-08-06T17:36:38.710+0000] {data_validation.py:11} INFO - START VALIDATION OF COLUMN trafic_data_go
[2024-08-06T17:36:38.713+0000] {data_validation.py:20} INFO - DATA OF COLUMN trafic_data_go ARE VALID
[2024-08-06T17:36:38.714+0000] {data_validation.py:11} INFO - START VALIDATION OF COLUMN trafic_voix_erl
[2024-08-06T17:36:38.716+0000] {data_validation.py:20} INFO - DATA OF COLUMN trafic_voix_erl ARE VALID
[2024-08-06T17:36:38.717+0000] {motower_daily.py:267} INFO - prepare final data
[2024-08-06T17:36:38.773+0000] {logging_mixin.py:188} INFO - ================================
[2024-08-06T17:36:38.774+0000] {logging_mixin.py:188} INFO - object
[2024-08-06T17:36:39.789+0000] {python.py:237} INFO - Done. Returned value was: None
[2024-08-06T17:36:39.791+0000] {taskinstance.py:441} INFO - ::group::Post task execution logs
[2024-08-06T17:36:39.812+0000] {taskinstance.py:1206} INFO - Marking task as SUCCESS. dag_id=motower_daily_prod, task_id=clean_trafic_task, run_id=scheduled__2024-03-13T06:00:00+00:00, execution_date=20240313T060000, start_date=20240806T173637, end_date=20240806T173639
[2024-08-06T17:36:40.667+0000] {local_task_job_runner.py:243} INFO - Task exited with return code 0
[2024-08-06T17:36:40.701+0000] {taskinstance.py:3503} INFO - 0 downstream tasks scheduled from follow-on schedule check
[2024-08-06T17:36:40.706+0000] {local_task_job_runner.py:222} INFO - ::endgroup::
[2024-08-06T18:23:53.756+0000] {local_task_job_runner.py:120} INFO - ::group::Pre task execution logs
[2024-08-06T18:23:53.804+0000] {taskinstance.py:2076} INFO - Dependencies all met for dep_context=non-requeueable deps ti=<TaskInstance: motower_daily_prod.clean_trafic_task scheduled__2024-03-13T06:00:00+00:00 [queued]>
[2024-08-06T18:23:53.821+0000] {taskinstance.py:2076} INFO - Dependencies all met for dep_context=requeueable deps ti=<TaskInstance: motower_daily_prod.clean_trafic_task scheduled__2024-03-13T06:00:00+00:00 [queued]>
[2024-08-06T18:23:53.822+0000] {taskinstance.py:2306} INFO - Starting attempt 1 of 1
[2024-08-06T18:23:53.847+0000] {taskinstance.py:2330} INFO - Executing <Task(PythonOperator): clean_trafic_task> on 2024-03-13 06:00:00+00:00
[2024-08-06T18:23:53.856+0000] {warnings.py:112} WARNING - /home/***/.local/lib/python3.12/site-packages/***/task/task_runner/standard_task_runner.py:62: DeprecationWarning: This process (pid=11068) is multi-threaded, use of fork() may lead to deadlocks in the child.
  pid = os.fork()

[2024-08-06T18:23:53.858+0000] {standard_task_runner.py:64} INFO - Started process 11075 to run task
[2024-08-06T18:23:53.859+0000] {standard_task_runner.py:90} INFO - Running: ['***', 'tasks', 'run', 'motower_daily_prod', 'clean_trafic_task', 'scheduled__2024-03-13T06:00:00+00:00', '--job-id', '3051', '--raw', '--subdir', 'DAGS_FOLDER/gps/custom_dags/motower_daily.py', '--cfg-path', '/tmp/tmp7b_nzspk']
[2024-08-06T18:23:53.861+0000] {standard_task_runner.py:91} INFO - Job 3051: Subtask clean_trafic_task
[2024-08-06T18:23:53.914+0000] {task_command.py:426} INFO - Running <TaskInstance: motower_daily_prod.clean_trafic_task scheduled__2024-03-13T06:00:00+00:00 [running]> on host 13681191f11c
[2024-08-06T18:23:54.048+0000] {taskinstance.py:2648} INFO - Exporting env vars: AIRFLOW_CTX_DAG_EMAIL='richmond.kongo@orange.com,assane.diop@orange.com,cyrille1.danho@orange.com,mohamed2.sylla@orange.com,amadou.diomande@orange.com,Jonas.kouame@orange.com,armand.kablan@orange.com,anicet.azombade@orange.com,etienne.kouadio@orange.com,bertine.kouakou@orange.com,florentine.kouakou@orange.com,ange.phaceli@orange.com,soulegame.soro@orange.com,innocent.yengo@orange.com' AIRFLOW_CTX_DAG_OWNER='***' AIRFLOW_CTX_DAG_ID='motower_daily_prod' AIRFLOW_CTX_TASK_ID='clean_trafic_task' AIRFLOW_CTX_EXECUTION_DATE='2024-03-13T06:00:00+00:00' AIRFLOW_CTX_TRY_NUMBER='1' AIRFLOW_CTX_DAG_RUN_ID='scheduled__2024-03-13T06:00:00+00:00'
[2024-08-06T18:23:54.050+0000] {taskinstance.py:430} INFO - ::endgroup::
[2024-08-06T18:23:54.149+0000] {data_validation.py:11} INFO - START VALIDATION OF COLUMN trafic_data_go
[2024-08-06T18:23:54.151+0000] {data_validation.py:20} INFO - DATA OF COLUMN trafic_data_go ARE VALID
[2024-08-06T18:23:54.151+0000] {data_validation.py:11} INFO - START VALIDATION OF COLUMN trafic_voix_erl
[2024-08-06T18:23:54.152+0000] {data_validation.py:20} INFO - DATA OF COLUMN trafic_voix_erl ARE VALID
[2024-08-06T18:23:54.153+0000] {motower_daily.py:267} INFO - prepare final data
[2024-08-06T18:23:54.180+0000] {logging_mixin.py:188} INFO - ================================
[2024-08-06T18:23:54.180+0000] {logging_mixin.py:188} INFO - object
[2024-08-06T18:23:54.636+0000] {python.py:237} INFO - Done. Returned value was: None
[2024-08-06T18:23:54.638+0000] {taskinstance.py:441} INFO - ::group::Post task execution logs
[2024-08-06T18:23:54.648+0000] {taskinstance.py:1206} INFO - Marking task as SUCCESS. dag_id=motower_daily_prod, task_id=clean_trafic_task, run_id=scheduled__2024-03-13T06:00:00+00:00, execution_date=20240313T060000, start_date=20240806T182353, end_date=20240806T182354
[2024-08-06T18:23:54.673+0000] {local_task_job_runner.py:243} INFO - Task exited with return code 0
[2024-08-06T18:23:54.693+0000] {taskinstance.py:3503} INFO - 0 downstream tasks scheduled from follow-on schedule check
[2024-08-06T18:23:54.695+0000] {local_task_job_runner.py:222} INFO - ::endgroup::
