[2024-07-22T16:56:53.105+0000] {local_task_job_runner.py:120} INFO - ::group::Pre task execution logs
[2024-07-22T16:56:53.308+0000] {taskinstance.py:2076} INFO - Dependencies all met for dep_context=non-requeueable deps ti=<TaskInstance: motower_daily_prod.sensor_congestion scheduled__2024-06-30T06:00:00+00:00 [queued]>
[2024-07-22T16:56:53.315+0000] {taskinstance.py:2076} INFO - Dependencies all met for dep_context=requeueable deps ti=<TaskInstance: motower_daily_prod.sensor_congestion scheduled__2024-06-30T06:00:00+00:00 [queued]>
[2024-07-22T16:56:53.316+0000] {taskinstance.py:2306} INFO - Starting attempt 1 of 1
[2024-07-22T16:56:53.325+0000] {taskinstance.py:2330} INFO - Executing <Task(PythonSensor): sensor_congestion> on 2024-06-30 06:00:00+00:00
[2024-07-22T16:56:53.334+0000] {warnings.py:112} WARNING - /home/***/.local/lib/python3.12/site-packages/***/task/task_runner/standard_task_runner.py:62: DeprecationWarning: This process (pid=853) is multi-threaded, use of fork() may lead to deadlocks in the child.
  pid = os.fork()

[2024-07-22T16:56:53.335+0000] {standard_task_runner.py:64} INFO - Started process 858 to run task
[2024-07-22T16:56:53.336+0000] {standard_task_runner.py:90} INFO - Running: ['***', 'tasks', 'run', 'motower_daily_prod', 'sensor_congestion', 'scheduled__2024-06-30T06:00:00+00:00', '--job-id', '57', '--raw', '--subdir', 'DAGS_FOLDER/gps/custom_dags/motower_daily.py', '--cfg-path', '/tmp/tmp8gy99i0h']
[2024-07-22T16:56:53.338+0000] {standard_task_runner.py:91} INFO - Job 57: Subtask sensor_congestion
[2024-07-22T16:56:53.375+0000] {task_command.py:426} INFO - Running <TaskInstance: motower_daily_prod.sensor_congestion scheduled__2024-06-30T06:00:00+00:00 [running]> on host 5e959f2258db
[2024-07-22T16:56:53.448+0000] {taskinstance.py:2648} INFO - Exporting env vars: AIRFLOW_CTX_DAG_EMAIL='richmond.kongo@orange.com,assane.diop@orange.com,cyrille1.danho@orange.com,mohamed2.sylla@orange.com,amadou.diomande@orange.com,Jonas.kouame@orange.com,armand.kablan@orange.com,anicet.azombade@orange.com,etienne.kouadio@orange.com,bertine.kouakou@orange.com,florentine.kouakou@orange.com,ange.phaceli@orange.com,soulegame.soro@orange.com,innocent.yengo@orange.com' AIRFLOW_CTX_DAG_OWNER='***' AIRFLOW_CTX_DAG_ID='motower_daily_prod' AIRFLOW_CTX_TASK_ID='sensor_congestion' AIRFLOW_CTX_EXECUTION_DATE='2024-06-30T06:00:00+00:00' AIRFLOW_CTX_TRY_NUMBER='1' AIRFLOW_CTX_DAG_RUN_ID='scheduled__2024-06-30T06:00:00+00:00'
[2024-07-22T16:56:53.449+0000] {taskinstance.py:430} INFO - ::endgroup::
[2024-07-22T16:56:53.460+0000] {python.py:75} INFO - Poking callable: <function check_data_in_table at 0x7286306fb1a0>
[2024-07-22T16:56:53.463+0000] {extract.py:127} INFO - Getting data of the table ks_hebdo_tdb_radio_drsi 
[2024-07-22T16:56:53.463+0000] {extract.py:128} INFO - where date is 2024-06-29
[2024-07-22T16:56:53.463+0000] {extract.py:99} INFO - get data to date 26 and year 2024
[2024-07-22T16:56:53.468+0000] {warnings.py:112} WARNING - /opt/***/dags/gps/common/extract.py:100: UserWarning: pandas only supports SQLAlchemy connectable (engine/connection) or database string URI or sqlite3 DBAPI2 connection. Other DBAPI2 objects are not tested. Please consider using SQLAlchemy.
  df_ = pd.read_sql_query(sql_query, conn, params=params)

[2024-07-22T16:56:53.510+0000] {base.py:294} INFO - Success criteria met. Exiting.
[2024-07-22T16:56:53.510+0000] {taskinstance.py:441} INFO - ::group::Post task execution logs
[2024-07-22T16:56:53.520+0000] {taskinstance.py:1206} INFO - Marking task as SUCCESS. dag_id=motower_daily_prod, task_id=sensor_congestion, run_id=scheduled__2024-06-30T06:00:00+00:00, execution_date=20240630T060000, start_date=20240722T165653, end_date=20240722T165653
[2024-07-22T16:56:53.549+0000] {local_task_job_runner.py:243} INFO - Task exited with return code 0
[2024-07-22T16:56:53.581+0000] {taskinstance.py:3503} INFO - 0 downstream tasks scheduled from follow-on schedule check
[2024-07-22T16:56:53.585+0000] {local_task_job_runner.py:222} INFO - ::endgroup::
[2024-07-22T17:16:06.886+0000] {local_task_job_runner.py:120} INFO - ::group::Pre task execution logs
[2024-07-22T17:16:07.115+0000] {taskinstance.py:2076} INFO - Dependencies all met for dep_context=non-requeueable deps ti=<TaskInstance: motower_daily_prod.sensor_congestion scheduled__2024-06-30T06:00:00+00:00 [queued]>
[2024-07-22T17:16:07.125+0000] {taskinstance.py:2076} INFO - Dependencies all met for dep_context=requeueable deps ti=<TaskInstance: motower_daily_prod.sensor_congestion scheduled__2024-06-30T06:00:00+00:00 [queued]>
[2024-07-22T17:16:07.125+0000] {taskinstance.py:2306} INFO - Starting attempt 1 of 1
[2024-07-22T17:16:07.138+0000] {taskinstance.py:2330} INFO - Executing <Task(PythonSensor): sensor_congestion> on 2024-06-30 06:00:00+00:00
[2024-07-22T17:16:07.148+0000] {warnings.py:112} WARNING - /home/***/.local/lib/python3.12/site-packages/***/task/task_runner/standard_task_runner.py:62: DeprecationWarning: This process (pid=1249) is multi-threaded, use of fork() may lead to deadlocks in the child.
  pid = os.fork()

[2024-07-22T17:16:07.150+0000] {standard_task_runner.py:64} INFO - Started process 1253 to run task
[2024-07-22T17:16:07.150+0000] {standard_task_runner.py:90} INFO - Running: ['***', 'tasks', 'run', 'motower_daily_prod', 'sensor_congestion', 'scheduled__2024-06-30T06:00:00+00:00', '--job-id', '104', '--raw', '--subdir', 'DAGS_FOLDER/gps/custom_dags/motower_daily.py', '--cfg-path', '/tmp/tmpwutzca3k']
[2024-07-22T17:16:07.152+0000] {standard_task_runner.py:91} INFO - Job 104: Subtask sensor_congestion
[2024-07-22T17:16:07.196+0000] {task_command.py:426} INFO - Running <TaskInstance: motower_daily_prod.sensor_congestion scheduled__2024-06-30T06:00:00+00:00 [running]> on host 5e959f2258db
[2024-07-22T17:16:07.282+0000] {taskinstance.py:2648} INFO - Exporting env vars: AIRFLOW_CTX_DAG_EMAIL='richmond.kongo@orange.com,assane.diop@orange.com,cyrille1.danho@orange.com,mohamed2.sylla@orange.com,amadou.diomande@orange.com,Jonas.kouame@orange.com,armand.kablan@orange.com,anicet.azombade@orange.com,etienne.kouadio@orange.com,bertine.kouakou@orange.com,florentine.kouakou@orange.com,ange.phaceli@orange.com,soulegame.soro@orange.com,innocent.yengo@orange.com' AIRFLOW_CTX_DAG_OWNER='***' AIRFLOW_CTX_DAG_ID='motower_daily_prod' AIRFLOW_CTX_TASK_ID='sensor_congestion' AIRFLOW_CTX_EXECUTION_DATE='2024-06-30T06:00:00+00:00' AIRFLOW_CTX_TRY_NUMBER='1' AIRFLOW_CTX_DAG_RUN_ID='scheduled__2024-06-30T06:00:00+00:00'
[2024-07-22T17:16:07.283+0000] {taskinstance.py:430} INFO - ::endgroup::
[2024-07-22T17:16:07.294+0000] {python.py:75} INFO - Poking callable: <function check_data_in_table at 0x7286306fb1a0>
[2024-07-22T17:16:07.307+0000] {extract.py:127} INFO - Getting data of the table ks_hebdo_tdb_radio_drsi 
[2024-07-22T17:16:07.307+0000] {extract.py:128} INFO - where date is 2024-06-29
[2024-07-22T17:16:07.308+0000] {extract.py:99} INFO - get data to date 26 and year 2024
[2024-07-22T17:16:07.316+0000] {warnings.py:112} WARNING - /opt/***/dags/gps/common/extract.py:100: UserWarning: pandas only supports SQLAlchemy connectable (engine/connection) or database string URI or sqlite3 DBAPI2 connection. Other DBAPI2 objects are not tested. Please consider using SQLAlchemy.
  df_ = pd.read_sql_query(sql_query, conn, params=params)

[2024-07-22T17:16:07.381+0000] {base.py:294} INFO - Success criteria met. Exiting.
[2024-07-22T17:16:07.382+0000] {taskinstance.py:441} INFO - ::group::Post task execution logs
[2024-07-22T17:16:07.391+0000] {taskinstance.py:1206} INFO - Marking task as SUCCESS. dag_id=motower_daily_prod, task_id=sensor_congestion, run_id=scheduled__2024-06-30T06:00:00+00:00, execution_date=20240630T060000, start_date=20240722T171607, end_date=20240722T171607
[2024-07-22T17:16:07.443+0000] {local_task_job_runner.py:243} INFO - Task exited with return code 0
[2024-07-22T17:16:07.474+0000] {taskinstance.py:3503} INFO - 0 downstream tasks scheduled from follow-on schedule check
[2024-07-22T17:16:07.477+0000] {local_task_job_runner.py:222} INFO - ::endgroup::
[2024-07-22T17:43:28.897+0000] {local_task_job_runner.py:120} INFO - ::group::Pre task execution logs
[2024-07-22T17:43:29.155+0000] {taskinstance.py:2076} INFO - Dependencies all met for dep_context=non-requeueable deps ti=<TaskInstance: motower_daily_prod.sensor_congestion scheduled__2024-06-30T06:00:00+00:00 [queued]>
[2024-07-22T17:43:29.164+0000] {taskinstance.py:2076} INFO - Dependencies all met for dep_context=requeueable deps ti=<TaskInstance: motower_daily_prod.sensor_congestion scheduled__2024-06-30T06:00:00+00:00 [queued]>
[2024-07-22T17:43:29.164+0000] {taskinstance.py:2306} INFO - Starting attempt 1 of 1
[2024-07-22T17:43:29.179+0000] {taskinstance.py:2330} INFO - Executing <Task(PythonSensor): sensor_congestion> on 2024-06-30 06:00:00+00:00
[2024-07-22T17:43:29.191+0000] {warnings.py:112} WARNING - /home/***/.local/lib/python3.12/site-packages/***/task/task_runner/standard_task_runner.py:62: DeprecationWarning: This process (pid=1799) is multi-threaded, use of fork() may lead to deadlocks in the child.
  pid = os.fork()

[2024-07-22T17:43:29.193+0000] {standard_task_runner.py:64} INFO - Started process 1812 to run task
[2024-07-22T17:43:29.193+0000] {standard_task_runner.py:90} INFO - Running: ['***', 'tasks', 'run', 'motower_daily_prod', 'sensor_congestion', 'scheduled__2024-06-30T06:00:00+00:00', '--job-id', '170', '--raw', '--subdir', 'DAGS_FOLDER/gps/custom_dags/motower_daily.py', '--cfg-path', '/tmp/tmpaicaj7ce']
[2024-07-22T17:43:29.195+0000] {standard_task_runner.py:91} INFO - Job 170: Subtask sensor_congestion
[2024-07-22T17:43:29.244+0000] {task_command.py:426} INFO - Running <TaskInstance: motower_daily_prod.sensor_congestion scheduled__2024-06-30T06:00:00+00:00 [running]> on host 5e959f2258db
[2024-07-22T17:43:29.334+0000] {taskinstance.py:2648} INFO - Exporting env vars: AIRFLOW_CTX_DAG_EMAIL='richmond.kongo@orange.com,assane.diop@orange.com,cyrille1.danho@orange.com,mohamed2.sylla@orange.com,amadou.diomande@orange.com,Jonas.kouame@orange.com,armand.kablan@orange.com,anicet.azombade@orange.com,etienne.kouadio@orange.com,bertine.kouakou@orange.com,florentine.kouakou@orange.com,ange.phaceli@orange.com,soulegame.soro@orange.com,innocent.yengo@orange.com' AIRFLOW_CTX_DAG_OWNER='***' AIRFLOW_CTX_DAG_ID='motower_daily_prod' AIRFLOW_CTX_TASK_ID='sensor_congestion' AIRFLOW_CTX_EXECUTION_DATE='2024-06-30T06:00:00+00:00' AIRFLOW_CTX_TRY_NUMBER='1' AIRFLOW_CTX_DAG_RUN_ID='scheduled__2024-06-30T06:00:00+00:00'
[2024-07-22T17:43:29.336+0000] {taskinstance.py:430} INFO - ::endgroup::
[2024-07-22T17:43:29.349+0000] {python.py:75} INFO - Poking callable: <function check_data_in_table at 0x72864fe4ad40>
[2024-07-22T17:43:29.353+0000] {extract.py:127} INFO - Getting data of the table ks_hebdo_tdb_radio_drsi 
[2024-07-22T17:43:29.353+0000] {extract.py:128} INFO - where date is 2024-06-29
[2024-07-22T17:43:29.354+0000] {extract.py:99} INFO - get data to date 26 and year 2024
[2024-07-22T17:43:29.359+0000] {warnings.py:112} WARNING - /opt/***/dags/gps/common/extract.py:100: UserWarning: pandas only supports SQLAlchemy connectable (engine/connection) or database string URI or sqlite3 DBAPI2 connection. Other DBAPI2 objects are not tested. Please consider using SQLAlchemy.
  df_ = pd.read_sql_query(sql_query, conn, params=params)

[2024-07-22T17:43:29.409+0000] {base.py:294} INFO - Success criteria met. Exiting.
[2024-07-22T17:43:29.410+0000] {taskinstance.py:441} INFO - ::group::Post task execution logs
[2024-07-22T17:43:29.421+0000] {taskinstance.py:1206} INFO - Marking task as SUCCESS. dag_id=motower_daily_prod, task_id=sensor_congestion, run_id=scheduled__2024-06-30T06:00:00+00:00, execution_date=20240630T060000, start_date=20240722T174329, end_date=20240722T174329
[2024-07-22T17:43:29.446+0000] {local_task_job_runner.py:243} INFO - Task exited with return code 0
[2024-07-22T17:43:29.488+0000] {taskinstance.py:3503} INFO - 0 downstream tasks scheduled from follow-on schedule check
[2024-07-22T17:43:29.492+0000] {local_task_job_runner.py:222} INFO - ::endgroup::
