[2024-08-06T16:57:55.041+0000] {local_task_job_runner.py:120} INFO - ::group::Pre task execution logs
[2024-08-06T16:57:55.191+0000] {taskinstance.py:2076} INFO - Dependencies all met for dep_context=non-requeueable deps ti=<TaskInstance: motower_daily_prod.extracta scheduled__2024-01-15T06:00:00+00:00 [queued]>
[2024-08-06T16:57:55.241+0000] {taskinstance.py:2076} INFO - Dependencies all met for dep_context=requeueable deps ti=<TaskInstance: motower_daily_prod.extracta scheduled__2024-01-15T06:00:00+00:00 [queued]>
[2024-08-06T16:57:55.241+0000] {taskinstance.py:2306} INFO - Starting attempt 1 of 1
[2024-08-06T16:57:55.284+0000] {taskinstance.py:2330} INFO - Executing <Task(PythonOperator): extracta> on 2024-01-15 06:00:00+00:00
[2024-08-06T16:57:55.308+0000] {warnings.py:112} WARNING - /home/***/.local/lib/python3.12/site-packages/***/task/task_runner/standard_task_runner.py:62: DeprecationWarning: This process (pid=1410) is multi-threaded, use of fork() may lead to deadlocks in the child.
  pid = os.fork()

[2024-08-06T16:57:55.311+0000] {standard_task_runner.py:64} INFO - Started process 1424 to run task
[2024-08-06T16:57:55.317+0000] {standard_task_runner.py:90} INFO - Running: ['***', 'tasks', 'run', 'motower_daily_prod', 'extracta', 'scheduled__2024-01-15T06:00:00+00:00', '--job-id', '171', '--raw', '--subdir', 'DAGS_FOLDER/gps/custom_dags/motower_daily.py', '--cfg-path', '/tmp/tmpcawy6ftd']
[2024-08-06T16:57:55.322+0000] {standard_task_runner.py:91} INFO - Job 171: Subtask extracta
[2024-08-06T16:57:55.513+0000] {task_command.py:426} INFO - Running <TaskInstance: motower_daily_prod.extracta scheduled__2024-01-15T06:00:00+00:00 [running]> on host 13681191f11c
[2024-08-06T16:57:55.800+0000] {taskinstance.py:2648} INFO - Exporting env vars: AIRFLOW_CTX_DAG_EMAIL='richmond.kongo@orange.com,assane.diop@orange.com,cyrille1.danho@orange.com,mohamed2.sylla@orange.com,amadou.diomande@orange.com,Jonas.kouame@orange.com,armand.kablan@orange.com,anicet.azombade@orange.com,etienne.kouadio@orange.com,bertine.kouakou@orange.com,florentine.kouakou@orange.com,ange.phaceli@orange.com,soulegame.soro@orange.com,innocent.yengo@orange.com' AIRFLOW_CTX_DAG_OWNER='***' AIRFLOW_CTX_DAG_ID='motower_daily_prod' AIRFLOW_CTX_TASK_ID='extracta' AIRFLOW_CTX_EXECUTION_DATE='2024-01-15T06:00:00+00:00' AIRFLOW_CTX_TRY_NUMBER='1' AIRFLOW_CTX_DAG_RUN_ID='scheduled__2024-01-15T06:00:00+00:00'
[2024-08-06T16:57:55.802+0000] {taskinstance.py:430} INFO - ::endgroup::
[2024-08-06T16:57:55.866+0000] {extract.py:126} INFO - Getting data of the table dtm_motower_gsm 
[2024-08-06T16:57:55.867+0000] {extract.py:127} INFO - where date is 2024-01-14
[2024-08-06T16:57:55.867+0000] {extract.py:102} INFO - get data to date 20240114
[2024-08-06T16:57:55.879+0000] {warnings.py:112} WARNING - /opt/***/dags/gps/common/extract.py:103: UserWarning: pandas only supports SQLAlchemy connectable (engine/connection) or database string URI or sqlite3 DBAPI2 connection. Other DBAPI2 objects are not tested. Please consider using SQLAlchemy.
  df_ = pd.read_sql_query(sql_query, conn, params=params)

[2024-08-06T16:57:56.057+0000] {rwminio.py:19} INFO - start to save data
[2024-08-06T16:57:56.215+0000] {rwminio.py:34} INFO - data in minio ok
[2024-08-06T16:57:56.216+0000] {python.py:237} INFO - Done. Returned value was: None
[2024-08-06T16:57:56.217+0000] {taskinstance.py:441} INFO - ::group::Post task execution logs
[2024-08-06T16:57:56.262+0000] {taskinstance.py:1206} INFO - Marking task as SUCCESS. dag_id=motower_daily_prod, task_id=extracta, run_id=scheduled__2024-01-15T06:00:00+00:00, execution_date=20240115T060000, start_date=20240806T165755, end_date=20240806T165756
[2024-08-06T16:57:57.234+0000] {local_task_job_runner.py:243} INFO - Task exited with return code 0
[2024-08-06T16:57:57.345+0000] {taskinstance.py:3503} INFO - 0 downstream tasks scheduled from follow-on schedule check
[2024-08-06T16:57:57.350+0000] {local_task_job_runner.py:222} INFO - ::endgroup::
[2024-08-06T17:28:16.573+0000] {local_task_job_runner.py:120} INFO - ::group::Pre task execution logs
[2024-08-06T17:28:16.682+0000] {taskinstance.py:2076} INFO - Dependencies all met for dep_context=non-requeueable deps ti=<TaskInstance: motower_daily_prod.extracta scheduled__2024-01-15T06:00:00+00:00 [queued]>
[2024-08-06T17:28:16.714+0000] {taskinstance.py:2076} INFO - Dependencies all met for dep_context=requeueable deps ti=<TaskInstance: motower_daily_prod.extracta scheduled__2024-01-15T06:00:00+00:00 [queued]>
[2024-08-06T17:28:16.715+0000] {taskinstance.py:2306} INFO - Starting attempt 1 of 1
[2024-08-06T17:28:17.710+0000] {taskinstance.py:2330} INFO - Executing <Task(PythonOperator): extracta> on 2024-01-15 06:00:00+00:00
[2024-08-06T17:28:17.759+0000] {warnings.py:112} WARNING - /home/***/.local/lib/python3.12/site-packages/***/task/task_runner/standard_task_runner.py:62: DeprecationWarning: This process (pid=5534) is multi-threaded, use of fork() may lead to deadlocks in the child.
  pid = os.fork()

[2024-08-06T17:28:17.784+0000] {standard_task_runner.py:64} INFO - Started process 5553 to run task
[2024-08-06T17:28:17.771+0000] {standard_task_runner.py:90} INFO - Running: ['***', 'tasks', 'run', 'motower_daily_prod', 'extracta', 'scheduled__2024-01-15T06:00:00+00:00', '--job-id', '1426', '--raw', '--subdir', 'DAGS_FOLDER/gps/custom_dags/motower_daily.py', '--cfg-path', '/tmp/tmpzhdvol73']
[2024-08-06T17:28:17.804+0000] {standard_task_runner.py:91} INFO - Job 1426: Subtask extracta
[2024-08-06T17:28:17.970+0000] {task_command.py:426} INFO - Running <TaskInstance: motower_daily_prod.extracta scheduled__2024-01-15T06:00:00+00:00 [running]> on host 13681191f11c
[2024-08-06T17:28:18.228+0000] {taskinstance.py:2648} INFO - Exporting env vars: AIRFLOW_CTX_DAG_EMAIL='richmond.kongo@orange.com,assane.diop@orange.com,cyrille1.danho@orange.com,mohamed2.sylla@orange.com,amadou.diomande@orange.com,Jonas.kouame@orange.com,armand.kablan@orange.com,anicet.azombade@orange.com,etienne.kouadio@orange.com,bertine.kouakou@orange.com,florentine.kouakou@orange.com,ange.phaceli@orange.com,soulegame.soro@orange.com,innocent.yengo@orange.com' AIRFLOW_CTX_DAG_OWNER='***' AIRFLOW_CTX_DAG_ID='motower_daily_prod' AIRFLOW_CTX_TASK_ID='extracta' AIRFLOW_CTX_EXECUTION_DATE='2024-01-15T06:00:00+00:00' AIRFLOW_CTX_TRY_NUMBER='1' AIRFLOW_CTX_DAG_RUN_ID='scheduled__2024-01-15T06:00:00+00:00'
[2024-08-06T17:28:18.229+0000] {taskinstance.py:430} INFO - ::endgroup::
[2024-08-06T17:28:18.273+0000] {extract.py:126} INFO - Getting data of the table dtm_motower_gsm 
[2024-08-06T17:28:18.274+0000] {extract.py:127} INFO - where date is 2024-01-14
[2024-08-06T17:28:18.275+0000] {extract.py:102} INFO - get data to date 20240114
[2024-08-06T17:28:18.286+0000] {warnings.py:112} WARNING - /opt/***/dags/gps/common/extract.py:103: UserWarning: pandas only supports SQLAlchemy connectable (engine/connection) or database string URI or sqlite3 DBAPI2 connection. Other DBAPI2 objects are not tested. Please consider using SQLAlchemy.
  df_ = pd.read_sql_query(sql_query, conn, params=params)

[2024-08-06T17:28:18.437+0000] {rwminio.py:19} INFO - start to save data
[2024-08-06T17:28:18.573+0000] {rwminio.py:34} INFO - data in minio ok
[2024-08-06T17:28:18.574+0000] {python.py:237} INFO - Done. Returned value was: None
[2024-08-06T17:28:18.575+0000] {taskinstance.py:441} INFO - ::group::Post task execution logs
[2024-08-06T17:28:18.615+0000] {taskinstance.py:1206} INFO - Marking task as SUCCESS. dag_id=motower_daily_prod, task_id=extracta, run_id=scheduled__2024-01-15T06:00:00+00:00, execution_date=20240115T060000, start_date=20240806T172816, end_date=20240806T172818
[2024-08-06T17:28:18.672+0000] {local_task_job_runner.py:243} INFO - Task exited with return code 0
[2024-08-06T17:28:18.700+0000] {local_task_job_runner.py:222} INFO - ::endgroup::
[2024-08-06T18:16:02.455+0000] {local_task_job_runner.py:120} INFO - ::group::Pre task execution logs
[2024-08-06T18:16:02.571+0000] {taskinstance.py:2076} INFO - Dependencies all met for dep_context=non-requeueable deps ti=<TaskInstance: motower_daily_prod.extracta scheduled__2024-01-15T06:00:00+00:00 [queued]>
[2024-08-06T18:16:02.607+0000] {taskinstance.py:2076} INFO - Dependencies all met for dep_context=requeueable deps ti=<TaskInstance: motower_daily_prod.extracta scheduled__2024-01-15T06:00:00+00:00 [queued]>
[2024-08-06T18:16:02.608+0000] {taskinstance.py:2306} INFO - Starting attempt 1 of 1
[2024-08-06T18:16:02.658+0000] {taskinstance.py:2330} INFO - Executing <Task(PythonOperator): extracta> on 2024-01-15 06:00:00+00:00
[2024-08-06T18:16:02.680+0000] {warnings.py:112} WARNING - /home/***/.local/lib/python3.12/site-packages/***/task/task_runner/standard_task_runner.py:62: DeprecationWarning: This process (pid=9429) is multi-threaded, use of fork() may lead to deadlocks in the child.
  pid = os.fork()

[2024-08-06T18:16:02.684+0000] {standard_task_runner.py:64} INFO - Started process 9445 to run task
[2024-08-06T18:16:02.699+0000] {standard_task_runner.py:90} INFO - Running: ['***', 'tasks', 'run', 'motower_daily_prod', 'extracta', 'scheduled__2024-01-15T06:00:00+00:00', '--job-id', '2531', '--raw', '--subdir', 'DAGS_FOLDER/gps/custom_dags/motower_daily.py', '--cfg-path', '/tmp/tmp5sislj4x']
[2024-08-06T18:16:02.703+0000] {standard_task_runner.py:91} INFO - Job 2531: Subtask extracta
[2024-08-06T18:16:02.856+0000] {task_command.py:426} INFO - Running <TaskInstance: motower_daily_prod.extracta scheduled__2024-01-15T06:00:00+00:00 [running]> on host 13681191f11c
[2024-08-06T18:16:03.150+0000] {taskinstance.py:2648} INFO - Exporting env vars: AIRFLOW_CTX_DAG_EMAIL='richmond.kongo@orange.com,assane.diop@orange.com,cyrille1.danho@orange.com,mohamed2.sylla@orange.com,amadou.diomande@orange.com,Jonas.kouame@orange.com,armand.kablan@orange.com,anicet.azombade@orange.com,etienne.kouadio@orange.com,bertine.kouakou@orange.com,florentine.kouakou@orange.com,ange.phaceli@orange.com,soulegame.soro@orange.com,innocent.yengo@orange.com' AIRFLOW_CTX_DAG_OWNER='***' AIRFLOW_CTX_DAG_ID='motower_daily_prod' AIRFLOW_CTX_TASK_ID='extracta' AIRFLOW_CTX_EXECUTION_DATE='2024-01-15T06:00:00+00:00' AIRFLOW_CTX_TRY_NUMBER='1' AIRFLOW_CTX_DAG_RUN_ID='scheduled__2024-01-15T06:00:00+00:00'
[2024-08-06T18:16:03.152+0000] {taskinstance.py:430} INFO - ::endgroup::
[2024-08-06T18:16:03.194+0000] {extract.py:126} INFO - Getting data of the table dtm_motower_gsm 
[2024-08-06T18:16:03.195+0000] {extract.py:127} INFO - where date is 2024-01-14
[2024-08-06T18:16:03.195+0000] {extract.py:102} INFO - get data to date 20240114
[2024-08-06T18:16:03.207+0000] {warnings.py:112} WARNING - /opt/***/dags/gps/common/extract.py:103: UserWarning: pandas only supports SQLAlchemy connectable (engine/connection) or database string URI or sqlite3 DBAPI2 connection. Other DBAPI2 objects are not tested. Please consider using SQLAlchemy.
  df_ = pd.read_sql_query(sql_query, conn, params=params)

[2024-08-06T18:16:03.403+0000] {rwminio.py:19} INFO - start to save data
[2024-08-06T18:16:03.584+0000] {rwminio.py:34} INFO - data in minio ok
[2024-08-06T18:16:03.585+0000] {python.py:237} INFO - Done. Returned value was: None
[2024-08-06T18:16:03.586+0000] {taskinstance.py:441} INFO - ::group::Post task execution logs
[2024-08-06T18:16:03.652+0000] {taskinstance.py:1206} INFO - Marking task as SUCCESS. dag_id=motower_daily_prod, task_id=extracta, run_id=scheduled__2024-01-15T06:00:00+00:00, execution_date=20240115T060000, start_date=20240806T181602, end_date=20240806T181603
[2024-08-06T18:16:03.779+0000] {local_task_job_runner.py:243} INFO - Task exited with return code 0
[2024-08-06T18:16:03.926+0000] {taskinstance.py:3503} INFO - 0 downstream tasks scheduled from follow-on schedule check
[2024-08-06T18:16:03.937+0000] {local_task_job_runner.py:222} INFO - ::endgroup::
