[2024-08-06T17:11:18.318+0000] {local_task_job_runner.py:120} INFO - ::group::Pre task execution logs
[2024-08-06T17:11:18.397+0000] {taskinstance.py:2076} INFO - Dependencies all met for dep_context=non-requeueable deps ti=<TaskInstance: motower_daily_prod.checkataa scheduled__2024-04-23T06:00:00+00:00 [queued]>
[2024-08-06T17:11:18.424+0000] {taskinstance.py:2076} INFO - Dependencies all met for dep_context=requeueable deps ti=<TaskInstance: motower_daily_prod.checkataa scheduled__2024-04-23T06:00:00+00:00 [queued]>
[2024-08-06T17:11:18.425+0000] {taskinstance.py:2306} INFO - Starting attempt 1 of 1
[2024-08-06T17:11:18.458+0000] {taskinstance.py:2330} INFO - Executing <Task(PythonSensor): checkataa> on 2024-04-23 06:00:00+00:00
[2024-08-06T17:11:18.477+0000] {warnings.py:112} WARNING - /home/***/.local/lib/python3.12/site-packages/***/task/task_runner/standard_task_runner.py:62: DeprecationWarning: This process (pid=4211) is multi-threaded, use of fork() may lead to deadlocks in the child.
  pid = os.fork()

[2024-08-06T17:11:18.479+0000] {standard_task_runner.py:64} INFO - Started process 4220 to run task
[2024-08-06T17:11:18.483+0000] {standard_task_runner.py:90} INFO - Running: ['***', 'tasks', 'run', 'motower_daily_prod', 'checkataa', 'scheduled__2024-04-23T06:00:00+00:00', '--job-id', '1054', '--raw', '--subdir', 'DAGS_FOLDER/gps/custom_dags/motower_daily.py', '--cfg-path', '/tmp/tmpbckcyvun']
[2024-08-06T17:11:18.487+0000] {standard_task_runner.py:91} INFO - Job 1054: Subtask checkataa
[2024-08-06T17:11:18.573+0000] {task_command.py:426} INFO - Running <TaskInstance: motower_daily_prod.checkataa scheduled__2024-04-23T06:00:00+00:00 [running]> on host 13681191f11c
[2024-08-06T17:11:18.800+0000] {taskinstance.py:2648} INFO - Exporting env vars: AIRFLOW_CTX_DAG_EMAIL='richmond.kongo@orange.com,assane.diop@orange.com,cyrille1.danho@orange.com,mohamed2.sylla@orange.com,amadou.diomande@orange.com,Jonas.kouame@orange.com,armand.kablan@orange.com,anicet.azombade@orange.com,etienne.kouadio@orange.com,bertine.kouakou@orange.com,florentine.kouakou@orange.com,ange.phaceli@orange.com,soulegame.soro@orange.com,innocent.yengo@orange.com' AIRFLOW_CTX_DAG_OWNER='***' AIRFLOW_CTX_DAG_ID='motower_daily_prod' AIRFLOW_CTX_TASK_ID='checkataa' AIRFLOW_CTX_EXECUTION_DATE='2024-04-23T06:00:00+00:00' AIRFLOW_CTX_TRY_NUMBER='1' AIRFLOW_CTX_DAG_RUN_ID='scheduled__2024-04-23T06:00:00+00:00'
[2024-08-06T17:11:18.802+0000] {taskinstance.py:430} INFO - ::endgroup::
[2024-08-06T17:11:18.838+0000] {python.py:75} INFO - Poking callable: <function check_data_in_table at 0x701c26febc40>
[2024-08-06T17:11:18.845+0000] {extract.py:126} INFO - Getting data of the table dtm_motower_gsm 
[2024-08-06T17:11:18.846+0000] {extract.py:127} INFO - where date is 2024-04-22
[2024-08-06T17:11:18.846+0000] {extract.py:102} INFO - get data to date 20240422
[2024-08-06T17:11:18.856+0000] {warnings.py:112} WARNING - /opt/***/dags/gps/common/extract.py:103: UserWarning: pandas only supports SQLAlchemy connectable (engine/connection) or database string URI or sqlite3 DBAPI2 connection. Other DBAPI2 objects are not tested. Please consider using SQLAlchemy.
  df_ = pd.read_sql_query(sql_query, conn, params=params)

[2024-08-06T17:11:19.012+0000] {base.py:294} INFO - Success criteria met. Exiting.
[2024-08-06T17:11:19.013+0000] {taskinstance.py:441} INFO - ::group::Post task execution logs
[2024-08-06T17:11:19.035+0000] {taskinstance.py:1206} INFO - Marking task as SUCCESS. dag_id=motower_daily_prod, task_id=checkataa, run_id=scheduled__2024-04-23T06:00:00+00:00, execution_date=20240423T060000, start_date=20240806T171118, end_date=20240806T171119
[2024-08-06T17:11:19.098+0000] {local_task_job_runner.py:243} INFO - Task exited with return code 0
[2024-08-06T17:11:19.113+0000] {local_task_job_runner.py:222} INFO - ::endgroup::
[2024-08-06T17:21:50.734+0000] {local_task_job_runner.py:120} INFO - ::group::Pre task execution logs
[2024-08-06T17:21:50.844+0000] {taskinstance.py:2076} INFO - Dependencies all met for dep_context=non-requeueable deps ti=<TaskInstance: motower_daily_prod.checkataa scheduled__2024-04-23T06:00:00+00:00 [queued]>
[2024-08-06T17:21:50.876+0000] {taskinstance.py:2076} INFO - Dependencies all met for dep_context=requeueable deps ti=<TaskInstance: motower_daily_prod.checkataa scheduled__2024-04-23T06:00:00+00:00 [queued]>
[2024-08-06T17:21:50.880+0000] {taskinstance.py:2306} INFO - Starting attempt 1 of 1
[2024-08-06T17:21:50.936+0000] {taskinstance.py:2330} INFO - Executing <Task(PythonSensor): checkataa> on 2024-04-23 06:00:00+00:00
[2024-08-06T17:21:50.954+0000] {warnings.py:112} WARNING - /home/***/.local/lib/python3.12/site-packages/***/task/task_runner/standard_task_runner.py:62: DeprecationWarning: This process (pid=4725) is multi-threaded, use of fork() may lead to deadlocks in the child.
  pid = os.fork()

[2024-08-06T17:21:50.962+0000] {standard_task_runner.py:64} INFO - Started process 4739 to run task
[2024-08-06T17:21:50.961+0000] {standard_task_runner.py:90} INFO - Running: ['***', 'tasks', 'run', 'motower_daily_prod', 'checkataa', 'scheduled__2024-04-23T06:00:00+00:00', '--job-id', '1181', '--raw', '--subdir', 'DAGS_FOLDER/gps/custom_dags/motower_daily.py', '--cfg-path', '/tmp/tmp36f23f66']
[2024-08-06T17:21:50.966+0000] {standard_task_runner.py:91} INFO - Job 1181: Subtask checkataa
[2024-08-06T17:21:51.090+0000] {task_command.py:426} INFO - Running <TaskInstance: motower_daily_prod.checkataa scheduled__2024-04-23T06:00:00+00:00 [running]> on host 13681191f11c
[2024-08-06T17:21:51.409+0000] {taskinstance.py:2648} INFO - Exporting env vars: AIRFLOW_CTX_DAG_EMAIL='richmond.kongo@orange.com,assane.diop@orange.com,cyrille1.danho@orange.com,mohamed2.sylla@orange.com,amadou.diomande@orange.com,Jonas.kouame@orange.com,armand.kablan@orange.com,anicet.azombade@orange.com,etienne.kouadio@orange.com,bertine.kouakou@orange.com,florentine.kouakou@orange.com,ange.phaceli@orange.com,soulegame.soro@orange.com,innocent.yengo@orange.com' AIRFLOW_CTX_DAG_OWNER='***' AIRFLOW_CTX_DAG_ID='motower_daily_prod' AIRFLOW_CTX_TASK_ID='checkataa' AIRFLOW_CTX_EXECUTION_DATE='2024-04-23T06:00:00+00:00' AIRFLOW_CTX_TRY_NUMBER='1' AIRFLOW_CTX_DAG_RUN_ID='scheduled__2024-04-23T06:00:00+00:00'
[2024-08-06T17:21:51.411+0000] {taskinstance.py:430} INFO - ::endgroup::
[2024-08-06T17:21:51.453+0000] {python.py:75} INFO - Poking callable: <function check_data_in_table at 0x701c429fefc0>
[2024-08-06T17:21:51.461+0000] {extract.py:126} INFO - Getting data of the table dtm_motower_gsm 
[2024-08-06T17:21:51.463+0000] {extract.py:127} INFO - where date is 2024-04-22
[2024-08-06T17:21:51.464+0000] {extract.py:102} INFO - get data to date 20240422
[2024-08-06T17:21:51.478+0000] {warnings.py:112} WARNING - /opt/***/dags/gps/common/extract.py:103: UserWarning: pandas only supports SQLAlchemy connectable (engine/connection) or database string URI or sqlite3 DBAPI2 connection. Other DBAPI2 objects are not tested. Please consider using SQLAlchemy.
  df_ = pd.read_sql_query(sql_query, conn, params=params)

[2024-08-06T17:21:51.748+0000] {base.py:294} INFO - Success criteria met. Exiting.
[2024-08-06T17:21:51.748+0000] {taskinstance.py:441} INFO - ::group::Post task execution logs
[2024-08-06T17:21:51.781+0000] {taskinstance.py:1206} INFO - Marking task as SUCCESS. dag_id=motower_daily_prod, task_id=checkataa, run_id=scheduled__2024-04-23T06:00:00+00:00, execution_date=20240423T060000, start_date=20240806T172150, end_date=20240806T172151
[2024-08-06T17:21:51.866+0000] {local_task_job_runner.py:243} INFO - Task exited with return code 0
[2024-08-06T17:21:51.976+0000] {taskinstance.py:3503} INFO - 0 downstream tasks scheduled from follow-on schedule check
[2024-08-06T17:21:51.992+0000] {local_task_job_runner.py:222} INFO - ::endgroup::
[2024-08-06T17:22:47.128+0000] {local_task_job_runner.py:120} INFO - ::group::Pre task execution logs
[2024-08-06T17:22:47.212+0000] {taskinstance.py:2076} INFO - Dependencies all met for dep_context=non-requeueable deps ti=<TaskInstance: motower_daily_prod.checkataa scheduled__2024-04-23T06:00:00+00:00 [queued]>
[2024-08-06T17:22:47.241+0000] {taskinstance.py:2076} INFO - Dependencies all met for dep_context=requeueable deps ti=<TaskInstance: motower_daily_prod.checkataa scheduled__2024-04-23T06:00:00+00:00 [queued]>
[2024-08-06T17:22:47.243+0000] {taskinstance.py:2306} INFO - Starting attempt 1 of 1
[2024-08-06T17:22:47.278+0000] {taskinstance.py:2330} INFO - Executing <Task(PythonSensor): checkataa> on 2024-04-23 06:00:00+00:00
[2024-08-06T17:22:47.294+0000] {warnings.py:112} WARNING - /home/***/.local/lib/python3.12/site-packages/***/task/task_runner/standard_task_runner.py:62: DeprecationWarning: This process (pid=4929) is multi-threaded, use of fork() may lead to deadlocks in the child.
  pid = os.fork()

[2024-08-06T17:22:47.297+0000] {standard_task_runner.py:64} INFO - Started process 4940 to run task
[2024-08-06T17:22:47.306+0000] {standard_task_runner.py:90} INFO - Running: ['***', 'tasks', 'run', 'motower_daily_prod', 'checkataa', 'scheduled__2024-04-23T06:00:00+00:00', '--job-id', '1243', '--raw', '--subdir', 'DAGS_FOLDER/gps/custom_dags/motower_daily.py', '--cfg-path', '/tmp/tmpa988491e']
[2024-08-06T17:22:47.317+0000] {standard_task_runner.py:91} INFO - Job 1243: Subtask checkataa
[2024-08-06T17:22:47.515+0000] {task_command.py:426} INFO - Running <TaskInstance: motower_daily_prod.checkataa scheduled__2024-04-23T06:00:00+00:00 [running]> on host 13681191f11c
[2024-08-06T17:22:47.824+0000] {taskinstance.py:2648} INFO - Exporting env vars: AIRFLOW_CTX_DAG_EMAIL='richmond.kongo@orange.com,assane.diop@orange.com,cyrille1.danho@orange.com,mohamed2.sylla@orange.com,amadou.diomande@orange.com,Jonas.kouame@orange.com,armand.kablan@orange.com,anicet.azombade@orange.com,etienne.kouadio@orange.com,bertine.kouakou@orange.com,florentine.kouakou@orange.com,ange.phaceli@orange.com,soulegame.soro@orange.com,innocent.yengo@orange.com' AIRFLOW_CTX_DAG_OWNER='***' AIRFLOW_CTX_DAG_ID='motower_daily_prod' AIRFLOW_CTX_TASK_ID='checkataa' AIRFLOW_CTX_EXECUTION_DATE='2024-04-23T06:00:00+00:00' AIRFLOW_CTX_TRY_NUMBER='1' AIRFLOW_CTX_DAG_RUN_ID='scheduled__2024-04-23T06:00:00+00:00'
[2024-08-06T17:22:47.825+0000] {taskinstance.py:430} INFO - ::endgroup::
[2024-08-06T17:22:47.882+0000] {python.py:75} INFO - Poking callable: <function check_data_in_table at 0x701c427d2fc0>
[2024-08-06T17:22:47.915+0000] {extract.py:126} INFO - Getting data of the table dtm_motower_gsm 
[2024-08-06T17:22:47.915+0000] {extract.py:127} INFO - where date is 2024-04-22
[2024-08-06T17:22:47.916+0000] {extract.py:102} INFO - get data to date 20240422
[2024-08-06T17:22:47.930+0000] {warnings.py:112} WARNING - /opt/***/dags/gps/common/extract.py:103: UserWarning: pandas only supports SQLAlchemy connectable (engine/connection) or database string URI or sqlite3 DBAPI2 connection. Other DBAPI2 objects are not tested. Please consider using SQLAlchemy.
  df_ = pd.read_sql_query(sql_query, conn, params=params)

[2024-08-06T17:22:48.176+0000] {base.py:294} INFO - Success criteria met. Exiting.
[2024-08-06T17:22:48.176+0000] {taskinstance.py:441} INFO - ::group::Post task execution logs
[2024-08-06T17:22:48.204+0000] {taskinstance.py:1206} INFO - Marking task as SUCCESS. dag_id=motower_daily_prod, task_id=checkataa, run_id=scheduled__2024-04-23T06:00:00+00:00, execution_date=20240423T060000, start_date=20240806T172247, end_date=20240806T172248
[2024-08-06T17:22:48.295+0000] {local_task_job_runner.py:243} INFO - Task exited with return code 0
[2024-08-06T17:22:48.527+0000] {taskinstance.py:3503} INFO - 0 downstream tasks scheduled from follow-on schedule check
[2024-08-06T17:22:48.545+0000] {local_task_job_runner.py:222} INFO - ::endgroup::
[2024-08-06T17:24:05.083+0000] {local_task_job_runner.py:120} INFO - ::group::Pre task execution logs
[2024-08-06T17:24:05.163+0000] {taskinstance.py:2076} INFO - Dependencies all met for dep_context=non-requeueable deps ti=<TaskInstance: motower_daily_prod.checkataa scheduled__2024-04-23T06:00:00+00:00 [queued]>
[2024-08-06T17:24:05.195+0000] {taskinstance.py:2076} INFO - Dependencies all met for dep_context=requeueable deps ti=<TaskInstance: motower_daily_prod.checkataa scheduled__2024-04-23T06:00:00+00:00 [queued]>
[2024-08-06T17:24:05.196+0000] {taskinstance.py:2306} INFO - Starting attempt 1 of 1
[2024-08-06T17:24:05.239+0000] {taskinstance.py:2330} INFO - Executing <Task(PythonSensor): checkataa> on 2024-04-23 06:00:00+00:00
[2024-08-06T17:24:05.256+0000] {warnings.py:112} WARNING - /home/***/.local/lib/python3.12/site-packages/***/task/task_runner/standard_task_runner.py:62: DeprecationWarning: This process (pid=5092) is multi-threaded, use of fork() may lead to deadlocks in the child.
  pid = os.fork()

[2024-08-06T17:24:05.258+0000] {standard_task_runner.py:64} INFO - Started process 5105 to run task
[2024-08-06T17:24:05.260+0000] {standard_task_runner.py:90} INFO - Running: ['***', 'tasks', 'run', 'motower_daily_prod', 'checkataa', 'scheduled__2024-04-23T06:00:00+00:00', '--job-id', '1293', '--raw', '--subdir', 'DAGS_FOLDER/gps/custom_dags/motower_daily.py', '--cfg-path', '/tmp/tmpj114atuh']
[2024-08-06T17:24:05.265+0000] {standard_task_runner.py:91} INFO - Job 1293: Subtask checkataa
[2024-08-06T17:24:05.380+0000] {task_command.py:426} INFO - Running <TaskInstance: motower_daily_prod.checkataa scheduled__2024-04-23T06:00:00+00:00 [running]> on host 13681191f11c
[2024-08-06T17:24:05.665+0000] {taskinstance.py:2648} INFO - Exporting env vars: AIRFLOW_CTX_DAG_EMAIL='richmond.kongo@orange.com,assane.diop@orange.com,cyrille1.danho@orange.com,mohamed2.sylla@orange.com,amadou.diomande@orange.com,Jonas.kouame@orange.com,armand.kablan@orange.com,anicet.azombade@orange.com,etienne.kouadio@orange.com,bertine.kouakou@orange.com,florentine.kouakou@orange.com,ange.phaceli@orange.com,soulegame.soro@orange.com,innocent.yengo@orange.com' AIRFLOW_CTX_DAG_OWNER='***' AIRFLOW_CTX_DAG_ID='motower_daily_prod' AIRFLOW_CTX_TASK_ID='checkataa' AIRFLOW_CTX_EXECUTION_DATE='2024-04-23T06:00:00+00:00' AIRFLOW_CTX_TRY_NUMBER='1' AIRFLOW_CTX_DAG_RUN_ID='scheduled__2024-04-23T06:00:00+00:00'
[2024-08-06T17:24:05.667+0000] {taskinstance.py:430} INFO - ::endgroup::
[2024-08-06T17:24:05.708+0000] {python.py:75} INFO - Poking callable: <function check_data_in_table at 0x701c2702f7e0>
[2024-08-06T17:24:05.715+0000] {extract.py:126} INFO - Getting data of the table dtm_motower_gsm 
[2024-08-06T17:24:05.716+0000] {extract.py:127} INFO - where date is 2024-04-22
[2024-08-06T17:24:05.717+0000] {extract.py:102} INFO - get data to date 20240422
[2024-08-06T17:24:05.728+0000] {warnings.py:112} WARNING - /opt/***/dags/gps/common/extract.py:103: UserWarning: pandas only supports SQLAlchemy connectable (engine/connection) or database string URI or sqlite3 DBAPI2 connection. Other DBAPI2 objects are not tested. Please consider using SQLAlchemy.
  df_ = pd.read_sql_query(sql_query, conn, params=params)

[2024-08-06T17:24:05.893+0000] {base.py:294} INFO - Success criteria met. Exiting.
[2024-08-06T17:24:05.894+0000] {taskinstance.py:441} INFO - ::group::Post task execution logs
[2024-08-06T17:24:05.959+0000] {taskinstance.py:1206} INFO - Marking task as SUCCESS. dag_id=motower_daily_prod, task_id=checkataa, run_id=scheduled__2024-04-23T06:00:00+00:00, execution_date=20240423T060000, start_date=20240806T172405, end_date=20240806T172405
[2024-08-06T17:24:07.420+0000] {local_task_job_runner.py:243} INFO - Task exited with return code 0
[2024-08-06T17:24:07.575+0000] {taskinstance.py:3503} INFO - 0 downstream tasks scheduled from follow-on schedule check
[2024-08-06T17:24:07.588+0000] {local_task_job_runner.py:222} INFO - ::endgroup::
[2024-08-06T17:41:49.545+0000] {local_task_job_runner.py:120} INFO - ::group::Pre task execution logs
[2024-08-06T17:41:49.690+0000] {taskinstance.py:2076} INFO - Dependencies all met for dep_context=non-requeueable deps ti=<TaskInstance: motower_daily_prod.checkataa scheduled__2024-04-23T06:00:00+00:00 [queued]>
[2024-08-06T17:41:49.755+0000] {taskinstance.py:2076} INFO - Dependencies all met for dep_context=requeueable deps ti=<TaskInstance: motower_daily_prod.checkataa scheduled__2024-04-23T06:00:00+00:00 [queued]>
[2024-08-06T17:41:49.756+0000] {taskinstance.py:2306} INFO - Starting attempt 1 of 1
[2024-08-06T17:41:49.813+0000] {taskinstance.py:2330} INFO - Executing <Task(PythonSensor): checkataa> on 2024-04-23 06:00:00+00:00
[2024-08-06T17:41:49.846+0000] {warnings.py:112} WARNING - /home/***/.local/lib/python3.12/site-packages/***/task/task_runner/standard_task_runner.py:62: DeprecationWarning: This process (pid=8318) is multi-threaded, use of fork() may lead to deadlocks in the child.
  pid = os.fork()

[2024-08-06T17:41:49.849+0000] {standard_task_runner.py:64} INFO - Started process 8330 to run task
[2024-08-06T17:41:49.856+0000] {standard_task_runner.py:90} INFO - Running: ['***', 'tasks', 'run', 'motower_daily_prod', 'checkataa', 'scheduled__2024-04-23T06:00:00+00:00', '--job-id', '2305', '--raw', '--subdir', 'DAGS_FOLDER/gps/custom_dags/motower_daily.py', '--cfg-path', '/tmp/tmpwv2qoz89']
[2024-08-06T17:41:49.864+0000] {standard_task_runner.py:91} INFO - Job 2305: Subtask checkataa
[2024-08-06T17:41:50.036+0000] {task_command.py:426} INFO - Running <TaskInstance: motower_daily_prod.checkataa scheduled__2024-04-23T06:00:00+00:00 [running]> on host 13681191f11c
[2024-08-06T17:41:50.523+0000] {taskinstance.py:2648} INFO - Exporting env vars: AIRFLOW_CTX_DAG_EMAIL='richmond.kongo@orange.com,assane.diop@orange.com,cyrille1.danho@orange.com,mohamed2.sylla@orange.com,amadou.diomande@orange.com,Jonas.kouame@orange.com,armand.kablan@orange.com,anicet.azombade@orange.com,etienne.kouadio@orange.com,bertine.kouakou@orange.com,florentine.kouakou@orange.com,ange.phaceli@orange.com,soulegame.soro@orange.com,innocent.yengo@orange.com' AIRFLOW_CTX_DAG_OWNER='***' AIRFLOW_CTX_DAG_ID='motower_daily_prod' AIRFLOW_CTX_TASK_ID='checkataa' AIRFLOW_CTX_EXECUTION_DATE='2024-04-23T06:00:00+00:00' AIRFLOW_CTX_TRY_NUMBER='1' AIRFLOW_CTX_DAG_RUN_ID='scheduled__2024-04-23T06:00:00+00:00'
[2024-08-06T17:41:50.525+0000] {taskinstance.py:430} INFO - ::endgroup::
[2024-08-06T17:41:50.557+0000] {python.py:75} INFO - Poking callable: <function check_data_in_table at 0x701c4273efc0>
[2024-08-06T17:41:50.568+0000] {extract.py:126} INFO - Getting data of the table dtm_motower_gsm 
[2024-08-06T17:41:50.569+0000] {extract.py:127} INFO - where date is 2024-04-22
[2024-08-06T17:41:50.570+0000] {extract.py:102} INFO - get data to date 20240422
[2024-08-06T17:41:50.581+0000] {warnings.py:112} WARNING - /opt/***/dags/gps/common/extract.py:103: UserWarning: pandas only supports SQLAlchemy connectable (engine/connection) or database string URI or sqlite3 DBAPI2 connection. Other DBAPI2 objects are not tested. Please consider using SQLAlchemy.
  df_ = pd.read_sql_query(sql_query, conn, params=params)

[2024-08-06T17:41:50.792+0000] {base.py:294} INFO - Success criteria met. Exiting.
[2024-08-06T17:41:50.793+0000] {taskinstance.py:441} INFO - ::group::Post task execution logs
[2024-08-06T17:41:50.853+0000] {taskinstance.py:1206} INFO - Marking task as SUCCESS. dag_id=motower_daily_prod, task_id=checkataa, run_id=scheduled__2024-04-23T06:00:00+00:00, execution_date=20240423T060000, start_date=20240806T174149, end_date=20240806T174150
[2024-08-06T17:41:50.933+0000] {local_task_job_runner.py:243} INFO - Task exited with return code 0
[2024-08-06T17:41:51.058+0000] {taskinstance.py:3503} INFO - 0 downstream tasks scheduled from follow-on schedule check
[2024-08-06T17:41:51.081+0000] {local_task_job_runner.py:222} INFO - ::endgroup::
