[2024-08-06T16:57:41.531+0000] {local_task_job_runner.py:120} INFO - ::group::Pre task execution logs
[2024-08-06T16:57:41.992+0000] {taskinstance.py:2076} INFO - Dependencies all met for dep_context=non-requeueable deps ti=<TaskInstance: motower_daily_prod.sensor_trafic scheduled__2024-01-15T06:00:00+00:00 [queued]>
[2024-08-06T16:57:42.048+0000] {taskinstance.py:2076} INFO - Dependencies all met for dep_context=requeueable deps ti=<TaskInstance: motower_daily_prod.sensor_trafic scheduled__2024-01-15T06:00:00+00:00 [queued]>
[2024-08-06T16:57:42.049+0000] {taskinstance.py:2306} INFO - Starting attempt 1 of 1
[2024-08-06T16:57:42.097+0000] {taskinstance.py:2330} INFO - Executing <Task(PythonSensor): sensor_trafic> on 2024-01-15 06:00:00+00:00
[2024-08-06T16:57:42.114+0000] {warnings.py:112} WARNING - /home/***/.local/lib/python3.12/site-packages/***/task/task_runner/standard_task_runner.py:62: DeprecationWarning: This process (pid=1355) is multi-threaded, use of fork() may lead to deadlocks in the child.
  pid = os.fork()

[2024-08-06T16:57:42.116+0000] {standard_task_runner.py:64} INFO - Started process 1373 to run task
[2024-08-06T16:57:42.123+0000] {standard_task_runner.py:90} INFO - Running: ['***', 'tasks', 'run', 'motower_daily_prod', 'sensor_trafic', 'scheduled__2024-01-15T06:00:00+00:00', '--job-id', '153', '--raw', '--subdir', 'DAGS_FOLDER/gps/custom_dags/motower_daily.py', '--cfg-path', '/tmp/tmpumjhucv1']
[2024-08-06T16:57:42.133+0000] {standard_task_runner.py:91} INFO - Job 153: Subtask sensor_trafic
[2024-08-06T16:57:42.281+0000] {task_command.py:426} INFO - Running <TaskInstance: motower_daily_prod.sensor_trafic scheduled__2024-01-15T06:00:00+00:00 [running]> on host 13681191f11c
[2024-08-06T16:57:42.671+0000] {taskinstance.py:2648} INFO - Exporting env vars: AIRFLOW_CTX_DAG_EMAIL='richmond.kongo@orange.com,assane.diop@orange.com,cyrille1.danho@orange.com,mohamed2.sylla@orange.com,amadou.diomande@orange.com,Jonas.kouame@orange.com,armand.kablan@orange.com,anicet.azombade@orange.com,etienne.kouadio@orange.com,bertine.kouakou@orange.com,florentine.kouakou@orange.com,ange.phaceli@orange.com,soulegame.soro@orange.com,innocent.yengo@orange.com' AIRFLOW_CTX_DAG_OWNER='***' AIRFLOW_CTX_DAG_ID='motower_daily_prod' AIRFLOW_CTX_TASK_ID='sensor_trafic' AIRFLOW_CTX_EXECUTION_DATE='2024-01-15T06:00:00+00:00' AIRFLOW_CTX_TRY_NUMBER='1' AIRFLOW_CTX_DAG_RUN_ID='scheduled__2024-01-15T06:00:00+00:00'
[2024-08-06T16:57:42.673+0000] {taskinstance.py:430} INFO - ::endgroup::
[2024-08-06T16:57:42.712+0000] {python.py:75} INFO - Poking callable: <function check_data_in_table at 0x701c270977e0>
[2024-08-06T16:57:42.738+0000] {extract.py:126} INFO - Getting data of the table ks_daily_tdb_radio_drsi 
[2024-08-06T16:57:42.739+0000] {extract.py:127} INFO - where date is 2024-01-14
[2024-08-06T16:57:42.739+0000] {extract.py:102} INFO - get data to date 2024-01-14
[2024-08-06T16:57:42.775+0000] {warnings.py:112} WARNING - /opt/***/dags/gps/common/extract.py:103: UserWarning: pandas only supports SQLAlchemy connectable (engine/connection) or database string URI or sqlite3 DBAPI2 connection. Other DBAPI2 objects are not tested. Please consider using SQLAlchemy.
  df_ = pd.read_sql_query(sql_query, conn, params=params)

[2024-08-06T16:57:43.407+0000] {base.py:294} INFO - Success criteria met. Exiting.
[2024-08-06T16:57:43.408+0000] {taskinstance.py:441} INFO - ::group::Post task execution logs
[2024-08-06T16:57:43.439+0000] {taskinstance.py:1206} INFO - Marking task as SUCCESS. dag_id=motower_daily_prod, task_id=sensor_trafic, run_id=scheduled__2024-01-15T06:00:00+00:00, execution_date=20240115T060000, start_date=20240806T165741, end_date=20240806T165743
[2024-08-06T16:57:43.511+0000] {local_task_job_runner.py:243} INFO - Task exited with return code 0
[2024-08-06T16:57:43.535+0000] {local_task_job_runner.py:222} INFO - ::endgroup::
[2024-08-06T17:28:11.782+0000] {local_task_job_runner.py:120} INFO - ::group::Pre task execution logs
[2024-08-06T17:28:11.848+0000] {taskinstance.py:2076} INFO - Dependencies all met for dep_context=non-requeueable deps ti=<TaskInstance: motower_daily_prod.sensor_trafic scheduled__2024-01-15T06:00:00+00:00 [queued]>
[2024-08-06T17:28:11.870+0000] {taskinstance.py:2076} INFO - Dependencies all met for dep_context=requeueable deps ti=<TaskInstance: motower_daily_prod.sensor_trafic scheduled__2024-01-15T06:00:00+00:00 [queued]>
[2024-08-06T17:28:11.871+0000] {taskinstance.py:2306} INFO - Starting attempt 1 of 1
[2024-08-06T17:28:11.906+0000] {taskinstance.py:2330} INFO - Executing <Task(PythonSensor): sensor_trafic> on 2024-01-15 06:00:00+00:00
[2024-08-06T17:28:11.922+0000] {warnings.py:112} WARNING - /home/***/.local/lib/python3.12/site-packages/***/task/task_runner/standard_task_runner.py:62: DeprecationWarning: This process (pid=5514) is multi-threaded, use of fork() may lead to deadlocks in the child.
  pid = os.fork()

[2024-08-06T17:28:11.924+0000] {standard_task_runner.py:64} INFO - Started process 5527 to run task
[2024-08-06T17:28:11.927+0000] {standard_task_runner.py:90} INFO - Running: ['***', 'tasks', 'run', 'motower_daily_prod', 'sensor_trafic', 'scheduled__2024-01-15T06:00:00+00:00', '--job-id', '1419', '--raw', '--subdir', 'DAGS_FOLDER/gps/custom_dags/motower_daily.py', '--cfg-path', '/tmp/tmpie2wqx0j']
[2024-08-06T17:28:11.931+0000] {standard_task_runner.py:91} INFO - Job 1419: Subtask sensor_trafic
[2024-08-06T17:28:12.022+0000] {task_command.py:426} INFO - Running <TaskInstance: motower_daily_prod.sensor_trafic scheduled__2024-01-15T06:00:00+00:00 [running]> on host 13681191f11c
[2024-08-06T17:28:12.243+0000] {taskinstance.py:2648} INFO - Exporting env vars: AIRFLOW_CTX_DAG_EMAIL='richmond.kongo@orange.com,assane.diop@orange.com,cyrille1.danho@orange.com,mohamed2.sylla@orange.com,amadou.diomande@orange.com,Jonas.kouame@orange.com,armand.kablan@orange.com,anicet.azombade@orange.com,etienne.kouadio@orange.com,bertine.kouakou@orange.com,florentine.kouakou@orange.com,ange.phaceli@orange.com,soulegame.soro@orange.com,innocent.yengo@orange.com' AIRFLOW_CTX_DAG_OWNER='***' AIRFLOW_CTX_DAG_ID='motower_daily_prod' AIRFLOW_CTX_TASK_ID='sensor_trafic' AIRFLOW_CTX_EXECUTION_DATE='2024-01-15T06:00:00+00:00' AIRFLOW_CTX_TRY_NUMBER='1' AIRFLOW_CTX_DAG_RUN_ID='scheduled__2024-01-15T06:00:00+00:00'
[2024-08-06T17:28:12.245+0000] {taskinstance.py:430} INFO - ::endgroup::
[2024-08-06T17:28:12.279+0000] {python.py:75} INFO - Poking callable: <function check_data_in_table at 0x701c27143e20>
[2024-08-06T17:28:12.286+0000] {extract.py:126} INFO - Getting data of the table ks_daily_tdb_radio_drsi 
[2024-08-06T17:28:12.288+0000] {extract.py:127} INFO - where date is 2024-01-14
[2024-08-06T17:28:12.289+0000] {extract.py:102} INFO - get data to date 2024-01-14
[2024-08-06T17:28:12.305+0000] {warnings.py:112} WARNING - /opt/***/dags/gps/common/extract.py:103: UserWarning: pandas only supports SQLAlchemy connectable (engine/connection) or database string URI or sqlite3 DBAPI2 connection. Other DBAPI2 objects are not tested. Please consider using SQLAlchemy.
  df_ = pd.read_sql_query(sql_query, conn, params=params)

[2024-08-06T17:28:12.758+0000] {base.py:294} INFO - Success criteria met. Exiting.
[2024-08-06T17:28:12.760+0000] {taskinstance.py:441} INFO - ::group::Post task execution logs
[2024-08-06T17:28:12.780+0000] {taskinstance.py:1206} INFO - Marking task as SUCCESS. dag_id=motower_daily_prod, task_id=sensor_trafic, run_id=scheduled__2024-01-15T06:00:00+00:00, execution_date=20240115T060000, start_date=20240806T172811, end_date=20240806T172812
[2024-08-06T17:28:12.855+0000] {local_task_job_runner.py:243} INFO - Task exited with return code 0
[2024-08-06T17:28:12.898+0000] {local_task_job_runner.py:222} INFO - ::endgroup::
[2024-08-06T18:15:49.555+0000] {local_task_job_runner.py:120} INFO - ::group::Pre task execution logs
[2024-08-06T18:15:49.678+0000] {taskinstance.py:2076} INFO - Dependencies all met for dep_context=non-requeueable deps ti=<TaskInstance: motower_daily_prod.sensor_trafic scheduled__2024-01-15T06:00:00+00:00 [queued]>
[2024-08-06T18:15:49.706+0000] {taskinstance.py:2076} INFO - Dependencies all met for dep_context=requeueable deps ti=<TaskInstance: motower_daily_prod.sensor_trafic scheduled__2024-01-15T06:00:00+00:00 [queued]>
[2024-08-06T18:15:49.708+0000] {taskinstance.py:2306} INFO - Starting attempt 1 of 1
[2024-08-06T18:15:49.763+0000] {taskinstance.py:2330} INFO - Executing <Task(PythonSensor): sensor_trafic> on 2024-01-15 06:00:00+00:00
[2024-08-06T18:15:49.796+0000] {warnings.py:112} WARNING - /home/***/.local/lib/python3.12/site-packages/***/task/task_runner/standard_task_runner.py:62: DeprecationWarning: This process (pid=9382) is multi-threaded, use of fork() may lead to deadlocks in the child.
  pid = os.fork()

[2024-08-06T18:15:49.798+0000] {standard_task_runner.py:64} INFO - Started process 9394 to run task
[2024-08-06T18:15:49.805+0000] {standard_task_runner.py:90} INFO - Running: ['***', 'tasks', 'run', 'motower_daily_prod', 'sensor_trafic', 'scheduled__2024-01-15T06:00:00+00:00', '--job-id', '2516', '--raw', '--subdir', 'DAGS_FOLDER/gps/custom_dags/motower_daily.py', '--cfg-path', '/tmp/tmp_slh02xp']
[2024-08-06T18:15:49.809+0000] {standard_task_runner.py:91} INFO - Job 2516: Subtask sensor_trafic
[2024-08-06T18:15:49.957+0000] {task_command.py:426} INFO - Running <TaskInstance: motower_daily_prod.sensor_trafic scheduled__2024-01-15T06:00:00+00:00 [running]> on host 13681191f11c
[2024-08-06T18:15:50.297+0000] {taskinstance.py:2648} INFO - Exporting env vars: AIRFLOW_CTX_DAG_EMAIL='richmond.kongo@orange.com,assane.diop@orange.com,cyrille1.danho@orange.com,mohamed2.sylla@orange.com,amadou.diomande@orange.com,Jonas.kouame@orange.com,armand.kablan@orange.com,anicet.azombade@orange.com,etienne.kouadio@orange.com,bertine.kouakou@orange.com,florentine.kouakou@orange.com,ange.phaceli@orange.com,soulegame.soro@orange.com,innocent.yengo@orange.com' AIRFLOW_CTX_DAG_OWNER='***' AIRFLOW_CTX_DAG_ID='motower_daily_prod' AIRFLOW_CTX_TASK_ID='sensor_trafic' AIRFLOW_CTX_EXECUTION_DATE='2024-01-15T06:00:00+00:00' AIRFLOW_CTX_TRY_NUMBER='1' AIRFLOW_CTX_DAG_RUN_ID='scheduled__2024-01-15T06:00:00+00:00'
[2024-08-06T18:15:50.299+0000] {taskinstance.py:430} INFO - ::endgroup::
[2024-08-06T18:15:50.332+0000] {python.py:75} INFO - Poking callable: <function check_data_in_table at 0x701c26c93ba0>
[2024-08-06T18:15:50.340+0000] {extract.py:126} INFO - Getting data of the table ks_daily_tdb_radio_drsi 
[2024-08-06T18:15:50.340+0000] {extract.py:127} INFO - where date is 2024-01-14
[2024-08-06T18:15:50.341+0000] {extract.py:102} INFO - get data to date 2024-01-14
[2024-08-06T18:15:50.352+0000] {warnings.py:112} WARNING - /opt/***/dags/gps/common/extract.py:103: UserWarning: pandas only supports SQLAlchemy connectable (engine/connection) or database string URI or sqlite3 DBAPI2 connection. Other DBAPI2 objects are not tested. Please consider using SQLAlchemy.
  df_ = pd.read_sql_query(sql_query, conn, params=params)

[2024-08-06T18:15:51.251+0000] {base.py:294} INFO - Success criteria met. Exiting.
[2024-08-06T18:15:51.252+0000] {taskinstance.py:441} INFO - ::group::Post task execution logs
[2024-08-06T18:15:51.272+0000] {taskinstance.py:1206} INFO - Marking task as SUCCESS. dag_id=motower_daily_prod, task_id=sensor_trafic, run_id=scheduled__2024-01-15T06:00:00+00:00, execution_date=20240115T060000, start_date=20240806T181549, end_date=20240806T181551
[2024-08-06T18:15:51.321+0000] {local_task_job_runner.py:243} INFO - Task exited with return code 0
[2024-08-06T18:15:51.350+0000] {local_task_job_runner.py:222} INFO - ::endgroup::
