[2024-08-06T17:05:18.625+0000] {local_task_job_runner.py:120} INFO - ::group::Pre task execution logs
[2024-08-06T17:05:18.704+0000] {taskinstance.py:2076} INFO - Dependencies all met for dep_context=non-requeueable deps ti=<TaskInstance: motower_daily_prod.extracta scheduled__2024-03-08T06:00:00+00:00 [queued]>
[2024-08-06T17:05:18.733+0000] {taskinstance.py:2076} INFO - Dependencies all met for dep_context=requeueable deps ti=<TaskInstance: motower_daily_prod.extracta scheduled__2024-03-08T06:00:00+00:00 [queued]>
[2024-08-06T17:05:18.733+0000] {taskinstance.py:2306} INFO - Starting attempt 1 of 1
[2024-08-06T17:05:19.049+0000] {taskinstance.py:2330} INFO - Executing <Task(PythonOperator): extracta> on 2024-03-08 06:00:00+00:00
[2024-08-06T17:05:19.074+0000] {warnings.py:112} WARNING - /home/***/.local/lib/python3.12/site-packages/***/task/task_runner/standard_task_runner.py:62: DeprecationWarning: This process (pid=2915) is multi-threaded, use of fork() may lead to deadlocks in the child.
  pid = os.fork()

[2024-08-06T17:05:19.080+0000] {standard_task_runner.py:64} INFO - Started process 2934 to run task
[2024-08-06T17:05:19.085+0000] {standard_task_runner.py:90} INFO - Running: ['***', 'tasks', 'run', 'motower_daily_prod', 'extracta', 'scheduled__2024-03-08T06:00:00+00:00', '--job-id', '646', '--raw', '--subdir', 'DAGS_FOLDER/gps/custom_dags/motower_daily.py', '--cfg-path', '/tmp/tmpzv6s9s0v']
[2024-08-06T17:05:19.090+0000] {standard_task_runner.py:91} INFO - Job 646: Subtask extracta
[2024-08-06T17:05:19.228+0000] {task_command.py:426} INFO - Running <TaskInstance: motower_daily_prod.extracta scheduled__2024-03-08T06:00:00+00:00 [running]> on host 13681191f11c
[2024-08-06T17:05:19.624+0000] {taskinstance.py:2648} INFO - Exporting env vars: AIRFLOW_CTX_DAG_EMAIL='richmond.kongo@orange.com,assane.diop@orange.com,cyrille1.danho@orange.com,mohamed2.sylla@orange.com,amadou.diomande@orange.com,Jonas.kouame@orange.com,armand.kablan@orange.com,anicet.azombade@orange.com,etienne.kouadio@orange.com,bertine.kouakou@orange.com,florentine.kouakou@orange.com,ange.phaceli@orange.com,soulegame.soro@orange.com,innocent.yengo@orange.com' AIRFLOW_CTX_DAG_OWNER='***' AIRFLOW_CTX_DAG_ID='motower_daily_prod' AIRFLOW_CTX_TASK_ID='extracta' AIRFLOW_CTX_EXECUTION_DATE='2024-03-08T06:00:00+00:00' AIRFLOW_CTX_TRY_NUMBER='1' AIRFLOW_CTX_DAG_RUN_ID='scheduled__2024-03-08T06:00:00+00:00'
[2024-08-06T17:05:19.626+0000] {taskinstance.py:430} INFO - ::endgroup::
[2024-08-06T17:05:19.708+0000] {extract.py:126} INFO - Getting data of the table dtm_motower_gsm 
[2024-08-06T17:05:19.708+0000] {extract.py:127} INFO - where date is 2024-03-07
[2024-08-06T17:05:19.709+0000] {extract.py:102} INFO - get data to date 20240307
[2024-08-06T17:05:19.721+0000] {warnings.py:112} WARNING - /opt/***/dags/gps/common/extract.py:103: UserWarning: pandas only supports SQLAlchemy connectable (engine/connection) or database string URI or sqlite3 DBAPI2 connection. Other DBAPI2 objects are not tested. Please consider using SQLAlchemy.
  df_ = pd.read_sql_query(sql_query, conn, params=params)

[2024-08-06T17:05:20.067+0000] {rwminio.py:19} INFO - start to save data
[2024-08-06T17:05:20.388+0000] {rwminio.py:34} INFO - data in minio ok
[2024-08-06T17:05:20.389+0000] {python.py:237} INFO - Done. Returned value was: None
[2024-08-06T17:05:20.390+0000] {taskinstance.py:441} INFO - ::group::Post task execution logs
[2024-08-06T17:05:20.444+0000] {taskinstance.py:1206} INFO - Marking task as SUCCESS. dag_id=motower_daily_prod, task_id=extracta, run_id=scheduled__2024-03-08T06:00:00+00:00, execution_date=20240308T060000, start_date=20240806T170518, end_date=20240806T170520
[2024-08-06T17:05:20.698+0000] {local_task_job_runner.py:243} INFO - Task exited with return code 0
[2024-08-06T17:05:20.787+0000] {taskinstance.py:3503} INFO - 0 downstream tasks scheduled from follow-on schedule check
[2024-08-06T17:05:20.812+0000] {local_task_job_runner.py:222} INFO - ::endgroup::
[2024-08-06T17:35:52.311+0000] {local_task_job_runner.py:120} INFO - ::group::Pre task execution logs
[2024-08-06T17:35:52.412+0000] {taskinstance.py:2076} INFO - Dependencies all met for dep_context=non-requeueable deps ti=<TaskInstance: motower_daily_prod.extracta scheduled__2024-03-08T06:00:00+00:00 [queued]>
[2024-08-06T17:35:52.442+0000] {taskinstance.py:2076} INFO - Dependencies all met for dep_context=requeueable deps ti=<TaskInstance: motower_daily_prod.extracta scheduled__2024-03-08T06:00:00+00:00 [queued]>
[2024-08-06T17:35:52.443+0000] {taskinstance.py:2306} INFO - Starting attempt 1 of 1
[2024-08-06T17:35:52.474+0000] {taskinstance.py:2330} INFO - Executing <Task(PythonOperator): extracta> on 2024-03-08 06:00:00+00:00
[2024-08-06T17:35:52.491+0000] {warnings.py:112} WARNING - /home/***/.local/lib/python3.12/site-packages/***/task/task_runner/standard_task_runner.py:62: DeprecationWarning: This process (pid=7071) is multi-threaded, use of fork() may lead to deadlocks in the child.
  pid = os.fork()

[2024-08-06T17:35:52.494+0000] {standard_task_runner.py:64} INFO - Started process 7086 to run task
[2024-08-06T17:35:52.496+0000] {standard_task_runner.py:90} INFO - Running: ['***', 'tasks', 'run', 'motower_daily_prod', 'extracta', 'scheduled__2024-03-08T06:00:00+00:00', '--job-id', '1911', '--raw', '--subdir', 'DAGS_FOLDER/gps/custom_dags/motower_daily.py', '--cfg-path', '/tmp/tmplf2wskwh']
[2024-08-06T17:35:52.500+0000] {standard_task_runner.py:91} INFO - Job 1911: Subtask extracta
[2024-08-06T17:35:52.601+0000] {task_command.py:426} INFO - Running <TaskInstance: motower_daily_prod.extracta scheduled__2024-03-08T06:00:00+00:00 [running]> on host 13681191f11c
[2024-08-06T17:35:52.866+0000] {taskinstance.py:2648} INFO - Exporting env vars: AIRFLOW_CTX_DAG_EMAIL='richmond.kongo@orange.com,assane.diop@orange.com,cyrille1.danho@orange.com,mohamed2.sylla@orange.com,amadou.diomande@orange.com,Jonas.kouame@orange.com,armand.kablan@orange.com,anicet.azombade@orange.com,etienne.kouadio@orange.com,bertine.kouakou@orange.com,florentine.kouakou@orange.com,ange.phaceli@orange.com,soulegame.soro@orange.com,innocent.yengo@orange.com' AIRFLOW_CTX_DAG_OWNER='***' AIRFLOW_CTX_DAG_ID='motower_daily_prod' AIRFLOW_CTX_TASK_ID='extracta' AIRFLOW_CTX_EXECUTION_DATE='2024-03-08T06:00:00+00:00' AIRFLOW_CTX_TRY_NUMBER='1' AIRFLOW_CTX_DAG_RUN_ID='scheduled__2024-03-08T06:00:00+00:00'
[2024-08-06T17:35:52.868+0000] {taskinstance.py:430} INFO - ::endgroup::
[2024-08-06T17:35:52.919+0000] {extract.py:126} INFO - Getting data of the table dtm_motower_gsm 
[2024-08-06T17:35:52.919+0000] {extract.py:127} INFO - where date is 2024-03-07
[2024-08-06T17:35:52.920+0000] {extract.py:102} INFO - get data to date 20240307
[2024-08-06T17:35:52.943+0000] {warnings.py:112} WARNING - /opt/***/dags/gps/common/extract.py:103: UserWarning: pandas only supports SQLAlchemy connectable (engine/connection) or database string URI or sqlite3 DBAPI2 connection. Other DBAPI2 objects are not tested. Please consider using SQLAlchemy.
  df_ = pd.read_sql_query(sql_query, conn, params=params)

[2024-08-06T17:35:53.311+0000] {rwminio.py:19} INFO - start to save data
[2024-08-06T17:35:53.491+0000] {rwminio.py:34} INFO - data in minio ok
[2024-08-06T17:35:53.506+0000] {python.py:237} INFO - Done. Returned value was: None
[2024-08-06T17:35:53.507+0000] {taskinstance.py:441} INFO - ::group::Post task execution logs
[2024-08-06T17:35:53.550+0000] {taskinstance.py:1206} INFO - Marking task as SUCCESS. dag_id=motower_daily_prod, task_id=extracta, run_id=scheduled__2024-03-08T06:00:00+00:00, execution_date=20240308T060000, start_date=20240806T173552, end_date=20240806T173553
[2024-08-06T17:35:53.602+0000] {local_task_job_runner.py:243} INFO - Task exited with return code 0
[2024-08-06T17:35:53.667+0000] {taskinstance.py:3503} INFO - 0 downstream tasks scheduled from follow-on schedule check
[2024-08-06T17:35:53.670+0000] {local_task_job_runner.py:222} INFO - ::endgroup::
[2024-08-06T18:23:10.573+0000] {local_task_job_runner.py:120} INFO - ::group::Pre task execution logs
[2024-08-06T18:23:10.690+0000] {taskinstance.py:2076} INFO - Dependencies all met for dep_context=non-requeueable deps ti=<TaskInstance: motower_daily_prod.extracta scheduled__2024-03-08T06:00:00+00:00 [queued]>
[2024-08-06T18:23:10.718+0000] {taskinstance.py:2076} INFO - Dependencies all met for dep_context=requeueable deps ti=<TaskInstance: motower_daily_prod.extracta scheduled__2024-03-08T06:00:00+00:00 [queued]>
[2024-08-06T18:23:10.719+0000] {taskinstance.py:2306} INFO - Starting attempt 1 of 1
[2024-08-06T18:23:10.759+0000] {taskinstance.py:2330} INFO - Executing <Task(PythonOperator): extracta> on 2024-03-08 06:00:00+00:00
[2024-08-06T18:23:10.780+0000] {warnings.py:112} WARNING - /home/***/.local/lib/python3.12/site-packages/***/task/task_runner/standard_task_runner.py:62: DeprecationWarning: This process (pid=10907) is multi-threaded, use of fork() may lead to deadlocks in the child.
  pid = os.fork()

[2024-08-06T18:23:10.783+0000] {standard_task_runner.py:64} INFO - Started process 10920 to run task
[2024-08-06T18:23:10.800+0000] {standard_task_runner.py:90} INFO - Running: ['***', 'tasks', 'run', 'motower_daily_prod', 'extracta', 'scheduled__2024-03-08T06:00:00+00:00', '--job-id', '2999', '--raw', '--subdir', 'DAGS_FOLDER/gps/custom_dags/motower_daily.py', '--cfg-path', '/tmp/tmp7_jxro69']
[2024-08-06T18:23:10.804+0000] {standard_task_runner.py:91} INFO - Job 2999: Subtask extracta
[2024-08-06T18:23:10.965+0000] {task_command.py:426} INFO - Running <TaskInstance: motower_daily_prod.extracta scheduled__2024-03-08T06:00:00+00:00 [running]> on host 13681191f11c
[2024-08-06T18:23:11.190+0000] {taskinstance.py:2648} INFO - Exporting env vars: AIRFLOW_CTX_DAG_EMAIL='richmond.kongo@orange.com,assane.diop@orange.com,cyrille1.danho@orange.com,mohamed2.sylla@orange.com,amadou.diomande@orange.com,Jonas.kouame@orange.com,armand.kablan@orange.com,anicet.azombade@orange.com,etienne.kouadio@orange.com,bertine.kouakou@orange.com,florentine.kouakou@orange.com,ange.phaceli@orange.com,soulegame.soro@orange.com,innocent.yengo@orange.com' AIRFLOW_CTX_DAG_OWNER='***' AIRFLOW_CTX_DAG_ID='motower_daily_prod' AIRFLOW_CTX_TASK_ID='extracta' AIRFLOW_CTX_EXECUTION_DATE='2024-03-08T06:00:00+00:00' AIRFLOW_CTX_TRY_NUMBER='1' AIRFLOW_CTX_DAG_RUN_ID='scheduled__2024-03-08T06:00:00+00:00'
[2024-08-06T18:23:11.193+0000] {taskinstance.py:430} INFO - ::endgroup::
[2024-08-06T18:23:11.251+0000] {extract.py:126} INFO - Getting data of the table dtm_motower_gsm 
[2024-08-06T18:23:11.252+0000] {extract.py:127} INFO - where date is 2024-03-07
[2024-08-06T18:23:11.253+0000] {extract.py:102} INFO - get data to date 20240307
[2024-08-06T18:23:11.288+0000] {warnings.py:112} WARNING - /opt/***/dags/gps/common/extract.py:103: UserWarning: pandas only supports SQLAlchemy connectable (engine/connection) or database string URI or sqlite3 DBAPI2 connection. Other DBAPI2 objects are not tested. Please consider using SQLAlchemy.
  df_ = pd.read_sql_query(sql_query, conn, params=params)

[2024-08-06T18:23:11.453+0000] {rwminio.py:19} INFO - start to save data
[2024-08-06T18:23:11.593+0000] {rwminio.py:34} INFO - data in minio ok
[2024-08-06T18:23:11.594+0000] {python.py:237} INFO - Done. Returned value was: None
[2024-08-06T18:23:11.595+0000] {taskinstance.py:441} INFO - ::group::Post task execution logs
[2024-08-06T18:23:11.651+0000] {taskinstance.py:1206} INFO - Marking task as SUCCESS. dag_id=motower_daily_prod, task_id=extracta, run_id=scheduled__2024-03-08T06:00:00+00:00, execution_date=20240308T060000, start_date=20240806T182310, end_date=20240806T182311
[2024-08-06T18:23:11.703+0000] {local_task_job_runner.py:243} INFO - Task exited with return code 0
[2024-08-06T18:23:11.737+0000] {local_task_job_runner.py:222} INFO - ::endgroup::
