[2024-08-06T17:09:52.983+0000] {local_task_job_runner.py:120} INFO - ::group::Pre task execution logs
[2024-08-06T17:09:53.086+0000] {taskinstance.py:2076} INFO - Dependencies all met for dep_context=non-requeueable deps ti=<TaskInstance: motower_daily_prod.extract_congestion scheduled__2024-04-09T06:00:00+00:00 [queued]>
[2024-08-06T17:09:53.117+0000] {taskinstance.py:2076} INFO - Dependencies all met for dep_context=requeueable deps ti=<TaskInstance: motower_daily_prod.extract_congestion scheduled__2024-04-09T06:00:00+00:00 [queued]>
[2024-08-06T17:09:53.118+0000] {taskinstance.py:2306} INFO - Starting attempt 1 of 1
[2024-08-06T17:09:53.173+0000] {taskinstance.py:2330} INFO - Executing <Task(PythonOperator): extract_congestion> on 2024-04-09 06:00:00+00:00
[2024-08-06T17:09:53.193+0000] {warnings.py:112} WARNING - /home/***/.local/lib/python3.12/site-packages/***/task/task_runner/standard_task_runner.py:62: DeprecationWarning: This process (pid=3843) is multi-threaded, use of fork() may lead to deadlocks in the child.
  pid = os.fork()

[2024-08-06T17:09:53.196+0000] {standard_task_runner.py:90} INFO - Running: ['***', 'tasks', 'run', 'motower_daily_prod', 'extract_congestion', 'scheduled__2024-04-09T06:00:00+00:00', '--job-id', '940', '--raw', '--subdir', 'DAGS_FOLDER/gps/custom_dags/motower_daily.py', '--cfg-path', '/tmp/tmpzni2wjo4']
[2024-08-06T17:09:53.202+0000] {standard_task_runner.py:91} INFO - Job 940: Subtask extract_congestion
[2024-08-06T17:09:53.201+0000] {standard_task_runner.py:64} INFO - Started process 3862 to run task
[2024-08-06T17:09:53.367+0000] {task_command.py:426} INFO - Running <TaskInstance: motower_daily_prod.extract_congestion scheduled__2024-04-09T06:00:00+00:00 [running]> on host 13681191f11c
[2024-08-06T17:09:53.705+0000] {taskinstance.py:2648} INFO - Exporting env vars: AIRFLOW_CTX_DAG_EMAIL='richmond.kongo@orange.com,assane.diop@orange.com,cyrille1.danho@orange.com,mohamed2.sylla@orange.com,amadou.diomande@orange.com,Jonas.kouame@orange.com,armand.kablan@orange.com,anicet.azombade@orange.com,etienne.kouadio@orange.com,bertine.kouakou@orange.com,florentine.kouakou@orange.com,ange.phaceli@orange.com,soulegame.soro@orange.com,innocent.yengo@orange.com' AIRFLOW_CTX_DAG_OWNER='***' AIRFLOW_CTX_DAG_ID='motower_daily_prod' AIRFLOW_CTX_TASK_ID='extract_congestion' AIRFLOW_CTX_EXECUTION_DATE='2024-04-09T06:00:00+00:00' AIRFLOW_CTX_TRY_NUMBER='1' AIRFLOW_CTX_DAG_RUN_ID='scheduled__2024-04-09T06:00:00+00:00'
[2024-08-06T17:09:53.711+0000] {taskinstance.py:430} INFO - ::endgroup::
[2024-08-06T17:09:53.781+0000] {extract.py:126} INFO - Getting data of the table ks_hebdo_tdb_radio_drsi 
[2024-08-06T17:09:53.783+0000] {extract.py:127} INFO - where date is 2024-04-08
[2024-08-06T17:09:53.784+0000] {extract.py:98} INFO - get data to date 15 and year 2024
[2024-08-06T17:09:53.804+0000] {warnings.py:112} WARNING - /opt/***/dags/gps/common/extract.py:99: UserWarning: pandas only supports SQLAlchemy connectable (engine/connection) or database string URI or sqlite3 DBAPI2 connection. Other DBAPI2 objects are not tested. Please consider using SQLAlchemy.
  df_ = pd.read_sql_query(sql_query, conn, params=params)

[2024-08-06T17:09:54.189+0000] {rwminio.py:19} INFO - start to save data
[2024-08-06T17:09:54.528+0000] {rwminio.py:34} INFO - data in minio ok
[2024-08-06T17:09:54.537+0000] {python.py:237} INFO - Done. Returned value was: None
[2024-08-06T17:09:54.538+0000] {taskinstance.py:441} INFO - ::group::Post task execution logs
[2024-08-06T17:09:54.554+0000] {taskinstance.py:1206} INFO - Marking task as SUCCESS. dag_id=motower_daily_prod, task_id=extract_congestion, run_id=scheduled__2024-04-09T06:00:00+00:00, execution_date=20240409T060000, start_date=20240806T170953, end_date=20240806T170954
[2024-08-06T17:09:54.895+0000] {local_task_job_runner.py:243} INFO - Task exited with return code 0
[2024-08-06T17:09:54.950+0000] {taskinstance.py:3503} INFO - 1 downstream tasks scheduled from follow-on schedule check
[2024-08-06T17:09:54.958+0000] {local_task_job_runner.py:222} INFO - ::endgroup::
[2024-08-06T17:40:11.973+0000] {local_task_job_runner.py:120} INFO - ::group::Pre task execution logs
[2024-08-06T17:40:12.439+0000] {taskinstance.py:2076} INFO - Dependencies all met for dep_context=non-requeueable deps ti=<TaskInstance: motower_daily_prod.extract_congestion scheduled__2024-04-09T06:00:00+00:00 [queued]>
[2024-08-06T17:40:12.485+0000] {taskinstance.py:2076} INFO - Dependencies all met for dep_context=requeueable deps ti=<TaskInstance: motower_daily_prod.extract_congestion scheduled__2024-04-09T06:00:00+00:00 [queued]>
[2024-08-06T17:40:12.486+0000] {taskinstance.py:2306} INFO - Starting attempt 1 of 1
[2024-08-06T17:40:12.526+0000] {taskinstance.py:2330} INFO - Executing <Task(PythonOperator): extract_congestion> on 2024-04-09 06:00:00+00:00
[2024-08-06T17:40:12.548+0000] {warnings.py:112} WARNING - /home/***/.local/lib/python3.12/site-packages/***/task/task_runner/standard_task_runner.py:62: DeprecationWarning: This process (pid=7978) is multi-threaded, use of fork() may lead to deadlocks in the child.
  pid = os.fork()

[2024-08-06T17:40:12.550+0000] {standard_task_runner.py:64} INFO - Started process 7987 to run task
[2024-08-06T17:40:12.572+0000] {standard_task_runner.py:90} INFO - Running: ['***', 'tasks', 'run', 'motower_daily_prod', 'extract_congestion', 'scheduled__2024-04-09T06:00:00+00:00', '--job-id', '2198', '--raw', '--subdir', 'DAGS_FOLDER/gps/custom_dags/motower_daily.py', '--cfg-path', '/tmp/tmprq1pjx41']
[2024-08-06T17:40:12.583+0000] {standard_task_runner.py:91} INFO - Job 2198: Subtask extract_congestion
[2024-08-06T17:40:12.685+0000] {task_command.py:426} INFO - Running <TaskInstance: motower_daily_prod.extract_congestion scheduled__2024-04-09T06:00:00+00:00 [running]> on host 13681191f11c
[2024-08-06T17:40:12.929+0000] {taskinstance.py:2648} INFO - Exporting env vars: AIRFLOW_CTX_DAG_EMAIL='richmond.kongo@orange.com,assane.diop@orange.com,cyrille1.danho@orange.com,mohamed2.sylla@orange.com,amadou.diomande@orange.com,Jonas.kouame@orange.com,armand.kablan@orange.com,anicet.azombade@orange.com,etienne.kouadio@orange.com,bertine.kouakou@orange.com,florentine.kouakou@orange.com,ange.phaceli@orange.com,soulegame.soro@orange.com,innocent.yengo@orange.com' AIRFLOW_CTX_DAG_OWNER='***' AIRFLOW_CTX_DAG_ID='motower_daily_prod' AIRFLOW_CTX_TASK_ID='extract_congestion' AIRFLOW_CTX_EXECUTION_DATE='2024-04-09T06:00:00+00:00' AIRFLOW_CTX_TRY_NUMBER='1' AIRFLOW_CTX_DAG_RUN_ID='scheduled__2024-04-09T06:00:00+00:00'
[2024-08-06T17:40:12.931+0000] {taskinstance.py:430} INFO - ::endgroup::
[2024-08-06T17:40:12.973+0000] {extract.py:126} INFO - Getting data of the table ks_hebdo_tdb_radio_drsi 
[2024-08-06T17:40:12.974+0000] {extract.py:127} INFO - where date is 2024-04-08
[2024-08-06T17:40:12.975+0000] {extract.py:98} INFO - get data to date 15 and year 2024
[2024-08-06T17:40:12.988+0000] {warnings.py:112} WARNING - /opt/***/dags/gps/common/extract.py:99: UserWarning: pandas only supports SQLAlchemy connectable (engine/connection) or database string URI or sqlite3 DBAPI2 connection. Other DBAPI2 objects are not tested. Please consider using SQLAlchemy.
  df_ = pd.read_sql_query(sql_query, conn, params=params)

[2024-08-06T17:40:13.264+0000] {rwminio.py:19} INFO - start to save data
[2024-08-06T17:40:13.454+0000] {rwminio.py:34} INFO - data in minio ok
[2024-08-06T17:40:13.462+0000] {python.py:237} INFO - Done. Returned value was: None
[2024-08-06T17:40:13.464+0000] {taskinstance.py:441} INFO - ::group::Post task execution logs
[2024-08-06T17:40:13.489+0000] {taskinstance.py:1206} INFO - Marking task as SUCCESS. dag_id=motower_daily_prod, task_id=extract_congestion, run_id=scheduled__2024-04-09T06:00:00+00:00, execution_date=20240409T060000, start_date=20240806T174012, end_date=20240806T174013
[2024-08-06T17:40:13.581+0000] {local_task_job_runner.py:243} INFO - Task exited with return code 0
[2024-08-06T17:40:13.637+0000] {taskinstance.py:3503} INFO - 1 downstream tasks scheduled from follow-on schedule check
[2024-08-06T17:40:13.641+0000] {local_task_job_runner.py:222} INFO - ::endgroup::
