[2024-08-06T17:12:49.853+0000] {local_task_job_runner.py:120} INFO - ::group::Pre task execution logs
[2024-08-06T17:12:49.909+0000] {taskinstance.py:2076} INFO - Dependencies all met for dep_context=non-requeueable deps ti=<TaskInstance: motower_daily_prod.extracta scheduled__2024-05-03T06:00:00+00:00 [queued]>
[2024-08-06T17:12:49.931+0000] {taskinstance.py:2076} INFO - Dependencies all met for dep_context=requeueable deps ti=<TaskInstance: motower_daily_prod.extracta scheduled__2024-05-03T06:00:00+00:00 [queued]>
[2024-08-06T17:12:49.931+0000] {taskinstance.py:2306} INFO - Starting attempt 1 of 1
[2024-08-06T17:12:49.952+0000] {taskinstance.py:2330} INFO - Executing <Task(PythonOperator): extracta> on 2024-05-03 06:00:00+00:00
[2024-08-06T17:12:49.964+0000] {warnings.py:112} WARNING - /home/***/.local/lib/python3.12/site-packages/***/task/task_runner/standard_task_runner.py:62: DeprecationWarning: This process (pid=4497) is multi-threaded, use of fork() may lead to deadlocks in the child.
  pid = os.fork()

[2024-08-06T17:12:49.966+0000] {standard_task_runner.py:64} INFO - Started process 4503 to run task
[2024-08-06T17:12:49.967+0000] {standard_task_runner.py:90} INFO - Running: ['***', 'tasks', 'run', 'motower_daily_prod', 'extracta', 'scheduled__2024-05-03T06:00:00+00:00', '--job-id', '1143', '--raw', '--subdir', 'DAGS_FOLDER/gps/custom_dags/motower_daily.py', '--cfg-path', '/tmp/tmpnb5hf6iw']
[2024-08-06T17:12:49.970+0000] {standard_task_runner.py:91} INFO - Job 1143: Subtask extracta
[2024-08-06T17:12:50.034+0000] {task_command.py:426} INFO - Running <TaskInstance: motower_daily_prod.extracta scheduled__2024-05-03T06:00:00+00:00 [running]> on host 13681191f11c
[2024-08-06T17:12:50.189+0000] {taskinstance.py:2648} INFO - Exporting env vars: AIRFLOW_CTX_DAG_EMAIL='richmond.kongo@orange.com,assane.diop@orange.com,cyrille1.danho@orange.com,mohamed2.sylla@orange.com,amadou.diomande@orange.com,Jonas.kouame@orange.com,armand.kablan@orange.com,anicet.azombade@orange.com,etienne.kouadio@orange.com,bertine.kouakou@orange.com,florentine.kouakou@orange.com,ange.phaceli@orange.com,soulegame.soro@orange.com,innocent.yengo@orange.com' AIRFLOW_CTX_DAG_OWNER='***' AIRFLOW_CTX_DAG_ID='motower_daily_prod' AIRFLOW_CTX_TASK_ID='extracta' AIRFLOW_CTX_EXECUTION_DATE='2024-05-03T06:00:00+00:00' AIRFLOW_CTX_TRY_NUMBER='1' AIRFLOW_CTX_DAG_RUN_ID='scheduled__2024-05-03T06:00:00+00:00'
[2024-08-06T17:12:50.191+0000] {taskinstance.py:430} INFO - ::endgroup::
[2024-08-06T17:12:50.220+0000] {extract.py:126} INFO - Getting data of the table dtm_motower_gsm 
[2024-08-06T17:12:50.220+0000] {extract.py:127} INFO - where date is 2024-05-02
[2024-08-06T17:12:50.221+0000] {extract.py:102} INFO - get data to date 20240502
[2024-08-06T17:12:50.230+0000] {warnings.py:112} WARNING - /opt/***/dags/gps/common/extract.py:103: UserWarning: pandas only supports SQLAlchemy connectable (engine/connection) or database string URI or sqlite3 DBAPI2 connection. Other DBAPI2 objects are not tested. Please consider using SQLAlchemy.
  df_ = pd.read_sql_query(sql_query, conn, params=params)

[2024-08-06T17:12:50.325+0000] {rwminio.py:19} INFO - start to save data
[2024-08-06T17:12:50.399+0000] {rwminio.py:34} INFO - data in minio ok
[2024-08-06T17:12:50.400+0000] {python.py:237} INFO - Done. Returned value was: None
[2024-08-06T17:12:50.400+0000] {taskinstance.py:441} INFO - ::group::Post task execution logs
[2024-08-06T17:12:50.414+0000] {taskinstance.py:1206} INFO - Marking task as SUCCESS. dag_id=motower_daily_prod, task_id=extracta, run_id=scheduled__2024-05-03T06:00:00+00:00, execution_date=20240503T060000, start_date=20240806T171249, end_date=20240806T171250
[2024-08-06T17:12:50.461+0000] {local_task_job_runner.py:243} INFO - Task exited with return code 0
[2024-08-06T17:12:50.475+0000] {local_task_job_runner.py:222} INFO - ::endgroup::
[2024-08-06T17:43:27.956+0000] {local_task_job_runner.py:120} INFO - ::group::Pre task execution logs
[2024-08-06T17:43:28.025+0000] {taskinstance.py:2076} INFO - Dependencies all met for dep_context=non-requeueable deps ti=<TaskInstance: motower_daily_prod.extracta scheduled__2024-05-03T06:00:00+00:00 [queued]>
[2024-08-06T17:43:28.044+0000] {taskinstance.py:2076} INFO - Dependencies all met for dep_context=requeueable deps ti=<TaskInstance: motower_daily_prod.extracta scheduled__2024-05-03T06:00:00+00:00 [queued]>
[2024-08-06T17:43:28.044+0000] {taskinstance.py:2306} INFO - Starting attempt 1 of 1
[2024-08-06T17:43:28.068+0000] {taskinstance.py:2330} INFO - Executing <Task(PythonOperator): extracta> on 2024-05-03 06:00:00+00:00
[2024-08-06T17:43:28.083+0000] {warnings.py:112} WARNING - /home/***/.local/lib/python3.12/site-packages/***/task/task_runner/standard_task_runner.py:62: DeprecationWarning: This process (pid=8635) is multi-threaded, use of fork() may lead to deadlocks in the child.
  pid = os.fork()

[2024-08-06T17:43:28.085+0000] {standard_task_runner.py:64} INFO - Started process 8643 to run task
[2024-08-06T17:43:28.084+0000] {standard_task_runner.py:90} INFO - Running: ['***', 'tasks', 'run', 'motower_daily_prod', 'extracta', 'scheduled__2024-05-03T06:00:00+00:00', '--job-id', '2404', '--raw', '--subdir', 'DAGS_FOLDER/gps/custom_dags/motower_daily.py', '--cfg-path', '/tmp/tmpk897_sxs']
[2024-08-06T17:43:28.087+0000] {standard_task_runner.py:91} INFO - Job 2404: Subtask extracta
[2024-08-06T17:43:28.152+0000] {task_command.py:426} INFO - Running <TaskInstance: motower_daily_prod.extracta scheduled__2024-05-03T06:00:00+00:00 [running]> on host 13681191f11c
[2024-08-06T17:43:28.329+0000] {taskinstance.py:2648} INFO - Exporting env vars: AIRFLOW_CTX_DAG_EMAIL='richmond.kongo@orange.com,assane.diop@orange.com,cyrille1.danho@orange.com,mohamed2.sylla@orange.com,amadou.diomande@orange.com,Jonas.kouame@orange.com,armand.kablan@orange.com,anicet.azombade@orange.com,etienne.kouadio@orange.com,bertine.kouakou@orange.com,florentine.kouakou@orange.com,ange.phaceli@orange.com,soulegame.soro@orange.com,innocent.yengo@orange.com' AIRFLOW_CTX_DAG_OWNER='***' AIRFLOW_CTX_DAG_ID='motower_daily_prod' AIRFLOW_CTX_TASK_ID='extracta' AIRFLOW_CTX_EXECUTION_DATE='2024-05-03T06:00:00+00:00' AIRFLOW_CTX_TRY_NUMBER='1' AIRFLOW_CTX_DAG_RUN_ID='scheduled__2024-05-03T06:00:00+00:00'
[2024-08-06T17:43:28.330+0000] {taskinstance.py:430} INFO - ::endgroup::
[2024-08-06T17:43:28.354+0000] {extract.py:126} INFO - Getting data of the table dtm_motower_gsm 
[2024-08-06T17:43:28.354+0000] {extract.py:127} INFO - where date is 2024-05-02
[2024-08-06T17:43:28.355+0000] {extract.py:102} INFO - get data to date 20240502
[2024-08-06T17:43:28.365+0000] {warnings.py:112} WARNING - /opt/***/dags/gps/common/extract.py:103: UserWarning: pandas only supports SQLAlchemy connectable (engine/connection) or database string URI or sqlite3 DBAPI2 connection. Other DBAPI2 objects are not tested. Please consider using SQLAlchemy.
  df_ = pd.read_sql_query(sql_query, conn, params=params)

[2024-08-06T17:43:28.481+0000] {rwminio.py:19} INFO - start to save data
[2024-08-06T17:43:28.587+0000] {rwminio.py:34} INFO - data in minio ok
[2024-08-06T17:43:28.588+0000] {python.py:237} INFO - Done. Returned value was: None
[2024-08-06T17:43:28.588+0000] {taskinstance.py:441} INFO - ::group::Post task execution logs
[2024-08-06T17:43:28.605+0000] {taskinstance.py:1206} INFO - Marking task as SUCCESS. dag_id=motower_daily_prod, task_id=extracta, run_id=scheduled__2024-05-03T06:00:00+00:00, execution_date=20240503T060000, start_date=20240806T174328, end_date=20240806T174328
[2024-08-06T17:43:29.105+0000] {local_task_job_runner.py:243} INFO - Task exited with return code 0
[2024-08-06T17:43:29.159+0000] {taskinstance.py:3503} INFO - 0 downstream tasks scheduled from follow-on schedule check
[2024-08-06T17:43:29.164+0000] {local_task_job_runner.py:222} INFO - ::endgroup::
