[2024-08-06T16:53:36.628+0000] {local_task_job_runner.py:120} INFO - ::group::Pre task execution logs
[2024-08-06T16:53:37.183+0000] {taskinstance.py:2076} INFO - Dependencies all met for dep_context=non-requeueable deps ti=<TaskInstance: motower_daily_prod.extract_trafic scheduled__2024-01-03T06:00:00+00:00 [queued]>
[2024-08-06T16:53:37.214+0000] {taskinstance.py:2076} INFO - Dependencies all met for dep_context=requeueable deps ti=<TaskInstance: motower_daily_prod.extract_trafic scheduled__2024-01-03T06:00:00+00:00 [queued]>
[2024-08-06T16:53:37.215+0000] {taskinstance.py:2306} INFO - Starting attempt 1 of 1
[2024-08-06T16:53:37.255+0000] {taskinstance.py:2330} INFO - Executing <Task(PythonOperator): extract_trafic> on 2024-01-03 06:00:00+00:00
[2024-08-06T16:53:37.275+0000] {warnings.py:112} WARNING - /home/***/.local/lib/python3.12/site-packages/***/task/task_runner/standard_task_runner.py:62: DeprecationWarning: This process (pid=898) is multi-threaded, use of fork() may lead to deadlocks in the child.
  pid = os.fork()

[2024-08-06T16:53:37.278+0000] {standard_task_runner.py:64} INFO - Started process 918 to run task
[2024-08-06T16:53:37.296+0000] {standard_task_runner.py:90} INFO - Running: ['***', 'tasks', 'run', 'motower_daily_prod', 'extract_trafic', 'scheduled__2024-01-03T06:00:00+00:00', '--job-id', '20', '--raw', '--subdir', 'DAGS_FOLDER/gps/custom_dags/motower_daily.py', '--cfg-path', '/tmp/tmprum4vwc9']
[2024-08-06T16:53:37.301+0000] {standard_task_runner.py:91} INFO - Job 20: Subtask extract_trafic
[2024-08-06T16:53:37.476+0000] {task_command.py:426} INFO - Running <TaskInstance: motower_daily_prod.extract_trafic scheduled__2024-01-03T06:00:00+00:00 [running]> on host 13681191f11c
[2024-08-06T16:53:37.823+0000] {taskinstance.py:2648} INFO - Exporting env vars: AIRFLOW_CTX_DAG_EMAIL='richmond.kongo@orange.com,assane.diop@orange.com,cyrille1.danho@orange.com,mohamed2.sylla@orange.com,amadou.diomande@orange.com,Jonas.kouame@orange.com,armand.kablan@orange.com,anicet.azombade@orange.com,etienne.kouadio@orange.com,bertine.kouakou@orange.com,florentine.kouakou@orange.com,ange.phaceli@orange.com,soulegame.soro@orange.com,innocent.yengo@orange.com' AIRFLOW_CTX_DAG_OWNER='***' AIRFLOW_CTX_DAG_ID='motower_daily_prod' AIRFLOW_CTX_TASK_ID='extract_trafic' AIRFLOW_CTX_EXECUTION_DATE='2024-01-03T06:00:00+00:00' AIRFLOW_CTX_TRY_NUMBER='1' AIRFLOW_CTX_DAG_RUN_ID='scheduled__2024-01-03T06:00:00+00:00'
[2024-08-06T16:53:37.825+0000] {taskinstance.py:430} INFO - ::endgroup::
[2024-08-06T16:53:37.916+0000] {extract.py:126} INFO - Getting data of the table ks_daily_tdb_radio_drsi 
[2024-08-06T16:53:37.917+0000] {extract.py:127} INFO - where date is 2024-01-02
[2024-08-06T16:53:37.917+0000] {extract.py:102} INFO - get data to date 2024-01-02
[2024-08-06T16:53:37.934+0000] {warnings.py:112} WARNING - /opt/***/dags/gps/common/extract.py:103: UserWarning: pandas only supports SQLAlchemy connectable (engine/connection) or database string URI or sqlite3 DBAPI2 connection. Other DBAPI2 objects are not tested. Please consider using SQLAlchemy.
  df_ = pd.read_sql_query(sql_query, conn, params=params)

[2024-08-06T16:53:38.453+0000] {rwminio.py:19} INFO - start to save data
[2024-08-06T16:53:38.751+0000] {rwminio.py:34} INFO - data in minio ok
[2024-08-06T16:53:38.758+0000] {python.py:237} INFO - Done. Returned value was: None
[2024-08-06T16:53:38.759+0000] {taskinstance.py:441} INFO - ::group::Post task execution logs
[2024-08-06T16:53:38.801+0000] {taskinstance.py:1206} INFO - Marking task as SUCCESS. dag_id=motower_daily_prod, task_id=extract_trafic, run_id=scheduled__2024-01-03T06:00:00+00:00, execution_date=20240103T060000, start_date=20240806T165337, end_date=20240806T165338
[2024-08-06T16:53:38.880+0000] {local_task_job_runner.py:243} INFO - Task exited with return code 0
[2024-08-06T16:53:38.920+0000] {local_task_job_runner.py:222} INFO - ::endgroup::
[2024-08-06T16:56:33.009+0000] {local_task_job_runner.py:120} INFO - ::group::Pre task execution logs
[2024-08-06T16:56:33.440+0000] {taskinstance.py:2076} INFO - Dependencies all met for dep_context=non-requeueable deps ti=<TaskInstance: motower_daily_prod.extract_trafic scheduled__2024-01-03T06:00:00+00:00 [queued]>
[2024-08-06T16:56:33.480+0000] {taskinstance.py:2076} INFO - Dependencies all met for dep_context=requeueable deps ti=<TaskInstance: motower_daily_prod.extract_trafic scheduled__2024-01-03T06:00:00+00:00 [queued]>
[2024-08-06T16:56:33.481+0000] {taskinstance.py:2306} INFO - Starting attempt 1 of 1
[2024-08-06T16:56:34.618+0000] {taskinstance.py:2330} INFO - Executing <Task(PythonOperator): extract_trafic> on 2024-01-03 06:00:00+00:00
[2024-08-06T16:56:34.641+0000] {warnings.py:112} WARNING - /home/***/.local/lib/python3.12/site-packages/***/task/task_runner/standard_task_runner.py:62: DeprecationWarning: This process (pid=1091) is multi-threaded, use of fork() may lead to deadlocks in the child.
  pid = os.fork()

[2024-08-06T16:56:34.644+0000] {standard_task_runner.py:64} INFO - Started process 1108 to run task
[2024-08-06T16:56:34.656+0000] {standard_task_runner.py:90} INFO - Running: ['***', 'tasks', 'run', 'motower_daily_prod', 'extract_trafic', 'scheduled__2024-01-03T06:00:00+00:00', '--job-id', '65', '--raw', '--subdir', 'DAGS_FOLDER/gps/custom_dags/motower_daily.py', '--cfg-path', '/tmp/tmpxg9uorbt']
[2024-08-06T16:56:34.668+0000] {standard_task_runner.py:91} INFO - Job 65: Subtask extract_trafic
[2024-08-06T16:56:34.959+0000] {task_command.py:426} INFO - Running <TaskInstance: motower_daily_prod.extract_trafic scheduled__2024-01-03T06:00:00+00:00 [running]> on host 13681191f11c
[2024-08-06T16:56:35.221+0000] {taskinstance.py:2648} INFO - Exporting env vars: AIRFLOW_CTX_DAG_EMAIL='richmond.kongo@orange.com,assane.diop@orange.com,cyrille1.danho@orange.com,mohamed2.sylla@orange.com,amadou.diomande@orange.com,Jonas.kouame@orange.com,armand.kablan@orange.com,anicet.azombade@orange.com,etienne.kouadio@orange.com,bertine.kouakou@orange.com,florentine.kouakou@orange.com,ange.phaceli@orange.com,soulegame.soro@orange.com,innocent.yengo@orange.com' AIRFLOW_CTX_DAG_OWNER='***' AIRFLOW_CTX_DAG_ID='motower_daily_prod' AIRFLOW_CTX_TASK_ID='extract_trafic' AIRFLOW_CTX_EXECUTION_DATE='2024-01-03T06:00:00+00:00' AIRFLOW_CTX_TRY_NUMBER='1' AIRFLOW_CTX_DAG_RUN_ID='scheduled__2024-01-03T06:00:00+00:00'
[2024-08-06T16:56:35.223+0000] {taskinstance.py:430} INFO - ::endgroup::
[2024-08-06T16:56:35.363+0000] {extract.py:126} INFO - Getting data of the table ks_daily_tdb_radio_drsi 
[2024-08-06T16:56:35.363+0000] {extract.py:127} INFO - where date is 2024-01-02
[2024-08-06T16:56:35.364+0000] {extract.py:102} INFO - get data to date 2024-01-02
[2024-08-06T16:56:35.404+0000] {warnings.py:112} WARNING - /opt/***/dags/gps/common/extract.py:103: UserWarning: pandas only supports SQLAlchemy connectable (engine/connection) or database string URI or sqlite3 DBAPI2 connection. Other DBAPI2 objects are not tested. Please consider using SQLAlchemy.
  df_ = pd.read_sql_query(sql_query, conn, params=params)

[2024-08-06T16:56:36.278+0000] {rwminio.py:19} INFO - start to save data
[2024-08-06T16:56:36.528+0000] {rwminio.py:34} INFO - data in minio ok
[2024-08-06T16:56:36.535+0000] {python.py:237} INFO - Done. Returned value was: None
[2024-08-06T16:56:36.536+0000] {taskinstance.py:441} INFO - ::group::Post task execution logs
[2024-08-06T16:56:36.551+0000] {taskinstance.py:1206} INFO - Marking task as SUCCESS. dag_id=motower_daily_prod, task_id=extract_trafic, run_id=scheduled__2024-01-03T06:00:00+00:00, execution_date=20240103T060000, start_date=20240806T165633, end_date=20240806T165636
[2024-08-06T16:56:36.942+0000] {local_task_job_runner.py:243} INFO - Task exited with return code 0
[2024-08-06T16:56:36.957+0000] {local_task_job_runner.py:222} INFO - ::endgroup::
[2024-08-06T17:27:00.254+0000] {local_task_job_runner.py:120} INFO - ::group::Pre task execution logs
[2024-08-06T17:27:00.673+0000] {taskinstance.py:2076} INFO - Dependencies all met for dep_context=non-requeueable deps ti=<TaskInstance: motower_daily_prod.extract_trafic scheduled__2024-01-03T06:00:00+00:00 [queued]>
[2024-08-06T17:27:00.711+0000] {taskinstance.py:2076} INFO - Dependencies all met for dep_context=requeueable deps ti=<TaskInstance: motower_daily_prod.extract_trafic scheduled__2024-01-03T06:00:00+00:00 [queued]>
[2024-08-06T17:27:00.712+0000] {taskinstance.py:2306} INFO - Starting attempt 1 of 1
[2024-08-06T17:27:00.764+0000] {taskinstance.py:2330} INFO - Executing <Task(PythonOperator): extract_trafic> on 2024-01-03 06:00:00+00:00
[2024-08-06T17:27:00.787+0000] {warnings.py:112} WARNING - /home/***/.local/lib/python3.12/site-packages/***/task/task_runner/standard_task_runner.py:62: DeprecationWarning: This process (pid=5236) is multi-threaded, use of fork() may lead to deadlocks in the child.
  pid = os.fork()

[2024-08-06T17:27:00.790+0000] {standard_task_runner.py:64} INFO - Started process 5256 to run task
[2024-08-06T17:27:00.794+0000] {standard_task_runner.py:90} INFO - Running: ['***', 'tasks', 'run', 'motower_daily_prod', 'extract_trafic', 'scheduled__2024-01-03T06:00:00+00:00', '--job-id', '1332', '--raw', '--subdir', 'DAGS_FOLDER/gps/custom_dags/motower_daily.py', '--cfg-path', '/tmp/tmp6mlp26f4']
[2024-08-06T17:27:00.798+0000] {standard_task_runner.py:91} INFO - Job 1332: Subtask extract_trafic
[2024-08-06T17:27:00.913+0000] {task_command.py:426} INFO - Running <TaskInstance: motower_daily_prod.extract_trafic scheduled__2024-01-03T06:00:00+00:00 [running]> on host 13681191f11c
[2024-08-06T17:27:01.127+0000] {taskinstance.py:2648} INFO - Exporting env vars: AIRFLOW_CTX_DAG_EMAIL='richmond.kongo@orange.com,assane.diop@orange.com,cyrille1.danho@orange.com,mohamed2.sylla@orange.com,amadou.diomande@orange.com,Jonas.kouame@orange.com,armand.kablan@orange.com,anicet.azombade@orange.com,etienne.kouadio@orange.com,bertine.kouakou@orange.com,florentine.kouakou@orange.com,ange.phaceli@orange.com,soulegame.soro@orange.com,innocent.yengo@orange.com' AIRFLOW_CTX_DAG_OWNER='***' AIRFLOW_CTX_DAG_ID='motower_daily_prod' AIRFLOW_CTX_TASK_ID='extract_trafic' AIRFLOW_CTX_EXECUTION_DATE='2024-01-03T06:00:00+00:00' AIRFLOW_CTX_TRY_NUMBER='1' AIRFLOW_CTX_DAG_RUN_ID='scheduled__2024-01-03T06:00:00+00:00'
[2024-08-06T17:27:01.130+0000] {taskinstance.py:430} INFO - ::endgroup::
[2024-08-06T17:27:01.168+0000] {extract.py:126} INFO - Getting data of the table ks_daily_tdb_radio_drsi 
[2024-08-06T17:27:01.168+0000] {extract.py:127} INFO - where date is 2024-01-02
[2024-08-06T17:27:01.169+0000] {extract.py:102} INFO - get data to date 2024-01-02
[2024-08-06T17:27:01.183+0000] {warnings.py:112} WARNING - /opt/***/dags/gps/common/extract.py:103: UserWarning: pandas only supports SQLAlchemy connectable (engine/connection) or database string URI or sqlite3 DBAPI2 connection. Other DBAPI2 objects are not tested. Please consider using SQLAlchemy.
  df_ = pd.read_sql_query(sql_query, conn, params=params)

[2024-08-06T17:27:01.579+0000] {rwminio.py:19} INFO - start to save data
[2024-08-06T17:27:01.851+0000] {rwminio.py:34} INFO - data in minio ok
[2024-08-06T17:27:01.859+0000] {python.py:237} INFO - Done. Returned value was: None
[2024-08-06T17:27:01.861+0000] {taskinstance.py:441} INFO - ::group::Post task execution logs
[2024-08-06T17:27:01.882+0000] {taskinstance.py:1206} INFO - Marking task as SUCCESS. dag_id=motower_daily_prod, task_id=extract_trafic, run_id=scheduled__2024-01-03T06:00:00+00:00, execution_date=20240103T060000, start_date=20240806T172700, end_date=20240806T172701
[2024-08-06T17:27:01.947+0000] {local_task_job_runner.py:243} INFO - Task exited with return code 0
[2024-08-06T17:27:01.976+0000] {local_task_job_runner.py:222} INFO - ::endgroup::
[2024-08-06T18:14:39.898+0000] {local_task_job_runner.py:120} INFO - ::group::Pre task execution logs
[2024-08-06T18:14:39.998+0000] {taskinstance.py:2076} INFO - Dependencies all met for dep_context=non-requeueable deps ti=<TaskInstance: motower_daily_prod.extract_trafic scheduled__2024-01-03T06:00:00+00:00 [queued]>
[2024-08-06T18:14:40.028+0000] {taskinstance.py:2076} INFO - Dependencies all met for dep_context=requeueable deps ti=<TaskInstance: motower_daily_prod.extract_trafic scheduled__2024-01-03T06:00:00+00:00 [queued]>
[2024-08-06T18:14:40.029+0000] {taskinstance.py:2306} INFO - Starting attempt 1 of 1
[2024-08-06T18:14:40.061+0000] {taskinstance.py:2330} INFO - Executing <Task(PythonOperator): extract_trafic> on 2024-01-03 06:00:00+00:00
[2024-08-06T18:14:40.081+0000] {warnings.py:112} WARNING - /home/***/.local/lib/python3.12/site-packages/***/task/task_runner/standard_task_runner.py:62: DeprecationWarning: This process (pid=9106) is multi-threaded, use of fork() may lead to deadlocks in the child.
  pid = os.fork()

[2024-08-06T18:14:40.084+0000] {standard_task_runner.py:64} INFO - Started process 9122 to run task
[2024-08-06T18:14:40.100+0000] {standard_task_runner.py:90} INFO - Running: ['***', 'tasks', 'run', 'motower_daily_prod', 'extract_trafic', 'scheduled__2024-01-03T06:00:00+00:00', '--job-id', '2429', '--raw', '--subdir', 'DAGS_FOLDER/gps/custom_dags/motower_daily.py', '--cfg-path', '/tmp/tmp17sonzqt']
[2024-08-06T18:14:40.106+0000] {standard_task_runner.py:91} INFO - Job 2429: Subtask extract_trafic
[2024-08-06T18:14:40.276+0000] {task_command.py:426} INFO - Running <TaskInstance: motower_daily_prod.extract_trafic scheduled__2024-01-03T06:00:00+00:00 [running]> on host 13681191f11c
[2024-08-06T18:14:40.578+0000] {taskinstance.py:2648} INFO - Exporting env vars: AIRFLOW_CTX_DAG_EMAIL='richmond.kongo@orange.com,assane.diop@orange.com,cyrille1.danho@orange.com,mohamed2.sylla@orange.com,amadou.diomande@orange.com,Jonas.kouame@orange.com,armand.kablan@orange.com,anicet.azombade@orange.com,etienne.kouadio@orange.com,bertine.kouakou@orange.com,florentine.kouakou@orange.com,ange.phaceli@orange.com,soulegame.soro@orange.com,innocent.yengo@orange.com' AIRFLOW_CTX_DAG_OWNER='***' AIRFLOW_CTX_DAG_ID='motower_daily_prod' AIRFLOW_CTX_TASK_ID='extract_trafic' AIRFLOW_CTX_EXECUTION_DATE='2024-01-03T06:00:00+00:00' AIRFLOW_CTX_TRY_NUMBER='1' AIRFLOW_CTX_DAG_RUN_ID='scheduled__2024-01-03T06:00:00+00:00'
[2024-08-06T18:14:40.581+0000] {taskinstance.py:430} INFO - ::endgroup::
[2024-08-06T18:14:40.635+0000] {extract.py:126} INFO - Getting data of the table ks_daily_tdb_radio_drsi 
[2024-08-06T18:14:40.636+0000] {extract.py:127} INFO - where date is 2024-01-02
[2024-08-06T18:14:40.637+0000] {extract.py:102} INFO - get data to date 2024-01-02
[2024-08-06T18:14:40.657+0000] {warnings.py:112} WARNING - /opt/***/dags/gps/common/extract.py:103: UserWarning: pandas only supports SQLAlchemy connectable (engine/connection) or database string URI or sqlite3 DBAPI2 connection. Other DBAPI2 objects are not tested. Please consider using SQLAlchemy.
  df_ = pd.read_sql_query(sql_query, conn, params=params)

[2024-08-06T18:14:42.009+0000] {rwminio.py:19} INFO - start to save data
[2024-08-06T18:14:42.239+0000] {rwminio.py:34} INFO - data in minio ok
[2024-08-06T18:14:42.248+0000] {python.py:237} INFO - Done. Returned value was: None
[2024-08-06T18:14:42.250+0000] {taskinstance.py:441} INFO - ::group::Post task execution logs
[2024-08-06T18:14:42.272+0000] {taskinstance.py:1206} INFO - Marking task as SUCCESS. dag_id=motower_daily_prod, task_id=extract_trafic, run_id=scheduled__2024-01-03T06:00:00+00:00, execution_date=20240103T060000, start_date=20240806T181439, end_date=20240806T181442
[2024-08-06T18:14:42.363+0000] {local_task_job_runner.py:243} INFO - Task exited with return code 0
[2024-08-06T18:14:42.392+0000] {local_task_job_runner.py:222} INFO - ::endgroup::
