[2024-08-06T16:57:34.153+0000] {local_task_job_runner.py:120} INFO - ::group::Pre task execution logs
[2024-08-06T16:57:34.645+0000] {taskinstance.py:2076} INFO - Dependencies all met for dep_context=non-requeueable deps ti=<TaskInstance: motower_daily_prod.clean_trafic_task scheduled__2024-01-10T06:00:00+00:00 [queued]>
[2024-08-06T16:57:34.669+0000] {taskinstance.py:2076} INFO - Dependencies all met for dep_context=requeueable deps ti=<TaskInstance: motower_daily_prod.clean_trafic_task scheduled__2024-01-10T06:00:00+00:00 [queued]>
[2024-08-06T16:57:34.671+0000] {taskinstance.py:2306} INFO - Starting attempt 1 of 1
[2024-08-06T16:57:34.744+0000] {taskinstance.py:2330} INFO - Executing <Task(PythonOperator): clean_trafic_task> on 2024-01-10 06:00:00+00:00
[2024-08-06T16:57:34.770+0000] {warnings.py:112} WARNING - /home/***/.local/lib/python3.12/site-packages/***/task/task_runner/standard_task_runner.py:62: DeprecationWarning: This process (pid=1331) is multi-threaded, use of fork() may lead to deadlocks in the child.
  pid = os.fork()

[2024-08-06T16:57:34.772+0000] {standard_task_runner.py:64} INFO - Started process 1349 to run task
[2024-08-06T16:57:34.789+0000] {standard_task_runner.py:90} INFO - Running: ['***', 'tasks', 'run', 'motower_daily_prod', 'clean_trafic_task', 'scheduled__2024-01-10T06:00:00+00:00', '--job-id', '146', '--raw', '--subdir', 'DAGS_FOLDER/gps/custom_dags/motower_daily.py', '--cfg-path', '/tmp/tmpxnw55wxj']
[2024-08-06T16:57:34.808+0000] {standard_task_runner.py:91} INFO - Job 146: Subtask clean_trafic_task
[2024-08-06T16:57:34.938+0000] {task_command.py:426} INFO - Running <TaskInstance: motower_daily_prod.clean_trafic_task scheduled__2024-01-10T06:00:00+00:00 [running]> on host 13681191f11c
[2024-08-06T16:57:35.180+0000] {taskinstance.py:2648} INFO - Exporting env vars: AIRFLOW_CTX_DAG_EMAIL='richmond.kongo@orange.com,assane.diop@orange.com,cyrille1.danho@orange.com,mohamed2.sylla@orange.com,amadou.diomande@orange.com,Jonas.kouame@orange.com,armand.kablan@orange.com,anicet.azombade@orange.com,etienne.kouadio@orange.com,bertine.kouakou@orange.com,florentine.kouakou@orange.com,ange.phaceli@orange.com,soulegame.soro@orange.com,innocent.yengo@orange.com' AIRFLOW_CTX_DAG_OWNER='***' AIRFLOW_CTX_DAG_ID='motower_daily_prod' AIRFLOW_CTX_TASK_ID='clean_trafic_task' AIRFLOW_CTX_EXECUTION_DATE='2024-01-10T06:00:00+00:00' AIRFLOW_CTX_TRY_NUMBER='1' AIRFLOW_CTX_DAG_RUN_ID='scheduled__2024-01-10T06:00:00+00:00'
[2024-08-06T16:57:35.182+0000] {taskinstance.py:430} INFO - ::endgroup::
[2024-08-06T16:57:35.383+0000] {data_validation.py:11} INFO - START VALIDATION OF COLUMN trafic_data_go
[2024-08-06T16:57:35.392+0000] {data_validation.py:20} INFO - DATA OF COLUMN trafic_data_go ARE VALID
[2024-08-06T16:57:35.393+0000] {data_validation.py:11} INFO - START VALIDATION OF COLUMN trafic_voix_erl
[2024-08-06T16:57:35.396+0000] {data_validation.py:20} INFO - DATA OF COLUMN trafic_voix_erl ARE VALID
[2024-08-06T16:57:35.397+0000] {motower_daily.py:267} INFO - prepare final data
[2024-08-06T16:57:35.463+0000] {logging_mixin.py:188} INFO - ================================
[2024-08-06T16:57:35.464+0000] {logging_mixin.py:188} INFO - object
[2024-08-06T16:57:36.412+0000] {python.py:237} INFO - Done. Returned value was: None
[2024-08-06T16:57:36.414+0000] {taskinstance.py:441} INFO - ::group::Post task execution logs
[2024-08-06T16:57:36.432+0000] {taskinstance.py:1206} INFO - Marking task as SUCCESS. dag_id=motower_daily_prod, task_id=clean_trafic_task, run_id=scheduled__2024-01-10T06:00:00+00:00, execution_date=20240110T060000, start_date=20240806T165734, end_date=20240806T165736
[2024-08-06T16:57:36.527+0000] {local_task_job_runner.py:243} INFO - Task exited with return code 0
[2024-08-06T16:57:36.555+0000] {local_task_job_runner.py:222} INFO - ::endgroup::
[2024-08-06T17:28:05.763+0000] {local_task_job_runner.py:120} INFO - ::group::Pre task execution logs
[2024-08-06T17:28:05.832+0000] {taskinstance.py:2076} INFO - Dependencies all met for dep_context=non-requeueable deps ti=<TaskInstance: motower_daily_prod.clean_trafic_task scheduled__2024-01-10T06:00:00+00:00 [queued]>
[2024-08-06T17:28:05.859+0000] {taskinstance.py:2076} INFO - Dependencies all met for dep_context=requeueable deps ti=<TaskInstance: motower_daily_prod.clean_trafic_task scheduled__2024-01-10T06:00:00+00:00 [queued]>
[2024-08-06T17:28:05.860+0000] {taskinstance.py:2306} INFO - Starting attempt 1 of 1
[2024-08-06T17:28:05.895+0000] {taskinstance.py:2330} INFO - Executing <Task(PythonOperator): clean_trafic_task> on 2024-01-10 06:00:00+00:00
[2024-08-06T17:28:05.915+0000] {warnings.py:112} WARNING - /home/***/.local/lib/python3.12/site-packages/***/task/task_runner/standard_task_runner.py:62: DeprecationWarning: This process (pid=5488) is multi-threaded, use of fork() may lead to deadlocks in the child.
  pid = os.fork()

[2024-08-06T17:28:05.917+0000] {standard_task_runner.py:64} INFO - Started process 5504 to run task
[2024-08-06T17:28:05.924+0000] {standard_task_runner.py:90} INFO - Running: ['***', 'tasks', 'run', 'motower_daily_prod', 'clean_trafic_task', 'scheduled__2024-01-10T06:00:00+00:00', '--job-id', '1414', '--raw', '--subdir', 'DAGS_FOLDER/gps/custom_dags/motower_daily.py', '--cfg-path', '/tmp/tmpgv2zfs1c']
[2024-08-06T17:28:05.928+0000] {standard_task_runner.py:91} INFO - Job 1414: Subtask clean_trafic_task
[2024-08-06T17:28:06.120+0000] {task_command.py:426} INFO - Running <TaskInstance: motower_daily_prod.clean_trafic_task scheduled__2024-01-10T06:00:00+00:00 [running]> on host 13681191f11c
[2024-08-06T17:28:06.391+0000] {taskinstance.py:2648} INFO - Exporting env vars: AIRFLOW_CTX_DAG_EMAIL='richmond.kongo@orange.com,assane.diop@orange.com,cyrille1.danho@orange.com,mohamed2.sylla@orange.com,amadou.diomande@orange.com,Jonas.kouame@orange.com,armand.kablan@orange.com,anicet.azombade@orange.com,etienne.kouadio@orange.com,bertine.kouakou@orange.com,florentine.kouakou@orange.com,ange.phaceli@orange.com,soulegame.soro@orange.com,innocent.yengo@orange.com' AIRFLOW_CTX_DAG_OWNER='***' AIRFLOW_CTX_DAG_ID='motower_daily_prod' AIRFLOW_CTX_TASK_ID='clean_trafic_task' AIRFLOW_CTX_EXECUTION_DATE='2024-01-10T06:00:00+00:00' AIRFLOW_CTX_TRY_NUMBER='1' AIRFLOW_CTX_DAG_RUN_ID='scheduled__2024-01-10T06:00:00+00:00'
[2024-08-06T17:28:06.392+0000] {taskinstance.py:430} INFO - ::endgroup::
[2024-08-06T17:28:06.536+0000] {data_validation.py:11} INFO - START VALIDATION OF COLUMN trafic_data_go
[2024-08-06T17:28:06.539+0000] {data_validation.py:20} INFO - DATA OF COLUMN trafic_data_go ARE VALID
[2024-08-06T17:28:06.540+0000] {data_validation.py:11} INFO - START VALIDATION OF COLUMN trafic_voix_erl
[2024-08-06T17:28:06.542+0000] {data_validation.py:20} INFO - DATA OF COLUMN trafic_voix_erl ARE VALID
[2024-08-06T17:28:06.543+0000] {motower_daily.py:267} INFO - prepare final data
[2024-08-06T17:28:06.593+0000] {logging_mixin.py:188} INFO - ================================
[2024-08-06T17:28:06.594+0000] {logging_mixin.py:188} INFO - object
[2024-08-06T17:28:07.505+0000] {python.py:237} INFO - Done. Returned value was: None
[2024-08-06T17:28:07.508+0000] {taskinstance.py:441} INFO - ::group::Post task execution logs
[2024-08-06T17:28:07.525+0000] {taskinstance.py:1206} INFO - Marking task as SUCCESS. dag_id=motower_daily_prod, task_id=clean_trafic_task, run_id=scheduled__2024-01-10T06:00:00+00:00, execution_date=20240110T060000, start_date=20240806T172805, end_date=20240806T172807
[2024-08-06T17:28:08.373+0000] {local_task_job_runner.py:243} INFO - Task exited with return code 0
[2024-08-06T17:28:08.436+0000] {taskinstance.py:3503} INFO - 0 downstream tasks scheduled from follow-on schedule check
[2024-08-06T17:28:08.448+0000] {local_task_job_runner.py:222} INFO - ::endgroup::
[2024-08-06T18:15:38.644+0000] {local_task_job_runner.py:120} INFO - ::group::Pre task execution logs
[2024-08-06T18:15:38.818+0000] {taskinstance.py:2076} INFO - Dependencies all met for dep_context=non-requeueable deps ti=<TaskInstance: motower_daily_prod.clean_trafic_task scheduled__2024-01-10T06:00:00+00:00 [queued]>
[2024-08-06T18:15:38.872+0000] {taskinstance.py:2076} INFO - Dependencies all met for dep_context=requeueable deps ti=<TaskInstance: motower_daily_prod.clean_trafic_task scheduled__2024-01-10T06:00:00+00:00 [queued]>
[2024-08-06T18:15:38.873+0000] {taskinstance.py:2306} INFO - Starting attempt 1 of 1
[2024-08-06T18:15:38.978+0000] {taskinstance.py:2330} INFO - Executing <Task(PythonOperator): clean_trafic_task> on 2024-01-10 06:00:00+00:00
[2024-08-06T18:15:39.000+0000] {warnings.py:112} WARNING - /home/***/.local/lib/python3.12/site-packages/***/task/task_runner/standard_task_runner.py:62: DeprecationWarning: This process (pid=9342) is multi-threaded, use of fork() may lead to deadlocks in the child.
  pid = os.fork()

[2024-08-06T18:15:39.002+0000] {standard_task_runner.py:64} INFO - Started process 9362 to run task
[2024-08-06T18:15:39.055+0000] {standard_task_runner.py:90} INFO - Running: ['***', 'tasks', 'run', 'motower_daily_prod', 'clean_trafic_task', 'scheduled__2024-01-10T06:00:00+00:00', '--job-id', '2504', '--raw', '--subdir', 'DAGS_FOLDER/gps/custom_dags/motower_daily.py', '--cfg-path', '/tmp/tmpz_ea4pvg']
[2024-08-06T18:15:39.061+0000] {standard_task_runner.py:91} INFO - Job 2504: Subtask clean_trafic_task
[2024-08-06T18:15:39.300+0000] {task_command.py:426} INFO - Running <TaskInstance: motower_daily_prod.clean_trafic_task scheduled__2024-01-10T06:00:00+00:00 [running]> on host 13681191f11c
[2024-08-06T18:15:39.739+0000] {taskinstance.py:2648} INFO - Exporting env vars: AIRFLOW_CTX_DAG_EMAIL='richmond.kongo@orange.com,assane.diop@orange.com,cyrille1.danho@orange.com,mohamed2.sylla@orange.com,amadou.diomande@orange.com,Jonas.kouame@orange.com,armand.kablan@orange.com,anicet.azombade@orange.com,etienne.kouadio@orange.com,bertine.kouakou@orange.com,florentine.kouakou@orange.com,ange.phaceli@orange.com,soulegame.soro@orange.com,innocent.yengo@orange.com' AIRFLOW_CTX_DAG_OWNER='***' AIRFLOW_CTX_DAG_ID='motower_daily_prod' AIRFLOW_CTX_TASK_ID='clean_trafic_task' AIRFLOW_CTX_EXECUTION_DATE='2024-01-10T06:00:00+00:00' AIRFLOW_CTX_TRY_NUMBER='1' AIRFLOW_CTX_DAG_RUN_ID='scheduled__2024-01-10T06:00:00+00:00'
[2024-08-06T18:15:39.746+0000] {taskinstance.py:430} INFO - ::endgroup::
[2024-08-06T18:15:40.158+0000] {data_validation.py:11} INFO - START VALIDATION OF COLUMN trafic_data_go
[2024-08-06T18:15:40.174+0000] {data_validation.py:20} INFO - DATA OF COLUMN trafic_data_go ARE VALID
[2024-08-06T18:15:40.175+0000] {data_validation.py:11} INFO - START VALIDATION OF COLUMN trafic_voix_erl
[2024-08-06T18:15:40.178+0000] {data_validation.py:20} INFO - DATA OF COLUMN trafic_voix_erl ARE VALID
[2024-08-06T18:15:40.178+0000] {motower_daily.py:267} INFO - prepare final data
[2024-08-06T18:15:40.283+0000] {logging_mixin.py:188} INFO - ================================
[2024-08-06T18:15:40.284+0000] {logging_mixin.py:188} INFO - object
[2024-08-06T18:15:41.702+0000] {python.py:237} INFO - Done. Returned value was: None
[2024-08-06T18:15:41.706+0000] {taskinstance.py:441} INFO - ::group::Post task execution logs
[2024-08-06T18:15:41.740+0000] {taskinstance.py:1206} INFO - Marking task as SUCCESS. dag_id=motower_daily_prod, task_id=clean_trafic_task, run_id=scheduled__2024-01-10T06:00:00+00:00, execution_date=20240110T060000, start_date=20240806T181538, end_date=20240806T181541
[2024-08-06T18:15:42.340+0000] {local_task_job_runner.py:243} INFO - Task exited with return code 0
[2024-08-06T18:15:42.431+0000] {taskinstance.py:3503} INFO - 0 downstream tasks scheduled from follow-on schedule check
[2024-08-06T18:15:42.464+0000] {local_task_job_runner.py:222} INFO - ::endgroup::
