[2024-08-06T17:12:33.739+0000] {local_task_job_runner.py:120} INFO - ::group::Pre task execution logs
[2024-08-06T17:12:33.841+0000] {taskinstance.py:2076} INFO - Dependencies all met for dep_context=non-requeueable deps ti=<TaskInstance: motower_daily_prod.clean_trafic_task scheduled__2024-04-29T06:00:00+00:00 [queued]>
[2024-08-06T17:12:33.867+0000] {taskinstance.py:2076} INFO - Dependencies all met for dep_context=requeueable deps ti=<TaskInstance: motower_daily_prod.clean_trafic_task scheduled__2024-04-29T06:00:00+00:00 [queued]>
[2024-08-06T17:12:33.869+0000] {taskinstance.py:2306} INFO - Starting attempt 1 of 1
[2024-08-06T17:12:34.699+0000] {taskinstance.py:2330} INFO - Executing <Task(PythonOperator): clean_trafic_task> on 2024-04-29 06:00:00+00:00
[2024-08-06T17:12:34.739+0000] {warnings.py:112} WARNING - /home/***/.local/lib/python3.12/site-packages/***/task/task_runner/standard_task_runner.py:62: DeprecationWarning: This process (pid=4429) is multi-threaded, use of fork() may lead to deadlocks in the child.
  pid = os.fork()

[2024-08-06T17:12:34.744+0000] {standard_task_runner.py:64} INFO - Started process 4446 to run task
[2024-08-06T17:12:34.754+0000] {standard_task_runner.py:90} INFO - Running: ['***', 'tasks', 'run', 'motower_daily_prod', 'clean_trafic_task', 'scheduled__2024-04-29T06:00:00+00:00', '--job-id', '1124', '--raw', '--subdir', 'DAGS_FOLDER/gps/custom_dags/motower_daily.py', '--cfg-path', '/tmp/tmpfeqfe308']
[2024-08-06T17:12:34.760+0000] {standard_task_runner.py:91} INFO - Job 1124: Subtask clean_trafic_task
[2024-08-06T17:12:34.933+0000] {task_command.py:426} INFO - Running <TaskInstance: motower_daily_prod.clean_trafic_task scheduled__2024-04-29T06:00:00+00:00 [running]> on host 13681191f11c
[2024-08-06T17:12:35.164+0000] {taskinstance.py:2648} INFO - Exporting env vars: AIRFLOW_CTX_DAG_EMAIL='richmond.kongo@orange.com,assane.diop@orange.com,cyrille1.danho@orange.com,mohamed2.sylla@orange.com,amadou.diomande@orange.com,Jonas.kouame@orange.com,armand.kablan@orange.com,anicet.azombade@orange.com,etienne.kouadio@orange.com,bertine.kouakou@orange.com,florentine.kouakou@orange.com,ange.phaceli@orange.com,soulegame.soro@orange.com,innocent.yengo@orange.com' AIRFLOW_CTX_DAG_OWNER='***' AIRFLOW_CTX_DAG_ID='motower_daily_prod' AIRFLOW_CTX_TASK_ID='clean_trafic_task' AIRFLOW_CTX_EXECUTION_DATE='2024-04-29T06:00:00+00:00' AIRFLOW_CTX_TRY_NUMBER='1' AIRFLOW_CTX_DAG_RUN_ID='scheduled__2024-04-29T06:00:00+00:00'
[2024-08-06T17:12:35.166+0000] {taskinstance.py:430} INFO - ::endgroup::
[2024-08-06T17:12:35.324+0000] {data_validation.py:11} INFO - START VALIDATION OF COLUMN trafic_data_go
[2024-08-06T17:12:35.327+0000] {data_validation.py:20} INFO - DATA OF COLUMN trafic_data_go ARE VALID
[2024-08-06T17:12:35.328+0000] {data_validation.py:11} INFO - START VALIDATION OF COLUMN trafic_voix_erl
[2024-08-06T17:12:35.329+0000] {data_validation.py:20} INFO - DATA OF COLUMN trafic_voix_erl ARE VALID
[2024-08-06T17:12:35.330+0000] {motower_daily.py:267} INFO - prepare final data
[2024-08-06T17:12:35.384+0000] {logging_mixin.py:188} INFO - ================================
[2024-08-06T17:12:35.385+0000] {logging_mixin.py:188} INFO - object
[2024-08-06T17:12:36.176+0000] {python.py:237} INFO - Done. Returned value was: None
[2024-08-06T17:12:36.178+0000] {taskinstance.py:441} INFO - ::group::Post task execution logs
[2024-08-06T17:12:36.203+0000] {taskinstance.py:1206} INFO - Marking task as SUCCESS. dag_id=motower_daily_prod, task_id=clean_trafic_task, run_id=scheduled__2024-04-29T06:00:00+00:00, execution_date=20240429T060000, start_date=20240806T171233, end_date=20240806T171236
[2024-08-06T17:12:36.273+0000] {local_task_job_runner.py:243} INFO - Task exited with return code 0
[2024-08-06T17:12:36.308+0000] {local_task_job_runner.py:222} INFO - ::endgroup::
[2024-08-06T17:43:13.460+0000] {local_task_job_runner.py:120} INFO - ::group::Pre task execution logs
[2024-08-06T17:43:13.596+0000] {taskinstance.py:2076} INFO - Dependencies all met for dep_context=non-requeueable deps ti=<TaskInstance: motower_daily_prod.clean_trafic_task scheduled__2024-04-29T06:00:00+00:00 [queued]>
[2024-08-06T17:43:13.672+0000] {taskinstance.py:2076} INFO - Dependencies all met for dep_context=requeueable deps ti=<TaskInstance: motower_daily_prod.clean_trafic_task scheduled__2024-04-29T06:00:00+00:00 [queued]>
[2024-08-06T17:43:13.674+0000] {taskinstance.py:2306} INFO - Starting attempt 1 of 1
[2024-08-06T17:43:13.749+0000] {taskinstance.py:2330} INFO - Executing <Task(PythonOperator): clean_trafic_task> on 2024-04-29 06:00:00+00:00
[2024-08-06T17:43:13.769+0000] {warnings.py:112} WARNING - /home/***/.local/lib/python3.12/site-packages/***/task/task_runner/standard_task_runner.py:62: DeprecationWarning: This process (pid=8570) is multi-threaded, use of fork() may lead to deadlocks in the child.
  pid = os.fork()

[2024-08-06T17:43:13.780+0000] {standard_task_runner.py:64} INFO - Started process 8587 to run task
[2024-08-06T17:43:13.789+0000] {standard_task_runner.py:90} INFO - Running: ['***', 'tasks', 'run', 'motower_daily_prod', 'clean_trafic_task', 'scheduled__2024-04-29T06:00:00+00:00', '--job-id', '2384', '--raw', '--subdir', 'DAGS_FOLDER/gps/custom_dags/motower_daily.py', '--cfg-path', '/tmp/tmpb2a0hout']
[2024-08-06T17:43:13.795+0000] {standard_task_runner.py:91} INFO - Job 2384: Subtask clean_trafic_task
[2024-08-06T17:43:14.009+0000] {task_command.py:426} INFO - Running <TaskInstance: motower_daily_prod.clean_trafic_task scheduled__2024-04-29T06:00:00+00:00 [running]> on host 13681191f11c
[2024-08-06T17:43:14.345+0000] {taskinstance.py:2648} INFO - Exporting env vars: AIRFLOW_CTX_DAG_EMAIL='richmond.kongo@orange.com,assane.diop@orange.com,cyrille1.danho@orange.com,mohamed2.sylla@orange.com,amadou.diomande@orange.com,Jonas.kouame@orange.com,armand.kablan@orange.com,anicet.azombade@orange.com,etienne.kouadio@orange.com,bertine.kouakou@orange.com,florentine.kouakou@orange.com,ange.phaceli@orange.com,soulegame.soro@orange.com,innocent.yengo@orange.com' AIRFLOW_CTX_DAG_OWNER='***' AIRFLOW_CTX_DAG_ID='motower_daily_prod' AIRFLOW_CTX_TASK_ID='clean_trafic_task' AIRFLOW_CTX_EXECUTION_DATE='2024-04-29T06:00:00+00:00' AIRFLOW_CTX_TRY_NUMBER='1' AIRFLOW_CTX_DAG_RUN_ID='scheduled__2024-04-29T06:00:00+00:00'
[2024-08-06T17:43:14.347+0000] {taskinstance.py:430} INFO - ::endgroup::
[2024-08-06T17:43:14.582+0000] {data_validation.py:11} INFO - START VALIDATION OF COLUMN trafic_data_go
[2024-08-06T17:43:14.585+0000] {data_validation.py:20} INFO - DATA OF COLUMN trafic_data_go ARE VALID
[2024-08-06T17:43:14.586+0000] {data_validation.py:11} INFO - START VALIDATION OF COLUMN trafic_voix_erl
[2024-08-06T17:43:14.589+0000] {data_validation.py:20} INFO - DATA OF COLUMN trafic_voix_erl ARE VALID
[2024-08-06T17:43:14.590+0000] {motower_daily.py:267} INFO - prepare final data
[2024-08-06T17:43:14.651+0000] {logging_mixin.py:188} INFO - ================================
[2024-08-06T17:43:14.652+0000] {logging_mixin.py:188} INFO - object
[2024-08-06T17:43:15.429+0000] {python.py:237} INFO - Done. Returned value was: None
[2024-08-06T17:43:15.431+0000] {taskinstance.py:441} INFO - ::group::Post task execution logs
[2024-08-06T17:43:15.453+0000] {taskinstance.py:1206} INFO - Marking task as SUCCESS. dag_id=motower_daily_prod, task_id=clean_trafic_task, run_id=scheduled__2024-04-29T06:00:00+00:00, execution_date=20240429T060000, start_date=20240806T174313, end_date=20240806T174315
[2024-08-06T17:43:15.991+0000] {local_task_job_runner.py:243} INFO - Task exited with return code 0
[2024-08-06T17:43:16.026+0000] {taskinstance.py:3503} INFO - 0 downstream tasks scheduled from follow-on schedule check
[2024-08-06T17:43:16.030+0000] {local_task_job_runner.py:222} INFO - ::endgroup::
