[2024-08-06T17:03:42.833+0000] {local_task_job_runner.py:120} INFO - ::group::Pre task execution logs
[2024-08-06T17:03:42.995+0000] {taskinstance.py:2076} INFO - Dependencies all met for dep_context=non-requeueable deps ti=<TaskInstance: motower_daily_prod.motower_dcaparc scheduled__2024-02-16T06:00:00+00:00 [queued]>
[2024-08-06T17:03:43.022+0000] {taskinstance.py:2076} INFO - Dependencies all met for dep_context=requeueable deps ti=<TaskInstance: motower_daily_prod.motower_dcaparc scheduled__2024-02-16T06:00:00+00:00 [queued]>
[2024-08-06T17:03:43.023+0000] {taskinstance.py:2306} INFO - Starting attempt 1 of 1
[2024-08-06T17:03:43.068+0000] {taskinstance.py:2330} INFO - Executing <Task(PythonOperator): motower_dcaparc> on 2024-02-16 06:00:00+00:00
[2024-08-06T17:03:43.083+0000] {warnings.py:112} WARNING - /home/***/.local/lib/python3.12/site-packages/***/task/task_runner/standard_task_runner.py:62: DeprecationWarning: This process (pid=2628) is multi-threaded, use of fork() may lead to deadlocks in the child.
  pid = os.fork()

[2024-08-06T17:03:43.085+0000] {standard_task_runner.py:64} INFO - Started process 2641 to run task
[2024-08-06T17:03:43.090+0000] {standard_task_runner.py:90} INFO - Running: ['***', 'tasks', 'run', 'motower_daily_prod', 'motower_dcaparc', 'scheduled__2024-02-16T06:00:00+00:00', '--job-id', '557', '--raw', '--subdir', 'DAGS_FOLDER/gps/custom_dags/motower_daily.py', '--cfg-path', '/tmp/tmpzkhl6vwt']
[2024-08-06T17:03:43.096+0000] {standard_task_runner.py:91} INFO - Job 557: Subtask motower_dcaparc
[2024-08-06T17:03:43.193+0000] {task_command.py:426} INFO - Running <TaskInstance: motower_daily_prod.motower_dcaparc scheduled__2024-02-16T06:00:00+00:00 [running]> on host 13681191f11c
[2024-08-06T17:03:43.536+0000] {taskinstance.py:2648} INFO - Exporting env vars: AIRFLOW_CTX_DAG_EMAIL='richmond.kongo@orange.com,assane.diop@orange.com,cyrille1.danho@orange.com,mohamed2.sylla@orange.com,amadou.diomande@orange.com,Jonas.kouame@orange.com,armand.kablan@orange.com,anicet.azombade@orange.com,etienne.kouadio@orange.com,bertine.kouakou@orange.com,florentine.kouakou@orange.com,ange.phaceli@orange.com,soulegame.soro@orange.com,innocent.yengo@orange.com' AIRFLOW_CTX_DAG_OWNER='***' AIRFLOW_CTX_DAG_ID='motower_daily_prod' AIRFLOW_CTX_TASK_ID='motower_dcaparc' AIRFLOW_CTX_EXECUTION_DATE='2024-02-16T06:00:00+00:00' AIRFLOW_CTX_TRY_NUMBER='1' AIRFLOW_CTX_DAG_RUN_ID='scheduled__2024-02-16T06:00:00+00:00'
[2024-08-06T17:03:43.538+0000] {taskinstance.py:430} INFO - ::endgroup::
[2024-08-06T17:03:43.597+0000] {motower_daily.py:106} INFO - get last modified bdd sites cleaned
[2024-08-06T17:03:43.630+0000] {motower_daily.py:117} INFO - READING BASE_SITES-cleaned/2024/04/02.csv
[2024-08-06T17:03:43.803+0000] {data_validation.py:28} INFO - START VALIDATION 
[2024-08-06T17:03:43.806+0000] {data_validation.py:40} INFO - VALID ACTIFS SITES 3482
[2024-08-06T17:03:43.806+0000] {motower_daily.py:127} INFO - GET CA PARC FILE OF THE DAY 2024-02-15
[2024-08-06T17:03:43.807+0000] {motower_daily.py:131} INFO - READING ca-parc/2024/02/15.csv
[2024-08-06T17:03:43.858+0000] {motower_daily.py:136} INFO - DAILY KPI -      day_id       ca_voix       ca_data      parc  parc_data   parc_2g  parc_3g  parc_4g  parc_5g  parc_other      ca_total
0  20240215  5.224538e+08  6.402288e+08  16759186    8759790  12640473   912667  6567613   396981     1642872  1.186532e+09
[2024-08-06T17:03:43.858+0000] {data_validation.py:11} INFO - START VALIDATION OF COLUMN ca_total
[2024-08-06T17:03:43.860+0000] {data_validation.py:20} INFO - DATA OF COLUMN ca_total ARE VALID
[2024-08-06T17:03:43.861+0000] {data_validation.py:11} INFO - START VALIDATION OF COLUMN ca_voix
[2024-08-06T17:03:43.862+0000] {data_validation.py:20} INFO - DATA OF COLUMN ca_voix ARE VALID
[2024-08-06T17:03:43.863+0000] {data_validation.py:11} INFO - START VALIDATION OF COLUMN ca_data
[2024-08-06T17:03:43.864+0000] {data_validation.py:20} INFO - DATA OF COLUMN ca_data ARE VALID
[2024-08-06T17:03:43.865+0000] {data_validation.py:11} INFO - START VALIDATION OF COLUMN parc
[2024-08-06T17:03:43.867+0000] {data_validation.py:20} INFO - DATA OF COLUMN parc ARE VALID
[2024-08-06T17:03:43.867+0000] {data_validation.py:11} INFO - START VALIDATION OF COLUMN parc_data
[2024-08-06T17:03:43.869+0000] {data_validation.py:20} INFO - DATA OF COLUMN parc_data ARE VALID
[2024-08-06T17:03:43.869+0000] {motower_daily.py:139} INFO - MERGING BDD AND CA
[2024-08-06T17:03:43.876+0000] {motower_daily.py:141} INFO - prepare final daily data
[2024-08-06T17:03:43.878+0000] {logging_mixin.py:188} INFO - Index(['site', 'site bts', 'site physique', 'gestionnaire', 'proprietaire',
       'code oci', 'equipementier telecom', 'longitude', 'latitude',
       'type du site', 'antenna_mode', 'statut', 'couche en service',
       'technologie', 'technologie sans tdd', 'date mes', 'date mes 2g',
       'date mes 3g', 'date mes 4g', 'annee construction pylone', 'autre code',
       'code esco', 'code ihs', 'statut partage', 'statut sharing',
       'statut proprietaire', 'geo localite', 'commune', 'departement',
       'region', 'district', 'partenaires', 'localisation', 'ville',
       'quartier', 'type geolocalite', 'clutter', 'id quartier',
       'id geolocalite', 'type baie', 'hauteur batiment', 'tower type',
       'tower height', 'tower location', 'type energie', 'projet',
       'new project', 'position site', 'type indoor', 'decoupage',
       'sous coloc', 'tenant', 'mois', 'code oci id', 'day_id', 'id_site',
       'ca_voix', 'ca_data', 'ca_total', 'trafic_voix_in', 'trafic_data_in',
       'parc', 'parc_data', 'parc_2g', 'parc_3g', 'parc_4g', 'parc_5g',
       'parc_other', 'jour'],
      dtype='object')
[2024-08-06T17:03:43.883+0000] {warnings.py:112} WARNING - /opt/***/dags/gps/common/motower_daily.py:148: SettingWithCopyWarning: 
A value is trying to be set on a copy of a slice from a DataFrame

See the caveats in the documentation: https://pandas.pydata.org/pandas-docs/stable/user_guide/indexing.html#returning-a-view-versus-a-copy
  df_final.rename(columns=DAILY_CAPARC_COL, inplace=True)

[2024-08-06T17:03:43.886+0000] {warnings.py:112} WARNING - /opt/***/dags/gps/common/motower_daily.py:149: SettingWithCopyWarning: 
A value is trying to be set on a copy of a slice from a DataFrame.
Try using .loc[row_indexer,col_indexer] = value instead

See the caveats in the documentation: https://pandas.pydata.org/pandas-docs/stable/user_guide/indexing.html#returning-a-view-versus-a-copy
  df_final["trafic_data_in_mo"] = df_final["trafic_data_in"] / 1000

[2024-08-06T17:03:43.887+0000] {warnings.py:112} WARNING - /opt/***/dags/gps/common/motower_daily.py:150: SettingWithCopyWarning: 
A value is trying to be set on a copy of a slice from a DataFrame.
Try using .loc[row_indexer,col_indexer] = value instead

See the caveats in the documentation: https://pandas.pydata.org/pandas-docs/stable/user_guide/indexing.html#returning-a-view-versus-a-copy
  df_final["ca_norm"] = None

[2024-08-06T17:03:43.888+0000] {warnings.py:112} WARNING - /opt/***/dags/gps/common/motower_daily.py:151: SettingWithCopyWarning: 
A value is trying to be set on a copy of a slice from a DataFrame.
Try using .loc[row_indexer,col_indexer] = value instead

See the caveats in the documentation: https://pandas.pydata.org/pandas-docs/stable/user_guide/indexing.html#returning-a-view-versus-a-copy
  df_final["ca_mtd"] = None

[2024-08-06T17:03:43.889+0000] {warnings.py:112} WARNING - /opt/***/dags/gps/common/motower_daily.py:152: SettingWithCopyWarning: 
A value is trying to be set on a copy of a slice from a DataFrame.
Try using .loc[row_indexer,col_indexer] = value instead

See the caveats in the documentation: https://pandas.pydata.org/pandas-docs/stable/user_guide/indexing.html#returning-a-view-versus-a-copy
  df_final["segment"] = None

[2024-08-06T17:03:43.890+0000] {warnings.py:112} WARNING - /opt/***/dags/gps/common/motower_daily.py:153: SettingWithCopyWarning: 
A value is trying to be set on a copy of a slice from a DataFrame.
Try using .loc[row_indexer,col_indexer] = value instead

See the caveats in the documentation: https://pandas.pydata.org/pandas-docs/stable/user_guide/indexing.html#returning-a-view-versus-a-copy
  df_final["previous_segment"] = None

[2024-08-06T17:03:43.891+0000] {warnings.py:112} WARNING - /opt/***/dags/gps/common/motower_daily.py:154: SettingWithCopyWarning: 
A value is trying to be set on a copy of a slice from a DataFrame.
Try using .loc[row_indexer,col_indexer] = value instead

See the caveats in the documentation: https://pandas.pydata.org/pandas-docs/stable/user_guide/indexing.html#returning-a-view-versus-a-copy
  df_final["evolution_segment"] = None

[2024-08-06T17:03:43.892+0000] {logging_mixin.py:188} INFO - 2
[2024-08-06T17:03:43.892+0000] {logging_mixin.py:188} INFO - 2024-02-15 00:00:00
[2024-08-06T17:03:43.919+0000] {motower_daily.py:200} INFO - ADD  SEGMENT
[2024-08-06T17:03:44.740+0000] {motower_daily.py:205} INFO - DATA VALIDATION AFTER MERGING
[2024-08-06T17:03:44.740+0000] {data_validation.py:28} INFO - START VALIDATION 
[2024-08-06T17:03:44.743+0000] {data_validation.py:40} INFO - VALID ACTIFS SITES 3482
[2024-08-06T17:03:44.770+0000] {motower_daily.py:216} INFO - DAILY KPI -         jour       ca_voix       ca_data  parc_global  parc_data    parc_2g   parc_3g    parc_4g   parc_5g  autre_parc      ca_total
0 2024-02-15  5.198397e+08  6.378122e+08   15288509.0  8723496.0  5833499.0  202440.0  4591700.0  344950.0    828248.0  1.178877e+09
[2024-08-06T17:03:44.771+0000] {data_validation.py:11} INFO - START VALIDATION OF COLUMN ca_total
[2024-08-06T17:03:44.773+0000] {data_validation.py:20} INFO - DATA OF COLUMN ca_total ARE VALID
[2024-08-06T17:03:44.774+0000] {data_validation.py:11} INFO - START VALIDATION OF COLUMN ca_voix
[2024-08-06T17:03:44.776+0000] {data_validation.py:20} INFO - DATA OF COLUMN ca_voix ARE VALID
[2024-08-06T17:03:44.777+0000] {data_validation.py:11} INFO - START VALIDATION OF COLUMN ca_data
[2024-08-06T17:03:44.779+0000] {data_validation.py:20} INFO - DATA OF COLUMN ca_data ARE VALID
[2024-08-06T17:03:44.780+0000] {data_validation.py:11} INFO - START VALIDATION OF COLUMN parc_global
[2024-08-06T17:03:44.783+0000] {data_validation.py:20} INFO - DATA OF COLUMN parc_global ARE VALID
[2024-08-06T17:03:44.784+0000] {data_validation.py:11} INFO - START VALIDATION OF COLUMN parc_data
[2024-08-06T17:03:44.786+0000] {data_validation.py:20} INFO - DATA OF COLUMN parc_data ARE VALID
[2024-08-06T17:03:44.961+0000] {logging_mixin.py:188} INFO -         jour code_oci  code_oci_id  ... segment previous_segment evolution_segment
0 2024-02-15  OCI4069       4069.0  ...    None             None              None
1 2024-02-15  OCI4064       4064.0  ...    None             None              None
2 2024-02-15  OCI4092       4092.0  ...    None             None              None
3 2024-02-15  OCI4080       4080.0  ...    None             None              None
4 2024-02-15  OCI4073       4073.0  ...    None             None              None

[5 rows x 38 columns]
[2024-08-06T17:03:45.069+0000] {logging_mixin.py:188} INFO -         jour code_oci  code_oci_id  ... segment previous_segment evolution_segment
0 2024-02-15  OCI4069       4069.0  ...    None             None              None
1 2024-02-15  OCI4064       4064.0  ...    None             None              None
2 2024-02-15  OCI4092       4092.0  ...    None             None              None
3 2024-02-15  OCI4080       4080.0  ...    None             None              None
4 2024-02-15  OCI4073       4073.0  ...    None             None              None

[5 rows x 38 columns]
[2024-08-06T17:03:45.092+0000] {warnings.py:112} WARNING - /opt/***/dags/gps/custom_dags/motower_daily.py:139: SettingWithCopyWarning: 
A value is trying to be set on a copy of a slice from a DataFrame.
Try using .loc[row_indexer,col_indexer] = value instead

See the caveats in the documentation: https://pandas.pydata.org/pandas-docs/stable/user_guide/indexing.html#returning-a-view-versus-a-copy
  df_faits['mois'] = data["jour"].dt.month

[2024-08-06T17:03:45.094+0000] {warnings.py:112} WARNING - /opt/***/dags/gps/custom_dags/motower_daily.py:140: SettingWithCopyWarning: 
A value is trying to be set on a copy of a slice from a DataFrame.
Try using .loc[row_indexer,col_indexer] = value instead

See the caveats in the documentation: https://pandas.pydata.org/pandas-docs/stable/user_guide/indexing.html#returning-a-view-versus-a-copy
  df_faits['annee'] = data["jour"].dt.year

[2024-08-06T17:03:49.844+0000] {python.py:237} INFO - Done. Returned value was: None
[2024-08-06T17:03:49.846+0000] {taskinstance.py:441} INFO - ::group::Post task execution logs
[2024-08-06T17:03:49.864+0000] {taskinstance.py:1206} INFO - Marking task as SUCCESS. dag_id=motower_daily_prod, task_id=motower_dcaparc, run_id=scheduled__2024-02-16T06:00:00+00:00, execution_date=20240216T060000, start_date=20240806T170342, end_date=20240806T170349
[2024-08-06T17:03:50.179+0000] {local_task_job_runner.py:243} INFO - Task exited with return code 0
[2024-08-06T17:03:50.210+0000] {taskinstance.py:3503} INFO - 0 downstream tasks scheduled from follow-on schedule check
[2024-08-06T17:03:50.212+0000] {local_task_job_runner.py:222} INFO - ::endgroup::
[2024-08-06T17:33:33.544+0000] {local_task_job_runner.py:120} INFO - ::group::Pre task execution logs
[2024-08-06T17:33:33.699+0000] {taskinstance.py:2076} INFO - Dependencies all met for dep_context=non-requeueable deps ti=<TaskInstance: motower_daily_prod.motower_dcaparc scheduled__2024-02-16T06:00:00+00:00 [queued]>
[2024-08-06T17:33:33.737+0000] {taskinstance.py:2076} INFO - Dependencies all met for dep_context=requeueable deps ti=<TaskInstance: motower_daily_prod.motower_dcaparc scheduled__2024-02-16T06:00:00+00:00 [queued]>
[2024-08-06T17:33:33.738+0000] {taskinstance.py:2306} INFO - Starting attempt 1 of 1
[2024-08-06T17:33:34.136+0000] {taskinstance.py:2330} INFO - Executing <Task(PythonOperator): motower_dcaparc> on 2024-02-16 06:00:00+00:00
[2024-08-06T17:33:34.201+0000] {standard_task_runner.py:90} INFO - Running: ['***', 'tasks', 'run', 'motower_daily_prod', 'motower_dcaparc', 'scheduled__2024-02-16T06:00:00+00:00', '--job-id', '1762', '--raw', '--subdir', 'DAGS_FOLDER/gps/custom_dags/motower_daily.py', '--cfg-path', '/tmp/tmpye451o19']
[2024-08-06T17:33:34.216+0000] {standard_task_runner.py:91} INFO - Job 1762: Subtask motower_dcaparc
[2024-08-06T17:33:34.224+0000] {warnings.py:112} WARNING - /home/***/.local/lib/python3.12/site-packages/***/task/task_runner/standard_task_runner.py:62: DeprecationWarning: This process (pid=6609) is multi-threaded, use of fork() may lead to deadlocks in the child.
  pid = os.fork()

[2024-08-06T17:33:34.226+0000] {standard_task_runner.py:64} INFO - Started process 6626 to run task
[2024-08-06T17:33:34.390+0000] {task_command.py:426} INFO - Running <TaskInstance: motower_daily_prod.motower_dcaparc scheduled__2024-02-16T06:00:00+00:00 [running]> on host 13681191f11c
[2024-08-06T17:33:34.791+0000] {taskinstance.py:2648} INFO - Exporting env vars: AIRFLOW_CTX_DAG_EMAIL='richmond.kongo@orange.com,assane.diop@orange.com,cyrille1.danho@orange.com,mohamed2.sylla@orange.com,amadou.diomande@orange.com,Jonas.kouame@orange.com,armand.kablan@orange.com,anicet.azombade@orange.com,etienne.kouadio@orange.com,bertine.kouakou@orange.com,florentine.kouakou@orange.com,ange.phaceli@orange.com,soulegame.soro@orange.com,innocent.yengo@orange.com' AIRFLOW_CTX_DAG_OWNER='***' AIRFLOW_CTX_DAG_ID='motower_daily_prod' AIRFLOW_CTX_TASK_ID='motower_dcaparc' AIRFLOW_CTX_EXECUTION_DATE='2024-02-16T06:00:00+00:00' AIRFLOW_CTX_TRY_NUMBER='1' AIRFLOW_CTX_DAG_RUN_ID='scheduled__2024-02-16T06:00:00+00:00'
[2024-08-06T17:33:34.793+0000] {taskinstance.py:430} INFO - ::endgroup::
[2024-08-06T17:33:34.896+0000] {motower_daily.py:106} INFO - get last modified bdd sites cleaned
[2024-08-06T17:33:34.961+0000] {motower_daily.py:117} INFO - READING BASE_SITES-cleaned/2024/04/02.csv
[2024-08-06T17:33:35.185+0000] {data_validation.py:28} INFO - START VALIDATION 
[2024-08-06T17:33:35.190+0000] {data_validation.py:40} INFO - VALID ACTIFS SITES 3482
[2024-08-06T17:33:35.193+0000] {motower_daily.py:127} INFO - GET CA PARC FILE OF THE DAY 2024-02-15
[2024-08-06T17:33:35.199+0000] {motower_daily.py:131} INFO - READING ca-parc/2024/02/15.csv
[2024-08-06T17:33:35.340+0000] {motower_daily.py:136} INFO - DAILY KPI -      day_id       ca_voix       ca_data      parc  parc_data   parc_2g  parc_3g  parc_4g  parc_5g  parc_other      ca_total
0  20240215  5.224538e+08  6.402288e+08  16759186    8759790  12640473   912667  6567613   396981     1642872  1.186532e+09
[2024-08-06T17:33:35.341+0000] {data_validation.py:11} INFO - START VALIDATION OF COLUMN ca_total
[2024-08-06T17:33:35.347+0000] {data_validation.py:20} INFO - DATA OF COLUMN ca_total ARE VALID
[2024-08-06T17:33:35.348+0000] {data_validation.py:11} INFO - START VALIDATION OF COLUMN ca_voix
[2024-08-06T17:33:35.351+0000] {data_validation.py:20} INFO - DATA OF COLUMN ca_voix ARE VALID
[2024-08-06T17:33:35.352+0000] {data_validation.py:11} INFO - START VALIDATION OF COLUMN ca_data
[2024-08-06T17:33:35.356+0000] {data_validation.py:20} INFO - DATA OF COLUMN ca_data ARE VALID
[2024-08-06T17:33:35.357+0000] {data_validation.py:11} INFO - START VALIDATION OF COLUMN parc
[2024-08-06T17:33:35.365+0000] {data_validation.py:20} INFO - DATA OF COLUMN parc ARE VALID
[2024-08-06T17:33:35.370+0000] {data_validation.py:11} INFO - START VALIDATION OF COLUMN parc_data
[2024-08-06T17:33:35.373+0000] {data_validation.py:20} INFO - DATA OF COLUMN parc_data ARE VALID
[2024-08-06T17:33:35.375+0000] {motower_daily.py:139} INFO - MERGING BDD AND CA
[2024-08-06T17:33:35.384+0000] {motower_daily.py:141} INFO - prepare final daily data
[2024-08-06T17:33:35.387+0000] {logging_mixin.py:188} INFO - Index(['site', 'site bts', 'site physique', 'gestionnaire', 'proprietaire',
       'code oci', 'equipementier telecom', 'longitude', 'latitude',
       'type du site', 'antenna_mode', 'statut', 'couche en service',
       'technologie', 'technologie sans tdd', 'date mes', 'date mes 2g',
       'date mes 3g', 'date mes 4g', 'annee construction pylone', 'autre code',
       'code esco', 'code ihs', 'statut partage', 'statut sharing',
       'statut proprietaire', 'geo localite', 'commune', 'departement',
       'region', 'district', 'partenaires', 'localisation', 'ville',
       'quartier', 'type geolocalite', 'clutter', 'id quartier',
       'id geolocalite', 'type baie', 'hauteur batiment', 'tower type',
       'tower height', 'tower location', 'type energie', 'projet',
       'new project', 'position site', 'type indoor', 'decoupage',
       'sous coloc', 'tenant', 'mois', 'code oci id', 'day_id', 'id_site',
       'ca_voix', 'ca_data', 'ca_total', 'trafic_voix_in', 'trafic_data_in',
       'parc', 'parc_data', 'parc_2g', 'parc_3g', 'parc_4g', 'parc_5g',
       'parc_other', 'jour'],
      dtype='object')
[2024-08-06T17:33:35.393+0000] {warnings.py:112} WARNING - /opt/***/dags/gps/common/motower_daily.py:148: SettingWithCopyWarning: 
A value is trying to be set on a copy of a slice from a DataFrame

See the caveats in the documentation: https://pandas.pydata.org/pandas-docs/stable/user_guide/indexing.html#returning-a-view-versus-a-copy
  df_final.rename(columns=DAILY_CAPARC_COL, inplace=True)

[2024-08-06T17:33:35.396+0000] {warnings.py:112} WARNING - /opt/***/dags/gps/common/motower_daily.py:149: SettingWithCopyWarning: 
A value is trying to be set on a copy of a slice from a DataFrame.
Try using .loc[row_indexer,col_indexer] = value instead

See the caveats in the documentation: https://pandas.pydata.org/pandas-docs/stable/user_guide/indexing.html#returning-a-view-versus-a-copy
  df_final["trafic_data_in_mo"] = df_final["trafic_data_in"] / 1000

[2024-08-06T17:33:35.398+0000] {warnings.py:112} WARNING - /opt/***/dags/gps/common/motower_daily.py:150: SettingWithCopyWarning: 
A value is trying to be set on a copy of a slice from a DataFrame.
Try using .loc[row_indexer,col_indexer] = value instead

See the caveats in the documentation: https://pandas.pydata.org/pandas-docs/stable/user_guide/indexing.html#returning-a-view-versus-a-copy
  df_final["ca_norm"] = None

[2024-08-06T17:33:35.400+0000] {warnings.py:112} WARNING - /opt/***/dags/gps/common/motower_daily.py:151: SettingWithCopyWarning: 
A value is trying to be set on a copy of a slice from a DataFrame.
Try using .loc[row_indexer,col_indexer] = value instead

See the caveats in the documentation: https://pandas.pydata.org/pandas-docs/stable/user_guide/indexing.html#returning-a-view-versus-a-copy
  df_final["ca_mtd"] = None

[2024-08-06T17:33:35.402+0000] {warnings.py:112} WARNING - /opt/***/dags/gps/common/motower_daily.py:152: SettingWithCopyWarning: 
A value is trying to be set on a copy of a slice from a DataFrame.
Try using .loc[row_indexer,col_indexer] = value instead

See the caveats in the documentation: https://pandas.pydata.org/pandas-docs/stable/user_guide/indexing.html#returning-a-view-versus-a-copy
  df_final["segment"] = None

[2024-08-06T17:33:35.406+0000] {warnings.py:112} WARNING - /opt/***/dags/gps/common/motower_daily.py:153: SettingWithCopyWarning: 
A value is trying to be set on a copy of a slice from a DataFrame.
Try using .loc[row_indexer,col_indexer] = value instead

See the caveats in the documentation: https://pandas.pydata.org/pandas-docs/stable/user_guide/indexing.html#returning-a-view-versus-a-copy
  df_final["previous_segment"] = None

[2024-08-06T17:33:35.408+0000] {warnings.py:112} WARNING - /opt/***/dags/gps/common/motower_daily.py:154: SettingWithCopyWarning: 
A value is trying to be set on a copy of a slice from a DataFrame.
Try using .loc[row_indexer,col_indexer] = value instead

See the caveats in the documentation: https://pandas.pydata.org/pandas-docs/stable/user_guide/indexing.html#returning-a-view-versus-a-copy
  df_final["evolution_segment"] = None

[2024-08-06T17:33:35.410+0000] {logging_mixin.py:188} INFO - 2
[2024-08-06T17:33:35.411+0000] {logging_mixin.py:188} INFO - 2024-02-15 00:00:00
[2024-08-06T17:33:35.440+0000] {motower_daily.py:200} INFO - ADD  SEGMENT
[2024-08-06T17:33:36.551+0000] {motower_daily.py:205} INFO - DATA VALIDATION AFTER MERGING
[2024-08-06T17:33:36.553+0000] {data_validation.py:28} INFO - START VALIDATION 
[2024-08-06T17:33:36.556+0000] {data_validation.py:40} INFO - VALID ACTIFS SITES 3482
[2024-08-06T17:33:36.586+0000] {motower_daily.py:216} INFO - DAILY KPI -         jour       ca_voix       ca_data  parc_global  parc_data    parc_2g   parc_3g    parc_4g   parc_5g  autre_parc      ca_total
0 2024-02-15  5.198397e+08  6.378122e+08   15288509.0  8723496.0  5833499.0  202440.0  4591700.0  344950.0    828248.0  1.178877e+09
[2024-08-06T17:33:36.587+0000] {data_validation.py:11} INFO - START VALIDATION OF COLUMN ca_total
[2024-08-06T17:33:36.589+0000] {data_validation.py:20} INFO - DATA OF COLUMN ca_total ARE VALID
[2024-08-06T17:33:36.590+0000] {data_validation.py:11} INFO - START VALIDATION OF COLUMN ca_voix
[2024-08-06T17:33:36.592+0000] {data_validation.py:20} INFO - DATA OF COLUMN ca_voix ARE VALID
[2024-08-06T17:33:36.593+0000] {data_validation.py:11} INFO - START VALIDATION OF COLUMN ca_data
[2024-08-06T17:33:36.596+0000] {data_validation.py:20} INFO - DATA OF COLUMN ca_data ARE VALID
[2024-08-06T17:33:36.596+0000] {data_validation.py:11} INFO - START VALIDATION OF COLUMN parc_global
[2024-08-06T17:33:36.601+0000] {data_validation.py:20} INFO - DATA OF COLUMN parc_global ARE VALID
[2024-08-06T17:33:36.602+0000] {data_validation.py:11} INFO - START VALIDATION OF COLUMN parc_data
[2024-08-06T17:33:36.610+0000] {data_validation.py:20} INFO - DATA OF COLUMN parc_data ARE VALID
[2024-08-06T17:33:36.733+0000] {logging_mixin.py:188} INFO -         jour code_oci  code_oci_id  ... segment previous_segment evolution_segment
0 2024-02-15  OCI4069       4069.0  ...    None             None              None
1 2024-02-15  OCI4064       4064.0  ...    None             None              None
2 2024-02-15  OCI4092       4092.0  ...    None             None              None
3 2024-02-15  OCI4080       4080.0  ...    None             None              None
4 2024-02-15  OCI4073       4073.0  ...    None             None              None

[5 rows x 38 columns]
[2024-08-06T17:33:36.821+0000] {logging_mixin.py:188} INFO -         jour code_oci  code_oci_id  ... segment previous_segment evolution_segment
0 2024-02-15  OCI4069       4069.0  ...    None             None              None
1 2024-02-15  OCI4064       4064.0  ...    None             None              None
2 2024-02-15  OCI4092       4092.0  ...    None             None              None
3 2024-02-15  OCI4080       4080.0  ...    None             None              None
4 2024-02-15  OCI4073       4073.0  ...    None             None              None

[5 rows x 38 columns]
[2024-08-06T17:33:36.841+0000] {warnings.py:112} WARNING - /opt/***/dags/gps/custom_dags/motower_daily.py:139: SettingWithCopyWarning: 
A value is trying to be set on a copy of a slice from a DataFrame.
Try using .loc[row_indexer,col_indexer] = value instead

See the caveats in the documentation: https://pandas.pydata.org/pandas-docs/stable/user_guide/indexing.html#returning-a-view-versus-a-copy
  df_faits['mois'] = data["jour"].dt.month

[2024-08-06T17:33:36.844+0000] {warnings.py:112} WARNING - /opt/***/dags/gps/custom_dags/motower_daily.py:140: SettingWithCopyWarning: 
A value is trying to be set on a copy of a slice from a DataFrame.
Try using .loc[row_indexer,col_indexer] = value instead

See the caveats in the documentation: https://pandas.pydata.org/pandas-docs/stable/user_guide/indexing.html#returning-a-view-versus-a-copy
  df_faits['annee'] = data["jour"].dt.year

[2024-08-06T17:33:41.666+0000] {python.py:237} INFO - Done. Returned value was: None
[2024-08-06T17:33:41.668+0000] {taskinstance.py:441} INFO - ::group::Post task execution logs
[2024-08-06T17:33:41.700+0000] {taskinstance.py:1206} INFO - Marking task as SUCCESS. dag_id=motower_daily_prod, task_id=motower_dcaparc, run_id=scheduled__2024-02-16T06:00:00+00:00, execution_date=20240216T060000, start_date=20240806T173333, end_date=20240806T173341
[2024-08-06T17:33:42.400+0000] {local_task_job_runner.py:243} INFO - Task exited with return code 0
[2024-08-06T17:33:42.451+0000] {taskinstance.py:3503} INFO - 0 downstream tasks scheduled from follow-on schedule check
[2024-08-06T17:33:42.472+0000] {local_task_job_runner.py:222} INFO - ::endgroup::
[2024-08-06T18:21:16.375+0000] {local_task_job_runner.py:120} INFO - ::group::Pre task execution logs
[2024-08-06T18:21:16.409+0000] {taskinstance.py:2076} INFO - Dependencies all met for dep_context=non-requeueable deps ti=<TaskInstance: motower_daily_prod.motower_dcaparc scheduled__2024-02-16T06:00:00+00:00 [queued]>
[2024-08-06T18:21:16.420+0000] {taskinstance.py:2076} INFO - Dependencies all met for dep_context=requeueable deps ti=<TaskInstance: motower_daily_prod.motower_dcaparc scheduled__2024-02-16T06:00:00+00:00 [queued]>
[2024-08-06T18:21:16.421+0000] {taskinstance.py:2306} INFO - Starting attempt 1 of 1
[2024-08-06T18:21:16.436+0000] {taskinstance.py:2330} INFO - Executing <Task(PythonOperator): motower_dcaparc> on 2024-02-16 06:00:00+00:00
[2024-08-06T18:21:16.443+0000] {warnings.py:112} WARNING - /home/***/.local/lib/python3.12/site-packages/***/task/task_runner/standard_task_runner.py:62: DeprecationWarning: This process (pid=10476) is multi-threaded, use of fork() may lead to deadlocks in the child.
  pid = os.fork()

[2024-08-06T18:21:16.444+0000] {standard_task_runner.py:64} INFO - Started process 10478 to run task
[2024-08-06T18:21:16.445+0000] {standard_task_runner.py:90} INFO - Running: ['***', 'tasks', 'run', 'motower_daily_prod', 'motower_dcaparc', 'scheduled__2024-02-16T06:00:00+00:00', '--job-id', '2861', '--raw', '--subdir', 'DAGS_FOLDER/gps/custom_dags/motower_daily.py', '--cfg-path', '/tmp/tmp9sdsk8_v']
[2024-08-06T18:21:16.447+0000] {standard_task_runner.py:91} INFO - Job 2861: Subtask motower_dcaparc
[2024-08-06T18:21:16.491+0000] {task_command.py:426} INFO - Running <TaskInstance: motower_daily_prod.motower_dcaparc scheduled__2024-02-16T06:00:00+00:00 [running]> on host 13681191f11c
[2024-08-06T18:21:16.639+0000] {taskinstance.py:2648} INFO - Exporting env vars: AIRFLOW_CTX_DAG_EMAIL='richmond.kongo@orange.com,assane.diop@orange.com,cyrille1.danho@orange.com,mohamed2.sylla@orange.com,amadou.diomande@orange.com,Jonas.kouame@orange.com,armand.kablan@orange.com,anicet.azombade@orange.com,etienne.kouadio@orange.com,bertine.kouakou@orange.com,florentine.kouakou@orange.com,ange.phaceli@orange.com,soulegame.soro@orange.com,innocent.yengo@orange.com' AIRFLOW_CTX_DAG_OWNER='***' AIRFLOW_CTX_DAG_ID='motower_daily_prod' AIRFLOW_CTX_TASK_ID='motower_dcaparc' AIRFLOW_CTX_EXECUTION_DATE='2024-02-16T06:00:00+00:00' AIRFLOW_CTX_TRY_NUMBER='1' AIRFLOW_CTX_DAG_RUN_ID='scheduled__2024-02-16T06:00:00+00:00'
[2024-08-06T18:21:16.641+0000] {taskinstance.py:430} INFO - ::endgroup::
[2024-08-06T18:21:16.660+0000] {motower_daily.py:106} INFO - get last modified bdd sites cleaned
[2024-08-06T18:21:16.673+0000] {motower_daily.py:117} INFO - READING BASE_SITES-cleaned/2024/04/02.csv
[2024-08-06T18:21:16.765+0000] {data_validation.py:28} INFO - START VALIDATION 
[2024-08-06T18:21:16.767+0000] {data_validation.py:40} INFO - VALID ACTIFS SITES 3482
[2024-08-06T18:21:16.768+0000] {motower_daily.py:127} INFO - GET CA PARC FILE OF THE DAY 2024-02-15
[2024-08-06T18:21:16.768+0000] {motower_daily.py:131} INFO - READING ca-parc/2024/02/15.csv
[2024-08-06T18:21:16.800+0000] {motower_daily.py:136} INFO - DAILY KPI -      day_id       ca_voix       ca_data      parc  parc_data   parc_2g  parc_3g  parc_4g  parc_5g  parc_other      ca_total
0  20240215  5.224538e+08  6.402288e+08  16759186    8759790  12640473   912667  6567613   396981     1642872  1.186532e+09
[2024-08-06T18:21:16.801+0000] {data_validation.py:11} INFO - START VALIDATION OF COLUMN ca_total
[2024-08-06T18:21:16.802+0000] {data_validation.py:20} INFO - DATA OF COLUMN ca_total ARE VALID
[2024-08-06T18:21:16.803+0000] {data_validation.py:11} INFO - START VALIDATION OF COLUMN ca_voix
[2024-08-06T18:21:16.804+0000] {data_validation.py:20} INFO - DATA OF COLUMN ca_voix ARE VALID
[2024-08-06T18:21:16.805+0000] {data_validation.py:11} INFO - START VALIDATION OF COLUMN ca_data
[2024-08-06T18:21:16.806+0000] {data_validation.py:20} INFO - DATA OF COLUMN ca_data ARE VALID
[2024-08-06T18:21:16.806+0000] {data_validation.py:11} INFO - START VALIDATION OF COLUMN parc
[2024-08-06T18:21:16.807+0000] {data_validation.py:20} INFO - DATA OF COLUMN parc ARE VALID
[2024-08-06T18:21:16.808+0000] {data_validation.py:11} INFO - START VALIDATION OF COLUMN parc_data
[2024-08-06T18:21:16.809+0000] {data_validation.py:20} INFO - DATA OF COLUMN parc_data ARE VALID
[2024-08-06T18:21:16.809+0000] {motower_daily.py:139} INFO - MERGING BDD AND CA
[2024-08-06T18:21:16.814+0000] {motower_daily.py:141} INFO - prepare final daily data
[2024-08-06T18:21:16.816+0000] {logging_mixin.py:188} INFO - Index(['site', 'site bts', 'site physique', 'gestionnaire', 'proprietaire',
       'code oci', 'equipementier telecom', 'longitude', 'latitude',
       'type du site', 'antenna_mode', 'statut', 'couche en service',
       'technologie', 'technologie sans tdd', 'date mes', 'date mes 2g',
       'date mes 3g', 'date mes 4g', 'annee construction pylone', 'autre code',
       'code esco', 'code ihs', 'statut partage', 'statut sharing',
       'statut proprietaire', 'geo localite', 'commune', 'departement',
       'region', 'district', 'partenaires', 'localisation', 'ville',
       'quartier', 'type geolocalite', 'clutter', 'id quartier',
       'id geolocalite', 'type baie', 'hauteur batiment', 'tower type',
       'tower height', 'tower location', 'type energie', 'projet',
       'new project', 'position site', 'type indoor', 'decoupage',
       'sous coloc', 'tenant', 'mois', 'code oci id', 'day_id', 'id_site',
       'ca_voix', 'ca_data', 'ca_total', 'trafic_voix_in', 'trafic_data_in',
       'parc', 'parc_data', 'parc_2g', 'parc_3g', 'parc_4g', 'parc_5g',
       'parc_other', 'jour'],
      dtype='object')
[2024-08-06T18:21:16.819+0000] {warnings.py:112} WARNING - /opt/***/dags/gps/common/motower_daily.py:148: SettingWithCopyWarning: 
A value is trying to be set on a copy of a slice from a DataFrame

See the caveats in the documentation: https://pandas.pydata.org/pandas-docs/stable/user_guide/indexing.html#returning-a-view-versus-a-copy
  df_final.rename(columns=DAILY_CAPARC_COL, inplace=True)

[2024-08-06T18:21:16.820+0000] {warnings.py:112} WARNING - /opt/***/dags/gps/common/motower_daily.py:149: SettingWithCopyWarning: 
A value is trying to be set on a copy of a slice from a DataFrame.
Try using .loc[row_indexer,col_indexer] = value instead

See the caveats in the documentation: https://pandas.pydata.org/pandas-docs/stable/user_guide/indexing.html#returning-a-view-versus-a-copy
  df_final["trafic_data_in_mo"] = df_final["trafic_data_in"] / 1000

[2024-08-06T18:21:16.821+0000] {warnings.py:112} WARNING - /opt/***/dags/gps/common/motower_daily.py:150: SettingWithCopyWarning: 
A value is trying to be set on a copy of a slice from a DataFrame.
Try using .loc[row_indexer,col_indexer] = value instead

See the caveats in the documentation: https://pandas.pydata.org/pandas-docs/stable/user_guide/indexing.html#returning-a-view-versus-a-copy
  df_final["ca_norm"] = None

[2024-08-06T18:21:16.822+0000] {warnings.py:112} WARNING - /opt/***/dags/gps/common/motower_daily.py:151: SettingWithCopyWarning: 
A value is trying to be set on a copy of a slice from a DataFrame.
Try using .loc[row_indexer,col_indexer] = value instead

See the caveats in the documentation: https://pandas.pydata.org/pandas-docs/stable/user_guide/indexing.html#returning-a-view-versus-a-copy
  df_final["ca_mtd"] = None

[2024-08-06T18:21:16.823+0000] {warnings.py:112} WARNING - /opt/***/dags/gps/common/motower_daily.py:152: SettingWithCopyWarning: 
A value is trying to be set on a copy of a slice from a DataFrame.
Try using .loc[row_indexer,col_indexer] = value instead

See the caveats in the documentation: https://pandas.pydata.org/pandas-docs/stable/user_guide/indexing.html#returning-a-view-versus-a-copy
  df_final["segment"] = None

[2024-08-06T18:21:16.824+0000] {warnings.py:112} WARNING - /opt/***/dags/gps/common/motower_daily.py:153: SettingWithCopyWarning: 
A value is trying to be set on a copy of a slice from a DataFrame.
Try using .loc[row_indexer,col_indexer] = value instead

See the caveats in the documentation: https://pandas.pydata.org/pandas-docs/stable/user_guide/indexing.html#returning-a-view-versus-a-copy
  df_final["previous_segment"] = None

[2024-08-06T18:21:16.825+0000] {warnings.py:112} WARNING - /opt/***/dags/gps/common/motower_daily.py:154: SettingWithCopyWarning: 
A value is trying to be set on a copy of a slice from a DataFrame.
Try using .loc[row_indexer,col_indexer] = value instead

See the caveats in the documentation: https://pandas.pydata.org/pandas-docs/stable/user_guide/indexing.html#returning-a-view-versus-a-copy
  df_final["evolution_segment"] = None

[2024-08-06T18:21:16.825+0000] {logging_mixin.py:188} INFO - 2
[2024-08-06T18:21:16.826+0000] {logging_mixin.py:188} INFO - 2024-02-15 00:00:00
[2024-08-06T18:21:16.840+0000] {motower_daily.py:200} INFO - ADD  SEGMENT
[2024-08-06T18:21:17.165+0000] {motower_daily.py:205} INFO - DATA VALIDATION AFTER MERGING
[2024-08-06T18:21:17.165+0000] {data_validation.py:28} INFO - START VALIDATION 
[2024-08-06T18:21:17.167+0000] {data_validation.py:40} INFO - VALID ACTIFS SITES 3482
[2024-08-06T18:21:17.177+0000] {motower_daily.py:216} INFO - DAILY KPI -         jour       ca_voix       ca_data  parc_global  parc_data    parc_2g   parc_3g    parc_4g   parc_5g  autre_parc      ca_total
0 2024-02-15  5.198397e+08  6.378122e+08   15288509.0  8723496.0  5833499.0  202440.0  4591700.0  344950.0    828248.0  1.178877e+09
[2024-08-06T18:21:17.177+0000] {data_validation.py:11} INFO - START VALIDATION OF COLUMN ca_total
[2024-08-06T18:21:17.178+0000] {data_validation.py:20} INFO - DATA OF COLUMN ca_total ARE VALID
[2024-08-06T18:21:17.178+0000] {data_validation.py:11} INFO - START VALIDATION OF COLUMN ca_voix
[2024-08-06T18:21:17.179+0000] {data_validation.py:20} INFO - DATA OF COLUMN ca_voix ARE VALID
[2024-08-06T18:21:17.180+0000] {data_validation.py:11} INFO - START VALIDATION OF COLUMN ca_data
[2024-08-06T18:21:17.181+0000] {data_validation.py:20} INFO - DATA OF COLUMN ca_data ARE VALID
[2024-08-06T18:21:17.181+0000] {data_validation.py:11} INFO - START VALIDATION OF COLUMN parc_global
[2024-08-06T18:21:17.182+0000] {data_validation.py:20} INFO - DATA OF COLUMN parc_global ARE VALID
[2024-08-06T18:21:17.182+0000] {data_validation.py:11} INFO - START VALIDATION OF COLUMN parc_data
[2024-08-06T18:21:17.183+0000] {data_validation.py:20} INFO - DATA OF COLUMN parc_data ARE VALID
[2024-08-06T18:21:17.221+0000] {logging_mixin.py:188} INFO -         jour code_oci  code_oci_id  ... segment previous_segment evolution_segment
0 2024-02-15  OCI4069       4069.0  ...    None             None              None
1 2024-02-15  OCI4064       4064.0  ...    None             None              None
2 2024-02-15  OCI4092       4092.0  ...    None             None              None
3 2024-02-15  OCI4080       4080.0  ...    None             None              None
4 2024-02-15  OCI4073       4073.0  ...    None             None              None

[5 rows x 38 columns]
[2024-08-06T18:21:17.261+0000] {logging_mixin.py:188} INFO -         jour code_oci  code_oci_id  ... segment previous_segment evolution_segment
0 2024-02-15  OCI4069       4069.0  ...    None             None              None
1 2024-02-15  OCI4064       4064.0  ...    None             None              None
2 2024-02-15  OCI4092       4092.0  ...    None             None              None
3 2024-02-15  OCI4080       4080.0  ...    None             None              None
4 2024-02-15  OCI4073       4073.0  ...    None             None              None

[5 rows x 38 columns]
[2024-08-06T18:21:17.269+0000] {warnings.py:112} WARNING - /opt/***/dags/gps/custom_dags/motower_daily.py:139: SettingWithCopyWarning: 
A value is trying to be set on a copy of a slice from a DataFrame.
Try using .loc[row_indexer,col_indexer] = value instead

See the caveats in the documentation: https://pandas.pydata.org/pandas-docs/stable/user_guide/indexing.html#returning-a-view-versus-a-copy
  df_faits['mois'] = data["jour"].dt.month

[2024-08-06T18:21:17.270+0000] {warnings.py:112} WARNING - /opt/***/dags/gps/custom_dags/motower_daily.py:140: SettingWithCopyWarning: 
A value is trying to be set on a copy of a slice from a DataFrame.
Try using .loc[row_indexer,col_indexer] = value instead

See the caveats in the documentation: https://pandas.pydata.org/pandas-docs/stable/user_guide/indexing.html#returning-a-view-versus-a-copy
  df_faits['annee'] = data["jour"].dt.year

[2024-08-06T18:21:19.310+0000] {python.py:237} INFO - Done. Returned value was: None
[2024-08-06T18:21:19.311+0000] {taskinstance.py:441} INFO - ::group::Post task execution logs
[2024-08-06T18:21:19.324+0000] {taskinstance.py:1206} INFO - Marking task as SUCCESS. dag_id=motower_daily_prod, task_id=motower_dcaparc, run_id=scheduled__2024-02-16T06:00:00+00:00, execution_date=20240216T060000, start_date=20240806T182116, end_date=20240806T182119
[2024-08-06T18:21:19.386+0000] {local_task_job_runner.py:243} INFO - Task exited with return code 0
[2024-08-06T18:21:19.402+0000] {local_task_job_runner.py:222} INFO - ::endgroup::
