[2024-07-22T16:56:46.113+0000] {local_task_job_runner.py:120} INFO - ::group::Pre task execution logs
[2024-07-22T16:56:46.352+0000] {taskinstance.py:2076} INFO - Dependencies all met for dep_context=non-requeueable deps ti=<TaskInstance: motower_daily_prod.extracta scheduled__2024-06-25T06:00:00+00:00 [queued]>
[2024-07-22T16:56:46.362+0000] {taskinstance.py:2076} INFO - Dependencies all met for dep_context=requeueable deps ti=<TaskInstance: motower_daily_prod.extracta scheduled__2024-06-25T06:00:00+00:00 [queued]>
[2024-07-22T16:56:46.362+0000] {taskinstance.py:2306} INFO - Starting attempt 1 of 1
[2024-07-22T16:56:46.374+0000] {taskinstance.py:2330} INFO - Executing <Task(PythonOperator): extracta> on 2024-06-25 06:00:00+00:00
[2024-07-22T16:56:46.384+0000] {warnings.py:112} WARNING - /home/***/.local/lib/python3.12/site-packages/***/task/task_runner/standard_task_runner.py:62: DeprecationWarning: This process (pid=811) is multi-threaded, use of fork() may lead to deadlocks in the child.
  pid = os.fork()

[2024-07-22T16:56:46.386+0000] {standard_task_runner.py:64} INFO - Started process 820 to run task
[2024-07-22T16:56:46.386+0000] {standard_task_runner.py:90} INFO - Running: ['***', 'tasks', 'run', 'motower_daily_prod', 'extracta', 'scheduled__2024-06-25T06:00:00+00:00', '--job-id', '44', '--raw', '--subdir', 'DAGS_FOLDER/gps/custom_dags/motower_daily.py', '--cfg-path', '/tmp/tmp0nm2i5x8']
[2024-07-22T16:56:46.388+0000] {standard_task_runner.py:91} INFO - Job 44: Subtask extracta
[2024-07-22T16:56:46.430+0000] {task_command.py:426} INFO - Running <TaskInstance: motower_daily_prod.extracta scheduled__2024-06-25T06:00:00+00:00 [running]> on host 5e959f2258db
[2024-07-22T16:56:46.512+0000] {taskinstance.py:2648} INFO - Exporting env vars: AIRFLOW_CTX_DAG_EMAIL='richmond.kongo@orange.com,assane.diop@orange.com,cyrille1.danho@orange.com,mohamed2.sylla@orange.com,amadou.diomande@orange.com,Jonas.kouame@orange.com,armand.kablan@orange.com,anicet.azombade@orange.com,etienne.kouadio@orange.com,bertine.kouakou@orange.com,florentine.kouakou@orange.com,ange.phaceli@orange.com,soulegame.soro@orange.com,innocent.yengo@orange.com' AIRFLOW_CTX_DAG_OWNER='***' AIRFLOW_CTX_DAG_ID='motower_daily_prod' AIRFLOW_CTX_TASK_ID='extracta' AIRFLOW_CTX_EXECUTION_DATE='2024-06-25T06:00:00+00:00' AIRFLOW_CTX_TRY_NUMBER='1' AIRFLOW_CTX_DAG_RUN_ID='scheduled__2024-06-25T06:00:00+00:00'
[2024-07-22T16:56:46.513+0000] {taskinstance.py:430} INFO - ::endgroup::
[2024-07-22T16:56:46.530+0000] {extract.py:127} INFO - Getting data of the table dtm_motower_gsm 
[2024-07-22T16:56:46.530+0000] {extract.py:128} INFO - where date is 2024-06-24
[2024-07-22T16:56:46.530+0000] {extract.py:103} INFO - get data to date 20240624
[2024-07-22T16:56:46.535+0000] {warnings.py:112} WARNING - /opt/***/dags/gps/common/extract.py:104: UserWarning: pandas only supports SQLAlchemy connectable (engine/connection) or database string URI or sqlite3 DBAPI2 connection. Other DBAPI2 objects are not tested. Please consider using SQLAlchemy.
  df_ = pd.read_sql_query(sql_query, conn, params=params)

[2024-07-22T16:56:46.565+0000] {rwminio.py:19} INFO - start to save data
[2024-07-22T16:56:46.568+0000] {connectionpool.py:872} WARNING - Retrying (Retry(total=4, connect=None, read=None, redirect=None, status=None)) after connection broken by 'NewConnectionError('<urllib3.connection.HTTPConnection object at 0x728630419bb0>: Failed to establish a new connection: [Errno 111] Connection refused')': /motower?location=
[2024-07-22T16:56:46.970+0000] {connectionpool.py:872} WARNING - Retrying (Retry(total=3, connect=None, read=None, redirect=None, status=None)) after connection broken by 'NewConnectionError('<urllib3.connection.HTTPConnection object at 0x7286304becc0>: Failed to establish a new connection: [Errno 111] Connection refused')': /motower?location=
[2024-07-22T16:56:47.772+0000] {connectionpool.py:872} WARNING - Retrying (Retry(total=2, connect=None, read=None, redirect=None, status=None)) after connection broken by 'NewConnectionError('<urllib3.connection.HTTPConnection object at 0x7286304bf170>: Failed to establish a new connection: [Errno 111] Connection refused')': /motower?location=
[2024-07-22T16:56:49.374+0000] {connectionpool.py:872} WARNING - Retrying (Retry(total=1, connect=None, read=None, redirect=None, status=None)) after connection broken by 'NewConnectionError('<urllib3.connection.HTTPConnection object at 0x7286304bf5f0>: Failed to establish a new connection: [Errno 111] Connection refused')': /motower?location=
[2024-07-22T16:56:52.576+0000] {connectionpool.py:872} WARNING - Retrying (Retry(total=0, connect=None, read=None, redirect=None, status=None)) after connection broken by 'NewConnectionError('<urllib3.connection.HTTPConnection object at 0x7286304bf590>: Failed to establish a new connection: [Errno 111] Connection refused')': /motower?location=
[2024-07-22T16:56:52.577+0000] {rwminio.py:36} ERROR - Error saving data to Minio with error: HTTPConnectionPool(host='minio', port=80): Max retries exceeded with url: /motower?location= (Caused by NewConnectionError('<urllib3.connection.HTTPConnection object at 0x7286304bc950>: Failed to establish a new connection: [Errno 111] Connection refused'))
[2024-07-22T16:56:52.578+0000] {python.py:237} INFO - Done. Returned value was: None
[2024-07-22T16:56:52.578+0000] {taskinstance.py:441} INFO - ::group::Post task execution logs
[2024-07-22T16:56:52.588+0000] {taskinstance.py:1206} INFO - Marking task as SUCCESS. dag_id=motower_daily_prod, task_id=extracta, run_id=scheduled__2024-06-25T06:00:00+00:00, execution_date=20240625T060000, start_date=20240722T165646, end_date=20240722T165652
[2024-07-22T16:56:52.890+0000] {local_task_job_runner.py:243} INFO - Task exited with return code 0
[2024-07-22T16:56:52.908+0000] {taskinstance.py:3503} INFO - 1 downstream tasks scheduled from follow-on schedule check
[2024-07-22T16:56:52.909+0000] {local_task_job_runner.py:222} INFO - ::endgroup::
[2024-07-22T17:16:00.824+0000] {local_task_job_runner.py:120} INFO - ::group::Pre task execution logs
[2024-07-22T17:16:01.076+0000] {taskinstance.py:2076} INFO - Dependencies all met for dep_context=non-requeueable deps ti=<TaskInstance: motower_daily_prod.extracta scheduled__2024-06-25T06:00:00+00:00 [queued]>
[2024-07-22T17:16:01.085+0000] {taskinstance.py:2076} INFO - Dependencies all met for dep_context=requeueable deps ti=<TaskInstance: motower_daily_prod.extracta scheduled__2024-06-25T06:00:00+00:00 [queued]>
[2024-07-22T17:16:01.086+0000] {taskinstance.py:2306} INFO - Starting attempt 1 of 1
[2024-07-22T17:16:01.097+0000] {taskinstance.py:2330} INFO - Executing <Task(PythonOperator): extracta> on 2024-06-25 06:00:00+00:00
[2024-07-22T17:16:01.107+0000] {warnings.py:112} WARNING - /home/***/.local/lib/python3.12/site-packages/***/task/task_runner/standard_task_runner.py:62: DeprecationWarning: This process (pid=1203) is multi-threaded, use of fork() may lead to deadlocks in the child.
  pid = os.fork()

[2024-07-22T17:16:01.108+0000] {standard_task_runner.py:64} INFO - Started process 1218 to run task
[2024-07-22T17:16:01.109+0000] {standard_task_runner.py:90} INFO - Running: ['***', 'tasks', 'run', 'motower_daily_prod', 'extracta', 'scheduled__2024-06-25T06:00:00+00:00', '--job-id', '91', '--raw', '--subdir', 'DAGS_FOLDER/gps/custom_dags/motower_daily.py', '--cfg-path', '/tmp/tmpryxdj4xr']
[2024-07-22T17:16:01.111+0000] {standard_task_runner.py:91} INFO - Job 91: Subtask extracta
[2024-07-22T17:16:01.149+0000] {task_command.py:426} INFO - Running <TaskInstance: motower_daily_prod.extracta scheduled__2024-06-25T06:00:00+00:00 [running]> on host 5e959f2258db
[2024-07-22T17:16:01.236+0000] {taskinstance.py:2648} INFO - Exporting env vars: AIRFLOW_CTX_DAG_EMAIL='richmond.kongo@orange.com,assane.diop@orange.com,cyrille1.danho@orange.com,mohamed2.sylla@orange.com,amadou.diomande@orange.com,Jonas.kouame@orange.com,armand.kablan@orange.com,anicet.azombade@orange.com,etienne.kouadio@orange.com,bertine.kouakou@orange.com,florentine.kouakou@orange.com,ange.phaceli@orange.com,soulegame.soro@orange.com,innocent.yengo@orange.com' AIRFLOW_CTX_DAG_OWNER='***' AIRFLOW_CTX_DAG_ID='motower_daily_prod' AIRFLOW_CTX_TASK_ID='extracta' AIRFLOW_CTX_EXECUTION_DATE='2024-06-25T06:00:00+00:00' AIRFLOW_CTX_TRY_NUMBER='1' AIRFLOW_CTX_DAG_RUN_ID='scheduled__2024-06-25T06:00:00+00:00'
[2024-07-22T17:16:01.237+0000] {taskinstance.py:430} INFO - ::endgroup::
[2024-07-22T17:16:01.251+0000] {extract.py:127} INFO - Getting data of the table dtm_motower_gsm 
[2024-07-22T17:16:01.251+0000] {extract.py:128} INFO - where date is 2024-06-24
[2024-07-22T17:16:01.252+0000] {extract.py:103} INFO - get data to date 20240624
[2024-07-22T17:16:01.256+0000] {warnings.py:112} WARNING - /opt/***/dags/gps/common/extract.py:104: UserWarning: pandas only supports SQLAlchemy connectable (engine/connection) or database string URI or sqlite3 DBAPI2 connection. Other DBAPI2 objects are not tested. Please consider using SQLAlchemy.
  df_ = pd.read_sql_query(sql_query, conn, params=params)

[2024-07-22T17:16:01.283+0000] {rwminio.py:19} INFO - start to save data
[2024-07-22T17:16:01.285+0000] {connectionpool.py:872} WARNING - Retrying (Retry(total=4, connect=None, read=None, redirect=None, status=None)) after connection broken by 'NewConnectionError('<urllib3.connection.HTTPConnection object at 0x7286305430e0>: Failed to establish a new connection: [Errno 111] Connection refused')': /motower?location=
[2024-07-22T17:16:01.687+0000] {connectionpool.py:872} WARNING - Retrying (Retry(total=3, connect=None, read=None, redirect=None, status=None)) after connection broken by 'NewConnectionError('<urllib3.connection.HTTPConnection object at 0x7286304be7e0>: Failed to establish a new connection: [Errno 111] Connection refused')': /motower?location=
[2024-07-22T17:16:02.488+0000] {connectionpool.py:872} WARNING - Retrying (Retry(total=2, connect=None, read=None, redirect=None, status=None)) after connection broken by 'NewConnectionError('<urllib3.connection.HTTPConnection object at 0x7286304bec30>: Failed to establish a new connection: [Errno 111] Connection refused')': /motower?location=
[2024-07-22T17:16:04.089+0000] {connectionpool.py:872} WARNING - Retrying (Retry(total=1, connect=None, read=None, redirect=None, status=None)) after connection broken by 'NewConnectionError('<urllib3.connection.HTTPConnection object at 0x7286304bf0e0>: Failed to establish a new connection: [Errno 111] Connection refused')': /motower?location=
[2024-07-22T17:16:07.291+0000] {connectionpool.py:872} WARNING - Retrying (Retry(total=0, connect=None, read=None, redirect=None, status=None)) after connection broken by 'NewConnectionError('<urllib3.connection.HTTPConnection object at 0x7286304bf4a0>: Failed to establish a new connection: [Errno 111] Connection refused')': /motower?location=
[2024-07-22T17:16:07.292+0000] {rwminio.py:36} ERROR - Error saving data to Minio with error: HTTPConnectionPool(host='minio', port=80): Max retries exceeded with url: /motower?location= (Caused by NewConnectionError('<urllib3.connection.HTTPConnection object at 0x7286304bf7d0>: Failed to establish a new connection: [Errno 111] Connection refused'))
[2024-07-22T17:16:07.293+0000] {python.py:237} INFO - Done. Returned value was: None
[2024-07-22T17:16:07.295+0000] {taskinstance.py:441} INFO - ::group::Post task execution logs
[2024-07-22T17:16:07.310+0000] {taskinstance.py:1206} INFO - Marking task as SUCCESS. dag_id=motower_daily_prod, task_id=extracta, run_id=scheduled__2024-06-25T06:00:00+00:00, execution_date=20240625T060000, start_date=20240722T171601, end_date=20240722T171607
[2024-07-22T17:16:07.370+0000] {local_task_job_runner.py:243} INFO - Task exited with return code 0
[2024-07-22T17:16:07.391+0000] {taskinstance.py:3503} INFO - 1 downstream tasks scheduled from follow-on schedule check
[2024-07-22T17:16:07.392+0000] {local_task_job_runner.py:222} INFO - ::endgroup::
[2024-07-22T17:43:20.470+0000] {local_task_job_runner.py:120} INFO - ::group::Pre task execution logs
[2024-07-22T17:43:20.758+0000] {taskinstance.py:2076} INFO - Dependencies all met for dep_context=non-requeueable deps ti=<TaskInstance: motower_daily_prod.extracta scheduled__2024-06-25T06:00:00+00:00 [queued]>
[2024-07-22T17:43:20.769+0000] {taskinstance.py:2076} INFO - Dependencies all met for dep_context=requeueable deps ti=<TaskInstance: motower_daily_prod.extracta scheduled__2024-06-25T06:00:00+00:00 [queued]>
[2024-07-22T17:43:20.770+0000] {taskinstance.py:2306} INFO - Starting attempt 1 of 1
[2024-07-22T17:43:20.784+0000] {taskinstance.py:2330} INFO - Executing <Task(PythonOperator): extracta> on 2024-06-25 06:00:00+00:00
[2024-07-22T17:43:20.797+0000] {warnings.py:112} WARNING - /home/***/.local/lib/python3.12/site-packages/***/task/task_runner/standard_task_runner.py:62: DeprecationWarning: This process (pid=1698) is multi-threaded, use of fork() may lead to deadlocks in the child.
  pid = os.fork()

[2024-07-22T17:43:20.799+0000] {standard_task_runner.py:64} INFO - Started process 1709 to run task
[2024-07-22T17:43:20.799+0000] {standard_task_runner.py:90} INFO - Running: ['***', 'tasks', 'run', 'motower_daily_prod', 'extracta', 'scheduled__2024-06-25T06:00:00+00:00', '--job-id', '139', '--raw', '--subdir', 'DAGS_FOLDER/gps/custom_dags/motower_daily.py', '--cfg-path', '/tmp/tmpsf2gbnmn']
[2024-07-22T17:43:20.802+0000] {standard_task_runner.py:91} INFO - Job 139: Subtask extracta
[2024-07-22T17:43:20.859+0000] {task_command.py:426} INFO - Running <TaskInstance: motower_daily_prod.extracta scheduled__2024-06-25T06:00:00+00:00 [running]> on host 5e959f2258db
[2024-07-22T17:43:20.936+0000] {taskinstance.py:2648} INFO - Exporting env vars: AIRFLOW_CTX_DAG_EMAIL='richmond.kongo@orange.com,assane.diop@orange.com,cyrille1.danho@orange.com,mohamed2.sylla@orange.com,amadou.diomande@orange.com,Jonas.kouame@orange.com,armand.kablan@orange.com,anicet.azombade@orange.com,etienne.kouadio@orange.com,bertine.kouakou@orange.com,florentine.kouakou@orange.com,ange.phaceli@orange.com,soulegame.soro@orange.com,innocent.yengo@orange.com' AIRFLOW_CTX_DAG_OWNER='***' AIRFLOW_CTX_DAG_ID='motower_daily_prod' AIRFLOW_CTX_TASK_ID='extracta' AIRFLOW_CTX_EXECUTION_DATE='2024-06-25T06:00:00+00:00' AIRFLOW_CTX_TRY_NUMBER='1' AIRFLOW_CTX_DAG_RUN_ID='scheduled__2024-06-25T06:00:00+00:00'
[2024-07-22T17:43:20.937+0000] {taskinstance.py:430} INFO - ::endgroup::
[2024-07-22T17:43:20.950+0000] {extract.py:127} INFO - Getting data of the table dtm_motower_gsm 
[2024-07-22T17:43:20.951+0000] {extract.py:128} INFO - where date is 2024-06-24
[2024-07-22T17:43:20.951+0000] {extract.py:103} INFO - get data to date 20240624
[2024-07-22T17:43:20.955+0000] {warnings.py:112} WARNING - /opt/***/dags/gps/common/extract.py:104: UserWarning: pandas only supports SQLAlchemy connectable (engine/connection) or database string URI or sqlite3 DBAPI2 connection. Other DBAPI2 objects are not tested. Please consider using SQLAlchemy.
  df_ = pd.read_sql_query(sql_query, conn, params=params)

[2024-07-22T17:43:20.981+0000] {rwminio.py:19} INFO - start to save data
[2024-07-22T17:43:21.023+0000] {rwminio.py:34} INFO - data in minio ok
[2024-07-22T17:43:21.023+0000] {python.py:237} INFO - Done. Returned value was: None
[2024-07-22T17:43:21.024+0000] {taskinstance.py:441} INFO - ::group::Post task execution logs
[2024-07-22T17:43:21.034+0000] {taskinstance.py:1206} INFO - Marking task as SUCCESS. dag_id=motower_daily_prod, task_id=extracta, run_id=scheduled__2024-06-25T06:00:00+00:00, execution_date=20240625T060000, start_date=20240722T174320, end_date=20240722T174321
[2024-07-22T17:43:21.096+0000] {local_task_job_runner.py:243} INFO - Task exited with return code 0
[2024-07-22T17:43:21.116+0000] {taskinstance.py:3503} INFO - 1 downstream tasks scheduled from follow-on schedule check
[2024-07-22T17:43:21.117+0000] {local_task_job_runner.py:222} INFO - ::endgroup::
