[2024-08-06T16:57:16.493+0000] {local_task_job_runner.py:120} INFO - ::group::Pre task execution logs
[2024-08-06T16:57:16.599+0000] {taskinstance.py:2076} INFO - Dependencies all met for dep_context=non-requeueable deps ti=<TaskInstance: motower_daily_prod.sensor_congestion scheduled__2024-01-11T06:00:00+00:00 [queued]>
[2024-08-06T16:57:16.624+0000] {taskinstance.py:2076} INFO - Dependencies all met for dep_context=requeueable deps ti=<TaskInstance: motower_daily_prod.sensor_congestion scheduled__2024-01-11T06:00:00+00:00 [queued]>
[2024-08-06T16:57:16.625+0000] {taskinstance.py:2306} INFO - Starting attempt 1 of 1
[2024-08-06T16:57:16.655+0000] {taskinstance.py:2330} INFO - Executing <Task(PythonSensor): sensor_congestion> on 2024-01-11 06:00:00+00:00
[2024-08-06T16:57:16.695+0000] {warnings.py:112} WARNING - /home/***/.local/lib/python3.12/site-packages/***/task/task_runner/standard_task_runner.py:62: DeprecationWarning: This process (pid=1256) is multi-threaded, use of fork() may lead to deadlocks in the child.
  pid = os.fork()

[2024-08-06T16:57:16.697+0000] {standard_task_runner.py:64} INFO - Started process 1275 to run task
[2024-08-06T16:57:16.707+0000] {standard_task_runner.py:90} INFO - Running: ['***', 'tasks', 'run', 'motower_daily_prod', 'sensor_congestion', 'scheduled__2024-01-11T06:00:00+00:00', '--job-id', '123', '--raw', '--subdir', 'DAGS_FOLDER/gps/custom_dags/motower_daily.py', '--cfg-path', '/tmp/tmpm1ic1n3b']
[2024-08-06T16:57:16.723+0000] {standard_task_runner.py:91} INFO - Job 123: Subtask sensor_congestion
[2024-08-06T16:57:16.928+0000] {task_command.py:426} INFO - Running <TaskInstance: motower_daily_prod.sensor_congestion scheduled__2024-01-11T06:00:00+00:00 [running]> on host 13681191f11c
[2024-08-06T16:57:17.435+0000] {taskinstance.py:2648} INFO - Exporting env vars: AIRFLOW_CTX_DAG_EMAIL='richmond.kongo@orange.com,assane.diop@orange.com,cyrille1.danho@orange.com,mohamed2.sylla@orange.com,amadou.diomande@orange.com,Jonas.kouame@orange.com,armand.kablan@orange.com,anicet.azombade@orange.com,etienne.kouadio@orange.com,bertine.kouakou@orange.com,florentine.kouakou@orange.com,ange.phaceli@orange.com,soulegame.soro@orange.com,innocent.yengo@orange.com' AIRFLOW_CTX_DAG_OWNER='***' AIRFLOW_CTX_DAG_ID='motower_daily_prod' AIRFLOW_CTX_TASK_ID='sensor_congestion' AIRFLOW_CTX_EXECUTION_DATE='2024-01-11T06:00:00+00:00' AIRFLOW_CTX_TRY_NUMBER='1' AIRFLOW_CTX_DAG_RUN_ID='scheduled__2024-01-11T06:00:00+00:00'
[2024-08-06T16:57:17.437+0000] {taskinstance.py:430} INFO - ::endgroup::
[2024-08-06T16:57:17.552+0000] {python.py:75} INFO - Poking callable: <function check_data_in_table at 0x701c429befc0>
[2024-08-06T16:57:17.577+0000] {extract.py:126} INFO - Getting data of the table ks_hebdo_tdb_radio_drsi 
[2024-08-06T16:57:17.577+0000] {extract.py:127} INFO - where date is 2024-01-10
[2024-08-06T16:57:17.578+0000] {extract.py:98} INFO - get data to date 2 and year 2024
[2024-08-06T16:57:17.607+0000] {warnings.py:112} WARNING - /opt/***/dags/gps/common/extract.py:99: UserWarning: pandas only supports SQLAlchemy connectable (engine/connection) or database string URI or sqlite3 DBAPI2 connection. Other DBAPI2 objects are not tested. Please consider using SQLAlchemy.
  df_ = pd.read_sql_query(sql_query, conn, params=params)

[2024-08-06T16:57:17.934+0000] {base.py:294} INFO - Success criteria met. Exiting.
[2024-08-06T16:57:17.934+0000] {taskinstance.py:441} INFO - ::group::Post task execution logs
[2024-08-06T16:57:17.975+0000] {taskinstance.py:1206} INFO - Marking task as SUCCESS. dag_id=motower_daily_prod, task_id=sensor_congestion, run_id=scheduled__2024-01-11T06:00:00+00:00, execution_date=20240111T060000, start_date=20240806T165716, end_date=20240806T165717
[2024-08-06T16:57:18.049+0000] {local_task_job_runner.py:243} INFO - Task exited with return code 0
[2024-08-06T16:57:18.096+0000] {local_task_job_runner.py:222} INFO - ::endgroup::
[2024-08-06T17:27:42.612+0000] {local_task_job_runner.py:120} INFO - ::group::Pre task execution logs
[2024-08-06T17:27:42.737+0000] {taskinstance.py:2076} INFO - Dependencies all met for dep_context=non-requeueable deps ti=<TaskInstance: motower_daily_prod.sensor_congestion scheduled__2024-01-11T06:00:00+00:00 [queued]>
[2024-08-06T17:27:42.765+0000] {taskinstance.py:2076} INFO - Dependencies all met for dep_context=requeueable deps ti=<TaskInstance: motower_daily_prod.sensor_congestion scheduled__2024-01-11T06:00:00+00:00 [queued]>
[2024-08-06T17:27:42.765+0000] {taskinstance.py:2306} INFO - Starting attempt 1 of 1
[2024-08-06T17:27:43.732+0000] {taskinstance.py:2330} INFO - Executing <Task(PythonSensor): sensor_congestion> on 2024-01-11 06:00:00+00:00
[2024-08-06T17:27:43.798+0000] {warnings.py:112} WARNING - /home/***/.local/lib/python3.12/site-packages/***/task/task_runner/standard_task_runner.py:62: DeprecationWarning: This process (pid=5399) is multi-threaded, use of fork() may lead to deadlocks in the child.
  pid = os.fork()

[2024-08-06T17:27:43.801+0000] {standard_task_runner.py:64} INFO - Started process 5418 to run task
[2024-08-06T17:27:43.809+0000] {standard_task_runner.py:90} INFO - Running: ['***', 'tasks', 'run', 'motower_daily_prod', 'sensor_congestion', 'scheduled__2024-01-11T06:00:00+00:00', '--job-id', '1384', '--raw', '--subdir', 'DAGS_FOLDER/gps/custom_dags/motower_daily.py', '--cfg-path', '/tmp/tmpaonn5adh']
[2024-08-06T17:27:43.814+0000] {standard_task_runner.py:91} INFO - Job 1384: Subtask sensor_congestion
[2024-08-06T17:27:44.068+0000] {task_command.py:426} INFO - Running <TaskInstance: motower_daily_prod.sensor_congestion scheduled__2024-01-11T06:00:00+00:00 [running]> on host 13681191f11c
[2024-08-06T17:27:44.357+0000] {taskinstance.py:2648} INFO - Exporting env vars: AIRFLOW_CTX_DAG_EMAIL='richmond.kongo@orange.com,assane.diop@orange.com,cyrille1.danho@orange.com,mohamed2.sylla@orange.com,amadou.diomande@orange.com,Jonas.kouame@orange.com,armand.kablan@orange.com,anicet.azombade@orange.com,etienne.kouadio@orange.com,bertine.kouakou@orange.com,florentine.kouakou@orange.com,ange.phaceli@orange.com,soulegame.soro@orange.com,innocent.yengo@orange.com' AIRFLOW_CTX_DAG_OWNER='***' AIRFLOW_CTX_DAG_ID='motower_daily_prod' AIRFLOW_CTX_TASK_ID='sensor_congestion' AIRFLOW_CTX_EXECUTION_DATE='2024-01-11T06:00:00+00:00' AIRFLOW_CTX_TRY_NUMBER='1' AIRFLOW_CTX_DAG_RUN_ID='scheduled__2024-01-11T06:00:00+00:00'
[2024-08-06T17:27:44.358+0000] {taskinstance.py:430} INFO - ::endgroup::
[2024-08-06T17:27:44.393+0000] {python.py:75} INFO - Poking callable: <function check_data_in_table at 0x701c270efd80>
[2024-08-06T17:27:44.421+0000] {extract.py:126} INFO - Getting data of the table ks_hebdo_tdb_radio_drsi 
[2024-08-06T17:27:44.421+0000] {extract.py:127} INFO - where date is 2024-01-10
[2024-08-06T17:27:44.422+0000] {extract.py:98} INFO - get data to date 2 and year 2024
[2024-08-06T17:27:44.433+0000] {warnings.py:112} WARNING - /opt/***/dags/gps/common/extract.py:99: UserWarning: pandas only supports SQLAlchemy connectable (engine/connection) or database string URI or sqlite3 DBAPI2 connection. Other DBAPI2 objects are not tested. Please consider using SQLAlchemy.
  df_ = pd.read_sql_query(sql_query, conn, params=params)

[2024-08-06T17:27:44.837+0000] {base.py:294} INFO - Success criteria met. Exiting.
[2024-08-06T17:27:44.837+0000] {taskinstance.py:441} INFO - ::group::Post task execution logs
[2024-08-06T17:27:44.869+0000] {taskinstance.py:1206} INFO - Marking task as SUCCESS. dag_id=motower_daily_prod, task_id=sensor_congestion, run_id=scheduled__2024-01-11T06:00:00+00:00, execution_date=20240111T060000, start_date=20240806T172742, end_date=20240806T172744
[2024-08-06T17:27:44.948+0000] {local_task_job_runner.py:243} INFO - Task exited with return code 0
[2024-08-06T17:27:44.970+0000] {local_task_job_runner.py:222} INFO - ::endgroup::
[2024-08-06T18:15:25.101+0000] {local_task_job_runner.py:120} INFO - ::group::Pre task execution logs
[2024-08-06T18:15:25.201+0000] {taskinstance.py:2076} INFO - Dependencies all met for dep_context=non-requeueable deps ti=<TaskInstance: motower_daily_prod.sensor_congestion scheduled__2024-01-11T06:00:00+00:00 [queued]>
[2024-08-06T18:15:25.228+0000] {taskinstance.py:2076} INFO - Dependencies all met for dep_context=requeueable deps ti=<TaskInstance: motower_daily_prod.sensor_congestion scheduled__2024-01-11T06:00:00+00:00 [queued]>
[2024-08-06T18:15:25.229+0000] {taskinstance.py:2306} INFO - Starting attempt 1 of 1
[2024-08-06T18:15:25.275+0000] {taskinstance.py:2330} INFO - Executing <Task(PythonSensor): sensor_congestion> on 2024-01-11 06:00:00+00:00
[2024-08-06T18:15:25.293+0000] {warnings.py:112} WARNING - /home/***/.local/lib/python3.12/site-packages/***/task/task_runner/standard_task_runner.py:62: DeprecationWarning: This process (pid=9286) is multi-threaded, use of fork() may lead to deadlocks in the child.
  pid = os.fork()

[2024-08-06T18:15:25.296+0000] {standard_task_runner.py:64} INFO - Started process 9300 to run task
[2024-08-06T18:15:25.300+0000] {standard_task_runner.py:90} INFO - Running: ['***', 'tasks', 'run', 'motower_daily_prod', 'sensor_congestion', 'scheduled__2024-01-11T06:00:00+00:00', '--job-id', '2487', '--raw', '--subdir', 'DAGS_FOLDER/gps/custom_dags/motower_daily.py', '--cfg-path', '/tmp/tmp47movcv1']
[2024-08-06T18:15:25.305+0000] {standard_task_runner.py:91} INFO - Job 2487: Subtask sensor_congestion
[2024-08-06T18:15:25.460+0000] {task_command.py:426} INFO - Running <TaskInstance: motower_daily_prod.sensor_congestion scheduled__2024-01-11T06:00:00+00:00 [running]> on host 13681191f11c
[2024-08-06T18:15:25.893+0000] {taskinstance.py:2648} INFO - Exporting env vars: AIRFLOW_CTX_DAG_EMAIL='richmond.kongo@orange.com,assane.diop@orange.com,cyrille1.danho@orange.com,mohamed2.sylla@orange.com,amadou.diomande@orange.com,Jonas.kouame@orange.com,armand.kablan@orange.com,anicet.azombade@orange.com,etienne.kouadio@orange.com,bertine.kouakou@orange.com,florentine.kouakou@orange.com,ange.phaceli@orange.com,soulegame.soro@orange.com,innocent.yengo@orange.com' AIRFLOW_CTX_DAG_OWNER='***' AIRFLOW_CTX_DAG_ID='motower_daily_prod' AIRFLOW_CTX_TASK_ID='sensor_congestion' AIRFLOW_CTX_EXECUTION_DATE='2024-01-11T06:00:00+00:00' AIRFLOW_CTX_TRY_NUMBER='1' AIRFLOW_CTX_DAG_RUN_ID='scheduled__2024-01-11T06:00:00+00:00'
[2024-08-06T18:15:25.900+0000] {taskinstance.py:430} INFO - ::endgroup::
[2024-08-06T18:15:25.939+0000] {python.py:75} INFO - Poking callable: <function check_data_in_table at 0x701c26db49a0>
[2024-08-06T18:15:25.958+0000] {extract.py:126} INFO - Getting data of the table ks_hebdo_tdb_radio_drsi 
[2024-08-06T18:15:25.958+0000] {extract.py:127} INFO - where date is 2024-01-10
[2024-08-06T18:15:25.959+0000] {extract.py:98} INFO - get data to date 2 and year 2024
[2024-08-06T18:15:25.970+0000] {warnings.py:112} WARNING - /opt/***/dags/gps/common/extract.py:99: UserWarning: pandas only supports SQLAlchemy connectable (engine/connection) or database string URI or sqlite3 DBAPI2 connection. Other DBAPI2 objects are not tested. Please consider using SQLAlchemy.
  df_ = pd.read_sql_query(sql_query, conn, params=params)

[2024-08-06T18:15:26.546+0000] {base.py:294} INFO - Success criteria met. Exiting.
[2024-08-06T18:15:26.547+0000] {taskinstance.py:441} INFO - ::group::Post task execution logs
[2024-08-06T18:15:26.566+0000] {taskinstance.py:1206} INFO - Marking task as SUCCESS. dag_id=motower_daily_prod, task_id=sensor_congestion, run_id=scheduled__2024-01-11T06:00:00+00:00, execution_date=20240111T060000, start_date=20240806T181525, end_date=20240806T181526
[2024-08-06T18:15:26.627+0000] {local_task_job_runner.py:243} INFO - Task exited with return code 0
[2024-08-06T18:15:26.645+0000] {local_task_job_runner.py:222} INFO - ::endgroup::
