[2024-07-23T17:03:02.969+0000] {local_task_job_runner.py:120} INFO - ::group::Pre task execution logs
[2024-07-23T17:03:02.998+0000] {taskinstance.py:2076} INFO - Dependencies all met for dep_context=non-requeueable deps ti=<TaskInstance: enrich_prod.cleaning.cleaning_ihs manual__2024-07-23T17:02:58.801190+00:00 [queued]>
[2024-07-23T17:03:03.008+0000] {taskinstance.py:2076} INFO - Dependencies all met for dep_context=requeueable deps ti=<TaskInstance: enrich_prod.cleaning.cleaning_ihs manual__2024-07-23T17:02:58.801190+00:00 [queued]>
[2024-07-23T17:03:03.008+0000] {taskinstance.py:2306} INFO - Starting attempt 1 of 1
[2024-07-23T17:03:03.022+0000] {taskinstance.py:2330} INFO - Executing <Task(PythonOperator): cleaning.cleaning_ihs> on 2024-07-23 17:02:58.801190+00:00
[2024-07-23T17:03:03.031+0000] {warnings.py:112} WARNING - /home/***/.local/lib/python3.12/site-packages/***/task/task_runner/standard_task_runner.py:62: DeprecationWarning: This process (pid=114) is multi-threaded, use of fork() may lead to deadlocks in the child.
  pid = os.fork()

[2024-07-23T17:03:03.032+0000] {standard_task_runner.py:64} INFO - Started process 120 to run task
[2024-07-23T17:03:03.032+0000] {standard_task_runner.py:90} INFO - Running: ['***', 'tasks', 'run', 'enrich_prod', 'cleaning.cleaning_ihs', 'manual__2024-07-23T17:02:58.801190+00:00', '--job-id', '10', '--raw', '--subdir', 'DAGS_FOLDER/gps/custom_dags/enrich.py', '--cfg-path', '/tmp/tmpjde6_me1']
[2024-07-23T17:03:03.034+0000] {standard_task_runner.py:91} INFO - Job 10: Subtask cleaning.cleaning_ihs
[2024-07-23T17:03:03.075+0000] {task_command.py:426} INFO - Running <TaskInstance: enrich_prod.cleaning.cleaning_ihs manual__2024-07-23T17:02:58.801190+00:00 [running]> on host 57f550887412
[2024-07-23T17:03:03.155+0000] {taskinstance.py:2648} INFO - Exporting env vars: AIRFLOW_CTX_DAG_EMAIL='richmond.kongo@orange.com,assane.diop@orange.com,cyrille1.danho@orange.com,mohamed2.sylla@orange.com,amadou.diomande@orange.com,Jonas.kouame@orange.com,armand.kablan@orange.com,anicet.azombade@orange.com,etienne.kouadio@orange.com,bertine.kouakou@orange.com,florentine.kouakou@orange.com,ange.phaceli@orange.com,soulegame.soro@orange.com,innocent.yengo@orange.com' AIRFLOW_CTX_DAG_OWNER='***' AIRFLOW_CTX_DAG_ID='enrich_prod' AIRFLOW_CTX_TASK_ID='cleaning.cleaning_ihs' AIRFLOW_CTX_EXECUTION_DATE='2024-07-23T17:02:58.801190+00:00' AIRFLOW_CTX_TRY_NUMBER='1' AIRFLOW_CTX_DAG_RUN_ID='manual__2024-07-23T17:02:58.801190+00:00'
[2024-07-23T17:03:03.156+0000] {taskinstance.py:430} INFO - ::endgroup::
[2024-07-23T17:03:03.167+0000] {python.py:237} INFO - Done. Returned value was: None
[2024-07-23T17:03:03.167+0000] {taskinstance.py:441} INFO - ::group::Post task execution logs
[2024-07-23T17:03:03.177+0000] {taskinstance.py:1206} INFO - Marking task as SUCCESS. dag_id=enrich_prod, task_id=cleaning.cleaning_ihs, run_id=manual__2024-07-23T17:02:58.801190+00:00, execution_date=20240723T170258, start_date=20240723T170302, end_date=20240723T170303
[2024-07-23T17:03:03.205+0000] {local_task_job_runner.py:243} INFO - Task exited with return code 0
[2024-07-23T17:03:03.217+0000] {local_task_job_runner.py:222} INFO - ::endgroup::
[2024-07-23T17:17:33.797+0000] {local_task_job_runner.py:120} INFO - ::group::Pre task execution logs
[2024-07-23T17:17:34.001+0000] {taskinstance.py:2076} INFO - Dependencies all met for dep_context=non-requeueable deps ti=<TaskInstance: enrich_prod.cleaning.cleaning_ihs manual__2024-07-23T17:02:58.801190+00:00 [queued]>
[2024-07-23T17:17:34.009+0000] {taskinstance.py:2076} INFO - Dependencies all met for dep_context=requeueable deps ti=<TaskInstance: enrich_prod.cleaning.cleaning_ihs manual__2024-07-23T17:02:58.801190+00:00 [queued]>
[2024-07-23T17:17:34.009+0000] {taskinstance.py:2306} INFO - Starting attempt 1 of 1
[2024-07-23T17:17:34.019+0000] {taskinstance.py:2330} INFO - Executing <Task(PythonOperator): cleaning.cleaning_ihs> on 2024-07-23 17:02:58.801190+00:00
[2024-07-23T17:17:34.028+0000] {warnings.py:112} WARNING - /home/***/.local/lib/python3.12/site-packages/***/task/task_runner/standard_task_runner.py:62: DeprecationWarning: This process (pid=493) is multi-threaded, use of fork() may lead to deadlocks in the child.
  pid = os.fork()

[2024-07-23T17:17:34.029+0000] {standard_task_runner.py:64} INFO - Started process 498 to run task
[2024-07-23T17:17:34.030+0000] {standard_task_runner.py:90} INFO - Running: ['***', 'tasks', 'run', 'enrich_prod', 'cleaning.cleaning_ihs', 'manual__2024-07-23T17:02:58.801190+00:00', '--job-id', '72', '--raw', '--subdir', 'DAGS_FOLDER/gps/custom_dags/enrich.py', '--cfg-path', '/tmp/tmpkm6tn22p']
[2024-07-23T17:17:34.031+0000] {standard_task_runner.py:91} INFO - Job 72: Subtask cleaning.cleaning_ihs
[2024-07-23T17:17:34.069+0000] {task_command.py:426} INFO - Running <TaskInstance: enrich_prod.cleaning.cleaning_ihs manual__2024-07-23T17:02:58.801190+00:00 [running]> on host 57f550887412
[2024-07-23T17:17:34.145+0000] {taskinstance.py:2648} INFO - Exporting env vars: AIRFLOW_CTX_DAG_EMAIL='richmond.kongo@orange.com,assane.diop@orange.com,cyrille1.danho@orange.com,mohamed2.sylla@orange.com,amadou.diomande@orange.com,Jonas.kouame@orange.com,armand.kablan@orange.com,anicet.azombade@orange.com,etienne.kouadio@orange.com,bertine.kouakou@orange.com,florentine.kouakou@orange.com,ange.phaceli@orange.com,soulegame.soro@orange.com,innocent.yengo@orange.com' AIRFLOW_CTX_DAG_OWNER='***' AIRFLOW_CTX_DAG_ID='enrich_prod' AIRFLOW_CTX_TASK_ID='cleaning.cleaning_ihs' AIRFLOW_CTX_EXECUTION_DATE='2024-07-23T17:02:58.801190+00:00' AIRFLOW_CTX_TRY_NUMBER='1' AIRFLOW_CTX_DAG_RUN_ID='manual__2024-07-23T17:02:58.801190+00:00'
[2024-07-23T17:17:34.146+0000] {taskinstance.py:430} INFO - ::endgroup::
[2024-07-23T17:17:34.155+0000] {python.py:237} INFO - Done. Returned value was: None
[2024-07-23T17:17:34.155+0000] {taskinstance.py:441} INFO - ::group::Post task execution logs
[2024-07-23T17:17:34.164+0000] {taskinstance.py:1206} INFO - Marking task as SUCCESS. dag_id=enrich_prod, task_id=cleaning.cleaning_ihs, run_id=manual__2024-07-23T17:02:58.801190+00:00, execution_date=20240723T170258, start_date=20240723T171734, end_date=20240723T171734
[2024-07-23T17:17:34.202+0000] {local_task_job_runner.py:243} INFO - Task exited with return code 0
[2024-07-23T17:17:34.213+0000] {local_task_job_runner.py:222} INFO - ::endgroup::
