[2024-07-25T08:33:19.153+0000] {local_task_job_runner.py:120} INFO - ::group::Pre task execution logs
[2024-07-25T08:33:19.181+0000] {taskinstance.py:2076} INFO - Dependencies all met for dep_context=non-requeueable deps ti=<TaskInstance: motower_daily_prod.gen_congestion_task scheduled__2024-06-19T06:00:00+00:00 [queued]>
[2024-07-25T08:33:19.190+0000] {taskinstance.py:2076} INFO - Dependencies all met for dep_context=requeueable deps ti=<TaskInstance: motower_daily_prod.gen_congestion_task scheduled__2024-06-19T06:00:00+00:00 [queued]>
[2024-07-25T08:33:19.190+0000] {taskinstance.py:2306} INFO - Starting attempt 1 of 1
[2024-07-25T08:33:19.202+0000] {taskinstance.py:2330} INFO - Executing <Task(PythonOperator): gen_congestion_task> on 2024-06-19 06:00:00+00:00
[2024-07-25T08:33:19.212+0000] {warnings.py:112} WARNING - /home/***/.local/lib/python3.12/site-packages/***/task/task_runner/standard_task_runner.py:62: DeprecationWarning: This process (pid=2387) is multi-threaded, use of fork() may lead to deadlocks in the child.
  pid = os.fork()

[2024-07-25T08:33:19.213+0000] {standard_task_runner.py:64} INFO - Started process 2398 to run task
[2024-07-25T08:33:19.213+0000] {standard_task_runner.py:90} INFO - Running: ['***', 'tasks', 'run', 'motower_daily_prod', 'gen_congestion_task', 'scheduled__2024-06-19T06:00:00+00:00', '--job-id', '831', '--raw', '--subdir', 'DAGS_FOLDER/gps/custom_dags/motower_daily.py', '--cfg-path', '/tmp/tmpyg3w18z7']
[2024-07-25T08:33:19.215+0000] {standard_task_runner.py:91} INFO - Job 831: Subtask gen_congestion_task
[2024-07-25T08:33:19.255+0000] {task_command.py:426} INFO - Running <TaskInstance: motower_daily_prod.gen_congestion_task scheduled__2024-06-19T06:00:00+00:00 [running]> on host b3845fb494d4
[2024-07-25T08:33:19.344+0000] {taskinstance.py:2648} INFO - Exporting env vars: AIRFLOW_CTX_DAG_EMAIL='richmond.kongo@orange.com,assane.diop@orange.com,cyrille1.danho@orange.com,mohamed2.sylla@orange.com,amadou.diomande@orange.com,Jonas.kouame@orange.com,armand.kablan@orange.com,anicet.azombade@orange.com,etienne.kouadio@orange.com,bertine.kouakou@orange.com,florentine.kouakou@orange.com,ange.phaceli@orange.com,soulegame.soro@orange.com,innocent.yengo@orange.com' AIRFLOW_CTX_DAG_OWNER='***' AIRFLOW_CTX_DAG_ID='motower_daily_prod' AIRFLOW_CTX_TASK_ID='gen_congestion_task' AIRFLOW_CTX_EXECUTION_DATE='2024-06-19T06:00:00+00:00' AIRFLOW_CTX_TRY_NUMBER='1' AIRFLOW_CTX_DAG_RUN_ID='scheduled__2024-06-19T06:00:00+00:00'
[2024-07-25T08:33:19.345+0000] {taskinstance.py:430} INFO - ::endgroup::
[2024-07-25T08:33:19.407+0000] {python.py:237} INFO - Done. Returned value was: None
[2024-07-25T08:33:19.408+0000] {taskinstance.py:441} INFO - ::group::Post task execution logs
[2024-07-25T08:33:19.417+0000] {taskinstance.py:1206} INFO - Marking task as SUCCESS. dag_id=motower_daily_prod, task_id=gen_congestion_task, run_id=scheduled__2024-06-19T06:00:00+00:00, execution_date=20240619T060000, start_date=20240725T083319, end_date=20240725T083319
[2024-07-25T08:33:19.466+0000] {local_task_job_runner.py:243} INFO - Task exited with return code 0
[2024-07-25T08:33:19.475+0000] {local_task_job_runner.py:222} INFO - ::endgroup::
[2024-07-25T10:37:21.958+0000] {local_task_job_runner.py:120} INFO - ::group::Pre task execution logs
[2024-07-25T10:37:21.991+0000] {taskinstance.py:2076} INFO - Dependencies all met for dep_context=non-requeueable deps ti=<TaskInstance: motower_daily_prod.gen_congestion_task scheduled__2024-06-19T06:00:00+00:00 [queued]>
[2024-07-25T10:37:22.007+0000] {taskinstance.py:2076} INFO - Dependencies all met for dep_context=requeueable deps ti=<TaskInstance: motower_daily_prod.gen_congestion_task scheduled__2024-06-19T06:00:00+00:00 [queued]>
[2024-07-25T10:37:22.008+0000] {taskinstance.py:2306} INFO - Starting attempt 1 of 1
[2024-07-25T10:37:22.028+0000] {taskinstance.py:2330} INFO - Executing <Task(PythonOperator): gen_congestion_task> on 2024-06-19 06:00:00+00:00
[2024-07-25T10:37:22.043+0000] {warnings.py:112} WARNING - /home/***/.local/lib/python3.12/site-packages/***/task/task_runner/standard_task_runner.py:62: DeprecationWarning: This process (pid=5532) is multi-threaded, use of fork() may lead to deadlocks in the child.
  pid = os.fork()

[2024-07-25T10:37:22.045+0000] {standard_task_runner.py:64} INFO - Started process 5539 to run task
[2024-07-25T10:37:22.045+0000] {standard_task_runner.py:90} INFO - Running: ['***', 'tasks', 'run', 'motower_daily_prod', 'gen_congestion_task', 'scheduled__2024-06-19T06:00:00+00:00', '--job-id', '1340', '--raw', '--subdir', 'DAGS_FOLDER/gps/custom_dags/motower_daily.py', '--cfg-path', '/tmp/tmp7fav8uh3']
[2024-07-25T10:37:22.048+0000] {standard_task_runner.py:91} INFO - Job 1340: Subtask gen_congestion_task
[2024-07-25T10:37:22.133+0000] {task_command.py:426} INFO - Running <TaskInstance: motower_daily_prod.gen_congestion_task scheduled__2024-06-19T06:00:00+00:00 [running]> on host b3845fb494d4
[2024-07-25T10:37:22.494+0000] {taskinstance.py:2648} INFO - Exporting env vars: AIRFLOW_CTX_DAG_EMAIL='richmond.kongo@orange.com,assane.diop@orange.com,cyrille1.danho@orange.com,mohamed2.sylla@orange.com,amadou.diomande@orange.com,Jonas.kouame@orange.com,armand.kablan@orange.com,anicet.azombade@orange.com,etienne.kouadio@orange.com,bertine.kouakou@orange.com,florentine.kouakou@orange.com,ange.phaceli@orange.com,soulegame.soro@orange.com,innocent.yengo@orange.com' AIRFLOW_CTX_DAG_OWNER='***' AIRFLOW_CTX_DAG_ID='motower_daily_prod' AIRFLOW_CTX_TASK_ID='gen_congestion_task' AIRFLOW_CTX_EXECUTION_DATE='2024-06-19T06:00:00+00:00' AIRFLOW_CTX_TRY_NUMBER='1' AIRFLOW_CTX_DAG_RUN_ID='scheduled__2024-06-19T06:00:00+00:00'
[2024-07-25T10:37:22.495+0000] {taskinstance.py:430} INFO - ::endgroup::
[2024-07-25T10:37:22.619+0000] {python.py:237} INFO - Done. Returned value was: None
[2024-07-25T10:37:22.620+0000] {taskinstance.py:441} INFO - ::group::Post task execution logs
[2024-07-25T10:37:22.630+0000] {taskinstance.py:1206} INFO - Marking task as SUCCESS. dag_id=motower_daily_prod, task_id=gen_congestion_task, run_id=scheduled__2024-06-19T06:00:00+00:00, execution_date=20240619T060000, start_date=20240725T103721, end_date=20240725T103722
[2024-07-25T10:37:22.671+0000] {local_task_job_runner.py:243} INFO - Task exited with return code 0
[2024-07-25T10:37:22.691+0000] {taskinstance.py:3503} INFO - 0 downstream tasks scheduled from follow-on schedule check
[2024-07-25T10:37:22.693+0000] {local_task_job_runner.py:222} INFO - ::endgroup::
[2024-07-25T12:13:29.173+0000] {local_task_job_runner.py:120} INFO - ::group::Pre task execution logs
[2024-07-25T12:13:29.203+0000] {taskinstance.py:2076} INFO - Dependencies all met for dep_context=non-requeueable deps ti=<TaskInstance: motower_daily_prod.gen_congestion_task scheduled__2024-06-19T06:00:00+00:00 [queued]>
[2024-07-25T12:13:29.212+0000] {taskinstance.py:2076} INFO - Dependencies all met for dep_context=requeueable deps ti=<TaskInstance: motower_daily_prod.gen_congestion_task scheduled__2024-06-19T06:00:00+00:00 [queued]>
[2024-07-25T12:13:29.212+0000] {taskinstance.py:2306} INFO - Starting attempt 1 of 1
[2024-07-25T12:13:29.225+0000] {taskinstance.py:2330} INFO - Executing <Task(PythonOperator): gen_congestion_task> on 2024-06-19 06:00:00+00:00
[2024-07-25T12:13:29.237+0000] {warnings.py:112} WARNING - /home/***/.local/lib/python3.12/site-packages/***/task/task_runner/standard_task_runner.py:62: DeprecationWarning: This process (pid=8429) is multi-threaded, use of fork() may lead to deadlocks in the child.
  pid = os.fork()

[2024-07-25T12:13:29.239+0000] {standard_task_runner.py:64} INFO - Started process 8434 to run task
[2024-07-25T12:13:29.239+0000] {standard_task_runner.py:90} INFO - Running: ['***', 'tasks', 'run', 'motower_daily_prod', 'gen_congestion_task', 'scheduled__2024-06-19T06:00:00+00:00', '--job-id', '1891', '--raw', '--subdir', 'DAGS_FOLDER/gps/custom_dags/motower_daily.py', '--cfg-path', '/tmp/tmp8owa_evv']
[2024-07-25T12:13:29.242+0000] {standard_task_runner.py:91} INFO - Job 1891: Subtask gen_congestion_task
[2024-07-25T12:13:29.284+0000] {task_command.py:426} INFO - Running <TaskInstance: motower_daily_prod.gen_congestion_task scheduled__2024-06-19T06:00:00+00:00 [running]> on host b3845fb494d4
[2024-07-25T12:13:29.370+0000] {taskinstance.py:2648} INFO - Exporting env vars: AIRFLOW_CTX_DAG_EMAIL='richmond.kongo@orange.com,assane.diop@orange.com,cyrille1.danho@orange.com,mohamed2.sylla@orange.com,amadou.diomande@orange.com,Jonas.kouame@orange.com,armand.kablan@orange.com,anicet.azombade@orange.com,etienne.kouadio@orange.com,bertine.kouakou@orange.com,florentine.kouakou@orange.com,ange.phaceli@orange.com,soulegame.soro@orange.com,innocent.yengo@orange.com' AIRFLOW_CTX_DAG_OWNER='***' AIRFLOW_CTX_DAG_ID='motower_daily_prod' AIRFLOW_CTX_TASK_ID='gen_congestion_task' AIRFLOW_CTX_EXECUTION_DATE='2024-06-19T06:00:00+00:00' AIRFLOW_CTX_TRY_NUMBER='1' AIRFLOW_CTX_DAG_RUN_ID='scheduled__2024-06-19T06:00:00+00:00'
[2024-07-25T12:13:29.371+0000] {taskinstance.py:430} INFO - ::endgroup::
[2024-07-25T12:13:29.435+0000] {python.py:237} INFO - Done. Returned value was: None
[2024-07-25T12:13:29.436+0000] {taskinstance.py:441} INFO - ::group::Post task execution logs
[2024-07-25T12:13:29.446+0000] {taskinstance.py:1206} INFO - Marking task as SUCCESS. dag_id=motower_daily_prod, task_id=gen_congestion_task, run_id=scheduled__2024-06-19T06:00:00+00:00, execution_date=20240619T060000, start_date=20240725T121329, end_date=20240725T121329
[2024-07-25T12:13:29.492+0000] {local_task_job_runner.py:243} INFO - Task exited with return code 0
[2024-07-25T12:13:29.502+0000] {local_task_job_runner.py:222} INFO - ::endgroup::
[2024-07-25T12:24:24.816+0000] {local_task_job_runner.py:120} INFO - ::group::Pre task execution logs
[2024-07-25T12:24:24.846+0000] {taskinstance.py:2076} INFO - Dependencies all met for dep_context=non-requeueable deps ti=<TaskInstance: motower_daily_prod.gen_congestion_task scheduled__2024-06-19T06:00:00+00:00 [queued]>
[2024-07-25T12:24:24.855+0000] {taskinstance.py:2076} INFO - Dependencies all met for dep_context=requeueable deps ti=<TaskInstance: motower_daily_prod.gen_congestion_task scheduled__2024-06-19T06:00:00+00:00 [queued]>
[2024-07-25T12:24:24.855+0000] {taskinstance.py:2306} INFO - Starting attempt 1 of 1
[2024-07-25T12:24:24.866+0000] {taskinstance.py:2330} INFO - Executing <Task(PythonOperator): gen_congestion_task> on 2024-06-19 06:00:00+00:00
[2024-07-25T12:24:24.876+0000] {warnings.py:112} WARNING - /home/***/.local/lib/python3.12/site-packages/***/task/task_runner/standard_task_runner.py:62: DeprecationWarning: This process (pid=9018) is multi-threaded, use of fork() may lead to deadlocks in the child.
  pid = os.fork()

[2024-07-25T12:24:24.877+0000] {standard_task_runner.py:64} INFO - Started process 9024 to run task
[2024-07-25T12:24:24.878+0000] {standard_task_runner.py:90} INFO - Running: ['***', 'tasks', 'run', 'motower_daily_prod', 'gen_congestion_task', 'scheduled__2024-06-19T06:00:00+00:00', '--job-id', '2041', '--raw', '--subdir', 'DAGS_FOLDER/gps/custom_dags/motower_daily.py', '--cfg-path', '/tmp/tmpkhlctcg0']
[2024-07-25T12:24:24.880+0000] {standard_task_runner.py:91} INFO - Job 2041: Subtask gen_congestion_task
[2024-07-25T12:24:24.922+0000] {task_command.py:426} INFO - Running <TaskInstance: motower_daily_prod.gen_congestion_task scheduled__2024-06-19T06:00:00+00:00 [running]> on host b3845fb494d4
[2024-07-25T12:24:25.011+0000] {taskinstance.py:2648} INFO - Exporting env vars: AIRFLOW_CTX_DAG_EMAIL='richmond.kongo@orange.com,assane.diop@orange.com,cyrille1.danho@orange.com,mohamed2.sylla@orange.com,amadou.diomande@orange.com,Jonas.kouame@orange.com,armand.kablan@orange.com,anicet.azombade@orange.com,etienne.kouadio@orange.com,bertine.kouakou@orange.com,florentine.kouakou@orange.com,ange.phaceli@orange.com,soulegame.soro@orange.com,innocent.yengo@orange.com' AIRFLOW_CTX_DAG_OWNER='***' AIRFLOW_CTX_DAG_ID='motower_daily_prod' AIRFLOW_CTX_TASK_ID='gen_congestion_task' AIRFLOW_CTX_EXECUTION_DATE='2024-06-19T06:00:00+00:00' AIRFLOW_CTX_TRY_NUMBER='1' AIRFLOW_CTX_DAG_RUN_ID='scheduled__2024-06-19T06:00:00+00:00'
[2024-07-25T12:24:25.012+0000] {taskinstance.py:430} INFO - ::endgroup::
[2024-07-25T12:24:25.077+0000] {python.py:237} INFO - Done. Returned value was: None
[2024-07-25T12:24:25.078+0000] {taskinstance.py:441} INFO - ::group::Post task execution logs
[2024-07-25T12:24:25.086+0000] {taskinstance.py:1206} INFO - Marking task as SUCCESS. dag_id=motower_daily_prod, task_id=gen_congestion_task, run_id=scheduled__2024-06-19T06:00:00+00:00, execution_date=20240619T060000, start_date=20240725T122424, end_date=20240725T122425
[2024-07-25T12:24:25.131+0000] {local_task_job_runner.py:243} INFO - Task exited with return code 0
[2024-07-25T12:24:25.139+0000] {local_task_job_runner.py:222} INFO - ::endgroup::
[2024-07-25T12:44:44.640+0000] {local_task_job_runner.py:120} INFO - ::group::Pre task execution logs
[2024-07-25T12:44:44.666+0000] {taskinstance.py:2076} INFO - Dependencies all met for dep_context=non-requeueable deps ti=<TaskInstance: motower_daily_prod.gen_congestion_task scheduled__2024-06-19T06:00:00+00:00 [queued]>
[2024-07-25T12:44:44.673+0000] {taskinstance.py:2076} INFO - Dependencies all met for dep_context=requeueable deps ti=<TaskInstance: motower_daily_prod.gen_congestion_task scheduled__2024-06-19T06:00:00+00:00 [queued]>
[2024-07-25T12:44:44.674+0000] {taskinstance.py:2306} INFO - Starting attempt 1 of 1
[2024-07-25T12:44:44.683+0000] {taskinstance.py:2330} INFO - Executing <Task(PythonOperator): gen_congestion_task> on 2024-06-19 06:00:00+00:00
[2024-07-25T12:44:44.693+0000] {warnings.py:112} WARNING - /home/***/.local/lib/python3.12/site-packages/***/task/task_runner/standard_task_runner.py:62: DeprecationWarning: This process (pid=9816) is multi-threaded, use of fork() may lead to deadlocks in the child.
  pid = os.fork()

[2024-07-25T12:44:44.694+0000] {standard_task_runner.py:64} INFO - Started process 9818 to run task
[2024-07-25T12:44:44.694+0000] {standard_task_runner.py:90} INFO - Running: ['***', 'tasks', 'run', 'motower_daily_prod', 'gen_congestion_task', 'scheduled__2024-06-19T06:00:00+00:00', '--job-id', '2220', '--raw', '--subdir', 'DAGS_FOLDER/gps/custom_dags/motower_daily.py', '--cfg-path', '/tmp/tmp7ifeyj8r']
[2024-07-25T12:44:44.696+0000] {standard_task_runner.py:91} INFO - Job 2220: Subtask gen_congestion_task
[2024-07-25T12:44:44.736+0000] {task_command.py:426} INFO - Running <TaskInstance: motower_daily_prod.gen_congestion_task scheduled__2024-06-19T06:00:00+00:00 [running]> on host b3845fb494d4
[2024-07-25T12:44:44.817+0000] {taskinstance.py:2648} INFO - Exporting env vars: AIRFLOW_CTX_DAG_EMAIL='richmond.kongo@orange.com,assane.diop@orange.com,cyrille1.danho@orange.com,mohamed2.sylla@orange.com,amadou.diomande@orange.com,Jonas.kouame@orange.com,armand.kablan@orange.com,anicet.azombade@orange.com,etienne.kouadio@orange.com,bertine.kouakou@orange.com,florentine.kouakou@orange.com,ange.phaceli@orange.com,soulegame.soro@orange.com,innocent.yengo@orange.com' AIRFLOW_CTX_DAG_OWNER='***' AIRFLOW_CTX_DAG_ID='motower_daily_prod' AIRFLOW_CTX_TASK_ID='gen_congestion_task' AIRFLOW_CTX_EXECUTION_DATE='2024-06-19T06:00:00+00:00' AIRFLOW_CTX_TRY_NUMBER='1' AIRFLOW_CTX_DAG_RUN_ID='scheduled__2024-06-19T06:00:00+00:00'
[2024-07-25T12:44:44.818+0000] {taskinstance.py:430} INFO - ::endgroup::
[2024-07-25T12:44:44.877+0000] {python.py:237} INFO - Done. Returned value was: None
[2024-07-25T12:44:44.878+0000] {taskinstance.py:441} INFO - ::group::Post task execution logs
[2024-07-25T12:44:44.887+0000] {taskinstance.py:1206} INFO - Marking task as SUCCESS. dag_id=motower_daily_prod, task_id=gen_congestion_task, run_id=scheduled__2024-06-19T06:00:00+00:00, execution_date=20240619T060000, start_date=20240725T124444, end_date=20240725T124444
[2024-07-25T12:44:44.907+0000] {local_task_job_runner.py:243} INFO - Task exited with return code 0
[2024-07-25T12:44:44.923+0000] {taskinstance.py:3503} INFO - 0 downstream tasks scheduled from follow-on schedule check
[2024-07-25T12:44:44.924+0000] {local_task_job_runner.py:222} INFO - ::endgroup::
[2024-07-25T13:04:58.511+0000] {local_task_job_runner.py:120} INFO - ::group::Pre task execution logs
[2024-07-25T13:04:58.535+0000] {taskinstance.py:2076} INFO - Dependencies all met for dep_context=non-requeueable deps ti=<TaskInstance: motower_daily_prod.gen_congestion_task scheduled__2024-06-19T06:00:00+00:00 [queued]>
[2024-07-25T13:04:58.542+0000] {taskinstance.py:2076} INFO - Dependencies all met for dep_context=requeueable deps ti=<TaskInstance: motower_daily_prod.gen_congestion_task scheduled__2024-06-19T06:00:00+00:00 [queued]>
[2024-07-25T13:04:58.542+0000] {taskinstance.py:2306} INFO - Starting attempt 1 of 1
[2024-07-25T13:04:58.552+0000] {taskinstance.py:2330} INFO - Executing <Task(PythonOperator): gen_congestion_task> on 2024-06-19 06:00:00+00:00
[2024-07-25T13:04:58.562+0000] {warnings.py:112} WARNING - /home/***/.local/lib/python3.12/site-packages/***/task/task_runner/standard_task_runner.py:62: DeprecationWarning: This process (pid=10443) is multi-threaded, use of fork() may lead to deadlocks in the child.
  pid = os.fork()

[2024-07-25T13:04:58.563+0000] {standard_task_runner.py:64} INFO - Started process 10447 to run task
[2024-07-25T13:04:58.564+0000] {standard_task_runner.py:90} INFO - Running: ['***', 'tasks', 'run', 'motower_daily_prod', 'gen_congestion_task', 'scheduled__2024-06-19T06:00:00+00:00', '--job-id', '2343', '--raw', '--subdir', 'DAGS_FOLDER/gps/custom_dags/motower_daily.py', '--cfg-path', '/tmp/tmpvonsfgjt']
[2024-07-25T13:04:58.566+0000] {standard_task_runner.py:91} INFO - Job 2343: Subtask gen_congestion_task
[2024-07-25T13:04:58.603+0000] {task_command.py:426} INFO - Running <TaskInstance: motower_daily_prod.gen_congestion_task scheduled__2024-06-19T06:00:00+00:00 [running]> on host b3845fb494d4
[2024-07-25T13:04:58.681+0000] {taskinstance.py:2648} INFO - Exporting env vars: AIRFLOW_CTX_DAG_EMAIL='richmond.kongo@orange.com,assane.diop@orange.com,cyrille1.danho@orange.com,mohamed2.sylla@orange.com,amadou.diomande@orange.com,Jonas.kouame@orange.com,armand.kablan@orange.com,anicet.azombade@orange.com,etienne.kouadio@orange.com,bertine.kouakou@orange.com,florentine.kouakou@orange.com,ange.phaceli@orange.com,soulegame.soro@orange.com,innocent.yengo@orange.com' AIRFLOW_CTX_DAG_OWNER='***' AIRFLOW_CTX_DAG_ID='motower_daily_prod' AIRFLOW_CTX_TASK_ID='gen_congestion_task' AIRFLOW_CTX_EXECUTION_DATE='2024-06-19T06:00:00+00:00' AIRFLOW_CTX_TRY_NUMBER='1' AIRFLOW_CTX_DAG_RUN_ID='scheduled__2024-06-19T06:00:00+00:00'
[2024-07-25T13:04:58.682+0000] {taskinstance.py:430} INFO - ::endgroup::
[2024-07-25T13:04:58.742+0000] {python.py:237} INFO - Done. Returned value was: None
[2024-07-25T13:04:58.743+0000] {taskinstance.py:441} INFO - ::group::Post task execution logs
[2024-07-25T13:04:58.753+0000] {taskinstance.py:1206} INFO - Marking task as SUCCESS. dag_id=motower_daily_prod, task_id=gen_congestion_task, run_id=scheduled__2024-06-19T06:00:00+00:00, execution_date=20240619T060000, start_date=20240725T130458, end_date=20240725T130458
[2024-07-25T13:04:58.777+0000] {local_task_job_runner.py:243} INFO - Task exited with return code 0
[2024-07-25T13:04:58.785+0000] {local_task_job_runner.py:222} INFO - ::endgroup::
[2024-07-25T13:12:08.688+0000] {local_task_job_runner.py:120} INFO - ::group::Pre task execution logs
[2024-07-25T13:12:08.725+0000] {taskinstance.py:2076} INFO - Dependencies all met for dep_context=non-requeueable deps ti=<TaskInstance: motower_daily_prod.gen_congestion_task scheduled__2024-06-19T06:00:00+00:00 [queued]>
[2024-07-25T13:12:08.736+0000] {taskinstance.py:2076} INFO - Dependencies all met for dep_context=requeueable deps ti=<TaskInstance: motower_daily_prod.gen_congestion_task scheduled__2024-06-19T06:00:00+00:00 [queued]>
[2024-07-25T13:12:08.736+0000] {taskinstance.py:2306} INFO - Starting attempt 1 of 1
[2024-07-25T13:12:08.749+0000] {taskinstance.py:2330} INFO - Executing <Task(PythonOperator): gen_congestion_task> on 2024-06-19 06:00:00+00:00
[2024-07-25T13:12:08.763+0000] {warnings.py:112} WARNING - /home/***/.local/lib/python3.12/site-packages/***/task/task_runner/standard_task_runner.py:62: DeprecationWarning: This process (pid=10929) is multi-threaded, use of fork() may lead to deadlocks in the child.
  pid = os.fork()

[2024-07-25T13:12:08.765+0000] {standard_task_runner.py:64} INFO - Started process 10938 to run task
[2024-07-25T13:12:08.765+0000] {standard_task_runner.py:90} INFO - Running: ['***', 'tasks', 'run', 'motower_daily_prod', 'gen_congestion_task', 'scheduled__2024-06-19T06:00:00+00:00', '--job-id', '2472', '--raw', '--subdir', 'DAGS_FOLDER/gps/custom_dags/motower_daily.py', '--cfg-path', '/tmp/tmpb72_ydby']
[2024-07-25T13:12:08.767+0000] {standard_task_runner.py:91} INFO - Job 2472: Subtask gen_congestion_task
[2024-07-25T13:12:08.811+0000] {task_command.py:426} INFO - Running <TaskInstance: motower_daily_prod.gen_congestion_task scheduled__2024-06-19T06:00:00+00:00 [running]> on host b3845fb494d4
[2024-07-25T13:12:08.896+0000] {taskinstance.py:2648} INFO - Exporting env vars: AIRFLOW_CTX_DAG_EMAIL='richmond.kongo@orange.com,assane.diop@orange.com,cyrille1.danho@orange.com,mohamed2.sylla@orange.com,amadou.diomande@orange.com,Jonas.kouame@orange.com,armand.kablan@orange.com,anicet.azombade@orange.com,etienne.kouadio@orange.com,bertine.kouakou@orange.com,florentine.kouakou@orange.com,ange.phaceli@orange.com,soulegame.soro@orange.com,innocent.yengo@orange.com' AIRFLOW_CTX_DAG_OWNER='***' AIRFLOW_CTX_DAG_ID='motower_daily_prod' AIRFLOW_CTX_TASK_ID='gen_congestion_task' AIRFLOW_CTX_EXECUTION_DATE='2024-06-19T06:00:00+00:00' AIRFLOW_CTX_TRY_NUMBER='1' AIRFLOW_CTX_DAG_RUN_ID='scheduled__2024-06-19T06:00:00+00:00'
[2024-07-25T13:12:08.897+0000] {taskinstance.py:430} INFO - ::endgroup::
[2024-07-25T13:12:08.963+0000] {python.py:237} INFO - Done. Returned value was: None
[2024-07-25T13:12:08.964+0000] {taskinstance.py:441} INFO - ::group::Post task execution logs
[2024-07-25T13:12:08.974+0000] {taskinstance.py:1206} INFO - Marking task as SUCCESS. dag_id=motower_daily_prod, task_id=gen_congestion_task, run_id=scheduled__2024-06-19T06:00:00+00:00, execution_date=20240619T060000, start_date=20240725T131208, end_date=20240725T131208
[2024-07-25T13:12:09.018+0000] {local_task_job_runner.py:243} INFO - Task exited with return code 0
[2024-07-25T13:12:09.035+0000] {taskinstance.py:3503} INFO - 0 downstream tasks scheduled from follow-on schedule check
[2024-07-25T13:12:09.036+0000] {local_task_job_runner.py:222} INFO - ::endgroup::
[2024-07-25T13:13:50.663+0000] {local_task_job_runner.py:120} INFO - ::group::Pre task execution logs
[2024-07-25T13:13:50.697+0000] {taskinstance.py:2076} INFO - Dependencies all met for dep_context=non-requeueable deps ti=<TaskInstance: motower_daily_prod.gen_congestion_task scheduled__2024-06-19T06:00:00+00:00 [queued]>
[2024-07-25T13:13:50.708+0000] {taskinstance.py:2076} INFO - Dependencies all met for dep_context=requeueable deps ti=<TaskInstance: motower_daily_prod.gen_congestion_task scheduled__2024-06-19T06:00:00+00:00 [queued]>
[2024-07-25T13:13:50.708+0000] {taskinstance.py:2306} INFO - Starting attempt 1 of 1
[2024-07-25T13:13:50.724+0000] {taskinstance.py:2330} INFO - Executing <Task(PythonOperator): gen_congestion_task> on 2024-06-19 06:00:00+00:00
[2024-07-25T13:13:50.736+0000] {warnings.py:112} WARNING - /home/***/.local/lib/python3.12/site-packages/***/task/task_runner/standard_task_runner.py:62: DeprecationWarning: This process (pid=11348) is multi-threaded, use of fork() may lead to deadlocks in the child.
  pid = os.fork()

[2024-07-25T13:13:50.738+0000] {standard_task_runner.py:64} INFO - Started process 11357 to run task
[2024-07-25T13:13:50.739+0000] {standard_task_runner.py:90} INFO - Running: ['***', 'tasks', 'run', 'motower_daily_prod', 'gen_congestion_task', 'scheduled__2024-06-19T06:00:00+00:00', '--job-id', '2607', '--raw', '--subdir', 'DAGS_FOLDER/gps/custom_dags/motower_daily.py', '--cfg-path', '/tmp/tmp67hg537c']
[2024-07-25T13:13:50.741+0000] {standard_task_runner.py:91} INFO - Job 2607: Subtask gen_congestion_task
[2024-07-25T13:13:50.786+0000] {task_command.py:426} INFO - Running <TaskInstance: motower_daily_prod.gen_congestion_task scheduled__2024-06-19T06:00:00+00:00 [running]> on host b3845fb494d4
[2024-07-25T13:13:50.882+0000] {taskinstance.py:2648} INFO - Exporting env vars: AIRFLOW_CTX_DAG_EMAIL='richmond.kongo@orange.com,assane.diop@orange.com,cyrille1.danho@orange.com,mohamed2.sylla@orange.com,amadou.diomande@orange.com,Jonas.kouame@orange.com,armand.kablan@orange.com,anicet.azombade@orange.com,etienne.kouadio@orange.com,bertine.kouakou@orange.com,florentine.kouakou@orange.com,ange.phaceli@orange.com,soulegame.soro@orange.com,innocent.yengo@orange.com' AIRFLOW_CTX_DAG_OWNER='***' AIRFLOW_CTX_DAG_ID='motower_daily_prod' AIRFLOW_CTX_TASK_ID='gen_congestion_task' AIRFLOW_CTX_EXECUTION_DATE='2024-06-19T06:00:00+00:00' AIRFLOW_CTX_TRY_NUMBER='1' AIRFLOW_CTX_DAG_RUN_ID='scheduled__2024-06-19T06:00:00+00:00'
[2024-07-25T13:13:50.884+0000] {taskinstance.py:430} INFO - ::endgroup::
[2024-07-25T13:13:50.952+0000] {python.py:237} INFO - Done. Returned value was: None
[2024-07-25T13:13:50.953+0000] {taskinstance.py:441} INFO - ::group::Post task execution logs
[2024-07-25T13:13:50.961+0000] {taskinstance.py:1206} INFO - Marking task as SUCCESS. dag_id=motower_daily_prod, task_id=gen_congestion_task, run_id=scheduled__2024-06-19T06:00:00+00:00, execution_date=20240619T060000, start_date=20240725T131350, end_date=20240725T131350
[2024-07-25T13:13:50.992+0000] {local_task_job_runner.py:243} INFO - Task exited with return code 0
[2024-07-25T13:13:51.004+0000] {taskinstance.py:3503} INFO - 0 downstream tasks scheduled from follow-on schedule check
[2024-07-25T13:13:51.005+0000] {local_task_job_runner.py:222} INFO - ::endgroup::
[2024-07-25T13:17:45.003+0000] {local_task_job_runner.py:120} INFO - ::group::Pre task execution logs
[2024-07-25T13:17:45.033+0000] {taskinstance.py:2076} INFO - Dependencies all met for dep_context=non-requeueable deps ti=<TaskInstance: motower_daily_prod.gen_congestion_task scheduled__2024-06-19T06:00:00+00:00 [queued]>
[2024-07-25T13:17:45.042+0000] {taskinstance.py:2076} INFO - Dependencies all met for dep_context=requeueable deps ti=<TaskInstance: motower_daily_prod.gen_congestion_task scheduled__2024-06-19T06:00:00+00:00 [queued]>
[2024-07-25T13:17:45.043+0000] {taskinstance.py:2306} INFO - Starting attempt 1 of 1
[2024-07-25T13:17:45.054+0000] {taskinstance.py:2330} INFO - Executing <Task(PythonOperator): gen_congestion_task> on 2024-06-19 06:00:00+00:00
[2024-07-25T13:17:45.065+0000] {warnings.py:112} WARNING - /home/***/.local/lib/python3.12/site-packages/***/task/task_runner/standard_task_runner.py:62: DeprecationWarning: This process (pid=11786) is multi-threaded, use of fork() may lead to deadlocks in the child.
  pid = os.fork()

[2024-07-25T13:17:45.066+0000] {standard_task_runner.py:64} INFO - Started process 11791 to run task
[2024-07-25T13:17:45.067+0000] {standard_task_runner.py:90} INFO - Running: ['***', 'tasks', 'run', 'motower_daily_prod', 'gen_congestion_task', 'scheduled__2024-06-19T06:00:00+00:00', '--job-id', '2735', '--raw', '--subdir', 'DAGS_FOLDER/gps/custom_dags/motower_daily.py', '--cfg-path', '/tmp/tmpiyz_w_vd']
[2024-07-25T13:17:45.069+0000] {standard_task_runner.py:91} INFO - Job 2735: Subtask gen_congestion_task
[2024-07-25T13:17:45.114+0000] {task_command.py:426} INFO - Running <TaskInstance: motower_daily_prod.gen_congestion_task scheduled__2024-06-19T06:00:00+00:00 [running]> on host b3845fb494d4
[2024-07-25T13:17:45.212+0000] {taskinstance.py:2648} INFO - Exporting env vars: AIRFLOW_CTX_DAG_EMAIL='richmond.kongo@orange.com,assane.diop@orange.com,cyrille1.danho@orange.com,mohamed2.sylla@orange.com,amadou.diomande@orange.com,Jonas.kouame@orange.com,armand.kablan@orange.com,anicet.azombade@orange.com,etienne.kouadio@orange.com,bertine.kouakou@orange.com,florentine.kouakou@orange.com,ange.phaceli@orange.com,soulegame.soro@orange.com,innocent.yengo@orange.com' AIRFLOW_CTX_DAG_OWNER='***' AIRFLOW_CTX_DAG_ID='motower_daily_prod' AIRFLOW_CTX_TASK_ID='gen_congestion_task' AIRFLOW_CTX_EXECUTION_DATE='2024-06-19T06:00:00+00:00' AIRFLOW_CTX_TRY_NUMBER='1' AIRFLOW_CTX_DAG_RUN_ID='scheduled__2024-06-19T06:00:00+00:00'
[2024-07-25T13:17:45.213+0000] {taskinstance.py:430} INFO - ::endgroup::
[2024-07-25T13:17:45.286+0000] {python.py:237} INFO - Done. Returned value was: None
[2024-07-25T13:17:45.287+0000] {taskinstance.py:441} INFO - ::group::Post task execution logs
[2024-07-25T13:17:45.298+0000] {taskinstance.py:1206} INFO - Marking task as SUCCESS. dag_id=motower_daily_prod, task_id=gen_congestion_task, run_id=scheduled__2024-06-19T06:00:00+00:00, execution_date=20240619T060000, start_date=20240725T131745, end_date=20240725T131745
[2024-07-25T13:17:45.367+0000] {local_task_job_runner.py:243} INFO - Task exited with return code 0
[2024-07-25T13:17:45.379+0000] {local_task_job_runner.py:222} INFO - ::endgroup::
[2024-07-25T13:25:27.389+0000] {local_task_job_runner.py:120} INFO - ::group::Pre task execution logs
[2024-07-25T13:25:27.428+0000] {taskinstance.py:2076} INFO - Dependencies all met for dep_context=non-requeueable deps ti=<TaskInstance: motower_daily_prod.gen_congestion_task scheduled__2024-06-19T06:00:00+00:00 [queued]>
[2024-07-25T13:25:27.441+0000] {taskinstance.py:2076} INFO - Dependencies all met for dep_context=requeueable deps ti=<TaskInstance: motower_daily_prod.gen_congestion_task scheduled__2024-06-19T06:00:00+00:00 [queued]>
[2024-07-25T13:25:27.442+0000] {taskinstance.py:2306} INFO - Starting attempt 1 of 1
[2024-07-25T13:25:27.458+0000] {taskinstance.py:2330} INFO - Executing <Task(PythonOperator): gen_congestion_task> on 2024-06-19 06:00:00+00:00
[2024-07-25T13:25:27.470+0000] {warnings.py:112} WARNING - /home/***/.local/lib/python3.12/site-packages/***/task/task_runner/standard_task_runner.py:62: DeprecationWarning: This process (pid=12307) is multi-threaded, use of fork() may lead to deadlocks in the child.
  pid = os.fork()

[2024-07-25T13:25:27.472+0000] {standard_task_runner.py:64} INFO - Started process 12323 to run task
[2024-07-25T13:25:27.472+0000] {standard_task_runner.py:90} INFO - Running: ['***', 'tasks', 'run', 'motower_daily_prod', 'gen_congestion_task', 'scheduled__2024-06-19T06:00:00+00:00', '--job-id', '2876', '--raw', '--subdir', 'DAGS_FOLDER/gps/custom_dags/motower_daily.py', '--cfg-path', '/tmp/tmpzu3gwtpb']
[2024-07-25T13:25:27.475+0000] {standard_task_runner.py:91} INFO - Job 2876: Subtask gen_congestion_task
[2024-07-25T13:25:27.554+0000] {task_command.py:426} INFO - Running <TaskInstance: motower_daily_prod.gen_congestion_task scheduled__2024-06-19T06:00:00+00:00 [running]> on host b3845fb494d4
[2024-07-25T13:25:27.669+0000] {taskinstance.py:2648} INFO - Exporting env vars: AIRFLOW_CTX_DAG_EMAIL='richmond.kongo@orange.com,assane.diop@orange.com,cyrille1.danho@orange.com,mohamed2.sylla@orange.com,amadou.diomande@orange.com,Jonas.kouame@orange.com,armand.kablan@orange.com,anicet.azombade@orange.com,etienne.kouadio@orange.com,bertine.kouakou@orange.com,florentine.kouakou@orange.com,ange.phaceli@orange.com,soulegame.soro@orange.com,innocent.yengo@orange.com' AIRFLOW_CTX_DAG_OWNER='***' AIRFLOW_CTX_DAG_ID='motower_daily_prod' AIRFLOW_CTX_TASK_ID='gen_congestion_task' AIRFLOW_CTX_EXECUTION_DATE='2024-06-19T06:00:00+00:00' AIRFLOW_CTX_TRY_NUMBER='1' AIRFLOW_CTX_DAG_RUN_ID='scheduled__2024-06-19T06:00:00+00:00'
[2024-07-25T13:25:27.670+0000] {taskinstance.py:430} INFO - ::endgroup::
[2024-07-25T13:25:27.787+0000] {python.py:237} INFO - Done. Returned value was: None
[2024-07-25T13:25:27.788+0000] {taskinstance.py:441} INFO - ::group::Post task execution logs
[2024-07-25T13:25:27.803+0000] {taskinstance.py:1206} INFO - Marking task as SUCCESS. dag_id=motower_daily_prod, task_id=gen_congestion_task, run_id=scheduled__2024-06-19T06:00:00+00:00, execution_date=20240619T060000, start_date=20240725T132527, end_date=20240725T132527
[2024-07-25T13:25:27.852+0000] {local_task_job_runner.py:243} INFO - Task exited with return code 0
[2024-07-25T13:25:27.872+0000] {taskinstance.py:3503} INFO - 0 downstream tasks scheduled from follow-on schedule check
[2024-07-25T13:25:27.874+0000] {local_task_job_runner.py:222} INFO - ::endgroup::
[2024-07-25T15:07:09.392+0000] {local_task_job_runner.py:120} INFO - ::group::Pre task execution logs
[2024-07-25T15:07:09.444+0000] {taskinstance.py:2076} INFO - Dependencies all met for dep_context=non-requeueable deps ti=<TaskInstance: motower_daily_prod.gen_congestion_task scheduled__2024-06-19T06:00:00+00:00 [queued]>
[2024-07-25T15:07:09.457+0000] {taskinstance.py:2076} INFO - Dependencies all met for dep_context=requeueable deps ti=<TaskInstance: motower_daily_prod.gen_congestion_task scheduled__2024-06-19T06:00:00+00:00 [queued]>
[2024-07-25T15:07:09.457+0000] {taskinstance.py:2306} INFO - Starting attempt 1 of 1
[2024-07-25T15:07:09.473+0000] {taskinstance.py:2330} INFO - Executing <Task(PythonOperator): gen_congestion_task> on 2024-06-19 06:00:00+00:00
[2024-07-25T15:07:09.489+0000] {warnings.py:112} WARNING - /home/***/.local/lib/python3.12/site-packages/***/task/task_runner/standard_task_runner.py:62: DeprecationWarning: This process (pid=14521) is multi-threaded, use of fork() may lead to deadlocks in the child.
  pid = os.fork()

[2024-07-25T15:07:09.490+0000] {standard_task_runner.py:64} INFO - Started process 14535 to run task
[2024-07-25T15:07:09.490+0000] {standard_task_runner.py:90} INFO - Running: ['***', 'tasks', 'run', 'motower_daily_prod', 'gen_congestion_task', 'scheduled__2024-06-19T06:00:00+00:00', '--job-id', '3175', '--raw', '--subdir', 'DAGS_FOLDER/gps/custom_dags/motower_daily.py', '--cfg-path', '/tmp/tmpvpx5l6m2']
[2024-07-25T15:07:09.492+0000] {standard_task_runner.py:91} INFO - Job 3175: Subtask gen_congestion_task
[2024-07-25T15:07:09.545+0000] {task_command.py:426} INFO - Running <TaskInstance: motower_daily_prod.gen_congestion_task scheduled__2024-06-19T06:00:00+00:00 [running]> on host b3845fb494d4
[2024-07-25T15:07:09.672+0000] {taskinstance.py:2648} INFO - Exporting env vars: AIRFLOW_CTX_DAG_EMAIL='richmond.kongo@orange.com,assane.diop@orange.com,cyrille1.danho@orange.com,mohamed2.sylla@orange.com,amadou.diomande@orange.com,Jonas.kouame@orange.com,armand.kablan@orange.com,anicet.azombade@orange.com,etienne.kouadio@orange.com,bertine.kouakou@orange.com,florentine.kouakou@orange.com,ange.phaceli@orange.com,soulegame.soro@orange.com,innocent.yengo@orange.com' AIRFLOW_CTX_DAG_OWNER='***' AIRFLOW_CTX_DAG_ID='motower_daily_prod' AIRFLOW_CTX_TASK_ID='gen_congestion_task' AIRFLOW_CTX_EXECUTION_DATE='2024-06-19T06:00:00+00:00' AIRFLOW_CTX_TRY_NUMBER='1' AIRFLOW_CTX_DAG_RUN_ID='scheduled__2024-06-19T06:00:00+00:00'
[2024-07-25T15:07:09.674+0000] {taskinstance.py:430} INFO - ::endgroup::
[2024-07-25T15:07:09.756+0000] {python.py:237} INFO - Done. Returned value was: None
[2024-07-25T15:07:09.757+0000] {taskinstance.py:441} INFO - ::group::Post task execution logs
[2024-07-25T15:07:09.767+0000] {taskinstance.py:1206} INFO - Marking task as SUCCESS. dag_id=motower_daily_prod, task_id=gen_congestion_task, run_id=scheduled__2024-06-19T06:00:00+00:00, execution_date=20240619T060000, start_date=20240725T150709, end_date=20240725T150709
[2024-07-25T15:07:09.824+0000] {local_task_job_runner.py:243} INFO - Task exited with return code 0
[2024-07-25T15:07:09.835+0000] {local_task_job_runner.py:222} INFO - ::endgroup::
[2024-07-26T11:43:02.421+0000] {local_task_job_runner.py:120} INFO - ::group::Pre task execution logs
[2024-07-26T11:43:02.465+0000] {taskinstance.py:2076} INFO - Dependencies all met for dep_context=non-requeueable deps ti=<TaskInstance: motower_daily_prod.gen_congestion_task scheduled__2024-06-19T06:00:00+00:00 [queued]>
[2024-07-26T11:43:02.485+0000] {taskinstance.py:2076} INFO - Dependencies all met for dep_context=requeueable deps ti=<TaskInstance: motower_daily_prod.gen_congestion_task scheduled__2024-06-19T06:00:00+00:00 [queued]>
[2024-07-26T11:43:02.486+0000] {taskinstance.py:2306} INFO - Starting attempt 1 of 1
[2024-07-26T11:43:02.507+0000] {taskinstance.py:2330} INFO - Executing <Task(PythonOperator): gen_congestion_task> on 2024-06-19 06:00:00+00:00
[2024-07-26T11:43:02.522+0000] {warnings.py:112} WARNING - /home/***/.local/lib/python3.12/site-packages/***/task/task_runner/standard_task_runner.py:62: DeprecationWarning: This process (pid=2574) is multi-threaded, use of fork() may lead to deadlocks in the child.
  pid = os.fork()

[2024-07-26T11:43:02.524+0000] {standard_task_runner.py:64} INFO - Started process 2589 to run task
[2024-07-26T11:43:02.525+0000] {standard_task_runner.py:90} INFO - Running: ['***', 'tasks', 'run', 'motower_daily_prod', 'gen_congestion_task', 'scheduled__2024-06-19T06:00:00+00:00', '--job-id', '3816', '--raw', '--subdir', 'DAGS_FOLDER/gps/custom_dags/motower_daily.py', '--cfg-path', '/tmp/tmpfznchl8r']
[2024-07-26T11:43:02.528+0000] {standard_task_runner.py:91} INFO - Job 3816: Subtask gen_congestion_task
[2024-07-26T11:43:02.617+0000] {task_command.py:426} INFO - Running <TaskInstance: motower_daily_prod.gen_congestion_task scheduled__2024-06-19T06:00:00+00:00 [running]> on host b3845fb494d4
[2024-07-26T11:43:02.786+0000] {taskinstance.py:2648} INFO - Exporting env vars: AIRFLOW_CTX_DAG_EMAIL='richmond.kongo@orange.com,assane.diop@orange.com,cyrille1.danho@orange.com,mohamed2.sylla@orange.com,amadou.diomande@orange.com,Jonas.kouame@orange.com,armand.kablan@orange.com,anicet.azombade@orange.com,etienne.kouadio@orange.com,bertine.kouakou@orange.com,florentine.kouakou@orange.com,ange.phaceli@orange.com,soulegame.soro@orange.com,innocent.yengo@orange.com' AIRFLOW_CTX_DAG_OWNER='***' AIRFLOW_CTX_DAG_ID='motower_daily_prod' AIRFLOW_CTX_TASK_ID='gen_congestion_task' AIRFLOW_CTX_EXECUTION_DATE='2024-06-19T06:00:00+00:00' AIRFLOW_CTX_TRY_NUMBER='1' AIRFLOW_CTX_DAG_RUN_ID='scheduled__2024-06-19T06:00:00+00:00'
[2024-07-26T11:43:02.788+0000] {taskinstance.py:430} INFO - ::endgroup::
[2024-07-26T11:43:02.895+0000] {python.py:237} INFO - Done. Returned value was: None
[2024-07-26T11:43:02.896+0000] {taskinstance.py:441} INFO - ::group::Post task execution logs
[2024-07-26T11:43:02.908+0000] {taskinstance.py:1206} INFO - Marking task as SUCCESS. dag_id=motower_daily_prod, task_id=gen_congestion_task, run_id=scheduled__2024-06-19T06:00:00+00:00, execution_date=20240619T060000, start_date=20240726T114302, end_date=20240726T114302
[2024-07-26T11:43:02.952+0000] {local_task_job_runner.py:243} INFO - Task exited with return code 0
[2024-07-26T11:43:02.971+0000] {taskinstance.py:3503} INFO - 0 downstream tasks scheduled from follow-on schedule check
[2024-07-26T11:43:02.973+0000] {local_task_job_runner.py:222} INFO - ::endgroup::
[2024-07-26T12:21:00.425+0000] {local_task_job_runner.py:120} INFO - ::group::Pre task execution logs
[2024-07-26T12:21:00.452+0000] {taskinstance.py:2076} INFO - Dependencies all met for dep_context=non-requeueable deps ti=<TaskInstance: motower_daily_prod.gen_congestion_task scheduled__2024-06-19T06:00:00+00:00 [queued]>
[2024-07-26T12:21:00.461+0000] {taskinstance.py:2076} INFO - Dependencies all met for dep_context=requeueable deps ti=<TaskInstance: motower_daily_prod.gen_congestion_task scheduled__2024-06-19T06:00:00+00:00 [queued]>
[2024-07-26T12:21:00.461+0000] {taskinstance.py:2306} INFO - Starting attempt 1 of 1
[2024-07-26T12:21:00.473+0000] {taskinstance.py:2330} INFO - Executing <Task(PythonOperator): gen_congestion_task> on 2024-06-19 06:00:00+00:00
[2024-07-26T12:21:00.484+0000] {warnings.py:112} WARNING - /home/***/.local/lib/python3.12/site-packages/***/task/task_runner/standard_task_runner.py:62: DeprecationWarning: This process (pid=932) is multi-threaded, use of fork() may lead to deadlocks in the child.
  pid = os.fork()

[2024-07-26T12:21:00.485+0000] {standard_task_runner.py:64} INFO - Started process 936 to run task
[2024-07-26T12:21:00.485+0000] {standard_task_runner.py:90} INFO - Running: ['***', 'tasks', 'run', 'motower_daily_prod', 'gen_congestion_task', 'scheduled__2024-06-19T06:00:00+00:00', '--job-id', '270', '--raw', '--subdir', 'DAGS_FOLDER/gps/custom_dags/motower_daily.py', '--cfg-path', '/tmp/tmp99tspjaq']
[2024-07-26T12:21:00.487+0000] {standard_task_runner.py:91} INFO - Job 270: Subtask gen_congestion_task
[2024-07-26T12:21:00.526+0000] {task_command.py:426} INFO - Running <TaskInstance: motower_daily_prod.gen_congestion_task scheduled__2024-06-19T06:00:00+00:00 [running]> on host 88c2b04746a4
[2024-07-26T12:21:00.606+0000] {taskinstance.py:2648} INFO - Exporting env vars: AIRFLOW_CTX_DAG_EMAIL='richmond.kongo@orange.com,assane.diop@orange.com,cyrille1.danho@orange.com,mohamed2.sylla@orange.com,amadou.diomande@orange.com,Jonas.kouame@orange.com,armand.kablan@orange.com,anicet.azombade@orange.com,etienne.kouadio@orange.com,bertine.kouakou@orange.com,florentine.kouakou@orange.com,ange.phaceli@orange.com,soulegame.soro@orange.com,innocent.yengo@orange.com' AIRFLOW_CTX_DAG_OWNER='***' AIRFLOW_CTX_DAG_ID='motower_daily_prod' AIRFLOW_CTX_TASK_ID='gen_congestion_task' AIRFLOW_CTX_EXECUTION_DATE='2024-06-19T06:00:00+00:00' AIRFLOW_CTX_TRY_NUMBER='1' AIRFLOW_CTX_DAG_RUN_ID='scheduled__2024-06-19T06:00:00+00:00'
[2024-07-26T12:21:00.607+0000] {taskinstance.py:430} INFO - ::endgroup::
[2024-07-26T12:21:00.672+0000] {python.py:237} INFO - Done. Returned value was: None
[2024-07-26T12:21:00.673+0000] {taskinstance.py:441} INFO - ::group::Post task execution logs
[2024-07-26T12:21:00.684+0000] {taskinstance.py:1206} INFO - Marking task as SUCCESS. dag_id=motower_daily_prod, task_id=gen_congestion_task, run_id=scheduled__2024-06-19T06:00:00+00:00, execution_date=20240619T060000, start_date=20240726T122100, end_date=20240726T122100
[2024-07-26T12:21:00.739+0000] {local_task_job_runner.py:243} INFO - Task exited with return code 0
[2024-07-26T12:21:00.748+0000] {local_task_job_runner.py:222} INFO - ::endgroup::
[2024-07-26T12:24:34.634+0000] {local_task_job_runner.py:120} INFO - ::group::Pre task execution logs
[2024-07-26T12:24:34.987+0000] {taskinstance.py:2076} INFO - Dependencies all met for dep_context=non-requeueable deps ti=<TaskInstance: motower_daily_prod.gen_congestion_task scheduled__2024-06-19T06:00:00+00:00 [queued]>
[2024-07-26T12:24:34.999+0000] {taskinstance.py:2076} INFO - Dependencies all met for dep_context=requeueable deps ti=<TaskInstance: motower_daily_prod.gen_congestion_task scheduled__2024-06-19T06:00:00+00:00 [queued]>
[2024-07-26T12:24:34.999+0000] {taskinstance.py:2306} INFO - Starting attempt 1 of 1
[2024-07-26T12:24:35.016+0000] {taskinstance.py:2330} INFO - Executing <Task(PythonOperator): gen_congestion_task> on 2024-06-19 06:00:00+00:00
[2024-07-26T12:24:35.028+0000] {warnings.py:112} WARNING - /home/***/.local/lib/python3.12/site-packages/***/task/task_runner/standard_task_runner.py:62: DeprecationWarning: This process (pid=1776) is multi-threaded, use of fork() may lead to deadlocks in the child.
  pid = os.fork()

[2024-07-26T12:24:35.030+0000] {standard_task_runner.py:64} INFO - Started process 1792 to run task
[2024-07-26T12:24:35.030+0000] {standard_task_runner.py:90} INFO - Running: ['***', 'tasks', 'run', 'motower_daily_prod', 'gen_congestion_task', 'scheduled__2024-06-19T06:00:00+00:00', '--job-id', '540', '--raw', '--subdir', 'DAGS_FOLDER/gps/custom_dags/motower_daily.py', '--cfg-path', '/tmp/tmpjzsrn1mi']
[2024-07-26T12:24:35.032+0000] {standard_task_runner.py:91} INFO - Job 540: Subtask gen_congestion_task
[2024-07-26T12:24:35.084+0000] {task_command.py:426} INFO - Running <TaskInstance: motower_daily_prod.gen_congestion_task scheduled__2024-06-19T06:00:00+00:00 [running]> on host 88c2b04746a4
[2024-07-26T12:24:35.192+0000] {taskinstance.py:2648} INFO - Exporting env vars: AIRFLOW_CTX_DAG_EMAIL='richmond.kongo@orange.com,assane.diop@orange.com,cyrille1.danho@orange.com,mohamed2.sylla@orange.com,amadou.diomande@orange.com,Jonas.kouame@orange.com,armand.kablan@orange.com,anicet.azombade@orange.com,etienne.kouadio@orange.com,bertine.kouakou@orange.com,florentine.kouakou@orange.com,ange.phaceli@orange.com,soulegame.soro@orange.com,innocent.yengo@orange.com' AIRFLOW_CTX_DAG_OWNER='***' AIRFLOW_CTX_DAG_ID='motower_daily_prod' AIRFLOW_CTX_TASK_ID='gen_congestion_task' AIRFLOW_CTX_EXECUTION_DATE='2024-06-19T06:00:00+00:00' AIRFLOW_CTX_TRY_NUMBER='1' AIRFLOW_CTX_DAG_RUN_ID='scheduled__2024-06-19T06:00:00+00:00'
[2024-07-26T12:24:35.193+0000] {taskinstance.py:430} INFO - ::endgroup::
[2024-07-26T12:24:35.266+0000] {python.py:237} INFO - Done. Returned value was: None
[2024-07-26T12:24:35.267+0000] {taskinstance.py:441} INFO - ::group::Post task execution logs
[2024-07-26T12:24:35.278+0000] {taskinstance.py:1206} INFO - Marking task as SUCCESS. dag_id=motower_daily_prod, task_id=gen_congestion_task, run_id=scheduled__2024-06-19T06:00:00+00:00, execution_date=20240619T060000, start_date=20240726T122434, end_date=20240726T122435
[2024-07-26T12:24:35.330+0000] {local_task_job_runner.py:243} INFO - Task exited with return code 0
[2024-07-26T12:24:35.351+0000] {taskinstance.py:3503} INFO - 0 downstream tasks scheduled from follow-on schedule check
[2024-07-26T12:24:35.354+0000] {local_task_job_runner.py:222} INFO - ::endgroup::
[2024-07-26T12:29:59.598+0000] {local_task_job_runner.py:120} INFO - ::group::Pre task execution logs
[2024-07-26T12:29:59.626+0000] {taskinstance.py:2076} INFO - Dependencies all met for dep_context=non-requeueable deps ti=<TaskInstance: motower_daily_prod.gen_congestion_task scheduled__2024-06-19T06:00:00+00:00 [queued]>
[2024-07-26T12:29:59.634+0000] {taskinstance.py:2076} INFO - Dependencies all met for dep_context=requeueable deps ti=<TaskInstance: motower_daily_prod.gen_congestion_task scheduled__2024-06-19T06:00:00+00:00 [queued]>
[2024-07-26T12:29:59.634+0000] {taskinstance.py:2306} INFO - Starting attempt 1 of 1
[2024-07-26T12:29:59.643+0000] {taskinstance.py:2330} INFO - Executing <Task(PythonOperator): gen_congestion_task> on 2024-06-19 06:00:00+00:00
[2024-07-26T12:29:59.653+0000] {warnings.py:112} WARNING - /home/***/.local/lib/python3.12/site-packages/***/task/task_runner/standard_task_runner.py:62: DeprecationWarning: This process (pid=2700) is multi-threaded, use of fork() may lead to deadlocks in the child.
  pid = os.fork()

[2024-07-26T12:29:59.655+0000] {standard_task_runner.py:64} INFO - Started process 2702 to run task
[2024-07-26T12:29:59.655+0000] {standard_task_runner.py:90} INFO - Running: ['***', 'tasks', 'run', 'motower_daily_prod', 'gen_congestion_task', 'scheduled__2024-06-19T06:00:00+00:00', '--job-id', '822', '--raw', '--subdir', 'DAGS_FOLDER/gps/custom_dags/motower_daily.py', '--cfg-path', '/tmp/tmp1uu8wdg_']
[2024-07-26T12:29:59.657+0000] {standard_task_runner.py:91} INFO - Job 822: Subtask gen_congestion_task
[2024-07-26T12:29:59.692+0000] {task_command.py:426} INFO - Running <TaskInstance: motower_daily_prod.gen_congestion_task scheduled__2024-06-19T06:00:00+00:00 [running]> on host 88c2b04746a4
[2024-07-26T12:29:59.773+0000] {taskinstance.py:2648} INFO - Exporting env vars: AIRFLOW_CTX_DAG_EMAIL='richmond.kongo@orange.com,assane.diop@orange.com,cyrille1.danho@orange.com,mohamed2.sylla@orange.com,amadou.diomande@orange.com,Jonas.kouame@orange.com,armand.kablan@orange.com,anicet.azombade@orange.com,etienne.kouadio@orange.com,bertine.kouakou@orange.com,florentine.kouakou@orange.com,ange.phaceli@orange.com,soulegame.soro@orange.com,innocent.yengo@orange.com' AIRFLOW_CTX_DAG_OWNER='***' AIRFLOW_CTX_DAG_ID='motower_daily_prod' AIRFLOW_CTX_TASK_ID='gen_congestion_task' AIRFLOW_CTX_EXECUTION_DATE='2024-06-19T06:00:00+00:00' AIRFLOW_CTX_TRY_NUMBER='1' AIRFLOW_CTX_DAG_RUN_ID='scheduled__2024-06-19T06:00:00+00:00'
[2024-07-26T12:29:59.774+0000] {taskinstance.py:430} INFO - ::endgroup::
[2024-07-26T12:29:59.832+0000] {python.py:237} INFO - Done. Returned value was: None
[2024-07-26T12:29:59.833+0000] {taskinstance.py:441} INFO - ::group::Post task execution logs
[2024-07-26T12:29:59.842+0000] {taskinstance.py:1206} INFO - Marking task as SUCCESS. dag_id=motower_daily_prod, task_id=gen_congestion_task, run_id=scheduled__2024-06-19T06:00:00+00:00, execution_date=20240619T060000, start_date=20240726T122959, end_date=20240726T122959
[2024-07-26T12:29:59.868+0000] {local_task_job_runner.py:243} INFO - Task exited with return code 0
[2024-07-26T12:29:59.884+0000] {taskinstance.py:3503} INFO - 0 downstream tasks scheduled from follow-on schedule check
[2024-07-26T12:29:59.886+0000] {local_task_job_runner.py:222} INFO - ::endgroup::
[2024-07-26T12:54:16.672+0000] {local_task_job_runner.py:120} INFO - ::group::Pre task execution logs
[2024-07-26T12:54:16.705+0000] {taskinstance.py:2076} INFO - Dependencies all met for dep_context=non-requeueable deps ti=<TaskInstance: motower_daily_prod.gen_congestion_task scheduled__2024-06-19T06:00:00+00:00 [queued]>
[2024-07-26T12:54:16.715+0000] {taskinstance.py:2076} INFO - Dependencies all met for dep_context=requeueable deps ti=<TaskInstance: motower_daily_prod.gen_congestion_task scheduled__2024-06-19T06:00:00+00:00 [queued]>
[2024-07-26T12:54:16.716+0000] {taskinstance.py:2306} INFO - Starting attempt 1 of 1
[2024-07-26T12:54:16.726+0000] {taskinstance.py:2330} INFO - Executing <Task(PythonOperator): gen_congestion_task> on 2024-06-19 06:00:00+00:00
[2024-07-26T12:54:16.738+0000] {warnings.py:112} WARNING - /home/***/.local/lib/python3.12/site-packages/***/task/task_runner/standard_task_runner.py:62: DeprecationWarning: This process (pid=1955) is multi-threaded, use of fork() may lead to deadlocks in the child.
  pid = os.fork()

[2024-07-26T12:54:16.740+0000] {standard_task_runner.py:64} INFO - Started process 1958 to run task
[2024-07-26T12:54:16.740+0000] {standard_task_runner.py:90} INFO - Running: ['***', 'tasks', 'run', 'motower_daily_prod', 'gen_congestion_task', 'scheduled__2024-06-19T06:00:00+00:00', '--job-id', '566', '--raw', '--subdir', 'DAGS_FOLDER/gps/custom_dags/motower_daily.py', '--cfg-path', '/tmp/tmpcprk1ped']
[2024-07-26T12:54:16.742+0000] {standard_task_runner.py:91} INFO - Job 566: Subtask gen_congestion_task
[2024-07-26T12:54:16.785+0000] {task_command.py:426} INFO - Running <TaskInstance: motower_daily_prod.gen_congestion_task scheduled__2024-06-19T06:00:00+00:00 [running]> on host e824106b656d
[2024-07-26T12:54:16.873+0000] {taskinstance.py:2648} INFO - Exporting env vars: AIRFLOW_CTX_DAG_EMAIL='richmond.kongo@orange.com,assane.diop@orange.com,cyrille1.danho@orange.com,mohamed2.sylla@orange.com,amadou.diomande@orange.com,Jonas.kouame@orange.com,armand.kablan@orange.com,anicet.azombade@orange.com,etienne.kouadio@orange.com,bertine.kouakou@orange.com,florentine.kouakou@orange.com,ange.phaceli@orange.com,soulegame.soro@orange.com,innocent.yengo@orange.com' AIRFLOW_CTX_DAG_OWNER='***' AIRFLOW_CTX_DAG_ID='motower_daily_prod' AIRFLOW_CTX_TASK_ID='gen_congestion_task' AIRFLOW_CTX_EXECUTION_DATE='2024-06-19T06:00:00+00:00' AIRFLOW_CTX_TRY_NUMBER='1' AIRFLOW_CTX_DAG_RUN_ID='scheduled__2024-06-19T06:00:00+00:00'
[2024-07-26T12:54:16.874+0000] {taskinstance.py:430} INFO - ::endgroup::
[2024-07-26T12:54:16.938+0000] {python.py:237} INFO - Done. Returned value was: None
[2024-07-26T12:54:16.939+0000] {taskinstance.py:441} INFO - ::group::Post task execution logs
[2024-07-26T12:54:16.948+0000] {taskinstance.py:1206} INFO - Marking task as SUCCESS. dag_id=motower_daily_prod, task_id=gen_congestion_task, run_id=scheduled__2024-06-19T06:00:00+00:00, execution_date=20240619T060000, start_date=20240726T125416, end_date=20240726T125416
[2024-07-26T12:54:16.993+0000] {local_task_job_runner.py:243} INFO - Task exited with return code 0
[2024-07-26T12:54:17.004+0000] {local_task_job_runner.py:222} INFO - ::endgroup::
[2024-07-29T11:59:41.621+0000] {local_task_job_runner.py:120} INFO - ::group::Pre task execution logs
[2024-07-29T11:59:41.649+0000] {taskinstance.py:2076} INFO - Dependencies all met for dep_context=non-requeueable deps ti=<TaskInstance: motower_daily_prod.gen_congestion_task scheduled__2024-06-19T06:00:00+00:00 [queued]>
[2024-07-29T11:59:41.658+0000] {taskinstance.py:2076} INFO - Dependencies all met for dep_context=requeueable deps ti=<TaskInstance: motower_daily_prod.gen_congestion_task scheduled__2024-06-19T06:00:00+00:00 [queued]>
[2024-07-29T11:59:41.658+0000] {taskinstance.py:2306} INFO - Starting attempt 1 of 1
[2024-07-29T11:59:41.669+0000] {taskinstance.py:2330} INFO - Executing <Task(PythonOperator): gen_congestion_task> on 2024-06-19 06:00:00+00:00
[2024-07-29T11:59:41.679+0000] {warnings.py:112} WARNING - /home/***/.local/lib/python3.12/site-packages/***/task/task_runner/standard_task_runner.py:62: DeprecationWarning: This process (pid=3166) is multi-threaded, use of fork() may lead to deadlocks in the child.
  pid = os.fork()

[2024-07-29T11:59:41.680+0000] {standard_task_runner.py:64} INFO - Started process 3176 to run task
[2024-07-29T11:59:41.681+0000] {standard_task_runner.py:90} INFO - Running: ['***', 'tasks', 'run', 'motower_daily_prod', 'gen_congestion_task', 'scheduled__2024-06-19T06:00:00+00:00', '--job-id', '856', '--raw', '--subdir', 'DAGS_FOLDER/gps/custom_dags/motower_daily.py', '--cfg-path', '/tmp/tmp_t5hjfnv']
[2024-07-29T11:59:41.683+0000] {standard_task_runner.py:91} INFO - Job 856: Subtask gen_congestion_task
[2024-07-29T11:59:41.725+0000] {task_command.py:426} INFO - Running <TaskInstance: motower_daily_prod.gen_congestion_task scheduled__2024-06-19T06:00:00+00:00 [running]> on host e824106b656d
[2024-07-29T11:59:41.822+0000] {taskinstance.py:2648} INFO - Exporting env vars: AIRFLOW_CTX_DAG_EMAIL='richmond.kongo@orange.com,assane.diop@orange.com,cyrille1.danho@orange.com,mohamed2.sylla@orange.com,amadou.diomande@orange.com,Jonas.kouame@orange.com,armand.kablan@orange.com,anicet.azombade@orange.com,etienne.kouadio@orange.com,bertine.kouakou@orange.com,florentine.kouakou@orange.com,ange.phaceli@orange.com,soulegame.soro@orange.com,innocent.yengo@orange.com' AIRFLOW_CTX_DAG_OWNER='***' AIRFLOW_CTX_DAG_ID='motower_daily_prod' AIRFLOW_CTX_TASK_ID='gen_congestion_task' AIRFLOW_CTX_EXECUTION_DATE='2024-06-19T06:00:00+00:00' AIRFLOW_CTX_TRY_NUMBER='1' AIRFLOW_CTX_DAG_RUN_ID='scheduled__2024-06-19T06:00:00+00:00'
[2024-07-29T11:59:41.824+0000] {taskinstance.py:430} INFO - ::endgroup::
[2024-07-29T11:59:41.907+0000] {python.py:237} INFO - Done. Returned value was: None
[2024-07-29T11:59:41.908+0000] {taskinstance.py:441} INFO - ::group::Post task execution logs
[2024-07-29T11:59:41.919+0000] {taskinstance.py:1206} INFO - Marking task as SUCCESS. dag_id=motower_daily_prod, task_id=gen_congestion_task, run_id=scheduled__2024-06-19T06:00:00+00:00, execution_date=20240619T060000, start_date=20240729T115941, end_date=20240729T115941
[2024-07-29T11:59:41.974+0000] {local_task_job_runner.py:243} INFO - Task exited with return code 0
[2024-07-29T11:59:41.993+0000] {taskinstance.py:3503} INFO - 0 downstream tasks scheduled from follow-on schedule check
[2024-07-29T11:59:41.994+0000] {local_task_job_runner.py:222} INFO - ::endgroup::
[2024-07-29T14:32:42.551+0000] {local_task_job_runner.py:120} INFO - ::group::Pre task execution logs
[2024-07-29T14:32:42.584+0000] {taskinstance.py:2076} INFO - Dependencies all met for dep_context=non-requeueable deps ti=<TaskInstance: motower_daily_prod.gen_congestion_task scheduled__2024-06-19T06:00:00+00:00 [queued]>
[2024-07-29T14:32:42.596+0000] {taskinstance.py:2076} INFO - Dependencies all met for dep_context=requeueable deps ti=<TaskInstance: motower_daily_prod.gen_congestion_task scheduled__2024-06-19T06:00:00+00:00 [queued]>
[2024-07-29T14:32:42.596+0000] {taskinstance.py:2306} INFO - Starting attempt 1 of 1
[2024-07-29T14:32:42.613+0000] {taskinstance.py:2330} INFO - Executing <Task(PythonOperator): gen_congestion_task> on 2024-06-19 06:00:00+00:00
[2024-07-29T14:32:42.624+0000] {warnings.py:112} WARNING - /home/***/.local/lib/python3.12/site-packages/***/task/task_runner/standard_task_runner.py:62: DeprecationWarning: This process (pid=1183) is multi-threaded, use of fork() may lead to deadlocks in the child.
  pid = os.fork()

[2024-07-29T14:32:42.626+0000] {standard_task_runner.py:64} INFO - Started process 1194 to run task
[2024-07-29T14:32:42.626+0000] {standard_task_runner.py:90} INFO - Running: ['***', 'tasks', 'run', 'motower_daily_prod', 'gen_congestion_task', 'scheduled__2024-06-19T06:00:00+00:00', '--job-id', '1253', '--raw', '--subdir', 'DAGS_FOLDER/gps/custom_dags/motower_daily.py', '--cfg-path', '/tmp/tmpdo60rnmg']
[2024-07-29T14:32:42.628+0000] {standard_task_runner.py:91} INFO - Job 1253: Subtask gen_congestion_task
[2024-07-29T14:32:42.672+0000] {task_command.py:426} INFO - Running <TaskInstance: motower_daily_prod.gen_congestion_task scheduled__2024-06-19T06:00:00+00:00 [running]> on host e824106b656d
[2024-07-29T14:32:42.765+0000] {taskinstance.py:2648} INFO - Exporting env vars: AIRFLOW_CTX_DAG_EMAIL='richmond.kongo@orange.com,assane.diop@orange.com,cyrille1.danho@orange.com,mohamed2.sylla@orange.com,amadou.diomande@orange.com,Jonas.kouame@orange.com,armand.kablan@orange.com,anicet.azombade@orange.com,etienne.kouadio@orange.com,bertine.kouakou@orange.com,florentine.kouakou@orange.com,ange.phaceli@orange.com,soulegame.soro@orange.com,innocent.yengo@orange.com' AIRFLOW_CTX_DAG_OWNER='***' AIRFLOW_CTX_DAG_ID='motower_daily_prod' AIRFLOW_CTX_TASK_ID='gen_congestion_task' AIRFLOW_CTX_EXECUTION_DATE='2024-06-19T06:00:00+00:00' AIRFLOW_CTX_TRY_NUMBER='1' AIRFLOW_CTX_DAG_RUN_ID='scheduled__2024-06-19T06:00:00+00:00'
[2024-07-29T14:32:42.766+0000] {taskinstance.py:430} INFO - ::endgroup::
[2024-07-29T14:32:42.838+0000] {python.py:237} INFO - Done. Returned value was: None
[2024-07-29T14:32:42.839+0000] {taskinstance.py:441} INFO - ::group::Post task execution logs
[2024-07-29T14:32:42.848+0000] {taskinstance.py:1206} INFO - Marking task as SUCCESS. dag_id=motower_daily_prod, task_id=gen_congestion_task, run_id=scheduled__2024-06-19T06:00:00+00:00, execution_date=20240619T060000, start_date=20240729T143242, end_date=20240729T143242
[2024-07-29T14:32:42.879+0000] {local_task_job_runner.py:243} INFO - Task exited with return code 0
[2024-07-29T14:32:42.895+0000] {taskinstance.py:3503} INFO - 0 downstream tasks scheduled from follow-on schedule check
[2024-07-29T14:32:42.896+0000] {local_task_job_runner.py:222} INFO - ::endgroup::
