[2024-08-06T16:53:35.145+0000] {local_task_job_runner.py:120} INFO - ::group::Pre task execution logs
[2024-08-06T16:53:35.317+0000] {taskinstance.py:2076} INFO - Dependencies all met for dep_context=non-requeueable deps ti=<TaskInstance: motower_daily_prod.extract_congestion scheduled__2024-01-03T06:00:00+00:00 [queued]>
[2024-08-06T16:53:35.400+0000] {taskinstance.py:2076} INFO - Dependencies all met for dep_context=requeueable deps ti=<TaskInstance: motower_daily_prod.extract_congestion scheduled__2024-01-03T06:00:00+00:00 [queued]>
[2024-08-06T16:53:35.402+0000] {taskinstance.py:2306} INFO - Starting attempt 1 of 1
[2024-08-06T16:53:35.479+0000] {taskinstance.py:2330} INFO - Executing <Task(PythonOperator): extract_congestion> on 2024-01-03 06:00:00+00:00
[2024-08-06T16:53:35.504+0000] {warnings.py:112} WARNING - /home/***/.local/lib/python3.12/site-packages/***/task/task_runner/standard_task_runner.py:62: DeprecationWarning: This process (pid=895) is multi-threaded, use of fork() may lead to deadlocks in the child.
  pid = os.fork()

[2024-08-06T16:53:35.504+0000] {standard_task_runner.py:90} INFO - Running: ['***', 'tasks', 'run', 'motower_daily_prod', 'extract_congestion', 'scheduled__2024-01-03T06:00:00+00:00', '--job-id', '13', '--raw', '--subdir', 'DAGS_FOLDER/gps/custom_dags/motower_daily.py', '--cfg-path', '/tmp/tmpfaomqqc0']
[2024-08-06T16:53:35.516+0000] {standard_task_runner.py:64} INFO - Started process 911 to run task
[2024-08-06T16:53:35.516+0000] {standard_task_runner.py:91} INFO - Job 13: Subtask extract_congestion
[2024-08-06T16:53:35.688+0000] {task_command.py:426} INFO - Running <TaskInstance: motower_daily_prod.extract_congestion scheduled__2024-01-03T06:00:00+00:00 [running]> on host 13681191f11c
[2024-08-06T16:53:36.153+0000] {taskinstance.py:2648} INFO - Exporting env vars: AIRFLOW_CTX_DAG_EMAIL='richmond.kongo@orange.com,assane.diop@orange.com,cyrille1.danho@orange.com,mohamed2.sylla@orange.com,amadou.diomande@orange.com,Jonas.kouame@orange.com,armand.kablan@orange.com,anicet.azombade@orange.com,etienne.kouadio@orange.com,bertine.kouakou@orange.com,florentine.kouakou@orange.com,ange.phaceli@orange.com,soulegame.soro@orange.com,innocent.yengo@orange.com' AIRFLOW_CTX_DAG_OWNER='***' AIRFLOW_CTX_DAG_ID='motower_daily_prod' AIRFLOW_CTX_TASK_ID='extract_congestion' AIRFLOW_CTX_EXECUTION_DATE='2024-01-03T06:00:00+00:00' AIRFLOW_CTX_TRY_NUMBER='1' AIRFLOW_CTX_DAG_RUN_ID='scheduled__2024-01-03T06:00:00+00:00'
[2024-08-06T16:53:36.160+0000] {taskinstance.py:430} INFO - ::endgroup::
[2024-08-06T16:53:36.241+0000] {extract.py:126} INFO - Getting data of the table ks_hebdo_tdb_radio_drsi 
[2024-08-06T16:53:36.242+0000] {extract.py:127} INFO - where date is 2024-01-02
[2024-08-06T16:53:36.242+0000] {extract.py:98} INFO - get data to date 1 and year 2024
[2024-08-06T16:53:36.257+0000] {warnings.py:112} WARNING - /opt/***/dags/gps/common/extract.py:99: UserWarning: pandas only supports SQLAlchemy connectable (engine/connection) or database string URI or sqlite3 DBAPI2 connection. Other DBAPI2 objects are not tested. Please consider using SQLAlchemy.
  df_ = pd.read_sql_query(sql_query, conn, params=params)

[2024-08-06T16:53:36.693+0000] {rwminio.py:19} INFO - start to save data
[2024-08-06T16:53:36.977+0000] {rwminio.py:34} INFO - data in minio ok
[2024-08-06T16:53:37.042+0000] {python.py:237} INFO - Done. Returned value was: None
[2024-08-06T16:53:37.046+0000] {taskinstance.py:441} INFO - ::group::Post task execution logs
[2024-08-06T16:53:37.090+0000] {taskinstance.py:1206} INFO - Marking task as SUCCESS. dag_id=motower_daily_prod, task_id=extract_congestion, run_id=scheduled__2024-01-03T06:00:00+00:00, execution_date=20240103T060000, start_date=20240806T165335, end_date=20240806T165337
[2024-08-06T16:53:37.179+0000] {local_task_job_runner.py:243} INFO - Task exited with return code 0
[2024-08-06T16:53:37.207+0000] {local_task_job_runner.py:222} INFO - ::endgroup::
[2024-08-06T16:56:33.427+0000] {local_task_job_runner.py:120} INFO - ::group::Pre task execution logs
[2024-08-06T16:56:33.845+0000] {taskinstance.py:2076} INFO - Dependencies all met for dep_context=non-requeueable deps ti=<TaskInstance: motower_daily_prod.extract_congestion scheduled__2024-01-03T06:00:00+00:00 [queued]>
[2024-08-06T16:56:33.912+0000] {taskinstance.py:2076} INFO - Dependencies all met for dep_context=requeueable deps ti=<TaskInstance: motower_daily_prod.extract_congestion scheduled__2024-01-03T06:00:00+00:00 [queued]>
[2024-08-06T16:56:33.914+0000] {taskinstance.py:2306} INFO - Starting attempt 1 of 1
[2024-08-06T16:56:33.955+0000] {taskinstance.py:2330} INFO - Executing <Task(PythonOperator): extract_congestion> on 2024-01-03 06:00:00+00:00
[2024-08-06T16:56:33.986+0000] {warnings.py:112} WARNING - /home/***/.local/lib/python3.12/site-packages/***/task/task_runner/standard_task_runner.py:62: DeprecationWarning: This process (pid=1084) is multi-threaded, use of fork() may lead to deadlocks in the child.
  pid = os.fork()

[2024-08-06T16:56:33.988+0000] {standard_task_runner.py:64} INFO - Started process 1103 to run task
[2024-08-06T16:56:34.014+0000] {standard_task_runner.py:90} INFO - Running: ['***', 'tasks', 'run', 'motower_daily_prod', 'extract_congestion', 'scheduled__2024-01-03T06:00:00+00:00', '--job-id', '67', '--raw', '--subdir', 'DAGS_FOLDER/gps/custom_dags/motower_daily.py', '--cfg-path', '/tmp/tmpd2lbszxl']
[2024-08-06T16:56:34.033+0000] {standard_task_runner.py:91} INFO - Job 67: Subtask extract_congestion
[2024-08-06T16:56:34.242+0000] {task_command.py:426} INFO - Running <TaskInstance: motower_daily_prod.extract_congestion scheduled__2024-01-03T06:00:00+00:00 [running]> on host 13681191f11c
[2024-08-06T16:56:34.524+0000] {taskinstance.py:2648} INFO - Exporting env vars: AIRFLOW_CTX_DAG_EMAIL='richmond.kongo@orange.com,assane.diop@orange.com,cyrille1.danho@orange.com,mohamed2.sylla@orange.com,amadou.diomande@orange.com,Jonas.kouame@orange.com,armand.kablan@orange.com,anicet.azombade@orange.com,etienne.kouadio@orange.com,bertine.kouakou@orange.com,florentine.kouakou@orange.com,ange.phaceli@orange.com,soulegame.soro@orange.com,innocent.yengo@orange.com' AIRFLOW_CTX_DAG_OWNER='***' AIRFLOW_CTX_DAG_ID='motower_daily_prod' AIRFLOW_CTX_TASK_ID='extract_congestion' AIRFLOW_CTX_EXECUTION_DATE='2024-01-03T06:00:00+00:00' AIRFLOW_CTX_TRY_NUMBER='1' AIRFLOW_CTX_DAG_RUN_ID='scheduled__2024-01-03T06:00:00+00:00'
[2024-08-06T16:56:34.526+0000] {taskinstance.py:430} INFO - ::endgroup::
[2024-08-06T16:56:34.568+0000] {extract.py:126} INFO - Getting data of the table ks_hebdo_tdb_radio_drsi 
[2024-08-06T16:56:34.569+0000] {extract.py:127} INFO - where date is 2024-01-02
[2024-08-06T16:56:34.570+0000] {extract.py:98} INFO - get data to date 1 and year 2024
[2024-08-06T16:56:34.592+0000] {warnings.py:112} WARNING - /opt/***/dags/gps/common/extract.py:99: UserWarning: pandas only supports SQLAlchemy connectable (engine/connection) or database string URI or sqlite3 DBAPI2 connection. Other DBAPI2 objects are not tested. Please consider using SQLAlchemy.
  df_ = pd.read_sql_query(sql_query, conn, params=params)

[2024-08-06T16:56:35.069+0000] {rwminio.py:19} INFO - start to save data
[2024-08-06T16:56:35.415+0000] {rwminio.py:34} INFO - data in minio ok
[2024-08-06T16:56:35.440+0000] {python.py:237} INFO - Done. Returned value was: None
[2024-08-06T16:56:35.441+0000] {taskinstance.py:441} INFO - ::group::Post task execution logs
[2024-08-06T16:56:35.461+0000] {taskinstance.py:1206} INFO - Marking task as SUCCESS. dag_id=motower_daily_prod, task_id=extract_congestion, run_id=scheduled__2024-01-03T06:00:00+00:00, execution_date=20240103T060000, start_date=20240806T165633, end_date=20240806T165635
[2024-08-06T16:56:35.523+0000] {local_task_job_runner.py:243} INFO - Task exited with return code 0
[2024-08-06T16:56:35.672+0000] {taskinstance.py:3503} INFO - 0 downstream tasks scheduled from follow-on schedule check
[2024-08-06T16:56:35.681+0000] {local_task_job_runner.py:222} INFO - ::endgroup::
[2024-08-06T17:26:58.444+0000] {local_task_job_runner.py:120} INFO - ::group::Pre task execution logs
[2024-08-06T17:26:58.548+0000] {taskinstance.py:2076} INFO - Dependencies all met for dep_context=non-requeueable deps ti=<TaskInstance: motower_daily_prod.extract_congestion scheduled__2024-01-03T06:00:00+00:00 [queued]>
[2024-08-06T17:26:58.582+0000] {taskinstance.py:2076} INFO - Dependencies all met for dep_context=requeueable deps ti=<TaskInstance: motower_daily_prod.extract_congestion scheduled__2024-01-03T06:00:00+00:00 [queued]>
[2024-08-06T17:26:58.585+0000] {taskinstance.py:2306} INFO - Starting attempt 1 of 1
[2024-08-06T17:26:58.633+0000] {taskinstance.py:2330} INFO - Executing <Task(PythonOperator): extract_congestion> on 2024-01-03 06:00:00+00:00
[2024-08-06T17:26:58.653+0000] {warnings.py:112} WARNING - /home/***/.local/lib/python3.12/site-packages/***/task/task_runner/standard_task_runner.py:62: DeprecationWarning: This process (pid=5228) is multi-threaded, use of fork() may lead to deadlocks in the child.
  pid = os.fork()

[2024-08-06T17:26:58.661+0000] {standard_task_runner.py:64} INFO - Started process 5242 to run task
[2024-08-06T17:26:58.663+0000] {standard_task_runner.py:90} INFO - Running: ['***', 'tasks', 'run', 'motower_daily_prod', 'extract_congestion', 'scheduled__2024-01-03T06:00:00+00:00', '--job-id', '1328', '--raw', '--subdir', 'DAGS_FOLDER/gps/custom_dags/motower_daily.py', '--cfg-path', '/tmp/tmpgpmlnmca']
[2024-08-06T17:26:58.667+0000] {standard_task_runner.py:91} INFO - Job 1328: Subtask extract_congestion
[2024-08-06T17:26:58.815+0000] {task_command.py:426} INFO - Running <TaskInstance: motower_daily_prod.extract_congestion scheduled__2024-01-03T06:00:00+00:00 [running]> on host 13681191f11c
[2024-08-06T17:26:59.179+0000] {taskinstance.py:2648} INFO - Exporting env vars: AIRFLOW_CTX_DAG_EMAIL='richmond.kongo@orange.com,assane.diop@orange.com,cyrille1.danho@orange.com,mohamed2.sylla@orange.com,amadou.diomande@orange.com,Jonas.kouame@orange.com,armand.kablan@orange.com,anicet.azombade@orange.com,etienne.kouadio@orange.com,bertine.kouakou@orange.com,florentine.kouakou@orange.com,ange.phaceli@orange.com,soulegame.soro@orange.com,innocent.yengo@orange.com' AIRFLOW_CTX_DAG_OWNER='***' AIRFLOW_CTX_DAG_ID='motower_daily_prod' AIRFLOW_CTX_TASK_ID='extract_congestion' AIRFLOW_CTX_EXECUTION_DATE='2024-01-03T06:00:00+00:00' AIRFLOW_CTX_TRY_NUMBER='1' AIRFLOW_CTX_DAG_RUN_ID='scheduled__2024-01-03T06:00:00+00:00'
[2024-08-06T17:26:59.181+0000] {taskinstance.py:430} INFO - ::endgroup::
[2024-08-06T17:26:59.233+0000] {extract.py:126} INFO - Getting data of the table ks_hebdo_tdb_radio_drsi 
[2024-08-06T17:26:59.233+0000] {extract.py:127} INFO - where date is 2024-01-02
[2024-08-06T17:26:59.234+0000] {extract.py:98} INFO - get data to date 1 and year 2024
[2024-08-06T17:26:59.263+0000] {warnings.py:112} WARNING - /opt/***/dags/gps/common/extract.py:99: UserWarning: pandas only supports SQLAlchemy connectable (engine/connection) or database string URI or sqlite3 DBAPI2 connection. Other DBAPI2 objects are not tested. Please consider using SQLAlchemy.
  df_ = pd.read_sql_query(sql_query, conn, params=params)

[2024-08-06T17:26:59.782+0000] {rwminio.py:19} INFO - start to save data
[2024-08-06T17:27:00.152+0000] {rwminio.py:34} INFO - data in minio ok
[2024-08-06T17:27:00.169+0000] {python.py:237} INFO - Done. Returned value was: None
[2024-08-06T17:27:00.170+0000] {taskinstance.py:441} INFO - ::group::Post task execution logs
[2024-08-06T17:27:00.198+0000] {taskinstance.py:1206} INFO - Marking task as SUCCESS. dag_id=motower_daily_prod, task_id=extract_congestion, run_id=scheduled__2024-01-03T06:00:00+00:00, execution_date=20240103T060000, start_date=20240806T172658, end_date=20240806T172700
[2024-08-06T17:27:00.270+0000] {local_task_job_runner.py:243} INFO - Task exited with return code 0
[2024-08-06T17:27:00.291+0000] {local_task_job_runner.py:222} INFO - ::endgroup::
[2024-08-06T18:14:39.799+0000] {local_task_job_runner.py:120} INFO - ::group::Pre task execution logs
[2024-08-06T18:14:39.914+0000] {taskinstance.py:2076} INFO - Dependencies all met for dep_context=non-requeueable deps ti=<TaskInstance: motower_daily_prod.extract_congestion scheduled__2024-01-03T06:00:00+00:00 [queued]>
[2024-08-06T18:14:39.943+0000] {taskinstance.py:2076} INFO - Dependencies all met for dep_context=requeueable deps ti=<TaskInstance: motower_daily_prod.extract_congestion scheduled__2024-01-03T06:00:00+00:00 [queued]>
[2024-08-06T18:14:39.944+0000] {taskinstance.py:2306} INFO - Starting attempt 1 of 1
[2024-08-06T18:14:39.986+0000] {taskinstance.py:2330} INFO - Executing <Task(PythonOperator): extract_congestion> on 2024-01-03 06:00:00+00:00
[2024-08-06T18:14:40.012+0000] {warnings.py:112} WARNING - /home/***/.local/lib/python3.12/site-packages/***/task/task_runner/standard_task_runner.py:62: DeprecationWarning: This process (pid=9108) is multi-threaded, use of fork() may lead to deadlocks in the child.
  pid = os.fork()

[2024-08-06T18:14:40.016+0000] {standard_task_runner.py:64} INFO - Started process 9120 to run task
[2024-08-06T18:14:40.030+0000] {standard_task_runner.py:90} INFO - Running: ['***', 'tasks', 'run', 'motower_daily_prod', 'extract_congestion', 'scheduled__2024-01-03T06:00:00+00:00', '--job-id', '2427', '--raw', '--subdir', 'DAGS_FOLDER/gps/custom_dags/motower_daily.py', '--cfg-path', '/tmp/tmprnxpr6w8']
[2024-08-06T18:14:40.037+0000] {standard_task_runner.py:91} INFO - Job 2427: Subtask extract_congestion
[2024-08-06T18:14:40.253+0000] {task_command.py:426} INFO - Running <TaskInstance: motower_daily_prod.extract_congestion scheduled__2024-01-03T06:00:00+00:00 [running]> on host 13681191f11c
[2024-08-06T18:14:40.496+0000] {taskinstance.py:2648} INFO - Exporting env vars: AIRFLOW_CTX_DAG_EMAIL='richmond.kongo@orange.com,assane.diop@orange.com,cyrille1.danho@orange.com,mohamed2.sylla@orange.com,amadou.diomande@orange.com,Jonas.kouame@orange.com,armand.kablan@orange.com,anicet.azombade@orange.com,etienne.kouadio@orange.com,bertine.kouakou@orange.com,florentine.kouakou@orange.com,ange.phaceli@orange.com,soulegame.soro@orange.com,innocent.yengo@orange.com' AIRFLOW_CTX_DAG_OWNER='***' AIRFLOW_CTX_DAG_ID='motower_daily_prod' AIRFLOW_CTX_TASK_ID='extract_congestion' AIRFLOW_CTX_EXECUTION_DATE='2024-01-03T06:00:00+00:00' AIRFLOW_CTX_TRY_NUMBER='1' AIRFLOW_CTX_DAG_RUN_ID='scheduled__2024-01-03T06:00:00+00:00'
[2024-08-06T18:14:40.498+0000] {taskinstance.py:430} INFO - ::endgroup::
[2024-08-06T18:14:40.551+0000] {extract.py:126} INFO - Getting data of the table ks_hebdo_tdb_radio_drsi 
[2024-08-06T18:14:40.551+0000] {extract.py:127} INFO - where date is 2024-01-02
[2024-08-06T18:14:40.552+0000] {extract.py:98} INFO - get data to date 1 and year 2024
[2024-08-06T18:14:40.568+0000] {warnings.py:112} WARNING - /opt/***/dags/gps/common/extract.py:99: UserWarning: pandas only supports SQLAlchemy connectable (engine/connection) or database string URI or sqlite3 DBAPI2 connection. Other DBAPI2 objects are not tested. Please consider using SQLAlchemy.
  df_ = pd.read_sql_query(sql_query, conn, params=params)

[2024-08-06T18:14:40.882+0000] {rwminio.py:19} INFO - start to save data
[2024-08-06T18:14:41.251+0000] {rwminio.py:34} INFO - data in minio ok
[2024-08-06T18:14:41.270+0000] {python.py:237} INFO - Done. Returned value was: None
[2024-08-06T18:14:41.271+0000] {taskinstance.py:441} INFO - ::group::Post task execution logs
[2024-08-06T18:14:41.336+0000] {taskinstance.py:1206} INFO - Marking task as SUCCESS. dag_id=motower_daily_prod, task_id=extract_congestion, run_id=scheduled__2024-01-03T06:00:00+00:00, execution_date=20240103T060000, start_date=20240806T181439, end_date=20240806T181441
[2024-08-06T18:14:42.299+0000] {local_task_job_runner.py:243} INFO - Task exited with return code 0
[2024-08-06T18:14:42.319+0000] {local_task_job_runner.py:222} INFO - ::endgroup::
