[2024-08-06T17:09:42.650+0000] {local_task_job_runner.py:120} INFO - ::group::Pre task execution logs
[2024-08-06T17:09:42.719+0000] {taskinstance.py:2076} INFO - Dependencies all met for dep_context=non-requeueable deps ti=<TaskInstance: motower_daily_prod.checkataa scheduled__2024-04-08T06:00:00+00:00 [queued]>
[2024-08-06T17:09:42.740+0000] {taskinstance.py:2076} INFO - Dependencies all met for dep_context=requeueable deps ti=<TaskInstance: motower_daily_prod.checkataa scheduled__2024-04-08T06:00:00+00:00 [queued]>
[2024-08-06T17:09:42.740+0000] {taskinstance.py:2306} INFO - Starting attempt 1 of 1
[2024-08-06T17:09:42.797+0000] {taskinstance.py:2330} INFO - Executing <Task(PythonSensor): checkataa> on 2024-04-08 06:00:00+00:00
[2024-08-06T17:09:42.812+0000] {warnings.py:112} WARNING - /home/***/.local/lib/python3.12/site-packages/***/task/task_runner/standard_task_runner.py:62: DeprecationWarning: This process (pid=3804) is multi-threaded, use of fork() may lead to deadlocks in the child.
  pid = os.fork()

[2024-08-06T17:09:42.814+0000] {standard_task_runner.py:64} INFO - Started process 3808 to run task
[2024-08-06T17:09:42.821+0000] {standard_task_runner.py:90} INFO - Running: ['***', 'tasks', 'run', 'motower_daily_prod', 'checkataa', 'scheduled__2024-04-08T06:00:00+00:00', '--job-id', '924', '--raw', '--subdir', 'DAGS_FOLDER/gps/custom_dags/motower_daily.py', '--cfg-path', '/tmp/tmprpbf_xh7']
[2024-08-06T17:09:42.824+0000] {standard_task_runner.py:91} INFO - Job 924: Subtask checkataa
[2024-08-06T17:09:42.895+0000] {task_command.py:426} INFO - Running <TaskInstance: motower_daily_prod.checkataa scheduled__2024-04-08T06:00:00+00:00 [running]> on host 13681191f11c
[2024-08-06T17:09:43.069+0000] {taskinstance.py:2648} INFO - Exporting env vars: AIRFLOW_CTX_DAG_EMAIL='richmond.kongo@orange.com,assane.diop@orange.com,cyrille1.danho@orange.com,mohamed2.sylla@orange.com,amadou.diomande@orange.com,Jonas.kouame@orange.com,armand.kablan@orange.com,anicet.azombade@orange.com,etienne.kouadio@orange.com,bertine.kouakou@orange.com,florentine.kouakou@orange.com,ange.phaceli@orange.com,soulegame.soro@orange.com,innocent.yengo@orange.com' AIRFLOW_CTX_DAG_OWNER='***' AIRFLOW_CTX_DAG_ID='motower_daily_prod' AIRFLOW_CTX_TASK_ID='checkataa' AIRFLOW_CTX_EXECUTION_DATE='2024-04-08T06:00:00+00:00' AIRFLOW_CTX_TRY_NUMBER='1' AIRFLOW_CTX_DAG_RUN_ID='scheduled__2024-04-08T06:00:00+00:00'
[2024-08-06T17:09:43.070+0000] {taskinstance.py:430} INFO - ::endgroup::
[2024-08-06T17:09:43.092+0000] {python.py:75} INFO - Poking callable: <function check_data_in_table at 0x701c26fdfba0>
[2024-08-06T17:09:43.097+0000] {extract.py:126} INFO - Getting data of the table dtm_motower_gsm 
[2024-08-06T17:09:43.097+0000] {extract.py:127} INFO - where date is 2024-04-07
[2024-08-06T17:09:43.098+0000] {extract.py:102} INFO - get data to date 20240407
[2024-08-06T17:09:43.106+0000] {warnings.py:112} WARNING - /opt/***/dags/gps/common/extract.py:103: UserWarning: pandas only supports SQLAlchemy connectable (engine/connection) or database string URI or sqlite3 DBAPI2 connection. Other DBAPI2 objects are not tested. Please consider using SQLAlchemy.
  df_ = pd.read_sql_query(sql_query, conn, params=params)

[2024-08-06T17:09:43.209+0000] {base.py:294} INFO - Success criteria met. Exiting.
[2024-08-06T17:09:43.210+0000] {taskinstance.py:441} INFO - ::group::Post task execution logs
[2024-08-06T17:09:43.221+0000] {taskinstance.py:1206} INFO - Marking task as SUCCESS. dag_id=motower_daily_prod, task_id=checkataa, run_id=scheduled__2024-04-08T06:00:00+00:00, execution_date=20240408T060000, start_date=20240806T170942, end_date=20240806T170943
[2024-08-06T17:09:43.269+0000] {local_task_job_runner.py:243} INFO - Task exited with return code 0
[2024-08-06T17:09:43.344+0000] {taskinstance.py:3503} INFO - 1 downstream tasks scheduled from follow-on schedule check
[2024-08-06T17:09:43.350+0000] {local_task_job_runner.py:222} INFO - ::endgroup::
[2024-08-06T17:39:37.852+0000] {local_task_job_runner.py:120} INFO - ::group::Pre task execution logs
[2024-08-06T17:39:37.937+0000] {taskinstance.py:2076} INFO - Dependencies all met for dep_context=non-requeueable deps ti=<TaskInstance: motower_daily_prod.checkataa scheduled__2024-04-08T06:00:00+00:00 [queued]>
[2024-08-06T17:39:37.961+0000] {taskinstance.py:2076} INFO - Dependencies all met for dep_context=requeueable deps ti=<TaskInstance: motower_daily_prod.checkataa scheduled__2024-04-08T06:00:00+00:00 [queued]>
[2024-08-06T17:39:37.962+0000] {taskinstance.py:2306} INFO - Starting attempt 1 of 1
[2024-08-06T17:39:37.999+0000] {taskinstance.py:2330} INFO - Executing <Task(PythonSensor): checkataa> on 2024-04-08 06:00:00+00:00
[2024-08-06T17:39:38.020+0000] {warnings.py:112} WARNING - /home/***/.local/lib/python3.12/site-packages/***/task/task_runner/standard_task_runner.py:62: DeprecationWarning: This process (pid=7878) is multi-threaded, use of fork() may lead to deadlocks in the child.
  pid = os.fork()

[2024-08-06T17:39:38.023+0000] {standard_task_runner.py:64} INFO - Started process 7896 to run task
[2024-08-06T17:39:38.039+0000] {standard_task_runner.py:90} INFO - Running: ['***', 'tasks', 'run', 'motower_daily_prod', 'checkataa', 'scheduled__2024-04-08T06:00:00+00:00', '--job-id', '2166', '--raw', '--subdir', 'DAGS_FOLDER/gps/custom_dags/motower_daily.py', '--cfg-path', '/tmp/tmpbc9jppt8']
[2024-08-06T17:39:38.046+0000] {standard_task_runner.py:91} INFO - Job 2166: Subtask checkataa
[2024-08-06T17:39:38.235+0000] {task_command.py:426} INFO - Running <TaskInstance: motower_daily_prod.checkataa scheduled__2024-04-08T06:00:00+00:00 [running]> on host 13681191f11c
[2024-08-06T17:39:38.552+0000] {taskinstance.py:2648} INFO - Exporting env vars: AIRFLOW_CTX_DAG_EMAIL='richmond.kongo@orange.com,assane.diop@orange.com,cyrille1.danho@orange.com,mohamed2.sylla@orange.com,amadou.diomande@orange.com,Jonas.kouame@orange.com,armand.kablan@orange.com,anicet.azombade@orange.com,etienne.kouadio@orange.com,bertine.kouakou@orange.com,florentine.kouakou@orange.com,ange.phaceli@orange.com,soulegame.soro@orange.com,innocent.yengo@orange.com' AIRFLOW_CTX_DAG_OWNER='***' AIRFLOW_CTX_DAG_ID='motower_daily_prod' AIRFLOW_CTX_TASK_ID='checkataa' AIRFLOW_CTX_EXECUTION_DATE='2024-04-08T06:00:00+00:00' AIRFLOW_CTX_TRY_NUMBER='1' AIRFLOW_CTX_DAG_RUN_ID='scheduled__2024-04-08T06:00:00+00:00'
[2024-08-06T17:39:38.554+0000] {taskinstance.py:430} INFO - ::endgroup::
[2024-08-06T17:39:38.609+0000] {python.py:75} INFO - Poking callable: <function check_data_in_table at 0x701c2703bba0>
[2024-08-06T17:39:38.626+0000] {extract.py:126} INFO - Getting data of the table dtm_motower_gsm 
[2024-08-06T17:39:38.627+0000] {extract.py:127} INFO - where date is 2024-04-07
[2024-08-06T17:39:38.627+0000] {extract.py:102} INFO - get data to date 20240407
[2024-08-06T17:39:38.641+0000] {warnings.py:112} WARNING - /opt/***/dags/gps/common/extract.py:103: UserWarning: pandas only supports SQLAlchemy connectable (engine/connection) or database string URI or sqlite3 DBAPI2 connection. Other DBAPI2 objects are not tested. Please consider using SQLAlchemy.
  df_ = pd.read_sql_query(sql_query, conn, params=params)

[2024-08-06T17:39:39.003+0000] {base.py:294} INFO - Success criteria met. Exiting.
[2024-08-06T17:39:39.004+0000] {taskinstance.py:441} INFO - ::group::Post task execution logs
[2024-08-06T17:39:39.056+0000] {taskinstance.py:1206} INFO - Marking task as SUCCESS. dag_id=motower_daily_prod, task_id=checkataa, run_id=scheduled__2024-04-08T06:00:00+00:00, execution_date=20240408T060000, start_date=20240806T173937, end_date=20240806T173939
[2024-08-06T17:39:39.213+0000] {local_task_job_runner.py:243} INFO - Task exited with return code 0
[2024-08-06T17:39:39.311+0000] {taskinstance.py:3503} INFO - 0 downstream tasks scheduled from follow-on schedule check
[2024-08-06T17:39:39.321+0000] {local_task_job_runner.py:222} INFO - ::endgroup::
