[2024-08-06T16:59:26.295+0000] {local_task_job_runner.py:120} INFO - ::group::Pre task execution logs
[2024-08-06T16:59:26.405+0000] {taskinstance.py:2076} INFO - Dependencies all met for dep_context=non-requeueable deps ti=<TaskInstance: motower_daily_prod.extracta scheduled__2024-01-29T06:00:00+00:00 [queued]>
[2024-08-06T16:59:26.431+0000] {taskinstance.py:2076} INFO - Dependencies all met for dep_context=requeueable deps ti=<TaskInstance: motower_daily_prod.extracta scheduled__2024-01-29T06:00:00+00:00 [queued]>
[2024-08-06T16:59:26.433+0000] {taskinstance.py:2306} INFO - Starting attempt 1 of 1
[2024-08-06T16:59:26.465+0000] {taskinstance.py:2330} INFO - Executing <Task(PythonOperator): extracta> on 2024-01-29 06:00:00+00:00
[2024-08-06T16:59:26.480+0000] {warnings.py:112} WARNING - /home/***/.local/lib/python3.12/site-packages/***/task/task_runner/standard_task_runner.py:62: DeprecationWarning: This process (pid=1770) is multi-threaded, use of fork() may lead to deadlocks in the child.
  pid = os.fork()

[2024-08-06T16:59:26.482+0000] {standard_task_runner.py:64} INFO - Started process 1782 to run task
[2024-08-06T16:59:26.488+0000] {standard_task_runner.py:90} INFO - Running: ['***', 'tasks', 'run', 'motower_daily_prod', 'extracta', 'scheduled__2024-01-29T06:00:00+00:00', '--job-id', '285', '--raw', '--subdir', 'DAGS_FOLDER/gps/custom_dags/motower_daily.py', '--cfg-path', '/tmp/tmphf72yn5i']
[2024-08-06T16:59:26.492+0000] {standard_task_runner.py:91} INFO - Job 285: Subtask extracta
[2024-08-06T16:59:26.583+0000] {task_command.py:426} INFO - Running <TaskInstance: motower_daily_prod.extracta scheduled__2024-01-29T06:00:00+00:00 [running]> on host 13681191f11c
[2024-08-06T16:59:26.783+0000] {taskinstance.py:2648} INFO - Exporting env vars: AIRFLOW_CTX_DAG_EMAIL='richmond.kongo@orange.com,assane.diop@orange.com,cyrille1.danho@orange.com,mohamed2.sylla@orange.com,amadou.diomande@orange.com,Jonas.kouame@orange.com,armand.kablan@orange.com,anicet.azombade@orange.com,etienne.kouadio@orange.com,bertine.kouakou@orange.com,florentine.kouakou@orange.com,ange.phaceli@orange.com,soulegame.soro@orange.com,innocent.yengo@orange.com' AIRFLOW_CTX_DAG_OWNER='***' AIRFLOW_CTX_DAG_ID='motower_daily_prod' AIRFLOW_CTX_TASK_ID='extracta' AIRFLOW_CTX_EXECUTION_DATE='2024-01-29T06:00:00+00:00' AIRFLOW_CTX_TRY_NUMBER='1' AIRFLOW_CTX_DAG_RUN_ID='scheduled__2024-01-29T06:00:00+00:00'
[2024-08-06T16:59:26.787+0000] {taskinstance.py:430} INFO - ::endgroup::
[2024-08-06T16:59:26.837+0000] {extract.py:126} INFO - Getting data of the table dtm_motower_gsm 
[2024-08-06T16:59:26.838+0000] {extract.py:127} INFO - where date is 2024-01-28
[2024-08-06T16:59:26.838+0000] {extract.py:102} INFO - get data to date 20240128
[2024-08-06T16:59:26.849+0000] {warnings.py:112} WARNING - /opt/***/dags/gps/common/extract.py:103: UserWarning: pandas only supports SQLAlchemy connectable (engine/connection) or database string URI or sqlite3 DBAPI2 connection. Other DBAPI2 objects are not tested. Please consider using SQLAlchemy.
  df_ = pd.read_sql_query(sql_query, conn, params=params)

[2024-08-06T16:59:27.030+0000] {rwminio.py:19} INFO - start to save data
[2024-08-06T16:59:27.133+0000] {rwminio.py:34} INFO - data in minio ok
[2024-08-06T16:59:27.134+0000] {python.py:237} INFO - Done. Returned value was: None
[2024-08-06T16:59:27.135+0000] {taskinstance.py:441} INFO - ::group::Post task execution logs
[2024-08-06T16:59:27.156+0000] {taskinstance.py:1206} INFO - Marking task as SUCCESS. dag_id=motower_daily_prod, task_id=extracta, run_id=scheduled__2024-01-29T06:00:00+00:00, execution_date=20240129T060000, start_date=20240806T165926, end_date=20240806T165927
[2024-08-06T16:59:27.193+0000] {local_task_job_runner.py:243} INFO - Task exited with return code 0
[2024-08-06T16:59:27.237+0000] {taskinstance.py:3503} INFO - 0 downstream tasks scheduled from follow-on schedule check
[2024-08-06T16:59:27.241+0000] {local_task_job_runner.py:222} INFO - ::endgroup::
[2024-08-06T17:30:13.623+0000] {local_task_job_runner.py:120} INFO - ::group::Pre task execution logs
[2024-08-06T17:30:13.746+0000] {taskinstance.py:2076} INFO - Dependencies all met for dep_context=non-requeueable deps ti=<TaskInstance: motower_daily_prod.extracta scheduled__2024-01-29T06:00:00+00:00 [queued]>
[2024-08-06T17:30:13.774+0000] {taskinstance.py:2076} INFO - Dependencies all met for dep_context=requeueable deps ti=<TaskInstance: motower_daily_prod.extracta scheduled__2024-01-29T06:00:00+00:00 [queued]>
[2024-08-06T17:30:13.775+0000] {taskinstance.py:2306} INFO - Starting attempt 1 of 1
[2024-08-06T17:30:13.813+0000] {taskinstance.py:2330} INFO - Executing <Task(PythonOperator): extracta> on 2024-01-29 06:00:00+00:00
[2024-08-06T17:30:13.841+0000] {warnings.py:112} WARNING - /home/***/.local/lib/python3.12/site-packages/***/task/task_runner/standard_task_runner.py:62: DeprecationWarning: This process (pid=5940) is multi-threaded, use of fork() may lead to deadlocks in the child.
  pid = os.fork()

[2024-08-06T17:30:13.847+0000] {standard_task_runner.py:64} INFO - Started process 5952 to run task
[2024-08-06T17:30:13.867+0000] {standard_task_runner.py:90} INFO - Running: ['***', 'tasks', 'run', 'motower_daily_prod', 'extracta', 'scheduled__2024-01-29T06:00:00+00:00', '--job-id', '1553', '--raw', '--subdir', 'DAGS_FOLDER/gps/custom_dags/motower_daily.py', '--cfg-path', '/tmp/tmplxvuicbs']
[2024-08-06T17:30:13.872+0000] {standard_task_runner.py:91} INFO - Job 1553: Subtask extracta
[2024-08-06T17:30:14.171+0000] {task_command.py:426} INFO - Running <TaskInstance: motower_daily_prod.extracta scheduled__2024-01-29T06:00:00+00:00 [running]> on host 13681191f11c
[2024-08-06T17:30:14.579+0000] {taskinstance.py:2648} INFO - Exporting env vars: AIRFLOW_CTX_DAG_EMAIL='richmond.kongo@orange.com,assane.diop@orange.com,cyrille1.danho@orange.com,mohamed2.sylla@orange.com,amadou.diomande@orange.com,Jonas.kouame@orange.com,armand.kablan@orange.com,anicet.azombade@orange.com,etienne.kouadio@orange.com,bertine.kouakou@orange.com,florentine.kouakou@orange.com,ange.phaceli@orange.com,soulegame.soro@orange.com,innocent.yengo@orange.com' AIRFLOW_CTX_DAG_OWNER='***' AIRFLOW_CTX_DAG_ID='motower_daily_prod' AIRFLOW_CTX_TASK_ID='extracta' AIRFLOW_CTX_EXECUTION_DATE='2024-01-29T06:00:00+00:00' AIRFLOW_CTX_TRY_NUMBER='1' AIRFLOW_CTX_DAG_RUN_ID='scheduled__2024-01-29T06:00:00+00:00'
[2024-08-06T17:30:14.586+0000] {taskinstance.py:430} INFO - ::endgroup::
[2024-08-06T17:30:14.634+0000] {extract.py:126} INFO - Getting data of the table dtm_motower_gsm 
[2024-08-06T17:30:14.636+0000] {extract.py:127} INFO - where date is 2024-01-28
[2024-08-06T17:30:14.637+0000] {extract.py:102} INFO - get data to date 20240128
[2024-08-06T17:30:14.649+0000] {warnings.py:112} WARNING - /opt/***/dags/gps/common/extract.py:103: UserWarning: pandas only supports SQLAlchemy connectable (engine/connection) or database string URI or sqlite3 DBAPI2 connection. Other DBAPI2 objects are not tested. Please consider using SQLAlchemy.
  df_ = pd.read_sql_query(sql_query, conn, params=params)

[2024-08-06T17:30:15.122+0000] {rwminio.py:19} INFO - start to save data
[2024-08-06T17:30:15.254+0000] {rwminio.py:34} INFO - data in minio ok
[2024-08-06T17:30:15.255+0000] {python.py:237} INFO - Done. Returned value was: None
[2024-08-06T17:30:15.257+0000] {taskinstance.py:441} INFO - ::group::Post task execution logs
[2024-08-06T17:30:15.280+0000] {taskinstance.py:1206} INFO - Marking task as SUCCESS. dag_id=motower_daily_prod, task_id=extracta, run_id=scheduled__2024-01-29T06:00:00+00:00, execution_date=20240129T060000, start_date=20240806T173013, end_date=20240806T173015
[2024-08-06T17:30:15.356+0000] {local_task_job_runner.py:243} INFO - Task exited with return code 0
[2024-08-06T17:30:15.416+0000] {taskinstance.py:3503} INFO - 0 downstream tasks scheduled from follow-on schedule check
[2024-08-06T17:30:15.418+0000] {local_task_job_runner.py:222} INFO - ::endgroup::
[2024-08-06T18:17:45.393+0000] {local_task_job_runner.py:120} INFO - ::group::Pre task execution logs
[2024-08-06T18:17:45.547+0000] {taskinstance.py:2076} INFO - Dependencies all met for dep_context=non-requeueable deps ti=<TaskInstance: motower_daily_prod.extracta scheduled__2024-01-29T06:00:00+00:00 [queued]>
[2024-08-06T18:17:45.578+0000] {taskinstance.py:2076} INFO - Dependencies all met for dep_context=requeueable deps ti=<TaskInstance: motower_daily_prod.extracta scheduled__2024-01-29T06:00:00+00:00 [queued]>
[2024-08-06T18:17:45.579+0000] {taskinstance.py:2306} INFO - Starting attempt 1 of 1
[2024-08-06T18:17:45.624+0000] {taskinstance.py:2330} INFO - Executing <Task(PythonOperator): extracta> on 2024-01-29 06:00:00+00:00
[2024-08-06T18:17:45.650+0000] {warnings.py:112} WARNING - /home/***/.local/lib/python3.12/site-packages/***/task/task_runner/standard_task_runner.py:62: DeprecationWarning: This process (pid=9810) is multi-threaded, use of fork() may lead to deadlocks in the child.
  pid = os.fork()

[2024-08-06T18:17:45.653+0000] {standard_task_runner.py:64} INFO - Started process 9827 to run task
[2024-08-06T18:17:45.659+0000] {standard_task_runner.py:90} INFO - Running: ['***', 'tasks', 'run', 'motower_daily_prod', 'extracta', 'scheduled__2024-01-29T06:00:00+00:00', '--job-id', '2655', '--raw', '--subdir', 'DAGS_FOLDER/gps/custom_dags/motower_daily.py', '--cfg-path', '/tmp/tmpagntqczi']
[2024-08-06T18:17:45.663+0000] {standard_task_runner.py:91} INFO - Job 2655: Subtask extracta
[2024-08-06T18:17:45.809+0000] {task_command.py:426} INFO - Running <TaskInstance: motower_daily_prod.extracta scheduled__2024-01-29T06:00:00+00:00 [running]> on host 13681191f11c
[2024-08-06T18:17:46.128+0000] {taskinstance.py:2648} INFO - Exporting env vars: AIRFLOW_CTX_DAG_EMAIL='richmond.kongo@orange.com,assane.diop@orange.com,cyrille1.danho@orange.com,mohamed2.sylla@orange.com,amadou.diomande@orange.com,Jonas.kouame@orange.com,armand.kablan@orange.com,anicet.azombade@orange.com,etienne.kouadio@orange.com,bertine.kouakou@orange.com,florentine.kouakou@orange.com,ange.phaceli@orange.com,soulegame.soro@orange.com,innocent.yengo@orange.com' AIRFLOW_CTX_DAG_OWNER='***' AIRFLOW_CTX_DAG_ID='motower_daily_prod' AIRFLOW_CTX_TASK_ID='extracta' AIRFLOW_CTX_EXECUTION_DATE='2024-01-29T06:00:00+00:00' AIRFLOW_CTX_TRY_NUMBER='1' AIRFLOW_CTX_DAG_RUN_ID='scheduled__2024-01-29T06:00:00+00:00'
[2024-08-06T18:17:46.130+0000] {taskinstance.py:430} INFO - ::endgroup::
[2024-08-06T18:17:46.281+0000] {extract.py:126} INFO - Getting data of the table dtm_motower_gsm 
[2024-08-06T18:17:46.282+0000] {extract.py:127} INFO - where date is 2024-01-28
[2024-08-06T18:17:46.283+0000] {extract.py:102} INFO - get data to date 20240128
[2024-08-06T18:17:46.309+0000] {warnings.py:112} WARNING - /opt/***/dags/gps/common/extract.py:103: UserWarning: pandas only supports SQLAlchemy connectable (engine/connection) or database string URI or sqlite3 DBAPI2 connection. Other DBAPI2 objects are not tested. Please consider using SQLAlchemy.
  df_ = pd.read_sql_query(sql_query, conn, params=params)

[2024-08-06T18:17:46.558+0000] {rwminio.py:19} INFO - start to save data
[2024-08-06T18:17:46.673+0000] {rwminio.py:34} INFO - data in minio ok
[2024-08-06T18:17:46.673+0000] {python.py:237} INFO - Done. Returned value was: None
[2024-08-06T18:17:46.674+0000] {taskinstance.py:441} INFO - ::group::Post task execution logs
[2024-08-06T18:17:46.694+0000] {taskinstance.py:1206} INFO - Marking task as SUCCESS. dag_id=motower_daily_prod, task_id=extracta, run_id=scheduled__2024-01-29T06:00:00+00:00, execution_date=20240129T060000, start_date=20240806T181745, end_date=20240806T181746
[2024-08-06T18:17:46.760+0000] {local_task_job_runner.py:243} INFO - Task exited with return code 0
[2024-08-06T18:17:46.778+0000] {local_task_job_runner.py:222} INFO - ::endgroup::
