[2024-07-25T08:33:27.350+0000] {local_task_job_runner.py:120} INFO - ::group::Pre task execution logs
[2024-07-25T08:33:27.386+0000] {taskinstance.py:2076} INFO - Dependencies all met for dep_context=non-requeueable deps ti=<TaskInstance: motower_daily_prod.extracta scheduled__2024-06-23T06:00:00+00:00 [queued]>
[2024-07-25T08:33:27.398+0000] {taskinstance.py:2076} INFO - Dependencies all met for dep_context=requeueable deps ti=<TaskInstance: motower_daily_prod.extracta scheduled__2024-06-23T06:00:00+00:00 [queued]>
[2024-07-25T08:33:27.399+0000] {taskinstance.py:2306} INFO - Starting attempt 1 of 1
[2024-07-25T08:33:27.410+0000] {taskinstance.py:2330} INFO - Executing <Task(PythonOperator): extracta> on 2024-06-23 06:00:00+00:00
[2024-07-25T08:33:27.421+0000] {warnings.py:112} WARNING - /home/***/.local/lib/python3.12/site-packages/***/task/task_runner/standard_task_runner.py:62: DeprecationWarning: This process (pid=2483) is multi-threaded, use of fork() may lead to deadlocks in the child.
  pid = os.fork()

[2024-07-25T08:33:27.423+0000] {standard_task_runner.py:64} INFO - Started process 2497 to run task
[2024-07-25T08:33:27.422+0000] {standard_task_runner.py:90} INFO - Running: ['***', 'tasks', 'run', 'motower_daily_prod', 'extracta', 'scheduled__2024-06-23T06:00:00+00:00', '--job-id', '864', '--raw', '--subdir', 'DAGS_FOLDER/gps/custom_dags/motower_daily.py', '--cfg-path', '/tmp/tmpdrvzohlo']
[2024-07-25T08:33:27.424+0000] {standard_task_runner.py:91} INFO - Job 864: Subtask extracta
[2024-07-25T08:33:27.477+0000] {task_command.py:426} INFO - Running <TaskInstance: motower_daily_prod.extracta scheduled__2024-06-23T06:00:00+00:00 [running]> on host b3845fb494d4
[2024-07-25T08:33:27.579+0000] {taskinstance.py:2648} INFO - Exporting env vars: AIRFLOW_CTX_DAG_EMAIL='richmond.kongo@orange.com,assane.diop@orange.com,cyrille1.danho@orange.com,mohamed2.sylla@orange.com,amadou.diomande@orange.com,Jonas.kouame@orange.com,armand.kablan@orange.com,anicet.azombade@orange.com,etienne.kouadio@orange.com,bertine.kouakou@orange.com,florentine.kouakou@orange.com,ange.phaceli@orange.com,soulegame.soro@orange.com,innocent.yengo@orange.com' AIRFLOW_CTX_DAG_OWNER='***' AIRFLOW_CTX_DAG_ID='motower_daily_prod' AIRFLOW_CTX_TASK_ID='extracta' AIRFLOW_CTX_EXECUTION_DATE='2024-06-23T06:00:00+00:00' AIRFLOW_CTX_TRY_NUMBER='1' AIRFLOW_CTX_DAG_RUN_ID='scheduled__2024-06-23T06:00:00+00:00'
[2024-07-25T08:33:27.581+0000] {taskinstance.py:430} INFO - ::endgroup::
[2024-07-25T08:33:27.597+0000] {extract.py:126} INFO - Getting data of the table dtm_motower_gsm 
[2024-07-25T08:33:27.597+0000] {extract.py:127} INFO - where date is 2024-06-22
[2024-07-25T08:33:27.597+0000] {extract.py:102} INFO - get data to date 20240622
[2024-07-25T08:33:27.602+0000] {warnings.py:112} WARNING - /opt/***/dags/gps/common/extract.py:103: UserWarning: pandas only supports SQLAlchemy connectable (engine/connection) or database string URI or sqlite3 DBAPI2 connection. Other DBAPI2 objects are not tested. Please consider using SQLAlchemy.
  df_ = pd.read_sql_query(sql_query, conn, params=params)

[2024-07-25T08:33:27.645+0000] {rwminio.py:19} INFO - start to save data
[2024-07-25T08:33:27.696+0000] {rwminio.py:34} INFO - data in minio ok
[2024-07-25T08:33:27.696+0000] {python.py:237} INFO - Done. Returned value was: None
[2024-07-25T08:33:27.697+0000] {taskinstance.py:441} INFO - ::group::Post task execution logs
[2024-07-25T08:33:27.708+0000] {taskinstance.py:1206} INFO - Marking task as SUCCESS. dag_id=motower_daily_prod, task_id=extracta, run_id=scheduled__2024-06-23T06:00:00+00:00, execution_date=20240623T060000, start_date=20240725T083327, end_date=20240725T083327
[2024-07-25T08:33:27.757+0000] {local_task_job_runner.py:243} INFO - Task exited with return code 0
[2024-07-25T08:33:27.767+0000] {local_task_job_runner.py:222} INFO - ::endgroup::
[2024-07-25T10:37:17.441+0000] {local_task_job_runner.py:120} INFO - ::group::Pre task execution logs
[2024-07-25T10:37:17.485+0000] {taskinstance.py:2076} INFO - Dependencies all met for dep_context=non-requeueable deps ti=<TaskInstance: motower_daily_prod.extracta scheduled__2024-06-23T06:00:00+00:00 [queued]>
[2024-07-25T10:37:17.497+0000] {taskinstance.py:2076} INFO - Dependencies all met for dep_context=requeueable deps ti=<TaskInstance: motower_daily_prod.extracta scheduled__2024-06-23T06:00:00+00:00 [queued]>
[2024-07-25T10:37:17.498+0000] {taskinstance.py:2306} INFO - Starting attempt 1 of 1
[2024-07-25T10:37:17.511+0000] {taskinstance.py:2330} INFO - Executing <Task(PythonOperator): extracta> on 2024-06-23 06:00:00+00:00
[2024-07-25T10:37:17.523+0000] {warnings.py:112} WARNING - /home/***/.local/lib/python3.12/site-packages/***/task/task_runner/standard_task_runner.py:62: DeprecationWarning: This process (pid=5501) is multi-threaded, use of fork() may lead to deadlocks in the child.
  pid = os.fork()

[2024-07-25T10:37:17.525+0000] {standard_task_runner.py:64} INFO - Started process 5512 to run task
[2024-07-25T10:37:17.525+0000] {standard_task_runner.py:90} INFO - Running: ['***', 'tasks', 'run', 'motower_daily_prod', 'extracta', 'scheduled__2024-06-23T06:00:00+00:00', '--job-id', '1330', '--raw', '--subdir', 'DAGS_FOLDER/gps/custom_dags/motower_daily.py', '--cfg-path', '/tmp/tmp16028_7c']
[2024-07-25T10:37:17.527+0000] {standard_task_runner.py:91} INFO - Job 1330: Subtask extracta
[2024-07-25T10:37:17.610+0000] {task_command.py:426} INFO - Running <TaskInstance: motower_daily_prod.extracta scheduled__2024-06-23T06:00:00+00:00 [running]> on host b3845fb494d4
[2024-07-25T10:37:17.724+0000] {taskinstance.py:2648} INFO - Exporting env vars: AIRFLOW_CTX_DAG_EMAIL='richmond.kongo@orange.com,assane.diop@orange.com,cyrille1.danho@orange.com,mohamed2.sylla@orange.com,amadou.diomande@orange.com,Jonas.kouame@orange.com,armand.kablan@orange.com,anicet.azombade@orange.com,etienne.kouadio@orange.com,bertine.kouakou@orange.com,florentine.kouakou@orange.com,ange.phaceli@orange.com,soulegame.soro@orange.com,innocent.yengo@orange.com' AIRFLOW_CTX_DAG_OWNER='***' AIRFLOW_CTX_DAG_ID='motower_daily_prod' AIRFLOW_CTX_TASK_ID='extracta' AIRFLOW_CTX_EXECUTION_DATE='2024-06-23T06:00:00+00:00' AIRFLOW_CTX_TRY_NUMBER='1' AIRFLOW_CTX_DAG_RUN_ID='scheduled__2024-06-23T06:00:00+00:00'
[2024-07-25T10:37:17.726+0000] {taskinstance.py:430} INFO - ::endgroup::
[2024-07-25T10:37:17.742+0000] {extract.py:126} INFO - Getting data of the table dtm_motower_gsm 
[2024-07-25T10:37:17.742+0000] {extract.py:127} INFO - where date is 2024-06-22
[2024-07-25T10:37:17.743+0000] {extract.py:102} INFO - get data to date 20240622
[2024-07-25T10:37:17.748+0000] {warnings.py:112} WARNING - /opt/***/dags/gps/common/extract.py:103: UserWarning: pandas only supports SQLAlchemy connectable (engine/connection) or database string URI or sqlite3 DBAPI2 connection. Other DBAPI2 objects are not tested. Please consider using SQLAlchemy.
  df_ = pd.read_sql_query(sql_query, conn, params=params)

[2024-07-25T10:37:17.805+0000] {rwminio.py:19} INFO - start to save data
[2024-07-25T10:37:17.845+0000] {rwminio.py:34} INFO - data in minio ok
[2024-07-25T10:37:17.846+0000] {python.py:237} INFO - Done. Returned value was: None
[2024-07-25T10:37:17.846+0000] {taskinstance.py:441} INFO - ::group::Post task execution logs
[2024-07-25T10:37:17.856+0000] {taskinstance.py:1206} INFO - Marking task as SUCCESS. dag_id=motower_daily_prod, task_id=extracta, run_id=scheduled__2024-06-23T06:00:00+00:00, execution_date=20240623T060000, start_date=20240725T103717, end_date=20240725T103717
[2024-07-25T10:37:17.914+0000] {local_task_job_runner.py:243} INFO - Task exited with return code 0
[2024-07-25T10:37:17.948+0000] {taskinstance.py:3503} INFO - 0 downstream tasks scheduled from follow-on schedule check
[2024-07-25T10:37:17.950+0000] {local_task_job_runner.py:222} INFO - ::endgroup::
[2024-07-25T12:24:29.481+0000] {local_task_job_runner.py:120} INFO - ::group::Pre task execution logs
[2024-07-25T12:24:29.530+0000] {taskinstance.py:2076} INFO - Dependencies all met for dep_context=non-requeueable deps ti=<TaskInstance: motower_daily_prod.extracta scheduled__2024-06-23T06:00:00+00:00 [queued]>
[2024-07-25T12:24:29.547+0000] {taskinstance.py:2076} INFO - Dependencies all met for dep_context=requeueable deps ti=<TaskInstance: motower_daily_prod.extracta scheduled__2024-06-23T06:00:00+00:00 [queued]>
[2024-07-25T12:24:29.548+0000] {taskinstance.py:2306} INFO - Starting attempt 1 of 1
[2024-07-25T12:24:29.568+0000] {taskinstance.py:2330} INFO - Executing <Task(PythonOperator): extracta> on 2024-06-23 06:00:00+00:00
[2024-07-25T12:24:29.587+0000] {warnings.py:112} WARNING - /home/***/.local/lib/python3.12/site-packages/***/task/task_runner/standard_task_runner.py:62: DeprecationWarning: This process (pid=9043) is multi-threaded, use of fork() may lead to deadlocks in the child.
  pid = os.fork()

[2024-07-25T12:24:29.589+0000] {standard_task_runner.py:64} INFO - Started process 9058 to run task
[2024-07-25T12:24:29.590+0000] {standard_task_runner.py:90} INFO - Running: ['***', 'tasks', 'run', 'motower_daily_prod', 'extracta', 'scheduled__2024-06-23T06:00:00+00:00', '--job-id', '2051', '--raw', '--subdir', 'DAGS_FOLDER/gps/custom_dags/motower_daily.py', '--cfg-path', '/tmp/tmpc1th95b7']
[2024-07-25T12:24:29.592+0000] {standard_task_runner.py:91} INFO - Job 2051: Subtask extracta
[2024-07-25T12:24:29.659+0000] {task_command.py:426} INFO - Running <TaskInstance: motower_daily_prod.extracta scheduled__2024-06-23T06:00:00+00:00 [running]> on host b3845fb494d4
[2024-07-25T12:24:29.861+0000] {taskinstance.py:2648} INFO - Exporting env vars: AIRFLOW_CTX_DAG_EMAIL='richmond.kongo@orange.com,assane.diop@orange.com,cyrille1.danho@orange.com,mohamed2.sylla@orange.com,amadou.diomande@orange.com,Jonas.kouame@orange.com,armand.kablan@orange.com,anicet.azombade@orange.com,etienne.kouadio@orange.com,bertine.kouakou@orange.com,florentine.kouakou@orange.com,ange.phaceli@orange.com,soulegame.soro@orange.com,innocent.yengo@orange.com' AIRFLOW_CTX_DAG_OWNER='***' AIRFLOW_CTX_DAG_ID='motower_daily_prod' AIRFLOW_CTX_TASK_ID='extracta' AIRFLOW_CTX_EXECUTION_DATE='2024-06-23T06:00:00+00:00' AIRFLOW_CTX_TRY_NUMBER='1' AIRFLOW_CTX_DAG_RUN_ID='scheduled__2024-06-23T06:00:00+00:00'
[2024-07-25T12:24:29.863+0000] {taskinstance.py:430} INFO - ::endgroup::
[2024-07-25T12:24:29.883+0000] {extract.py:126} INFO - Getting data of the table dtm_motower_gsm 
[2024-07-25T12:24:29.884+0000] {extract.py:127} INFO - where date is 2024-06-22
[2024-07-25T12:24:29.884+0000] {extract.py:102} INFO - get data to date 20240622
[2024-07-25T12:24:29.890+0000] {warnings.py:112} WARNING - /opt/***/dags/gps/common/extract.py:103: UserWarning: pandas only supports SQLAlchemy connectable (engine/connection) or database string URI or sqlite3 DBAPI2 connection. Other DBAPI2 objects are not tested. Please consider using SQLAlchemy.
  df_ = pd.read_sql_query(sql_query, conn, params=params)

[2024-07-25T12:24:29.939+0000] {rwminio.py:19} INFO - start to save data
[2024-07-25T12:24:29.997+0000] {rwminio.py:34} INFO - data in minio ok
[2024-07-25T12:24:29.997+0000] {python.py:237} INFO - Done. Returned value was: None
[2024-07-25T12:24:29.998+0000] {taskinstance.py:441} INFO - ::group::Post task execution logs
[2024-07-25T12:24:30.010+0000] {taskinstance.py:1206} INFO - Marking task as SUCCESS. dag_id=motower_daily_prod, task_id=extracta, run_id=scheduled__2024-06-23T06:00:00+00:00, execution_date=20240623T060000, start_date=20240725T122429, end_date=20240725T122430
[2024-07-25T12:24:30.054+0000] {local_task_job_runner.py:243} INFO - Task exited with return code 0
[2024-07-25T12:24:30.090+0000] {taskinstance.py:3503} INFO - 0 downstream tasks scheduled from follow-on schedule check
[2024-07-25T12:24:30.098+0000] {local_task_job_runner.py:222} INFO - ::endgroup::
[2024-07-25T13:25:34.205+0000] {local_task_job_runner.py:120} INFO - ::group::Pre task execution logs
[2024-07-25T13:25:34.241+0000] {taskinstance.py:2076} INFO - Dependencies all met for dep_context=non-requeueable deps ti=<TaskInstance: motower_daily_prod.extracta scheduled__2024-06-23T06:00:00+00:00 [queued]>
[2024-07-25T13:25:34.251+0000] {taskinstance.py:2076} INFO - Dependencies all met for dep_context=requeueable deps ti=<TaskInstance: motower_daily_prod.extracta scheduled__2024-06-23T06:00:00+00:00 [queued]>
[2024-07-25T13:25:34.252+0000] {taskinstance.py:2306} INFO - Starting attempt 1 of 1
[2024-07-25T13:25:34.265+0000] {taskinstance.py:2330} INFO - Executing <Task(PythonOperator): extracta> on 2024-06-23 06:00:00+00:00
[2024-07-25T13:25:34.277+0000] {warnings.py:112} WARNING - /home/***/.local/lib/python3.12/site-packages/***/task/task_runner/standard_task_runner.py:62: DeprecationWarning: This process (pid=12365) is multi-threaded, use of fork() may lead to deadlocks in the child.
  pid = os.fork()

[2024-07-25T13:25:34.278+0000] {standard_task_runner.py:64} INFO - Started process 12371 to run task
[2024-07-25T13:25:34.279+0000] {standard_task_runner.py:90} INFO - Running: ['***', 'tasks', 'run', 'motower_daily_prod', 'extracta', 'scheduled__2024-06-23T06:00:00+00:00', '--job-id', '2896', '--raw', '--subdir', 'DAGS_FOLDER/gps/custom_dags/motower_daily.py', '--cfg-path', '/tmp/tmpxv73m5ka']
[2024-07-25T13:25:34.281+0000] {standard_task_runner.py:91} INFO - Job 2896: Subtask extracta
[2024-07-25T13:25:34.328+0000] {task_command.py:426} INFO - Running <TaskInstance: motower_daily_prod.extracta scheduled__2024-06-23T06:00:00+00:00 [running]> on host b3845fb494d4
[2024-07-25T13:25:34.426+0000] {taskinstance.py:2648} INFO - Exporting env vars: AIRFLOW_CTX_DAG_EMAIL='richmond.kongo@orange.com,assane.diop@orange.com,cyrille1.danho@orange.com,mohamed2.sylla@orange.com,amadou.diomande@orange.com,Jonas.kouame@orange.com,armand.kablan@orange.com,anicet.azombade@orange.com,etienne.kouadio@orange.com,bertine.kouakou@orange.com,florentine.kouakou@orange.com,ange.phaceli@orange.com,soulegame.soro@orange.com,innocent.yengo@orange.com' AIRFLOW_CTX_DAG_OWNER='***' AIRFLOW_CTX_DAG_ID='motower_daily_prod' AIRFLOW_CTX_TASK_ID='extracta' AIRFLOW_CTX_EXECUTION_DATE='2024-06-23T06:00:00+00:00' AIRFLOW_CTX_TRY_NUMBER='1' AIRFLOW_CTX_DAG_RUN_ID='scheduled__2024-06-23T06:00:00+00:00'
[2024-07-25T13:25:34.428+0000] {taskinstance.py:430} INFO - ::endgroup::
[2024-07-25T13:25:34.447+0000] {extract.py:126} INFO - Getting data of the table dtm_motower_gsm 
[2024-07-25T13:25:34.448+0000] {extract.py:127} INFO - where date is 2024-06-22
[2024-07-25T13:25:34.448+0000] {extract.py:102} INFO - get data to date 20240622
[2024-07-25T13:25:34.453+0000] {warnings.py:112} WARNING - /opt/***/dags/gps/common/extract.py:103: UserWarning: pandas only supports SQLAlchemy connectable (engine/connection) or database string URI or sqlite3 DBAPI2 connection. Other DBAPI2 objects are not tested. Please consider using SQLAlchemy.
  df_ = pd.read_sql_query(sql_query, conn, params=params)

[2024-07-25T13:25:34.491+0000] {rwminio.py:19} INFO - start to save data
[2024-07-25T13:25:34.526+0000] {rwminio.py:34} INFO - data in minio ok
[2024-07-25T13:25:34.527+0000] {python.py:237} INFO - Done. Returned value was: None
[2024-07-25T13:25:34.527+0000] {taskinstance.py:441} INFO - ::group::Post task execution logs
[2024-07-25T13:25:34.537+0000] {taskinstance.py:1206} INFO - Marking task as SUCCESS. dag_id=motower_daily_prod, task_id=extracta, run_id=scheduled__2024-06-23T06:00:00+00:00, execution_date=20240623T060000, start_date=20240725T132534, end_date=20240725T132534
[2024-07-25T13:25:34.574+0000] {local_task_job_runner.py:243} INFO - Task exited with return code 0
[2024-07-25T13:25:34.602+0000] {taskinstance.py:3503} INFO - 0 downstream tasks scheduled from follow-on schedule check
[2024-07-25T13:25:34.603+0000] {local_task_job_runner.py:222} INFO - ::endgroup::
[2024-07-25T15:07:15.164+0000] {local_task_job_runner.py:120} INFO - ::group::Pre task execution logs
[2024-07-25T15:07:15.209+0000] {taskinstance.py:2076} INFO - Dependencies all met for dep_context=non-requeueable deps ti=<TaskInstance: motower_daily_prod.extracta scheduled__2024-06-23T06:00:00+00:00 [queued]>
[2024-07-25T15:07:15.221+0000] {taskinstance.py:2076} INFO - Dependencies all met for dep_context=requeueable deps ti=<TaskInstance: motower_daily_prod.extracta scheduled__2024-06-23T06:00:00+00:00 [queued]>
[2024-07-25T15:07:15.222+0000] {taskinstance.py:2306} INFO - Starting attempt 1 of 1
[2024-07-25T15:07:15.241+0000] {taskinstance.py:2330} INFO - Executing <Task(PythonOperator): extracta> on 2024-06-23 06:00:00+00:00
[2024-07-25T15:07:15.258+0000] {warnings.py:112} WARNING - /home/***/.local/lib/python3.12/site-packages/***/task/task_runner/standard_task_runner.py:62: DeprecationWarning: This process (pid=14580) is multi-threaded, use of fork() may lead to deadlocks in the child.
  pid = os.fork()

[2024-07-25T15:07:15.260+0000] {standard_task_runner.py:64} INFO - Started process 14596 to run task
[2024-07-25T15:07:15.260+0000] {standard_task_runner.py:90} INFO - Running: ['***', 'tasks', 'run', 'motower_daily_prod', 'extracta', 'scheduled__2024-06-23T06:00:00+00:00', '--job-id', '3195', '--raw', '--subdir', 'DAGS_FOLDER/gps/custom_dags/motower_daily.py', '--cfg-path', '/tmp/tmpp4tjpg7e']
[2024-07-25T15:07:15.262+0000] {standard_task_runner.py:91} INFO - Job 3195: Subtask extracta
[2024-07-25T15:07:15.325+0000] {task_command.py:426} INFO - Running <TaskInstance: motower_daily_prod.extracta scheduled__2024-06-23T06:00:00+00:00 [running]> on host b3845fb494d4
[2024-07-25T15:07:15.459+0000] {taskinstance.py:2648} INFO - Exporting env vars: AIRFLOW_CTX_DAG_EMAIL='richmond.kongo@orange.com,assane.diop@orange.com,cyrille1.danho@orange.com,mohamed2.sylla@orange.com,amadou.diomande@orange.com,Jonas.kouame@orange.com,armand.kablan@orange.com,anicet.azombade@orange.com,etienne.kouadio@orange.com,bertine.kouakou@orange.com,florentine.kouakou@orange.com,ange.phaceli@orange.com,soulegame.soro@orange.com,innocent.yengo@orange.com' AIRFLOW_CTX_DAG_OWNER='***' AIRFLOW_CTX_DAG_ID='motower_daily_prod' AIRFLOW_CTX_TASK_ID='extracta' AIRFLOW_CTX_EXECUTION_DATE='2024-06-23T06:00:00+00:00' AIRFLOW_CTX_TRY_NUMBER='1' AIRFLOW_CTX_DAG_RUN_ID='scheduled__2024-06-23T06:00:00+00:00'
[2024-07-25T15:07:15.461+0000] {taskinstance.py:430} INFO - ::endgroup::
[2024-07-25T15:07:15.489+0000] {extract.py:126} INFO - Getting data of the table dtm_motower_gsm 
[2024-07-25T15:07:15.489+0000] {extract.py:127} INFO - where date is 2024-06-22
[2024-07-25T15:07:15.489+0000] {extract.py:102} INFO - get data to date 20240622
[2024-07-25T15:07:15.495+0000] {warnings.py:112} WARNING - /opt/***/dags/gps/common/extract.py:103: UserWarning: pandas only supports SQLAlchemy connectable (engine/connection) or database string URI or sqlite3 DBAPI2 connection. Other DBAPI2 objects are not tested. Please consider using SQLAlchemy.
  df_ = pd.read_sql_query(sql_query, conn, params=params)

[2024-07-25T15:07:15.545+0000] {rwminio.py:19} INFO - start to save data
[2024-07-25T15:07:15.629+0000] {rwminio.py:34} INFO - data in minio ok
[2024-07-25T15:07:15.629+0000] {python.py:237} INFO - Done. Returned value was: None
[2024-07-25T15:07:15.630+0000] {taskinstance.py:441} INFO - ::group::Post task execution logs
[2024-07-25T15:07:15.661+0000] {taskinstance.py:1206} INFO - Marking task as SUCCESS. dag_id=motower_daily_prod, task_id=extracta, run_id=scheduled__2024-06-23T06:00:00+00:00, execution_date=20240623T060000, start_date=20240725T150715, end_date=20240725T150715
[2024-07-25T15:07:15.729+0000] {local_task_job_runner.py:243} INFO - Task exited with return code 0
[2024-07-25T15:07:15.754+0000] {local_task_job_runner.py:222} INFO - ::endgroup::
[2024-07-26T11:43:14.711+0000] {local_task_job_runner.py:120} INFO - ::group::Pre task execution logs
[2024-07-26T11:43:15.051+0000] {taskinstance.py:2076} INFO - Dependencies all met for dep_context=non-requeueable deps ti=<TaskInstance: motower_daily_prod.extracta scheduled__2024-06-23T06:00:00+00:00 [queued]>
[2024-07-26T11:43:15.065+0000] {taskinstance.py:2076} INFO - Dependencies all met for dep_context=requeueable deps ti=<TaskInstance: motower_daily_prod.extracta scheduled__2024-06-23T06:00:00+00:00 [queued]>
[2024-07-26T11:43:15.066+0000] {taskinstance.py:2306} INFO - Starting attempt 1 of 1
[2024-07-26T11:43:15.082+0000] {taskinstance.py:2330} INFO - Executing <Task(PythonOperator): extracta> on 2024-06-23 06:00:00+00:00
[2024-07-26T11:43:15.098+0000] {warnings.py:112} WARNING - /home/***/.local/lib/python3.12/site-packages/***/task/task_runner/standard_task_runner.py:62: DeprecationWarning: This process (pid=2653) is multi-threaded, use of fork() may lead to deadlocks in the child.
  pid = os.fork()

[2024-07-26T11:43:15.100+0000] {standard_task_runner.py:64} INFO - Started process 2674 to run task
[2024-07-26T11:43:15.100+0000] {standard_task_runner.py:90} INFO - Running: ['***', 'tasks', 'run', 'motower_daily_prod', 'extracta', 'scheduled__2024-06-23T06:00:00+00:00', '--job-id', '3837', '--raw', '--subdir', 'DAGS_FOLDER/gps/custom_dags/motower_daily.py', '--cfg-path', '/tmp/tmppc78nw5e']
[2024-07-26T11:43:15.103+0000] {standard_task_runner.py:91} INFO - Job 3837: Subtask extracta
[2024-07-26T11:43:15.197+0000] {task_command.py:426} INFO - Running <TaskInstance: motower_daily_prod.extracta scheduled__2024-06-23T06:00:00+00:00 [running]> on host b3845fb494d4
[2024-07-26T11:43:15.396+0000] {taskinstance.py:2648} INFO - Exporting env vars: AIRFLOW_CTX_DAG_EMAIL='richmond.kongo@orange.com,assane.diop@orange.com,cyrille1.danho@orange.com,mohamed2.sylla@orange.com,amadou.diomande@orange.com,Jonas.kouame@orange.com,armand.kablan@orange.com,anicet.azombade@orange.com,etienne.kouadio@orange.com,bertine.kouakou@orange.com,florentine.kouakou@orange.com,ange.phaceli@orange.com,soulegame.soro@orange.com,innocent.yengo@orange.com' AIRFLOW_CTX_DAG_OWNER='***' AIRFLOW_CTX_DAG_ID='motower_daily_prod' AIRFLOW_CTX_TASK_ID='extracta' AIRFLOW_CTX_EXECUTION_DATE='2024-06-23T06:00:00+00:00' AIRFLOW_CTX_TRY_NUMBER='1' AIRFLOW_CTX_DAG_RUN_ID='scheduled__2024-06-23T06:00:00+00:00'
[2024-07-26T11:43:15.397+0000] {taskinstance.py:430} INFO - ::endgroup::
[2024-07-26T11:43:15.439+0000] {extract.py:126} INFO - Getting data of the table dtm_motower_gsm 
[2024-07-26T11:43:15.439+0000] {extract.py:127} INFO - where date is 2024-06-22
[2024-07-26T11:43:15.440+0000] {extract.py:102} INFO - get data to date 20240622
[2024-07-26T11:43:15.449+0000] {warnings.py:112} WARNING - /opt/***/dags/gps/common/extract.py:103: UserWarning: pandas only supports SQLAlchemy connectable (engine/connection) or database string URI or sqlite3 DBAPI2 connection. Other DBAPI2 objects are not tested. Please consider using SQLAlchemy.
  df_ = pd.read_sql_query(sql_query, conn, params=params)

[2024-07-26T11:43:15.506+0000] {rwminio.py:19} INFO - start to save data
[2024-07-26T11:43:15.567+0000] {rwminio.py:34} INFO - data in minio ok
[2024-07-26T11:43:15.568+0000] {python.py:237} INFO - Done. Returned value was: None
[2024-07-26T11:43:15.568+0000] {taskinstance.py:441} INFO - ::group::Post task execution logs
[2024-07-26T11:43:15.581+0000] {taskinstance.py:1206} INFO - Marking task as SUCCESS. dag_id=motower_daily_prod, task_id=extracta, run_id=scheduled__2024-06-23T06:00:00+00:00, execution_date=20240623T060000, start_date=20240726T114315, end_date=20240726T114315
[2024-07-26T11:43:15.643+0000] {local_task_job_runner.py:243} INFO - Task exited with return code 0
[2024-07-26T11:43:15.672+0000] {taskinstance.py:3503} INFO - 0 downstream tasks scheduled from follow-on schedule check
[2024-07-26T11:43:15.674+0000] {local_task_job_runner.py:222} INFO - ::endgroup::
[2024-07-26T12:21:24.241+0000] {local_task_job_runner.py:120} INFO - ::group::Pre task execution logs
[2024-07-26T12:21:24.280+0000] {taskinstance.py:2076} INFO - Dependencies all met for dep_context=non-requeueable deps ti=<TaskInstance: motower_daily_prod.extracta scheduled__2024-06-23T06:00:00+00:00 [queued]>
[2024-07-26T12:21:24.290+0000] {taskinstance.py:2076} INFO - Dependencies all met for dep_context=requeueable deps ti=<TaskInstance: motower_daily_prod.extracta scheduled__2024-06-23T06:00:00+00:00 [queued]>
[2024-07-26T12:21:24.291+0000] {taskinstance.py:2306} INFO - Starting attempt 1 of 1
[2024-07-26T12:21:24.303+0000] {taskinstance.py:2330} INFO - Executing <Task(PythonOperator): extracta> on 2024-06-23 06:00:00+00:00
[2024-07-26T12:21:24.317+0000] {warnings.py:112} WARNING - /home/***/.local/lib/python3.12/site-packages/***/task/task_runner/standard_task_runner.py:62: DeprecationWarning: This process (pid=1016) is multi-threaded, use of fork() may lead to deadlocks in the child.
  pid = os.fork()

[2024-07-26T12:21:24.319+0000] {standard_task_runner.py:64} INFO - Started process 1028 to run task
[2024-07-26T12:21:24.319+0000] {standard_task_runner.py:90} INFO - Running: ['***', 'tasks', 'run', 'motower_daily_prod', 'extracta', 'scheduled__2024-06-23T06:00:00+00:00', '--job-id', '297', '--raw', '--subdir', 'DAGS_FOLDER/gps/custom_dags/motower_daily.py', '--cfg-path', '/tmp/tmpbu3nbfhw']
[2024-07-26T12:21:24.322+0000] {standard_task_runner.py:91} INFO - Job 297: Subtask extracta
[2024-07-26T12:21:24.374+0000] {task_command.py:426} INFO - Running <TaskInstance: motower_daily_prod.extracta scheduled__2024-06-23T06:00:00+00:00 [running]> on host 88c2b04746a4
[2024-07-26T12:21:24.492+0000] {taskinstance.py:2648} INFO - Exporting env vars: AIRFLOW_CTX_DAG_EMAIL='richmond.kongo@orange.com,assane.diop@orange.com,cyrille1.danho@orange.com,mohamed2.sylla@orange.com,amadou.diomande@orange.com,Jonas.kouame@orange.com,armand.kablan@orange.com,anicet.azombade@orange.com,etienne.kouadio@orange.com,bertine.kouakou@orange.com,florentine.kouakou@orange.com,ange.phaceli@orange.com,soulegame.soro@orange.com,innocent.yengo@orange.com' AIRFLOW_CTX_DAG_OWNER='***' AIRFLOW_CTX_DAG_ID='motower_daily_prod' AIRFLOW_CTX_TASK_ID='extracta' AIRFLOW_CTX_EXECUTION_DATE='2024-06-23T06:00:00+00:00' AIRFLOW_CTX_TRY_NUMBER='1' AIRFLOW_CTX_DAG_RUN_ID='scheduled__2024-06-23T06:00:00+00:00'
[2024-07-26T12:21:24.493+0000] {taskinstance.py:430} INFO - ::endgroup::
[2024-07-26T12:21:24.511+0000] {extract.py:126} INFO - Getting data of the table dtm_motower_gsm 
[2024-07-26T12:21:24.512+0000] {extract.py:127} INFO - where date is 2024-06-22
[2024-07-26T12:21:24.512+0000] {extract.py:102} INFO - get data to date 20240622
[2024-07-26T12:21:24.518+0000] {warnings.py:112} WARNING - /opt/***/dags/gps/common/extract.py:103: UserWarning: pandas only supports SQLAlchemy connectable (engine/connection) or database string URI or sqlite3 DBAPI2 connection. Other DBAPI2 objects are not tested. Please consider using SQLAlchemy.
  df_ = pd.read_sql_query(sql_query, conn, params=params)

[2024-07-26T12:21:24.566+0000] {rwminio.py:19} INFO - start to save data
[2024-07-26T12:21:24.614+0000] {rwminio.py:34} INFO - data in minio ok
[2024-07-26T12:21:24.614+0000] {python.py:237} INFO - Done. Returned value was: None
[2024-07-26T12:21:24.615+0000] {taskinstance.py:441} INFO - ::group::Post task execution logs
[2024-07-26T12:21:24.626+0000] {taskinstance.py:1206} INFO - Marking task as SUCCESS. dag_id=motower_daily_prod, task_id=extracta, run_id=scheduled__2024-06-23T06:00:00+00:00, execution_date=20240623T060000, start_date=20240726T122124, end_date=20240726T122124
[2024-07-26T12:21:24.693+0000] {local_task_job_runner.py:243} INFO - Task exited with return code 0
[2024-07-26T12:21:24.719+0000] {taskinstance.py:3503} INFO - 0 downstream tasks scheduled from follow-on schedule check
[2024-07-26T12:21:24.720+0000] {local_task_job_runner.py:222} INFO - ::endgroup::
[2024-07-26T12:24:42.460+0000] {local_task_job_runner.py:120} INFO - ::group::Pre task execution logs
[2024-07-26T12:24:42.519+0000] {taskinstance.py:2076} INFO - Dependencies all met for dep_context=non-requeueable deps ti=<TaskInstance: motower_daily_prod.extracta scheduled__2024-06-23T06:00:00+00:00 [queued]>
[2024-07-26T12:24:42.539+0000] {taskinstance.py:2076} INFO - Dependencies all met for dep_context=requeueable deps ti=<TaskInstance: motower_daily_prod.extracta scheduled__2024-06-23T06:00:00+00:00 [queued]>
[2024-07-26T12:24:42.540+0000] {taskinstance.py:2306} INFO - Starting attempt 1 of 1
[2024-07-26T12:24:42.567+0000] {taskinstance.py:2330} INFO - Executing <Task(PythonOperator): extracta> on 2024-06-23 06:00:00+00:00
[2024-07-26T12:24:42.587+0000] {warnings.py:112} WARNING - /home/***/.local/lib/python3.12/site-packages/***/task/task_runner/standard_task_runner.py:62: DeprecationWarning: This process (pid=1851) is multi-threaded, use of fork() may lead to deadlocks in the child.
  pid = os.fork()

[2024-07-26T12:24:42.589+0000] {standard_task_runner.py:64} INFO - Started process 1867 to run task
[2024-07-26T12:24:42.589+0000] {standard_task_runner.py:90} INFO - Running: ['***', 'tasks', 'run', 'motower_daily_prod', 'extracta', 'scheduled__2024-06-23T06:00:00+00:00', '--job-id', '560', '--raw', '--subdir', 'DAGS_FOLDER/gps/custom_dags/motower_daily.py', '--cfg-path', '/tmp/tmpd6xr1hwj']
[2024-07-26T12:24:42.591+0000] {standard_task_runner.py:91} INFO - Job 560: Subtask extracta
[2024-07-26T12:24:42.652+0000] {task_command.py:426} INFO - Running <TaskInstance: motower_daily_prod.extracta scheduled__2024-06-23T06:00:00+00:00 [running]> on host 88c2b04746a4
[2024-07-26T12:24:42.807+0000] {taskinstance.py:2648} INFO - Exporting env vars: AIRFLOW_CTX_DAG_EMAIL='richmond.kongo@orange.com,assane.diop@orange.com,cyrille1.danho@orange.com,mohamed2.sylla@orange.com,amadou.diomande@orange.com,Jonas.kouame@orange.com,armand.kablan@orange.com,anicet.azombade@orange.com,etienne.kouadio@orange.com,bertine.kouakou@orange.com,florentine.kouakou@orange.com,ange.phaceli@orange.com,soulegame.soro@orange.com,innocent.yengo@orange.com' AIRFLOW_CTX_DAG_OWNER='***' AIRFLOW_CTX_DAG_ID='motower_daily_prod' AIRFLOW_CTX_TASK_ID='extracta' AIRFLOW_CTX_EXECUTION_DATE='2024-06-23T06:00:00+00:00' AIRFLOW_CTX_TRY_NUMBER='1' AIRFLOW_CTX_DAG_RUN_ID='scheduled__2024-06-23T06:00:00+00:00'
[2024-07-26T12:24:42.809+0000] {taskinstance.py:430} INFO - ::endgroup::
[2024-07-26T12:24:42.839+0000] {extract.py:126} INFO - Getting data of the table dtm_motower_gsm 
[2024-07-26T12:24:42.839+0000] {extract.py:127} INFO - where date is 2024-06-22
[2024-07-26T12:24:42.839+0000] {extract.py:102} INFO - get data to date 20240622
[2024-07-26T12:24:42.846+0000] {warnings.py:112} WARNING - /opt/***/dags/gps/common/extract.py:103: UserWarning: pandas only supports SQLAlchemy connectable (engine/connection) or database string URI or sqlite3 DBAPI2 connection. Other DBAPI2 objects are not tested. Please consider using SQLAlchemy.
  df_ = pd.read_sql_query(sql_query, conn, params=params)

[2024-07-26T12:24:42.904+0000] {rwminio.py:19} INFO - start to save data
[2024-07-26T12:24:42.952+0000] {rwminio.py:34} INFO - data in minio ok
[2024-07-26T12:24:42.952+0000] {python.py:237} INFO - Done. Returned value was: None
[2024-07-26T12:24:42.953+0000] {taskinstance.py:441} INFO - ::group::Post task execution logs
[2024-07-26T12:24:42.972+0000] {taskinstance.py:1206} INFO - Marking task as SUCCESS. dag_id=motower_daily_prod, task_id=extracta, run_id=scheduled__2024-06-23T06:00:00+00:00, execution_date=20240623T060000, start_date=20240726T122442, end_date=20240726T122442
[2024-07-26T12:24:43.054+0000] {local_task_job_runner.py:243} INFO - Task exited with return code 0
[2024-07-26T12:24:43.092+0000] {taskinstance.py:3503} INFO - 0 downstream tasks scheduled from follow-on schedule check
[2024-07-26T12:24:43.094+0000] {local_task_job_runner.py:222} INFO - ::endgroup::
[2024-07-26T12:30:22.351+0000] {local_task_job_runner.py:120} INFO - ::group::Pre task execution logs
[2024-07-26T12:30:22.663+0000] {taskinstance.py:2076} INFO - Dependencies all met for dep_context=non-requeueable deps ti=<TaskInstance: motower_daily_prod.extracta scheduled__2024-06-23T06:00:00+00:00 [queued]>
[2024-07-26T12:30:22.679+0000] {taskinstance.py:2076} INFO - Dependencies all met for dep_context=requeueable deps ti=<TaskInstance: motower_daily_prod.extracta scheduled__2024-06-23T06:00:00+00:00 [queued]>
[2024-07-26T12:30:22.680+0000] {taskinstance.py:2306} INFO - Starting attempt 1 of 1
[2024-07-26T12:30:22.701+0000] {taskinstance.py:2330} INFO - Executing <Task(PythonOperator): extracta> on 2024-06-23 06:00:00+00:00
[2024-07-26T12:30:22.715+0000] {warnings.py:112} WARNING - /home/***/.local/lib/python3.12/site-packages/***/task/task_runner/standard_task_runner.py:62: DeprecationWarning: This process (pid=2805) is multi-threaded, use of fork() may lead to deadlocks in the child.
  pid = os.fork()

[2024-07-26T12:30:22.717+0000] {standard_task_runner.py:64} INFO - Started process 2818 to run task
[2024-07-26T12:30:22.718+0000] {standard_task_runner.py:90} INFO - Running: ['***', 'tasks', 'run', 'motower_daily_prod', 'extracta', 'scheduled__2024-06-23T06:00:00+00:00', '--job-id', '855', '--raw', '--subdir', 'DAGS_FOLDER/gps/custom_dags/motower_daily.py', '--cfg-path', '/tmp/tmpz4qtpl8j']
[2024-07-26T12:30:22.720+0000] {standard_task_runner.py:91} INFO - Job 855: Subtask extracta
[2024-07-26T12:30:22.781+0000] {task_command.py:426} INFO - Running <TaskInstance: motower_daily_prod.extracta scheduled__2024-06-23T06:00:00+00:00 [running]> on host 88c2b04746a4
[2024-07-26T12:30:22.898+0000] {taskinstance.py:2648} INFO - Exporting env vars: AIRFLOW_CTX_DAG_EMAIL='richmond.kongo@orange.com,assane.diop@orange.com,cyrille1.danho@orange.com,mohamed2.sylla@orange.com,amadou.diomande@orange.com,Jonas.kouame@orange.com,armand.kablan@orange.com,anicet.azombade@orange.com,etienne.kouadio@orange.com,bertine.kouakou@orange.com,florentine.kouakou@orange.com,ange.phaceli@orange.com,soulegame.soro@orange.com,innocent.yengo@orange.com' AIRFLOW_CTX_DAG_OWNER='***' AIRFLOW_CTX_DAG_ID='motower_daily_prod' AIRFLOW_CTX_TASK_ID='extracta' AIRFLOW_CTX_EXECUTION_DATE='2024-06-23T06:00:00+00:00' AIRFLOW_CTX_TRY_NUMBER='1' AIRFLOW_CTX_DAG_RUN_ID='scheduled__2024-06-23T06:00:00+00:00'
[2024-07-26T12:30:22.900+0000] {taskinstance.py:430} INFO - ::endgroup::
[2024-07-26T12:30:22.919+0000] {extract.py:126} INFO - Getting data of the table dtm_motower_gsm 
[2024-07-26T12:30:22.920+0000] {extract.py:127} INFO - where date is 2024-06-22
[2024-07-26T12:30:22.921+0000] {extract.py:102} INFO - get data to date 20240622
[2024-07-26T12:30:22.929+0000] {warnings.py:112} WARNING - /opt/***/dags/gps/common/extract.py:103: UserWarning: pandas only supports SQLAlchemy connectable (engine/connection) or database string URI or sqlite3 DBAPI2 connection. Other DBAPI2 objects are not tested. Please consider using SQLAlchemy.
  df_ = pd.read_sql_query(sql_query, conn, params=params)

[2024-07-26T12:30:22.978+0000] {rwminio.py:19} INFO - start to save data
[2024-07-26T12:30:23.024+0000] {rwminio.py:34} INFO - data in minio ok
[2024-07-26T12:30:23.025+0000] {python.py:237} INFO - Done. Returned value was: None
[2024-07-26T12:30:23.026+0000] {taskinstance.py:441} INFO - ::group::Post task execution logs
[2024-07-26T12:30:23.044+0000] {taskinstance.py:1206} INFO - Marking task as SUCCESS. dag_id=motower_daily_prod, task_id=extracta, run_id=scheduled__2024-06-23T06:00:00+00:00, execution_date=20240623T060000, start_date=20240726T123022, end_date=20240726T123023
[2024-07-26T12:30:23.098+0000] {local_task_job_runner.py:243} INFO - Task exited with return code 0
[2024-07-26T12:30:23.125+0000] {taskinstance.py:3503} INFO - 0 downstream tasks scheduled from follow-on schedule check
[2024-07-26T12:30:23.127+0000] {local_task_job_runner.py:222} INFO - ::endgroup::
[2024-07-26T12:54:35.905+0000] {local_task_job_runner.py:120} INFO - ::group::Pre task execution logs
[2024-07-26T12:54:35.964+0000] {taskinstance.py:2076} INFO - Dependencies all met for dep_context=non-requeueable deps ti=<TaskInstance: motower_daily_prod.extracta scheduled__2024-06-23T06:00:00+00:00 [queued]>
[2024-07-26T12:54:35.981+0000] {taskinstance.py:2076} INFO - Dependencies all met for dep_context=requeueable deps ti=<TaskInstance: motower_daily_prod.extracta scheduled__2024-06-23T06:00:00+00:00 [queued]>
[2024-07-26T12:54:35.981+0000] {taskinstance.py:2306} INFO - Starting attempt 1 of 1
[2024-07-26T12:54:35.999+0000] {taskinstance.py:2330} INFO - Executing <Task(PythonOperator): extracta> on 2024-06-23 06:00:00+00:00
[2024-07-26T12:54:36.017+0000] {warnings.py:112} WARNING - /home/***/.local/lib/python3.12/site-packages/***/task/task_runner/standard_task_runner.py:62: DeprecationWarning: This process (pid=2057) is multi-threaded, use of fork() may lead to deadlocks in the child.
  pid = os.fork()

[2024-07-26T12:54:36.018+0000] {standard_task_runner.py:64} INFO - Started process 2077 to run task
[2024-07-26T12:54:36.019+0000] {standard_task_runner.py:90} INFO - Running: ['***', 'tasks', 'run', 'motower_daily_prod', 'extracta', 'scheduled__2024-06-23T06:00:00+00:00', '--job-id', '604', '--raw', '--subdir', 'DAGS_FOLDER/gps/custom_dags/motower_daily.py', '--cfg-path', '/tmp/tmpklbnavko']
[2024-07-26T12:54:36.024+0000] {standard_task_runner.py:91} INFO - Job 604: Subtask extracta
[2024-07-26T12:54:36.088+0000] {task_command.py:426} INFO - Running <TaskInstance: motower_daily_prod.extracta scheduled__2024-06-23T06:00:00+00:00 [running]> on host e824106b656d
[2024-07-26T12:54:36.232+0000] {taskinstance.py:2648} INFO - Exporting env vars: AIRFLOW_CTX_DAG_EMAIL='richmond.kongo@orange.com,assane.diop@orange.com,cyrille1.danho@orange.com,mohamed2.sylla@orange.com,amadou.diomande@orange.com,Jonas.kouame@orange.com,armand.kablan@orange.com,anicet.azombade@orange.com,etienne.kouadio@orange.com,bertine.kouakou@orange.com,florentine.kouakou@orange.com,ange.phaceli@orange.com,soulegame.soro@orange.com,innocent.yengo@orange.com' AIRFLOW_CTX_DAG_OWNER='***' AIRFLOW_CTX_DAG_ID='motower_daily_prod' AIRFLOW_CTX_TASK_ID='extracta' AIRFLOW_CTX_EXECUTION_DATE='2024-06-23T06:00:00+00:00' AIRFLOW_CTX_TRY_NUMBER='1' AIRFLOW_CTX_DAG_RUN_ID='scheduled__2024-06-23T06:00:00+00:00'
[2024-07-26T12:54:36.234+0000] {taskinstance.py:430} INFO - ::endgroup::
[2024-07-26T12:54:36.262+0000] {extract.py:126} INFO - Getting data of the table dtm_motower_gsm 
[2024-07-26T12:54:36.263+0000] {extract.py:127} INFO - where date is 2024-06-22
[2024-07-26T12:54:36.263+0000] {extract.py:102} INFO - get data to date 20240622
[2024-07-26T12:54:36.268+0000] {warnings.py:112} WARNING - /opt/***/dags/gps/common/extract.py:103: UserWarning: pandas only supports SQLAlchemy connectable (engine/connection) or database string URI or sqlite3 DBAPI2 connection. Other DBAPI2 objects are not tested. Please consider using SQLAlchemy.
  df_ = pd.read_sql_query(sql_query, conn, params=params)

[2024-07-26T12:54:36.302+0000] {rwminio.py:19} INFO - start to save data
[2024-07-26T12:54:36.336+0000] {rwminio.py:34} INFO - data in minio ok
[2024-07-26T12:54:36.336+0000] {python.py:237} INFO - Done. Returned value was: None
[2024-07-26T12:54:36.337+0000] {taskinstance.py:441} INFO - ::group::Post task execution logs
[2024-07-26T12:54:36.347+0000] {taskinstance.py:1206} INFO - Marking task as SUCCESS. dag_id=motower_daily_prod, task_id=extracta, run_id=scheduled__2024-06-23T06:00:00+00:00, execution_date=20240623T060000, start_date=20240726T125435, end_date=20240726T125436
[2024-07-26T12:54:36.400+0000] {local_task_job_runner.py:243} INFO - Task exited with return code 0
[2024-07-26T12:54:36.425+0000] {taskinstance.py:3503} INFO - 0 downstream tasks scheduled from follow-on schedule check
[2024-07-26T12:54:36.426+0000] {local_task_job_runner.py:222} INFO - ::endgroup::
[2024-07-29T11:59:50.678+0000] {local_task_job_runner.py:120} INFO - ::group::Pre task execution logs
[2024-07-29T11:59:50.988+0000] {taskinstance.py:2076} INFO - Dependencies all met for dep_context=non-requeueable deps ti=<TaskInstance: motower_daily_prod.extracta scheduled__2024-06-23T06:00:00+00:00 [queued]>
[2024-07-29T11:59:51.003+0000] {taskinstance.py:2076} INFO - Dependencies all met for dep_context=requeueable deps ti=<TaskInstance: motower_daily_prod.extracta scheduled__2024-06-23T06:00:00+00:00 [queued]>
[2024-07-29T11:59:51.003+0000] {taskinstance.py:2306} INFO - Starting attempt 1 of 1
[2024-07-29T11:59:51.019+0000] {taskinstance.py:2330} INFO - Executing <Task(PythonOperator): extracta> on 2024-06-23 06:00:00+00:00
[2024-07-29T11:59:51.031+0000] {warnings.py:112} WARNING - /home/***/.local/lib/python3.12/site-packages/***/task/task_runner/standard_task_runner.py:62: DeprecationWarning: This process (pid=3261) is multi-threaded, use of fork() may lead to deadlocks in the child.
  pid = os.fork()

[2024-07-29T11:59:51.033+0000] {standard_task_runner.py:64} INFO - Started process 3270 to run task
[2024-07-29T11:59:51.035+0000] {standard_task_runner.py:90} INFO - Running: ['***', 'tasks', 'run', 'motower_daily_prod', 'extracta', 'scheduled__2024-06-23T06:00:00+00:00', '--job-id', '889', '--raw', '--subdir', 'DAGS_FOLDER/gps/custom_dags/motower_daily.py', '--cfg-path', '/tmp/tmpvxz7h99w']
[2024-07-29T11:59:51.037+0000] {standard_task_runner.py:91} INFO - Job 889: Subtask extracta
[2024-07-29T11:59:51.085+0000] {task_command.py:426} INFO - Running <TaskInstance: motower_daily_prod.extracta scheduled__2024-06-23T06:00:00+00:00 [running]> on host e824106b656d
[2024-07-29T11:59:51.174+0000] {taskinstance.py:2648} INFO - Exporting env vars: AIRFLOW_CTX_DAG_EMAIL='richmond.kongo@orange.com,assane.diop@orange.com,cyrille1.danho@orange.com,mohamed2.sylla@orange.com,amadou.diomande@orange.com,Jonas.kouame@orange.com,armand.kablan@orange.com,anicet.azombade@orange.com,etienne.kouadio@orange.com,bertine.kouakou@orange.com,florentine.kouakou@orange.com,ange.phaceli@orange.com,soulegame.soro@orange.com,innocent.yengo@orange.com' AIRFLOW_CTX_DAG_OWNER='***' AIRFLOW_CTX_DAG_ID='motower_daily_prod' AIRFLOW_CTX_TASK_ID='extracta' AIRFLOW_CTX_EXECUTION_DATE='2024-06-23T06:00:00+00:00' AIRFLOW_CTX_TRY_NUMBER='1' AIRFLOW_CTX_DAG_RUN_ID='scheduled__2024-06-23T06:00:00+00:00'
[2024-07-29T11:59:51.175+0000] {taskinstance.py:430} INFO - ::endgroup::
[2024-07-29T11:59:51.191+0000] {extract.py:126} INFO - Getting data of the table dtm_motower_gsm 
[2024-07-29T11:59:51.191+0000] {extract.py:127} INFO - where date is 2024-06-22
[2024-07-29T11:59:51.192+0000] {extract.py:102} INFO - get data to date 20240622
[2024-07-29T11:59:51.197+0000] {warnings.py:112} WARNING - /opt/***/dags/gps/common/extract.py:103: UserWarning: pandas only supports SQLAlchemy connectable (engine/connection) or database string URI or sqlite3 DBAPI2 connection. Other DBAPI2 objects are not tested. Please consider using SQLAlchemy.
  df_ = pd.read_sql_query(sql_query, conn, params=params)

[2024-07-29T11:59:51.238+0000] {rwminio.py:19} INFO - start to save data
[2024-07-29T11:59:51.273+0000] {rwminio.py:34} INFO - data in minio ok
[2024-07-29T11:59:51.273+0000] {python.py:237} INFO - Done. Returned value was: None
[2024-07-29T11:59:51.274+0000] {taskinstance.py:441} INFO - ::group::Post task execution logs
[2024-07-29T11:59:51.285+0000] {taskinstance.py:1206} INFO - Marking task as SUCCESS. dag_id=motower_daily_prod, task_id=extracta, run_id=scheduled__2024-06-23T06:00:00+00:00, execution_date=20240623T060000, start_date=20240729T115950, end_date=20240729T115951
[2024-07-29T11:59:51.327+0000] {local_task_job_runner.py:243} INFO - Task exited with return code 0
[2024-07-29T11:59:51.336+0000] {local_task_job_runner.py:222} INFO - ::endgroup::
[2024-07-29T14:32:52.037+0000] {local_task_job_runner.py:120} INFO - ::group::Pre task execution logs
[2024-07-29T14:32:52.074+0000] {taskinstance.py:2076} INFO - Dependencies all met for dep_context=non-requeueable deps ti=<TaskInstance: motower_daily_prod.extracta scheduled__2024-06-23T06:00:00+00:00 [queued]>
[2024-07-29T14:32:52.093+0000] {taskinstance.py:2076} INFO - Dependencies all met for dep_context=requeueable deps ti=<TaskInstance: motower_daily_prod.extracta scheduled__2024-06-23T06:00:00+00:00 [queued]>
[2024-07-29T14:32:52.093+0000] {taskinstance.py:2306} INFO - Starting attempt 1 of 1
[2024-07-29T14:32:52.107+0000] {taskinstance.py:2330} INFO - Executing <Task(PythonOperator): extracta> on 2024-06-23 06:00:00+00:00
[2024-07-29T14:32:52.120+0000] {warnings.py:112} WARNING - /home/***/.local/lib/python3.12/site-packages/***/task/task_runner/standard_task_runner.py:62: DeprecationWarning: This process (pid=1259) is multi-threaded, use of fork() may lead to deadlocks in the child.
  pid = os.fork()

[2024-07-29T14:32:52.121+0000] {standard_task_runner.py:64} INFO - Started process 1275 to run task
[2024-07-29T14:32:52.122+0000] {standard_task_runner.py:90} INFO - Running: ['***', 'tasks', 'run', 'motower_daily_prod', 'extracta', 'scheduled__2024-06-23T06:00:00+00:00', '--job-id', '1279', '--raw', '--subdir', 'DAGS_FOLDER/gps/custom_dags/motower_daily.py', '--cfg-path', '/tmp/tmpjoyuclbl']
[2024-07-29T14:32:52.124+0000] {standard_task_runner.py:91} INFO - Job 1279: Subtask extracta
[2024-07-29T14:32:52.180+0000] {task_command.py:426} INFO - Running <TaskInstance: motower_daily_prod.extracta scheduled__2024-06-23T06:00:00+00:00 [running]> on host e824106b656d
[2024-07-29T14:32:52.303+0000] {taskinstance.py:2648} INFO - Exporting env vars: AIRFLOW_CTX_DAG_EMAIL='richmond.kongo@orange.com,assane.diop@orange.com,cyrille1.danho@orange.com,mohamed2.sylla@orange.com,amadou.diomande@orange.com,Jonas.kouame@orange.com,armand.kablan@orange.com,anicet.azombade@orange.com,etienne.kouadio@orange.com,bertine.kouakou@orange.com,florentine.kouakou@orange.com,ange.phaceli@orange.com,soulegame.soro@orange.com,innocent.yengo@orange.com' AIRFLOW_CTX_DAG_OWNER='***' AIRFLOW_CTX_DAG_ID='motower_daily_prod' AIRFLOW_CTX_TASK_ID='extracta' AIRFLOW_CTX_EXECUTION_DATE='2024-06-23T06:00:00+00:00' AIRFLOW_CTX_TRY_NUMBER='1' AIRFLOW_CTX_DAG_RUN_ID='scheduled__2024-06-23T06:00:00+00:00'
[2024-07-29T14:32:52.304+0000] {taskinstance.py:430} INFO - ::endgroup::
[2024-07-29T14:32:52.331+0000] {extract.py:126} INFO - Getting data of the table dtm_motower_gsm 
[2024-07-29T14:32:52.331+0000] {extract.py:127} INFO - where date is 2024-06-22
[2024-07-29T14:32:52.331+0000] {extract.py:102} INFO - get data to date 20240622
[2024-07-29T14:32:52.339+0000] {warnings.py:112} WARNING - /opt/***/dags/gps/common/extract.py:103: UserWarning: pandas only supports SQLAlchemy connectable (engine/connection) or database string URI or sqlite3 DBAPI2 connection. Other DBAPI2 objects are not tested. Please consider using SQLAlchemy.
  df_ = pd.read_sql_query(sql_query, conn, params=params)

[2024-07-29T14:32:52.396+0000] {rwminio.py:19} INFO - start to save data
[2024-07-29T14:32:52.442+0000] {rwminio.py:34} INFO - data in minio ok
[2024-07-29T14:32:52.442+0000] {python.py:237} INFO - Done. Returned value was: None
[2024-07-29T14:32:52.443+0000] {taskinstance.py:441} INFO - ::group::Post task execution logs
[2024-07-29T14:32:52.456+0000] {taskinstance.py:1206} INFO - Marking task as SUCCESS. dag_id=motower_daily_prod, task_id=extracta, run_id=scheduled__2024-06-23T06:00:00+00:00, execution_date=20240623T060000, start_date=20240729T143252, end_date=20240729T143252
[2024-07-29T14:32:52.496+0000] {local_task_job_runner.py:243} INFO - Task exited with return code 0
[2024-07-29T14:32:52.523+0000] {taskinstance.py:3503} INFO - 0 downstream tasks scheduled from follow-on schedule check
[2024-07-29T14:32:52.524+0000] {local_task_job_runner.py:222} INFO - ::endgroup::
[2024-07-30T09:02:48.425+0000] {local_task_job_runner.py:120} INFO - ::group::Pre task execution logs
[2024-07-30T09:02:48.544+0000] {taskinstance.py:2076} INFO - Dependencies all met for dep_context=non-requeueable deps ti=<TaskInstance: motower_daily_prod.extracta scheduled__2024-06-23T06:00:00+00:00 [queued]>
[2024-07-30T09:02:48.581+0000] {taskinstance.py:2076} INFO - Dependencies all met for dep_context=requeueable deps ti=<TaskInstance: motower_daily_prod.extracta scheduled__2024-06-23T06:00:00+00:00 [queued]>
[2024-07-30T09:02:48.583+0000] {taskinstance.py:2306} INFO - Starting attempt 1 of 1
[2024-07-30T09:02:48.642+0000] {taskinstance.py:2330} INFO - Executing <Task(PythonOperator): extracta> on 2024-06-23 06:00:00+00:00
[2024-07-30T09:02:48.677+0000] {warnings.py:112} WARNING - /home/***/.local/lib/python3.12/site-packages/***/task/task_runner/standard_task_runner.py:62: DeprecationWarning: This process (pid=422) is multi-threaded, use of fork() may lead to deadlocks in the child.
  pid = os.fork()

[2024-07-30T09:02:48.680+0000] {standard_task_runner.py:64} INFO - Started process 440 to run task
[2024-07-30T09:02:48.682+0000] {standard_task_runner.py:90} INFO - Running: ['***', 'tasks', 'run', 'motower_daily_prod', 'extracta', 'scheduled__2024-06-23T06:00:00+00:00', '--job-id', '148', '--raw', '--subdir', 'DAGS_FOLDER/gps/custom_dags/motower_daily.py', '--cfg-path', '/tmp/tmpp6mpdqku']
[2024-07-30T09:02:48.685+0000] {standard_task_runner.py:91} INFO - Job 148: Subtask extracta
[2024-07-30T09:02:48.826+0000] {task_command.py:426} INFO - Running <TaskInstance: motower_daily_prod.extracta scheduled__2024-06-23T06:00:00+00:00 [running]> on host 7d7c82e77e1e
[2024-07-30T09:02:49.096+0000] {taskinstance.py:2648} INFO - Exporting env vars: AIRFLOW_CTX_DAG_EMAIL='richmond.kongo@orange.com,assane.diop@orange.com,cyrille1.danho@orange.com,mohamed2.sylla@orange.com,amadou.diomande@orange.com,Jonas.kouame@orange.com,armand.kablan@orange.com,anicet.azombade@orange.com,etienne.kouadio@orange.com,bertine.kouakou@orange.com,florentine.kouakou@orange.com,ange.phaceli@orange.com,soulegame.soro@orange.com,innocent.yengo@orange.com' AIRFLOW_CTX_DAG_OWNER='***' AIRFLOW_CTX_DAG_ID='motower_daily_prod' AIRFLOW_CTX_TASK_ID='extracta' AIRFLOW_CTX_EXECUTION_DATE='2024-06-23T06:00:00+00:00' AIRFLOW_CTX_TRY_NUMBER='1' AIRFLOW_CTX_DAG_RUN_ID='scheduled__2024-06-23T06:00:00+00:00'
[2024-07-30T09:02:49.098+0000] {taskinstance.py:430} INFO - ::endgroup::
[2024-07-30T09:02:49.143+0000] {extract.py:126} INFO - Getting data of the table dtm_motower_gsm 
[2024-07-30T09:02:49.144+0000] {extract.py:127} INFO - where date is 2024-06-22
[2024-07-30T09:02:49.145+0000] {extract.py:102} INFO - get data to date 20240622
[2024-07-30T09:02:49.157+0000] {warnings.py:112} WARNING - /opt/***/dags/gps/common/extract.py:103: UserWarning: pandas only supports SQLAlchemy connectable (engine/connection) or database string URI or sqlite3 DBAPI2 connection. Other DBAPI2 objects are not tested. Please consider using SQLAlchemy.
  df_ = pd.read_sql_query(sql_query, conn, params=params)

[2024-07-30T09:02:49.248+0000] {rwminio.py:19} INFO - start to save data
[2024-07-30T09:02:49.348+0000] {rwminio.py:34} INFO - data in minio ok
[2024-07-30T09:02:49.349+0000] {python.py:237} INFO - Done. Returned value was: None
[2024-07-30T09:02:49.350+0000] {taskinstance.py:441} INFO - ::group::Post task execution logs
[2024-07-30T09:02:49.368+0000] {taskinstance.py:1206} INFO - Marking task as SUCCESS. dag_id=motower_daily_prod, task_id=extracta, run_id=scheduled__2024-06-23T06:00:00+00:00, execution_date=20240623T060000, start_date=20240730T090248, end_date=20240730T090249
[2024-07-30T09:02:49.437+0000] {local_task_job_runner.py:243} INFO - Task exited with return code 0
[2024-07-30T09:02:49.487+0000] {taskinstance.py:3503} INFO - 0 downstream tasks scheduled from follow-on schedule check
[2024-07-30T09:02:49.489+0000] {local_task_job_runner.py:222} INFO - ::endgroup::
[2024-07-30T11:14:33.360+0000] {local_task_job_runner.py:120} INFO - ::group::Pre task execution logs
[2024-07-30T11:14:33.425+0000] {taskinstance.py:2076} INFO - Dependencies all met for dep_context=non-requeueable deps ti=<TaskInstance: motower_daily_prod.extracta scheduled__2024-06-23T06:00:00+00:00 [queued]>
[2024-07-30T11:14:33.446+0000] {taskinstance.py:2076} INFO - Dependencies all met for dep_context=requeueable deps ti=<TaskInstance: motower_daily_prod.extracta scheduled__2024-06-23T06:00:00+00:00 [queued]>
[2024-07-30T11:14:33.446+0000] {taskinstance.py:2306} INFO - Starting attempt 1 of 1
[2024-07-30T11:14:33.472+0000] {taskinstance.py:2330} INFO - Executing <Task(PythonOperator): extracta> on 2024-06-23 06:00:00+00:00
[2024-07-30T11:14:33.481+0000] {warnings.py:112} WARNING - /home/***/.local/lib/python3.12/site-packages/***/task/task_runner/standard_task_runner.py:62: DeprecationWarning: This process (pid=3357) is multi-threaded, use of fork() may lead to deadlocks in the child.
  pid = os.fork()

[2024-07-30T11:14:33.482+0000] {standard_task_runner.py:64} INFO - Started process 3362 to run task
[2024-07-30T11:14:33.484+0000] {standard_task_runner.py:90} INFO - Running: ['***', 'tasks', 'run', 'motower_daily_prod', 'extracta', 'scheduled__2024-06-23T06:00:00+00:00', '--job-id', '553', '--raw', '--subdir', 'DAGS_FOLDER/gps/custom_dags/motower_daily.py', '--cfg-path', '/tmp/tmp7y80la7i']
[2024-07-30T11:14:33.487+0000] {standard_task_runner.py:91} INFO - Job 553: Subtask extracta
[2024-07-30T11:14:33.547+0000] {task_command.py:426} INFO - Running <TaskInstance: motower_daily_prod.extracta scheduled__2024-06-23T06:00:00+00:00 [running]> on host 7d7c82e77e1e
[2024-07-30T11:14:33.690+0000] {taskinstance.py:2648} INFO - Exporting env vars: AIRFLOW_CTX_DAG_EMAIL='richmond.kongo@orange.com,assane.diop@orange.com,cyrille1.danho@orange.com,mohamed2.sylla@orange.com,amadou.diomande@orange.com,Jonas.kouame@orange.com,armand.kablan@orange.com,anicet.azombade@orange.com,etienne.kouadio@orange.com,bertine.kouakou@orange.com,florentine.kouakou@orange.com,ange.phaceli@orange.com,soulegame.soro@orange.com,innocent.yengo@orange.com' AIRFLOW_CTX_DAG_OWNER='***' AIRFLOW_CTX_DAG_ID='motower_daily_prod' AIRFLOW_CTX_TASK_ID='extracta' AIRFLOW_CTX_EXECUTION_DATE='2024-06-23T06:00:00+00:00' AIRFLOW_CTX_TRY_NUMBER='1' AIRFLOW_CTX_DAG_RUN_ID='scheduled__2024-06-23T06:00:00+00:00'
[2024-07-30T11:14:33.692+0000] {taskinstance.py:430} INFO - ::endgroup::
[2024-07-30T11:14:33.719+0000] {extract.py:126} INFO - Getting data of the table dtm_motower_gsm 
[2024-07-30T11:14:33.720+0000] {extract.py:127} INFO - where date is 2024-06-22
[2024-07-30T11:14:33.720+0000] {extract.py:102} INFO - get data to date 20240622
[2024-07-30T11:14:33.730+0000] {warnings.py:112} WARNING - /opt/***/dags/gps/common/extract.py:103: UserWarning: pandas only supports SQLAlchemy connectable (engine/connection) or database string URI or sqlite3 DBAPI2 connection. Other DBAPI2 objects are not tested. Please consider using SQLAlchemy.
  df_ = pd.read_sql_query(sql_query, conn, params=params)

[2024-07-30T11:14:33.812+0000] {rwminio.py:19} INFO - start to save data
[2024-07-30T11:14:33.885+0000] {rwminio.py:34} INFO - data in minio ok
[2024-07-30T11:14:33.885+0000] {python.py:237} INFO - Done. Returned value was: None
[2024-07-30T11:14:33.886+0000] {taskinstance.py:441} INFO - ::group::Post task execution logs
[2024-07-30T11:14:33.902+0000] {taskinstance.py:1206} INFO - Marking task as SUCCESS. dag_id=motower_daily_prod, task_id=extracta, run_id=scheduled__2024-06-23T06:00:00+00:00, execution_date=20240623T060000, start_date=20240730T111433, end_date=20240730T111433
[2024-07-30T11:14:34.138+0000] {local_task_job_runner.py:243} INFO - Task exited with return code 0
[2024-07-30T11:14:34.179+0000] {taskinstance.py:3503} INFO - 0 downstream tasks scheduled from follow-on schedule check
[2024-07-30T11:14:34.184+0000] {local_task_job_runner.py:222} INFO - ::endgroup::
[2024-08-02T12:24:27.279+0000] {local_task_job_runner.py:120} INFO - ::group::Pre task execution logs
[2024-08-02T12:24:27.350+0000] {taskinstance.py:2076} INFO - Dependencies all met for dep_context=non-requeueable deps ti=<TaskInstance: motower_daily_prod.extracta scheduled__2024-06-23T06:00:00+00:00 [queued]>
[2024-08-02T12:24:27.371+0000] {taskinstance.py:2076} INFO - Dependencies all met for dep_context=requeueable deps ti=<TaskInstance: motower_daily_prod.extracta scheduled__2024-06-23T06:00:00+00:00 [queued]>
[2024-08-02T12:24:27.372+0000] {taskinstance.py:2306} INFO - Starting attempt 1 of 1
[2024-08-02T12:24:27.398+0000] {taskinstance.py:2330} INFO - Executing <Task(PythonOperator): extracta> on 2024-06-23 06:00:00+00:00
[2024-08-02T12:24:27.410+0000] {warnings.py:112} WARNING - /home/***/.local/lib/python3.12/site-packages/***/task/task_runner/standard_task_runner.py:62: DeprecationWarning: This process (pid=1181) is multi-threaded, use of fork() may lead to deadlocks in the child.
  pid = os.fork()

[2024-08-02T12:24:27.411+0000] {standard_task_runner.py:64} INFO - Started process 1190 to run task
[2024-08-02T12:24:27.412+0000] {standard_task_runner.py:90} INFO - Running: ['***', 'tasks', 'run', 'motower_daily_prod', 'extracta', 'scheduled__2024-06-23T06:00:00+00:00', '--job-id', '974', '--raw', '--subdir', 'DAGS_FOLDER/gps/custom_dags/motower_daily.py', '--cfg-path', '/tmp/tmpq1n796ws']
[2024-08-02T12:24:27.415+0000] {standard_task_runner.py:91} INFO - Job 974: Subtask extracta
[2024-08-02T12:24:27.496+0000] {task_command.py:426} INFO - Running <TaskInstance: motower_daily_prod.extracta scheduled__2024-06-23T06:00:00+00:00 [running]> on host 0ed00079025b
[2024-08-02T12:24:27.660+0000] {taskinstance.py:2648} INFO - Exporting env vars: AIRFLOW_CTX_DAG_EMAIL='richmond.kongo@orange.com,assane.diop@orange.com,cyrille1.danho@orange.com,mohamed2.sylla@orange.com,amadou.diomande@orange.com,Jonas.kouame@orange.com,armand.kablan@orange.com,anicet.azombade@orange.com,etienne.kouadio@orange.com,bertine.kouakou@orange.com,florentine.kouakou@orange.com,ange.phaceli@orange.com,soulegame.soro@orange.com,innocent.yengo@orange.com' AIRFLOW_CTX_DAG_OWNER='***' AIRFLOW_CTX_DAG_ID='motower_daily_prod' AIRFLOW_CTX_TASK_ID='extracta' AIRFLOW_CTX_EXECUTION_DATE='2024-06-23T06:00:00+00:00' AIRFLOW_CTX_TRY_NUMBER='1' AIRFLOW_CTX_DAG_RUN_ID='scheduled__2024-06-23T06:00:00+00:00'
[2024-08-02T12:24:27.662+0000] {taskinstance.py:430} INFO - ::endgroup::
[2024-08-02T12:24:27.687+0000] {extract.py:126} INFO - Getting data of the table dtm_motower_gsm 
[2024-08-02T12:24:27.687+0000] {extract.py:127} INFO - where date is 2024-06-22
[2024-08-02T12:24:27.688+0000] {extract.py:102} INFO - get data to date 20240622
[2024-08-02T12:24:27.696+0000] {warnings.py:112} WARNING - /opt/***/dags/gps/common/extract.py:103: UserWarning: pandas only supports SQLAlchemy connectable (engine/connection) or database string URI or sqlite3 DBAPI2 connection. Other DBAPI2 objects are not tested. Please consider using SQLAlchemy.
  df_ = pd.read_sql_query(sql_query, conn, params=params)

[2024-08-02T12:24:27.756+0000] {rwminio.py:19} INFO - start to save data
[2024-08-02T12:24:27.818+0000] {rwminio.py:34} INFO - data in minio ok
[2024-08-02T12:24:27.818+0000] {python.py:237} INFO - Done. Returned value was: None
[2024-08-02T12:24:27.819+0000] {taskinstance.py:441} INFO - ::group::Post task execution logs
[2024-08-02T12:24:27.832+0000] {taskinstance.py:1206} INFO - Marking task as SUCCESS. dag_id=motower_daily_prod, task_id=extracta, run_id=scheduled__2024-06-23T06:00:00+00:00, execution_date=20240623T060000, start_date=20240802T122427, end_date=20240802T122427
[2024-08-02T12:24:27.880+0000] {local_task_job_runner.py:243} INFO - Task exited with return code 0
[2024-08-02T12:24:27.927+0000] {taskinstance.py:3503} INFO - 0 downstream tasks scheduled from follow-on schedule check
[2024-08-02T12:24:27.932+0000] {local_task_job_runner.py:222} INFO - ::endgroup::
