[2024-08-06T17:08:01.554+0000] {local_task_job_runner.py:120} INFO - ::group::Pre task execution logs
[2024-08-06T17:08:01.631+0000] {taskinstance.py:2076} INFO - Dependencies all met for dep_context=non-requeueable deps ti=<TaskInstance: motower_daily_prod.sensor_congestion scheduled__2024-03-30T06:00:00+00:00 [queued]>
[2024-08-06T17:08:01.656+0000] {taskinstance.py:2076} INFO - Dependencies all met for dep_context=requeueable deps ti=<TaskInstance: motower_daily_prod.sensor_congestion scheduled__2024-03-30T06:00:00+00:00 [queued]>
[2024-08-06T17:08:01.657+0000] {taskinstance.py:2306} INFO - Starting attempt 1 of 1
[2024-08-06T17:08:01.701+0000] {taskinstance.py:2330} INFO - Executing <Task(PythonSensor): sensor_congestion> on 2024-03-30 06:00:00+00:00
[2024-08-06T17:08:01.717+0000] {warnings.py:112} WARNING - /home/***/.local/lib/python3.12/site-packages/***/task/task_runner/standard_task_runner.py:62: DeprecationWarning: This process (pid=3501) is multi-threaded, use of fork() may lead to deadlocks in the child.
  pid = os.fork()

[2024-08-06T17:08:01.720+0000] {standard_task_runner.py:64} INFO - Started process 3517 to run task
[2024-08-06T17:08:01.729+0000] {standard_task_runner.py:90} INFO - Running: ['***', 'tasks', 'run', 'motower_daily_prod', 'sensor_congestion', 'scheduled__2024-03-30T06:00:00+00:00', '--job-id', '830', '--raw', '--subdir', 'DAGS_FOLDER/gps/custom_dags/motower_daily.py', '--cfg-path', '/tmp/tmply0t0e_k']
[2024-08-06T17:08:01.732+0000] {standard_task_runner.py:91} INFO - Job 830: Subtask sensor_congestion
[2024-08-06T17:08:01.853+0000] {task_command.py:426} INFO - Running <TaskInstance: motower_daily_prod.sensor_congestion scheduled__2024-03-30T06:00:00+00:00 [running]> on host 13681191f11c
[2024-08-06T17:08:02.191+0000] {taskinstance.py:2648} INFO - Exporting env vars: AIRFLOW_CTX_DAG_EMAIL='richmond.kongo@orange.com,assane.diop@orange.com,cyrille1.danho@orange.com,mohamed2.sylla@orange.com,amadou.diomande@orange.com,Jonas.kouame@orange.com,armand.kablan@orange.com,anicet.azombade@orange.com,etienne.kouadio@orange.com,bertine.kouakou@orange.com,florentine.kouakou@orange.com,ange.phaceli@orange.com,soulegame.soro@orange.com,innocent.yengo@orange.com' AIRFLOW_CTX_DAG_OWNER='***' AIRFLOW_CTX_DAG_ID='motower_daily_prod' AIRFLOW_CTX_TASK_ID='sensor_congestion' AIRFLOW_CTX_EXECUTION_DATE='2024-03-30T06:00:00+00:00' AIRFLOW_CTX_TRY_NUMBER='1' AIRFLOW_CTX_DAG_RUN_ID='scheduled__2024-03-30T06:00:00+00:00'
[2024-08-06T17:08:02.193+0000] {taskinstance.py:430} INFO - ::endgroup::
[2024-08-06T17:08:02.228+0000] {python.py:75} INFO - Poking callable: <function check_data_in_table at 0x701c42594360>
[2024-08-06T17:08:02.235+0000] {extract.py:126} INFO - Getting data of the table ks_hebdo_tdb_radio_drsi 
[2024-08-06T17:08:02.236+0000] {extract.py:127} INFO - where date is 2024-03-29
[2024-08-06T17:08:02.237+0000] {extract.py:98} INFO - get data to date 13 and year 2024
[2024-08-06T17:08:02.248+0000] {warnings.py:112} WARNING - /opt/***/dags/gps/common/extract.py:99: UserWarning: pandas only supports SQLAlchemy connectable (engine/connection) or database string URI or sqlite3 DBAPI2 connection. Other DBAPI2 objects are not tested. Please consider using SQLAlchemy.
  df_ = pd.read_sql_query(sql_query, conn, params=params)

[2024-08-06T17:08:02.556+0000] {base.py:294} INFO - Success criteria met. Exiting.
[2024-08-06T17:08:02.557+0000] {taskinstance.py:441} INFO - ::group::Post task execution logs
[2024-08-06T17:08:02.585+0000] {taskinstance.py:1206} INFO - Marking task as SUCCESS. dag_id=motower_daily_prod, task_id=sensor_congestion, run_id=scheduled__2024-03-30T06:00:00+00:00, execution_date=20240330T060000, start_date=20240806T170801, end_date=20240806T170802
[2024-08-06T17:08:02.655+0000] {local_task_job_runner.py:243} INFO - Task exited with return code 0
[2024-08-06T17:08:02.681+0000] {local_task_job_runner.py:222} INFO - ::endgroup::
[2024-08-06T17:38:37.568+0000] {local_task_job_runner.py:120} INFO - ::group::Pre task execution logs
[2024-08-06T17:38:37.697+0000] {taskinstance.py:2076} INFO - Dependencies all met for dep_context=non-requeueable deps ti=<TaskInstance: motower_daily_prod.sensor_congestion scheduled__2024-03-30T06:00:00+00:00 [queued]>
[2024-08-06T17:38:37.763+0000] {taskinstance.py:2076} INFO - Dependencies all met for dep_context=requeueable deps ti=<TaskInstance: motower_daily_prod.sensor_congestion scheduled__2024-03-30T06:00:00+00:00 [queued]>
[2024-08-06T17:38:37.764+0000] {taskinstance.py:2306} INFO - Starting attempt 1 of 1
[2024-08-06T17:38:37.824+0000] {taskinstance.py:2330} INFO - Executing <Task(PythonSensor): sensor_congestion> on 2024-03-30 06:00:00+00:00
[2024-08-06T17:38:37.848+0000] {warnings.py:112} WARNING - /home/***/.local/lib/python3.12/site-packages/***/task/task_runner/standard_task_runner.py:62: DeprecationWarning: This process (pid=7640) is multi-threaded, use of fork() may lead to deadlocks in the child.
  pid = os.fork()

[2024-08-06T17:38:37.860+0000] {standard_task_runner.py:90} INFO - Running: ['***', 'tasks', 'run', 'motower_daily_prod', 'sensor_congestion', 'scheduled__2024-03-30T06:00:00+00:00', '--job-id', '2090', '--raw', '--subdir', 'DAGS_FOLDER/gps/custom_dags/motower_daily.py', '--cfg-path', '/tmp/tmphl6n0f1_']
[2024-08-06T17:38:37.868+0000] {standard_task_runner.py:64} INFO - Started process 7656 to run task
[2024-08-06T17:38:37.868+0000] {standard_task_runner.py:91} INFO - Job 2090: Subtask sensor_congestion
[2024-08-06T17:38:38.018+0000] {task_command.py:426} INFO - Running <TaskInstance: motower_daily_prod.sensor_congestion scheduled__2024-03-30T06:00:00+00:00 [running]> on host 13681191f11c
[2024-08-06T17:38:38.473+0000] {taskinstance.py:2648} INFO - Exporting env vars: AIRFLOW_CTX_DAG_EMAIL='richmond.kongo@orange.com,assane.diop@orange.com,cyrille1.danho@orange.com,mohamed2.sylla@orange.com,amadou.diomande@orange.com,Jonas.kouame@orange.com,armand.kablan@orange.com,anicet.azombade@orange.com,etienne.kouadio@orange.com,bertine.kouakou@orange.com,florentine.kouakou@orange.com,ange.phaceli@orange.com,soulegame.soro@orange.com,innocent.yengo@orange.com' AIRFLOW_CTX_DAG_OWNER='***' AIRFLOW_CTX_DAG_ID='motower_daily_prod' AIRFLOW_CTX_TASK_ID='sensor_congestion' AIRFLOW_CTX_EXECUTION_DATE='2024-03-30T06:00:00+00:00' AIRFLOW_CTX_TRY_NUMBER='1' AIRFLOW_CTX_DAG_RUN_ID='scheduled__2024-03-30T06:00:00+00:00'
[2024-08-06T17:38:38.475+0000] {taskinstance.py:430} INFO - ::endgroup::
[2024-08-06T17:38:38.557+0000] {python.py:75} INFO - Poking callable: <function check_data_in_table at 0x701c26f109a0>
[2024-08-06T17:38:38.607+0000] {extract.py:126} INFO - Getting data of the table ks_hebdo_tdb_radio_drsi 
[2024-08-06T17:38:38.608+0000] {extract.py:127} INFO - where date is 2024-03-29
[2024-08-06T17:38:38.609+0000] {extract.py:98} INFO - get data to date 13 and year 2024
[2024-08-06T17:38:38.657+0000] {warnings.py:112} WARNING - /opt/***/dags/gps/common/extract.py:99: UserWarning: pandas only supports SQLAlchemy connectable (engine/connection) or database string URI or sqlite3 DBAPI2 connection. Other DBAPI2 objects are not tested. Please consider using SQLAlchemy.
  df_ = pd.read_sql_query(sql_query, conn, params=params)

[2024-08-06T17:38:39.251+0000] {base.py:294} INFO - Success criteria met. Exiting.
[2024-08-06T17:38:39.251+0000] {taskinstance.py:441} INFO - ::group::Post task execution logs
[2024-08-06T17:38:39.304+0000] {taskinstance.py:1206} INFO - Marking task as SUCCESS. dag_id=motower_daily_prod, task_id=sensor_congestion, run_id=scheduled__2024-03-30T06:00:00+00:00, execution_date=20240330T060000, start_date=20240806T173837, end_date=20240806T173839
[2024-08-06T17:38:40.108+0000] {local_task_job_runner.py:243} INFO - Task exited with return code 0
[2024-08-06T17:38:40.397+0000] {taskinstance.py:3503} INFO - 0 downstream tasks scheduled from follow-on schedule check
[2024-08-06T17:38:40.420+0000] {local_task_job_runner.py:222} INFO - ::endgroup::
[2024-08-06T18:26:12.871+0000] {local_task_job_runner.py:120} INFO - ::group::Pre task execution logs
[2024-08-06T18:26:12.979+0000] {taskinstance.py:2076} INFO - Dependencies all met for dep_context=non-requeueable deps ti=<TaskInstance: motower_daily_prod.sensor_congestion scheduled__2024-03-30T06:00:00+00:00 [queued]>
[2024-08-06T18:26:13.006+0000] {taskinstance.py:2076} INFO - Dependencies all met for dep_context=requeueable deps ti=<TaskInstance: motower_daily_prod.sensor_congestion scheduled__2024-03-30T06:00:00+00:00 [queued]>
[2024-08-06T18:26:13.006+0000] {taskinstance.py:2306} INFO - Starting attempt 1 of 1
[2024-08-06T18:26:13.055+0000] {taskinstance.py:2330} INFO - Executing <Task(PythonSensor): sensor_congestion> on 2024-03-30 06:00:00+00:00
[2024-08-06T18:26:13.071+0000] {warnings.py:112} WARNING - /home/***/.local/lib/python3.12/site-packages/***/task/task_runner/standard_task_runner.py:62: DeprecationWarning: This process (pid=11497) is multi-threaded, use of fork() may lead to deadlocks in the child.
  pid = os.fork()

[2024-08-06T18:26:13.074+0000] {standard_task_runner.py:64} INFO - Started process 11511 to run task
[2024-08-06T18:26:13.078+0000] {standard_task_runner.py:90} INFO - Running: ['***', 'tasks', 'run', 'motower_daily_prod', 'sensor_congestion', 'scheduled__2024-03-30T06:00:00+00:00', '--job-id', '3184', '--raw', '--subdir', 'DAGS_FOLDER/gps/custom_dags/motower_daily.py', '--cfg-path', '/tmp/tmpmxgcw25s']
[2024-08-06T18:26:13.082+0000] {standard_task_runner.py:91} INFO - Job 3184: Subtask sensor_congestion
[2024-08-06T18:26:13.165+0000] {task_command.py:426} INFO - Running <TaskInstance: motower_daily_prod.sensor_congestion scheduled__2024-03-30T06:00:00+00:00 [running]> on host 13681191f11c
[2024-08-06T18:26:13.393+0000] {taskinstance.py:2648} INFO - Exporting env vars: AIRFLOW_CTX_DAG_EMAIL='richmond.kongo@orange.com,assane.diop@orange.com,cyrille1.danho@orange.com,mohamed2.sylla@orange.com,amadou.diomande@orange.com,Jonas.kouame@orange.com,armand.kablan@orange.com,anicet.azombade@orange.com,etienne.kouadio@orange.com,bertine.kouakou@orange.com,florentine.kouakou@orange.com,ange.phaceli@orange.com,soulegame.soro@orange.com,innocent.yengo@orange.com' AIRFLOW_CTX_DAG_OWNER='***' AIRFLOW_CTX_DAG_ID='motower_daily_prod' AIRFLOW_CTX_TASK_ID='sensor_congestion' AIRFLOW_CTX_EXECUTION_DATE='2024-03-30T06:00:00+00:00' AIRFLOW_CTX_TRY_NUMBER='1' AIRFLOW_CTX_DAG_RUN_ID='scheduled__2024-03-30T06:00:00+00:00'
[2024-08-06T18:26:13.396+0000] {taskinstance.py:430} INFO - ::endgroup::
[2024-08-06T18:26:13.424+0000] {python.py:75} INFO - Poking callable: <function check_data_in_table at 0x701c26e03b00>
[2024-08-06T18:26:13.431+0000] {extract.py:126} INFO - Getting data of the table ks_hebdo_tdb_radio_drsi 
[2024-08-06T18:26:13.431+0000] {extract.py:127} INFO - where date is 2024-03-29
[2024-08-06T18:26:13.432+0000] {extract.py:98} INFO - get data to date 13 and year 2024
[2024-08-06T18:26:13.442+0000] {warnings.py:112} WARNING - /opt/***/dags/gps/common/extract.py:99: UserWarning: pandas only supports SQLAlchemy connectable (engine/connection) or database string URI or sqlite3 DBAPI2 connection. Other DBAPI2 objects are not tested. Please consider using SQLAlchemy.
  df_ = pd.read_sql_query(sql_query, conn, params=params)

[2024-08-06T18:26:13.749+0000] {base.py:294} INFO - Success criteria met. Exiting.
[2024-08-06T18:26:13.751+0000] {taskinstance.py:441} INFO - ::group::Post task execution logs
[2024-08-06T18:26:13.782+0000] {taskinstance.py:1206} INFO - Marking task as SUCCESS. dag_id=motower_daily_prod, task_id=sensor_congestion, run_id=scheduled__2024-03-30T06:00:00+00:00, execution_date=20240330T060000, start_date=20240806T182612, end_date=20240806T182613
[2024-08-06T18:26:13.836+0000] {local_task_job_runner.py:243} INFO - Task exited with return code 0
[2024-08-06T18:26:13.922+0000] {taskinstance.py:3503} INFO - 0 downstream tasks scheduled from follow-on schedule check
[2024-08-06T18:26:13.930+0000] {local_task_job_runner.py:222} INFO - ::endgroup::
