[2024-08-06T17:09:57.916+0000] {local_task_job_runner.py:120} INFO - ::group::Pre task execution logs
[2024-08-06T17:09:58.040+0000] {taskinstance.py:2076} INFO - Dependencies all met for dep_context=non-requeueable deps ti=<TaskInstance: motower_daily_prod.checkataa scheduled__2024-04-11T06:00:00+00:00 [queued]>
[2024-08-06T17:09:58.068+0000] {taskinstance.py:2076} INFO - Dependencies all met for dep_context=requeueable deps ti=<TaskInstance: motower_daily_prod.checkataa scheduled__2024-04-11T06:00:00+00:00 [queued]>
[2024-08-06T17:09:58.069+0000] {taskinstance.py:2306} INFO - Starting attempt 1 of 1
[2024-08-06T17:09:58.114+0000] {taskinstance.py:2330} INFO - Executing <Task(PythonSensor): checkataa> on 2024-04-11 06:00:00+00:00
[2024-08-06T17:09:58.129+0000] {warnings.py:112} WARNING - /home/***/.local/lib/python3.12/site-packages/***/task/task_runner/standard_task_runner.py:62: DeprecationWarning: This process (pid=3864) is multi-threaded, use of fork() may lead to deadlocks in the child.
  pid = os.fork()

[2024-08-06T17:09:58.132+0000] {standard_task_runner.py:64} INFO - Started process 3883 to run task
[2024-08-06T17:09:58.143+0000] {standard_task_runner.py:90} INFO - Running: ['***', 'tasks', 'run', 'motower_daily_prod', 'checkataa', 'scheduled__2024-04-11T06:00:00+00:00', '--job-id', '943', '--raw', '--subdir', 'DAGS_FOLDER/gps/custom_dags/motower_daily.py', '--cfg-path', '/tmp/tmpv150qjrw']
[2024-08-06T17:09:58.148+0000] {standard_task_runner.py:91} INFO - Job 943: Subtask checkataa
[2024-08-06T17:09:58.321+0000] {task_command.py:426} INFO - Running <TaskInstance: motower_daily_prod.checkataa scheduled__2024-04-11T06:00:00+00:00 [running]> on host 13681191f11c
[2024-08-06T17:09:58.849+0000] {taskinstance.py:2648} INFO - Exporting env vars: AIRFLOW_CTX_DAG_EMAIL='richmond.kongo@orange.com,assane.diop@orange.com,cyrille1.danho@orange.com,mohamed2.sylla@orange.com,amadou.diomande@orange.com,Jonas.kouame@orange.com,armand.kablan@orange.com,anicet.azombade@orange.com,etienne.kouadio@orange.com,bertine.kouakou@orange.com,florentine.kouakou@orange.com,ange.phaceli@orange.com,soulegame.soro@orange.com,innocent.yengo@orange.com' AIRFLOW_CTX_DAG_OWNER='***' AIRFLOW_CTX_DAG_ID='motower_daily_prod' AIRFLOW_CTX_TASK_ID='checkataa' AIRFLOW_CTX_EXECUTION_DATE='2024-04-11T06:00:00+00:00' AIRFLOW_CTX_TRY_NUMBER='1' AIRFLOW_CTX_DAG_RUN_ID='scheduled__2024-04-11T06:00:00+00:00'
[2024-08-06T17:09:58.855+0000] {taskinstance.py:430} INFO - ::endgroup::
[2024-08-06T17:09:58.912+0000] {python.py:75} INFO - Poking callable: <function check_data_in_table at 0x701c27143c40>
[2024-08-06T17:09:58.923+0000] {extract.py:126} INFO - Getting data of the table dtm_motower_gsm 
[2024-08-06T17:09:58.923+0000] {extract.py:127} INFO - where date is 2024-04-10
[2024-08-06T17:09:58.924+0000] {extract.py:102} INFO - get data to date 20240410
[2024-08-06T17:09:58.934+0000] {warnings.py:112} WARNING - /opt/***/dags/gps/common/extract.py:103: UserWarning: pandas only supports SQLAlchemy connectable (engine/connection) or database string URI or sqlite3 DBAPI2 connection. Other DBAPI2 objects are not tested. Please consider using SQLAlchemy.
  df_ = pd.read_sql_query(sql_query, conn, params=params)

[2024-08-06T17:09:59.134+0000] {base.py:294} INFO - Success criteria met. Exiting.
[2024-08-06T17:09:59.139+0000] {taskinstance.py:441} INFO - ::group::Post task execution logs
[2024-08-06T17:09:59.168+0000] {taskinstance.py:1206} INFO - Marking task as SUCCESS. dag_id=motower_daily_prod, task_id=checkataa, run_id=scheduled__2024-04-11T06:00:00+00:00, execution_date=20240411T060000, start_date=20240806T170958, end_date=20240806T170959
[2024-08-06T17:09:59.231+0000] {local_task_job_runner.py:243} INFO - Task exited with return code 0
[2024-08-06T17:09:59.373+0000] {taskinstance.py:3503} INFO - 1 downstream tasks scheduled from follow-on schedule check
[2024-08-06T17:09:59.385+0000] {local_task_job_runner.py:222} INFO - ::endgroup::
[2024-08-06T17:40:16.270+0000] {local_task_job_runner.py:120} INFO - ::group::Pre task execution logs
[2024-08-06T17:40:16.487+0000] {taskinstance.py:2076} INFO - Dependencies all met for dep_context=non-requeueable deps ti=<TaskInstance: motower_daily_prod.checkataa scheduled__2024-04-11T06:00:00+00:00 [queued]>
[2024-08-06T17:40:16.515+0000] {taskinstance.py:2076} INFO - Dependencies all met for dep_context=requeueable deps ti=<TaskInstance: motower_daily_prod.checkataa scheduled__2024-04-11T06:00:00+00:00 [queued]>
[2024-08-06T17:40:16.517+0000] {taskinstance.py:2306} INFO - Starting attempt 1 of 1
[2024-08-06T17:40:16.552+0000] {taskinstance.py:2330} INFO - Executing <Task(PythonSensor): checkataa> on 2024-04-11 06:00:00+00:00
[2024-08-06T17:40:16.588+0000] {warnings.py:112} WARNING - /home/***/.local/lib/python3.12/site-packages/***/task/task_runner/standard_task_runner.py:62: DeprecationWarning: This process (pid=7991) is multi-threaded, use of fork() may lead to deadlocks in the child.
  pid = os.fork()

[2024-08-06T17:40:16.595+0000] {standard_task_runner.py:64} INFO - Started process 8005 to run task
[2024-08-06T17:40:16.600+0000] {standard_task_runner.py:90} INFO - Running: ['***', 'tasks', 'run', 'motower_daily_prod', 'checkataa', 'scheduled__2024-04-11T06:00:00+00:00', '--job-id', '2199', '--raw', '--subdir', 'DAGS_FOLDER/gps/custom_dags/motower_daily.py', '--cfg-path', '/tmp/tmp8sa4rwqz']
[2024-08-06T17:40:16.606+0000] {standard_task_runner.py:91} INFO - Job 2199: Subtask checkataa
[2024-08-06T17:40:16.770+0000] {task_command.py:426} INFO - Running <TaskInstance: motower_daily_prod.checkataa scheduled__2024-04-11T06:00:00+00:00 [running]> on host 13681191f11c
[2024-08-06T17:40:17.121+0000] {taskinstance.py:2648} INFO - Exporting env vars: AIRFLOW_CTX_DAG_EMAIL='richmond.kongo@orange.com,assane.diop@orange.com,cyrille1.danho@orange.com,mohamed2.sylla@orange.com,amadou.diomande@orange.com,Jonas.kouame@orange.com,armand.kablan@orange.com,anicet.azombade@orange.com,etienne.kouadio@orange.com,bertine.kouakou@orange.com,florentine.kouakou@orange.com,ange.phaceli@orange.com,soulegame.soro@orange.com,innocent.yengo@orange.com' AIRFLOW_CTX_DAG_OWNER='***' AIRFLOW_CTX_DAG_ID='motower_daily_prod' AIRFLOW_CTX_TASK_ID='checkataa' AIRFLOW_CTX_EXECUTION_DATE='2024-04-11T06:00:00+00:00' AIRFLOW_CTX_TRY_NUMBER='1' AIRFLOW_CTX_DAG_RUN_ID='scheduled__2024-04-11T06:00:00+00:00'
[2024-08-06T17:40:17.123+0000] {taskinstance.py:430} INFO - ::endgroup::
[2024-08-06T17:40:17.157+0000] {python.py:75} INFO - Poking callable: <function check_data_in_table at 0x701c41fe42c0>
[2024-08-06T17:40:17.167+0000] {extract.py:126} INFO - Getting data of the table dtm_motower_gsm 
[2024-08-06T17:40:17.168+0000] {extract.py:127} INFO - where date is 2024-04-10
[2024-08-06T17:40:17.168+0000] {extract.py:102} INFO - get data to date 20240410
[2024-08-06T17:40:17.181+0000] {warnings.py:112} WARNING - /opt/***/dags/gps/common/extract.py:103: UserWarning: pandas only supports SQLAlchemy connectable (engine/connection) or database string URI or sqlite3 DBAPI2 connection. Other DBAPI2 objects are not tested. Please consider using SQLAlchemy.
  df_ = pd.read_sql_query(sql_query, conn, params=params)

[2024-08-06T17:40:17.413+0000] {base.py:294} INFO - Success criteria met. Exiting.
[2024-08-06T17:40:17.422+0000] {taskinstance.py:441} INFO - ::group::Post task execution logs
[2024-08-06T17:40:17.457+0000] {taskinstance.py:1206} INFO - Marking task as SUCCESS. dag_id=motower_daily_prod, task_id=checkataa, run_id=scheduled__2024-04-11T06:00:00+00:00, execution_date=20240411T060000, start_date=20240806T174016, end_date=20240806T174017
[2024-08-06T17:40:17.558+0000] {local_task_job_runner.py:243} INFO - Task exited with return code 0
[2024-08-06T17:40:17.751+0000] {taskinstance.py:3503} INFO - 0 downstream tasks scheduled from follow-on schedule check
[2024-08-06T17:40:17.775+0000] {local_task_job_runner.py:222} INFO - ::endgroup::
