[2024-08-06T17:07:23.830+0000] {local_task_job_runner.py:120} INFO - ::group::Pre task execution logs
[2024-08-06T17:07:24.000+0000] {taskinstance.py:2076} INFO - Dependencies all met for dep_context=non-requeueable deps ti=<TaskInstance: motower_daily_prod.extract_trafic scheduled__2024-03-23T06:00:00+00:00 [queued]>
[2024-08-06T17:07:24.069+0000] {taskinstance.py:2076} INFO - Dependencies all met for dep_context=requeueable deps ti=<TaskInstance: motower_daily_prod.extract_trafic scheduled__2024-03-23T06:00:00+00:00 [queued]>
[2024-08-06T17:07:24.070+0000] {taskinstance.py:2306} INFO - Starting attempt 1 of 1
[2024-08-06T17:07:24.127+0000] {taskinstance.py:2330} INFO - Executing <Task(PythonOperator): extract_trafic> on 2024-03-23 06:00:00+00:00
[2024-08-06T17:07:24.160+0000] {warnings.py:112} WARNING - /home/***/.local/lib/python3.12/site-packages/***/task/task_runner/standard_task_runner.py:62: DeprecationWarning: This process (pid=3351) is multi-threaded, use of fork() may lead to deadlocks in the child.
  pid = os.fork()

[2024-08-06T17:07:24.162+0000] {standard_task_runner.py:64} INFO - Started process 3367 to run task
[2024-08-06T17:07:24.173+0000] {standard_task_runner.py:90} INFO - Running: ['***', 'tasks', 'run', 'motower_daily_prod', 'extract_trafic', 'scheduled__2024-03-23T06:00:00+00:00', '--job-id', '779', '--raw', '--subdir', 'DAGS_FOLDER/gps/custom_dags/motower_daily.py', '--cfg-path', '/tmp/tmppymbx00z']
[2024-08-06T17:07:24.185+0000] {standard_task_runner.py:91} INFO - Job 779: Subtask extract_trafic
[2024-08-06T17:07:24.319+0000] {task_command.py:426} INFO - Running <TaskInstance: motower_daily_prod.extract_trafic scheduled__2024-03-23T06:00:00+00:00 [running]> on host 13681191f11c
[2024-08-06T17:07:24.675+0000] {taskinstance.py:2648} INFO - Exporting env vars: AIRFLOW_CTX_DAG_EMAIL='richmond.kongo@orange.com,assane.diop@orange.com,cyrille1.danho@orange.com,mohamed2.sylla@orange.com,amadou.diomande@orange.com,Jonas.kouame@orange.com,armand.kablan@orange.com,anicet.azombade@orange.com,etienne.kouadio@orange.com,bertine.kouakou@orange.com,florentine.kouakou@orange.com,ange.phaceli@orange.com,soulegame.soro@orange.com,innocent.yengo@orange.com' AIRFLOW_CTX_DAG_OWNER='***' AIRFLOW_CTX_DAG_ID='motower_daily_prod' AIRFLOW_CTX_TASK_ID='extract_trafic' AIRFLOW_CTX_EXECUTION_DATE='2024-03-23T06:00:00+00:00' AIRFLOW_CTX_TRY_NUMBER='1' AIRFLOW_CTX_DAG_RUN_ID='scheduled__2024-03-23T06:00:00+00:00'
[2024-08-06T17:07:24.683+0000] {taskinstance.py:430} INFO - ::endgroup::
[2024-08-06T17:07:24.768+0000] {extract.py:126} INFO - Getting data of the table ks_daily_tdb_radio_drsi 
[2024-08-06T17:07:24.769+0000] {extract.py:127} INFO - where date is 2024-03-22
[2024-08-06T17:07:24.769+0000] {extract.py:102} INFO - get data to date 2024-03-22
[2024-08-06T17:07:24.781+0000] {warnings.py:112} WARNING - /opt/***/dags/gps/common/extract.py:103: UserWarning: pandas only supports SQLAlchemy connectable (engine/connection) or database string URI or sqlite3 DBAPI2 connection. Other DBAPI2 objects are not tested. Please consider using SQLAlchemy.
  df_ = pd.read_sql_query(sql_query, conn, params=params)

[2024-08-06T17:07:25.277+0000] {rwminio.py:19} INFO - start to save data
[2024-08-06T17:07:25.770+0000] {rwminio.py:34} INFO - data in minio ok
[2024-08-06T17:07:25.780+0000] {python.py:237} INFO - Done. Returned value was: None
[2024-08-06T17:07:25.781+0000] {taskinstance.py:441} INFO - ::group::Post task execution logs
[2024-08-06T17:07:25.808+0000] {taskinstance.py:1206} INFO - Marking task as SUCCESS. dag_id=motower_daily_prod, task_id=extract_trafic, run_id=scheduled__2024-03-23T06:00:00+00:00, execution_date=20240323T060000, start_date=20240806T170724, end_date=20240806T170725
[2024-08-06T17:07:26.145+0000] {local_task_job_runner.py:243} INFO - Task exited with return code 0
[2024-08-06T17:07:26.172+0000] {local_task_job_runner.py:222} INFO - ::endgroup::
[2024-08-06T17:38:03.199+0000] {local_task_job_runner.py:120} INFO - ::group::Pre task execution logs
[2024-08-06T17:38:03.296+0000] {taskinstance.py:2076} INFO - Dependencies all met for dep_context=non-requeueable deps ti=<TaskInstance: motower_daily_prod.extract_trafic scheduled__2024-03-23T06:00:00+00:00 [queued]>
[2024-08-06T17:38:03.347+0000] {taskinstance.py:2076} INFO - Dependencies all met for dep_context=requeueable deps ti=<TaskInstance: motower_daily_prod.extract_trafic scheduled__2024-03-23T06:00:00+00:00 [queued]>
[2024-08-06T17:38:03.348+0000] {taskinstance.py:2306} INFO - Starting attempt 1 of 1
[2024-08-06T17:38:04.003+0000] {taskinstance.py:2330} INFO - Executing <Task(PythonOperator): extract_trafic> on 2024-03-23 06:00:00+00:00
[2024-08-06T17:38:04.062+0000] {standard_task_runner.py:90} INFO - Running: ['***', 'tasks', 'run', 'motower_daily_prod', 'extract_trafic', 'scheduled__2024-03-23T06:00:00+00:00', '--job-id', '2047', '--raw', '--subdir', 'DAGS_FOLDER/gps/custom_dags/motower_daily.py', '--cfg-path', '/tmp/tmpnsdwnxs1']
[2024-08-06T17:38:04.080+0000] {standard_task_runner.py:91} INFO - Job 2047: Subtask extract_trafic
[2024-08-06T17:38:04.080+0000] {warnings.py:112} WARNING - /home/***/.local/lib/python3.12/site-packages/***/task/task_runner/standard_task_runner.py:62: DeprecationWarning: This process (pid=7500) is multi-threaded, use of fork() may lead to deadlocks in the child.
  pid = os.fork()

[2024-08-06T17:38:04.081+0000] {standard_task_runner.py:64} INFO - Started process 7521 to run task
[2024-08-06T17:38:04.293+0000] {task_command.py:426} INFO - Running <TaskInstance: motower_daily_prod.extract_trafic scheduled__2024-03-23T06:00:00+00:00 [running]> on host 13681191f11c
[2024-08-06T17:38:04.548+0000] {taskinstance.py:2648} INFO - Exporting env vars: AIRFLOW_CTX_DAG_EMAIL='richmond.kongo@orange.com,assane.diop@orange.com,cyrille1.danho@orange.com,mohamed2.sylla@orange.com,amadou.diomande@orange.com,Jonas.kouame@orange.com,armand.kablan@orange.com,anicet.azombade@orange.com,etienne.kouadio@orange.com,bertine.kouakou@orange.com,florentine.kouakou@orange.com,ange.phaceli@orange.com,soulegame.soro@orange.com,innocent.yengo@orange.com' AIRFLOW_CTX_DAG_OWNER='***' AIRFLOW_CTX_DAG_ID='motower_daily_prod' AIRFLOW_CTX_TASK_ID='extract_trafic' AIRFLOW_CTX_EXECUTION_DATE='2024-03-23T06:00:00+00:00' AIRFLOW_CTX_TRY_NUMBER='1' AIRFLOW_CTX_DAG_RUN_ID='scheduled__2024-03-23T06:00:00+00:00'
[2024-08-06T17:38:04.554+0000] {taskinstance.py:430} INFO - ::endgroup::
[2024-08-06T17:38:04.599+0000] {extract.py:126} INFO - Getting data of the table ks_daily_tdb_radio_drsi 
[2024-08-06T17:38:04.600+0000] {extract.py:127} INFO - where date is 2024-03-22
[2024-08-06T17:38:04.609+0000] {extract.py:102} INFO - get data to date 2024-03-22
[2024-08-06T17:38:04.621+0000] {warnings.py:112} WARNING - /opt/***/dags/gps/common/extract.py:103: UserWarning: pandas only supports SQLAlchemy connectable (engine/connection) or database string URI or sqlite3 DBAPI2 connection. Other DBAPI2 objects are not tested. Please consider using SQLAlchemy.
  df_ = pd.read_sql_query(sql_query, conn, params=params)

[2024-08-06T17:38:05.038+0000] {rwminio.py:19} INFO - start to save data
[2024-08-06T17:38:05.293+0000] {rwminio.py:34} INFO - data in minio ok
[2024-08-06T17:38:05.300+0000] {python.py:237} INFO - Done. Returned value was: None
[2024-08-06T17:38:05.302+0000] {taskinstance.py:441} INFO - ::group::Post task execution logs
[2024-08-06T17:38:05.325+0000] {taskinstance.py:1206} INFO - Marking task as SUCCESS. dag_id=motower_daily_prod, task_id=extract_trafic, run_id=scheduled__2024-03-23T06:00:00+00:00, execution_date=20240323T060000, start_date=20240806T173803, end_date=20240806T173805
[2024-08-06T17:38:05.367+0000] {local_task_job_runner.py:243} INFO - Task exited with return code 0
[2024-08-06T17:38:05.386+0000] {local_task_job_runner.py:222} INFO - ::endgroup::
[2024-08-06T18:25:43.360+0000] {local_task_job_runner.py:120} INFO - ::group::Pre task execution logs
[2024-08-06T18:25:43.494+0000] {taskinstance.py:2076} INFO - Dependencies all met for dep_context=non-requeueable deps ti=<TaskInstance: motower_daily_prod.extract_trafic scheduled__2024-03-23T06:00:00+00:00 [queued]>
[2024-08-06T18:25:43.526+0000] {taskinstance.py:2076} INFO - Dependencies all met for dep_context=requeueable deps ti=<TaskInstance: motower_daily_prod.extract_trafic scheduled__2024-03-23T06:00:00+00:00 [queued]>
[2024-08-06T18:25:43.527+0000] {taskinstance.py:2306} INFO - Starting attempt 1 of 1
[2024-08-06T18:25:43.565+0000] {taskinstance.py:2330} INFO - Executing <Task(PythonOperator): extract_trafic> on 2024-03-23 06:00:00+00:00
[2024-08-06T18:25:43.582+0000] {warnings.py:112} WARNING - /home/***/.local/lib/python3.12/site-packages/***/task/task_runner/standard_task_runner.py:62: DeprecationWarning: This process (pid=11360) is multi-threaded, use of fork() may lead to deadlocks in the child.
  pid = os.fork()

[2024-08-06T18:25:43.584+0000] {standard_task_runner.py:64} INFO - Started process 11375 to run task
[2024-08-06T18:25:43.592+0000] {standard_task_runner.py:90} INFO - Running: ['***', 'tasks', 'run', 'motower_daily_prod', 'extract_trafic', 'scheduled__2024-03-23T06:00:00+00:00', '--job-id', '3140', '--raw', '--subdir', 'DAGS_FOLDER/gps/custom_dags/motower_daily.py', '--cfg-path', '/tmp/tmp_w2s7fbu']
[2024-08-06T18:25:43.597+0000] {standard_task_runner.py:91} INFO - Job 3140: Subtask extract_trafic
[2024-08-06T18:25:43.761+0000] {task_command.py:426} INFO - Running <TaskInstance: motower_daily_prod.extract_trafic scheduled__2024-03-23T06:00:00+00:00 [running]> on host 13681191f11c
[2024-08-06T18:25:44.098+0000] {taskinstance.py:2648} INFO - Exporting env vars: AIRFLOW_CTX_DAG_EMAIL='richmond.kongo@orange.com,assane.diop@orange.com,cyrille1.danho@orange.com,mohamed2.sylla@orange.com,amadou.diomande@orange.com,Jonas.kouame@orange.com,armand.kablan@orange.com,anicet.azombade@orange.com,etienne.kouadio@orange.com,bertine.kouakou@orange.com,florentine.kouakou@orange.com,ange.phaceli@orange.com,soulegame.soro@orange.com,innocent.yengo@orange.com' AIRFLOW_CTX_DAG_OWNER='***' AIRFLOW_CTX_DAG_ID='motower_daily_prod' AIRFLOW_CTX_TASK_ID='extract_trafic' AIRFLOW_CTX_EXECUTION_DATE='2024-03-23T06:00:00+00:00' AIRFLOW_CTX_TRY_NUMBER='1' AIRFLOW_CTX_DAG_RUN_ID='scheduled__2024-03-23T06:00:00+00:00'
[2024-08-06T18:25:44.101+0000] {taskinstance.py:430} INFO - ::endgroup::
[2024-08-06T18:25:44.144+0000] {extract.py:126} INFO - Getting data of the table ks_daily_tdb_radio_drsi 
[2024-08-06T18:25:44.144+0000] {extract.py:127} INFO - where date is 2024-03-22
[2024-08-06T18:25:44.145+0000] {extract.py:102} INFO - get data to date 2024-03-22
[2024-08-06T18:25:44.163+0000] {warnings.py:112} WARNING - /opt/***/dags/gps/common/extract.py:103: UserWarning: pandas only supports SQLAlchemy connectable (engine/connection) or database string URI or sqlite3 DBAPI2 connection. Other DBAPI2 objects are not tested. Please consider using SQLAlchemy.
  df_ = pd.read_sql_query(sql_query, conn, params=params)

[2024-08-06T18:25:45.498+0000] {rwminio.py:19} INFO - start to save data
[2024-08-06T18:25:45.700+0000] {rwminio.py:34} INFO - data in minio ok
[2024-08-06T18:25:45.707+0000] {python.py:237} INFO - Done. Returned value was: None
[2024-08-06T18:25:45.709+0000] {taskinstance.py:441} INFO - ::group::Post task execution logs
[2024-08-06T18:25:45.728+0000] {taskinstance.py:1206} INFO - Marking task as SUCCESS. dag_id=motower_daily_prod, task_id=extract_trafic, run_id=scheduled__2024-03-23T06:00:00+00:00, execution_date=20240323T060000, start_date=20240806T182543, end_date=20240806T182545
[2024-08-06T18:25:45.776+0000] {local_task_job_runner.py:243} INFO - Task exited with return code 0
[2024-08-06T18:25:45.790+0000] {local_task_job_runner.py:222} INFO - ::endgroup::
