[2024-08-06T17:08:08.127+0000] {local_task_job_runner.py:120} INFO - ::group::Pre task execution logs
[2024-08-06T17:08:08.249+0000] {taskinstance.py:2076} INFO - Dependencies all met for dep_context=non-requeueable deps ti=<TaskInstance: motower_daily_prod.sensor_congestion scheduled__2024-03-31T06:00:00+00:00 [queued]>
[2024-08-06T17:08:08.283+0000] {taskinstance.py:2076} INFO - Dependencies all met for dep_context=requeueable deps ti=<TaskInstance: motower_daily_prod.sensor_congestion scheduled__2024-03-31T06:00:00+00:00 [queued]>
[2024-08-06T17:08:08.287+0000] {taskinstance.py:2306} INFO - Starting attempt 1 of 1
[2024-08-06T17:08:08.337+0000] {taskinstance.py:2330} INFO - Executing <Task(PythonSensor): sensor_congestion> on 2024-03-31 06:00:00+00:00
[2024-08-06T17:08:08.389+0000] {warnings.py:112} WARNING - /home/***/.local/lib/python3.12/site-packages/***/task/task_runner/standard_task_runner.py:62: DeprecationWarning: This process (pid=3527) is multi-threaded, use of fork() may lead to deadlocks in the child.
  pid = os.fork()

[2024-08-06T17:08:08.392+0000] {standard_task_runner.py:64} INFO - Started process 3542 to run task
[2024-08-06T17:08:08.403+0000] {standard_task_runner.py:90} INFO - Running: ['***', 'tasks', 'run', 'motower_daily_prod', 'sensor_congestion', 'scheduled__2024-03-31T06:00:00+00:00', '--job-id', '839', '--raw', '--subdir', 'DAGS_FOLDER/gps/custom_dags/motower_daily.py', '--cfg-path', '/tmp/tmpx4ljtlav']
[2024-08-06T17:08:08.416+0000] {standard_task_runner.py:91} INFO - Job 839: Subtask sensor_congestion
[2024-08-06T17:08:08.572+0000] {task_command.py:426} INFO - Running <TaskInstance: motower_daily_prod.sensor_congestion scheduled__2024-03-31T06:00:00+00:00 [running]> on host 13681191f11c
[2024-08-06T17:08:08.899+0000] {taskinstance.py:2648} INFO - Exporting env vars: AIRFLOW_CTX_DAG_EMAIL='richmond.kongo@orange.com,assane.diop@orange.com,cyrille1.danho@orange.com,mohamed2.sylla@orange.com,amadou.diomande@orange.com,Jonas.kouame@orange.com,armand.kablan@orange.com,anicet.azombade@orange.com,etienne.kouadio@orange.com,bertine.kouakou@orange.com,florentine.kouakou@orange.com,ange.phaceli@orange.com,soulegame.soro@orange.com,innocent.yengo@orange.com' AIRFLOW_CTX_DAG_OWNER='***' AIRFLOW_CTX_DAG_ID='motower_daily_prod' AIRFLOW_CTX_TASK_ID='sensor_congestion' AIRFLOW_CTX_EXECUTION_DATE='2024-03-31T06:00:00+00:00' AIRFLOW_CTX_TRY_NUMBER='1' AIRFLOW_CTX_DAG_RUN_ID='scheduled__2024-03-31T06:00:00+00:00'
[2024-08-06T17:08:08.901+0000] {taskinstance.py:430} INFO - ::endgroup::
[2024-08-06T17:08:08.942+0000] {python.py:75} INFO - Poking callable: <function check_data_in_table at 0x701c42976de0>
[2024-08-06T17:08:08.958+0000] {extract.py:126} INFO - Getting data of the table ks_hebdo_tdb_radio_drsi 
[2024-08-06T17:08:08.959+0000] {extract.py:127} INFO - where date is 2024-03-30
[2024-08-06T17:08:08.961+0000] {extract.py:98} INFO - get data to date 13 and year 2024
[2024-08-06T17:08:08.985+0000] {warnings.py:112} WARNING - /opt/***/dags/gps/common/extract.py:99: UserWarning: pandas only supports SQLAlchemy connectable (engine/connection) or database string URI or sqlite3 DBAPI2 connection. Other DBAPI2 objects are not tested. Please consider using SQLAlchemy.
  df_ = pd.read_sql_query(sql_query, conn, params=params)

[2024-08-06T17:08:09.265+0000] {base.py:294} INFO - Success criteria met. Exiting.
[2024-08-06T17:08:09.265+0000] {taskinstance.py:441} INFO - ::group::Post task execution logs
[2024-08-06T17:08:09.282+0000] {taskinstance.py:1206} INFO - Marking task as SUCCESS. dag_id=motower_daily_prod, task_id=sensor_congestion, run_id=scheduled__2024-03-31T06:00:00+00:00, execution_date=20240331T060000, start_date=20240806T170808, end_date=20240806T170809
[2024-08-06T17:08:09.341+0000] {local_task_job_runner.py:243} INFO - Task exited with return code 0
[2024-08-06T17:08:09.408+0000] {taskinstance.py:3503} INFO - 0 downstream tasks scheduled from follow-on schedule check
[2024-08-06T17:08:09.416+0000] {local_task_job_runner.py:222} INFO - ::endgroup::
[2024-08-06T17:38:45.686+0000] {local_task_job_runner.py:120} INFO - ::group::Pre task execution logs
[2024-08-06T17:38:45.850+0000] {taskinstance.py:2076} INFO - Dependencies all met for dep_context=non-requeueable deps ti=<TaskInstance: motower_daily_prod.sensor_congestion scheduled__2024-03-31T06:00:00+00:00 [queued]>
[2024-08-06T17:38:45.897+0000] {taskinstance.py:2076} INFO - Dependencies all met for dep_context=requeueable deps ti=<TaskInstance: motower_daily_prod.sensor_congestion scheduled__2024-03-31T06:00:00+00:00 [queued]>
[2024-08-06T17:38:45.898+0000] {taskinstance.py:2306} INFO - Starting attempt 1 of 1
[2024-08-06T17:38:45.945+0000] {taskinstance.py:2330} INFO - Executing <Task(PythonSensor): sensor_congestion> on 2024-03-31 06:00:00+00:00
[2024-08-06T17:38:45.990+0000] {warnings.py:112} WARNING - /home/***/.local/lib/python3.12/site-packages/***/task/task_runner/standard_task_runner.py:62: DeprecationWarning: This process (pid=7672) is multi-threaded, use of fork() may lead to deadlocks in the child.
  pid = os.fork()

[2024-08-06T17:38:45.994+0000] {standard_task_runner.py:90} INFO - Running: ['***', 'tasks', 'run', 'motower_daily_prod', 'sensor_congestion', 'scheduled__2024-03-31T06:00:00+00:00', '--job-id', '2100', '--raw', '--subdir', 'DAGS_FOLDER/gps/custom_dags/motower_daily.py', '--cfg-path', '/tmp/tmptakmsu19']
[2024-08-06T17:38:46.000+0000] {standard_task_runner.py:91} INFO - Job 2100: Subtask sensor_congestion
[2024-08-06T17:38:45.999+0000] {standard_task_runner.py:64} INFO - Started process 7691 to run task
[2024-08-06T17:38:46.207+0000] {task_command.py:426} INFO - Running <TaskInstance: motower_daily_prod.sensor_congestion scheduled__2024-03-31T06:00:00+00:00 [running]> on host 13681191f11c
[2024-08-06T17:38:46.631+0000] {taskinstance.py:2648} INFO - Exporting env vars: AIRFLOW_CTX_DAG_EMAIL='richmond.kongo@orange.com,assane.diop@orange.com,cyrille1.danho@orange.com,mohamed2.sylla@orange.com,amadou.diomande@orange.com,Jonas.kouame@orange.com,armand.kablan@orange.com,anicet.azombade@orange.com,etienne.kouadio@orange.com,bertine.kouakou@orange.com,florentine.kouakou@orange.com,ange.phaceli@orange.com,soulegame.soro@orange.com,innocent.yengo@orange.com' AIRFLOW_CTX_DAG_OWNER='***' AIRFLOW_CTX_DAG_ID='motower_daily_prod' AIRFLOW_CTX_TASK_ID='sensor_congestion' AIRFLOW_CTX_EXECUTION_DATE='2024-03-31T06:00:00+00:00' AIRFLOW_CTX_TRY_NUMBER='1' AIRFLOW_CTX_DAG_RUN_ID='scheduled__2024-03-31T06:00:00+00:00'
[2024-08-06T17:38:46.633+0000] {taskinstance.py:430} INFO - ::endgroup::
[2024-08-06T17:38:46.699+0000] {python.py:75} INFO - Poking callable: <function check_data_in_table at 0x701c4295b060>
[2024-08-06T17:38:46.709+0000] {extract.py:126} INFO - Getting data of the table ks_hebdo_tdb_radio_drsi 
[2024-08-06T17:38:46.709+0000] {extract.py:127} INFO - where date is 2024-03-30
[2024-08-06T17:38:46.710+0000] {extract.py:98} INFO - get data to date 13 and year 2024
[2024-08-06T17:38:46.738+0000] {warnings.py:112} WARNING - /opt/***/dags/gps/common/extract.py:99: UserWarning: pandas only supports SQLAlchemy connectable (engine/connection) or database string URI or sqlite3 DBAPI2 connection. Other DBAPI2 objects are not tested. Please consider using SQLAlchemy.
  df_ = pd.read_sql_query(sql_query, conn, params=params)

[2024-08-06T17:38:47.192+0000] {base.py:294} INFO - Success criteria met. Exiting.
[2024-08-06T17:38:47.193+0000] {taskinstance.py:441} INFO - ::group::Post task execution logs
[2024-08-06T17:38:47.221+0000] {taskinstance.py:1206} INFO - Marking task as SUCCESS. dag_id=motower_daily_prod, task_id=sensor_congestion, run_id=scheduled__2024-03-31T06:00:00+00:00, execution_date=20240331T060000, start_date=20240806T173845, end_date=20240806T173847
[2024-08-06T17:38:47.310+0000] {local_task_job_runner.py:243} INFO - Task exited with return code 0
[2024-08-06T17:38:47.462+0000] {taskinstance.py:3503} INFO - 0 downstream tasks scheduled from follow-on schedule check
[2024-08-06T17:38:47.485+0000] {local_task_job_runner.py:222} INFO - ::endgroup::
[2024-08-06T18:26:17.520+0000] {local_task_job_runner.py:120} INFO - ::group::Pre task execution logs
[2024-08-06T18:26:17.654+0000] {taskinstance.py:2076} INFO - Dependencies all met for dep_context=non-requeueable deps ti=<TaskInstance: motower_daily_prod.sensor_congestion scheduled__2024-03-31T06:00:00+00:00 [queued]>
[2024-08-06T18:26:17.679+0000] {taskinstance.py:2076} INFO - Dependencies all met for dep_context=requeueable deps ti=<TaskInstance: motower_daily_prod.sensor_congestion scheduled__2024-03-31T06:00:00+00:00 [queued]>
[2024-08-06T18:26:17.679+0000] {taskinstance.py:2306} INFO - Starting attempt 1 of 1
[2024-08-06T18:26:17.717+0000] {taskinstance.py:2330} INFO - Executing <Task(PythonSensor): sensor_congestion> on 2024-03-31 06:00:00+00:00
[2024-08-06T18:26:17.778+0000] {warnings.py:112} WARNING - /home/***/.local/lib/python3.12/site-packages/***/task/task_runner/standard_task_runner.py:62: DeprecationWarning: This process (pid=11520) is multi-threaded, use of fork() may lead to deadlocks in the child.
  pid = os.fork()

[2024-08-06T18:26:17.780+0000] {standard_task_runner.py:64} INFO - Started process 11534 to run task
[2024-08-06T18:26:17.803+0000] {standard_task_runner.py:90} INFO - Running: ['***', 'tasks', 'run', 'motower_daily_prod', 'sensor_congestion', 'scheduled__2024-03-31T06:00:00+00:00', '--job-id', '3192', '--raw', '--subdir', 'DAGS_FOLDER/gps/custom_dags/motower_daily.py', '--cfg-path', '/tmp/tmpewwyuhn4']
[2024-08-06T18:26:17.819+0000] {standard_task_runner.py:91} INFO - Job 3192: Subtask sensor_congestion
[2024-08-06T18:26:17.982+0000] {task_command.py:426} INFO - Running <TaskInstance: motower_daily_prod.sensor_congestion scheduled__2024-03-31T06:00:00+00:00 [running]> on host 13681191f11c
[2024-08-06T18:26:18.299+0000] {taskinstance.py:2648} INFO - Exporting env vars: AIRFLOW_CTX_DAG_EMAIL='richmond.kongo@orange.com,assane.diop@orange.com,cyrille1.danho@orange.com,mohamed2.sylla@orange.com,amadou.diomande@orange.com,Jonas.kouame@orange.com,armand.kablan@orange.com,anicet.azombade@orange.com,etienne.kouadio@orange.com,bertine.kouakou@orange.com,florentine.kouakou@orange.com,ange.phaceli@orange.com,soulegame.soro@orange.com,innocent.yengo@orange.com' AIRFLOW_CTX_DAG_OWNER='***' AIRFLOW_CTX_DAG_ID='motower_daily_prod' AIRFLOW_CTX_TASK_ID='sensor_congestion' AIRFLOW_CTX_EXECUTION_DATE='2024-03-31T06:00:00+00:00' AIRFLOW_CTX_TRY_NUMBER='1' AIRFLOW_CTX_DAG_RUN_ID='scheduled__2024-03-31T06:00:00+00:00'
[2024-08-06T18:26:18.301+0000] {taskinstance.py:430} INFO - ::endgroup::
[2024-08-06T18:26:18.332+0000] {python.py:75} INFO - Poking callable: <function check_data_in_table at 0x701c26e03ba0>
[2024-08-06T18:26:18.349+0000] {extract.py:126} INFO - Getting data of the table ks_hebdo_tdb_radio_drsi 
[2024-08-06T18:26:18.351+0000] {extract.py:127} INFO - where date is 2024-03-30
[2024-08-06T18:26:18.352+0000] {extract.py:98} INFO - get data to date 13 and year 2024
[2024-08-06T18:26:18.364+0000] {warnings.py:112} WARNING - /opt/***/dags/gps/common/extract.py:99: UserWarning: pandas only supports SQLAlchemy connectable (engine/connection) or database string URI or sqlite3 DBAPI2 connection. Other DBAPI2 objects are not tested. Please consider using SQLAlchemy.
  df_ = pd.read_sql_query(sql_query, conn, params=params)

[2024-08-06T18:26:18.631+0000] {base.py:294} INFO - Success criteria met. Exiting.
[2024-08-06T18:26:18.632+0000] {taskinstance.py:441} INFO - ::group::Post task execution logs
[2024-08-06T18:26:18.655+0000] {taskinstance.py:1206} INFO - Marking task as SUCCESS. dag_id=motower_daily_prod, task_id=sensor_congestion, run_id=scheduled__2024-03-31T06:00:00+00:00, execution_date=20240331T060000, start_date=20240806T182617, end_date=20240806T182618
[2024-08-06T18:26:18.691+0000] {local_task_job_runner.py:243} INFO - Task exited with return code 0
[2024-08-06T18:26:18.779+0000] {taskinstance.py:3503} INFO - 0 downstream tasks scheduled from follow-on schedule check
[2024-08-06T18:26:18.788+0000] {local_task_job_runner.py:222} INFO - ::endgroup::
