[2024-08-06T17:03:00.965+0000] {local_task_job_runner.py:120} INFO - ::group::Pre task execution logs
[2024-08-06T17:03:01.098+0000] {taskinstance.py:2076} INFO - Dependencies all met for dep_context=non-requeueable deps ti=<TaskInstance: motower_daily_prod.sensor_trafic scheduled__2024-02-24T06:00:00+00:00 [queued]>
[2024-08-06T17:03:01.123+0000] {taskinstance.py:2076} INFO - Dependencies all met for dep_context=requeueable deps ti=<TaskInstance: motower_daily_prod.sensor_trafic scheduled__2024-02-24T06:00:00+00:00 [queued]>
[2024-08-06T17:03:01.124+0000] {taskinstance.py:2306} INFO - Starting attempt 1 of 1
[2024-08-06T17:03:01.163+0000] {taskinstance.py:2330} INFO - Executing <Task(PythonSensor): sensor_trafic> on 2024-02-24 06:00:00+00:00
[2024-08-06T17:03:01.179+0000] {warnings.py:112} WARNING - /home/***/.local/lib/python3.12/site-packages/***/task/task_runner/standard_task_runner.py:62: DeprecationWarning: This process (pid=2493) is multi-threaded, use of fork() may lead to deadlocks in the child.
  pid = os.fork()

[2024-08-06T17:03:01.181+0000] {standard_task_runner.py:64} INFO - Started process 2509 to run task
[2024-08-06T17:03:01.191+0000] {standard_task_runner.py:90} INFO - Running: ['***', 'tasks', 'run', 'motower_daily_prod', 'sensor_trafic', 'scheduled__2024-02-24T06:00:00+00:00', '--job-id', '513', '--raw', '--subdir', 'DAGS_FOLDER/gps/custom_dags/motower_daily.py', '--cfg-path', '/tmp/tmpwy0cqj_y']
[2024-08-06T17:03:01.195+0000] {standard_task_runner.py:91} INFO - Job 513: Subtask sensor_trafic
[2024-08-06T17:03:01.347+0000] {task_command.py:426} INFO - Running <TaskInstance: motower_daily_prod.sensor_trafic scheduled__2024-02-24T06:00:00+00:00 [running]> on host 13681191f11c
[2024-08-06T17:03:01.588+0000] {taskinstance.py:2648} INFO - Exporting env vars: AIRFLOW_CTX_DAG_EMAIL='richmond.kongo@orange.com,assane.diop@orange.com,cyrille1.danho@orange.com,mohamed2.sylla@orange.com,amadou.diomande@orange.com,Jonas.kouame@orange.com,armand.kablan@orange.com,anicet.azombade@orange.com,etienne.kouadio@orange.com,bertine.kouakou@orange.com,florentine.kouakou@orange.com,ange.phaceli@orange.com,soulegame.soro@orange.com,innocent.yengo@orange.com' AIRFLOW_CTX_DAG_OWNER='***' AIRFLOW_CTX_DAG_ID='motower_daily_prod' AIRFLOW_CTX_TASK_ID='sensor_trafic' AIRFLOW_CTX_EXECUTION_DATE='2024-02-24T06:00:00+00:00' AIRFLOW_CTX_TRY_NUMBER='1' AIRFLOW_CTX_DAG_RUN_ID='scheduled__2024-02-24T06:00:00+00:00'
[2024-08-06T17:03:01.591+0000] {taskinstance.py:430} INFO - ::endgroup::
[2024-08-06T17:03:01.626+0000] {python.py:75} INFO - Poking callable: <function check_data_in_table at 0x701c270ebce0>
[2024-08-06T17:03:01.640+0000] {extract.py:126} INFO - Getting data of the table ks_daily_tdb_radio_drsi 
[2024-08-06T17:03:01.641+0000] {extract.py:127} INFO - where date is 2024-02-23
[2024-08-06T17:03:01.642+0000] {extract.py:102} INFO - get data to date 2024-02-23
[2024-08-06T17:03:01.661+0000] {warnings.py:112} WARNING - /opt/***/dags/gps/common/extract.py:103: UserWarning: pandas only supports SQLAlchemy connectable (engine/connection) or database string URI or sqlite3 DBAPI2 connection. Other DBAPI2 objects are not tested. Please consider using SQLAlchemy.
  df_ = pd.read_sql_query(sql_query, conn, params=params)

[2024-08-06T17:03:02.158+0000] {base.py:294} INFO - Success criteria met. Exiting.
[2024-08-06T17:03:02.159+0000] {taskinstance.py:441} INFO - ::group::Post task execution logs
[2024-08-06T17:03:02.181+0000] {taskinstance.py:1206} INFO - Marking task as SUCCESS. dag_id=motower_daily_prod, task_id=sensor_trafic, run_id=scheduled__2024-02-24T06:00:00+00:00, execution_date=20240224T060000, start_date=20240806T170301, end_date=20240806T170302
[2024-08-06T17:03:02.262+0000] {local_task_job_runner.py:243} INFO - Task exited with return code 0
[2024-08-06T17:03:02.289+0000] {local_task_job_runner.py:222} INFO - ::endgroup::
[2024-08-06T17:33:46.629+0000] {local_task_job_runner.py:120} INFO - ::group::Pre task execution logs
[2024-08-06T17:33:46.705+0000] {taskinstance.py:2076} INFO - Dependencies all met for dep_context=non-requeueable deps ti=<TaskInstance: motower_daily_prod.sensor_trafic scheduled__2024-02-24T06:00:00+00:00 [queued]>
[2024-08-06T17:33:46.726+0000] {taskinstance.py:2076} INFO - Dependencies all met for dep_context=requeueable deps ti=<TaskInstance: motower_daily_prod.sensor_trafic scheduled__2024-02-24T06:00:00+00:00 [queued]>
[2024-08-06T17:33:46.727+0000] {taskinstance.py:2306} INFO - Starting attempt 1 of 1
[2024-08-06T17:33:47.164+0000] {taskinstance.py:2330} INFO - Executing <Task(PythonSensor): sensor_trafic> on 2024-02-24 06:00:00+00:00
[2024-08-06T17:33:47.186+0000] {warnings.py:112} WARNING - /home/***/.local/lib/python3.12/site-packages/***/task/task_runner/standard_task_runner.py:62: DeprecationWarning: This process (pid=6660) is multi-threaded, use of fork() may lead to deadlocks in the child.
  pid = os.fork()

[2024-08-06T17:33:47.189+0000] {standard_task_runner.py:64} INFO - Started process 6676 to run task
[2024-08-06T17:33:47.197+0000] {standard_task_runner.py:90} INFO - Running: ['***', 'tasks', 'run', 'motower_daily_prod', 'sensor_trafic', 'scheduled__2024-02-24T06:00:00+00:00', '--job-id', '1782', '--raw', '--subdir', 'DAGS_FOLDER/gps/custom_dags/motower_daily.py', '--cfg-path', '/tmp/tmpz7_ai2fv']
[2024-08-06T17:33:47.200+0000] {standard_task_runner.py:91} INFO - Job 1782: Subtask sensor_trafic
[2024-08-06T17:33:47.357+0000] {task_command.py:426} INFO - Running <TaskInstance: motower_daily_prod.sensor_trafic scheduled__2024-02-24T06:00:00+00:00 [running]> on host 13681191f11c
[2024-08-06T17:33:47.727+0000] {taskinstance.py:2648} INFO - Exporting env vars: AIRFLOW_CTX_DAG_EMAIL='richmond.kongo@orange.com,assane.diop@orange.com,cyrille1.danho@orange.com,mohamed2.sylla@orange.com,amadou.diomande@orange.com,Jonas.kouame@orange.com,armand.kablan@orange.com,anicet.azombade@orange.com,etienne.kouadio@orange.com,bertine.kouakou@orange.com,florentine.kouakou@orange.com,ange.phaceli@orange.com,soulegame.soro@orange.com,innocent.yengo@orange.com' AIRFLOW_CTX_DAG_OWNER='***' AIRFLOW_CTX_DAG_ID='motower_daily_prod' AIRFLOW_CTX_TASK_ID='sensor_trafic' AIRFLOW_CTX_EXECUTION_DATE='2024-02-24T06:00:00+00:00' AIRFLOW_CTX_TRY_NUMBER='1' AIRFLOW_CTX_DAG_RUN_ID='scheduled__2024-02-24T06:00:00+00:00'
[2024-08-06T17:33:47.729+0000] {taskinstance.py:430} INFO - ::endgroup::
[2024-08-06T17:33:47.850+0000] {python.py:75} INFO - Poking callable: <function check_data_in_table at 0x701c429f3060>
[2024-08-06T17:33:47.891+0000] {extract.py:126} INFO - Getting data of the table ks_daily_tdb_radio_drsi 
[2024-08-06T17:33:47.891+0000] {extract.py:127} INFO - where date is 2024-02-23
[2024-08-06T17:33:47.892+0000] {extract.py:102} INFO - get data to date 2024-02-23
[2024-08-06T17:33:47.907+0000] {warnings.py:112} WARNING - /opt/***/dags/gps/common/extract.py:103: UserWarning: pandas only supports SQLAlchemy connectable (engine/connection) or database string URI or sqlite3 DBAPI2 connection. Other DBAPI2 objects are not tested. Please consider using SQLAlchemy.
  df_ = pd.read_sql_query(sql_query, conn, params=params)

[2024-08-06T17:33:48.349+0000] {base.py:294} INFO - Success criteria met. Exiting.
[2024-08-06T17:33:48.349+0000] {taskinstance.py:441} INFO - ::group::Post task execution logs
[2024-08-06T17:33:48.370+0000] {taskinstance.py:1206} INFO - Marking task as SUCCESS. dag_id=motower_daily_prod, task_id=sensor_trafic, run_id=scheduled__2024-02-24T06:00:00+00:00, execution_date=20240224T060000, start_date=20240806T173346, end_date=20240806T173348
[2024-08-06T17:33:48.426+0000] {local_task_job_runner.py:243} INFO - Task exited with return code 0
[2024-08-06T17:33:48.452+0000] {local_task_job_runner.py:222} INFO - ::endgroup::
[2024-08-06T18:21:38.334+0000] {local_task_job_runner.py:120} INFO - ::group::Pre task execution logs
[2024-08-06T18:21:38.459+0000] {taskinstance.py:2076} INFO - Dependencies all met for dep_context=non-requeueable deps ti=<TaskInstance: motower_daily_prod.sensor_trafic scheduled__2024-02-24T06:00:00+00:00 [queued]>
[2024-08-06T18:21:38.484+0000] {taskinstance.py:2076} INFO - Dependencies all met for dep_context=requeueable deps ti=<TaskInstance: motower_daily_prod.sensor_trafic scheduled__2024-02-24T06:00:00+00:00 [queued]>
[2024-08-06T18:21:38.485+0000] {taskinstance.py:2306} INFO - Starting attempt 1 of 1
[2024-08-06T18:21:38.521+0000] {taskinstance.py:2330} INFO - Executing <Task(PythonSensor): sensor_trafic> on 2024-02-24 06:00:00+00:00
[2024-08-06T18:21:38.535+0000] {warnings.py:112} WARNING - /home/***/.local/lib/python3.12/site-packages/***/task/task_runner/standard_task_runner.py:62: DeprecationWarning: This process (pid=10543) is multi-threaded, use of fork() may lead to deadlocks in the child.
  pid = os.fork()

[2024-08-06T18:21:38.537+0000] {standard_task_runner.py:64} INFO - Started process 10559 to run task
[2024-08-06T18:21:38.550+0000] {standard_task_runner.py:90} INFO - Running: ['***', 'tasks', 'run', 'motower_daily_prod', 'sensor_trafic', 'scheduled__2024-02-24T06:00:00+00:00', '--job-id', '2883', '--raw', '--subdir', 'DAGS_FOLDER/gps/custom_dags/motower_daily.py', '--cfg-path', '/tmp/tmpg53k3oh7']
[2024-08-06T18:21:38.562+0000] {standard_task_runner.py:91} INFO - Job 2883: Subtask sensor_trafic
[2024-08-06T18:21:38.724+0000] {task_command.py:426} INFO - Running <TaskInstance: motower_daily_prod.sensor_trafic scheduled__2024-02-24T06:00:00+00:00 [running]> on host 13681191f11c
[2024-08-06T18:21:39.118+0000] {taskinstance.py:2648} INFO - Exporting env vars: AIRFLOW_CTX_DAG_EMAIL='richmond.kongo@orange.com,assane.diop@orange.com,cyrille1.danho@orange.com,mohamed2.sylla@orange.com,amadou.diomande@orange.com,Jonas.kouame@orange.com,armand.kablan@orange.com,anicet.azombade@orange.com,etienne.kouadio@orange.com,bertine.kouakou@orange.com,florentine.kouakou@orange.com,ange.phaceli@orange.com,soulegame.soro@orange.com,innocent.yengo@orange.com' AIRFLOW_CTX_DAG_OWNER='***' AIRFLOW_CTX_DAG_ID='motower_daily_prod' AIRFLOW_CTX_TASK_ID='sensor_trafic' AIRFLOW_CTX_EXECUTION_DATE='2024-02-24T06:00:00+00:00' AIRFLOW_CTX_TRY_NUMBER='1' AIRFLOW_CTX_DAG_RUN_ID='scheduled__2024-02-24T06:00:00+00:00'
[2024-08-06T18:21:39.120+0000] {taskinstance.py:430} INFO - ::endgroup::
[2024-08-06T18:21:39.238+0000] {python.py:75} INFO - Poking callable: <function check_data_in_table at 0x701c4295b240>
[2024-08-06T18:21:39.253+0000] {extract.py:126} INFO - Getting data of the table ks_daily_tdb_radio_drsi 
[2024-08-06T18:21:39.254+0000] {extract.py:127} INFO - where date is 2024-02-23
[2024-08-06T18:21:39.255+0000] {extract.py:102} INFO - get data to date 2024-02-23
[2024-08-06T18:21:39.265+0000] {warnings.py:112} WARNING - /opt/***/dags/gps/common/extract.py:103: UserWarning: pandas only supports SQLAlchemy connectable (engine/connection) or database string URI or sqlite3 DBAPI2 connection. Other DBAPI2 objects are not tested. Please consider using SQLAlchemy.
  df_ = pd.read_sql_query(sql_query, conn, params=params)

[2024-08-06T18:21:40.705+0000] {base.py:294} INFO - Success criteria met. Exiting.
[2024-08-06T18:21:40.705+0000] {taskinstance.py:441} INFO - ::group::Post task execution logs
[2024-08-06T18:21:40.732+0000] {taskinstance.py:1206} INFO - Marking task as SUCCESS. dag_id=motower_daily_prod, task_id=sensor_trafic, run_id=scheduled__2024-02-24T06:00:00+00:00, execution_date=20240224T060000, start_date=20240806T182138, end_date=20240806T182140
[2024-08-06T18:21:40.807+0000] {local_task_job_runner.py:243} INFO - Task exited with return code 0
[2024-08-06T18:21:40.837+0000] {local_task_job_runner.py:222} INFO - ::endgroup::
