[2024-08-06T17:04:10.454+0000] {local_task_job_runner.py:120} INFO - ::group::Pre task execution logs
[2024-08-06T17:04:10.580+0000] {taskinstance.py:2076} INFO - Dependencies all met for dep_context=non-requeueable deps ti=<TaskInstance: motower_daily_prod.extracta scheduled__2024-03-02T06:00:00+00:00 [queued]>
[2024-08-06T17:04:10.620+0000] {taskinstance.py:2076} INFO - Dependencies all met for dep_context=requeueable deps ti=<TaskInstance: motower_daily_prod.extracta scheduled__2024-03-02T06:00:00+00:00 [queued]>
[2024-08-06T17:04:10.621+0000] {taskinstance.py:2306} INFO - Starting attempt 1 of 1
[2024-08-06T17:04:10.664+0000] {taskinstance.py:2330} INFO - Executing <Task(PythonOperator): extracta> on 2024-03-02 06:00:00+00:00
[2024-08-06T17:04:10.695+0000] {warnings.py:112} WARNING - /home/***/.local/lib/python3.12/site-packages/***/task/task_runner/standard_task_runner.py:62: DeprecationWarning: This process (pid=2739) is multi-threaded, use of fork() may lead to deadlocks in the child.
  pid = os.fork()

[2024-08-06T17:04:10.698+0000] {standard_task_runner.py:64} INFO - Started process 2750 to run task
[2024-08-06T17:04:10.705+0000] {standard_task_runner.py:90} INFO - Running: ['***', 'tasks', 'run', 'motower_daily_prod', 'extracta', 'scheduled__2024-03-02T06:00:00+00:00', '--job-id', '589', '--raw', '--subdir', 'DAGS_FOLDER/gps/custom_dags/motower_daily.py', '--cfg-path', '/tmp/tmpf6awl0bf']
[2024-08-06T17:04:10.710+0000] {standard_task_runner.py:91} INFO - Job 589: Subtask extracta
[2024-08-06T17:04:10.901+0000] {task_command.py:426} INFO - Running <TaskInstance: motower_daily_prod.extracta scheduled__2024-03-02T06:00:00+00:00 [running]> on host 13681191f11c
[2024-08-06T17:04:11.296+0000] {taskinstance.py:2648} INFO - Exporting env vars: AIRFLOW_CTX_DAG_EMAIL='richmond.kongo@orange.com,assane.diop@orange.com,cyrille1.danho@orange.com,mohamed2.sylla@orange.com,amadou.diomande@orange.com,Jonas.kouame@orange.com,armand.kablan@orange.com,anicet.azombade@orange.com,etienne.kouadio@orange.com,bertine.kouakou@orange.com,florentine.kouakou@orange.com,ange.phaceli@orange.com,soulegame.soro@orange.com,innocent.yengo@orange.com' AIRFLOW_CTX_DAG_OWNER='***' AIRFLOW_CTX_DAG_ID='motower_daily_prod' AIRFLOW_CTX_TASK_ID='extracta' AIRFLOW_CTX_EXECUTION_DATE='2024-03-02T06:00:00+00:00' AIRFLOW_CTX_TRY_NUMBER='1' AIRFLOW_CTX_DAG_RUN_ID='scheduled__2024-03-02T06:00:00+00:00'
[2024-08-06T17:04:11.297+0000] {taskinstance.py:430} INFO - ::endgroup::
[2024-08-06T17:04:11.353+0000] {extract.py:126} INFO - Getting data of the table dtm_motower_gsm 
[2024-08-06T17:04:11.354+0000] {extract.py:127} INFO - where date is 2024-03-01
[2024-08-06T17:04:11.354+0000] {extract.py:102} INFO - get data to date 20240301
[2024-08-06T17:04:11.368+0000] {warnings.py:112} WARNING - /opt/***/dags/gps/common/extract.py:103: UserWarning: pandas only supports SQLAlchemy connectable (engine/connection) or database string URI or sqlite3 DBAPI2 connection. Other DBAPI2 objects are not tested. Please consider using SQLAlchemy.
  df_ = pd.read_sql_query(sql_query, conn, params=params)

[2024-08-06T17:04:11.556+0000] {rwminio.py:19} INFO - start to save data
[2024-08-06T17:04:11.752+0000] {rwminio.py:34} INFO - data in minio ok
[2024-08-06T17:04:11.752+0000] {python.py:237} INFO - Done. Returned value was: None
[2024-08-06T17:04:11.753+0000] {taskinstance.py:441} INFO - ::group::Post task execution logs
[2024-08-06T17:04:11.796+0000] {taskinstance.py:1206} INFO - Marking task as SUCCESS. dag_id=motower_daily_prod, task_id=extracta, run_id=scheduled__2024-03-02T06:00:00+00:00, execution_date=20240302T060000, start_date=20240806T170410, end_date=20240806T170411
[2024-08-06T17:04:11.874+0000] {local_task_job_runner.py:243} INFO - Task exited with return code 0
[2024-08-06T17:04:11.912+0000] {local_task_job_runner.py:222} INFO - ::endgroup::
[2024-08-06T17:34:38.206+0000] {local_task_job_runner.py:120} INFO - ::group::Pre task execution logs
[2024-08-06T17:34:38.477+0000] {taskinstance.py:2076} INFO - Dependencies all met for dep_context=non-requeueable deps ti=<TaskInstance: motower_daily_prod.extracta scheduled__2024-03-02T06:00:00+00:00 [queued]>
[2024-08-06T17:34:38.532+0000] {taskinstance.py:2076} INFO - Dependencies all met for dep_context=requeueable deps ti=<TaskInstance: motower_daily_prod.extracta scheduled__2024-03-02T06:00:00+00:00 [queued]>
[2024-08-06T17:34:38.532+0000] {taskinstance.py:2306} INFO - Starting attempt 1 of 1
[2024-08-06T17:34:38.574+0000] {taskinstance.py:2330} INFO - Executing <Task(PythonOperator): extracta> on 2024-03-02 06:00:00+00:00
[2024-08-06T17:34:38.606+0000] {warnings.py:112} WARNING - /home/***/.local/lib/python3.12/site-packages/***/task/task_runner/standard_task_runner.py:62: DeprecationWarning: This process (pid=6877) is multi-threaded, use of fork() may lead to deadlocks in the child.
  pid = os.fork()

[2024-08-06T17:34:38.611+0000] {standard_task_runner.py:64} INFO - Started process 6889 to run task
[2024-08-06T17:34:38.615+0000] {standard_task_runner.py:90} INFO - Running: ['***', 'tasks', 'run', 'motower_daily_prod', 'extracta', 'scheduled__2024-03-02T06:00:00+00:00', '--job-id', '1851', '--raw', '--subdir', 'DAGS_FOLDER/gps/custom_dags/motower_daily.py', '--cfg-path', '/tmp/tmp7jbvqd20']
[2024-08-06T17:34:38.621+0000] {standard_task_runner.py:91} INFO - Job 1851: Subtask extracta
[2024-08-06T17:34:38.767+0000] {task_command.py:426} INFO - Running <TaskInstance: motower_daily_prod.extracta scheduled__2024-03-02T06:00:00+00:00 [running]> on host 13681191f11c
[2024-08-06T17:34:39.022+0000] {taskinstance.py:2648} INFO - Exporting env vars: AIRFLOW_CTX_DAG_EMAIL='richmond.kongo@orange.com,assane.diop@orange.com,cyrille1.danho@orange.com,mohamed2.sylla@orange.com,amadou.diomande@orange.com,Jonas.kouame@orange.com,armand.kablan@orange.com,anicet.azombade@orange.com,etienne.kouadio@orange.com,bertine.kouakou@orange.com,florentine.kouakou@orange.com,ange.phaceli@orange.com,soulegame.soro@orange.com,innocent.yengo@orange.com' AIRFLOW_CTX_DAG_OWNER='***' AIRFLOW_CTX_DAG_ID='motower_daily_prod' AIRFLOW_CTX_TASK_ID='extracta' AIRFLOW_CTX_EXECUTION_DATE='2024-03-02T06:00:00+00:00' AIRFLOW_CTX_TRY_NUMBER='1' AIRFLOW_CTX_DAG_RUN_ID='scheduled__2024-03-02T06:00:00+00:00'
[2024-08-06T17:34:39.024+0000] {taskinstance.py:430} INFO - ::endgroup::
[2024-08-06T17:34:39.059+0000] {extract.py:126} INFO - Getting data of the table dtm_motower_gsm 
[2024-08-06T17:34:39.060+0000] {extract.py:127} INFO - where date is 2024-03-01
[2024-08-06T17:34:39.060+0000] {extract.py:102} INFO - get data to date 20240301
[2024-08-06T17:34:39.072+0000] {warnings.py:112} WARNING - /opt/***/dags/gps/common/extract.py:103: UserWarning: pandas only supports SQLAlchemy connectable (engine/connection) or database string URI or sqlite3 DBAPI2 connection. Other DBAPI2 objects are not tested. Please consider using SQLAlchemy.
  df_ = pd.read_sql_query(sql_query, conn, params=params)

[2024-08-06T17:34:39.186+0000] {rwminio.py:19} INFO - start to save data
[2024-08-06T17:34:39.287+0000] {rwminio.py:34} INFO - data in minio ok
[2024-08-06T17:34:39.288+0000] {python.py:237} INFO - Done. Returned value was: None
[2024-08-06T17:34:39.289+0000] {taskinstance.py:441} INFO - ::group::Post task execution logs
[2024-08-06T17:34:39.306+0000] {taskinstance.py:1206} INFO - Marking task as SUCCESS. dag_id=motower_daily_prod, task_id=extracta, run_id=scheduled__2024-03-02T06:00:00+00:00, execution_date=20240302T060000, start_date=20240806T173438, end_date=20240806T173439
[2024-08-06T17:34:39.370+0000] {local_task_job_runner.py:243} INFO - Task exited with return code 0
[2024-08-06T17:34:39.415+0000] {taskinstance.py:3503} INFO - 0 downstream tasks scheduled from follow-on schedule check
[2024-08-06T17:34:39.417+0000] {local_task_job_runner.py:222} INFO - ::endgroup::
[2024-08-06T18:22:31.349+0000] {local_task_job_runner.py:120} INFO - ::group::Pre task execution logs
[2024-08-06T18:22:31.442+0000] {taskinstance.py:2076} INFO - Dependencies all met for dep_context=non-requeueable deps ti=<TaskInstance: motower_daily_prod.extracta scheduled__2024-03-02T06:00:00+00:00 [queued]>
[2024-08-06T18:22:31.481+0000] {taskinstance.py:2076} INFO - Dependencies all met for dep_context=requeueable deps ti=<TaskInstance: motower_daily_prod.extracta scheduled__2024-03-02T06:00:00+00:00 [queued]>
[2024-08-06T18:22:31.482+0000] {taskinstance.py:2306} INFO - Starting attempt 1 of 1
[2024-08-06T18:22:31.592+0000] {taskinstance.py:2330} INFO - Executing <Task(PythonOperator): extracta> on 2024-03-02 06:00:00+00:00
[2024-08-06T18:22:31.633+0000] {warnings.py:112} WARNING - /home/***/.local/lib/python3.12/site-packages/***/task/task_runner/standard_task_runner.py:62: DeprecationWarning: This process (pid=10752) is multi-threaded, use of fork() may lead to deadlocks in the child.
  pid = os.fork()

[2024-08-06T18:22:31.649+0000] {standard_task_runner.py:64} INFO - Started process 10766 to run task
[2024-08-06T18:22:31.669+0000] {standard_task_runner.py:90} INFO - Running: ['***', 'tasks', 'run', 'motower_daily_prod', 'extracta', 'scheduled__2024-03-02T06:00:00+00:00', '--job-id', '2952', '--raw', '--subdir', 'DAGS_FOLDER/gps/custom_dags/motower_daily.py', '--cfg-path', '/tmp/tmpozqmva0e']
[2024-08-06T18:22:31.687+0000] {standard_task_runner.py:91} INFO - Job 2952: Subtask extracta
[2024-08-06T18:22:31.828+0000] {task_command.py:426} INFO - Running <TaskInstance: motower_daily_prod.extracta scheduled__2024-03-02T06:00:00+00:00 [running]> on host 13681191f11c
[2024-08-06T18:22:32.085+0000] {taskinstance.py:2648} INFO - Exporting env vars: AIRFLOW_CTX_DAG_EMAIL='richmond.kongo@orange.com,assane.diop@orange.com,cyrille1.danho@orange.com,mohamed2.sylla@orange.com,amadou.diomande@orange.com,Jonas.kouame@orange.com,armand.kablan@orange.com,anicet.azombade@orange.com,etienne.kouadio@orange.com,bertine.kouakou@orange.com,florentine.kouakou@orange.com,ange.phaceli@orange.com,soulegame.soro@orange.com,innocent.yengo@orange.com' AIRFLOW_CTX_DAG_OWNER='***' AIRFLOW_CTX_DAG_ID='motower_daily_prod' AIRFLOW_CTX_TASK_ID='extracta' AIRFLOW_CTX_EXECUTION_DATE='2024-03-02T06:00:00+00:00' AIRFLOW_CTX_TRY_NUMBER='1' AIRFLOW_CTX_DAG_RUN_ID='scheduled__2024-03-02T06:00:00+00:00'
[2024-08-06T18:22:32.087+0000] {taskinstance.py:430} INFO - ::endgroup::
[2024-08-06T18:22:32.130+0000] {extract.py:126} INFO - Getting data of the table dtm_motower_gsm 
[2024-08-06T18:22:32.130+0000] {extract.py:127} INFO - where date is 2024-03-01
[2024-08-06T18:22:32.131+0000] {extract.py:102} INFO - get data to date 20240301
[2024-08-06T18:22:32.143+0000] {warnings.py:112} WARNING - /opt/***/dags/gps/common/extract.py:103: UserWarning: pandas only supports SQLAlchemy connectable (engine/connection) or database string URI or sqlite3 DBAPI2 connection. Other DBAPI2 objects are not tested. Please consider using SQLAlchemy.
  df_ = pd.read_sql_query(sql_query, conn, params=params)

[2024-08-06T18:22:32.352+0000] {rwminio.py:19} INFO - start to save data
[2024-08-06T18:22:32.458+0000] {rwminio.py:34} INFO - data in minio ok
[2024-08-06T18:22:32.459+0000] {python.py:237} INFO - Done. Returned value was: None
[2024-08-06T18:22:32.460+0000] {taskinstance.py:441} INFO - ::group::Post task execution logs
[2024-08-06T18:22:32.478+0000] {taskinstance.py:1206} INFO - Marking task as SUCCESS. dag_id=motower_daily_prod, task_id=extracta, run_id=scheduled__2024-03-02T06:00:00+00:00, execution_date=20240302T060000, start_date=20240806T182231, end_date=20240806T182232
[2024-08-06T18:22:32.554+0000] {local_task_job_runner.py:243} INFO - Task exited with return code 0
[2024-08-06T18:22:32.573+0000] {local_task_job_runner.py:222} INFO - ::endgroup::
