[2024-08-06T17:05:21.850+0000] {local_task_job_runner.py:120} INFO - ::group::Pre task execution logs
[2024-08-06T17:05:22.186+0000] {taskinstance.py:2076} INFO - Dependencies all met for dep_context=non-requeueable deps ti=<TaskInstance: motower_daily_prod.sensor_trafic scheduled__2024-03-09T06:00:00+00:00 [queued]>
[2024-08-06T17:05:22.211+0000] {taskinstance.py:2076} INFO - Dependencies all met for dep_context=requeueable deps ti=<TaskInstance: motower_daily_prod.sensor_trafic scheduled__2024-03-09T06:00:00+00:00 [queued]>
[2024-08-06T17:05:22.212+0000] {taskinstance.py:2306} INFO - Starting attempt 1 of 1
[2024-08-06T17:05:22.252+0000] {taskinstance.py:2330} INFO - Executing <Task(PythonSensor): sensor_trafic> on 2024-03-09 06:00:00+00:00
[2024-08-06T17:05:22.268+0000] {warnings.py:112} WARNING - /home/***/.local/lib/python3.12/site-packages/***/task/task_runner/standard_task_runner.py:62: DeprecationWarning: This process (pid=2937) is multi-threaded, use of fork() may lead to deadlocks in the child.
  pid = os.fork()

[2024-08-06T17:05:22.271+0000] {standard_task_runner.py:64} INFO - Started process 2947 to run task
[2024-08-06T17:05:22.276+0000] {standard_task_runner.py:90} INFO - Running: ['***', 'tasks', 'run', 'motower_daily_prod', 'sensor_trafic', 'scheduled__2024-03-09T06:00:00+00:00', '--job-id', '649', '--raw', '--subdir', 'DAGS_FOLDER/gps/custom_dags/motower_daily.py', '--cfg-path', '/tmp/tmpwgmxy5vc']
[2024-08-06T17:05:22.280+0000] {standard_task_runner.py:91} INFO - Job 649: Subtask sensor_trafic
[2024-08-06T17:05:22.376+0000] {task_command.py:426} INFO - Running <TaskInstance: motower_daily_prod.sensor_trafic scheduled__2024-03-09T06:00:00+00:00 [running]> on host 13681191f11c
[2024-08-06T17:05:22.653+0000] {taskinstance.py:2648} INFO - Exporting env vars: AIRFLOW_CTX_DAG_EMAIL='richmond.kongo@orange.com,assane.diop@orange.com,cyrille1.danho@orange.com,mohamed2.sylla@orange.com,amadou.diomande@orange.com,Jonas.kouame@orange.com,armand.kablan@orange.com,anicet.azombade@orange.com,etienne.kouadio@orange.com,bertine.kouakou@orange.com,florentine.kouakou@orange.com,ange.phaceli@orange.com,soulegame.soro@orange.com,innocent.yengo@orange.com' AIRFLOW_CTX_DAG_OWNER='***' AIRFLOW_CTX_DAG_ID='motower_daily_prod' AIRFLOW_CTX_TASK_ID='sensor_trafic' AIRFLOW_CTX_EXECUTION_DATE='2024-03-09T06:00:00+00:00' AIRFLOW_CTX_TRY_NUMBER='1' AIRFLOW_CTX_DAG_RUN_ID='scheduled__2024-03-09T06:00:00+00:00'
[2024-08-06T17:05:22.655+0000] {taskinstance.py:430} INFO - ::endgroup::
[2024-08-06T17:05:22.684+0000] {python.py:75} INFO - Poking callable: <function check_data_in_table at 0x701c27085a80>
[2024-08-06T17:05:22.724+0000] {extract.py:126} INFO - Getting data of the table ks_daily_tdb_radio_drsi 
[2024-08-06T17:05:22.725+0000] {extract.py:127} INFO - where date is 2024-03-08
[2024-08-06T17:05:22.725+0000] {extract.py:102} INFO - get data to date 2024-03-08
[2024-08-06T17:05:22.738+0000] {warnings.py:112} WARNING - /opt/***/dags/gps/common/extract.py:103: UserWarning: pandas only supports SQLAlchemy connectable (engine/connection) or database string URI or sqlite3 DBAPI2 connection. Other DBAPI2 objects are not tested. Please consider using SQLAlchemy.
  df_ = pd.read_sql_query(sql_query, conn, params=params)

[2024-08-06T17:05:23.148+0000] {base.py:294} INFO - Success criteria met. Exiting.
[2024-08-06T17:05:23.148+0000] {taskinstance.py:441} INFO - ::group::Post task execution logs
[2024-08-06T17:05:23.167+0000] {taskinstance.py:1206} INFO - Marking task as SUCCESS. dag_id=motower_daily_prod, task_id=sensor_trafic, run_id=scheduled__2024-03-09T06:00:00+00:00, execution_date=20240309T060000, start_date=20240806T170522, end_date=20240806T170523
[2024-08-06T17:05:23.235+0000] {local_task_job_runner.py:243} INFO - Task exited with return code 0
[2024-08-06T17:05:23.261+0000] {local_task_job_runner.py:222} INFO - ::endgroup::
[2024-08-06T17:35:52.446+0000] {local_task_job_runner.py:120} INFO - ::group::Pre task execution logs
[2024-08-06T17:35:52.517+0000] {taskinstance.py:2076} INFO - Dependencies all met for dep_context=non-requeueable deps ti=<TaskInstance: motower_daily_prod.sensor_trafic scheduled__2024-03-09T06:00:00+00:00 [queued]>
[2024-08-06T17:35:52.544+0000] {taskinstance.py:2076} INFO - Dependencies all met for dep_context=requeueable deps ti=<TaskInstance: motower_daily_prod.sensor_trafic scheduled__2024-03-09T06:00:00+00:00 [queued]>
[2024-08-06T17:35:52.544+0000] {taskinstance.py:2306} INFO - Starting attempt 1 of 1
[2024-08-06T17:35:52.572+0000] {taskinstance.py:2330} INFO - Executing <Task(PythonSensor): sensor_trafic> on 2024-03-09 06:00:00+00:00
[2024-08-06T17:35:52.590+0000] {warnings.py:112} WARNING - /home/***/.local/lib/python3.12/site-packages/***/task/task_runner/standard_task_runner.py:62: DeprecationWarning: This process (pid=7073) is multi-threaded, use of fork() may lead to deadlocks in the child.
  pid = os.fork()

[2024-08-06T17:35:52.592+0000] {standard_task_runner.py:64} INFO - Started process 7088 to run task
[2024-08-06T17:35:52.592+0000] {standard_task_runner.py:90} INFO - Running: ['***', 'tasks', 'run', 'motower_daily_prod', 'sensor_trafic', 'scheduled__2024-03-09T06:00:00+00:00', '--job-id', '1910', '--raw', '--subdir', 'DAGS_FOLDER/gps/custom_dags/motower_daily.py', '--cfg-path', '/tmp/tmps_8oxsra']
[2024-08-06T17:35:52.596+0000] {standard_task_runner.py:91} INFO - Job 1910: Subtask sensor_trafic
[2024-08-06T17:35:52.699+0000] {task_command.py:426} INFO - Running <TaskInstance: motower_daily_prod.sensor_trafic scheduled__2024-03-09T06:00:00+00:00 [running]> on host 13681191f11c
[2024-08-06T17:35:52.947+0000] {taskinstance.py:2648} INFO - Exporting env vars: AIRFLOW_CTX_DAG_EMAIL='richmond.kongo@orange.com,assane.diop@orange.com,cyrille1.danho@orange.com,mohamed2.sylla@orange.com,amadou.diomande@orange.com,Jonas.kouame@orange.com,armand.kablan@orange.com,anicet.azombade@orange.com,etienne.kouadio@orange.com,bertine.kouakou@orange.com,florentine.kouakou@orange.com,ange.phaceli@orange.com,soulegame.soro@orange.com,innocent.yengo@orange.com' AIRFLOW_CTX_DAG_OWNER='***' AIRFLOW_CTX_DAG_ID='motower_daily_prod' AIRFLOW_CTX_TASK_ID='sensor_trafic' AIRFLOW_CTX_EXECUTION_DATE='2024-03-09T06:00:00+00:00' AIRFLOW_CTX_TRY_NUMBER='1' AIRFLOW_CTX_DAG_RUN_ID='scheduled__2024-03-09T06:00:00+00:00'
[2024-08-06T17:35:52.948+0000] {taskinstance.py:430} INFO - ::endgroup::
[2024-08-06T17:35:52.992+0000] {python.py:75} INFO - Poking callable: <function check_data_in_table at 0x701c26ea7b00>
[2024-08-06T17:35:53.043+0000] {extract.py:126} INFO - Getting data of the table ks_daily_tdb_radio_drsi 
[2024-08-06T17:35:53.044+0000] {extract.py:127} INFO - where date is 2024-03-08
[2024-08-06T17:35:53.044+0000] {extract.py:102} INFO - get data to date 2024-03-08
[2024-08-06T17:35:53.056+0000] {warnings.py:112} WARNING - /opt/***/dags/gps/common/extract.py:103: UserWarning: pandas only supports SQLAlchemy connectable (engine/connection) or database string URI or sqlite3 DBAPI2 connection. Other DBAPI2 objects are not tested. Please consider using SQLAlchemy.
  df_ = pd.read_sql_query(sql_query, conn, params=params)

[2024-08-06T17:35:53.621+0000] {base.py:294} INFO - Success criteria met. Exiting.
[2024-08-06T17:35:53.621+0000] {taskinstance.py:441} INFO - ::group::Post task execution logs
[2024-08-06T17:35:53.639+0000] {taskinstance.py:1206} INFO - Marking task as SUCCESS. dag_id=motower_daily_prod, task_id=sensor_trafic, run_id=scheduled__2024-03-09T06:00:00+00:00, execution_date=20240309T060000, start_date=20240806T173552, end_date=20240806T173553
[2024-08-06T17:35:53.728+0000] {local_task_job_runner.py:243} INFO - Task exited with return code 0
[2024-08-06T17:35:53.744+0000] {local_task_job_runner.py:222} INFO - ::endgroup::
[2024-08-06T18:23:10.539+0000] {local_task_job_runner.py:120} INFO - ::group::Pre task execution logs
[2024-08-06T18:23:10.629+0000] {taskinstance.py:2076} INFO - Dependencies all met for dep_context=non-requeueable deps ti=<TaskInstance: motower_daily_prod.sensor_trafic scheduled__2024-03-09T06:00:00+00:00 [queued]>
[2024-08-06T18:23:10.683+0000] {taskinstance.py:2076} INFO - Dependencies all met for dep_context=requeueable deps ti=<TaskInstance: motower_daily_prod.sensor_trafic scheduled__2024-03-09T06:00:00+00:00 [queued]>
[2024-08-06T18:23:10.684+0000] {taskinstance.py:2306} INFO - Starting attempt 1 of 1
[2024-08-06T18:23:10.736+0000] {taskinstance.py:2330} INFO - Executing <Task(PythonSensor): sensor_trafic> on 2024-03-09 06:00:00+00:00
[2024-08-06T18:23:10.749+0000] {warnings.py:112} WARNING - /home/***/.local/lib/python3.12/site-packages/***/task/task_runner/standard_task_runner.py:62: DeprecationWarning: This process (pid=10906) is multi-threaded, use of fork() may lead to deadlocks in the child.
  pid = os.fork()

[2024-08-06T18:23:10.751+0000] {standard_task_runner.py:64} INFO - Started process 10919 to run task
[2024-08-06T18:23:10.758+0000] {standard_task_runner.py:90} INFO - Running: ['***', 'tasks', 'run', 'motower_daily_prod', 'sensor_trafic', 'scheduled__2024-03-09T06:00:00+00:00', '--job-id', '2998', '--raw', '--subdir', 'DAGS_FOLDER/gps/custom_dags/motower_daily.py', '--cfg-path', '/tmp/tmph9ok7_ns']
[2024-08-06T18:23:10.763+0000] {standard_task_runner.py:91} INFO - Job 2998: Subtask sensor_trafic
[2024-08-06T18:23:10.927+0000] {task_command.py:426} INFO - Running <TaskInstance: motower_daily_prod.sensor_trafic scheduled__2024-03-09T06:00:00+00:00 [running]> on host 13681191f11c
[2024-08-06T18:23:11.174+0000] {taskinstance.py:2648} INFO - Exporting env vars: AIRFLOW_CTX_DAG_EMAIL='richmond.kongo@orange.com,assane.diop@orange.com,cyrille1.danho@orange.com,mohamed2.sylla@orange.com,amadou.diomande@orange.com,Jonas.kouame@orange.com,armand.kablan@orange.com,anicet.azombade@orange.com,etienne.kouadio@orange.com,bertine.kouakou@orange.com,florentine.kouakou@orange.com,ange.phaceli@orange.com,soulegame.soro@orange.com,innocent.yengo@orange.com' AIRFLOW_CTX_DAG_OWNER='***' AIRFLOW_CTX_DAG_ID='motower_daily_prod' AIRFLOW_CTX_TASK_ID='sensor_trafic' AIRFLOW_CTX_EXECUTION_DATE='2024-03-09T06:00:00+00:00' AIRFLOW_CTX_TRY_NUMBER='1' AIRFLOW_CTX_DAG_RUN_ID='scheduled__2024-03-09T06:00:00+00:00'
[2024-08-06T18:23:11.176+0000] {taskinstance.py:430} INFO - ::endgroup::
[2024-08-06T18:23:11.208+0000] {python.py:75} INFO - Poking callable: <function check_data_in_table at 0x701c429a3060>
[2024-08-06T18:23:11.214+0000] {extract.py:126} INFO - Getting data of the table ks_daily_tdb_radio_drsi 
[2024-08-06T18:23:11.215+0000] {extract.py:127} INFO - where date is 2024-03-08
[2024-08-06T18:23:11.215+0000] {extract.py:102} INFO - get data to date 2024-03-08
[2024-08-06T18:23:11.223+0000] {warnings.py:112} WARNING - /opt/***/dags/gps/common/extract.py:103: UserWarning: pandas only supports SQLAlchemy connectable (engine/connection) or database string URI or sqlite3 DBAPI2 connection. Other DBAPI2 objects are not tested. Please consider using SQLAlchemy.
  df_ = pd.read_sql_query(sql_query, conn, params=params)

[2024-08-06T18:23:11.729+0000] {base.py:294} INFO - Success criteria met. Exiting.
[2024-08-06T18:23:11.729+0000] {taskinstance.py:441} INFO - ::group::Post task execution logs
[2024-08-06T18:23:11.749+0000] {taskinstance.py:1206} INFO - Marking task as SUCCESS. dag_id=motower_daily_prod, task_id=sensor_trafic, run_id=scheduled__2024-03-09T06:00:00+00:00, execution_date=20240309T060000, start_date=20240806T182310, end_date=20240806T182311
[2024-08-06T18:23:11.841+0000] {local_task_job_runner.py:243} INFO - Task exited with return code 0
[2024-08-06T18:23:11.862+0000] {local_task_job_runner.py:222} INFO - ::endgroup::
