[2024-08-06T17:03:41.184+0000] {local_task_job_runner.py:120} INFO - ::group::Pre task execution logs
[2024-08-06T17:03:41.602+0000] {taskinstance.py:2076} INFO - Dependencies all met for dep_context=non-requeueable deps ti=<TaskInstance: motower_daily_prod.sensor_trafic scheduled__2024-02-28T06:00:00+00:00 [queued]>
[2024-08-06T17:03:41.630+0000] {taskinstance.py:2076} INFO - Dependencies all met for dep_context=requeueable deps ti=<TaskInstance: motower_daily_prod.sensor_trafic scheduled__2024-02-28T06:00:00+00:00 [queued]>
[2024-08-06T17:03:41.631+0000] {taskinstance.py:2306} INFO - Starting attempt 1 of 1
[2024-08-06T17:03:41.680+0000] {taskinstance.py:2330} INFO - Executing <Task(PythonSensor): sensor_trafic> on 2024-02-28 06:00:00+00:00
[2024-08-06T17:03:41.698+0000] {warnings.py:112} WARNING - /home/***/.local/lib/python3.12/site-packages/***/task/task_runner/standard_task_runner.py:62: DeprecationWarning: This process (pid=2619) is multi-threaded, use of fork() may lead to deadlocks in the child.
  pid = os.fork()

[2024-08-06T17:03:41.701+0000] {standard_task_runner.py:64} INFO - Started process 2638 to run task
[2024-08-06T17:03:41.721+0000] {standard_task_runner.py:90} INFO - Running: ['***', 'tasks', 'run', 'motower_daily_prod', 'sensor_trafic', 'scheduled__2024-02-28T06:00:00+00:00', '--job-id', '550', '--raw', '--subdir', 'DAGS_FOLDER/gps/custom_dags/motower_daily.py', '--cfg-path', '/tmp/tmphpezw6cn']
[2024-08-06T17:03:41.730+0000] {standard_task_runner.py:91} INFO - Job 550: Subtask sensor_trafic
[2024-08-06T17:03:41.980+0000] {task_command.py:426} INFO - Running <TaskInstance: motower_daily_prod.sensor_trafic scheduled__2024-02-28T06:00:00+00:00 [running]> on host 13681191f11c
[2024-08-06T17:03:42.395+0000] {taskinstance.py:2648} INFO - Exporting env vars: AIRFLOW_CTX_DAG_EMAIL='richmond.kongo@orange.com,assane.diop@orange.com,cyrille1.danho@orange.com,mohamed2.sylla@orange.com,amadou.diomande@orange.com,Jonas.kouame@orange.com,armand.kablan@orange.com,anicet.azombade@orange.com,etienne.kouadio@orange.com,bertine.kouakou@orange.com,florentine.kouakou@orange.com,ange.phaceli@orange.com,soulegame.soro@orange.com,innocent.yengo@orange.com' AIRFLOW_CTX_DAG_OWNER='***' AIRFLOW_CTX_DAG_ID='motower_daily_prod' AIRFLOW_CTX_TASK_ID='sensor_trafic' AIRFLOW_CTX_EXECUTION_DATE='2024-02-28T06:00:00+00:00' AIRFLOW_CTX_TRY_NUMBER='1' AIRFLOW_CTX_DAG_RUN_ID='scheduled__2024-02-28T06:00:00+00:00'
[2024-08-06T17:03:42.397+0000] {taskinstance.py:430} INFO - ::endgroup::
[2024-08-06T17:03:42.454+0000] {python.py:75} INFO - Poking callable: <function check_data_in_table at 0x701c2713bc40>
[2024-08-06T17:03:42.463+0000] {extract.py:126} INFO - Getting data of the table ks_daily_tdb_radio_drsi 
[2024-08-06T17:03:42.464+0000] {extract.py:127} INFO - where date is 2024-02-27
[2024-08-06T17:03:42.465+0000] {extract.py:102} INFO - get data to date 2024-02-27
[2024-08-06T17:03:42.476+0000] {warnings.py:112} WARNING - /opt/***/dags/gps/common/extract.py:103: UserWarning: pandas only supports SQLAlchemy connectable (engine/connection) or database string URI or sqlite3 DBAPI2 connection. Other DBAPI2 objects are not tested. Please consider using SQLAlchemy.
  df_ = pd.read_sql_query(sql_query, conn, params=params)

[2024-08-06T17:03:43.170+0000] {base.py:294} INFO - Success criteria met. Exiting.
[2024-08-06T17:03:43.170+0000] {taskinstance.py:441} INFO - ::group::Post task execution logs
[2024-08-06T17:03:43.191+0000] {taskinstance.py:1206} INFO - Marking task as SUCCESS. dag_id=motower_daily_prod, task_id=sensor_trafic, run_id=scheduled__2024-02-28T06:00:00+00:00, execution_date=20240228T060000, start_date=20240806T170341, end_date=20240806T170343
[2024-08-06T17:03:43.245+0000] {local_task_job_runner.py:243} INFO - Task exited with return code 0
[2024-08-06T17:03:43.273+0000] {local_task_job_runner.py:222} INFO - ::endgroup::
[2024-08-06T17:34:08.292+0000] {local_task_job_runner.py:120} INFO - ::group::Pre task execution logs
[2024-08-06T17:34:08.411+0000] {taskinstance.py:2076} INFO - Dependencies all met for dep_context=non-requeueable deps ti=<TaskInstance: motower_daily_prod.sensor_trafic scheduled__2024-02-28T06:00:00+00:00 [queued]>
[2024-08-06T17:34:08.439+0000] {taskinstance.py:2076} INFO - Dependencies all met for dep_context=requeueable deps ti=<TaskInstance: motower_daily_prod.sensor_trafic scheduled__2024-02-28T06:00:00+00:00 [queued]>
[2024-08-06T17:34:08.439+0000] {taskinstance.py:2306} INFO - Starting attempt 1 of 1
[2024-08-06T17:34:08.476+0000] {taskinstance.py:2330} INFO - Executing <Task(PythonSensor): sensor_trafic> on 2024-02-28 06:00:00+00:00
[2024-08-06T17:34:08.491+0000] {warnings.py:112} WARNING - /home/***/.local/lib/python3.12/site-packages/***/task/task_runner/standard_task_runner.py:62: DeprecationWarning: This process (pid=6756) is multi-threaded, use of fork() may lead to deadlocks in the child.
  pid = os.fork()

[2024-08-06T17:34:08.494+0000] {standard_task_runner.py:64} INFO - Started process 6784 to run task
[2024-08-06T17:34:08.504+0000] {standard_task_runner.py:90} INFO - Running: ['***', 'tasks', 'run', 'motower_daily_prod', 'sensor_trafic', 'scheduled__2024-02-28T06:00:00+00:00', '--job-id', '1814', '--raw', '--subdir', 'DAGS_FOLDER/gps/custom_dags/motower_daily.py', '--cfg-path', '/tmp/tmp3qy7js20']
[2024-08-06T17:34:08.508+0000] {standard_task_runner.py:91} INFO - Job 1814: Subtask sensor_trafic
[2024-08-06T17:34:08.679+0000] {task_command.py:426} INFO - Running <TaskInstance: motower_daily_prod.sensor_trafic scheduled__2024-02-28T06:00:00+00:00 [running]> on host 13681191f11c
[2024-08-06T17:34:09.178+0000] {taskinstance.py:2648} INFO - Exporting env vars: AIRFLOW_CTX_DAG_EMAIL='richmond.kongo@orange.com,assane.diop@orange.com,cyrille1.danho@orange.com,mohamed2.sylla@orange.com,amadou.diomande@orange.com,Jonas.kouame@orange.com,armand.kablan@orange.com,anicet.azombade@orange.com,etienne.kouadio@orange.com,bertine.kouakou@orange.com,florentine.kouakou@orange.com,ange.phaceli@orange.com,soulegame.soro@orange.com,innocent.yengo@orange.com' AIRFLOW_CTX_DAG_OWNER='***' AIRFLOW_CTX_DAG_ID='motower_daily_prod' AIRFLOW_CTX_TASK_ID='sensor_trafic' AIRFLOW_CTX_EXECUTION_DATE='2024-02-28T06:00:00+00:00' AIRFLOW_CTX_TRY_NUMBER='1' AIRFLOW_CTX_DAG_RUN_ID='scheduled__2024-02-28T06:00:00+00:00'
[2024-08-06T17:34:09.180+0000] {taskinstance.py:430} INFO - ::endgroup::
[2024-08-06T17:34:09.225+0000] {python.py:75} INFO - Poking callable: <function check_data_in_table at 0x701c26ea77e0>
[2024-08-06T17:34:09.248+0000] {extract.py:126} INFO - Getting data of the table ks_daily_tdb_radio_drsi 
[2024-08-06T17:34:09.248+0000] {extract.py:127} INFO - where date is 2024-02-27
[2024-08-06T17:34:09.249+0000] {extract.py:102} INFO - get data to date 2024-02-27
[2024-08-06T17:34:09.262+0000] {warnings.py:112} WARNING - /opt/***/dags/gps/common/extract.py:103: UserWarning: pandas only supports SQLAlchemy connectable (engine/connection) or database string URI or sqlite3 DBAPI2 connection. Other DBAPI2 objects are not tested. Please consider using SQLAlchemy.
  df_ = pd.read_sql_query(sql_query, conn, params=params)

[2024-08-06T17:34:09.872+0000] {base.py:294} INFO - Success criteria met. Exiting.
[2024-08-06T17:34:09.872+0000] {taskinstance.py:441} INFO - ::group::Post task execution logs
[2024-08-06T17:34:09.911+0000] {taskinstance.py:1206} INFO - Marking task as SUCCESS. dag_id=motower_daily_prod, task_id=sensor_trafic, run_id=scheduled__2024-02-28T06:00:00+00:00, execution_date=20240228T060000, start_date=20240806T173408, end_date=20240806T173409
[2024-08-06T17:34:09.964+0000] {local_task_job_runner.py:243} INFO - Task exited with return code 0
[2024-08-06T17:34:10.003+0000] {local_task_job_runner.py:222} INFO - ::endgroup::
[2024-08-06T18:22:04.339+0000] {local_task_job_runner.py:120} INFO - ::group::Pre task execution logs
[2024-08-06T18:22:05.013+0000] {taskinstance.py:2076} INFO - Dependencies all met for dep_context=non-requeueable deps ti=<TaskInstance: motower_daily_prod.sensor_trafic scheduled__2024-02-28T06:00:00+00:00 [queued]>
[2024-08-06T18:22:05.062+0000] {taskinstance.py:2076} INFO - Dependencies all met for dep_context=requeueable deps ti=<TaskInstance: motower_daily_prod.sensor_trafic scheduled__2024-02-28T06:00:00+00:00 [queued]>
[2024-08-06T18:22:05.063+0000] {taskinstance.py:2306} INFO - Starting attempt 1 of 1
[2024-08-06T18:22:05.097+0000] {taskinstance.py:2330} INFO - Executing <Task(PythonSensor): sensor_trafic> on 2024-02-28 06:00:00+00:00
[2024-08-06T18:22:05.122+0000] {warnings.py:112} WARNING - /home/***/.local/lib/python3.12/site-packages/***/task/task_runner/standard_task_runner.py:62: DeprecationWarning: This process (pid=10647) is multi-threaded, use of fork() may lead to deadlocks in the child.
  pid = os.fork()

[2024-08-06T18:22:05.125+0000] {standard_task_runner.py:64} INFO - Started process 10661 to run task
[2024-08-06T18:22:05.141+0000] {standard_task_runner.py:90} INFO - Running: ['***', 'tasks', 'run', 'motower_daily_prod', 'sensor_trafic', 'scheduled__2024-02-28T06:00:00+00:00', '--job-id', '2916', '--raw', '--subdir', 'DAGS_FOLDER/gps/custom_dags/motower_daily.py', '--cfg-path', '/tmp/tmpsj_2bbm9']
[2024-08-06T18:22:05.153+0000] {standard_task_runner.py:91} INFO - Job 2916: Subtask sensor_trafic
[2024-08-06T18:22:05.315+0000] {task_command.py:426} INFO - Running <TaskInstance: motower_daily_prod.sensor_trafic scheduled__2024-02-28T06:00:00+00:00 [running]> on host 13681191f11c
[2024-08-06T18:22:05.667+0000] {taskinstance.py:2648} INFO - Exporting env vars: AIRFLOW_CTX_DAG_EMAIL='richmond.kongo@orange.com,assane.diop@orange.com,cyrille1.danho@orange.com,mohamed2.sylla@orange.com,amadou.diomande@orange.com,Jonas.kouame@orange.com,armand.kablan@orange.com,anicet.azombade@orange.com,etienne.kouadio@orange.com,bertine.kouakou@orange.com,florentine.kouakou@orange.com,ange.phaceli@orange.com,soulegame.soro@orange.com,innocent.yengo@orange.com' AIRFLOW_CTX_DAG_OWNER='***' AIRFLOW_CTX_DAG_ID='motower_daily_prod' AIRFLOW_CTX_TASK_ID='sensor_trafic' AIRFLOW_CTX_EXECUTION_DATE='2024-02-28T06:00:00+00:00' AIRFLOW_CTX_TRY_NUMBER='1' AIRFLOW_CTX_DAG_RUN_ID='scheduled__2024-02-28T06:00:00+00:00'
[2024-08-06T18:22:05.669+0000] {taskinstance.py:430} INFO - ::endgroup::
[2024-08-06T18:22:05.755+0000] {python.py:75} INFO - Poking callable: <function check_data_in_table at 0x701c427502c0>
[2024-08-06T18:22:05.771+0000] {extract.py:126} INFO - Getting data of the table ks_daily_tdb_radio_drsi 
[2024-08-06T18:22:05.772+0000] {extract.py:127} INFO - where date is 2024-02-27
[2024-08-06T18:22:05.773+0000] {extract.py:102} INFO - get data to date 2024-02-27
[2024-08-06T18:22:05.798+0000] {warnings.py:112} WARNING - /opt/***/dags/gps/common/extract.py:103: UserWarning: pandas only supports SQLAlchemy connectable (engine/connection) or database string URI or sqlite3 DBAPI2 connection. Other DBAPI2 objects are not tested. Please consider using SQLAlchemy.
  df_ = pd.read_sql_query(sql_query, conn, params=params)

[2024-08-06T18:22:06.393+0000] {base.py:294} INFO - Success criteria met. Exiting.
[2024-08-06T18:22:06.393+0000] {taskinstance.py:441} INFO - ::group::Post task execution logs
[2024-08-06T18:22:06.417+0000] {taskinstance.py:1206} INFO - Marking task as SUCCESS. dag_id=motower_daily_prod, task_id=sensor_trafic, run_id=scheduled__2024-02-28T06:00:00+00:00, execution_date=20240228T060000, start_date=20240806T182205, end_date=20240806T182206
[2024-08-06T18:22:06.730+0000] {local_task_job_runner.py:243} INFO - Task exited with return code 0
[2024-08-06T18:22:06.752+0000] {local_task_job_runner.py:222} INFO - ::endgroup::
