[2024-08-06T17:11:52.208+0000] {local_task_job_runner.py:120} INFO - ::group::Pre task execution logs
[2024-08-06T17:11:52.624+0000] {taskinstance.py:2076} INFO - Dependencies all met for dep_context=non-requeueable deps ti=<TaskInstance: motower_daily_prod.extracta scheduled__2024-04-25T06:00:00+00:00 [queued]>
[2024-08-06T17:11:52.658+0000] {taskinstance.py:2076} INFO - Dependencies all met for dep_context=requeueable deps ti=<TaskInstance: motower_daily_prod.extracta scheduled__2024-04-25T06:00:00+00:00 [queued]>
[2024-08-06T17:11:52.659+0000] {taskinstance.py:2306} INFO - Starting attempt 1 of 1
[2024-08-06T17:11:52.739+0000] {taskinstance.py:2330} INFO - Executing <Task(PythonOperator): extracta> on 2024-04-25 06:00:00+00:00
[2024-08-06T17:11:52.755+0000] {warnings.py:112} WARNING - /home/***/.local/lib/python3.12/site-packages/***/task/task_runner/standard_task_runner.py:62: DeprecationWarning: This process (pid=4291) is multi-threaded, use of fork() may lead to deadlocks in the child.
  pid = os.fork()

[2024-08-06T17:11:52.759+0000] {standard_task_runner.py:64} INFO - Started process 4304 to run task
[2024-08-06T17:11:52.767+0000] {standard_task_runner.py:90} INFO - Running: ['***', 'tasks', 'run', 'motower_daily_prod', 'extracta', 'scheduled__2024-04-25T06:00:00+00:00', '--job-id', '1077', '--raw', '--subdir', 'DAGS_FOLDER/gps/custom_dags/motower_daily.py', '--cfg-path', '/tmp/tmp6rzri2uy']
[2024-08-06T17:11:52.772+0000] {standard_task_runner.py:91} INFO - Job 1077: Subtask extracta
[2024-08-06T17:11:52.898+0000] {task_command.py:426} INFO - Running <TaskInstance: motower_daily_prod.extracta scheduled__2024-04-25T06:00:00+00:00 [running]> on host 13681191f11c
[2024-08-06T17:11:53.168+0000] {taskinstance.py:2648} INFO - Exporting env vars: AIRFLOW_CTX_DAG_EMAIL='richmond.kongo@orange.com,assane.diop@orange.com,cyrille1.danho@orange.com,mohamed2.sylla@orange.com,amadou.diomande@orange.com,Jonas.kouame@orange.com,armand.kablan@orange.com,anicet.azombade@orange.com,etienne.kouadio@orange.com,bertine.kouakou@orange.com,florentine.kouakou@orange.com,ange.phaceli@orange.com,soulegame.soro@orange.com,innocent.yengo@orange.com' AIRFLOW_CTX_DAG_OWNER='***' AIRFLOW_CTX_DAG_ID='motower_daily_prod' AIRFLOW_CTX_TASK_ID='extracta' AIRFLOW_CTX_EXECUTION_DATE='2024-04-25T06:00:00+00:00' AIRFLOW_CTX_TRY_NUMBER='1' AIRFLOW_CTX_DAG_RUN_ID='scheduled__2024-04-25T06:00:00+00:00'
[2024-08-06T17:11:53.171+0000] {taskinstance.py:430} INFO - ::endgroup::
[2024-08-06T17:11:53.212+0000] {extract.py:126} INFO - Getting data of the table dtm_motower_gsm 
[2024-08-06T17:11:53.213+0000] {extract.py:127} INFO - where date is 2024-04-24
[2024-08-06T17:11:53.214+0000] {extract.py:102} INFO - get data to date 20240424
[2024-08-06T17:11:53.226+0000] {warnings.py:112} WARNING - /opt/***/dags/gps/common/extract.py:103: UserWarning: pandas only supports SQLAlchemy connectable (engine/connection) or database string URI or sqlite3 DBAPI2 connection. Other DBAPI2 objects are not tested. Please consider using SQLAlchemy.
  df_ = pd.read_sql_query(sql_query, conn, params=params)

[2024-08-06T17:11:53.384+0000] {rwminio.py:19} INFO - start to save data
[2024-08-06T17:11:53.541+0000] {rwminio.py:34} INFO - data in minio ok
[2024-08-06T17:11:53.541+0000] {python.py:237} INFO - Done. Returned value was: None
[2024-08-06T17:11:53.543+0000] {taskinstance.py:441} INFO - ::group::Post task execution logs
[2024-08-06T17:11:53.579+0000] {taskinstance.py:1206} INFO - Marking task as SUCCESS. dag_id=motower_daily_prod, task_id=extracta, run_id=scheduled__2024-04-25T06:00:00+00:00, execution_date=20240425T060000, start_date=20240806T171152, end_date=20240806T171153
[2024-08-06T17:11:53.658+0000] {local_task_job_runner.py:243} INFO - Task exited with return code 0
[2024-08-06T17:11:53.685+0000] {local_task_job_runner.py:222} INFO - ::endgroup::
[2024-08-06T17:22:16.104+0000] {local_task_job_runner.py:120} INFO - ::group::Pre task execution logs
[2024-08-06T17:22:16.179+0000] {taskinstance.py:2076} INFO - Dependencies all met for dep_context=non-requeueable deps ti=<TaskInstance: motower_daily_prod.extracta scheduled__2024-04-25T06:00:00+00:00 [queued]>
[2024-08-06T17:22:16.205+0000] {taskinstance.py:2076} INFO - Dependencies all met for dep_context=requeueable deps ti=<TaskInstance: motower_daily_prod.extracta scheduled__2024-04-25T06:00:00+00:00 [queued]>
[2024-08-06T17:22:16.205+0000] {taskinstance.py:2306} INFO - Starting attempt 1 of 1
[2024-08-06T17:22:16.234+0000] {taskinstance.py:2330} INFO - Executing <Task(PythonOperator): extracta> on 2024-04-25 06:00:00+00:00
[2024-08-06T17:22:16.248+0000] {warnings.py:112} WARNING - /home/***/.local/lib/python3.12/site-packages/***/task/task_runner/standard_task_runner.py:62: DeprecationWarning: This process (pid=4820) is multi-threaded, use of fork() may lead to deadlocks in the child.
  pid = os.fork()

[2024-08-06T17:22:16.250+0000] {standard_task_runner.py:64} INFO - Started process 4830 to run task
[2024-08-06T17:22:16.251+0000] {standard_task_runner.py:90} INFO - Running: ['***', 'tasks', 'run', 'motower_daily_prod', 'extracta', 'scheduled__2024-04-25T06:00:00+00:00', '--job-id', '1210', '--raw', '--subdir', 'DAGS_FOLDER/gps/custom_dags/motower_daily.py', '--cfg-path', '/tmp/tmpbmmovd_d']
[2024-08-06T17:22:16.254+0000] {standard_task_runner.py:91} INFO - Job 1210: Subtask extracta
[2024-08-06T17:22:16.344+0000] {task_command.py:426} INFO - Running <TaskInstance: motower_daily_prod.extracta scheduled__2024-04-25T06:00:00+00:00 [running]> on host 13681191f11c
[2024-08-06T17:22:17.883+0000] {taskinstance.py:2648} INFO - Exporting env vars: AIRFLOW_CTX_DAG_EMAIL='richmond.kongo@orange.com,assane.diop@orange.com,cyrille1.danho@orange.com,mohamed2.sylla@orange.com,amadou.diomande@orange.com,Jonas.kouame@orange.com,armand.kablan@orange.com,anicet.azombade@orange.com,etienne.kouadio@orange.com,bertine.kouakou@orange.com,florentine.kouakou@orange.com,ange.phaceli@orange.com,soulegame.soro@orange.com,innocent.yengo@orange.com' AIRFLOW_CTX_DAG_OWNER='***' AIRFLOW_CTX_DAG_ID='motower_daily_prod' AIRFLOW_CTX_TASK_ID='extracta' AIRFLOW_CTX_EXECUTION_DATE='2024-04-25T06:00:00+00:00' AIRFLOW_CTX_TRY_NUMBER='1' AIRFLOW_CTX_DAG_RUN_ID='scheduled__2024-04-25T06:00:00+00:00'
[2024-08-06T17:22:17.887+0000] {taskinstance.py:430} INFO - ::endgroup::
[2024-08-06T17:22:17.915+0000] {extract.py:126} INFO - Getting data of the table dtm_motower_gsm 
[2024-08-06T17:22:17.916+0000] {extract.py:127} INFO - where date is 2024-04-24
[2024-08-06T17:22:17.917+0000] {extract.py:102} INFO - get data to date 20240424
[2024-08-06T17:22:17.926+0000] {warnings.py:112} WARNING - /opt/***/dags/gps/common/extract.py:103: UserWarning: pandas only supports SQLAlchemy connectable (engine/connection) or database string URI or sqlite3 DBAPI2 connection. Other DBAPI2 objects are not tested. Please consider using SQLAlchemy.
  df_ = pd.read_sql_query(sql_query, conn, params=params)

[2024-08-06T17:22:18.019+0000] {rwminio.py:19} INFO - start to save data
[2024-08-06T17:22:18.065+0000] {rwminio.py:34} INFO - data in minio ok
[2024-08-06T17:22:18.066+0000] {python.py:237} INFO - Done. Returned value was: None
[2024-08-06T17:22:18.066+0000] {taskinstance.py:441} INFO - ::group::Post task execution logs
[2024-08-06T17:22:18.076+0000] {taskinstance.py:1206} INFO - Marking task as SUCCESS. dag_id=motower_daily_prod, task_id=extracta, run_id=scheduled__2024-04-25T06:00:00+00:00, execution_date=20240425T060000, start_date=20240806T172216, end_date=20240806T172218
[2024-08-06T17:22:18.358+0000] {local_task_job_runner.py:243} INFO - Task exited with return code 0
[2024-08-06T17:22:18.371+0000] {local_task_job_runner.py:222} INFO - ::endgroup::
[2024-08-06T17:42:08.946+0000] {local_task_job_runner.py:120} INFO - ::group::Pre task execution logs
[2024-08-06T17:42:09.275+0000] {taskinstance.py:2076} INFO - Dependencies all met for dep_context=non-requeueable deps ti=<TaskInstance: motower_daily_prod.extracta scheduled__2024-04-25T06:00:00+00:00 [queued]>
[2024-08-06T17:42:09.307+0000] {taskinstance.py:2076} INFO - Dependencies all met for dep_context=requeueable deps ti=<TaskInstance: motower_daily_prod.extracta scheduled__2024-04-25T06:00:00+00:00 [queued]>
[2024-08-06T17:42:09.308+0000] {taskinstance.py:2306} INFO - Starting attempt 1 of 1
[2024-08-06T17:42:09.351+0000] {taskinstance.py:2330} INFO - Executing <Task(PythonOperator): extracta> on 2024-04-25 06:00:00+00:00
[2024-08-06T17:42:09.370+0000] {warnings.py:112} WARNING - /home/***/.local/lib/python3.12/site-packages/***/task/task_runner/standard_task_runner.py:62: DeprecationWarning: This process (pid=8394) is multi-threaded, use of fork() may lead to deadlocks in the child.
  pid = os.fork()

[2024-08-06T17:42:09.372+0000] {standard_task_runner.py:64} INFO - Started process 8410 to run task
[2024-08-06T17:42:09.383+0000] {standard_task_runner.py:90} INFO - Running: ['***', 'tasks', 'run', 'motower_daily_prod', 'extracta', 'scheduled__2024-04-25T06:00:00+00:00', '--job-id', '2327', '--raw', '--subdir', 'DAGS_FOLDER/gps/custom_dags/motower_daily.py', '--cfg-path', '/tmp/tmpsk3k6_pd']
[2024-08-06T17:42:09.388+0000] {standard_task_runner.py:91} INFO - Job 2327: Subtask extracta
[2024-08-06T17:42:09.501+0000] {task_command.py:426} INFO - Running <TaskInstance: motower_daily_prod.extracta scheduled__2024-04-25T06:00:00+00:00 [running]> on host 13681191f11c
[2024-08-06T17:42:09.731+0000] {taskinstance.py:2648} INFO - Exporting env vars: AIRFLOW_CTX_DAG_EMAIL='richmond.kongo@orange.com,assane.diop@orange.com,cyrille1.danho@orange.com,mohamed2.sylla@orange.com,amadou.diomande@orange.com,Jonas.kouame@orange.com,armand.kablan@orange.com,anicet.azombade@orange.com,etienne.kouadio@orange.com,bertine.kouakou@orange.com,florentine.kouakou@orange.com,ange.phaceli@orange.com,soulegame.soro@orange.com,innocent.yengo@orange.com' AIRFLOW_CTX_DAG_OWNER='***' AIRFLOW_CTX_DAG_ID='motower_daily_prod' AIRFLOW_CTX_TASK_ID='extracta' AIRFLOW_CTX_EXECUTION_DATE='2024-04-25T06:00:00+00:00' AIRFLOW_CTX_TRY_NUMBER='1' AIRFLOW_CTX_DAG_RUN_ID='scheduled__2024-04-25T06:00:00+00:00'
[2024-08-06T17:42:09.736+0000] {taskinstance.py:430} INFO - ::endgroup::
[2024-08-06T17:42:09.799+0000] {extract.py:126} INFO - Getting data of the table dtm_motower_gsm 
[2024-08-06T17:42:09.799+0000] {extract.py:127} INFO - where date is 2024-04-24
[2024-08-06T17:42:09.800+0000] {extract.py:102} INFO - get data to date 20240424
[2024-08-06T17:42:09.811+0000] {warnings.py:112} WARNING - /opt/***/dags/gps/common/extract.py:103: UserWarning: pandas only supports SQLAlchemy connectable (engine/connection) or database string URI or sqlite3 DBAPI2 connection. Other DBAPI2 objects are not tested. Please consider using SQLAlchemy.
  df_ = pd.read_sql_query(sql_query, conn, params=params)

[2024-08-06T17:42:09.987+0000] {rwminio.py:19} INFO - start to save data
[2024-08-06T17:42:10.096+0000] {rwminio.py:34} INFO - data in minio ok
[2024-08-06T17:42:10.097+0000] {python.py:237} INFO - Done. Returned value was: None
[2024-08-06T17:42:10.098+0000] {taskinstance.py:441} INFO - ::group::Post task execution logs
[2024-08-06T17:42:10.112+0000] {taskinstance.py:1206} INFO - Marking task as SUCCESS. dag_id=motower_daily_prod, task_id=extracta, run_id=scheduled__2024-04-25T06:00:00+00:00, execution_date=20240425T060000, start_date=20240806T174209, end_date=20240806T174210
[2024-08-06T17:42:10.182+0000] {local_task_job_runner.py:243} INFO - Task exited with return code 0
[2024-08-06T17:42:10.202+0000] {local_task_job_runner.py:222} INFO - ::endgroup::
