[2024-07-25T10:16:46.613+0000] {local_task_job_runner.py:120} INFO - ::group::Pre task execution logs
[2024-07-25T10:16:46.649+0000] {taskinstance.py:2076} INFO - Dependencies all met for dep_context=non-requeueable deps ti=<TaskInstance: enrich_prod.cleaning.cleaning_trafic_deux scheduled__2024-06-02T00:00:00+00:00 [queued]>
[2024-07-25T10:16:46.660+0000] {taskinstance.py:2076} INFO - Dependencies all met for dep_context=requeueable deps ti=<TaskInstance: enrich_prod.cleaning.cleaning_trafic_deux scheduled__2024-06-02T00:00:00+00:00 [queued]>
[2024-07-25T10:16:46.660+0000] {taskinstance.py:2306} INFO - Starting attempt 1 of 1
[2024-07-25T10:16:46.722+0000] {taskinstance.py:2330} INFO - Executing <Task(PythonOperator): cleaning.cleaning_trafic_deux> on 2024-06-02 00:00:00+00:00
[2024-07-25T10:16:46.737+0000] {warnings.py:112} WARNING - /home/***/.local/lib/python3.12/site-packages/***/task/task_runner/standard_task_runner.py:62: DeprecationWarning: This process (pid=4417) is multi-threaded, use of fork() may lead to deadlocks in the child.
  pid = os.fork()

[2024-07-25T10:16:46.739+0000] {standard_task_runner.py:64} INFO - Started process 4431 to run task
[2024-07-25T10:16:46.739+0000] {standard_task_runner.py:90} INFO - Running: ['***', 'tasks', 'run', 'enrich_prod', 'cleaning.cleaning_trafic_deux', 'scheduled__2024-06-02T00:00:00+00:00', '--job-id', '1060', '--raw', '--subdir', 'DAGS_FOLDER/gps/custom_dags/enrich.py', '--cfg-path', '/tmp/tmpyubgp6h0']
[2024-07-25T10:16:46.742+0000] {standard_task_runner.py:91} INFO - Job 1060: Subtask cleaning.cleaning_trafic_deux
[2024-07-25T10:16:46.828+0000] {task_command.py:426} INFO - Running <TaskInstance: enrich_prod.cleaning.cleaning_trafic_deux scheduled__2024-06-02T00:00:00+00:00 [running]> on host b3845fb494d4
[2024-07-25T10:16:46.973+0000] {taskinstance.py:2648} INFO - Exporting env vars: AIRFLOW_CTX_DAG_EMAIL='richmond.kongo@orange.com,assane.diop@orange.com,cyrille1.danho@orange.com,mohamed2.sylla@orange.com,amadou.diomande@orange.com,Jonas.kouame@orange.com,armand.kablan@orange.com,anicet.azombade@orange.com,etienne.kouadio@orange.com,bertine.kouakou@orange.com,florentine.kouakou@orange.com,ange.phaceli@orange.com,soulegame.soro@orange.com,innocent.yengo@orange.com' AIRFLOW_CTX_DAG_OWNER='***' AIRFLOW_CTX_DAG_ID='enrich_prod' AIRFLOW_CTX_TASK_ID='cleaning.cleaning_trafic_deux' AIRFLOW_CTX_EXECUTION_DATE='2024-06-02T00:00:00+00:00' AIRFLOW_CTX_TRY_NUMBER='1' AIRFLOW_CTX_DAG_RUN_ID='scheduled__2024-06-02T00:00:00+00:00'
[2024-07-25T10:16:46.974+0000] {taskinstance.py:430} INFO - ::endgroup::
[2024-07-25T10:16:47.078+0000] {rwminio.py:19} INFO - start to save data
[2024-07-25T10:16:47.131+0000] {rwminio.py:34} INFO - data in minio ok
[2024-07-25T10:16:47.132+0000] {python.py:237} INFO - Done. Returned value was: None
[2024-07-25T10:16:47.132+0000] {taskinstance.py:441} INFO - ::group::Post task execution logs
[2024-07-25T10:16:47.142+0000] {taskinstance.py:1206} INFO - Marking task as SUCCESS. dag_id=enrich_prod, task_id=cleaning.cleaning_trafic_deux, run_id=scheduled__2024-06-02T00:00:00+00:00, execution_date=20240602T000000, start_date=20240725T101646, end_date=20240725T101647
[2024-07-25T10:16:47.171+0000] {local_task_job_runner.py:243} INFO - Task exited with return code 0
[2024-07-25T10:16:47.182+0000] {local_task_job_runner.py:222} INFO - ::endgroup::
[2024-07-25T10:18:59.957+0000] {local_task_job_runner.py:120} INFO - ::group::Pre task execution logs
[2024-07-25T10:19:00.288+0000] {taskinstance.py:2076} INFO - Dependencies all met for dep_context=non-requeueable deps ti=<TaskInstance: enrich_prod.cleaning.cleaning_trafic_deux scheduled__2024-06-02T00:00:00+00:00 [queued]>
[2024-07-25T10:19:00.299+0000] {taskinstance.py:2076} INFO - Dependencies all met for dep_context=requeueable deps ti=<TaskInstance: enrich_prod.cleaning.cleaning_trafic_deux scheduled__2024-06-02T00:00:00+00:00 [queued]>
[2024-07-25T10:19:00.299+0000] {taskinstance.py:2306} INFO - Starting attempt 1 of 1
[2024-07-25T10:19:00.318+0000] {taskinstance.py:2330} INFO - Executing <Task(PythonOperator): cleaning.cleaning_trafic_deux> on 2024-06-02 00:00:00+00:00
[2024-07-25T10:19:00.334+0000] {warnings.py:112} WARNING - /home/***/.local/lib/python3.12/site-packages/***/task/task_runner/standard_task_runner.py:62: DeprecationWarning: This process (pid=4545) is multi-threaded, use of fork() may lead to deadlocks in the child.
  pid = os.fork()

[2024-07-25T10:19:00.336+0000] {standard_task_runner.py:64} INFO - Started process 4559 to run task
[2024-07-25T10:19:00.336+0000] {standard_task_runner.py:90} INFO - Running: ['***', 'tasks', 'run', 'enrich_prod', 'cleaning.cleaning_trafic_deux', 'scheduled__2024-06-02T00:00:00+00:00', '--job-id', '1090', '--raw', '--subdir', 'DAGS_FOLDER/gps/custom_dags/enrich.py', '--cfg-path', '/tmp/tmpy3qnkr5z']
[2024-07-25T10:19:00.339+0000] {standard_task_runner.py:91} INFO - Job 1090: Subtask cleaning.cleaning_trafic_deux
[2024-07-25T10:19:00.402+0000] {task_command.py:426} INFO - Running <TaskInstance: enrich_prod.cleaning.cleaning_trafic_deux scheduled__2024-06-02T00:00:00+00:00 [running]> on host b3845fb494d4
[2024-07-25T10:19:00.523+0000] {taskinstance.py:2648} INFO - Exporting env vars: AIRFLOW_CTX_DAG_EMAIL='richmond.kongo@orange.com,assane.diop@orange.com,cyrille1.danho@orange.com,mohamed2.sylla@orange.com,amadou.diomande@orange.com,Jonas.kouame@orange.com,armand.kablan@orange.com,anicet.azombade@orange.com,etienne.kouadio@orange.com,bertine.kouakou@orange.com,florentine.kouakou@orange.com,ange.phaceli@orange.com,soulegame.soro@orange.com,innocent.yengo@orange.com' AIRFLOW_CTX_DAG_OWNER='***' AIRFLOW_CTX_DAG_ID='enrich_prod' AIRFLOW_CTX_TASK_ID='cleaning.cleaning_trafic_deux' AIRFLOW_CTX_EXECUTION_DATE='2024-06-02T00:00:00+00:00' AIRFLOW_CTX_TRY_NUMBER='1' AIRFLOW_CTX_DAG_RUN_ID='scheduled__2024-06-02T00:00:00+00:00'
[2024-07-25T10:19:00.524+0000] {taskinstance.py:430} INFO - ::endgroup::
[2024-07-25T10:19:00.631+0000] {rwminio.py:19} INFO - start to save data
[2024-07-25T10:19:00.710+0000] {rwminio.py:34} INFO - data in minio ok
[2024-07-25T10:19:00.710+0000] {python.py:237} INFO - Done. Returned value was: None
[2024-07-25T10:19:00.711+0000] {taskinstance.py:441} INFO - ::group::Post task execution logs
[2024-07-25T10:19:00.725+0000] {taskinstance.py:1206} INFO - Marking task as SUCCESS. dag_id=enrich_prod, task_id=cleaning.cleaning_trafic_deux, run_id=scheduled__2024-06-02T00:00:00+00:00, execution_date=20240602T000000, start_date=20240725T101900, end_date=20240725T101900
[2024-07-25T10:19:00.807+0000] {local_task_job_runner.py:243} INFO - Task exited with return code 0
[2024-07-25T10:19:00.852+0000] {local_task_job_runner.py:222} INFO - ::endgroup::
[2024-07-25T10:23:27.444+0000] {local_task_job_runner.py:120} INFO - ::group::Pre task execution logs
[2024-07-25T10:23:27.479+0000] {taskinstance.py:2076} INFO - Dependencies all met for dep_context=non-requeueable deps ti=<TaskInstance: enrich_prod.cleaning.cleaning_trafic_deux scheduled__2024-06-02T00:00:00+00:00 [queued]>
[2024-07-25T10:23:27.489+0000] {taskinstance.py:2076} INFO - Dependencies all met for dep_context=requeueable deps ti=<TaskInstance: enrich_prod.cleaning.cleaning_trafic_deux scheduled__2024-06-02T00:00:00+00:00 [queued]>
[2024-07-25T10:23:27.489+0000] {taskinstance.py:2306} INFO - Starting attempt 1 of 1
[2024-07-25T10:23:27.519+0000] {taskinstance.py:2330} INFO - Executing <Task(PythonOperator): cleaning.cleaning_trafic_deux> on 2024-06-02 00:00:00+00:00
[2024-07-25T10:23:27.550+0000] {warnings.py:112} WARNING - /home/***/.local/lib/python3.12/site-packages/***/task/task_runner/standard_task_runner.py:62: DeprecationWarning: This process (pid=4686) is multi-threaded, use of fork() may lead to deadlocks in the child.
  pid = os.fork()

[2024-07-25T10:23:27.560+0000] {standard_task_runner.py:64} INFO - Started process 4714 to run task
[2024-07-25T10:23:27.564+0000] {standard_task_runner.py:90} INFO - Running: ['***', 'tasks', 'run', 'enrich_prod', 'cleaning.cleaning_trafic_deux', 'scheduled__2024-06-02T00:00:00+00:00', '--job-id', '1123', '--raw', '--subdir', 'DAGS_FOLDER/gps/custom_dags/enrich.py', '--cfg-path', '/tmp/tmplqblg7j1']
[2024-07-25T10:23:27.575+0000] {standard_task_runner.py:91} INFO - Job 1123: Subtask cleaning.cleaning_trafic_deux
[2024-07-25T10:23:27.747+0000] {task_command.py:426} INFO - Running <TaskInstance: enrich_prod.cleaning.cleaning_trafic_deux scheduled__2024-06-02T00:00:00+00:00 [running]> on host b3845fb494d4
[2024-07-25T10:23:27.991+0000] {taskinstance.py:2648} INFO - Exporting env vars: AIRFLOW_CTX_DAG_EMAIL='richmond.kongo@orange.com,assane.diop@orange.com,cyrille1.danho@orange.com,mohamed2.sylla@orange.com,amadou.diomande@orange.com,Jonas.kouame@orange.com,armand.kablan@orange.com,anicet.azombade@orange.com,etienne.kouadio@orange.com,bertine.kouakou@orange.com,florentine.kouakou@orange.com,ange.phaceli@orange.com,soulegame.soro@orange.com,innocent.yengo@orange.com' AIRFLOW_CTX_DAG_OWNER='***' AIRFLOW_CTX_DAG_ID='enrich_prod' AIRFLOW_CTX_TASK_ID='cleaning.cleaning_trafic_deux' AIRFLOW_CTX_EXECUTION_DATE='2024-06-02T00:00:00+00:00' AIRFLOW_CTX_TRY_NUMBER='1' AIRFLOW_CTX_DAG_RUN_ID='scheduled__2024-06-02T00:00:00+00:00'
[2024-07-25T10:23:27.992+0000] {taskinstance.py:430} INFO - ::endgroup::
[2024-07-25T10:23:28.124+0000] {rwminio.py:19} INFO - start to save data
[2024-07-25T10:23:28.239+0000] {rwminio.py:34} INFO - data in minio ok
[2024-07-25T10:23:28.239+0000] {python.py:237} INFO - Done. Returned value was: None
[2024-07-25T10:23:28.240+0000] {taskinstance.py:441} INFO - ::group::Post task execution logs
[2024-07-25T10:23:28.271+0000] {taskinstance.py:1206} INFO - Marking task as SUCCESS. dag_id=enrich_prod, task_id=cleaning.cleaning_trafic_deux, run_id=scheduled__2024-06-02T00:00:00+00:00, execution_date=20240602T000000, start_date=20240725T102327, end_date=20240725T102328
[2024-07-25T10:23:28.338+0000] {local_task_job_runner.py:243} INFO - Task exited with return code 0
[2024-07-25T10:23:28.372+0000] {local_task_job_runner.py:222} INFO - ::endgroup::
