[2024-08-06T17:07:43.689+0000] {local_task_job_runner.py:120} INFO - ::group::Pre task execution logs
[2024-08-06T17:07:43.781+0000] {taskinstance.py:2076} INFO - Dependencies all met for dep_context=non-requeueable deps ti=<TaskInstance: motower_daily_prod.clean_trafic_task scheduled__2024-03-25T06:00:00+00:00 [queued]>
[2024-08-06T17:07:43.812+0000] {taskinstance.py:2076} INFO - Dependencies all met for dep_context=requeueable deps ti=<TaskInstance: motower_daily_prod.clean_trafic_task scheduled__2024-03-25T06:00:00+00:00 [queued]>
[2024-08-06T17:07:43.814+0000] {taskinstance.py:2306} INFO - Starting attempt 1 of 1
[2024-08-06T17:07:43.864+0000] {taskinstance.py:2330} INFO - Executing <Task(PythonOperator): clean_trafic_task> on 2024-03-25 06:00:00+00:00
[2024-08-06T17:07:43.881+0000] {warnings.py:112} WARNING - /home/***/.local/lib/python3.12/site-packages/***/task/task_runner/standard_task_runner.py:62: DeprecationWarning: This process (pid=3432) is multi-threaded, use of fork() may lead to deadlocks in the child.
  pid = os.fork()

[2024-08-06T17:07:43.884+0000] {standard_task_runner.py:64} INFO - Started process 3440 to run task
[2024-08-06T17:07:43.890+0000] {standard_task_runner.py:90} INFO - Running: ['***', 'tasks', 'run', 'motower_daily_prod', 'clean_trafic_task', 'scheduled__2024-03-25T06:00:00+00:00', '--job-id', '807', '--raw', '--subdir', 'DAGS_FOLDER/gps/custom_dags/motower_daily.py', '--cfg-path', '/tmp/tmpov1xb7yi']
[2024-08-06T17:07:43.899+0000] {standard_task_runner.py:91} INFO - Job 807: Subtask clean_trafic_task
[2024-08-06T17:07:44.054+0000] {task_command.py:426} INFO - Running <TaskInstance: motower_daily_prod.clean_trafic_task scheduled__2024-03-25T06:00:00+00:00 [running]> on host 13681191f11c
[2024-08-06T17:07:44.350+0000] {taskinstance.py:2648} INFO - Exporting env vars: AIRFLOW_CTX_DAG_EMAIL='richmond.kongo@orange.com,assane.diop@orange.com,cyrille1.danho@orange.com,mohamed2.sylla@orange.com,amadou.diomande@orange.com,Jonas.kouame@orange.com,armand.kablan@orange.com,anicet.azombade@orange.com,etienne.kouadio@orange.com,bertine.kouakou@orange.com,florentine.kouakou@orange.com,ange.phaceli@orange.com,soulegame.soro@orange.com,innocent.yengo@orange.com' AIRFLOW_CTX_DAG_OWNER='***' AIRFLOW_CTX_DAG_ID='motower_daily_prod' AIRFLOW_CTX_TASK_ID='clean_trafic_task' AIRFLOW_CTX_EXECUTION_DATE='2024-03-25T06:00:00+00:00' AIRFLOW_CTX_TRY_NUMBER='1' AIRFLOW_CTX_DAG_RUN_ID='scheduled__2024-03-25T06:00:00+00:00'
[2024-08-06T17:07:44.356+0000] {taskinstance.py:430} INFO - ::endgroup::
[2024-08-06T17:07:44.547+0000] {data_validation.py:11} INFO - START VALIDATION OF COLUMN trafic_data_go
[2024-08-06T17:07:44.550+0000] {data_validation.py:20} INFO - DATA OF COLUMN trafic_data_go ARE VALID
[2024-08-06T17:07:44.552+0000] {data_validation.py:11} INFO - START VALIDATION OF COLUMN trafic_voix_erl
[2024-08-06T17:07:44.555+0000] {data_validation.py:20} INFO - DATA OF COLUMN trafic_voix_erl ARE VALID
[2024-08-06T17:07:44.556+0000] {motower_daily.py:267} INFO - prepare final data
[2024-08-06T17:07:44.606+0000] {logging_mixin.py:188} INFO - ================================
[2024-08-06T17:07:44.607+0000] {logging_mixin.py:188} INFO - object
[2024-08-06T17:07:45.308+0000] {python.py:237} INFO - Done. Returned value was: None
[2024-08-06T17:07:45.309+0000] {taskinstance.py:441} INFO - ::group::Post task execution logs
[2024-08-06T17:07:45.349+0000] {taskinstance.py:1206} INFO - Marking task as SUCCESS. dag_id=motower_daily_prod, task_id=clean_trafic_task, run_id=scheduled__2024-03-25T06:00:00+00:00, execution_date=20240325T060000, start_date=20240806T170743, end_date=20240806T170745
[2024-08-06T17:07:45.456+0000] {local_task_job_runner.py:243} INFO - Task exited with return code 0
[2024-08-06T17:07:45.522+0000] {taskinstance.py:3503} INFO - 0 downstream tasks scheduled from follow-on schedule check
[2024-08-06T17:07:45.565+0000] {local_task_job_runner.py:222} INFO - ::endgroup::
[2024-08-06T17:38:24.296+0000] {local_task_job_runner.py:120} INFO - ::group::Pre task execution logs
[2024-08-06T17:38:24.377+0000] {taskinstance.py:2076} INFO - Dependencies all met for dep_context=non-requeueable deps ti=<TaskInstance: motower_daily_prod.clean_trafic_task scheduled__2024-03-25T06:00:00+00:00 [queued]>
[2024-08-06T17:38:24.406+0000] {taskinstance.py:2076} INFO - Dependencies all met for dep_context=requeueable deps ti=<TaskInstance: motower_daily_prod.clean_trafic_task scheduled__2024-03-25T06:00:00+00:00 [queued]>
[2024-08-06T17:38:24.407+0000] {taskinstance.py:2306} INFO - Starting attempt 1 of 1
[2024-08-06T17:38:24.437+0000] {taskinstance.py:2330} INFO - Executing <Task(PythonOperator): clean_trafic_task> on 2024-03-25 06:00:00+00:00
[2024-08-06T17:38:24.451+0000] {warnings.py:112} WARNING - /home/***/.local/lib/python3.12/site-packages/***/task/task_runner/standard_task_runner.py:62: DeprecationWarning: This process (pid=7587) is multi-threaded, use of fork() may lead to deadlocks in the child.
  pid = os.fork()

[2024-08-06T17:38:24.455+0000] {standard_task_runner.py:64} INFO - Started process 7600 to run task
[2024-08-06T17:38:24.455+0000] {standard_task_runner.py:90} INFO - Running: ['***', 'tasks', 'run', 'motower_daily_prod', 'clean_trafic_task', 'scheduled__2024-03-25T06:00:00+00:00', '--job-id', '2074', '--raw', '--subdir', 'DAGS_FOLDER/gps/custom_dags/motower_daily.py', '--cfg-path', '/tmp/tmpnl1em5qm']
[2024-08-06T17:38:24.458+0000] {standard_task_runner.py:91} INFO - Job 2074: Subtask clean_trafic_task
[2024-08-06T17:38:24.535+0000] {task_command.py:426} INFO - Running <TaskInstance: motower_daily_prod.clean_trafic_task scheduled__2024-03-25T06:00:00+00:00 [running]> on host 13681191f11c
[2024-08-06T17:38:24.949+0000] {taskinstance.py:2648} INFO - Exporting env vars: AIRFLOW_CTX_DAG_EMAIL='richmond.kongo@orange.com,assane.diop@orange.com,cyrille1.danho@orange.com,mohamed2.sylla@orange.com,amadou.diomande@orange.com,Jonas.kouame@orange.com,armand.kablan@orange.com,anicet.azombade@orange.com,etienne.kouadio@orange.com,bertine.kouakou@orange.com,florentine.kouakou@orange.com,ange.phaceli@orange.com,soulegame.soro@orange.com,innocent.yengo@orange.com' AIRFLOW_CTX_DAG_OWNER='***' AIRFLOW_CTX_DAG_ID='motower_daily_prod' AIRFLOW_CTX_TASK_ID='clean_trafic_task' AIRFLOW_CTX_EXECUTION_DATE='2024-03-25T06:00:00+00:00' AIRFLOW_CTX_TRY_NUMBER='1' AIRFLOW_CTX_DAG_RUN_ID='scheduled__2024-03-25T06:00:00+00:00'
[2024-08-06T17:38:24.951+0000] {taskinstance.py:430} INFO - ::endgroup::
[2024-08-06T17:38:25.186+0000] {data_validation.py:11} INFO - START VALIDATION OF COLUMN trafic_data_go
[2024-08-06T17:38:25.189+0000] {data_validation.py:20} INFO - DATA OF COLUMN trafic_data_go ARE VALID
[2024-08-06T17:38:25.190+0000] {data_validation.py:11} INFO - START VALIDATION OF COLUMN trafic_voix_erl
[2024-08-06T17:38:25.192+0000] {data_validation.py:20} INFO - DATA OF COLUMN trafic_voix_erl ARE VALID
[2024-08-06T17:38:25.193+0000] {motower_daily.py:267} INFO - prepare final data
[2024-08-06T17:38:25.245+0000] {logging_mixin.py:188} INFO - ================================
[2024-08-06T17:38:25.246+0000] {logging_mixin.py:188} INFO - object
[2024-08-06T17:38:26.295+0000] {python.py:237} INFO - Done. Returned value was: None
[2024-08-06T17:38:26.297+0000] {taskinstance.py:441} INFO - ::group::Post task execution logs
[2024-08-06T17:38:26.337+0000] {taskinstance.py:1206} INFO - Marking task as SUCCESS. dag_id=motower_daily_prod, task_id=clean_trafic_task, run_id=scheduled__2024-03-25T06:00:00+00:00, execution_date=20240325T060000, start_date=20240806T173824, end_date=20240806T173826
[2024-08-06T17:38:26.432+0000] {local_task_job_runner.py:243} INFO - Task exited with return code 0
[2024-08-06T17:38:26.470+0000] {taskinstance.py:3503} INFO - 0 downstream tasks scheduled from follow-on schedule check
[2024-08-06T17:38:26.479+0000] {local_task_job_runner.py:222} INFO - ::endgroup::
[2024-08-06T18:26:01.890+0000] {local_task_job_runner.py:120} INFO - ::group::Pre task execution logs
[2024-08-06T18:26:02.333+0000] {taskinstance.py:2076} INFO - Dependencies all met for dep_context=non-requeueable deps ti=<TaskInstance: motower_daily_prod.clean_trafic_task scheduled__2024-03-25T06:00:00+00:00 [queued]>
[2024-08-06T18:26:02.387+0000] {taskinstance.py:2076} INFO - Dependencies all met for dep_context=requeueable deps ti=<TaskInstance: motower_daily_prod.clean_trafic_task scheduled__2024-03-25T06:00:00+00:00 [queued]>
[2024-08-06T18:26:02.388+0000] {taskinstance.py:2306} INFO - Starting attempt 1 of 1
[2024-08-06T18:26:02.447+0000] {taskinstance.py:2330} INFO - Executing <Task(PythonOperator): clean_trafic_task> on 2024-03-25 06:00:00+00:00
[2024-08-06T18:26:02.466+0000] {warnings.py:112} WARNING - /home/***/.local/lib/python3.12/site-packages/***/task/task_runner/standard_task_runner.py:62: DeprecationWarning: This process (pid=11442) is multi-threaded, use of fork() may lead to deadlocks in the child.
  pid = os.fork()

[2024-08-06T18:26:02.468+0000] {standard_task_runner.py:64} INFO - Started process 11462 to run task
[2024-08-06T18:26:02.469+0000] {standard_task_runner.py:90} INFO - Running: ['***', 'tasks', 'run', 'motower_daily_prod', 'clean_trafic_task', 'scheduled__2024-03-25T06:00:00+00:00', '--job-id', '3167', '--raw', '--subdir', 'DAGS_FOLDER/gps/custom_dags/motower_daily.py', '--cfg-path', '/tmp/tmp1kaqb04l']
[2024-08-06T18:26:02.485+0000] {standard_task_runner.py:91} INFO - Job 3167: Subtask clean_trafic_task
[2024-08-06T18:26:02.621+0000] {task_command.py:426} INFO - Running <TaskInstance: motower_daily_prod.clean_trafic_task scheduled__2024-03-25T06:00:00+00:00 [running]> on host 13681191f11c
[2024-08-06T18:26:02.891+0000] {taskinstance.py:2648} INFO - Exporting env vars: AIRFLOW_CTX_DAG_EMAIL='richmond.kongo@orange.com,assane.diop@orange.com,cyrille1.danho@orange.com,mohamed2.sylla@orange.com,amadou.diomande@orange.com,Jonas.kouame@orange.com,armand.kablan@orange.com,anicet.azombade@orange.com,etienne.kouadio@orange.com,bertine.kouakou@orange.com,florentine.kouakou@orange.com,ange.phaceli@orange.com,soulegame.soro@orange.com,innocent.yengo@orange.com' AIRFLOW_CTX_DAG_OWNER='***' AIRFLOW_CTX_DAG_ID='motower_daily_prod' AIRFLOW_CTX_TASK_ID='clean_trafic_task' AIRFLOW_CTX_EXECUTION_DATE='2024-03-25T06:00:00+00:00' AIRFLOW_CTX_TRY_NUMBER='1' AIRFLOW_CTX_DAG_RUN_ID='scheduled__2024-03-25T06:00:00+00:00'
[2024-08-06T18:26:02.892+0000] {taskinstance.py:430} INFO - ::endgroup::
[2024-08-06T18:26:03.080+0000] {data_validation.py:11} INFO - START VALIDATION OF COLUMN trafic_data_go
[2024-08-06T18:26:03.083+0000] {data_validation.py:20} INFO - DATA OF COLUMN trafic_data_go ARE VALID
[2024-08-06T18:26:03.085+0000] {data_validation.py:11} INFO - START VALIDATION OF COLUMN trafic_voix_erl
[2024-08-06T18:26:03.088+0000] {data_validation.py:20} INFO - DATA OF COLUMN trafic_voix_erl ARE VALID
[2024-08-06T18:26:03.117+0000] {motower_daily.py:267} INFO - prepare final data
[2024-08-06T18:26:03.228+0000] {logging_mixin.py:188} INFO - ================================
[2024-08-06T18:26:03.228+0000] {logging_mixin.py:188} INFO - object
[2024-08-06T18:26:03.938+0000] {python.py:237} INFO - Done. Returned value was: None
[2024-08-06T18:26:03.940+0000] {taskinstance.py:441} INFO - ::group::Post task execution logs
[2024-08-06T18:26:03.959+0000] {taskinstance.py:1206} INFO - Marking task as SUCCESS. dag_id=motower_daily_prod, task_id=clean_trafic_task, run_id=scheduled__2024-03-25T06:00:00+00:00, execution_date=20240325T060000, start_date=20240806T182602, end_date=20240806T182603
[2024-08-06T18:26:04.805+0000] {local_task_job_runner.py:243} INFO - Task exited with return code 0
[2024-08-06T18:26:04.848+0000] {taskinstance.py:3503} INFO - 0 downstream tasks scheduled from follow-on schedule check
[2024-08-06T18:26:04.855+0000] {local_task_job_runner.py:222} INFO - ::endgroup::
