[2024-08-06T16:57:33.927+0000] {local_task_job_runner.py:120} INFO - ::group::Pre task execution logs
[2024-08-06T16:57:34.674+0000] {taskinstance.py:2076} INFO - Dependencies all met for dep_context=non-requeueable deps ti=<TaskInstance: motower_daily_prod.extracta scheduled__2024-01-12T06:00:00+00:00 [queued]>
[2024-08-06T16:57:34.752+0000] {taskinstance.py:2076} INFO - Dependencies all met for dep_context=requeueable deps ti=<TaskInstance: motower_daily_prod.extracta scheduled__2024-01-12T06:00:00+00:00 [queued]>
[2024-08-06T16:57:34.753+0000] {taskinstance.py:2306} INFO - Starting attempt 1 of 1
[2024-08-06T16:57:34.827+0000] {taskinstance.py:2330} INFO - Executing <Task(PythonOperator): extracta> on 2024-01-12 06:00:00+00:00
[2024-08-06T16:57:34.877+0000] {standard_task_runner.py:90} INFO - Running: ['***', 'tasks', 'run', 'motower_daily_prod', 'extracta', 'scheduled__2024-01-12T06:00:00+00:00', '--job-id', '145', '--raw', '--subdir', 'DAGS_FOLDER/gps/custom_dags/motower_daily.py', '--cfg-path', '/tmp/tmp95f0xqxg']
[2024-08-06T16:57:34.882+0000] {standard_task_runner.py:91} INFO - Job 145: Subtask extracta
[2024-08-06T16:57:34.897+0000] {warnings.py:112} WARNING - /home/***/.local/lib/python3.12/site-packages/***/task/task_runner/standard_task_runner.py:62: DeprecationWarning: This process (pid=1330) is multi-threaded, use of fork() may lead to deadlocks in the child.
  pid = os.fork()

[2024-08-06T16:57:34.899+0000] {standard_task_runner.py:64} INFO - Started process 1350 to run task
[2024-08-06T16:57:35.026+0000] {task_command.py:426} INFO - Running <TaskInstance: motower_daily_prod.extracta scheduled__2024-01-12T06:00:00+00:00 [running]> on host 13681191f11c
[2024-08-06T16:57:35.292+0000] {taskinstance.py:2648} INFO - Exporting env vars: AIRFLOW_CTX_DAG_EMAIL='richmond.kongo@orange.com,assane.diop@orange.com,cyrille1.danho@orange.com,mohamed2.sylla@orange.com,amadou.diomande@orange.com,Jonas.kouame@orange.com,armand.kablan@orange.com,anicet.azombade@orange.com,etienne.kouadio@orange.com,bertine.kouakou@orange.com,florentine.kouakou@orange.com,ange.phaceli@orange.com,soulegame.soro@orange.com,innocent.yengo@orange.com' AIRFLOW_CTX_DAG_OWNER='***' AIRFLOW_CTX_DAG_ID='motower_daily_prod' AIRFLOW_CTX_TASK_ID='extracta' AIRFLOW_CTX_EXECUTION_DATE='2024-01-12T06:00:00+00:00' AIRFLOW_CTX_TRY_NUMBER='1' AIRFLOW_CTX_DAG_RUN_ID='scheduled__2024-01-12T06:00:00+00:00'
[2024-08-06T16:57:35.294+0000] {taskinstance.py:430} INFO - ::endgroup::
[2024-08-06T16:57:35.333+0000] {extract.py:126} INFO - Getting data of the table dtm_motower_gsm 
[2024-08-06T16:57:35.334+0000] {extract.py:127} INFO - where date is 2024-01-11
[2024-08-06T16:57:35.334+0000] {extract.py:102} INFO - get data to date 20240111
[2024-08-06T16:57:35.350+0000] {warnings.py:112} WARNING - /opt/***/dags/gps/common/extract.py:103: UserWarning: pandas only supports SQLAlchemy connectable (engine/connection) or database string URI or sqlite3 DBAPI2 connection. Other DBAPI2 objects are not tested. Please consider using SQLAlchemy.
  df_ = pd.read_sql_query(sql_query, conn, params=params)

[2024-08-06T16:57:35.526+0000] {rwminio.py:19} INFO - start to save data
[2024-08-06T16:57:35.634+0000] {rwminio.py:34} INFO - data in minio ok
[2024-08-06T16:57:35.635+0000] {python.py:237} INFO - Done. Returned value was: None
[2024-08-06T16:57:35.635+0000] {taskinstance.py:441} INFO - ::group::Post task execution logs
[2024-08-06T16:57:35.662+0000] {taskinstance.py:1206} INFO - Marking task as SUCCESS. dag_id=motower_daily_prod, task_id=extracta, run_id=scheduled__2024-01-12T06:00:00+00:00, execution_date=20240112T060000, start_date=20240806T165734, end_date=20240806T165735
[2024-08-06T16:57:35.744+0000] {local_task_job_runner.py:243} INFO - Task exited with return code 0
[2024-08-06T16:57:35.770+0000] {local_task_job_runner.py:222} INFO - ::endgroup::
[2024-08-06T17:27:57.379+0000] {local_task_job_runner.py:120} INFO - ::group::Pre task execution logs
[2024-08-06T17:27:57.487+0000] {taskinstance.py:2076} INFO - Dependencies all met for dep_context=non-requeueable deps ti=<TaskInstance: motower_daily_prod.extracta scheduled__2024-01-12T06:00:00+00:00 [queued]>
[2024-08-06T17:27:57.526+0000] {taskinstance.py:2076} INFO - Dependencies all met for dep_context=requeueable deps ti=<TaskInstance: motower_daily_prod.extracta scheduled__2024-01-12T06:00:00+00:00 [queued]>
[2024-08-06T17:27:57.527+0000] {taskinstance.py:2306} INFO - Starting attempt 1 of 1
[2024-08-06T17:27:57.567+0000] {taskinstance.py:2330} INFO - Executing <Task(PythonOperator): extracta> on 2024-01-12 06:00:00+00:00
[2024-08-06T17:27:57.601+0000] {warnings.py:112} WARNING - /home/***/.local/lib/python3.12/site-packages/***/task/task_runner/standard_task_runner.py:62: DeprecationWarning: This process (pid=5456) is multi-threaded, use of fork() may lead to deadlocks in the child.
  pid = os.fork()

[2024-08-06T17:27:57.604+0000] {standard_task_runner.py:64} INFO - Started process 5472 to run task
[2024-08-06T17:27:57.600+0000] {standard_task_runner.py:90} INFO - Running: ['***', 'tasks', 'run', 'motower_daily_prod', 'extracta', 'scheduled__2024-01-12T06:00:00+00:00', '--job-id', '1400', '--raw', '--subdir', 'DAGS_FOLDER/gps/custom_dags/motower_daily.py', '--cfg-path', '/tmp/tmp4j72xrme']
[2024-08-06T17:27:57.609+0000] {standard_task_runner.py:91} INFO - Job 1400: Subtask extracta
[2024-08-06T17:27:57.786+0000] {task_command.py:426} INFO - Running <TaskInstance: motower_daily_prod.extracta scheduled__2024-01-12T06:00:00+00:00 [running]> on host 13681191f11c
[2024-08-06T17:27:58.117+0000] {taskinstance.py:2648} INFO - Exporting env vars: AIRFLOW_CTX_DAG_EMAIL='richmond.kongo@orange.com,assane.diop@orange.com,cyrille1.danho@orange.com,mohamed2.sylla@orange.com,amadou.diomande@orange.com,Jonas.kouame@orange.com,armand.kablan@orange.com,anicet.azombade@orange.com,etienne.kouadio@orange.com,bertine.kouakou@orange.com,florentine.kouakou@orange.com,ange.phaceli@orange.com,soulegame.soro@orange.com,innocent.yengo@orange.com' AIRFLOW_CTX_DAG_OWNER='***' AIRFLOW_CTX_DAG_ID='motower_daily_prod' AIRFLOW_CTX_TASK_ID='extracta' AIRFLOW_CTX_EXECUTION_DATE='2024-01-12T06:00:00+00:00' AIRFLOW_CTX_TRY_NUMBER='1' AIRFLOW_CTX_DAG_RUN_ID='scheduled__2024-01-12T06:00:00+00:00'
[2024-08-06T17:27:58.119+0000] {taskinstance.py:430} INFO - ::endgroup::
[2024-08-06T17:27:58.188+0000] {extract.py:126} INFO - Getting data of the table dtm_motower_gsm 
[2024-08-06T17:27:58.188+0000] {extract.py:127} INFO - where date is 2024-01-11
[2024-08-06T17:27:58.189+0000] {extract.py:102} INFO - get data to date 20240111
[2024-08-06T17:27:58.200+0000] {warnings.py:112} WARNING - /opt/***/dags/gps/common/extract.py:103: UserWarning: pandas only supports SQLAlchemy connectable (engine/connection) or database string URI or sqlite3 DBAPI2 connection. Other DBAPI2 objects are not tested. Please consider using SQLAlchemy.
  df_ = pd.read_sql_query(sql_query, conn, params=params)

[2024-08-06T17:27:58.419+0000] {rwminio.py:19} INFO - start to save data
[2024-08-06T17:27:58.561+0000] {rwminio.py:34} INFO - data in minio ok
[2024-08-06T17:27:58.562+0000] {python.py:237} INFO - Done. Returned value was: None
[2024-08-06T17:27:58.563+0000] {taskinstance.py:441} INFO - ::group::Post task execution logs
[2024-08-06T17:27:58.585+0000] {taskinstance.py:1206} INFO - Marking task as SUCCESS. dag_id=motower_daily_prod, task_id=extracta, run_id=scheduled__2024-01-12T06:00:00+00:00, execution_date=20240112T060000, start_date=20240806T172757, end_date=20240806T172758
[2024-08-06T17:27:58.700+0000] {local_task_job_runner.py:243} INFO - Task exited with return code 0
[2024-08-06T17:27:58.783+0000] {taskinstance.py:3503} INFO - 0 downstream tasks scheduled from follow-on schedule check
[2024-08-06T17:27:58.791+0000] {local_task_job_runner.py:222} INFO - ::endgroup::
[2024-08-06T18:15:41.451+0000] {local_task_job_runner.py:120} INFO - ::group::Pre task execution logs
[2024-08-06T18:15:41.655+0000] {taskinstance.py:2076} INFO - Dependencies all met for dep_context=non-requeueable deps ti=<TaskInstance: motower_daily_prod.extracta scheduled__2024-01-12T06:00:00+00:00 [queued]>
[2024-08-06T18:15:41.729+0000] {taskinstance.py:2076} INFO - Dependencies all met for dep_context=requeueable deps ti=<TaskInstance: motower_daily_prod.extracta scheduled__2024-01-12T06:00:00+00:00 [queued]>
[2024-08-06T18:15:41.730+0000] {taskinstance.py:2306} INFO - Starting attempt 1 of 1
[2024-08-06T18:15:42.255+0000] {taskinstance.py:2330} INFO - Executing <Task(PythonOperator): extracta> on 2024-01-12 06:00:00+00:00
[2024-08-06T18:15:42.306+0000] {warnings.py:112} WARNING - /home/***/.local/lib/python3.12/site-packages/***/task/task_runner/standard_task_runner.py:62: DeprecationWarning: This process (pid=9349) is multi-threaded, use of fork() may lead to deadlocks in the child.
  pid = os.fork()

[2024-08-06T18:15:42.308+0000] {standard_task_runner.py:64} INFO - Started process 9370 to run task
[2024-08-06T18:15:42.317+0000] {standard_task_runner.py:90} INFO - Running: ['***', 'tasks', 'run', 'motower_daily_prod', 'extracta', 'scheduled__2024-01-12T06:00:00+00:00', '--job-id', '2507', '--raw', '--subdir', 'DAGS_FOLDER/gps/custom_dags/motower_daily.py', '--cfg-path', '/tmp/tmpd2d5h2n0']
[2024-08-06T18:15:42.321+0000] {standard_task_runner.py:91} INFO - Job 2507: Subtask extracta
[2024-08-06T18:15:42.544+0000] {task_command.py:426} INFO - Running <TaskInstance: motower_daily_prod.extracta scheduled__2024-01-12T06:00:00+00:00 [running]> on host 13681191f11c
[2024-08-06T18:15:43.012+0000] {taskinstance.py:2648} INFO - Exporting env vars: AIRFLOW_CTX_DAG_EMAIL='richmond.kongo@orange.com,assane.diop@orange.com,cyrille1.danho@orange.com,mohamed2.sylla@orange.com,amadou.diomande@orange.com,Jonas.kouame@orange.com,armand.kablan@orange.com,anicet.azombade@orange.com,etienne.kouadio@orange.com,bertine.kouakou@orange.com,florentine.kouakou@orange.com,ange.phaceli@orange.com,soulegame.soro@orange.com,innocent.yengo@orange.com' AIRFLOW_CTX_DAG_OWNER='***' AIRFLOW_CTX_DAG_ID='motower_daily_prod' AIRFLOW_CTX_TASK_ID='extracta' AIRFLOW_CTX_EXECUTION_DATE='2024-01-12T06:00:00+00:00' AIRFLOW_CTX_TRY_NUMBER='1' AIRFLOW_CTX_DAG_RUN_ID='scheduled__2024-01-12T06:00:00+00:00'
[2024-08-06T18:15:43.015+0000] {taskinstance.py:430} INFO - ::endgroup::
[2024-08-06T18:15:43.065+0000] {extract.py:126} INFO - Getting data of the table dtm_motower_gsm 
[2024-08-06T18:15:43.066+0000] {extract.py:127} INFO - where date is 2024-01-11
[2024-08-06T18:15:43.066+0000] {extract.py:102} INFO - get data to date 20240111
[2024-08-06T18:15:43.106+0000] {warnings.py:112} WARNING - /opt/***/dags/gps/common/extract.py:103: UserWarning: pandas only supports SQLAlchemy connectable (engine/connection) or database string URI or sqlite3 DBAPI2 connection. Other DBAPI2 objects are not tested. Please consider using SQLAlchemy.
  df_ = pd.read_sql_query(sql_query, conn, params=params)

[2024-08-06T18:15:43.445+0000] {rwminio.py:19} INFO - start to save data
[2024-08-06T18:15:43.678+0000] {rwminio.py:34} INFO - data in minio ok
[2024-08-06T18:15:43.679+0000] {python.py:237} INFO - Done. Returned value was: None
[2024-08-06T18:15:43.680+0000] {taskinstance.py:441} INFO - ::group::Post task execution logs
[2024-08-06T18:15:43.712+0000] {taskinstance.py:1206} INFO - Marking task as SUCCESS. dag_id=motower_daily_prod, task_id=extracta, run_id=scheduled__2024-01-12T06:00:00+00:00, execution_date=20240112T060000, start_date=20240806T181541, end_date=20240806T181543
[2024-08-06T18:15:43.827+0000] {local_task_job_runner.py:243} INFO - Task exited with return code 0
[2024-08-06T18:15:43.920+0000] {taskinstance.py:3503} INFO - 0 downstream tasks scheduled from follow-on schedule check
[2024-08-06T18:15:43.941+0000] {local_task_job_runner.py:222} INFO - ::endgroup::
