[2024-08-06T17:06:55.503+0000] {local_task_job_runner.py:120} INFO - ::group::Pre task execution logs
[2024-08-06T17:06:56.022+0000] {taskinstance.py:2076} INFO - Dependencies all met for dep_context=non-requeueable deps ti=<TaskInstance: motower_daily_prod.extract_trafic scheduled__2024-03-19T06:00:00+00:00 [queued]>
[2024-08-06T17:06:56.054+0000] {taskinstance.py:2076} INFO - Dependencies all met for dep_context=requeueable deps ti=<TaskInstance: motower_daily_prod.extract_trafic scheduled__2024-03-19T06:00:00+00:00 [queued]>
[2024-08-06T17:06:56.055+0000] {taskinstance.py:2306} INFO - Starting attempt 1 of 1
[2024-08-06T17:06:56.094+0000] {taskinstance.py:2330} INFO - Executing <Task(PythonOperator): extract_trafic> on 2024-03-19 06:00:00+00:00
[2024-08-06T17:06:56.115+0000] {warnings.py:112} WARNING - /home/***/.local/lib/python3.12/site-packages/***/task/task_runner/standard_task_runner.py:62: DeprecationWarning: This process (pid=3240) is multi-threaded, use of fork() may lead to deadlocks in the child.
  pid = os.fork()

[2024-08-06T17:06:56.117+0000] {standard_task_runner.py:64} INFO - Started process 3254 to run task
[2024-08-06T17:06:56.142+0000] {standard_task_runner.py:90} INFO - Running: ['***', 'tasks', 'run', 'motower_daily_prod', 'extract_trafic', 'scheduled__2024-03-19T06:00:00+00:00', '--job-id', '744', '--raw', '--subdir', 'DAGS_FOLDER/gps/custom_dags/motower_daily.py', '--cfg-path', '/tmp/tmpiccjniab']
[2024-08-06T17:06:56.151+0000] {standard_task_runner.py:91} INFO - Job 744: Subtask extract_trafic
[2024-08-06T17:06:56.306+0000] {task_command.py:426} INFO - Running <TaskInstance: motower_daily_prod.extract_trafic scheduled__2024-03-19T06:00:00+00:00 [running]> on host 13681191f11c
[2024-08-06T17:06:56.683+0000] {taskinstance.py:2648} INFO - Exporting env vars: AIRFLOW_CTX_DAG_EMAIL='richmond.kongo@orange.com,assane.diop@orange.com,cyrille1.danho@orange.com,mohamed2.sylla@orange.com,amadou.diomande@orange.com,Jonas.kouame@orange.com,armand.kablan@orange.com,anicet.azombade@orange.com,etienne.kouadio@orange.com,bertine.kouakou@orange.com,florentine.kouakou@orange.com,ange.phaceli@orange.com,soulegame.soro@orange.com,innocent.yengo@orange.com' AIRFLOW_CTX_DAG_OWNER='***' AIRFLOW_CTX_DAG_ID='motower_daily_prod' AIRFLOW_CTX_TASK_ID='extract_trafic' AIRFLOW_CTX_EXECUTION_DATE='2024-03-19T06:00:00+00:00' AIRFLOW_CTX_TRY_NUMBER='1' AIRFLOW_CTX_DAG_RUN_ID='scheduled__2024-03-19T06:00:00+00:00'
[2024-08-06T17:06:56.690+0000] {taskinstance.py:430} INFO - ::endgroup::
[2024-08-06T17:06:56.737+0000] {extract.py:126} INFO - Getting data of the table ks_daily_tdb_radio_drsi 
[2024-08-06T17:06:56.737+0000] {extract.py:127} INFO - where date is 2024-03-18
[2024-08-06T17:06:56.738+0000] {extract.py:102} INFO - get data to date 2024-03-18
[2024-08-06T17:06:56.749+0000] {warnings.py:112} WARNING - /opt/***/dags/gps/common/extract.py:103: UserWarning: pandas only supports SQLAlchemy connectable (engine/connection) or database string URI or sqlite3 DBAPI2 connection. Other DBAPI2 objects are not tested. Please consider using SQLAlchemy.
  df_ = pd.read_sql_query(sql_query, conn, params=params)

[2024-08-06T17:06:57.188+0000] {rwminio.py:19} INFO - start to save data
[2024-08-06T17:06:57.465+0000] {rwminio.py:34} INFO - data in minio ok
[2024-08-06T17:06:57.473+0000] {python.py:237} INFO - Done. Returned value was: None
[2024-08-06T17:06:57.474+0000] {taskinstance.py:441} INFO - ::group::Post task execution logs
[2024-08-06T17:06:57.502+0000] {taskinstance.py:1206} INFO - Marking task as SUCCESS. dag_id=motower_daily_prod, task_id=extract_trafic, run_id=scheduled__2024-03-19T06:00:00+00:00, execution_date=20240319T060000, start_date=20240806T170656, end_date=20240806T170657
[2024-08-06T17:06:57.569+0000] {local_task_job_runner.py:243} INFO - Task exited with return code 0
[2024-08-06T17:06:57.606+0000] {local_task_job_runner.py:222} INFO - ::endgroup::
[2024-08-06T17:37:13.183+0000] {local_task_job_runner.py:120} INFO - ::group::Pre task execution logs
[2024-08-06T17:37:13.271+0000] {taskinstance.py:2076} INFO - Dependencies all met for dep_context=non-requeueable deps ti=<TaskInstance: motower_daily_prod.extract_trafic scheduled__2024-03-19T06:00:00+00:00 [queued]>
[2024-08-06T17:37:13.300+0000] {taskinstance.py:2076} INFO - Dependencies all met for dep_context=requeueable deps ti=<TaskInstance: motower_daily_prod.extract_trafic scheduled__2024-03-19T06:00:00+00:00 [queued]>
[2024-08-06T17:37:13.301+0000] {taskinstance.py:2306} INFO - Starting attempt 1 of 1
[2024-08-06T17:37:13.357+0000] {taskinstance.py:2330} INFO - Executing <Task(PythonOperator): extract_trafic> on 2024-03-19 06:00:00+00:00
[2024-08-06T17:37:13.376+0000] {warnings.py:112} WARNING - /home/***/.local/lib/python3.12/site-packages/***/task/task_runner/standard_task_runner.py:62: DeprecationWarning: This process (pid=7385) is multi-threaded, use of fork() may lead to deadlocks in the child.
  pid = os.fork()

[2024-08-06T17:37:13.379+0000] {standard_task_runner.py:64} INFO - Started process 7397 to run task
[2024-08-06T17:37:13.385+0000] {standard_task_runner.py:90} INFO - Running: ['***', 'tasks', 'run', 'motower_daily_prod', 'extract_trafic', 'scheduled__2024-03-19T06:00:00+00:00', '--job-id', '2009', '--raw', '--subdir', 'DAGS_FOLDER/gps/custom_dags/motower_daily.py', '--cfg-path', '/tmp/tmpac60uc_h']
[2024-08-06T17:37:13.389+0000] {standard_task_runner.py:91} INFO - Job 2009: Subtask extract_trafic
[2024-08-06T17:37:13.473+0000] {task_command.py:426} INFO - Running <TaskInstance: motower_daily_prod.extract_trafic scheduled__2024-03-19T06:00:00+00:00 [running]> on host 13681191f11c
[2024-08-06T17:37:13.710+0000] {taskinstance.py:2648} INFO - Exporting env vars: AIRFLOW_CTX_DAG_EMAIL='richmond.kongo@orange.com,assane.diop@orange.com,cyrille1.danho@orange.com,mohamed2.sylla@orange.com,amadou.diomande@orange.com,Jonas.kouame@orange.com,armand.kablan@orange.com,anicet.azombade@orange.com,etienne.kouadio@orange.com,bertine.kouakou@orange.com,florentine.kouakou@orange.com,ange.phaceli@orange.com,soulegame.soro@orange.com,innocent.yengo@orange.com' AIRFLOW_CTX_DAG_OWNER='***' AIRFLOW_CTX_DAG_ID='motower_daily_prod' AIRFLOW_CTX_TASK_ID='extract_trafic' AIRFLOW_CTX_EXECUTION_DATE='2024-03-19T06:00:00+00:00' AIRFLOW_CTX_TRY_NUMBER='1' AIRFLOW_CTX_DAG_RUN_ID='scheduled__2024-03-19T06:00:00+00:00'
[2024-08-06T17:37:13.712+0000] {taskinstance.py:430} INFO - ::endgroup::
[2024-08-06T17:37:13.753+0000] {extract.py:126} INFO - Getting data of the table ks_daily_tdb_radio_drsi 
[2024-08-06T17:37:13.754+0000] {extract.py:127} INFO - where date is 2024-03-18
[2024-08-06T17:37:13.754+0000] {extract.py:102} INFO - get data to date 2024-03-18
[2024-08-06T17:37:13.765+0000] {warnings.py:112} WARNING - /opt/***/dags/gps/common/extract.py:103: UserWarning: pandas only supports SQLAlchemy connectable (engine/connection) or database string URI or sqlite3 DBAPI2 connection. Other DBAPI2 objects are not tested. Please consider using SQLAlchemy.
  df_ = pd.read_sql_query(sql_query, conn, params=params)

[2024-08-06T17:37:14.337+0000] {rwminio.py:19} INFO - start to save data
[2024-08-06T17:37:14.647+0000] {rwminio.py:34} INFO - data in minio ok
[2024-08-06T17:37:14.655+0000] {python.py:237} INFO - Done. Returned value was: None
[2024-08-06T17:37:14.656+0000] {taskinstance.py:441} INFO - ::group::Post task execution logs
[2024-08-06T17:37:14.673+0000] {taskinstance.py:1206} INFO - Marking task as SUCCESS. dag_id=motower_daily_prod, task_id=extract_trafic, run_id=scheduled__2024-03-19T06:00:00+00:00, execution_date=20240319T060000, start_date=20240806T173713, end_date=20240806T173714
[2024-08-06T17:37:14.972+0000] {local_task_job_runner.py:243} INFO - Task exited with return code 0
[2024-08-06T17:37:14.993+0000] {local_task_job_runner.py:222} INFO - ::endgroup::
[2024-08-06T18:24:44.409+0000] {local_task_job_runner.py:120} INFO - ::group::Pre task execution logs
[2024-08-06T18:24:44.502+0000] {taskinstance.py:2076} INFO - Dependencies all met for dep_context=non-requeueable deps ti=<TaskInstance: motower_daily_prod.extract_trafic scheduled__2024-03-19T06:00:00+00:00 [queued]>
[2024-08-06T18:24:44.539+0000] {taskinstance.py:2076} INFO - Dependencies all met for dep_context=requeueable deps ti=<TaskInstance: motower_daily_prod.extract_trafic scheduled__2024-03-19T06:00:00+00:00 [queued]>
[2024-08-06T18:24:44.540+0000] {taskinstance.py:2306} INFO - Starting attempt 1 of 1
[2024-08-06T18:24:44.604+0000] {taskinstance.py:2330} INFO - Executing <Task(PythonOperator): extract_trafic> on 2024-03-19 06:00:00+00:00
[2024-08-06T18:24:44.633+0000] {warnings.py:112} WARNING - /home/***/.local/lib/python3.12/site-packages/***/task/task_runner/standard_task_runner.py:62: DeprecationWarning: This process (pid=11231) is multi-threaded, use of fork() may lead to deadlocks in the child.
  pid = os.fork()

[2024-08-06T18:24:44.638+0000] {standard_task_runner.py:64} INFO - Started process 11246 to run task
[2024-08-06T18:24:44.648+0000] {standard_task_runner.py:90} INFO - Running: ['***', 'tasks', 'run', 'motower_daily_prod', 'extract_trafic', 'scheduled__2024-03-19T06:00:00+00:00', '--job-id', '3105', '--raw', '--subdir', 'DAGS_FOLDER/gps/custom_dags/motower_daily.py', '--cfg-path', '/tmp/tmp7rdy2swg']
[2024-08-06T18:24:44.654+0000] {standard_task_runner.py:91} INFO - Job 3105: Subtask extract_trafic
[2024-08-06T18:24:44.809+0000] {task_command.py:426} INFO - Running <TaskInstance: motower_daily_prod.extract_trafic scheduled__2024-03-19T06:00:00+00:00 [running]> on host 13681191f11c
[2024-08-06T18:24:45.073+0000] {taskinstance.py:2648} INFO - Exporting env vars: AIRFLOW_CTX_DAG_EMAIL='richmond.kongo@orange.com,assane.diop@orange.com,cyrille1.danho@orange.com,mohamed2.sylla@orange.com,amadou.diomande@orange.com,Jonas.kouame@orange.com,armand.kablan@orange.com,anicet.azombade@orange.com,etienne.kouadio@orange.com,bertine.kouakou@orange.com,florentine.kouakou@orange.com,ange.phaceli@orange.com,soulegame.soro@orange.com,innocent.yengo@orange.com' AIRFLOW_CTX_DAG_OWNER='***' AIRFLOW_CTX_DAG_ID='motower_daily_prod' AIRFLOW_CTX_TASK_ID='extract_trafic' AIRFLOW_CTX_EXECUTION_DATE='2024-03-19T06:00:00+00:00' AIRFLOW_CTX_TRY_NUMBER='1' AIRFLOW_CTX_DAG_RUN_ID='scheduled__2024-03-19T06:00:00+00:00'
[2024-08-06T18:24:45.078+0000] {taskinstance.py:430} INFO - ::endgroup::
[2024-08-06T18:24:45.127+0000] {extract.py:126} INFO - Getting data of the table ks_daily_tdb_radio_drsi 
[2024-08-06T18:24:45.127+0000] {extract.py:127} INFO - where date is 2024-03-18
[2024-08-06T18:24:45.128+0000] {extract.py:102} INFO - get data to date 2024-03-18
[2024-08-06T18:24:45.157+0000] {warnings.py:112} WARNING - /opt/***/dags/gps/common/extract.py:103: UserWarning: pandas only supports SQLAlchemy connectable (engine/connection) or database string URI or sqlite3 DBAPI2 connection. Other DBAPI2 objects are not tested. Please consider using SQLAlchemy.
  df_ = pd.read_sql_query(sql_query, conn, params=params)

[2024-08-06T18:24:45.833+0000] {rwminio.py:19} INFO - start to save data
[2024-08-06T18:24:46.064+0000] {rwminio.py:34} INFO - data in minio ok
[2024-08-06T18:24:46.071+0000] {python.py:237} INFO - Done. Returned value was: None
[2024-08-06T18:24:46.072+0000] {taskinstance.py:441} INFO - ::group::Post task execution logs
[2024-08-06T18:24:46.099+0000] {taskinstance.py:1206} INFO - Marking task as SUCCESS. dag_id=motower_daily_prod, task_id=extract_trafic, run_id=scheduled__2024-03-19T06:00:00+00:00, execution_date=20240319T060000, start_date=20240806T182444, end_date=20240806T182446
[2024-08-06T18:24:46.185+0000] {local_task_job_runner.py:243} INFO - Task exited with return code 0
[2024-08-06T18:24:46.222+0000] {local_task_job_runner.py:222} INFO - ::endgroup::
