[2024-08-06T17:00:50.762+0000] {local_task_job_runner.py:120} INFO - ::group::Pre task execution logs
[2024-08-06T17:00:51.214+0000] {taskinstance.py:2076} INFO - Dependencies all met for dep_context=non-requeueable deps ti=<TaskInstance: motower_daily_prod.extracta scheduled__2024-02-05T06:00:00+00:00 [queued]>
[2024-08-06T17:00:51.245+0000] {taskinstance.py:2076} INFO - Dependencies all met for dep_context=requeueable deps ti=<TaskInstance: motower_daily_prod.extracta scheduled__2024-02-05T06:00:00+00:00 [queued]>
[2024-08-06T17:00:51.246+0000] {taskinstance.py:2306} INFO - Starting attempt 1 of 1
[2024-08-06T17:00:51.375+0000] {taskinstance.py:2330} INFO - Executing <Task(PythonOperator): extracta> on 2024-02-05 06:00:00+00:00
[2024-08-06T17:00:51.407+0000] {warnings.py:112} WARNING - /home/***/.local/lib/python3.12/site-packages/***/task/task_runner/standard_task_runner.py:62: DeprecationWarning: This process (pid=2016) is multi-threaded, use of fork() may lead to deadlocks in the child.
  pid = os.fork()

[2024-08-06T17:00:51.409+0000] {standard_task_runner.py:64} INFO - Started process 2028 to run task
[2024-08-06T17:00:51.426+0000] {standard_task_runner.py:90} INFO - Running: ['***', 'tasks', 'run', 'motower_daily_prod', 'extracta', 'scheduled__2024-02-05T06:00:00+00:00', '--job-id', '357', '--raw', '--subdir', 'DAGS_FOLDER/gps/custom_dags/motower_daily.py', '--cfg-path', '/tmp/tmpm01fxb2h']
[2024-08-06T17:00:51.431+0000] {standard_task_runner.py:91} INFO - Job 357: Subtask extracta
[2024-08-06T17:00:51.664+0000] {task_command.py:426} INFO - Running <TaskInstance: motower_daily_prod.extracta scheduled__2024-02-05T06:00:00+00:00 [running]> on host 13681191f11c
[2024-08-06T17:00:52.053+0000] {taskinstance.py:2648} INFO - Exporting env vars: AIRFLOW_CTX_DAG_EMAIL='richmond.kongo@orange.com,assane.diop@orange.com,cyrille1.danho@orange.com,mohamed2.sylla@orange.com,amadou.diomande@orange.com,Jonas.kouame@orange.com,armand.kablan@orange.com,anicet.azombade@orange.com,etienne.kouadio@orange.com,bertine.kouakou@orange.com,florentine.kouakou@orange.com,ange.phaceli@orange.com,soulegame.soro@orange.com,innocent.yengo@orange.com' AIRFLOW_CTX_DAG_OWNER='***' AIRFLOW_CTX_DAG_ID='motower_daily_prod' AIRFLOW_CTX_TASK_ID='extracta' AIRFLOW_CTX_EXECUTION_DATE='2024-02-05T06:00:00+00:00' AIRFLOW_CTX_TRY_NUMBER='1' AIRFLOW_CTX_DAG_RUN_ID='scheduled__2024-02-05T06:00:00+00:00'
[2024-08-06T17:00:52.060+0000] {taskinstance.py:430} INFO - ::endgroup::
[2024-08-06T17:00:52.114+0000] {extract.py:126} INFO - Getting data of the table dtm_motower_gsm 
[2024-08-06T17:00:52.115+0000] {extract.py:127} INFO - where date is 2024-02-04
[2024-08-06T17:00:52.116+0000] {extract.py:102} INFO - get data to date 20240204
[2024-08-06T17:00:52.131+0000] {warnings.py:112} WARNING - /opt/***/dags/gps/common/extract.py:103: UserWarning: pandas only supports SQLAlchemy connectable (engine/connection) or database string URI or sqlite3 DBAPI2 connection. Other DBAPI2 objects are not tested. Please consider using SQLAlchemy.
  df_ = pd.read_sql_query(sql_query, conn, params=params)

[2024-08-06T17:00:52.297+0000] {rwminio.py:19} INFO - start to save data
[2024-08-06T17:00:52.431+0000] {rwminio.py:34} INFO - data in minio ok
[2024-08-06T17:00:52.432+0000] {python.py:237} INFO - Done. Returned value was: None
[2024-08-06T17:00:52.434+0000] {taskinstance.py:441} INFO - ::group::Post task execution logs
[2024-08-06T17:00:52.490+0000] {taskinstance.py:1206} INFO - Marking task as SUCCESS. dag_id=motower_daily_prod, task_id=extracta, run_id=scheduled__2024-02-05T06:00:00+00:00, execution_date=20240205T060000, start_date=20240806T170051, end_date=20240806T170052
[2024-08-06T17:00:53.259+0000] {local_task_job_runner.py:243} INFO - Task exited with return code 0
[2024-08-06T17:00:53.334+0000] {taskinstance.py:3503} INFO - 0 downstream tasks scheduled from follow-on schedule check
[2024-08-06T17:00:53.347+0000] {local_task_job_runner.py:222} INFO - ::endgroup::
[2024-08-06T17:31:02.889+0000] {local_task_job_runner.py:120} INFO - ::group::Pre task execution logs
[2024-08-06T17:31:03.308+0000] {taskinstance.py:2076} INFO - Dependencies all met for dep_context=non-requeueable deps ti=<TaskInstance: motower_daily_prod.extracta scheduled__2024-02-05T06:00:00+00:00 [queued]>
[2024-08-06T17:31:03.335+0000] {taskinstance.py:2076} INFO - Dependencies all met for dep_context=requeueable deps ti=<TaskInstance: motower_daily_prod.extracta scheduled__2024-02-05T06:00:00+00:00 [queued]>
[2024-08-06T17:31:03.335+0000] {taskinstance.py:2306} INFO - Starting attempt 1 of 1
[2024-08-06T17:31:03.376+0000] {taskinstance.py:2330} INFO - Executing <Task(PythonOperator): extracta> on 2024-02-05 06:00:00+00:00
[2024-08-06T17:31:03.414+0000] {warnings.py:112} WARNING - /home/***/.local/lib/python3.12/site-packages/***/task/task_runner/standard_task_runner.py:62: DeprecationWarning: This process (pid=6134) is multi-threaded, use of fork() may lead to deadlocks in the child.
  pid = os.fork()

[2024-08-06T17:31:03.416+0000] {standard_task_runner.py:64} INFO - Started process 6146 to run task
[2024-08-06T17:31:03.416+0000] {standard_task_runner.py:90} INFO - Running: ['***', 'tasks', 'run', 'motower_daily_prod', 'extracta', 'scheduled__2024-02-05T06:00:00+00:00', '--job-id', '1614', '--raw', '--subdir', 'DAGS_FOLDER/gps/custom_dags/motower_daily.py', '--cfg-path', '/tmp/tmp8oqpxynl']
[2024-08-06T17:31:03.461+0000] {standard_task_runner.py:91} INFO - Job 1614: Subtask extracta
[2024-08-06T17:31:03.620+0000] {task_command.py:426} INFO - Running <TaskInstance: motower_daily_prod.extracta scheduled__2024-02-05T06:00:00+00:00 [running]> on host 13681191f11c
[2024-08-06T17:31:03.979+0000] {taskinstance.py:2648} INFO - Exporting env vars: AIRFLOW_CTX_DAG_EMAIL='richmond.kongo@orange.com,assane.diop@orange.com,cyrille1.danho@orange.com,mohamed2.sylla@orange.com,amadou.diomande@orange.com,Jonas.kouame@orange.com,armand.kablan@orange.com,anicet.azombade@orange.com,etienne.kouadio@orange.com,bertine.kouakou@orange.com,florentine.kouakou@orange.com,ange.phaceli@orange.com,soulegame.soro@orange.com,innocent.yengo@orange.com' AIRFLOW_CTX_DAG_OWNER='***' AIRFLOW_CTX_DAG_ID='motower_daily_prod' AIRFLOW_CTX_TASK_ID='extracta' AIRFLOW_CTX_EXECUTION_DATE='2024-02-05T06:00:00+00:00' AIRFLOW_CTX_TRY_NUMBER='1' AIRFLOW_CTX_DAG_RUN_ID='scheduled__2024-02-05T06:00:00+00:00'
[2024-08-06T17:31:03.981+0000] {taskinstance.py:430} INFO - ::endgroup::
[2024-08-06T17:31:04.025+0000] {extract.py:126} INFO - Getting data of the table dtm_motower_gsm 
[2024-08-06T17:31:04.026+0000] {extract.py:127} INFO - where date is 2024-02-04
[2024-08-06T17:31:04.026+0000] {extract.py:102} INFO - get data to date 20240204
[2024-08-06T17:31:04.039+0000] {warnings.py:112} WARNING - /opt/***/dags/gps/common/extract.py:103: UserWarning: pandas only supports SQLAlchemy connectable (engine/connection) or database string URI or sqlite3 DBAPI2 connection. Other DBAPI2 objects are not tested. Please consider using SQLAlchemy.
  df_ = pd.read_sql_query(sql_query, conn, params=params)

[2024-08-06T17:31:04.256+0000] {rwminio.py:19} INFO - start to save data
[2024-08-06T17:31:04.489+0000] {rwminio.py:34} INFO - data in minio ok
[2024-08-06T17:31:04.491+0000] {python.py:237} INFO - Done. Returned value was: None
[2024-08-06T17:31:04.497+0000] {taskinstance.py:441} INFO - ::group::Post task execution logs
[2024-08-06T17:31:04.533+0000] {taskinstance.py:1206} INFO - Marking task as SUCCESS. dag_id=motower_daily_prod, task_id=extracta, run_id=scheduled__2024-02-05T06:00:00+00:00, execution_date=20240205T060000, start_date=20240806T173103, end_date=20240806T173104
[2024-08-06T17:31:04.623+0000] {local_task_job_runner.py:243} INFO - Task exited with return code 0
[2024-08-06T17:31:04.655+0000] {local_task_job_runner.py:222} INFO - ::endgroup::
[2024-08-06T18:19:16.222+0000] {local_task_job_runner.py:120} INFO - ::group::Pre task execution logs
[2024-08-06T18:19:16.317+0000] {taskinstance.py:2076} INFO - Dependencies all met for dep_context=non-requeueable deps ti=<TaskInstance: motower_daily_prod.extracta scheduled__2024-02-05T06:00:00+00:00 [queued]>
[2024-08-06T18:19:16.346+0000] {taskinstance.py:2076} INFO - Dependencies all met for dep_context=requeueable deps ti=<TaskInstance: motower_daily_prod.extracta scheduled__2024-02-05T06:00:00+00:00 [queued]>
[2024-08-06T18:19:16.346+0000] {taskinstance.py:2306} INFO - Starting attempt 1 of 1
[2024-08-06T18:19:16.377+0000] {taskinstance.py:2330} INFO - Executing <Task(PythonOperator): extracta> on 2024-02-05 06:00:00+00:00
[2024-08-06T18:19:16.391+0000] {warnings.py:112} WARNING - /home/***/.local/lib/python3.12/site-packages/***/task/task_runner/standard_task_runner.py:62: DeprecationWarning: This process (pid=10043) is multi-threaded, use of fork() may lead to deadlocks in the child.
  pid = os.fork()

[2024-08-06T18:19:16.394+0000] {standard_task_runner.py:64} INFO - Started process 10053 to run task
[2024-08-06T18:19:16.396+0000] {standard_task_runner.py:90} INFO - Running: ['***', 'tasks', 'run', 'motower_daily_prod', 'extracta', 'scheduled__2024-02-05T06:00:00+00:00', '--job-id', '2725', '--raw', '--subdir', 'DAGS_FOLDER/gps/custom_dags/motower_daily.py', '--cfg-path', '/tmp/tmp892_8taz']
[2024-08-06T18:19:16.399+0000] {standard_task_runner.py:91} INFO - Job 2725: Subtask extracta
[2024-08-06T18:19:16.490+0000] {task_command.py:426} INFO - Running <TaskInstance: motower_daily_prod.extracta scheduled__2024-02-05T06:00:00+00:00 [running]> on host 13681191f11c
[2024-08-06T18:19:16.676+0000] {taskinstance.py:2648} INFO - Exporting env vars: AIRFLOW_CTX_DAG_EMAIL='richmond.kongo@orange.com,assane.diop@orange.com,cyrille1.danho@orange.com,mohamed2.sylla@orange.com,amadou.diomande@orange.com,Jonas.kouame@orange.com,armand.kablan@orange.com,anicet.azombade@orange.com,etienne.kouadio@orange.com,bertine.kouakou@orange.com,florentine.kouakou@orange.com,ange.phaceli@orange.com,soulegame.soro@orange.com,innocent.yengo@orange.com' AIRFLOW_CTX_DAG_OWNER='***' AIRFLOW_CTX_DAG_ID='motower_daily_prod' AIRFLOW_CTX_TASK_ID='extracta' AIRFLOW_CTX_EXECUTION_DATE='2024-02-05T06:00:00+00:00' AIRFLOW_CTX_TRY_NUMBER='1' AIRFLOW_CTX_DAG_RUN_ID='scheduled__2024-02-05T06:00:00+00:00'
[2024-08-06T18:19:16.677+0000] {taskinstance.py:430} INFO - ::endgroup::
[2024-08-06T18:19:16.703+0000] {extract.py:126} INFO - Getting data of the table dtm_motower_gsm 
[2024-08-06T18:19:16.704+0000] {extract.py:127} INFO - where date is 2024-02-04
[2024-08-06T18:19:16.704+0000] {extract.py:102} INFO - get data to date 20240204
[2024-08-06T18:19:16.712+0000] {warnings.py:112} WARNING - /opt/***/dags/gps/common/extract.py:103: UserWarning: pandas only supports SQLAlchemy connectable (engine/connection) or database string URI or sqlite3 DBAPI2 connection. Other DBAPI2 objects are not tested. Please consider using SQLAlchemy.
  df_ = pd.read_sql_query(sql_query, conn, params=params)

[2024-08-06T18:19:16.812+0000] {rwminio.py:19} INFO - start to save data
[2024-08-06T18:19:16.903+0000] {rwminio.py:34} INFO - data in minio ok
[2024-08-06T18:19:16.903+0000] {python.py:237} INFO - Done. Returned value was: None
[2024-08-06T18:19:16.904+0000] {taskinstance.py:441} INFO - ::group::Post task execution logs
[2024-08-06T18:19:16.933+0000] {taskinstance.py:1206} INFO - Marking task as SUCCESS. dag_id=motower_daily_prod, task_id=extracta, run_id=scheduled__2024-02-05T06:00:00+00:00, execution_date=20240205T060000, start_date=20240806T181916, end_date=20240806T181916
[2024-08-06T18:19:17.015+0000] {local_task_job_runner.py:243} INFO - Task exited with return code 0
[2024-08-06T18:19:17.124+0000] {taskinstance.py:3503} INFO - 0 downstream tasks scheduled from follow-on schedule check
[2024-08-06T18:19:17.130+0000] {local_task_job_runner.py:222} INFO - ::endgroup::
