[2024-07-30T11:36:55.704+0000] {local_task_job_runner.py:120} INFO - ::group::Pre task execution logs
[2024-07-30T11:36:55.808+0000] {taskinstance.py:2076} INFO - Dependencies all met for dep_context=non-requeueable deps ti=<TaskInstance: enrich_prod.cleaning.extract_trafic_deux manual__2024-07-30T11:36:51.246324+00:00 [queued]>
[2024-07-30T11:36:55.906+0000] {taskinstance.py:2076} INFO - Dependencies all met for dep_context=requeueable deps ti=<TaskInstance: enrich_prod.cleaning.extract_trafic_deux manual__2024-07-30T11:36:51.246324+00:00 [queued]>
[2024-07-30T11:36:55.911+0000] {taskinstance.py:2306} INFO - Starting attempt 1 of 1
[2024-07-30T11:36:56.012+0000] {taskinstance.py:2330} INFO - Executing <Task(PythonOperator): cleaning.extract_trafic_deux> on 2024-07-30 11:36:51.246324+00:00
[2024-07-30T11:36:56.105+0000] {warnings.py:112} WARNING - /home/***/.local/lib/python3.12/site-packages/***/task/task_runner/standard_task_runner.py:62: DeprecationWarning: This process (pid=4015) is multi-threaded, use of fork() may lead to deadlocks in the child.
  pid = os.fork()

[2024-07-30T11:36:56.132+0000] {standard_task_runner.py:64} INFO - Started process 4037 to run task
[2024-07-30T11:36:56.087+0000] {standard_task_runner.py:90} INFO - Running: ['***', 'tasks', 'run', 'enrich_prod', 'cleaning.extract_trafic_deux', 'manual__2024-07-30T11:36:51.246324+00:00', '--job-id', '686', '--raw', '--subdir', 'DAGS_FOLDER/gps/custom_dags/enrich.py', '--cfg-path', '/tmp/tmpvy_s_s80']
[2024-07-30T11:36:56.144+0000] {standard_task_runner.py:91} INFO - Job 686: Subtask cleaning.extract_trafic_deux
[2024-07-30T11:36:56.352+0000] {task_command.py:426} INFO - Running <TaskInstance: enrich_prod.cleaning.extract_trafic_deux manual__2024-07-30T11:36:51.246324+00:00 [running]> on host 7d7c82e77e1e
[2024-07-30T11:36:56.654+0000] {taskinstance.py:2648} INFO - Exporting env vars: AIRFLOW_CTX_DAG_EMAIL='richmond.kongo@orange.com,assane.diop@orange.com,cyrille1.danho@orange.com,mohamed2.sylla@orange.com,amadou.diomande@orange.com,Jonas.kouame@orange.com,armand.kablan@orange.com,anicet.azombade@orange.com,etienne.kouadio@orange.com,bertine.kouakou@orange.com,florentine.kouakou@orange.com,ange.phaceli@orange.com,soulegame.soro@orange.com,innocent.yengo@orange.com' AIRFLOW_CTX_DAG_OWNER='***' AIRFLOW_CTX_DAG_ID='enrich_prod' AIRFLOW_CTX_TASK_ID='cleaning.extract_trafic_deux' AIRFLOW_CTX_EXECUTION_DATE='2024-07-30T11:36:51.246324+00:00' AIRFLOW_CTX_TRY_NUMBER='1' AIRFLOW_CTX_DAG_RUN_ID='manual__2024-07-30T11:36:51.246324+00:00'
[2024-07-30T11:36:56.657+0000] {taskinstance.py:430} INFO - ::endgroup::
[2024-07-30T11:36:56.703+0000] {extract.py:126} INFO - Getting data of the table ks_tdb_radio_drsi 
[2024-07-30T11:36:56.704+0000] {extract.py:127} INFO - where date is 2024-06-02
[2024-07-30T11:36:56.705+0000] {extract.py:102} INFO - get data to date 2024-06-01
[2024-07-30T11:36:56.717+0000] {warnings.py:112} WARNING - /opt/***/dags/gps/common/extract.py:103: UserWarning: pandas only supports SQLAlchemy connectable (engine/connection) or database string URI or sqlite3 DBAPI2 connection. Other DBAPI2 objects are not tested. Please consider using SQLAlchemy.
  df_ = pd.read_sql_query(sql_query, conn, params=params)

[2024-07-30T11:36:56.881+0000] {rwminio.py:19} INFO - start to save data
[2024-07-30T11:36:57.130+0000] {rwminio.py:34} INFO - data in minio ok
[2024-07-30T11:36:57.141+0000] {python.py:237} INFO - Done. Returned value was: None
[2024-07-30T11:36:57.142+0000] {taskinstance.py:441} INFO - ::group::Post task execution logs
[2024-07-30T11:36:57.160+0000] {taskinstance.py:1206} INFO - Marking task as SUCCESS. dag_id=enrich_prod, task_id=cleaning.extract_trafic_deux, run_id=manual__2024-07-30T11:36:51.246324+00:00, execution_date=20240730T113651, start_date=20240730T113655, end_date=20240730T113657
[2024-07-30T11:36:57.198+0000] {local_task_job_runner.py:243} INFO - Task exited with return code 0
[2024-07-30T11:36:57.211+0000] {local_task_job_runner.py:222} INFO - ::endgroup::
