[2024-08-06T17:04:18.997+0000] {local_task_job_runner.py:120} INFO - ::group::Pre task execution logs
[2024-08-06T17:04:19.041+0000] {taskinstance.py:2076} INFO - Dependencies all met for dep_context=non-requeueable deps ti=<TaskInstance: motower_daily_prod.gen_congestion_task scheduled__2024-03-03T06:00:00+00:00 [queued]>
[2024-08-06T17:04:19.059+0000] {taskinstance.py:2076} INFO - Dependencies all met for dep_context=requeueable deps ti=<TaskInstance: motower_daily_prod.gen_congestion_task scheduled__2024-03-03T06:00:00+00:00 [queued]>
[2024-08-06T17:04:19.060+0000] {taskinstance.py:2306} INFO - Starting attempt 1 of 1
[2024-08-06T17:04:19.081+0000] {taskinstance.py:2330} INFO - Executing <Task(PythonOperator): gen_congestion_task> on 2024-03-03 06:00:00+00:00
[2024-08-06T17:04:19.094+0000] {warnings.py:112} WARNING - /home/***/.local/lib/python3.12/site-packages/***/task/task_runner/standard_task_runner.py:62: DeprecationWarning: This process (pid=2773) is multi-threaded, use of fork() may lead to deadlocks in the child.
  pid = os.fork()

[2024-08-06T17:04:19.095+0000] {standard_task_runner.py:64} INFO - Started process 2777 to run task
[2024-08-06T17:04:19.097+0000] {standard_task_runner.py:90} INFO - Running: ['***', 'tasks', 'run', 'motower_daily_prod', 'gen_congestion_task', 'scheduled__2024-03-03T06:00:00+00:00', '--job-id', '598', '--raw', '--subdir', 'DAGS_FOLDER/gps/custom_dags/motower_daily.py', '--cfg-path', '/tmp/tmptrvy__9e']
[2024-08-06T17:04:19.099+0000] {standard_task_runner.py:91} INFO - Job 598: Subtask gen_congestion_task
[2024-08-06T17:04:19.163+0000] {task_command.py:426} INFO - Running <TaskInstance: motower_daily_prod.gen_congestion_task scheduled__2024-03-03T06:00:00+00:00 [running]> on host 13681191f11c
[2024-08-06T17:04:19.305+0000] {taskinstance.py:2648} INFO - Exporting env vars: AIRFLOW_CTX_DAG_EMAIL='richmond.kongo@orange.com,assane.diop@orange.com,cyrille1.danho@orange.com,mohamed2.sylla@orange.com,amadou.diomande@orange.com,Jonas.kouame@orange.com,armand.kablan@orange.com,anicet.azombade@orange.com,etienne.kouadio@orange.com,bertine.kouakou@orange.com,florentine.kouakou@orange.com,ange.phaceli@orange.com,soulegame.soro@orange.com,innocent.yengo@orange.com' AIRFLOW_CTX_DAG_OWNER='***' AIRFLOW_CTX_DAG_ID='motower_daily_prod' AIRFLOW_CTX_TASK_ID='gen_congestion_task' AIRFLOW_CTX_EXECUTION_DATE='2024-03-03T06:00:00+00:00' AIRFLOW_CTX_TRY_NUMBER='1' AIRFLOW_CTX_DAG_RUN_ID='scheduled__2024-03-03T06:00:00+00:00'
[2024-08-06T17:04:19.307+0000] {taskinstance.py:430} INFO - ::endgroup::
[2024-08-06T17:04:19.707+0000] {python.py:237} INFO - Done. Returned value was: None
[2024-08-06T17:04:19.708+0000] {taskinstance.py:441} INFO - ::group::Post task execution logs
[2024-08-06T17:04:19.719+0000] {taskinstance.py:1206} INFO - Marking task as SUCCESS. dag_id=motower_daily_prod, task_id=gen_congestion_task, run_id=scheduled__2024-03-03T06:00:00+00:00, execution_date=20240303T060000, start_date=20240806T170419, end_date=20240806T170419
[2024-08-06T17:04:19.751+0000] {local_task_job_runner.py:243} INFO - Task exited with return code 0
[2024-08-06T17:04:19.768+0000] {taskinstance.py:3503} INFO - 0 downstream tasks scheduled from follow-on schedule check
[2024-08-06T17:04:19.769+0000] {local_task_job_runner.py:222} INFO - ::endgroup::
[2024-08-06T17:34:58.011+0000] {local_task_job_runner.py:120} INFO - ::group::Pre task execution logs
[2024-08-06T17:34:58.102+0000] {taskinstance.py:2076} INFO - Dependencies all met for dep_context=non-requeueable deps ti=<TaskInstance: motower_daily_prod.gen_congestion_task scheduled__2024-03-03T06:00:00+00:00 [queued]>
[2024-08-06T17:34:58.168+0000] {taskinstance.py:2076} INFO - Dependencies all met for dep_context=requeueable deps ti=<TaskInstance: motower_daily_prod.gen_congestion_task scheduled__2024-03-03T06:00:00+00:00 [queued]>
[2024-08-06T17:34:58.168+0000] {taskinstance.py:2306} INFO - Starting attempt 1 of 1
[2024-08-06T17:34:58.213+0000] {taskinstance.py:2330} INFO - Executing <Task(PythonOperator): gen_congestion_task> on 2024-03-03 06:00:00+00:00
[2024-08-06T17:34:58.228+0000] {warnings.py:112} WARNING - /home/***/.local/lib/python3.12/site-packages/***/task/task_runner/standard_task_runner.py:62: DeprecationWarning: This process (pid=6954) is multi-threaded, use of fork() may lead to deadlocks in the child.
  pid = os.fork()

[2024-08-06T17:34:58.230+0000] {standard_task_runner.py:64} INFO - Started process 6966 to run task
[2024-08-06T17:34:58.232+0000] {standard_task_runner.py:90} INFO - Running: ['***', 'tasks', 'run', 'motower_daily_prod', 'gen_congestion_task', 'scheduled__2024-03-03T06:00:00+00:00', '--job-id', '1875', '--raw', '--subdir', 'DAGS_FOLDER/gps/custom_dags/motower_daily.py', '--cfg-path', '/tmp/tmpuvqa2a9u']
[2024-08-06T17:34:58.236+0000] {standard_task_runner.py:91} INFO - Job 1875: Subtask gen_congestion_task
[2024-08-06T17:34:58.330+0000] {task_command.py:426} INFO - Running <TaskInstance: motower_daily_prod.gen_congestion_task scheduled__2024-03-03T06:00:00+00:00 [running]> on host 13681191f11c
[2024-08-06T17:34:58.578+0000] {taskinstance.py:2648} INFO - Exporting env vars: AIRFLOW_CTX_DAG_EMAIL='richmond.kongo@orange.com,assane.diop@orange.com,cyrille1.danho@orange.com,mohamed2.sylla@orange.com,amadou.diomande@orange.com,Jonas.kouame@orange.com,armand.kablan@orange.com,anicet.azombade@orange.com,etienne.kouadio@orange.com,bertine.kouakou@orange.com,florentine.kouakou@orange.com,ange.phaceli@orange.com,soulegame.soro@orange.com,innocent.yengo@orange.com' AIRFLOW_CTX_DAG_OWNER='***' AIRFLOW_CTX_DAG_ID='motower_daily_prod' AIRFLOW_CTX_TASK_ID='gen_congestion_task' AIRFLOW_CTX_EXECUTION_DATE='2024-03-03T06:00:00+00:00' AIRFLOW_CTX_TRY_NUMBER='1' AIRFLOW_CTX_DAG_RUN_ID='scheduled__2024-03-03T06:00:00+00:00'
[2024-08-06T17:34:58.580+0000] {taskinstance.py:430} INFO - ::endgroup::
[2024-08-06T17:34:59.476+0000] {python.py:237} INFO - Done. Returned value was: None
[2024-08-06T17:34:59.477+0000] {taskinstance.py:441} INFO - ::group::Post task execution logs
[2024-08-06T17:34:59.494+0000] {taskinstance.py:1206} INFO - Marking task as SUCCESS. dag_id=motower_daily_prod, task_id=gen_congestion_task, run_id=scheduled__2024-03-03T06:00:00+00:00, execution_date=20240303T060000, start_date=20240806T173458, end_date=20240806T173459
[2024-08-06T17:34:59.553+0000] {local_task_job_runner.py:243} INFO - Task exited with return code 0
[2024-08-06T17:34:59.579+0000] {taskinstance.py:3503} INFO - 0 downstream tasks scheduled from follow-on schedule check
[2024-08-06T17:34:59.581+0000] {local_task_job_runner.py:222} INFO - ::endgroup::
[2024-08-06T18:22:53.410+0000] {local_task_job_runner.py:120} INFO - ::group::Pre task execution logs
[2024-08-06T18:22:53.597+0000] {taskinstance.py:2076} INFO - Dependencies all met for dep_context=non-requeueable deps ti=<TaskInstance: motower_daily_prod.gen_congestion_task scheduled__2024-03-03T06:00:00+00:00 [queued]>
[2024-08-06T18:22:53.640+0000] {taskinstance.py:2076} INFO - Dependencies all met for dep_context=requeueable deps ti=<TaskInstance: motower_daily_prod.gen_congestion_task scheduled__2024-03-03T06:00:00+00:00 [queued]>
[2024-08-06T18:22:53.641+0000] {taskinstance.py:2306} INFO - Starting attempt 1 of 1
[2024-08-06T18:22:53.684+0000] {taskinstance.py:2330} INFO - Executing <Task(PythonOperator): gen_congestion_task> on 2024-03-03 06:00:00+00:00
[2024-08-06T18:22:53.705+0000] {warnings.py:112} WARNING - /home/***/.local/lib/python3.12/site-packages/***/task/task_runner/standard_task_runner.py:62: DeprecationWarning: This process (pid=10834) is multi-threaded, use of fork() may lead to deadlocks in the child.
  pid = os.fork()

[2024-08-06T18:22:53.711+0000] {standard_task_runner.py:64} INFO - Started process 10855 to run task
[2024-08-06T18:22:53.744+0000] {standard_task_runner.py:90} INFO - Running: ['***', 'tasks', 'run', 'motower_daily_prod', 'gen_congestion_task', 'scheduled__2024-03-03T06:00:00+00:00', '--job-id', '2979', '--raw', '--subdir', 'DAGS_FOLDER/gps/custom_dags/motower_daily.py', '--cfg-path', '/tmp/tmpx8nha10n']
[2024-08-06T18:22:53.749+0000] {standard_task_runner.py:91} INFO - Job 2979: Subtask gen_congestion_task
[2024-08-06T18:22:53.943+0000] {task_command.py:426} INFO - Running <TaskInstance: motower_daily_prod.gen_congestion_task scheduled__2024-03-03T06:00:00+00:00 [running]> on host 13681191f11c
[2024-08-06T18:22:54.391+0000] {taskinstance.py:2648} INFO - Exporting env vars: AIRFLOW_CTX_DAG_EMAIL='richmond.kongo@orange.com,assane.diop@orange.com,cyrille1.danho@orange.com,mohamed2.sylla@orange.com,amadou.diomande@orange.com,Jonas.kouame@orange.com,armand.kablan@orange.com,anicet.azombade@orange.com,etienne.kouadio@orange.com,bertine.kouakou@orange.com,florentine.kouakou@orange.com,ange.phaceli@orange.com,soulegame.soro@orange.com,innocent.yengo@orange.com' AIRFLOW_CTX_DAG_OWNER='***' AIRFLOW_CTX_DAG_ID='motower_daily_prod' AIRFLOW_CTX_TASK_ID='gen_congestion_task' AIRFLOW_CTX_EXECUTION_DATE='2024-03-03T06:00:00+00:00' AIRFLOW_CTX_TRY_NUMBER='1' AIRFLOW_CTX_DAG_RUN_ID='scheduled__2024-03-03T06:00:00+00:00'
[2024-08-06T18:22:54.394+0000] {taskinstance.py:430} INFO - ::endgroup::
[2024-08-06T18:22:55.453+0000] {python.py:237} INFO - Done. Returned value was: None
[2024-08-06T18:22:55.456+0000] {taskinstance.py:441} INFO - ::group::Post task execution logs
[2024-08-06T18:22:55.479+0000] {taskinstance.py:1206} INFO - Marking task as SUCCESS. dag_id=motower_daily_prod, task_id=gen_congestion_task, run_id=scheduled__2024-03-03T06:00:00+00:00, execution_date=20240303T060000, start_date=20240806T182253, end_date=20240806T182255
[2024-08-06T18:22:55.555+0000] {local_task_job_runner.py:243} INFO - Task exited with return code 0
[2024-08-06T18:22:55.578+0000] {local_task_job_runner.py:222} INFO - ::endgroup::
