[2024-07-25T08:35:05.151+0000] {local_task_job_runner.py:120} INFO - ::group::Pre task execution logs
[2024-07-25T08:35:05.176+0000] {taskinstance.py:2076} INFO - Dependencies all met for dep_context=non-requeueable deps ti=<TaskInstance: enrich_prod.cleaning.cleaning_esco manual__2024-07-24T23:15:01.244612+00:00 [queued]>
[2024-07-25T08:35:05.186+0000] {taskinstance.py:2076} INFO - Dependencies all met for dep_context=requeueable deps ti=<TaskInstance: enrich_prod.cleaning.cleaning_esco manual__2024-07-24T23:15:01.244612+00:00 [queued]>
[2024-07-25T08:35:05.187+0000] {taskinstance.py:2306} INFO - Starting attempt 1 of 1
[2024-07-25T08:35:05.198+0000] {taskinstance.py:2330} INFO - Executing <Task(PythonOperator): cleaning.cleaning_esco> on 2024-07-24 23:15:01.244612+00:00
[2024-07-25T08:35:05.206+0000] {warnings.py:112} WARNING - /home/***/.local/lib/python3.12/site-packages/***/task/task_runner/standard_task_runner.py:62: DeprecationWarning: This process (pid=2826) is multi-threaded, use of fork() may lead to deadlocks in the child.
  pid = os.fork()

[2024-07-25T08:35:05.208+0000] {standard_task_runner.py:64} INFO - Started process 2835 to run task
[2024-07-25T08:35:05.208+0000] {standard_task_runner.py:90} INFO - Running: ['***', 'tasks', 'run', 'enrich_prod', 'cleaning.cleaning_esco', 'manual__2024-07-24T23:15:01.244612+00:00', '--job-id', '970', '--raw', '--subdir', 'DAGS_FOLDER/gps/custom_dags/enrich.py', '--cfg-path', '/tmp/tmp625iqahj']
[2024-07-25T08:35:05.210+0000] {standard_task_runner.py:91} INFO - Job 970: Subtask cleaning.cleaning_esco
[2024-07-25T08:35:05.253+0000] {task_command.py:426} INFO - Running <TaskInstance: enrich_prod.cleaning.cleaning_esco manual__2024-07-24T23:15:01.244612+00:00 [running]> on host b3845fb494d4
[2024-07-25T08:35:05.335+0000] {taskinstance.py:2648} INFO - Exporting env vars: AIRFLOW_CTX_DAG_EMAIL='richmond.kongo@orange.com,assane.diop@orange.com,cyrille1.danho@orange.com,mohamed2.sylla@orange.com,amadou.diomande@orange.com,Jonas.kouame@orange.com,armand.kablan@orange.com,anicet.azombade@orange.com,etienne.kouadio@orange.com,bertine.kouakou@orange.com,florentine.kouakou@orange.com,ange.phaceli@orange.com,soulegame.soro@orange.com,innocent.yengo@orange.com' AIRFLOW_CTX_DAG_OWNER='***' AIRFLOW_CTX_DAG_ID='enrich_prod' AIRFLOW_CTX_TASK_ID='cleaning.cleaning_esco' AIRFLOW_CTX_EXECUTION_DATE='2024-07-24T23:15:01.244612+00:00' AIRFLOW_CTX_TRY_NUMBER='1' AIRFLOW_CTX_DAG_RUN_ID='manual__2024-07-24T23:15:01.244612+00:00'
[2024-07-25T08:35:05.336+0000] {taskinstance.py:430} INFO - ::endgroup::
[2024-07-25T08:35:05.812+0000] {cleaning.py:24} INFO - All required columns are presents
[2024-07-25T08:35:05.812+0000] {cleaning.py:119} INFO - clean columns
[2024-07-25T08:35:05.819+0000] {cleaning.py:153} INFO - Saving to minio
[2024-07-25T08:35:05.819+0000] {rwminio.py:19} INFO - start to save data
[2024-07-25T08:35:05.840+0000] {rwminio.py:34} INFO - data in minio ok
[2024-07-25T08:35:05.841+0000] {python.py:237} INFO - Done. Returned value was: None
[2024-07-25T08:35:05.841+0000] {taskinstance.py:441} INFO - ::group::Post task execution logs
[2024-07-25T08:35:05.850+0000] {taskinstance.py:1206} INFO - Marking task as SUCCESS. dag_id=enrich_prod, task_id=cleaning.cleaning_esco, run_id=manual__2024-07-24T23:15:01.244612+00:00, execution_date=20240724T231501, start_date=20240725T083505, end_date=20240725T083505
[2024-07-25T08:35:05.902+0000] {local_task_job_runner.py:243} INFO - Task exited with return code 0
[2024-07-25T08:35:05.913+0000] {local_task_job_runner.py:222} INFO - ::endgroup::
