[2024-08-06T16:58:36.067+0000] {local_task_job_runner.py:120} INFO - ::group::Pre task execution logs
[2024-08-06T16:58:36.227+0000] {taskinstance.py:2076} INFO - Dependencies all met for dep_context=non-requeueable deps ti=<TaskInstance: motower_daily_prod.sensor_congestion scheduled__2024-01-24T06:00:00+00:00 [queued]>
[2024-08-06T16:58:36.270+0000] {taskinstance.py:2076} INFO - Dependencies all met for dep_context=requeueable deps ti=<TaskInstance: motower_daily_prod.sensor_congestion scheduled__2024-01-24T06:00:00+00:00 [queued]>
[2024-08-06T16:58:36.271+0000] {taskinstance.py:2306} INFO - Starting attempt 1 of 1
[2024-08-06T16:58:36.317+0000] {taskinstance.py:2330} INFO - Executing <Task(PythonSensor): sensor_congestion> on 2024-01-24 06:00:00+00:00
[2024-08-06T16:58:36.333+0000] {warnings.py:112} WARNING - /home/***/.local/lib/python3.12/site-packages/***/task/task_runner/standard_task_runner.py:62: DeprecationWarning: This process (pid=1577) is multi-threaded, use of fork() may lead to deadlocks in the child.
  pid = os.fork()

[2024-08-06T16:58:36.336+0000] {standard_task_runner.py:64} INFO - Started process 1593 to run task
[2024-08-06T16:58:36.340+0000] {standard_task_runner.py:90} INFO - Running: ['***', 'tasks', 'run', 'motower_daily_prod', 'sensor_congestion', 'scheduled__2024-01-24T06:00:00+00:00', '--job-id', '224', '--raw', '--subdir', 'DAGS_FOLDER/gps/custom_dags/motower_daily.py', '--cfg-path', '/tmp/tmpd2si7f9m']
[2024-08-06T16:58:36.346+0000] {standard_task_runner.py:91} INFO - Job 224: Subtask sensor_congestion
[2024-08-06T16:58:36.498+0000] {task_command.py:426} INFO - Running <TaskInstance: motower_daily_prod.sensor_congestion scheduled__2024-01-24T06:00:00+00:00 [running]> on host 13681191f11c
[2024-08-06T16:58:36.839+0000] {taskinstance.py:2648} INFO - Exporting env vars: AIRFLOW_CTX_DAG_EMAIL='richmond.kongo@orange.com,assane.diop@orange.com,cyrille1.danho@orange.com,mohamed2.sylla@orange.com,amadou.diomande@orange.com,Jonas.kouame@orange.com,armand.kablan@orange.com,anicet.azombade@orange.com,etienne.kouadio@orange.com,bertine.kouakou@orange.com,florentine.kouakou@orange.com,ange.phaceli@orange.com,soulegame.soro@orange.com,innocent.yengo@orange.com' AIRFLOW_CTX_DAG_OWNER='***' AIRFLOW_CTX_DAG_ID='motower_daily_prod' AIRFLOW_CTX_TASK_ID='sensor_congestion' AIRFLOW_CTX_EXECUTION_DATE='2024-01-24T06:00:00+00:00' AIRFLOW_CTX_TRY_NUMBER='1' AIRFLOW_CTX_DAG_RUN_ID='scheduled__2024-01-24T06:00:00+00:00'
[2024-08-06T16:58:36.841+0000] {taskinstance.py:430} INFO - ::endgroup::
[2024-08-06T16:58:36.889+0000] {python.py:75} INFO - Poking callable: <function check_data_in_table at 0x701c270ebce0>
[2024-08-06T16:58:36.906+0000] {extract.py:126} INFO - Getting data of the table ks_hebdo_tdb_radio_drsi 
[2024-08-06T16:58:36.907+0000] {extract.py:127} INFO - where date is 2024-01-23
[2024-08-06T16:58:36.907+0000] {extract.py:98} INFO - get data to date 4 and year 2024
[2024-08-06T16:58:36.957+0000] {warnings.py:112} WARNING - /opt/***/dags/gps/common/extract.py:99: UserWarning: pandas only supports SQLAlchemy connectable (engine/connection) or database string URI or sqlite3 DBAPI2 connection. Other DBAPI2 objects are not tested. Please consider using SQLAlchemy.
  df_ = pd.read_sql_query(sql_query, conn, params=params)

[2024-08-06T16:58:37.383+0000] {base.py:294} INFO - Success criteria met. Exiting.
[2024-08-06T16:58:37.384+0000] {taskinstance.py:441} INFO - ::group::Post task execution logs
[2024-08-06T16:58:37.410+0000] {taskinstance.py:1206} INFO - Marking task as SUCCESS. dag_id=motower_daily_prod, task_id=sensor_congestion, run_id=scheduled__2024-01-24T06:00:00+00:00, execution_date=20240124T060000, start_date=20240806T165836, end_date=20240806T165837
[2024-08-06T16:58:37.465+0000] {local_task_job_runner.py:243} INFO - Task exited with return code 0
[2024-08-06T16:58:37.514+0000] {local_task_job_runner.py:222} INFO - ::endgroup::
[2024-08-06T17:29:06.596+0000] {local_task_job_runner.py:120} INFO - ::group::Pre task execution logs
[2024-08-06T17:29:06.682+0000] {taskinstance.py:2076} INFO - Dependencies all met for dep_context=non-requeueable deps ti=<TaskInstance: motower_daily_prod.sensor_congestion scheduled__2024-01-24T06:00:00+00:00 [queued]>
[2024-08-06T17:29:06.710+0000] {taskinstance.py:2076} INFO - Dependencies all met for dep_context=requeueable deps ti=<TaskInstance: motower_daily_prod.sensor_congestion scheduled__2024-01-24T06:00:00+00:00 [queued]>
[2024-08-06T17:29:06.712+0000] {taskinstance.py:2306} INFO - Starting attempt 1 of 1
[2024-08-06T17:29:06.765+0000] {taskinstance.py:2330} INFO - Executing <Task(PythonSensor): sensor_congestion> on 2024-01-24 06:00:00+00:00
[2024-08-06T17:29:06.790+0000] {standard_task_runner.py:90} INFO - Running: ['***', 'tasks', 'run', 'motower_daily_prod', 'sensor_congestion', 'scheduled__2024-01-24T06:00:00+00:00', '--job-id', '1489', '--raw', '--subdir', 'DAGS_FOLDER/gps/custom_dags/motower_daily.py', '--cfg-path', '/tmp/tmpefkfrf4z']
[2024-08-06T17:29:06.786+0000] {warnings.py:112} WARNING - /home/***/.local/lib/python3.12/site-packages/***/task/task_runner/standard_task_runner.py:62: DeprecationWarning: This process (pid=5737) is multi-threaded, use of fork() may lead to deadlocks in the child.
  pid = os.fork()

[2024-08-06T17:29:06.800+0000] {standard_task_runner.py:64} INFO - Started process 5751 to run task
[2024-08-06T17:29:06.794+0000] {standard_task_runner.py:91} INFO - Job 1489: Subtask sensor_congestion
[2024-08-06T17:29:06.943+0000] {task_command.py:426} INFO - Running <TaskInstance: motower_daily_prod.sensor_congestion scheduled__2024-01-24T06:00:00+00:00 [running]> on host 13681191f11c
[2024-08-06T17:29:07.335+0000] {taskinstance.py:2648} INFO - Exporting env vars: AIRFLOW_CTX_DAG_EMAIL='richmond.kongo@orange.com,assane.diop@orange.com,cyrille1.danho@orange.com,mohamed2.sylla@orange.com,amadou.diomande@orange.com,Jonas.kouame@orange.com,armand.kablan@orange.com,anicet.azombade@orange.com,etienne.kouadio@orange.com,bertine.kouakou@orange.com,florentine.kouakou@orange.com,ange.phaceli@orange.com,soulegame.soro@orange.com,innocent.yengo@orange.com' AIRFLOW_CTX_DAG_OWNER='***' AIRFLOW_CTX_DAG_ID='motower_daily_prod' AIRFLOW_CTX_TASK_ID='sensor_congestion' AIRFLOW_CTX_EXECUTION_DATE='2024-01-24T06:00:00+00:00' AIRFLOW_CTX_TRY_NUMBER='1' AIRFLOW_CTX_DAG_RUN_ID='scheduled__2024-01-24T06:00:00+00:00'
[2024-08-06T17:29:07.337+0000] {taskinstance.py:430} INFO - ::endgroup::
[2024-08-06T17:29:07.385+0000] {python.py:75} INFO - Poking callable: <function check_data_in_table at 0x701c270efe20>
[2024-08-06T17:29:07.404+0000] {extract.py:126} INFO - Getting data of the table ks_hebdo_tdb_radio_drsi 
[2024-08-06T17:29:07.405+0000] {extract.py:127} INFO - where date is 2024-01-23
[2024-08-06T17:29:07.406+0000] {extract.py:98} INFO - get data to date 4 and year 2024
[2024-08-06T17:29:07.419+0000] {warnings.py:112} WARNING - /opt/***/dags/gps/common/extract.py:99: UserWarning: pandas only supports SQLAlchemy connectable (engine/connection) or database string URI or sqlite3 DBAPI2 connection. Other DBAPI2 objects are not tested. Please consider using SQLAlchemy.
  df_ = pd.read_sql_query(sql_query, conn, params=params)

[2024-08-06T17:29:07.714+0000] {base.py:294} INFO - Success criteria met. Exiting.
[2024-08-06T17:29:07.715+0000] {taskinstance.py:441} INFO - ::group::Post task execution logs
[2024-08-06T17:29:07.736+0000] {taskinstance.py:1206} INFO - Marking task as SUCCESS. dag_id=motower_daily_prod, task_id=sensor_congestion, run_id=scheduled__2024-01-24T06:00:00+00:00, execution_date=20240124T060000, start_date=20240806T172906, end_date=20240806T172907
[2024-08-06T17:29:07.804+0000] {local_task_job_runner.py:243} INFO - Task exited with return code 0
[2024-08-06T17:29:07.825+0000] {local_task_job_runner.py:222} INFO - ::endgroup::
[2024-08-06T18:16:53.408+0000] {local_task_job_runner.py:120} INFO - ::group::Pre task execution logs
[2024-08-06T18:16:53.830+0000] {taskinstance.py:2076} INFO - Dependencies all met for dep_context=non-requeueable deps ti=<TaskInstance: motower_daily_prod.sensor_congestion scheduled__2024-01-24T06:00:00+00:00 [queued]>
[2024-08-06T18:16:53.887+0000] {taskinstance.py:2076} INFO - Dependencies all met for dep_context=requeueable deps ti=<TaskInstance: motower_daily_prod.sensor_congestion scheduled__2024-01-24T06:00:00+00:00 [queued]>
[2024-08-06T18:16:53.888+0000] {taskinstance.py:2306} INFO - Starting attempt 1 of 1
[2024-08-06T18:16:54.298+0000] {taskinstance.py:2330} INFO - Executing <Task(PythonSensor): sensor_congestion> on 2024-01-24 06:00:00+00:00
[2024-08-06T18:16:54.312+0000] {warnings.py:112} WARNING - /home/***/.local/lib/python3.12/site-packages/***/task/task_runner/standard_task_runner.py:62: DeprecationWarning: This process (pid=9623) is multi-threaded, use of fork() may lead to deadlocks in the child.
  pid = os.fork()

[2024-08-06T18:16:54.315+0000] {standard_task_runner.py:64} INFO - Started process 9637 to run task
[2024-08-06T18:16:54.321+0000] {standard_task_runner.py:90} INFO - Running: ['***', 'tasks', 'run', 'motower_daily_prod', 'sensor_congestion', 'scheduled__2024-01-24T06:00:00+00:00', '--job-id', '2593', '--raw', '--subdir', 'DAGS_FOLDER/gps/custom_dags/motower_daily.py', '--cfg-path', '/tmp/tmpigkfl1pc']
[2024-08-06T18:16:54.325+0000] {standard_task_runner.py:91} INFO - Job 2593: Subtask sensor_congestion
[2024-08-06T18:16:54.422+0000] {task_command.py:426} INFO - Running <TaskInstance: motower_daily_prod.sensor_congestion scheduled__2024-01-24T06:00:00+00:00 [running]> on host 13681191f11c
[2024-08-06T18:16:54.673+0000] {taskinstance.py:2648} INFO - Exporting env vars: AIRFLOW_CTX_DAG_EMAIL='richmond.kongo@orange.com,assane.diop@orange.com,cyrille1.danho@orange.com,mohamed2.sylla@orange.com,amadou.diomande@orange.com,Jonas.kouame@orange.com,armand.kablan@orange.com,anicet.azombade@orange.com,etienne.kouadio@orange.com,bertine.kouakou@orange.com,florentine.kouakou@orange.com,ange.phaceli@orange.com,soulegame.soro@orange.com,innocent.yengo@orange.com' AIRFLOW_CTX_DAG_OWNER='***' AIRFLOW_CTX_DAG_ID='motower_daily_prod' AIRFLOW_CTX_TASK_ID='sensor_congestion' AIRFLOW_CTX_EXECUTION_DATE='2024-01-24T06:00:00+00:00' AIRFLOW_CTX_TRY_NUMBER='1' AIRFLOW_CTX_DAG_RUN_ID='scheduled__2024-01-24T06:00:00+00:00'
[2024-08-06T18:16:54.675+0000] {taskinstance.py:430} INFO - ::endgroup::
[2024-08-06T18:16:54.706+0000] {python.py:75} INFO - Poking callable: <function check_data_in_table at 0x701c270ef9c0>
[2024-08-06T18:16:54.712+0000] {extract.py:126} INFO - Getting data of the table ks_hebdo_tdb_radio_drsi 
[2024-08-06T18:16:54.713+0000] {extract.py:127} INFO - where date is 2024-01-23
[2024-08-06T18:16:54.714+0000] {extract.py:98} INFO - get data to date 4 and year 2024
[2024-08-06T18:16:54.723+0000] {warnings.py:112} WARNING - /opt/***/dags/gps/common/extract.py:99: UserWarning: pandas only supports SQLAlchemy connectable (engine/connection) or database string URI or sqlite3 DBAPI2 connection. Other DBAPI2 objects are not tested. Please consider using SQLAlchemy.
  df_ = pd.read_sql_query(sql_query, conn, params=params)

[2024-08-06T18:16:55.153+0000] {base.py:294} INFO - Success criteria met. Exiting.
[2024-08-06T18:16:55.154+0000] {taskinstance.py:441} INFO - ::group::Post task execution logs
[2024-08-06T18:16:55.172+0000] {taskinstance.py:1206} INFO - Marking task as SUCCESS. dag_id=motower_daily_prod, task_id=sensor_congestion, run_id=scheduled__2024-01-24T06:00:00+00:00, execution_date=20240124T060000, start_date=20240806T181653, end_date=20240806T181655
[2024-08-06T18:16:55.271+0000] {local_task_job_runner.py:243} INFO - Task exited with return code 0
[2024-08-06T18:16:55.385+0000] {taskinstance.py:3503} INFO - 0 downstream tasks scheduled from follow-on schedule check
[2024-08-06T18:16:55.404+0000] {local_task_job_runner.py:222} INFO - ::endgroup::
