[2024-08-06T17:02:26.764+0000] {local_task_job_runner.py:120} INFO - ::group::Pre task execution logs
[2024-08-06T17:02:26.854+0000] {taskinstance.py:2076} INFO - Dependencies all met for dep_context=non-requeueable deps ti=<TaskInstance: motower_daily_prod.sensor_congestion scheduled__2024-02-19T06:00:00+00:00 [queued]>
[2024-08-06T17:02:26.886+0000] {taskinstance.py:2076} INFO - Dependencies all met for dep_context=requeueable deps ti=<TaskInstance: motower_daily_prod.sensor_congestion scheduled__2024-02-19T06:00:00+00:00 [queued]>
[2024-08-06T17:02:26.887+0000] {taskinstance.py:2306} INFO - Starting attempt 1 of 1
[2024-08-06T17:02:27.898+0000] {taskinstance.py:2330} INFO - Executing <Task(PythonSensor): sensor_congestion> on 2024-02-19 06:00:00+00:00
[2024-08-06T17:02:27.940+0000] {warnings.py:112} WARNING - /home/***/.local/lib/python3.12/site-packages/***/task/task_runner/standard_task_runner.py:62: DeprecationWarning: This process (pid=2358) is multi-threaded, use of fork() may lead to deadlocks in the child.
  pid = os.fork()

[2024-08-06T17:02:27.942+0000] {standard_task_runner.py:64} INFO - Started process 2378 to run task
[2024-08-06T17:02:27.954+0000] {standard_task_runner.py:90} INFO - Running: ['***', 'tasks', 'run', 'motower_daily_prod', 'sensor_congestion', 'scheduled__2024-02-19T06:00:00+00:00', '--job-id', '471', '--raw', '--subdir', 'DAGS_FOLDER/gps/custom_dags/motower_daily.py', '--cfg-path', '/tmp/tmpqi1wp362']
[2024-08-06T17:02:27.959+0000] {standard_task_runner.py:91} INFO - Job 471: Subtask sensor_congestion
[2024-08-06T17:02:28.111+0000] {task_command.py:426} INFO - Running <TaskInstance: motower_daily_prod.sensor_congestion scheduled__2024-02-19T06:00:00+00:00 [running]> on host 13681191f11c
[2024-08-06T17:02:29.142+0000] {taskinstance.py:2648} INFO - Exporting env vars: AIRFLOW_CTX_DAG_EMAIL='richmond.kongo@orange.com,assane.diop@orange.com,cyrille1.danho@orange.com,mohamed2.sylla@orange.com,amadou.diomande@orange.com,Jonas.kouame@orange.com,armand.kablan@orange.com,anicet.azombade@orange.com,etienne.kouadio@orange.com,bertine.kouakou@orange.com,florentine.kouakou@orange.com,ange.phaceli@orange.com,soulegame.soro@orange.com,innocent.yengo@orange.com' AIRFLOW_CTX_DAG_OWNER='***' AIRFLOW_CTX_DAG_ID='motower_daily_prod' AIRFLOW_CTX_TASK_ID='sensor_congestion' AIRFLOW_CTX_EXECUTION_DATE='2024-02-19T06:00:00+00:00' AIRFLOW_CTX_TRY_NUMBER='1' AIRFLOW_CTX_DAG_RUN_ID='scheduled__2024-02-19T06:00:00+00:00'
[2024-08-06T17:02:29.147+0000] {taskinstance.py:430} INFO - ::endgroup::
[2024-08-06T17:02:29.182+0000] {python.py:75} INFO - Poking callable: <function check_data_in_table at 0x701c428e02c0>
[2024-08-06T17:02:29.189+0000] {extract.py:126} INFO - Getting data of the table ks_hebdo_tdb_radio_drsi 
[2024-08-06T17:02:29.190+0000] {extract.py:127} INFO - where date is 2024-02-18
[2024-08-06T17:02:29.190+0000] {extract.py:98} INFO - get data to date 7 and year 2024
[2024-08-06T17:02:29.206+0000] {warnings.py:112} WARNING - /opt/***/dags/gps/common/extract.py:99: UserWarning: pandas only supports SQLAlchemy connectable (engine/connection) or database string URI or sqlite3 DBAPI2 connection. Other DBAPI2 objects are not tested. Please consider using SQLAlchemy.
  df_ = pd.read_sql_query(sql_query, conn, params=params)

[2024-08-06T17:02:29.515+0000] {base.py:294} INFO - Success criteria met. Exiting.
[2024-08-06T17:02:29.516+0000] {taskinstance.py:441} INFO - ::group::Post task execution logs
[2024-08-06T17:02:29.538+0000] {taskinstance.py:1206} INFO - Marking task as SUCCESS. dag_id=motower_daily_prod, task_id=sensor_congestion, run_id=scheduled__2024-02-19T06:00:00+00:00, execution_date=20240219T060000, start_date=20240806T170226, end_date=20240806T170229
[2024-08-06T17:02:29.629+0000] {local_task_job_runner.py:243} INFO - Task exited with return code 0
[2024-08-06T17:02:29.653+0000] {local_task_job_runner.py:222} INFO - ::endgroup::
[2024-08-06T17:33:17.893+0000] {local_task_job_runner.py:120} INFO - ::group::Pre task execution logs
[2024-08-06T17:33:17.969+0000] {taskinstance.py:2076} INFO - Dependencies all met for dep_context=non-requeueable deps ti=<TaskInstance: motower_daily_prod.sensor_congestion scheduled__2024-02-19T06:00:00+00:00 [queued]>
[2024-08-06T17:33:18.007+0000] {taskinstance.py:2076} INFO - Dependencies all met for dep_context=requeueable deps ti=<TaskInstance: motower_daily_prod.sensor_congestion scheduled__2024-02-19T06:00:00+00:00 [queued]>
[2024-08-06T17:33:18.008+0000] {taskinstance.py:2306} INFO - Starting attempt 1 of 1
[2024-08-06T17:33:18.043+0000] {taskinstance.py:2330} INFO - Executing <Task(PythonSensor): sensor_congestion> on 2024-02-19 06:00:00+00:00
[2024-08-06T17:33:18.062+0000] {warnings.py:112} WARNING - /home/***/.local/lib/python3.12/site-packages/***/task/task_runner/standard_task_runner.py:62: DeprecationWarning: This process (pid=6527) is multi-threaded, use of fork() may lead to deadlocks in the child.
  pid = os.fork()

[2024-08-06T17:33:18.064+0000] {standard_task_runner.py:64} INFO - Started process 6548 to run task
[2024-08-06T17:33:18.072+0000] {standard_task_runner.py:90} INFO - Running: ['***', 'tasks', 'run', 'motower_daily_prod', 'sensor_congestion', 'scheduled__2024-02-19T06:00:00+00:00', '--job-id', '1742', '--raw', '--subdir', 'DAGS_FOLDER/gps/custom_dags/motower_daily.py', '--cfg-path', '/tmp/tmpew9tfxce']
[2024-08-06T17:33:18.076+0000] {standard_task_runner.py:91} INFO - Job 1742: Subtask sensor_congestion
[2024-08-06T17:33:18.235+0000] {task_command.py:426} INFO - Running <TaskInstance: motower_daily_prod.sensor_congestion scheduled__2024-02-19T06:00:00+00:00 [running]> on host 13681191f11c
[2024-08-06T17:33:18.539+0000] {taskinstance.py:2648} INFO - Exporting env vars: AIRFLOW_CTX_DAG_EMAIL='richmond.kongo@orange.com,assane.diop@orange.com,cyrille1.danho@orange.com,mohamed2.sylla@orange.com,amadou.diomande@orange.com,Jonas.kouame@orange.com,armand.kablan@orange.com,anicet.azombade@orange.com,etienne.kouadio@orange.com,bertine.kouakou@orange.com,florentine.kouakou@orange.com,ange.phaceli@orange.com,soulegame.soro@orange.com,innocent.yengo@orange.com' AIRFLOW_CTX_DAG_OWNER='***' AIRFLOW_CTX_DAG_ID='motower_daily_prod' AIRFLOW_CTX_TASK_ID='sensor_congestion' AIRFLOW_CTX_EXECUTION_DATE='2024-02-19T06:00:00+00:00' AIRFLOW_CTX_TRY_NUMBER='1' AIRFLOW_CTX_DAG_RUN_ID='scheduled__2024-02-19T06:00:00+00:00'
[2024-08-06T17:33:18.541+0000] {taskinstance.py:430} INFO - ::endgroup::
[2024-08-06T17:33:18.599+0000] {python.py:75} INFO - Poking callable: <function check_data_in_table at 0x701c42637060>
[2024-08-06T17:33:18.634+0000] {extract.py:126} INFO - Getting data of the table ks_hebdo_tdb_radio_drsi 
[2024-08-06T17:33:18.635+0000] {extract.py:127} INFO - where date is 2024-02-18
[2024-08-06T17:33:18.635+0000] {extract.py:98} INFO - get data to date 7 and year 2024
[2024-08-06T17:33:18.647+0000] {warnings.py:112} WARNING - /opt/***/dags/gps/common/extract.py:99: UserWarning: pandas only supports SQLAlchemy connectable (engine/connection) or database string URI or sqlite3 DBAPI2 connection. Other DBAPI2 objects are not tested. Please consider using SQLAlchemy.
  df_ = pd.read_sql_query(sql_query, conn, params=params)

[2024-08-06T17:33:19.080+0000] {base.py:294} INFO - Success criteria met. Exiting.
[2024-08-06T17:33:19.081+0000] {taskinstance.py:441} INFO - ::group::Post task execution logs
[2024-08-06T17:33:19.104+0000] {taskinstance.py:1206} INFO - Marking task as SUCCESS. dag_id=motower_daily_prod, task_id=sensor_congestion, run_id=scheduled__2024-02-19T06:00:00+00:00, execution_date=20240219T060000, start_date=20240806T173317, end_date=20240806T173319
[2024-08-06T17:33:19.246+0000] {local_task_job_runner.py:243} INFO - Task exited with return code 0
[2024-08-06T17:33:19.271+0000] {local_task_job_runner.py:222} INFO - ::endgroup::
[2024-08-06T18:20:49.162+0000] {local_task_job_runner.py:120} INFO - ::group::Pre task execution logs
[2024-08-06T18:20:49.221+0000] {taskinstance.py:2076} INFO - Dependencies all met for dep_context=non-requeueable deps ti=<TaskInstance: motower_daily_prod.sensor_congestion scheduled__2024-02-19T06:00:00+00:00 [queued]>
[2024-08-06T18:20:49.242+0000] {taskinstance.py:2076} INFO - Dependencies all met for dep_context=requeueable deps ti=<TaskInstance: motower_daily_prod.sensor_congestion scheduled__2024-02-19T06:00:00+00:00 [queued]>
[2024-08-06T18:20:49.243+0000] {taskinstance.py:2306} INFO - Starting attempt 1 of 1
[2024-08-06T18:20:49.269+0000] {taskinstance.py:2330} INFO - Executing <Task(PythonSensor): sensor_congestion> on 2024-02-19 06:00:00+00:00
[2024-08-06T18:20:49.281+0000] {warnings.py:112} WARNING - /home/***/.local/lib/python3.12/site-packages/***/task/task_runner/standard_task_runner.py:62: DeprecationWarning: This process (pid=10406) is multi-threaded, use of fork() may lead to deadlocks in the child.
  pid = os.fork()

[2024-08-06T18:20:49.283+0000] {standard_task_runner.py:64} INFO - Started process 10414 to run task
[2024-08-06T18:20:49.284+0000] {standard_task_runner.py:90} INFO - Running: ['***', 'tasks', 'run', 'motower_daily_prod', 'sensor_congestion', 'scheduled__2024-02-19T06:00:00+00:00', '--job-id', '2840', '--raw', '--subdir', 'DAGS_FOLDER/gps/custom_dags/motower_daily.py', '--cfg-path', '/tmp/tmpjdaaiqf0']
[2024-08-06T18:20:49.287+0000] {standard_task_runner.py:91} INFO - Job 2840: Subtask sensor_congestion
[2024-08-06T18:20:49.375+0000] {task_command.py:426} INFO - Running <TaskInstance: motower_daily_prod.sensor_congestion scheduled__2024-02-19T06:00:00+00:00 [running]> on host 13681191f11c
[2024-08-06T18:20:49.625+0000] {taskinstance.py:2648} INFO - Exporting env vars: AIRFLOW_CTX_DAG_EMAIL='richmond.kongo@orange.com,assane.diop@orange.com,cyrille1.danho@orange.com,mohamed2.sylla@orange.com,amadou.diomande@orange.com,Jonas.kouame@orange.com,armand.kablan@orange.com,anicet.azombade@orange.com,etienne.kouadio@orange.com,bertine.kouakou@orange.com,florentine.kouakou@orange.com,ange.phaceli@orange.com,soulegame.soro@orange.com,innocent.yengo@orange.com' AIRFLOW_CTX_DAG_OWNER='***' AIRFLOW_CTX_DAG_ID='motower_daily_prod' AIRFLOW_CTX_TASK_ID='sensor_congestion' AIRFLOW_CTX_EXECUTION_DATE='2024-02-19T06:00:00+00:00' AIRFLOW_CTX_TRY_NUMBER='1' AIRFLOW_CTX_DAG_RUN_ID='scheduled__2024-02-19T06:00:00+00:00'
[2024-08-06T18:20:49.627+0000] {taskinstance.py:430} INFO - ::endgroup::
[2024-08-06T18:20:49.656+0000] {python.py:75} INFO - Poking callable: <function check_data_in_table at 0x701c424aafc0>
[2024-08-06T18:20:49.663+0000] {extract.py:126} INFO - Getting data of the table ks_hebdo_tdb_radio_drsi 
[2024-08-06T18:20:49.664+0000] {extract.py:127} INFO - where date is 2024-02-18
[2024-08-06T18:20:49.664+0000] {extract.py:98} INFO - get data to date 7 and year 2024
[2024-08-06T18:20:49.675+0000] {warnings.py:112} WARNING - /opt/***/dags/gps/common/extract.py:99: UserWarning: pandas only supports SQLAlchemy connectable (engine/connection) or database string URI or sqlite3 DBAPI2 connection. Other DBAPI2 objects are not tested. Please consider using SQLAlchemy.
  df_ = pd.read_sql_query(sql_query, conn, params=params)

[2024-08-06T18:20:49.960+0000] {base.py:294} INFO - Success criteria met. Exiting.
[2024-08-06T18:20:49.961+0000] {taskinstance.py:441} INFO - ::group::Post task execution logs
[2024-08-06T18:20:50.012+0000] {taskinstance.py:1206} INFO - Marking task as SUCCESS. dag_id=motower_daily_prod, task_id=sensor_congestion, run_id=scheduled__2024-02-19T06:00:00+00:00, execution_date=20240219T060000, start_date=20240806T182049, end_date=20240806T182050
[2024-08-06T18:20:50.099+0000] {local_task_job_runner.py:243} INFO - Task exited with return code 0
[2024-08-06T18:20:50.184+0000] {taskinstance.py:3503} INFO - 1 downstream tasks scheduled from follow-on schedule check
[2024-08-06T18:20:50.196+0000] {local_task_job_runner.py:222} INFO - ::endgroup::
