[2024-08-06T17:09:59.271+0000] {local_task_job_runner.py:120} INFO - ::group::Pre task execution logs
[2024-08-06T17:09:59.586+0000] {taskinstance.py:2076} INFO - Dependencies all met for dep_context=non-requeueable deps ti=<TaskInstance: motower_daily_prod.extract_congestion scheduled__2024-04-10T06:00:00+00:00 [queued]>
[2024-08-06T17:09:59.611+0000] {taskinstance.py:2076} INFO - Dependencies all met for dep_context=requeueable deps ti=<TaskInstance: motower_daily_prod.extract_congestion scheduled__2024-04-10T06:00:00+00:00 [queued]>
[2024-08-06T17:09:59.612+0000] {taskinstance.py:2306} INFO - Starting attempt 1 of 1
[2024-08-06T17:09:59.740+0000] {taskinstance.py:2330} INFO - Executing <Task(PythonOperator): extract_congestion> on 2024-04-10 06:00:00+00:00
[2024-08-06T17:09:59.755+0000] {warnings.py:112} WARNING - /home/***/.local/lib/python3.12/site-packages/***/task/task_runner/standard_task_runner.py:62: DeprecationWarning: This process (pid=3871) is multi-threaded, use of fork() may lead to deadlocks in the child.
  pid = os.fork()

[2024-08-06T17:09:59.757+0000] {standard_task_runner.py:64} INFO - Started process 3889 to run task
[2024-08-06T17:09:59.759+0000] {standard_task_runner.py:90} INFO - Running: ['***', 'tasks', 'run', 'motower_daily_prod', 'extract_congestion', 'scheduled__2024-04-10T06:00:00+00:00', '--job-id', '948', '--raw', '--subdir', 'DAGS_FOLDER/gps/custom_dags/motower_daily.py', '--cfg-path', '/tmp/tmp5ce6lz4r']
[2024-08-06T17:09:59.763+0000] {standard_task_runner.py:91} INFO - Job 948: Subtask extract_congestion
[2024-08-06T17:09:59.854+0000] {task_command.py:426} INFO - Running <TaskInstance: motower_daily_prod.extract_congestion scheduled__2024-04-10T06:00:00+00:00 [running]> on host 13681191f11c
[2024-08-06T17:10:00.180+0000] {taskinstance.py:2648} INFO - Exporting env vars: AIRFLOW_CTX_DAG_EMAIL='richmond.kongo@orange.com,assane.diop@orange.com,cyrille1.danho@orange.com,mohamed2.sylla@orange.com,amadou.diomande@orange.com,Jonas.kouame@orange.com,armand.kablan@orange.com,anicet.azombade@orange.com,etienne.kouadio@orange.com,bertine.kouakou@orange.com,florentine.kouakou@orange.com,ange.phaceli@orange.com,soulegame.soro@orange.com,innocent.yengo@orange.com' AIRFLOW_CTX_DAG_OWNER='***' AIRFLOW_CTX_DAG_ID='motower_daily_prod' AIRFLOW_CTX_TASK_ID='extract_congestion' AIRFLOW_CTX_EXECUTION_DATE='2024-04-10T06:00:00+00:00' AIRFLOW_CTX_TRY_NUMBER='1' AIRFLOW_CTX_DAG_RUN_ID='scheduled__2024-04-10T06:00:00+00:00'
[2024-08-06T17:10:00.182+0000] {taskinstance.py:430} INFO - ::endgroup::
[2024-08-06T17:10:00.229+0000] {extract.py:126} INFO - Getting data of the table ks_hebdo_tdb_radio_drsi 
[2024-08-06T17:10:00.229+0000] {extract.py:127} INFO - where date is 2024-04-09
[2024-08-06T17:10:00.230+0000] {extract.py:98} INFO - get data to date 15 and year 2024
[2024-08-06T17:10:00.241+0000] {warnings.py:112} WARNING - /opt/***/dags/gps/common/extract.py:99: UserWarning: pandas only supports SQLAlchemy connectable (engine/connection) or database string URI or sqlite3 DBAPI2 connection. Other DBAPI2 objects are not tested. Please consider using SQLAlchemy.
  df_ = pd.read_sql_query(sql_query, conn, params=params)

[2024-08-06T17:10:00.546+0000] {rwminio.py:19} INFO - start to save data
[2024-08-06T17:10:00.777+0000] {rwminio.py:34} INFO - data in minio ok
[2024-08-06T17:10:00.785+0000] {python.py:237} INFO - Done. Returned value was: None
[2024-08-06T17:10:00.786+0000] {taskinstance.py:441} INFO - ::group::Post task execution logs
[2024-08-06T17:10:00.808+0000] {taskinstance.py:1206} INFO - Marking task as SUCCESS. dag_id=motower_daily_prod, task_id=extract_congestion, run_id=scheduled__2024-04-10T06:00:00+00:00, execution_date=20240410T060000, start_date=20240806T170959, end_date=20240806T171000
[2024-08-06T17:10:00.914+0000] {local_task_job_runner.py:243} INFO - Task exited with return code 0
[2024-08-06T17:10:00.974+0000] {taskinstance.py:3503} INFO - 1 downstream tasks scheduled from follow-on schedule check
[2024-08-06T17:10:00.981+0000] {local_task_job_runner.py:222} INFO - ::endgroup::
[2024-08-06T17:40:18.439+0000] {local_task_job_runner.py:120} INFO - ::group::Pre task execution logs
[2024-08-06T17:40:18.558+0000] {taskinstance.py:2076} INFO - Dependencies all met for dep_context=non-requeueable deps ti=<TaskInstance: motower_daily_prod.extract_congestion scheduled__2024-04-10T06:00:00+00:00 [queued]>
[2024-08-06T17:40:18.587+0000] {taskinstance.py:2076} INFO - Dependencies all met for dep_context=requeueable deps ti=<TaskInstance: motower_daily_prod.extract_congestion scheduled__2024-04-10T06:00:00+00:00 [queued]>
[2024-08-06T17:40:18.588+0000] {taskinstance.py:2306} INFO - Starting attempt 1 of 1
[2024-08-06T17:40:18.619+0000] {taskinstance.py:2330} INFO - Executing <Task(PythonOperator): extract_congestion> on 2024-04-10 06:00:00+00:00
[2024-08-06T17:40:18.640+0000] {warnings.py:112} WARNING - /home/***/.local/lib/python3.12/site-packages/***/task/task_runner/standard_task_runner.py:62: DeprecationWarning: This process (pid=7999) is multi-threaded, use of fork() may lead to deadlocks in the child.
  pid = os.fork()

[2024-08-06T17:40:18.642+0000] {standard_task_runner.py:64} INFO - Started process 8013 to run task
[2024-08-06T17:40:18.644+0000] {standard_task_runner.py:90} INFO - Running: ['***', 'tasks', 'run', 'motower_daily_prod', 'extract_congestion', 'scheduled__2024-04-10T06:00:00+00:00', '--job-id', '2206', '--raw', '--subdir', 'DAGS_FOLDER/gps/custom_dags/motower_daily.py', '--cfg-path', '/tmp/tmp7fi_p_67']
[2024-08-06T17:40:18.648+0000] {standard_task_runner.py:91} INFO - Job 2206: Subtask extract_congestion
[2024-08-06T17:40:18.850+0000] {task_command.py:426} INFO - Running <TaskInstance: motower_daily_prod.extract_congestion scheduled__2024-04-10T06:00:00+00:00 [running]> on host 13681191f11c
[2024-08-06T17:40:19.203+0000] {taskinstance.py:2648} INFO - Exporting env vars: AIRFLOW_CTX_DAG_EMAIL='richmond.kongo@orange.com,assane.diop@orange.com,cyrille1.danho@orange.com,mohamed2.sylla@orange.com,amadou.diomande@orange.com,Jonas.kouame@orange.com,armand.kablan@orange.com,anicet.azombade@orange.com,etienne.kouadio@orange.com,bertine.kouakou@orange.com,florentine.kouakou@orange.com,ange.phaceli@orange.com,soulegame.soro@orange.com,innocent.yengo@orange.com' AIRFLOW_CTX_DAG_OWNER='***' AIRFLOW_CTX_DAG_ID='motower_daily_prod' AIRFLOW_CTX_TASK_ID='extract_congestion' AIRFLOW_CTX_EXECUTION_DATE='2024-04-10T06:00:00+00:00' AIRFLOW_CTX_TRY_NUMBER='1' AIRFLOW_CTX_DAG_RUN_ID='scheduled__2024-04-10T06:00:00+00:00'
[2024-08-06T17:40:19.206+0000] {taskinstance.py:430} INFO - ::endgroup::
[2024-08-06T17:40:19.245+0000] {extract.py:126} INFO - Getting data of the table ks_hebdo_tdb_radio_drsi 
[2024-08-06T17:40:19.247+0000] {extract.py:127} INFO - where date is 2024-04-09
[2024-08-06T17:40:19.248+0000] {extract.py:98} INFO - get data to date 15 and year 2024
[2024-08-06T17:40:19.260+0000] {warnings.py:112} WARNING - /opt/***/dags/gps/common/extract.py:99: UserWarning: pandas only supports SQLAlchemy connectable (engine/connection) or database string URI or sqlite3 DBAPI2 connection. Other DBAPI2 objects are not tested. Please consider using SQLAlchemy.
  df_ = pd.read_sql_query(sql_query, conn, params=params)

[2024-08-06T17:40:19.571+0000] {rwminio.py:19} INFO - start to save data
[2024-08-06T17:40:19.837+0000] {rwminio.py:34} INFO - data in minio ok
[2024-08-06T17:40:19.845+0000] {python.py:237} INFO - Done. Returned value was: None
[2024-08-06T17:40:19.846+0000] {taskinstance.py:441} INFO - ::group::Post task execution logs
[2024-08-06T17:40:19.861+0000] {taskinstance.py:1206} INFO - Marking task as SUCCESS. dag_id=motower_daily_prod, task_id=extract_congestion, run_id=scheduled__2024-04-10T06:00:00+00:00, execution_date=20240410T060000, start_date=20240806T174018, end_date=20240806T174019
[2024-08-06T17:40:19.929+0000] {local_task_job_runner.py:243} INFO - Task exited with return code 0
[2024-08-06T17:40:19.967+0000] {taskinstance.py:3503} INFO - 1 downstream tasks scheduled from follow-on schedule check
[2024-08-06T17:40:19.969+0000] {local_task_job_runner.py:222} INFO - ::endgroup::
