[2024-07-25T10:18:53.688+0000] {local_task_job_runner.py:120} INFO - ::group::Pre task execution logs
[2024-07-25T10:18:53.772+0000] {taskinstance.py:2076} INFO - Dependencies all met for dep_context=non-requeueable deps ti=<TaskInstance: enrich_prod.cleaning.check_esco_sensor scheduled__2024-04-02T00:00:00+00:00 [queued]>
[2024-07-25T10:18:53.803+0000] {taskinstance.py:2076} INFO - Dependencies all met for dep_context=requeueable deps ti=<TaskInstance: enrich_prod.cleaning.check_esco_sensor scheduled__2024-04-02T00:00:00+00:00 [queued]>
[2024-07-25T10:18:53.804+0000] {taskinstance.py:2306} INFO - Starting attempt 1 of 1
[2024-07-25T10:18:53.905+0000] {taskinstance.py:2330} INFO - Executing <Task(PythonSensor): cleaning.check_esco_sensor> on 2024-04-02 00:00:00+00:00
[2024-07-25T10:18:53.961+0000] {warnings.py:112} WARNING - /home/***/.local/lib/python3.12/site-packages/***/task/task_runner/standard_task_runner.py:62: DeprecationWarning: This process (pid=4475) is multi-threaded, use of fork() may lead to deadlocks in the child.
  pid = os.fork()

[2024-07-25T10:18:53.962+0000] {standard_task_runner.py:64} INFO - Started process 4505 to run task
[2024-07-25T10:18:53.978+0000] {standard_task_runner.py:90} INFO - Running: ['***', 'tasks', 'run', 'enrich_prod', 'cleaning.check_esco_sensor', 'scheduled__2024-04-02T00:00:00+00:00', '--job-id', '1069', '--raw', '--subdir', 'DAGS_FOLDER/gps/custom_dags/enrich.py', '--cfg-path', '/tmp/tmpn9earzjv']
[2024-07-25T10:18:53.989+0000] {standard_task_runner.py:91} INFO - Job 1069: Subtask cleaning.check_esco_sensor
[2024-07-25T10:18:54.219+0000] {task_command.py:426} INFO - Running <TaskInstance: enrich_prod.cleaning.check_esco_sensor scheduled__2024-04-02T00:00:00+00:00 [running]> on host b3845fb494d4
[2024-07-25T10:18:54.465+0000] {taskinstance.py:2648} INFO - Exporting env vars: AIRFLOW_CTX_DAG_EMAIL='richmond.kongo@orange.com,assane.diop@orange.com,cyrille1.danho@orange.com,mohamed2.sylla@orange.com,amadou.diomande@orange.com,Jonas.kouame@orange.com,armand.kablan@orange.com,anicet.azombade@orange.com,etienne.kouadio@orange.com,bertine.kouakou@orange.com,florentine.kouakou@orange.com,ange.phaceli@orange.com,soulegame.soro@orange.com,innocent.yengo@orange.com' AIRFLOW_CTX_DAG_OWNER='***' AIRFLOW_CTX_DAG_ID='enrich_prod' AIRFLOW_CTX_TASK_ID='cleaning.check_esco_sensor' AIRFLOW_CTX_EXECUTION_DATE='2024-04-02T00:00:00+00:00' AIRFLOW_CTX_TRY_NUMBER='1' AIRFLOW_CTX_DAG_RUN_ID='scheduled__2024-04-02T00:00:00+00:00'
[2024-07-25T10:18:54.467+0000] {taskinstance.py:430} INFO - ::endgroup::
[2024-07-25T10:18:54.493+0000] {python.py:75} INFO - Poking callable: <function check_file at 0x73206e9e3420>
[2024-07-25T10:23:01.024+0000] {local_task_job_runner.py:313} WARNING - State of this instance has been externally set to restarting. Terminating instance.
[2024-07-25T10:23:01.025+0000] {local_task_job_runner.py:222} INFO - ::endgroup::
[2024-07-25T10:23:01.026+0000] {process_utils.py:132} INFO - Sending 15 to group 4505. PIDs of all processes in the group: [4505]
[2024-07-25T10:23:01.026+0000] {process_utils.py:87} INFO - Sending the signal 15 to group 4505
[2024-07-25T10:23:01.026+0000] {taskinstance.py:2611} ERROR - Received SIGTERM. Terminating subprocesses.
[2024-07-25T10:23:01.027+0000] {taskinstance.py:441} INFO - ::group::Post task execution logs
[2024-07-25T10:23:01.037+0000] {taskinstance.py:2905} ERROR - Task failed with exception
Traceback (most recent call last):
  File "/home/airflow/.local/lib/python3.12/site-packages/airflow/models/taskinstance.py", line 465, in _execute_task
    result = _execute_callable(context=context, **execute_callable_kwargs)
             ^^^^^^^^^^^^^^^^^^^^^^^^^^^^^^^^^^^^^^^^^^^^^^^^^^^^^^^^^^^^^
  File "/home/airflow/.local/lib/python3.12/site-packages/airflow/models/taskinstance.py", line 432, in _execute_callable
    return execute_callable(context=context, **execute_callable_kwargs)
           ^^^^^^^^^^^^^^^^^^^^^^^^^^^^^^^^^^^^^^^^^^^^^^^^^^^^^^^^^^^^
  File "/home/airflow/.local/lib/python3.12/site-packages/airflow/models/baseoperator.py", line 401, in wrapper
    return func(self, *args, **kwargs)
           ^^^^^^^^^^^^^^^^^^^^^^^^^^^
  File "/home/airflow/.local/lib/python3.12/site-packages/airflow/sensors/base.py", line 292, in execute
    time.sleep(self._get_next_poke_interval(started_at, run_duration, poke_count))
  File "/home/airflow/.local/lib/python3.12/site-packages/airflow/models/taskinstance.py", line 2613, in signal_handler
    raise AirflowTaskTerminated("Task received SIGTERM signal")
airflow.exceptions.AirflowTaskTerminated: Task received SIGTERM signal
[2024-07-25T10:23:01.040+0000] {taskinstance.py:1206} INFO - Marking task as UP_FOR_RETRY. dag_id=enrich_prod, task_id=cleaning.check_esco_sensor, run_id=scheduled__2024-04-02T00:00:00+00:00, execution_date=20240402T000000, start_date=20240725T101853, end_date=20240725T102301
[2024-07-25T10:23:01.078+0000] {process_utils.py:80} INFO - Process psutil.Process(pid=4505, status='terminated', exitcode=2, started='10:18:53') (4505) terminated with exit code 2
[2024-07-25T10:23:21.404+0000] {local_task_job_runner.py:120} INFO - ::group::Pre task execution logs
[2024-07-25T10:23:21.913+0000] {taskinstance.py:2076} INFO - Dependencies all met for dep_context=non-requeueable deps ti=<TaskInstance: enrich_prod.cleaning.check_esco_sensor scheduled__2024-04-02T00:00:00+00:00 [queued]>
[2024-07-25T10:23:21.943+0000] {taskinstance.py:2076} INFO - Dependencies all met for dep_context=requeueable deps ti=<TaskInstance: enrich_prod.cleaning.check_esco_sensor scheduled__2024-04-02T00:00:00+00:00 [queued]>
[2024-07-25T10:23:21.944+0000] {taskinstance.py:2306} INFO - Starting attempt 1 of 1
[2024-07-25T10:23:21.975+0000] {taskinstance.py:2330} INFO - Executing <Task(PythonSensor): cleaning.check_esco_sensor> on 2024-04-02 00:00:00+00:00
[2024-07-25T10:23:21.998+0000] {warnings.py:112} WARNING - /home/***/.local/lib/python3.12/site-packages/***/task/task_runner/standard_task_runner.py:62: DeprecationWarning: This process (pid=4637) is multi-threaded, use of fork() may lead to deadlocks in the child.
  pid = os.fork()

[2024-07-25T10:23:22.003+0000] {standard_task_runner.py:64} INFO - Started process 4661 to run task
[2024-07-25T10:23:22.018+0000] {standard_task_runner.py:90} INFO - Running: ['***', 'tasks', 'run', 'enrich_prod', 'cleaning.check_esco_sensor', 'scheduled__2024-04-02T00:00:00+00:00', '--job-id', '1098', '--raw', '--subdir', 'DAGS_FOLDER/gps/custom_dags/enrich.py', '--cfg-path', '/tmp/tmpajjulmjq']
[2024-07-25T10:23:22.021+0000] {standard_task_runner.py:91} INFO - Job 1098: Subtask cleaning.check_esco_sensor
[2024-07-25T10:23:22.256+0000] {task_command.py:426} INFO - Running <TaskInstance: enrich_prod.cleaning.check_esco_sensor scheduled__2024-04-02T00:00:00+00:00 [running]> on host b3845fb494d4
[2024-07-25T10:23:22.624+0000] {taskinstance.py:2648} INFO - Exporting env vars: AIRFLOW_CTX_DAG_EMAIL='richmond.kongo@orange.com,assane.diop@orange.com,cyrille1.danho@orange.com,mohamed2.sylla@orange.com,amadou.diomande@orange.com,Jonas.kouame@orange.com,armand.kablan@orange.com,anicet.azombade@orange.com,etienne.kouadio@orange.com,bertine.kouakou@orange.com,florentine.kouakou@orange.com,ange.phaceli@orange.com,soulegame.soro@orange.com,innocent.yengo@orange.com' AIRFLOW_CTX_DAG_OWNER='***' AIRFLOW_CTX_DAG_ID='enrich_prod' AIRFLOW_CTX_TASK_ID='cleaning.check_esco_sensor' AIRFLOW_CTX_EXECUTION_DATE='2024-04-02T00:00:00+00:00' AIRFLOW_CTX_TRY_NUMBER='1' AIRFLOW_CTX_DAG_RUN_ID='scheduled__2024-04-02T00:00:00+00:00'
[2024-07-25T10:23:22.630+0000] {taskinstance.py:430} INFO - ::endgroup::
[2024-07-25T10:23:22.662+0000] {python.py:75} INFO - Poking callable: <function check_file at 0x73206ebc7380>
[2024-07-25T10:23:22.683+0000] {base.py:294} INFO - Success criteria met. Exiting.
[2024-07-25T10:23:22.683+0000] {taskinstance.py:441} INFO - ::group::Post task execution logs
[2024-07-25T10:23:22.716+0000] {taskinstance.py:1206} INFO - Marking task as SUCCESS. dag_id=enrich_prod, task_id=cleaning.check_esco_sensor, run_id=scheduled__2024-04-02T00:00:00+00:00, execution_date=20240402T000000, start_date=20240725T102321, end_date=20240725T102322
[2024-07-25T10:23:22.807+0000] {local_task_job_runner.py:243} INFO - Task exited with return code 0
[2024-07-25T10:23:22.835+0000] {local_task_job_runner.py:222} INFO - ::endgroup::
