[2024-08-06T17:07:37.356+0000] {local_task_job_runner.py:120} INFO - ::group::Pre task execution logs
[2024-08-06T17:07:37.430+0000] {taskinstance.py:2076} INFO - Dependencies all met for dep_context=non-requeueable deps ti=<TaskInstance: motower_daily_prod.clean_trafic_task scheduled__2024-03-24T06:00:00+00:00 [queued]>
[2024-08-06T17:07:37.465+0000] {taskinstance.py:2076} INFO - Dependencies all met for dep_context=requeueable deps ti=<TaskInstance: motower_daily_prod.clean_trafic_task scheduled__2024-03-24T06:00:00+00:00 [queued]>
[2024-08-06T17:07:37.466+0000] {taskinstance.py:2306} INFO - Starting attempt 1 of 1
[2024-08-06T17:07:37.503+0000] {taskinstance.py:2330} INFO - Executing <Task(PythonOperator): clean_trafic_task> on 2024-03-24 06:00:00+00:00
[2024-08-06T17:07:37.529+0000] {warnings.py:112} WARNING - /home/***/.local/lib/python3.12/site-packages/***/task/task_runner/standard_task_runner.py:62: DeprecationWarning: This process (pid=3405) is multi-threaded, use of fork() may lead to deadlocks in the child.
  pid = os.fork()

[2024-08-06T17:07:37.532+0000] {standard_task_runner.py:64} INFO - Started process 3420 to run task
[2024-08-06T17:07:37.538+0000] {standard_task_runner.py:90} INFO - Running: ['***', 'tasks', 'run', 'motower_daily_prod', 'clean_trafic_task', 'scheduled__2024-03-24T06:00:00+00:00', '--job-id', '802', '--raw', '--subdir', 'DAGS_FOLDER/gps/custom_dags/motower_daily.py', '--cfg-path', '/tmp/tmp69twiu76']
[2024-08-06T17:07:37.547+0000] {standard_task_runner.py:91} INFO - Job 802: Subtask clean_trafic_task
[2024-08-06T17:07:37.669+0000] {task_command.py:426} INFO - Running <TaskInstance: motower_daily_prod.clean_trafic_task scheduled__2024-03-24T06:00:00+00:00 [running]> on host 13681191f11c
[2024-08-06T17:07:37.923+0000] {taskinstance.py:2648} INFO - Exporting env vars: AIRFLOW_CTX_DAG_EMAIL='richmond.kongo@orange.com,assane.diop@orange.com,cyrille1.danho@orange.com,mohamed2.sylla@orange.com,amadou.diomande@orange.com,Jonas.kouame@orange.com,armand.kablan@orange.com,anicet.azombade@orange.com,etienne.kouadio@orange.com,bertine.kouakou@orange.com,florentine.kouakou@orange.com,ange.phaceli@orange.com,soulegame.soro@orange.com,innocent.yengo@orange.com' AIRFLOW_CTX_DAG_OWNER='***' AIRFLOW_CTX_DAG_ID='motower_daily_prod' AIRFLOW_CTX_TASK_ID='clean_trafic_task' AIRFLOW_CTX_EXECUTION_DATE='2024-03-24T06:00:00+00:00' AIRFLOW_CTX_TRY_NUMBER='1' AIRFLOW_CTX_DAG_RUN_ID='scheduled__2024-03-24T06:00:00+00:00'
[2024-08-06T17:07:37.926+0000] {taskinstance.py:430} INFO - ::endgroup::
[2024-08-06T17:07:38.133+0000] {data_validation.py:11} INFO - START VALIDATION OF COLUMN trafic_data_go
[2024-08-06T17:07:38.136+0000] {data_validation.py:20} INFO - DATA OF COLUMN trafic_data_go ARE VALID
[2024-08-06T17:07:38.137+0000] {data_validation.py:11} INFO - START VALIDATION OF COLUMN trafic_voix_erl
[2024-08-06T17:07:38.139+0000] {data_validation.py:20} INFO - DATA OF COLUMN trafic_voix_erl ARE VALID
[2024-08-06T17:07:38.140+0000] {motower_daily.py:267} INFO - prepare final data
[2024-08-06T17:07:38.194+0000] {logging_mixin.py:188} INFO - ================================
[2024-08-06T17:07:38.195+0000] {logging_mixin.py:188} INFO - object
[2024-08-06T17:07:38.825+0000] {python.py:237} INFO - Done. Returned value was: None
[2024-08-06T17:07:38.826+0000] {taskinstance.py:441} INFO - ::group::Post task execution logs
[2024-08-06T17:07:38.844+0000] {taskinstance.py:1206} INFO - Marking task as SUCCESS. dag_id=motower_daily_prod, task_id=clean_trafic_task, run_id=scheduled__2024-03-24T06:00:00+00:00, execution_date=20240324T060000, start_date=20240806T170737, end_date=20240806T170738
[2024-08-06T17:07:38.891+0000] {local_task_job_runner.py:243} INFO - Task exited with return code 0
[2024-08-06T17:07:38.933+0000] {taskinstance.py:3503} INFO - 0 downstream tasks scheduled from follow-on schedule check
[2024-08-06T17:07:38.940+0000] {local_task_job_runner.py:222} INFO - ::endgroup::
[2024-08-06T17:38:17.096+0000] {local_task_job_runner.py:120} INFO - ::group::Pre task execution logs
[2024-08-06T17:38:17.211+0000] {taskinstance.py:2076} INFO - Dependencies all met for dep_context=non-requeueable deps ti=<TaskInstance: motower_daily_prod.clean_trafic_task scheduled__2024-03-24T06:00:00+00:00 [queued]>
[2024-08-06T17:38:17.268+0000] {taskinstance.py:2076} INFO - Dependencies all met for dep_context=requeueable deps ti=<TaskInstance: motower_daily_prod.clean_trafic_task scheduled__2024-03-24T06:00:00+00:00 [queued]>
[2024-08-06T17:38:17.275+0000] {taskinstance.py:2306} INFO - Starting attempt 1 of 1
[2024-08-06T17:38:17.340+0000] {taskinstance.py:2330} INFO - Executing <Task(PythonOperator): clean_trafic_task> on 2024-03-24 06:00:00+00:00
[2024-08-06T17:38:17.356+0000] {warnings.py:112} WARNING - /home/***/.local/lib/python3.12/site-packages/***/task/task_runner/standard_task_runner.py:62: DeprecationWarning: This process (pid=7558) is multi-threaded, use of fork() may lead to deadlocks in the child.
  pid = os.fork()

[2024-08-06T17:38:17.359+0000] {standard_task_runner.py:64} INFO - Started process 7574 to run task
[2024-08-06T17:38:17.371+0000] {standard_task_runner.py:90} INFO - Running: ['***', 'tasks', 'run', 'motower_daily_prod', 'clean_trafic_task', 'scheduled__2024-03-24T06:00:00+00:00', '--job-id', '2064', '--raw', '--subdir', 'DAGS_FOLDER/gps/custom_dags/motower_daily.py', '--cfg-path', '/tmp/tmp539x57_q']
[2024-08-06T17:38:17.376+0000] {standard_task_runner.py:91} INFO - Job 2064: Subtask clean_trafic_task
[2024-08-06T17:38:17.488+0000] {task_command.py:426} INFO - Running <TaskInstance: motower_daily_prod.clean_trafic_task scheduled__2024-03-24T06:00:00+00:00 [running]> on host 13681191f11c
[2024-08-06T17:38:17.809+0000] {taskinstance.py:2648} INFO - Exporting env vars: AIRFLOW_CTX_DAG_EMAIL='richmond.kongo@orange.com,assane.diop@orange.com,cyrille1.danho@orange.com,mohamed2.sylla@orange.com,amadou.diomande@orange.com,Jonas.kouame@orange.com,armand.kablan@orange.com,anicet.azombade@orange.com,etienne.kouadio@orange.com,bertine.kouakou@orange.com,florentine.kouakou@orange.com,ange.phaceli@orange.com,soulegame.soro@orange.com,innocent.yengo@orange.com' AIRFLOW_CTX_DAG_OWNER='***' AIRFLOW_CTX_DAG_ID='motower_daily_prod' AIRFLOW_CTX_TASK_ID='clean_trafic_task' AIRFLOW_CTX_EXECUTION_DATE='2024-03-24T06:00:00+00:00' AIRFLOW_CTX_TRY_NUMBER='1' AIRFLOW_CTX_DAG_RUN_ID='scheduled__2024-03-24T06:00:00+00:00'
[2024-08-06T17:38:17.818+0000] {taskinstance.py:430} INFO - ::endgroup::
[2024-08-06T17:38:18.013+0000] {data_validation.py:11} INFO - START VALIDATION OF COLUMN trafic_data_go
[2024-08-06T17:38:18.015+0000] {data_validation.py:20} INFO - DATA OF COLUMN trafic_data_go ARE VALID
[2024-08-06T17:38:18.016+0000] {data_validation.py:11} INFO - START VALIDATION OF COLUMN trafic_voix_erl
[2024-08-06T17:38:18.018+0000] {data_validation.py:20} INFO - DATA OF COLUMN trafic_voix_erl ARE VALID
[2024-08-06T17:38:18.019+0000] {motower_daily.py:267} INFO - prepare final data
[2024-08-06T17:38:18.098+0000] {logging_mixin.py:188} INFO - ================================
[2024-08-06T17:38:18.099+0000] {logging_mixin.py:188} INFO - object
[2024-08-06T17:38:19.115+0000] {python.py:237} INFO - Done. Returned value was: None
[2024-08-06T17:38:19.116+0000] {taskinstance.py:441} INFO - ::group::Post task execution logs
[2024-08-06T17:38:19.154+0000] {taskinstance.py:1206} INFO - Marking task as SUCCESS. dag_id=motower_daily_prod, task_id=clean_trafic_task, run_id=scheduled__2024-03-24T06:00:00+00:00, execution_date=20240324T060000, start_date=20240806T173817, end_date=20240806T173819
[2024-08-06T17:38:19.236+0000] {local_task_job_runner.py:243} INFO - Task exited with return code 0
[2024-08-06T17:38:19.259+0000] {local_task_job_runner.py:222} INFO - ::endgroup::
[2024-08-06T18:25:55.653+0000] {local_task_job_runner.py:120} INFO - ::group::Pre task execution logs
[2024-08-06T18:25:56.011+0000] {taskinstance.py:2076} INFO - Dependencies all met for dep_context=non-requeueable deps ti=<TaskInstance: motower_daily_prod.clean_trafic_task scheduled__2024-03-24T06:00:00+00:00 [queued]>
[2024-08-06T18:25:56.035+0000] {taskinstance.py:2076} INFO - Dependencies all met for dep_context=requeueable deps ti=<TaskInstance: motower_daily_prod.clean_trafic_task scheduled__2024-03-24T06:00:00+00:00 [queued]>
[2024-08-06T18:25:56.035+0000] {taskinstance.py:2306} INFO - Starting attempt 1 of 1
[2024-08-06T18:25:56.066+0000] {taskinstance.py:2330} INFO - Executing <Task(PythonOperator): clean_trafic_task> on 2024-03-24 06:00:00+00:00
[2024-08-06T18:25:56.080+0000] {warnings.py:112} WARNING - /home/***/.local/lib/python3.12/site-packages/***/task/task_runner/standard_task_runner.py:62: DeprecationWarning: This process (pid=11416) is multi-threaded, use of fork() may lead to deadlocks in the child.
  pid = os.fork()

[2024-08-06T18:25:56.083+0000] {standard_task_runner.py:64} INFO - Started process 11430 to run task
[2024-08-06T18:25:56.083+0000] {standard_task_runner.py:90} INFO - Running: ['***', 'tasks', 'run', 'motower_daily_prod', 'clean_trafic_task', 'scheduled__2024-03-24T06:00:00+00:00', '--job-id', '3159', '--raw', '--subdir', 'DAGS_FOLDER/gps/custom_dags/motower_daily.py', '--cfg-path', '/tmp/tmp7jtevg6z']
[2024-08-06T18:25:56.087+0000] {standard_task_runner.py:91} INFO - Job 3159: Subtask clean_trafic_task
[2024-08-06T18:25:56.160+0000] {task_command.py:426} INFO - Running <TaskInstance: motower_daily_prod.clean_trafic_task scheduled__2024-03-24T06:00:00+00:00 [running]> on host 13681191f11c
[2024-08-06T18:25:56.365+0000] {taskinstance.py:2648} INFO - Exporting env vars: AIRFLOW_CTX_DAG_EMAIL='richmond.kongo@orange.com,assane.diop@orange.com,cyrille1.danho@orange.com,mohamed2.sylla@orange.com,amadou.diomande@orange.com,Jonas.kouame@orange.com,armand.kablan@orange.com,anicet.azombade@orange.com,etienne.kouadio@orange.com,bertine.kouakou@orange.com,florentine.kouakou@orange.com,ange.phaceli@orange.com,soulegame.soro@orange.com,innocent.yengo@orange.com' AIRFLOW_CTX_DAG_OWNER='***' AIRFLOW_CTX_DAG_ID='motower_daily_prod' AIRFLOW_CTX_TASK_ID='clean_trafic_task' AIRFLOW_CTX_EXECUTION_DATE='2024-03-24T06:00:00+00:00' AIRFLOW_CTX_TRY_NUMBER='1' AIRFLOW_CTX_DAG_RUN_ID='scheduled__2024-03-24T06:00:00+00:00'
[2024-08-06T18:25:56.367+0000] {taskinstance.py:430} INFO - ::endgroup::
[2024-08-06T18:25:56.511+0000] {data_validation.py:11} INFO - START VALIDATION OF COLUMN trafic_data_go
[2024-08-06T18:25:56.513+0000] {data_validation.py:20} INFO - DATA OF COLUMN trafic_data_go ARE VALID
[2024-08-06T18:25:56.514+0000] {data_validation.py:11} INFO - START VALIDATION OF COLUMN trafic_voix_erl
[2024-08-06T18:25:56.516+0000] {data_validation.py:20} INFO - DATA OF COLUMN trafic_voix_erl ARE VALID
[2024-08-06T18:25:56.517+0000] {motower_daily.py:267} INFO - prepare final data
[2024-08-06T18:25:56.568+0000] {logging_mixin.py:188} INFO - ================================
[2024-08-06T18:25:56.568+0000] {logging_mixin.py:188} INFO - object
[2024-08-06T18:25:57.345+0000] {python.py:237} INFO - Done. Returned value was: None
[2024-08-06T18:25:57.347+0000] {taskinstance.py:441} INFO - ::group::Post task execution logs
[2024-08-06T18:25:57.363+0000] {taskinstance.py:1206} INFO - Marking task as SUCCESS. dag_id=motower_daily_prod, task_id=clean_trafic_task, run_id=scheduled__2024-03-24T06:00:00+00:00, execution_date=20240324T060000, start_date=20240806T182556, end_date=20240806T182557
[2024-08-06T18:25:57.411+0000] {local_task_job_runner.py:243} INFO - Task exited with return code 0
[2024-08-06T18:25:57.428+0000] {local_task_job_runner.py:222} INFO - ::endgroup::
