[2024-08-06T17:07:12.462+0000] {local_task_job_runner.py:120} INFO - ::group::Pre task execution logs
[2024-08-06T17:07:12.633+0000] {taskinstance.py:2076} INFO - Dependencies all met for dep_context=non-requeueable deps ti=<TaskInstance: motower_daily_prod.checkataa scheduled__2024-03-23T06:00:00+00:00 [queued]>
[2024-08-06T17:07:12.691+0000] {taskinstance.py:2076} INFO - Dependencies all met for dep_context=requeueable deps ti=<TaskInstance: motower_daily_prod.checkataa scheduled__2024-03-23T06:00:00+00:00 [queued]>
[2024-08-06T17:07:12.692+0000] {taskinstance.py:2306} INFO - Starting attempt 1 of 1
[2024-08-06T17:07:12.748+0000] {taskinstance.py:2330} INFO - Executing <Task(PythonSensor): checkataa> on 2024-03-23 06:00:00+00:00
[2024-08-06T17:07:12.767+0000] {warnings.py:112} WARNING - /home/***/.local/lib/python3.12/site-packages/***/task/task_runner/standard_task_runner.py:62: DeprecationWarning: This process (pid=3305) is multi-threaded, use of fork() may lead to deadlocks in the child.
  pid = os.fork()

[2024-08-06T17:07:12.773+0000] {standard_task_runner.py:64} INFO - Started process 3317 to run task
[2024-08-06T17:07:12.781+0000] {standard_task_runner.py:90} INFO - Running: ['***', 'tasks', 'run', 'motower_daily_prod', 'checkataa', 'scheduled__2024-03-23T06:00:00+00:00', '--job-id', '769', '--raw', '--subdir', 'DAGS_FOLDER/gps/custom_dags/motower_daily.py', '--cfg-path', '/tmp/tmpg0_dpajt']
[2024-08-06T17:07:12.786+0000] {standard_task_runner.py:91} INFO - Job 769: Subtask checkataa
[2024-08-06T17:07:12.926+0000] {task_command.py:426} INFO - Running <TaskInstance: motower_daily_prod.checkataa scheduled__2024-03-23T06:00:00+00:00 [running]> on host 13681191f11c
[2024-08-06T17:07:13.180+0000] {taskinstance.py:2648} INFO - Exporting env vars: AIRFLOW_CTX_DAG_EMAIL='richmond.kongo@orange.com,assane.diop@orange.com,cyrille1.danho@orange.com,mohamed2.sylla@orange.com,amadou.diomande@orange.com,Jonas.kouame@orange.com,armand.kablan@orange.com,anicet.azombade@orange.com,etienne.kouadio@orange.com,bertine.kouakou@orange.com,florentine.kouakou@orange.com,ange.phaceli@orange.com,soulegame.soro@orange.com,innocent.yengo@orange.com' AIRFLOW_CTX_DAG_OWNER='***' AIRFLOW_CTX_DAG_ID='motower_daily_prod' AIRFLOW_CTX_TASK_ID='checkataa' AIRFLOW_CTX_EXECUTION_DATE='2024-03-23T06:00:00+00:00' AIRFLOW_CTX_TRY_NUMBER='1' AIRFLOW_CTX_DAG_RUN_ID='scheduled__2024-03-23T06:00:00+00:00'
[2024-08-06T17:07:13.182+0000] {taskinstance.py:430} INFO - ::endgroup::
[2024-08-06T17:07:13.214+0000] {python.py:75} INFO - Poking callable: <function check_data_in_table at 0x701c26fa3ba0>
[2024-08-06T17:07:13.220+0000] {extract.py:126} INFO - Getting data of the table dtm_motower_gsm 
[2024-08-06T17:07:13.220+0000] {extract.py:127} INFO - where date is 2024-03-22
[2024-08-06T17:07:13.221+0000] {extract.py:102} INFO - get data to date 20240322
[2024-08-06T17:07:13.230+0000] {warnings.py:112} WARNING - /opt/***/dags/gps/common/extract.py:103: UserWarning: pandas only supports SQLAlchemy connectable (engine/connection) or database string URI or sqlite3 DBAPI2 connection. Other DBAPI2 objects are not tested. Please consider using SQLAlchemy.
  df_ = pd.read_sql_query(sql_query, conn, params=params)

[2024-08-06T17:07:13.345+0000] {base.py:294} INFO - Success criteria met. Exiting.
[2024-08-06T17:07:13.346+0000] {taskinstance.py:441} INFO - ::group::Post task execution logs
[2024-08-06T17:07:13.358+0000] {taskinstance.py:1206} INFO - Marking task as SUCCESS. dag_id=motower_daily_prod, task_id=checkataa, run_id=scheduled__2024-03-23T06:00:00+00:00, execution_date=20240323T060000, start_date=20240806T170712, end_date=20240806T170713
[2024-08-06T17:07:13.400+0000] {local_task_job_runner.py:243} INFO - Task exited with return code 0
[2024-08-06T17:07:13.469+0000] {taskinstance.py:3503} INFO - 0 downstream tasks scheduled from follow-on schedule check
[2024-08-06T17:07:13.477+0000] {local_task_job_runner.py:222} INFO - ::endgroup::
[2024-08-06T17:37:57.662+0000] {local_task_job_runner.py:120} INFO - ::group::Pre task execution logs
[2024-08-06T17:37:57.718+0000] {taskinstance.py:2076} INFO - Dependencies all met for dep_context=non-requeueable deps ti=<TaskInstance: motower_daily_prod.checkataa scheduled__2024-03-23T06:00:00+00:00 [queued]>
[2024-08-06T17:37:57.737+0000] {taskinstance.py:2076} INFO - Dependencies all met for dep_context=requeueable deps ti=<TaskInstance: motower_daily_prod.checkataa scheduled__2024-03-23T06:00:00+00:00 [queued]>
[2024-08-06T17:37:57.738+0000] {taskinstance.py:2306} INFO - Starting attempt 1 of 1
[2024-08-06T17:37:57.761+0000] {taskinstance.py:2330} INFO - Executing <Task(PythonSensor): checkataa> on 2024-03-23 06:00:00+00:00
[2024-08-06T17:37:57.774+0000] {warnings.py:112} WARNING - /home/***/.local/lib/python3.12/site-packages/***/task/task_runner/standard_task_runner.py:62: DeprecationWarning: This process (pid=7489) is multi-threaded, use of fork() may lead to deadlocks in the child.
  pid = os.fork()

[2024-08-06T17:37:57.776+0000] {standard_task_runner.py:64} INFO - Started process 7495 to run task
[2024-08-06T17:37:57.777+0000] {standard_task_runner.py:90} INFO - Running: ['***', 'tasks', 'run', 'motower_daily_prod', 'checkataa', 'scheduled__2024-03-23T06:00:00+00:00', '--job-id', '2043', '--raw', '--subdir', 'DAGS_FOLDER/gps/custom_dags/motower_daily.py', '--cfg-path', '/tmp/tmppt_y678o']
[2024-08-06T17:37:57.781+0000] {standard_task_runner.py:91} INFO - Job 2043: Subtask checkataa
[2024-08-06T17:37:57.855+0000] {task_command.py:426} INFO - Running <TaskInstance: motower_daily_prod.checkataa scheduled__2024-03-23T06:00:00+00:00 [running]> on host 13681191f11c
[2024-08-06T17:37:58.035+0000] {taskinstance.py:2648} INFO - Exporting env vars: AIRFLOW_CTX_DAG_EMAIL='richmond.kongo@orange.com,assane.diop@orange.com,cyrille1.danho@orange.com,mohamed2.sylla@orange.com,amadou.diomande@orange.com,Jonas.kouame@orange.com,armand.kablan@orange.com,anicet.azombade@orange.com,etienne.kouadio@orange.com,bertine.kouakou@orange.com,florentine.kouakou@orange.com,ange.phaceli@orange.com,soulegame.soro@orange.com,innocent.yengo@orange.com' AIRFLOW_CTX_DAG_OWNER='***' AIRFLOW_CTX_DAG_ID='motower_daily_prod' AIRFLOW_CTX_TASK_ID='checkataa' AIRFLOW_CTX_EXECUTION_DATE='2024-03-23T06:00:00+00:00' AIRFLOW_CTX_TRY_NUMBER='1' AIRFLOW_CTX_DAG_RUN_ID='scheduled__2024-03-23T06:00:00+00:00'
[2024-08-06T17:37:58.037+0000] {taskinstance.py:430} INFO - ::endgroup::
[2024-08-06T17:37:58.065+0000] {python.py:75} INFO - Poking callable: <function check_data_in_table at 0x701c41fd82c0>
[2024-08-06T17:37:58.072+0000] {extract.py:126} INFO - Getting data of the table dtm_motower_gsm 
[2024-08-06T17:37:58.075+0000] {extract.py:127} INFO - where date is 2024-03-22
[2024-08-06T17:37:58.076+0000] {extract.py:102} INFO - get data to date 20240322
[2024-08-06T17:37:58.086+0000] {warnings.py:112} WARNING - /opt/***/dags/gps/common/extract.py:103: UserWarning: pandas only supports SQLAlchemy connectable (engine/connection) or database string URI or sqlite3 DBAPI2 connection. Other DBAPI2 objects are not tested. Please consider using SQLAlchemy.
  df_ = pd.read_sql_query(sql_query, conn, params=params)

[2024-08-06T17:37:58.223+0000] {base.py:294} INFO - Success criteria met. Exiting.
[2024-08-06T17:37:58.224+0000] {taskinstance.py:441} INFO - ::group::Post task execution logs
[2024-08-06T17:37:58.238+0000] {taskinstance.py:1206} INFO - Marking task as SUCCESS. dag_id=motower_daily_prod, task_id=checkataa, run_id=scheduled__2024-03-23T06:00:00+00:00, execution_date=20240323T060000, start_date=20240806T173757, end_date=20240806T173758
[2024-08-06T17:37:58.312+0000] {local_task_job_runner.py:243} INFO - Task exited with return code 0
[2024-08-06T17:37:58.393+0000] {taskinstance.py:3503} INFO - 1 downstream tasks scheduled from follow-on schedule check
[2024-08-06T17:37:58.399+0000] {local_task_job_runner.py:222} INFO - ::endgroup::
[2024-08-06T18:25:37.138+0000] {local_task_job_runner.py:120} INFO - ::group::Pre task execution logs
[2024-08-06T18:25:37.233+0000] {taskinstance.py:2076} INFO - Dependencies all met for dep_context=non-requeueable deps ti=<TaskInstance: motower_daily_prod.checkataa scheduled__2024-03-23T06:00:00+00:00 [queued]>
[2024-08-06T18:25:37.266+0000] {taskinstance.py:2076} INFO - Dependencies all met for dep_context=requeueable deps ti=<TaskInstance: motower_daily_prod.checkataa scheduled__2024-03-23T06:00:00+00:00 [queued]>
[2024-08-06T18:25:37.267+0000] {taskinstance.py:2306} INFO - Starting attempt 1 of 1
[2024-08-06T18:25:37.294+0000] {taskinstance.py:2330} INFO - Executing <Task(PythonSensor): checkataa> on 2024-03-23 06:00:00+00:00
[2024-08-06T18:25:37.308+0000] {warnings.py:112} WARNING - /home/***/.local/lib/python3.12/site-packages/***/task/task_runner/standard_task_runner.py:62: DeprecationWarning: This process (pid=11341) is multi-threaded, use of fork() may lead to deadlocks in the child.
  pid = os.fork()

[2024-08-06T18:25:37.311+0000] {standard_task_runner.py:64} INFO - Started process 11355 to run task
[2024-08-06T18:25:37.315+0000] {standard_task_runner.py:90} INFO - Running: ['***', 'tasks', 'run', 'motower_daily_prod', 'checkataa', 'scheduled__2024-03-23T06:00:00+00:00', '--job-id', '3136', '--raw', '--subdir', 'DAGS_FOLDER/gps/custom_dags/motower_daily.py', '--cfg-path', '/tmp/tmpdgbh9f3l']
[2024-08-06T18:25:37.320+0000] {standard_task_runner.py:91} INFO - Job 3136: Subtask checkataa
[2024-08-06T18:25:37.411+0000] {task_command.py:426} INFO - Running <TaskInstance: motower_daily_prod.checkataa scheduled__2024-03-23T06:00:00+00:00 [running]> on host 13681191f11c
[2024-08-06T18:25:37.692+0000] {taskinstance.py:2648} INFO - Exporting env vars: AIRFLOW_CTX_DAG_EMAIL='richmond.kongo@orange.com,assane.diop@orange.com,cyrille1.danho@orange.com,mohamed2.sylla@orange.com,amadou.diomande@orange.com,Jonas.kouame@orange.com,armand.kablan@orange.com,anicet.azombade@orange.com,etienne.kouadio@orange.com,bertine.kouakou@orange.com,florentine.kouakou@orange.com,ange.phaceli@orange.com,soulegame.soro@orange.com,innocent.yengo@orange.com' AIRFLOW_CTX_DAG_OWNER='***' AIRFLOW_CTX_DAG_ID='motower_daily_prod' AIRFLOW_CTX_TASK_ID='checkataa' AIRFLOW_CTX_EXECUTION_DATE='2024-03-23T06:00:00+00:00' AIRFLOW_CTX_TRY_NUMBER='1' AIRFLOW_CTX_DAG_RUN_ID='scheduled__2024-03-23T06:00:00+00:00'
[2024-08-06T18:25:37.693+0000] {taskinstance.py:430} INFO - ::endgroup::
[2024-08-06T18:25:37.736+0000] {python.py:75} INFO - Poking callable: <function check_data_in_table at 0x701c26d48e00>
[2024-08-06T18:25:37.773+0000] {extract.py:126} INFO - Getting data of the table dtm_motower_gsm 
[2024-08-06T18:25:37.774+0000] {extract.py:127} INFO - where date is 2024-03-22
[2024-08-06T18:25:37.774+0000] {extract.py:102} INFO - get data to date 20240322
[2024-08-06T18:25:37.786+0000] {warnings.py:112} WARNING - /opt/***/dags/gps/common/extract.py:103: UserWarning: pandas only supports SQLAlchemy connectable (engine/connection) or database string URI or sqlite3 DBAPI2 connection. Other DBAPI2 objects are not tested. Please consider using SQLAlchemy.
  df_ = pd.read_sql_query(sql_query, conn, params=params)

[2024-08-06T18:25:37.992+0000] {base.py:294} INFO - Success criteria met. Exiting.
[2024-08-06T18:25:37.993+0000] {taskinstance.py:441} INFO - ::group::Post task execution logs
[2024-08-06T18:25:38.040+0000] {taskinstance.py:1206} INFO - Marking task as SUCCESS. dag_id=motower_daily_prod, task_id=checkataa, run_id=scheduled__2024-03-23T06:00:00+00:00, execution_date=20240323T060000, start_date=20240806T182537, end_date=20240806T182538
[2024-08-06T18:25:38.100+0000] {local_task_job_runner.py:243} INFO - Task exited with return code 0
[2024-08-06T18:25:38.121+0000] {local_task_job_runner.py:222} INFO - ::endgroup::
