[2024-08-06T16:59:38.340+0000] {local_task_job_runner.py:120} INFO - ::group::Pre task execution logs
[2024-08-06T16:59:38.447+0000] {taskinstance.py:2076} INFO - Dependencies all met for dep_context=non-requeueable deps ti=<TaskInstance: motower_daily_prod.sensor_trafic scheduled__2024-01-30T06:00:00+00:00 [queued]>
[2024-08-06T16:59:38.483+0000] {taskinstance.py:2076} INFO - Dependencies all met for dep_context=requeueable deps ti=<TaskInstance: motower_daily_prod.sensor_trafic scheduled__2024-01-30T06:00:00+00:00 [queued]>
[2024-08-06T16:59:38.483+0000] {taskinstance.py:2306} INFO - Starting attempt 1 of 1
[2024-08-06T16:59:38.546+0000] {taskinstance.py:2330} INFO - Executing <Task(PythonSensor): sensor_trafic> on 2024-01-30 06:00:00+00:00
[2024-08-06T16:59:38.577+0000] {warnings.py:112} WARNING - /home/***/.local/lib/python3.12/site-packages/***/task/task_runner/standard_task_runner.py:62: DeprecationWarning: This process (pid=1814) is multi-threaded, use of fork() may lead to deadlocks in the child.
  pid = os.fork()

[2024-08-06T16:59:38.581+0000] {standard_task_runner.py:64} INFO - Started process 1822 to run task
[2024-08-06T16:59:38.586+0000] {standard_task_runner.py:90} INFO - Running: ['***', 'tasks', 'run', 'motower_daily_prod', 'sensor_trafic', 'scheduled__2024-01-30T06:00:00+00:00', '--job-id', '296', '--raw', '--subdir', 'DAGS_FOLDER/gps/custom_dags/motower_daily.py', '--cfg-path', '/tmp/tmpn14_qe8j']
[2024-08-06T16:59:38.591+0000] {standard_task_runner.py:91} INFO - Job 296: Subtask sensor_trafic
[2024-08-06T16:59:38.747+0000] {task_command.py:426} INFO - Running <TaskInstance: motower_daily_prod.sensor_trafic scheduled__2024-01-30T06:00:00+00:00 [running]> on host 13681191f11c
[2024-08-06T16:59:38.978+0000] {taskinstance.py:2648} INFO - Exporting env vars: AIRFLOW_CTX_DAG_EMAIL='richmond.kongo@orange.com,assane.diop@orange.com,cyrille1.danho@orange.com,mohamed2.sylla@orange.com,amadou.diomande@orange.com,Jonas.kouame@orange.com,armand.kablan@orange.com,anicet.azombade@orange.com,etienne.kouadio@orange.com,bertine.kouakou@orange.com,florentine.kouakou@orange.com,ange.phaceli@orange.com,soulegame.soro@orange.com,innocent.yengo@orange.com' AIRFLOW_CTX_DAG_OWNER='***' AIRFLOW_CTX_DAG_ID='motower_daily_prod' AIRFLOW_CTX_TASK_ID='sensor_trafic' AIRFLOW_CTX_EXECUTION_DATE='2024-01-30T06:00:00+00:00' AIRFLOW_CTX_TRY_NUMBER='1' AIRFLOW_CTX_DAG_RUN_ID='scheduled__2024-01-30T06:00:00+00:00'
[2024-08-06T16:59:38.980+0000] {taskinstance.py:430} INFO - ::endgroup::
[2024-08-06T16:59:39.009+0000] {python.py:75} INFO - Poking callable: <function check_data_in_table at 0x701c2713bba0>
[2024-08-06T16:59:39.015+0000] {extract.py:126} INFO - Getting data of the table ks_daily_tdb_radio_drsi 
[2024-08-06T16:59:39.016+0000] {extract.py:127} INFO - where date is 2024-01-29
[2024-08-06T16:59:39.017+0000] {extract.py:102} INFO - get data to date 2024-01-29
[2024-08-06T16:59:39.027+0000] {warnings.py:112} WARNING - /opt/***/dags/gps/common/extract.py:103: UserWarning: pandas only supports SQLAlchemy connectable (engine/connection) or database string URI or sqlite3 DBAPI2 connection. Other DBAPI2 objects are not tested. Please consider using SQLAlchemy.
  df_ = pd.read_sql_query(sql_query, conn, params=params)

[2024-08-06T16:59:39.461+0000] {base.py:294} INFO - Success criteria met. Exiting.
[2024-08-06T16:59:39.462+0000] {taskinstance.py:441} INFO - ::group::Post task execution logs
[2024-08-06T16:59:39.487+0000] {taskinstance.py:1206} INFO - Marking task as SUCCESS. dag_id=motower_daily_prod, task_id=sensor_trafic, run_id=scheduled__2024-01-30T06:00:00+00:00, execution_date=20240130T060000, start_date=20240806T165938, end_date=20240806T165939
[2024-08-06T16:59:39.541+0000] {local_task_job_runner.py:243} INFO - Task exited with return code 0
[2024-08-06T16:59:39.558+0000] {local_task_job_runner.py:222} INFO - ::endgroup::
[2024-08-06T17:30:14.606+0000] {local_task_job_runner.py:120} INFO - ::group::Pre task execution logs
[2024-08-06T17:30:14.713+0000] {taskinstance.py:2076} INFO - Dependencies all met for dep_context=non-requeueable deps ti=<TaskInstance: motower_daily_prod.sensor_trafic scheduled__2024-01-30T06:00:00+00:00 [queued]>
[2024-08-06T17:30:14.740+0000] {taskinstance.py:2076} INFO - Dependencies all met for dep_context=requeueable deps ti=<TaskInstance: motower_daily_prod.sensor_trafic scheduled__2024-01-30T06:00:00+00:00 [queued]>
[2024-08-06T17:30:14.752+0000] {taskinstance.py:2306} INFO - Starting attempt 1 of 1
[2024-08-06T17:30:14.791+0000] {taskinstance.py:2330} INFO - Executing <Task(PythonSensor): sensor_trafic> on 2024-01-30 06:00:00+00:00
[2024-08-06T17:30:14.810+0000] {warnings.py:112} WARNING - /home/***/.local/lib/python3.12/site-packages/***/task/task_runner/standard_task_runner.py:62: DeprecationWarning: This process (pid=5945) is multi-threaded, use of fork() may lead to deadlocks in the child.
  pid = os.fork()

[2024-08-06T17:30:14.816+0000] {standard_task_runner.py:64} INFO - Started process 5957 to run task
[2024-08-06T17:30:14.833+0000] {standard_task_runner.py:90} INFO - Running: ['***', 'tasks', 'run', 'motower_daily_prod', 'sensor_trafic', 'scheduled__2024-01-30T06:00:00+00:00', '--job-id', '1555', '--raw', '--subdir', 'DAGS_FOLDER/gps/custom_dags/motower_daily.py', '--cfg-path', '/tmp/tmpbtfurqj9']
[2024-08-06T17:30:14.853+0000] {standard_task_runner.py:91} INFO - Job 1555: Subtask sensor_trafic
[2024-08-06T17:30:15.054+0000] {task_command.py:426} INFO - Running <TaskInstance: motower_daily_prod.sensor_trafic scheduled__2024-01-30T06:00:00+00:00 [running]> on host 13681191f11c
[2024-08-06T17:30:15.387+0000] {taskinstance.py:2648} INFO - Exporting env vars: AIRFLOW_CTX_DAG_EMAIL='richmond.kongo@orange.com,assane.diop@orange.com,cyrille1.danho@orange.com,mohamed2.sylla@orange.com,amadou.diomande@orange.com,Jonas.kouame@orange.com,armand.kablan@orange.com,anicet.azombade@orange.com,etienne.kouadio@orange.com,bertine.kouakou@orange.com,florentine.kouakou@orange.com,ange.phaceli@orange.com,soulegame.soro@orange.com,innocent.yengo@orange.com' AIRFLOW_CTX_DAG_OWNER='***' AIRFLOW_CTX_DAG_ID='motower_daily_prod' AIRFLOW_CTX_TASK_ID='sensor_trafic' AIRFLOW_CTX_EXECUTION_DATE='2024-01-30T06:00:00+00:00' AIRFLOW_CTX_TRY_NUMBER='1' AIRFLOW_CTX_DAG_RUN_ID='scheduled__2024-01-30T06:00:00+00:00'
[2024-08-06T17:30:15.388+0000] {taskinstance.py:430} INFO - ::endgroup::
[2024-08-06T17:30:15.420+0000] {python.py:75} INFO - Poking callable: <function check_data_in_table at 0x701c26feb880>
[2024-08-06T17:30:15.429+0000] {extract.py:126} INFO - Getting data of the table ks_daily_tdb_radio_drsi 
[2024-08-06T17:30:15.430+0000] {extract.py:127} INFO - where date is 2024-01-29
[2024-08-06T17:30:15.431+0000] {extract.py:102} INFO - get data to date 2024-01-29
[2024-08-06T17:30:15.442+0000] {warnings.py:112} WARNING - /opt/***/dags/gps/common/extract.py:103: UserWarning: pandas only supports SQLAlchemy connectable (engine/connection) or database string URI or sqlite3 DBAPI2 connection. Other DBAPI2 objects are not tested. Please consider using SQLAlchemy.
  df_ = pd.read_sql_query(sql_query, conn, params=params)

[2024-08-06T17:30:15.845+0000] {base.py:294} INFO - Success criteria met. Exiting.
[2024-08-06T17:30:15.845+0000] {taskinstance.py:441} INFO - ::group::Post task execution logs
[2024-08-06T17:30:15.866+0000] {taskinstance.py:1206} INFO - Marking task as SUCCESS. dag_id=motower_daily_prod, task_id=sensor_trafic, run_id=scheduled__2024-01-30T06:00:00+00:00, execution_date=20240130T060000, start_date=20240806T173014, end_date=20240806T173015
[2024-08-06T17:30:15.958+0000] {local_task_job_runner.py:243} INFO - Task exited with return code 0
[2024-08-06T17:30:16.007+0000] {local_task_job_runner.py:222} INFO - ::endgroup::
[2024-08-06T18:17:44.129+0000] {local_task_job_runner.py:120} INFO - ::group::Pre task execution logs
[2024-08-06T18:17:44.390+0000] {taskinstance.py:2076} INFO - Dependencies all met for dep_context=non-requeueable deps ti=<TaskInstance: motower_daily_prod.sensor_trafic scheduled__2024-01-30T06:00:00+00:00 [queued]>
[2024-08-06T18:17:44.623+0000] {taskinstance.py:2076} INFO - Dependencies all met for dep_context=requeueable deps ti=<TaskInstance: motower_daily_prod.sensor_trafic scheduled__2024-01-30T06:00:00+00:00 [queued]>
[2024-08-06T18:17:44.624+0000] {taskinstance.py:2306} INFO - Starting attempt 1 of 1
[2024-08-06T18:17:45.165+0000] {taskinstance.py:2330} INFO - Executing <Task(PythonSensor): sensor_trafic> on 2024-01-30 06:00:00+00:00
[2024-08-06T18:17:45.222+0000] {warnings.py:112} WARNING - /home/***/.local/lib/python3.12/site-packages/***/task/task_runner/standard_task_runner.py:62: DeprecationWarning: This process (pid=9808) is multi-threaded, use of fork() may lead to deadlocks in the child.
  pid = os.fork()

[2024-08-06T18:17:45.240+0000] {standard_task_runner.py:64} INFO - Started process 9824 to run task
[2024-08-06T18:17:45.259+0000] {standard_task_runner.py:90} INFO - Running: ['***', 'tasks', 'run', 'motower_daily_prod', 'sensor_trafic', 'scheduled__2024-01-30T06:00:00+00:00', '--job-id', '2650', '--raw', '--subdir', 'DAGS_FOLDER/gps/custom_dags/motower_daily.py', '--cfg-path', '/tmp/tmp8qw523u7']
[2024-08-06T18:17:45.317+0000] {standard_task_runner.py:91} INFO - Job 2650: Subtask sensor_trafic
[2024-08-06T18:17:45.515+0000] {task_command.py:426} INFO - Running <TaskInstance: motower_daily_prod.sensor_trafic scheduled__2024-01-30T06:00:00+00:00 [running]> on host 13681191f11c
[2024-08-06T18:17:45.852+0000] {taskinstance.py:2648} INFO - Exporting env vars: AIRFLOW_CTX_DAG_EMAIL='richmond.kongo@orange.com,assane.diop@orange.com,cyrille1.danho@orange.com,mohamed2.sylla@orange.com,amadou.diomande@orange.com,Jonas.kouame@orange.com,armand.kablan@orange.com,anicet.azombade@orange.com,etienne.kouadio@orange.com,bertine.kouakou@orange.com,florentine.kouakou@orange.com,ange.phaceli@orange.com,soulegame.soro@orange.com,innocent.yengo@orange.com' AIRFLOW_CTX_DAG_OWNER='***' AIRFLOW_CTX_DAG_ID='motower_daily_prod' AIRFLOW_CTX_TASK_ID='sensor_trafic' AIRFLOW_CTX_EXECUTION_DATE='2024-01-30T06:00:00+00:00' AIRFLOW_CTX_TRY_NUMBER='1' AIRFLOW_CTX_DAG_RUN_ID='scheduled__2024-01-30T06:00:00+00:00'
[2024-08-06T18:17:45.857+0000] {taskinstance.py:430} INFO - ::endgroup::
[2024-08-06T18:17:45.898+0000] {python.py:75} INFO - Poking callable: <function check_data_in_table at 0x701c26ef7b00>
[2024-08-06T18:17:45.905+0000] {extract.py:126} INFO - Getting data of the table ks_daily_tdb_radio_drsi 
[2024-08-06T18:17:45.906+0000] {extract.py:127} INFO - where date is 2024-01-29
[2024-08-06T18:17:45.907+0000] {extract.py:102} INFO - get data to date 2024-01-29
[2024-08-06T18:17:45.920+0000] {warnings.py:112} WARNING - /opt/***/dags/gps/common/extract.py:103: UserWarning: pandas only supports SQLAlchemy connectable (engine/connection) or database string URI or sqlite3 DBAPI2 connection. Other DBAPI2 objects are not tested. Please consider using SQLAlchemy.
  df_ = pd.read_sql_query(sql_query, conn, params=params)

[2024-08-06T18:17:46.640+0000] {base.py:294} INFO - Success criteria met. Exiting.
[2024-08-06T18:17:46.641+0000] {taskinstance.py:441} INFO - ::group::Post task execution logs
[2024-08-06T18:17:46.663+0000] {taskinstance.py:1206} INFO - Marking task as SUCCESS. dag_id=motower_daily_prod, task_id=sensor_trafic, run_id=scheduled__2024-01-30T06:00:00+00:00, execution_date=20240130T060000, start_date=20240806T181744, end_date=20240806T181746
[2024-08-06T18:17:46.712+0000] {local_task_job_runner.py:243} INFO - Task exited with return code 0
[2024-08-06T18:17:46.729+0000] {local_task_job_runner.py:222} INFO - ::endgroup::
