[2024-08-06T17:00:51.642+0000] {local_task_job_runner.py:120} INFO - ::group::Pre task execution logs
[2024-08-06T17:00:51.838+0000] {taskinstance.py:2076} INFO - Dependencies all met for dep_context=non-requeueable deps ti=<TaskInstance: motower_daily_prod.extract_congestion scheduled__2024-02-05T06:00:00+00:00 [queued]>
[2024-08-06T17:00:51.880+0000] {taskinstance.py:2076} INFO - Dependencies all met for dep_context=requeueable deps ti=<TaskInstance: motower_daily_prod.extract_congestion scheduled__2024-02-05T06:00:00+00:00 [queued]>
[2024-08-06T17:00:51.880+0000] {taskinstance.py:2306} INFO - Starting attempt 1 of 1
[2024-08-06T17:00:51.935+0000] {taskinstance.py:2330} INFO - Executing <Task(PythonOperator): extract_congestion> on 2024-02-05 06:00:00+00:00
[2024-08-06T17:00:51.972+0000] {warnings.py:112} WARNING - /home/***/.local/lib/python3.12/site-packages/***/task/task_runner/standard_task_runner.py:62: DeprecationWarning: This process (pid=2012) is multi-threaded, use of fork() may lead to deadlocks in the child.
  pid = os.fork()

[2024-08-06T17:00:51.968+0000] {standard_task_runner.py:90} INFO - Running: ['***', 'tasks', 'run', 'motower_daily_prod', 'extract_congestion', 'scheduled__2024-02-05T06:00:00+00:00', '--job-id', '359', '--raw', '--subdir', 'DAGS_FOLDER/gps/custom_dags/motower_daily.py', '--cfg-path', '/tmp/tmpine8nzm7']
[2024-08-06T17:00:51.974+0000] {standard_task_runner.py:64} INFO - Started process 2031 to run task
[2024-08-06T17:00:51.974+0000] {standard_task_runner.py:91} INFO - Job 359: Subtask extract_congestion
[2024-08-06T17:00:52.134+0000] {task_command.py:426} INFO - Running <TaskInstance: motower_daily_prod.extract_congestion scheduled__2024-02-05T06:00:00+00:00 [running]> on host 13681191f11c
[2024-08-06T17:00:52.436+0000] {taskinstance.py:2648} INFO - Exporting env vars: AIRFLOW_CTX_DAG_EMAIL='richmond.kongo@orange.com,assane.diop@orange.com,cyrille1.danho@orange.com,mohamed2.sylla@orange.com,amadou.diomande@orange.com,Jonas.kouame@orange.com,armand.kablan@orange.com,anicet.azombade@orange.com,etienne.kouadio@orange.com,bertine.kouakou@orange.com,florentine.kouakou@orange.com,ange.phaceli@orange.com,soulegame.soro@orange.com,innocent.yengo@orange.com' AIRFLOW_CTX_DAG_OWNER='***' AIRFLOW_CTX_DAG_ID='motower_daily_prod' AIRFLOW_CTX_TASK_ID='extract_congestion' AIRFLOW_CTX_EXECUTION_DATE='2024-02-05T06:00:00+00:00' AIRFLOW_CTX_TRY_NUMBER='1' AIRFLOW_CTX_DAG_RUN_ID='scheduled__2024-02-05T06:00:00+00:00'
[2024-08-06T17:00:52.438+0000] {taskinstance.py:430} INFO - ::endgroup::
[2024-08-06T17:00:52.479+0000] {extract.py:126} INFO - Getting data of the table ks_hebdo_tdb_radio_drsi 
[2024-08-06T17:00:52.480+0000] {extract.py:127} INFO - where date is 2024-02-04
[2024-08-06T17:00:52.481+0000] {extract.py:98} INFO - get data to date 5 and year 2024
[2024-08-06T17:00:52.493+0000] {warnings.py:112} WARNING - /opt/***/dags/gps/common/extract.py:99: UserWarning: pandas only supports SQLAlchemy connectable (engine/connection) or database string URI or sqlite3 DBAPI2 connection. Other DBAPI2 objects are not tested. Please consider using SQLAlchemy.
  df_ = pd.read_sql_query(sql_query, conn, params=params)

[2024-08-06T17:00:52.952+0000] {rwminio.py:19} INFO - start to save data
[2024-08-06T17:00:53.198+0000] {rwminio.py:34} INFO - data in minio ok
[2024-08-06T17:00:53.208+0000] {python.py:237} INFO - Done. Returned value was: None
[2024-08-06T17:00:53.222+0000] {taskinstance.py:441} INFO - ::group::Post task execution logs
[2024-08-06T17:00:53.245+0000] {taskinstance.py:1206} INFO - Marking task as SUCCESS. dag_id=motower_daily_prod, task_id=extract_congestion, run_id=scheduled__2024-02-05T06:00:00+00:00, execution_date=20240205T060000, start_date=20240806T170051, end_date=20240806T170053
[2024-08-06T17:00:53.326+0000] {local_task_job_runner.py:243} INFO - Task exited with return code 0
[2024-08-06T17:00:53.400+0000] {taskinstance.py:3503} INFO - 0 downstream tasks scheduled from follow-on schedule check
[2024-08-06T17:00:53.409+0000] {local_task_job_runner.py:222} INFO - ::endgroup::
[2024-08-06T17:31:05.963+0000] {local_task_job_runner.py:120} INFO - ::group::Pre task execution logs
[2024-08-06T17:31:06.515+0000] {taskinstance.py:2076} INFO - Dependencies all met for dep_context=non-requeueable deps ti=<TaskInstance: motower_daily_prod.extract_congestion scheduled__2024-02-05T06:00:00+00:00 [queued]>
[2024-08-06T17:31:06.556+0000] {taskinstance.py:2076} INFO - Dependencies all met for dep_context=requeueable deps ti=<TaskInstance: motower_daily_prod.extract_congestion scheduled__2024-02-05T06:00:00+00:00 [queued]>
[2024-08-06T17:31:06.556+0000] {taskinstance.py:2306} INFO - Starting attempt 1 of 1
[2024-08-06T17:31:07.079+0000] {taskinstance.py:2330} INFO - Executing <Task(PythonOperator): extract_congestion> on 2024-02-05 06:00:00+00:00
[2024-08-06T17:31:07.110+0000] {warnings.py:112} WARNING - /home/***/.local/lib/python3.12/site-packages/***/task/task_runner/standard_task_runner.py:62: DeprecationWarning: This process (pid=6144) is multi-threaded, use of fork() may lead to deadlocks in the child.
  pid = os.fork()

[2024-08-06T17:31:07.114+0000] {standard_task_runner.py:64} INFO - Started process 6159 to run task
[2024-08-06T17:31:07.146+0000] {standard_task_runner.py:90} INFO - Running: ['***', 'tasks', 'run', 'motower_daily_prod', 'extract_congestion', 'scheduled__2024-02-05T06:00:00+00:00', '--job-id', '1617', '--raw', '--subdir', 'DAGS_FOLDER/gps/custom_dags/motower_daily.py', '--cfg-path', '/tmp/tmp_vydzoog']
[2024-08-06T17:31:07.162+0000] {standard_task_runner.py:91} INFO - Job 1617: Subtask extract_congestion
[2024-08-06T17:31:07.352+0000] {task_command.py:426} INFO - Running <TaskInstance: motower_daily_prod.extract_congestion scheduled__2024-02-05T06:00:00+00:00 [running]> on host 13681191f11c
[2024-08-06T17:31:07.725+0000] {taskinstance.py:2648} INFO - Exporting env vars: AIRFLOW_CTX_DAG_EMAIL='richmond.kongo@orange.com,assane.diop@orange.com,cyrille1.danho@orange.com,mohamed2.sylla@orange.com,amadou.diomande@orange.com,Jonas.kouame@orange.com,armand.kablan@orange.com,anicet.azombade@orange.com,etienne.kouadio@orange.com,bertine.kouakou@orange.com,florentine.kouakou@orange.com,ange.phaceli@orange.com,soulegame.soro@orange.com,innocent.yengo@orange.com' AIRFLOW_CTX_DAG_OWNER='***' AIRFLOW_CTX_DAG_ID='motower_daily_prod' AIRFLOW_CTX_TASK_ID='extract_congestion' AIRFLOW_CTX_EXECUTION_DATE='2024-02-05T06:00:00+00:00' AIRFLOW_CTX_TRY_NUMBER='1' AIRFLOW_CTX_DAG_RUN_ID='scheduled__2024-02-05T06:00:00+00:00'
[2024-08-06T17:31:07.728+0000] {taskinstance.py:430} INFO - ::endgroup::
[2024-08-06T17:31:07.804+0000] {extract.py:126} INFO - Getting data of the table ks_hebdo_tdb_radio_drsi 
[2024-08-06T17:31:07.805+0000] {extract.py:127} INFO - where date is 2024-02-04
[2024-08-06T17:31:07.805+0000] {extract.py:98} INFO - get data to date 5 and year 2024
[2024-08-06T17:31:07.816+0000] {warnings.py:112} WARNING - /opt/***/dags/gps/common/extract.py:99: UserWarning: pandas only supports SQLAlchemy connectable (engine/connection) or database string URI or sqlite3 DBAPI2 connection. Other DBAPI2 objects are not tested. Please consider using SQLAlchemy.
  df_ = pd.read_sql_query(sql_query, conn, params=params)

[2024-08-06T17:31:08.330+0000] {rwminio.py:19} INFO - start to save data
[2024-08-06T17:31:08.786+0000] {rwminio.py:34} INFO - data in minio ok
[2024-08-06T17:31:08.799+0000] {python.py:237} INFO - Done. Returned value was: None
[2024-08-06T17:31:08.801+0000] {taskinstance.py:441} INFO - ::group::Post task execution logs
[2024-08-06T17:31:08.838+0000] {taskinstance.py:1206} INFO - Marking task as SUCCESS. dag_id=motower_daily_prod, task_id=extract_congestion, run_id=scheduled__2024-02-05T06:00:00+00:00, execution_date=20240205T060000, start_date=20240806T173106, end_date=20240806T173108
[2024-08-06T17:31:08.982+0000] {local_task_job_runner.py:243} INFO - Task exited with return code 0
[2024-08-06T17:31:09.094+0000] {taskinstance.py:3503} INFO - 0 downstream tasks scheduled from follow-on schedule check
[2024-08-06T17:31:09.111+0000] {local_task_job_runner.py:222} INFO - ::endgroup::
[2024-08-06T18:19:14.777+0000] {local_task_job_runner.py:120} INFO - ::group::Pre task execution logs
[2024-08-06T18:19:14.902+0000] {taskinstance.py:2076} INFO - Dependencies all met for dep_context=non-requeueable deps ti=<TaskInstance: motower_daily_prod.extract_congestion scheduled__2024-02-05T06:00:00+00:00 [queued]>
[2024-08-06T18:19:14.939+0000] {taskinstance.py:2076} INFO - Dependencies all met for dep_context=requeueable deps ti=<TaskInstance: motower_daily_prod.extract_congestion scheduled__2024-02-05T06:00:00+00:00 [queued]>
[2024-08-06T18:19:14.940+0000] {taskinstance.py:2306} INFO - Starting attempt 1 of 1
[2024-08-06T18:19:14.993+0000] {taskinstance.py:2330} INFO - Executing <Task(PythonOperator): extract_congestion> on 2024-02-05 06:00:00+00:00
[2024-08-06T18:19:15.021+0000] {standard_task_runner.py:90} INFO - Running: ['***', 'tasks', 'run', 'motower_daily_prod', 'extract_congestion', 'scheduled__2024-02-05T06:00:00+00:00', '--job-id', '2724', '--raw', '--subdir', 'DAGS_FOLDER/gps/custom_dags/motower_daily.py', '--cfg-path', '/tmp/tmpxrd1wwtv']
[2024-08-06T18:19:15.026+0000] {standard_task_runner.py:91} INFO - Job 2724: Subtask extract_congestion
[2024-08-06T18:19:15.027+0000] {warnings.py:112} WARNING - /home/***/.local/lib/python3.12/site-packages/***/task/task_runner/standard_task_runner.py:62: DeprecationWarning: This process (pid=10034) is multi-threaded, use of fork() may lead to deadlocks in the child.
  pid = os.fork()

[2024-08-06T18:19:15.028+0000] {standard_task_runner.py:64} INFO - Started process 10052 to run task
[2024-08-06T18:19:15.278+0000] {task_command.py:426} INFO - Running <TaskInstance: motower_daily_prod.extract_congestion scheduled__2024-02-05T06:00:00+00:00 [running]> on host 13681191f11c
[2024-08-06T18:19:15.740+0000] {taskinstance.py:2648} INFO - Exporting env vars: AIRFLOW_CTX_DAG_EMAIL='richmond.kongo@orange.com,assane.diop@orange.com,cyrille1.danho@orange.com,mohamed2.sylla@orange.com,amadou.diomande@orange.com,Jonas.kouame@orange.com,armand.kablan@orange.com,anicet.azombade@orange.com,etienne.kouadio@orange.com,bertine.kouakou@orange.com,florentine.kouakou@orange.com,ange.phaceli@orange.com,soulegame.soro@orange.com,innocent.yengo@orange.com' AIRFLOW_CTX_DAG_OWNER='***' AIRFLOW_CTX_DAG_ID='motower_daily_prod' AIRFLOW_CTX_TASK_ID='extract_congestion' AIRFLOW_CTX_EXECUTION_DATE='2024-02-05T06:00:00+00:00' AIRFLOW_CTX_TRY_NUMBER='1' AIRFLOW_CTX_DAG_RUN_ID='scheduled__2024-02-05T06:00:00+00:00'
[2024-08-06T18:19:15.743+0000] {taskinstance.py:430} INFO - ::endgroup::
[2024-08-06T18:19:15.818+0000] {extract.py:126} INFO - Getting data of the table ks_hebdo_tdb_radio_drsi 
[2024-08-06T18:19:15.818+0000] {extract.py:127} INFO - where date is 2024-02-04
[2024-08-06T18:19:15.819+0000] {extract.py:98} INFO - get data to date 5 and year 2024
[2024-08-06T18:19:15.830+0000] {warnings.py:112} WARNING - /opt/***/dags/gps/common/extract.py:99: UserWarning: pandas only supports SQLAlchemy connectable (engine/connection) or database string URI or sqlite3 DBAPI2 connection. Other DBAPI2 objects are not tested. Please consider using SQLAlchemy.
  df_ = pd.read_sql_query(sql_query, conn, params=params)

[2024-08-06T18:19:16.172+0000] {rwminio.py:19} INFO - start to save data
[2024-08-06T18:19:16.425+0000] {rwminio.py:34} INFO - data in minio ok
[2024-08-06T18:19:16.433+0000] {python.py:237} INFO - Done. Returned value was: None
[2024-08-06T18:19:16.434+0000] {taskinstance.py:441} INFO - ::group::Post task execution logs
[2024-08-06T18:19:16.452+0000] {taskinstance.py:1206} INFO - Marking task as SUCCESS. dag_id=motower_daily_prod, task_id=extract_congestion, run_id=scheduled__2024-02-05T06:00:00+00:00, execution_date=20240205T060000, start_date=20240806T181914, end_date=20240806T181916
[2024-08-06T18:19:16.501+0000] {local_task_job_runner.py:243} INFO - Task exited with return code 0
[2024-08-06T18:19:16.517+0000] {local_task_job_runner.py:222} INFO - ::endgroup::
