[2024-08-06T17:12:29.023+0000] {local_task_job_runner.py:120} INFO - ::group::Pre task execution logs
[2024-08-06T17:12:29.251+0000] {taskinstance.py:2076} INFO - Dependencies all met for dep_context=non-requeueable deps ti=<TaskInstance: motower_daily_prod.checkataa scheduled__2024-05-01T06:00:00+00:00 [queued]>
[2024-08-06T17:12:29.269+0000] {taskinstance.py:2076} INFO - Dependencies all met for dep_context=requeueable deps ti=<TaskInstance: motower_daily_prod.checkataa scheduled__2024-05-01T06:00:00+00:00 [queued]>
[2024-08-06T17:12:29.270+0000] {taskinstance.py:2306} INFO - Starting attempt 1 of 1
[2024-08-06T17:12:29.291+0000] {taskinstance.py:2330} INFO - Executing <Task(PythonSensor): checkataa> on 2024-05-01 06:00:00+00:00
[2024-08-06T17:12:29.301+0000] {warnings.py:112} WARNING - /home/***/.local/lib/python3.12/site-packages/***/task/task_runner/standard_task_runner.py:62: DeprecationWarning: This process (pid=4412) is multi-threaded, use of fork() may lead to deadlocks in the child.
  pid = os.fork()

[2024-08-06T17:12:29.303+0000] {standard_task_runner.py:64} INFO - Started process 4422 to run task
[2024-08-06T17:12:29.304+0000] {standard_task_runner.py:90} INFO - Running: ['***', 'tasks', 'run', 'motower_daily_prod', 'checkataa', 'scheduled__2024-05-01T06:00:00+00:00', '--job-id', '1116', '--raw', '--subdir', 'DAGS_FOLDER/gps/custom_dags/motower_daily.py', '--cfg-path', '/tmp/tmpwzz7n9hr']
[2024-08-06T17:12:29.307+0000] {standard_task_runner.py:91} INFO - Job 1116: Subtask checkataa
[2024-08-06T17:12:29.368+0000] {task_command.py:426} INFO - Running <TaskInstance: motower_daily_prod.checkataa scheduled__2024-05-01T06:00:00+00:00 [running]> on host 13681191f11c
[2024-08-06T17:12:29.510+0000] {taskinstance.py:2648} INFO - Exporting env vars: AIRFLOW_CTX_DAG_EMAIL='richmond.kongo@orange.com,assane.diop@orange.com,cyrille1.danho@orange.com,mohamed2.sylla@orange.com,amadou.diomande@orange.com,Jonas.kouame@orange.com,armand.kablan@orange.com,anicet.azombade@orange.com,etienne.kouadio@orange.com,bertine.kouakou@orange.com,florentine.kouakou@orange.com,ange.phaceli@orange.com,soulegame.soro@orange.com,innocent.yengo@orange.com' AIRFLOW_CTX_DAG_OWNER='***' AIRFLOW_CTX_DAG_ID='motower_daily_prod' AIRFLOW_CTX_TASK_ID='checkataa' AIRFLOW_CTX_EXECUTION_DATE='2024-05-01T06:00:00+00:00' AIRFLOW_CTX_TRY_NUMBER='1' AIRFLOW_CTX_DAG_RUN_ID='scheduled__2024-05-01T06:00:00+00:00'
[2024-08-06T17:12:29.511+0000] {taskinstance.py:430} INFO - ::endgroup::
[2024-08-06T17:12:29.529+0000] {python.py:75} INFO - Poking callable: <function check_data_in_table at 0x701c26f689a0>
[2024-08-06T17:12:29.533+0000] {extract.py:126} INFO - Getting data of the table dtm_motower_gsm 
[2024-08-06T17:12:29.534+0000] {extract.py:127} INFO - where date is 2024-04-30
[2024-08-06T17:12:29.534+0000] {extract.py:102} INFO - get data to date 20240430
[2024-08-06T17:12:29.541+0000] {warnings.py:112} WARNING - /opt/***/dags/gps/common/extract.py:103: UserWarning: pandas only supports SQLAlchemy connectable (engine/connection) or database string URI or sqlite3 DBAPI2 connection. Other DBAPI2 objects are not tested. Please consider using SQLAlchemy.
  df_ = pd.read_sql_query(sql_query, conn, params=params)

[2024-08-06T17:12:29.635+0000] {base.py:294} INFO - Success criteria met. Exiting.
[2024-08-06T17:12:29.635+0000] {taskinstance.py:441} INFO - ::group::Post task execution logs
[2024-08-06T17:12:29.646+0000] {taskinstance.py:1206} INFO - Marking task as SUCCESS. dag_id=motower_daily_prod, task_id=checkataa, run_id=scheduled__2024-05-01T06:00:00+00:00, execution_date=20240501T060000, start_date=20240806T171229, end_date=20240806T171229
[2024-08-06T17:12:29.678+0000] {local_task_job_runner.py:243} INFO - Task exited with return code 0
[2024-08-06T17:12:29.732+0000] {taskinstance.py:3503} INFO - 0 downstream tasks scheduled from follow-on schedule check
[2024-08-06T17:12:29.738+0000] {local_task_job_runner.py:222} INFO - ::endgroup::
[2024-08-06T17:43:08.409+0000] {local_task_job_runner.py:120} INFO - ::group::Pre task execution logs
[2024-08-06T17:43:08.581+0000] {taskinstance.py:2076} INFO - Dependencies all met for dep_context=non-requeueable deps ti=<TaskInstance: motower_daily_prod.checkataa scheduled__2024-05-01T06:00:00+00:00 [queued]>
[2024-08-06T17:43:08.607+0000] {taskinstance.py:2076} INFO - Dependencies all met for dep_context=requeueable deps ti=<TaskInstance: motower_daily_prod.checkataa scheduled__2024-05-01T06:00:00+00:00 [queued]>
[2024-08-06T17:43:08.608+0000] {taskinstance.py:2306} INFO - Starting attempt 1 of 1
[2024-08-06T17:43:08.667+0000] {taskinstance.py:2330} INFO - Executing <Task(PythonSensor): checkataa> on 2024-05-01 06:00:00+00:00
[2024-08-06T17:43:08.691+0000] {warnings.py:112} WARNING - /home/***/.local/lib/python3.12/site-packages/***/task/task_runner/standard_task_runner.py:62: DeprecationWarning: This process (pid=8559) is multi-threaded, use of fork() may lead to deadlocks in the child.
  pid = os.fork()

[2024-08-06T17:43:08.694+0000] {standard_task_runner.py:64} INFO - Started process 8568 to run task
[2024-08-06T17:43:08.704+0000] {standard_task_runner.py:90} INFO - Running: ['***', 'tasks', 'run', 'motower_daily_prod', 'checkataa', 'scheduled__2024-05-01T06:00:00+00:00', '--job-id', '2378', '--raw', '--subdir', 'DAGS_FOLDER/gps/custom_dags/motower_daily.py', '--cfg-path', '/tmp/tmphg929f72']
[2024-08-06T17:43:08.717+0000] {standard_task_runner.py:91} INFO - Job 2378: Subtask checkataa
[2024-08-06T17:43:08.873+0000] {task_command.py:426} INFO - Running <TaskInstance: motower_daily_prod.checkataa scheduled__2024-05-01T06:00:00+00:00 [running]> on host 13681191f11c
[2024-08-06T17:43:09.161+0000] {taskinstance.py:2648} INFO - Exporting env vars: AIRFLOW_CTX_DAG_EMAIL='richmond.kongo@orange.com,assane.diop@orange.com,cyrille1.danho@orange.com,mohamed2.sylla@orange.com,amadou.diomande@orange.com,Jonas.kouame@orange.com,armand.kablan@orange.com,anicet.azombade@orange.com,etienne.kouadio@orange.com,bertine.kouakou@orange.com,florentine.kouakou@orange.com,ange.phaceli@orange.com,soulegame.soro@orange.com,innocent.yengo@orange.com' AIRFLOW_CTX_DAG_OWNER='***' AIRFLOW_CTX_DAG_ID='motower_daily_prod' AIRFLOW_CTX_TASK_ID='checkataa' AIRFLOW_CTX_EXECUTION_DATE='2024-05-01T06:00:00+00:00' AIRFLOW_CTX_TRY_NUMBER='1' AIRFLOW_CTX_DAG_RUN_ID='scheduled__2024-05-01T06:00:00+00:00'
[2024-08-06T17:43:09.163+0000] {taskinstance.py:430} INFO - ::endgroup::
[2024-08-06T17:43:09.227+0000] {python.py:75} INFO - Poking callable: <function check_data_in_table at 0x701c26eb8a40>
[2024-08-06T17:43:09.234+0000] {extract.py:126} INFO - Getting data of the table dtm_motower_gsm 
[2024-08-06T17:43:09.235+0000] {extract.py:127} INFO - where date is 2024-04-30
[2024-08-06T17:43:09.235+0000] {extract.py:102} INFO - get data to date 20240430
[2024-08-06T17:43:09.246+0000] {warnings.py:112} WARNING - /opt/***/dags/gps/common/extract.py:103: UserWarning: pandas only supports SQLAlchemy connectable (engine/connection) or database string URI or sqlite3 DBAPI2 connection. Other DBAPI2 objects are not tested. Please consider using SQLAlchemy.
  df_ = pd.read_sql_query(sql_query, conn, params=params)

[2024-08-06T17:43:09.459+0000] {base.py:294} INFO - Success criteria met. Exiting.
[2024-08-06T17:43:09.460+0000] {taskinstance.py:441} INFO - ::group::Post task execution logs
[2024-08-06T17:43:09.480+0000] {taskinstance.py:1206} INFO - Marking task as SUCCESS. dag_id=motower_daily_prod, task_id=checkataa, run_id=scheduled__2024-05-01T06:00:00+00:00, execution_date=20240501T060000, start_date=20240806T174308, end_date=20240806T174309
[2024-08-06T17:43:09.556+0000] {local_task_job_runner.py:243} INFO - Task exited with return code 0
[2024-08-06T17:43:09.581+0000] {local_task_job_runner.py:222} INFO - ::endgroup::
