[2024-08-06T17:05:41.742+0000] {local_task_job_runner.py:120} INFO - ::group::Pre task execution logs
[2024-08-06T17:05:41.826+0000] {taskinstance.py:2076} INFO - Dependencies all met for dep_context=non-requeueable deps ti=<TaskInstance: motower_daily_prod.sensor_trafic scheduled__2024-03-12T06:00:00+00:00 [queued]>
[2024-08-06T17:05:41.863+0000] {taskinstance.py:2076} INFO - Dependencies all met for dep_context=requeueable deps ti=<TaskInstance: motower_daily_prod.sensor_trafic scheduled__2024-03-12T06:00:00+00:00 [queued]>
[2024-08-06T17:05:41.865+0000] {taskinstance.py:2306} INFO - Starting attempt 1 of 1
[2024-08-06T17:05:41.921+0000] {taskinstance.py:2330} INFO - Executing <Task(PythonSensor): sensor_trafic> on 2024-03-12 06:00:00+00:00
[2024-08-06T17:05:41.956+0000] {warnings.py:112} WARNING - /home/***/.local/lib/python3.12/site-packages/***/task/task_runner/standard_task_runner.py:62: DeprecationWarning: This process (pid=3005) is multi-threaded, use of fork() may lead to deadlocks in the child.
  pid = os.fork()

[2024-08-06T17:05:41.959+0000] {standard_task_runner.py:64} INFO - Started process 3022 to run task
[2024-08-06T17:05:41.956+0000] {standard_task_runner.py:90} INFO - Running: ['***', 'tasks', 'run', 'motower_daily_prod', 'sensor_trafic', 'scheduled__2024-03-12T06:00:00+00:00', '--job-id', '672', '--raw', '--subdir', 'DAGS_FOLDER/gps/custom_dags/motower_daily.py', '--cfg-path', '/tmp/tmpvhakfct4']
[2024-08-06T17:05:41.964+0000] {standard_task_runner.py:91} INFO - Job 672: Subtask sensor_trafic
[2024-08-06T17:05:42.146+0000] {task_command.py:426} INFO - Running <TaskInstance: motower_daily_prod.sensor_trafic scheduled__2024-03-12T06:00:00+00:00 [running]> on host 13681191f11c
[2024-08-06T17:05:42.529+0000] {taskinstance.py:2648} INFO - Exporting env vars: AIRFLOW_CTX_DAG_EMAIL='richmond.kongo@orange.com,assane.diop@orange.com,cyrille1.danho@orange.com,mohamed2.sylla@orange.com,amadou.diomande@orange.com,Jonas.kouame@orange.com,armand.kablan@orange.com,anicet.azombade@orange.com,etienne.kouadio@orange.com,bertine.kouakou@orange.com,florentine.kouakou@orange.com,ange.phaceli@orange.com,soulegame.soro@orange.com,innocent.yengo@orange.com' AIRFLOW_CTX_DAG_OWNER='***' AIRFLOW_CTX_DAG_ID='motower_daily_prod' AIRFLOW_CTX_TASK_ID='sensor_trafic' AIRFLOW_CTX_EXECUTION_DATE='2024-03-12T06:00:00+00:00' AIRFLOW_CTX_TRY_NUMBER='1' AIRFLOW_CTX_DAG_RUN_ID='scheduled__2024-03-12T06:00:00+00:00'
[2024-08-06T17:05:42.531+0000] {taskinstance.py:430} INFO - ::endgroup::
[2024-08-06T17:05:42.604+0000] {python.py:75} INFO - Poking callable: <function check_data_in_table at 0x701c26f87a60>
[2024-08-06T17:05:42.627+0000] {extract.py:126} INFO - Getting data of the table ks_daily_tdb_radio_drsi 
[2024-08-06T17:05:42.628+0000] {extract.py:127} INFO - where date is 2024-03-11
[2024-08-06T17:05:42.629+0000] {extract.py:102} INFO - get data to date 2024-03-11
[2024-08-06T17:05:42.640+0000] {warnings.py:112} WARNING - /opt/***/dags/gps/common/extract.py:103: UserWarning: pandas only supports SQLAlchemy connectable (engine/connection) or database string URI or sqlite3 DBAPI2 connection. Other DBAPI2 objects are not tested. Please consider using SQLAlchemy.
  df_ = pd.read_sql_query(sql_query, conn, params=params)

[2024-08-06T17:05:43.194+0000] {base.py:294} INFO - Success criteria met. Exiting.
[2024-08-06T17:05:43.194+0000] {taskinstance.py:441} INFO - ::group::Post task execution logs
[2024-08-06T17:05:43.251+0000] {taskinstance.py:1206} INFO - Marking task as SUCCESS. dag_id=motower_daily_prod, task_id=sensor_trafic, run_id=scheduled__2024-03-12T06:00:00+00:00, execution_date=20240312T060000, start_date=20240806T170541, end_date=20240806T170543
[2024-08-06T17:05:43.530+0000] {local_task_job_runner.py:243} INFO - Task exited with return code 0
[2024-08-06T17:05:43.556+0000] {local_task_job_runner.py:222} INFO - ::endgroup::
[2024-08-06T17:36:13.113+0000] {local_task_job_runner.py:120} INFO - ::group::Pre task execution logs
[2024-08-06T17:36:13.210+0000] {taskinstance.py:2076} INFO - Dependencies all met for dep_context=non-requeueable deps ti=<TaskInstance: motower_daily_prod.sensor_trafic scheduled__2024-03-12T06:00:00+00:00 [queued]>
[2024-08-06T17:36:13.245+0000] {taskinstance.py:2076} INFO - Dependencies all met for dep_context=requeueable deps ti=<TaskInstance: motower_daily_prod.sensor_trafic scheduled__2024-03-12T06:00:00+00:00 [queued]>
[2024-08-06T17:36:13.247+0000] {taskinstance.py:2306} INFO - Starting attempt 1 of 1
[2024-08-06T17:36:13.306+0000] {taskinstance.py:2330} INFO - Executing <Task(PythonSensor): sensor_trafic> on 2024-03-12 06:00:00+00:00
[2024-08-06T17:36:13.337+0000] {warnings.py:112} WARNING - /home/***/.local/lib/python3.12/site-packages/***/task/task_runner/standard_task_runner.py:62: DeprecationWarning: This process (pid=7153) is multi-threaded, use of fork() may lead to deadlocks in the child.
  pid = os.fork()

[2024-08-06T17:36:13.340+0000] {standard_task_runner.py:64} INFO - Started process 7169 to run task
[2024-08-06T17:36:13.356+0000] {standard_task_runner.py:90} INFO - Running: ['***', 'tasks', 'run', 'motower_daily_prod', 'sensor_trafic', 'scheduled__2024-03-12T06:00:00+00:00', '--job-id', '1936', '--raw', '--subdir', 'DAGS_FOLDER/gps/custom_dags/motower_daily.py', '--cfg-path', '/tmp/tmp3r67ymbd']
[2024-08-06T17:36:13.364+0000] {standard_task_runner.py:91} INFO - Job 1936: Subtask sensor_trafic
[2024-08-06T17:36:13.541+0000] {task_command.py:426} INFO - Running <TaskInstance: motower_daily_prod.sensor_trafic scheduled__2024-03-12T06:00:00+00:00 [running]> on host 13681191f11c
[2024-08-06T17:36:13.883+0000] {taskinstance.py:2648} INFO - Exporting env vars: AIRFLOW_CTX_DAG_EMAIL='richmond.kongo@orange.com,assane.diop@orange.com,cyrille1.danho@orange.com,mohamed2.sylla@orange.com,amadou.diomande@orange.com,Jonas.kouame@orange.com,armand.kablan@orange.com,anicet.azombade@orange.com,etienne.kouadio@orange.com,bertine.kouakou@orange.com,florentine.kouakou@orange.com,ange.phaceli@orange.com,soulegame.soro@orange.com,innocent.yengo@orange.com' AIRFLOW_CTX_DAG_OWNER='***' AIRFLOW_CTX_DAG_ID='motower_daily_prod' AIRFLOW_CTX_TASK_ID='sensor_trafic' AIRFLOW_CTX_EXECUTION_DATE='2024-03-12T06:00:00+00:00' AIRFLOW_CTX_TRY_NUMBER='1' AIRFLOW_CTX_DAG_RUN_ID='scheduled__2024-03-12T06:00:00+00:00'
[2024-08-06T17:36:13.885+0000] {taskinstance.py:430} INFO - ::endgroup::
[2024-08-06T17:36:13.923+0000] {python.py:75} INFO - Poking callable: <function check_data_in_table at 0x701c26e9de40>
[2024-08-06T17:36:13.932+0000] {extract.py:126} INFO - Getting data of the table ks_daily_tdb_radio_drsi 
[2024-08-06T17:36:13.933+0000] {extract.py:127} INFO - where date is 2024-03-11
[2024-08-06T17:36:13.934+0000] {extract.py:102} INFO - get data to date 2024-03-11
[2024-08-06T17:36:13.951+0000] {warnings.py:112} WARNING - /opt/***/dags/gps/common/extract.py:103: UserWarning: pandas only supports SQLAlchemy connectable (engine/connection) or database string URI or sqlite3 DBAPI2 connection. Other DBAPI2 objects are not tested. Please consider using SQLAlchemy.
  df_ = pd.read_sql_query(sql_query, conn, params=params)

[2024-08-06T17:36:14.443+0000] {base.py:294} INFO - Success criteria met. Exiting.
[2024-08-06T17:36:14.443+0000] {taskinstance.py:441} INFO - ::group::Post task execution logs
[2024-08-06T17:36:14.464+0000] {taskinstance.py:1206} INFO - Marking task as SUCCESS. dag_id=motower_daily_prod, task_id=sensor_trafic, run_id=scheduled__2024-03-12T06:00:00+00:00, execution_date=20240312T060000, start_date=20240806T173613, end_date=20240806T173614
[2024-08-06T17:36:14.528+0000] {local_task_job_runner.py:243} INFO - Task exited with return code 0
[2024-08-06T17:36:14.558+0000] {local_task_job_runner.py:222} INFO - ::endgroup::
[2024-08-06T18:23:36.718+0000] {local_task_job_runner.py:120} INFO - ::group::Pre task execution logs
[2024-08-06T18:23:37.219+0000] {taskinstance.py:2076} INFO - Dependencies all met for dep_context=non-requeueable deps ti=<TaskInstance: motower_daily_prod.sensor_trafic scheduled__2024-03-12T06:00:00+00:00 [queued]>
[2024-08-06T18:23:37.248+0000] {taskinstance.py:2076} INFO - Dependencies all met for dep_context=requeueable deps ti=<TaskInstance: motower_daily_prod.sensor_trafic scheduled__2024-03-12T06:00:00+00:00 [queued]>
[2024-08-06T18:23:37.250+0000] {taskinstance.py:2306} INFO - Starting attempt 1 of 1
[2024-08-06T18:23:37.303+0000] {taskinstance.py:2330} INFO - Executing <Task(PythonSensor): sensor_trafic> on 2024-03-12 06:00:00+00:00
[2024-08-06T18:23:37.320+0000] {warnings.py:112} WARNING - /home/***/.local/lib/python3.12/site-packages/***/task/task_runner/standard_task_runner.py:62: DeprecationWarning: This process (pid=11003) is multi-threaded, use of fork() may lead to deadlocks in the child.
  pid = os.fork()

[2024-08-06T18:23:37.323+0000] {standard_task_runner.py:64} INFO - Started process 11018 to run task
[2024-08-06T18:23:37.331+0000] {standard_task_runner.py:90} INFO - Running: ['***', 'tasks', 'run', 'motower_daily_prod', 'sensor_trafic', 'scheduled__2024-03-12T06:00:00+00:00', '--job-id', '3028', '--raw', '--subdir', 'DAGS_FOLDER/gps/custom_dags/motower_daily.py', '--cfg-path', '/tmp/tmp8ctel6hv']
[2024-08-06T18:23:37.336+0000] {standard_task_runner.py:91} INFO - Job 3028: Subtask sensor_trafic
[2024-08-06T18:23:37.480+0000] {task_command.py:426} INFO - Running <TaskInstance: motower_daily_prod.sensor_trafic scheduled__2024-03-12T06:00:00+00:00 [running]> on host 13681191f11c
[2024-08-06T18:23:37.885+0000] {taskinstance.py:2648} INFO - Exporting env vars: AIRFLOW_CTX_DAG_EMAIL='richmond.kongo@orange.com,assane.diop@orange.com,cyrille1.danho@orange.com,mohamed2.sylla@orange.com,amadou.diomande@orange.com,Jonas.kouame@orange.com,armand.kablan@orange.com,anicet.azombade@orange.com,etienne.kouadio@orange.com,bertine.kouakou@orange.com,florentine.kouakou@orange.com,ange.phaceli@orange.com,soulegame.soro@orange.com,innocent.yengo@orange.com' AIRFLOW_CTX_DAG_OWNER='***' AIRFLOW_CTX_DAG_ID='motower_daily_prod' AIRFLOW_CTX_TASK_ID='sensor_trafic' AIRFLOW_CTX_EXECUTION_DATE='2024-03-12T06:00:00+00:00' AIRFLOW_CTX_TRY_NUMBER='1' AIRFLOW_CTX_DAG_RUN_ID='scheduled__2024-03-12T06:00:00+00:00'
[2024-08-06T18:23:37.887+0000] {taskinstance.py:430} INFO - ::endgroup::
[2024-08-06T18:23:37.920+0000] {python.py:75} INFO - Poking callable: <function check_data_in_table at 0x701c26da7b00>
[2024-08-06T18:23:37.927+0000] {extract.py:126} INFO - Getting data of the table ks_daily_tdb_radio_drsi 
[2024-08-06T18:23:37.928+0000] {extract.py:127} INFO - where date is 2024-03-11
[2024-08-06T18:23:37.929+0000] {extract.py:102} INFO - get data to date 2024-03-11
[2024-08-06T18:23:37.940+0000] {warnings.py:112} WARNING - /opt/***/dags/gps/common/extract.py:103: UserWarning: pandas only supports SQLAlchemy connectable (engine/connection) or database string URI or sqlite3 DBAPI2 connection. Other DBAPI2 objects are not tested. Please consider using SQLAlchemy.
  df_ = pd.read_sql_query(sql_query, conn, params=params)

[2024-08-06T18:23:39.198+0000] {base.py:294} INFO - Success criteria met. Exiting.
[2024-08-06T18:23:39.200+0000] {taskinstance.py:441} INFO - ::group::Post task execution logs
[2024-08-06T18:23:39.220+0000] {taskinstance.py:1206} INFO - Marking task as SUCCESS. dag_id=motower_daily_prod, task_id=sensor_trafic, run_id=scheduled__2024-03-12T06:00:00+00:00, execution_date=20240312T060000, start_date=20240806T182337, end_date=20240806T182339
[2024-08-06T18:23:39.688+0000] {local_task_job_runner.py:243} INFO - Task exited with return code 0
[2024-08-06T18:23:39.707+0000] {local_task_job_runner.py:222} INFO - ::endgroup::
