[2024-08-06T17:03:08.764+0000] {local_task_job_runner.py:120} INFO - ::group::Pre task execution logs
[2024-08-06T17:03:08.827+0000] {taskinstance.py:2076} INFO - Dependencies all met for dep_context=non-requeueable deps ti=<TaskInstance: motower_daily_prod.extract_congestion scheduled__2024-02-24T06:00:00+00:00 [queued]>
[2024-08-06T17:03:08.851+0000] {taskinstance.py:2076} INFO - Dependencies all met for dep_context=requeueable deps ti=<TaskInstance: motower_daily_prod.extract_congestion scheduled__2024-02-24T06:00:00+00:00 [queued]>
[2024-08-06T17:03:08.852+0000] {taskinstance.py:2306} INFO - Starting attempt 1 of 1
[2024-08-06T17:03:08.875+0000] {taskinstance.py:2330} INFO - Executing <Task(PythonOperator): extract_congestion> on 2024-02-24 06:00:00+00:00
[2024-08-06T17:03:08.888+0000] {warnings.py:112} WARNING - /home/***/.local/lib/python3.12/site-packages/***/task/task_runner/standard_task_runner.py:62: DeprecationWarning: This process (pid=2531) is multi-threaded, use of fork() may lead to deadlocks in the child.
  pid = os.fork()

[2024-08-06T17:03:08.890+0000] {standard_task_runner.py:64} INFO - Started process 2536 to run task
[2024-08-06T17:03:08.891+0000] {standard_task_runner.py:90} INFO - Running: ['***', 'tasks', 'run', 'motower_daily_prod', 'extract_congestion', 'scheduled__2024-02-24T06:00:00+00:00', '--job-id', '522', '--raw', '--subdir', 'DAGS_FOLDER/gps/custom_dags/motower_daily.py', '--cfg-path', '/tmp/tmpqrdn8okg']
[2024-08-06T17:03:08.894+0000] {standard_task_runner.py:91} INFO - Job 522: Subtask extract_congestion
[2024-08-06T17:03:08.961+0000] {task_command.py:426} INFO - Running <TaskInstance: motower_daily_prod.extract_congestion scheduled__2024-02-24T06:00:00+00:00 [running]> on host 13681191f11c
[2024-08-06T17:03:09.144+0000] {taskinstance.py:2648} INFO - Exporting env vars: AIRFLOW_CTX_DAG_EMAIL='richmond.kongo@orange.com,assane.diop@orange.com,cyrille1.danho@orange.com,mohamed2.sylla@orange.com,amadou.diomande@orange.com,Jonas.kouame@orange.com,armand.kablan@orange.com,anicet.azombade@orange.com,etienne.kouadio@orange.com,bertine.kouakou@orange.com,florentine.kouakou@orange.com,ange.phaceli@orange.com,soulegame.soro@orange.com,innocent.yengo@orange.com' AIRFLOW_CTX_DAG_OWNER='***' AIRFLOW_CTX_DAG_ID='motower_daily_prod' AIRFLOW_CTX_TASK_ID='extract_congestion' AIRFLOW_CTX_EXECUTION_DATE='2024-02-24T06:00:00+00:00' AIRFLOW_CTX_TRY_NUMBER='1' AIRFLOW_CTX_DAG_RUN_ID='scheduled__2024-02-24T06:00:00+00:00'
[2024-08-06T17:03:09.145+0000] {taskinstance.py:430} INFO - ::endgroup::
[2024-08-06T17:03:09.176+0000] {extract.py:126} INFO - Getting data of the table ks_hebdo_tdb_radio_drsi 
[2024-08-06T17:03:09.176+0000] {extract.py:127} INFO - where date is 2024-02-23
[2024-08-06T17:03:09.177+0000] {extract.py:98} INFO - get data to date 8 and year 2024
[2024-08-06T17:03:09.188+0000] {warnings.py:112} WARNING - /opt/***/dags/gps/common/extract.py:99: UserWarning: pandas only supports SQLAlchemy connectable (engine/connection) or database string URI or sqlite3 DBAPI2 connection. Other DBAPI2 objects are not tested. Please consider using SQLAlchemy.
  df_ = pd.read_sql_query(sql_query, conn, params=params)

[2024-08-06T17:03:09.392+0000] {rwminio.py:19} INFO - start to save data
[2024-08-06T17:03:09.602+0000] {rwminio.py:34} INFO - data in minio ok
[2024-08-06T17:03:09.610+0000] {python.py:237} INFO - Done. Returned value was: None
[2024-08-06T17:03:09.611+0000] {taskinstance.py:441} INFO - ::group::Post task execution logs
[2024-08-06T17:03:09.628+0000] {taskinstance.py:1206} INFO - Marking task as SUCCESS. dag_id=motower_daily_prod, task_id=extract_congestion, run_id=scheduled__2024-02-24T06:00:00+00:00, execution_date=20240224T060000, start_date=20240806T170308, end_date=20240806T170309
[2024-08-06T17:03:09.669+0000] {local_task_job_runner.py:243} INFO - Task exited with return code 0
[2024-08-06T17:03:09.725+0000] {taskinstance.py:3503} INFO - 0 downstream tasks scheduled from follow-on schedule check
[2024-08-06T17:03:09.727+0000] {local_task_job_runner.py:222} INFO - ::endgroup::
[2024-08-06T17:33:55.217+0000] {local_task_job_runner.py:120} INFO - ::group::Pre task execution logs
[2024-08-06T17:33:55.290+0000] {taskinstance.py:2076} INFO - Dependencies all met for dep_context=non-requeueable deps ti=<TaskInstance: motower_daily_prod.extract_congestion scheduled__2024-02-24T06:00:00+00:00 [queued]>
[2024-08-06T17:33:55.320+0000] {taskinstance.py:2076} INFO - Dependencies all met for dep_context=requeueable deps ti=<TaskInstance: motower_daily_prod.extract_congestion scheduled__2024-02-24T06:00:00+00:00 [queued]>
[2024-08-06T17:33:55.321+0000] {taskinstance.py:2306} INFO - Starting attempt 1 of 1
[2024-08-06T17:33:55.364+0000] {taskinstance.py:2330} INFO - Executing <Task(PythonOperator): extract_congestion> on 2024-02-24 06:00:00+00:00
[2024-08-06T17:33:55.407+0000] {warnings.py:112} WARNING - /home/***/.local/lib/python3.12/site-packages/***/task/task_runner/standard_task_runner.py:62: DeprecationWarning: This process (pid=6700) is multi-threaded, use of fork() may lead to deadlocks in the child.
  pid = os.fork()

[2024-08-06T17:33:55.420+0000] {standard_task_runner.py:64} INFO - Started process 6716 to run task
[2024-08-06T17:33:55.421+0000] {standard_task_runner.py:90} INFO - Running: ['***', 'tasks', 'run', 'motower_daily_prod', 'extract_congestion', 'scheduled__2024-02-24T06:00:00+00:00', '--job-id', '1793', '--raw', '--subdir', 'DAGS_FOLDER/gps/custom_dags/motower_daily.py', '--cfg-path', '/tmp/tmp6d0fk07c']
[2024-08-06T17:33:55.425+0000] {standard_task_runner.py:91} INFO - Job 1793: Subtask extract_congestion
[2024-08-06T17:33:55.552+0000] {task_command.py:426} INFO - Running <TaskInstance: motower_daily_prod.extract_congestion scheduled__2024-02-24T06:00:00+00:00 [running]> on host 13681191f11c
[2024-08-06T17:33:56.009+0000] {taskinstance.py:2648} INFO - Exporting env vars: AIRFLOW_CTX_DAG_EMAIL='richmond.kongo@orange.com,assane.diop@orange.com,cyrille1.danho@orange.com,mohamed2.sylla@orange.com,amadou.diomande@orange.com,Jonas.kouame@orange.com,armand.kablan@orange.com,anicet.azombade@orange.com,etienne.kouadio@orange.com,bertine.kouakou@orange.com,florentine.kouakou@orange.com,ange.phaceli@orange.com,soulegame.soro@orange.com,innocent.yengo@orange.com' AIRFLOW_CTX_DAG_OWNER='***' AIRFLOW_CTX_DAG_ID='motower_daily_prod' AIRFLOW_CTX_TASK_ID='extract_congestion' AIRFLOW_CTX_EXECUTION_DATE='2024-02-24T06:00:00+00:00' AIRFLOW_CTX_TRY_NUMBER='1' AIRFLOW_CTX_DAG_RUN_ID='scheduled__2024-02-24T06:00:00+00:00'
[2024-08-06T17:33:56.011+0000] {taskinstance.py:430} INFO - ::endgroup::
[2024-08-06T17:33:56.104+0000] {extract.py:126} INFO - Getting data of the table ks_hebdo_tdb_radio_drsi 
[2024-08-06T17:33:56.105+0000] {extract.py:127} INFO - where date is 2024-02-23
[2024-08-06T17:33:56.105+0000] {extract.py:98} INFO - get data to date 8 and year 2024
[2024-08-06T17:33:56.119+0000] {warnings.py:112} WARNING - /opt/***/dags/gps/common/extract.py:99: UserWarning: pandas only supports SQLAlchemy connectable (engine/connection) or database string URI or sqlite3 DBAPI2 connection. Other DBAPI2 objects are not tested. Please consider using SQLAlchemy.
  df_ = pd.read_sql_query(sql_query, conn, params=params)

[2024-08-06T17:33:56.528+0000] {rwminio.py:19} INFO - start to save data
[2024-08-06T17:33:56.858+0000] {rwminio.py:34} INFO - data in minio ok
[2024-08-06T17:33:56.868+0000] {python.py:237} INFO - Done. Returned value was: None
[2024-08-06T17:33:56.869+0000] {taskinstance.py:441} INFO - ::group::Post task execution logs
[2024-08-06T17:33:56.895+0000] {taskinstance.py:1206} INFO - Marking task as SUCCESS. dag_id=motower_daily_prod, task_id=extract_congestion, run_id=scheduled__2024-02-24T06:00:00+00:00, execution_date=20240224T060000, start_date=20240806T173355, end_date=20240806T173356
[2024-08-06T17:33:56.952+0000] {local_task_job_runner.py:243} INFO - Task exited with return code 0
[2024-08-06T17:33:57.012+0000] {taskinstance.py:3503} INFO - 0 downstream tasks scheduled from follow-on schedule check
[2024-08-06T17:33:57.022+0000] {local_task_job_runner.py:222} INFO - ::endgroup::
[2024-08-06T18:21:46.046+0000] {local_task_job_runner.py:120} INFO - ::group::Pre task execution logs
[2024-08-06T18:21:46.181+0000] {taskinstance.py:2076} INFO - Dependencies all met for dep_context=non-requeueable deps ti=<TaskInstance: motower_daily_prod.extract_congestion scheduled__2024-02-24T06:00:00+00:00 [queued]>
[2024-08-06T18:21:46.212+0000] {taskinstance.py:2076} INFO - Dependencies all met for dep_context=requeueable deps ti=<TaskInstance: motower_daily_prod.extract_congestion scheduled__2024-02-24T06:00:00+00:00 [queued]>
[2024-08-06T18:21:46.213+0000] {taskinstance.py:2306} INFO - Starting attempt 1 of 1
[2024-08-06T18:21:46.247+0000] {taskinstance.py:2330} INFO - Executing <Task(PythonOperator): extract_congestion> on 2024-02-24 06:00:00+00:00
[2024-08-06T18:21:46.267+0000] {warnings.py:112} WARNING - /home/***/.local/lib/python3.12/site-packages/***/task/task_runner/standard_task_runner.py:62: DeprecationWarning: This process (pid=10568) is multi-threaded, use of fork() may lead to deadlocks in the child.
  pid = os.fork()

[2024-08-06T18:21:46.270+0000] {standard_task_runner.py:64} INFO - Started process 10586 to run task
[2024-08-06T18:21:46.273+0000] {standard_task_runner.py:90} INFO - Running: ['***', 'tasks', 'run', 'motower_daily_prod', 'extract_congestion', 'scheduled__2024-02-24T06:00:00+00:00', '--job-id', '2891', '--raw', '--subdir', 'DAGS_FOLDER/gps/custom_dags/motower_daily.py', '--cfg-path', '/tmp/tmp1ig4i9q6']
[2024-08-06T18:21:46.277+0000] {standard_task_runner.py:91} INFO - Job 2891: Subtask extract_congestion
[2024-08-06T18:21:46.418+0000] {task_command.py:426} INFO - Running <TaskInstance: motower_daily_prod.extract_congestion scheduled__2024-02-24T06:00:00+00:00 [running]> on host 13681191f11c
[2024-08-06T18:21:46.707+0000] {taskinstance.py:2648} INFO - Exporting env vars: AIRFLOW_CTX_DAG_EMAIL='richmond.kongo@orange.com,assane.diop@orange.com,cyrille1.danho@orange.com,mohamed2.sylla@orange.com,amadou.diomande@orange.com,Jonas.kouame@orange.com,armand.kablan@orange.com,anicet.azombade@orange.com,etienne.kouadio@orange.com,bertine.kouakou@orange.com,florentine.kouakou@orange.com,ange.phaceli@orange.com,soulegame.soro@orange.com,innocent.yengo@orange.com' AIRFLOW_CTX_DAG_OWNER='***' AIRFLOW_CTX_DAG_ID='motower_daily_prod' AIRFLOW_CTX_TASK_ID='extract_congestion' AIRFLOW_CTX_EXECUTION_DATE='2024-02-24T06:00:00+00:00' AIRFLOW_CTX_TRY_NUMBER='1' AIRFLOW_CTX_DAG_RUN_ID='scheduled__2024-02-24T06:00:00+00:00'
[2024-08-06T18:21:46.709+0000] {taskinstance.py:430} INFO - ::endgroup::
[2024-08-06T18:21:46.869+0000] {extract.py:126} INFO - Getting data of the table ks_hebdo_tdb_radio_drsi 
[2024-08-06T18:21:46.870+0000] {extract.py:127} INFO - where date is 2024-02-23
[2024-08-06T18:21:46.871+0000] {extract.py:98} INFO - get data to date 8 and year 2024
[2024-08-06T18:21:46.883+0000] {warnings.py:112} WARNING - /opt/***/dags/gps/common/extract.py:99: UserWarning: pandas only supports SQLAlchemy connectable (engine/connection) or database string URI or sqlite3 DBAPI2 connection. Other DBAPI2 objects are not tested. Please consider using SQLAlchemy.
  df_ = pd.read_sql_query(sql_query, conn, params=params)

[2024-08-06T18:21:47.599+0000] {rwminio.py:19} INFO - start to save data
[2024-08-06T18:21:48.030+0000] {rwminio.py:34} INFO - data in minio ok
[2024-08-06T18:21:48.045+0000] {python.py:237} INFO - Done. Returned value was: None
[2024-08-06T18:21:48.046+0000] {taskinstance.py:441} INFO - ::group::Post task execution logs
[2024-08-06T18:21:48.068+0000] {taskinstance.py:1206} INFO - Marking task as SUCCESS. dag_id=motower_daily_prod, task_id=extract_congestion, run_id=scheduled__2024-02-24T06:00:00+00:00, execution_date=20240224T060000, start_date=20240806T182146, end_date=20240806T182148
[2024-08-06T18:21:48.184+0000] {local_task_job_runner.py:243} INFO - Task exited with return code 0
[2024-08-06T18:21:48.253+0000] {taskinstance.py:3503} INFO - 0 downstream tasks scheduled from follow-on schedule check
[2024-08-06T18:21:48.261+0000] {local_task_job_runner.py:222} INFO - ::endgroup::
