[2024-08-06T17:12:08.934+0000] {local_task_job_runner.py:120} INFO - ::group::Pre task execution logs
[2024-08-06T17:12:09.166+0000] {taskinstance.py:2076} INFO - Dependencies all met for dep_context=non-requeueable deps ti=<TaskInstance: motower_daily_prod.sensor_trafic scheduled__2024-04-27T06:00:00+00:00 [queued]>
[2024-08-06T17:12:09.183+0000] {taskinstance.py:2076} INFO - Dependencies all met for dep_context=requeueable deps ti=<TaskInstance: motower_daily_prod.sensor_trafic scheduled__2024-04-27T06:00:00+00:00 [queued]>
[2024-08-06T17:12:09.184+0000] {taskinstance.py:2306} INFO - Starting attempt 1 of 1
[2024-08-06T17:12:09.204+0000] {taskinstance.py:2330} INFO - Executing <Task(PythonSensor): sensor_trafic> on 2024-04-27 06:00:00+00:00
[2024-08-06T17:12:09.215+0000] {warnings.py:112} WARNING - /home/***/.local/lib/python3.12/site-packages/***/task/task_runner/standard_task_runner.py:62: DeprecationWarning: This process (pid=4334) is multi-threaded, use of fork() may lead to deadlocks in the child.
  pid = os.fork()

[2024-08-06T17:12:09.217+0000] {standard_task_runner.py:64} INFO - Started process 4342 to run task
[2024-08-06T17:12:09.217+0000] {standard_task_runner.py:90} INFO - Running: ['***', 'tasks', 'run', 'motower_daily_prod', 'sensor_trafic', 'scheduled__2024-04-27T06:00:00+00:00', '--job-id', '1092', '--raw', '--subdir', 'DAGS_FOLDER/gps/custom_dags/motower_daily.py', '--cfg-path', '/tmp/tmp026adj3w']
[2024-08-06T17:12:09.220+0000] {standard_task_runner.py:91} INFO - Job 1092: Subtask sensor_trafic
[2024-08-06T17:12:09.275+0000] {task_command.py:426} INFO - Running <TaskInstance: motower_daily_prod.sensor_trafic scheduled__2024-04-27T06:00:00+00:00 [running]> on host 13681191f11c
[2024-08-06T17:12:09.432+0000] {taskinstance.py:2648} INFO - Exporting env vars: AIRFLOW_CTX_DAG_EMAIL='richmond.kongo@orange.com,assane.diop@orange.com,cyrille1.danho@orange.com,mohamed2.sylla@orange.com,amadou.diomande@orange.com,Jonas.kouame@orange.com,armand.kablan@orange.com,anicet.azombade@orange.com,etienne.kouadio@orange.com,bertine.kouakou@orange.com,florentine.kouakou@orange.com,ange.phaceli@orange.com,soulegame.soro@orange.com,innocent.yengo@orange.com' AIRFLOW_CTX_DAG_OWNER='***' AIRFLOW_CTX_DAG_ID='motower_daily_prod' AIRFLOW_CTX_TASK_ID='sensor_trafic' AIRFLOW_CTX_EXECUTION_DATE='2024-04-27T06:00:00+00:00' AIRFLOW_CTX_TRY_NUMBER='1' AIRFLOW_CTX_DAG_RUN_ID='scheduled__2024-04-27T06:00:00+00:00'
[2024-08-06T17:12:09.434+0000] {taskinstance.py:430} INFO - ::endgroup::
[2024-08-06T17:12:09.459+0000] {python.py:75} INFO - Poking callable: <function check_data_in_table at 0x701c4295af20>
[2024-08-06T17:12:09.463+0000] {extract.py:126} INFO - Getting data of the table ks_daily_tdb_radio_drsi 
[2024-08-06T17:12:09.463+0000] {extract.py:127} INFO - where date is 2024-04-26
[2024-08-06T17:12:09.464+0000] {extract.py:102} INFO - get data to date 2024-04-26
[2024-08-06T17:12:09.472+0000] {warnings.py:112} WARNING - /opt/***/dags/gps/common/extract.py:103: UserWarning: pandas only supports SQLAlchemy connectable (engine/connection) or database string URI or sqlite3 DBAPI2 connection. Other DBAPI2 objects are not tested. Please consider using SQLAlchemy.
  df_ = pd.read_sql_query(sql_query, conn, params=params)

[2024-08-06T17:12:09.718+0000] {base.py:294} INFO - Success criteria met. Exiting.
[2024-08-06T17:12:09.718+0000] {taskinstance.py:441} INFO - ::group::Post task execution logs
[2024-08-06T17:12:09.729+0000] {taskinstance.py:1206} INFO - Marking task as SUCCESS. dag_id=motower_daily_prod, task_id=sensor_trafic, run_id=scheduled__2024-04-27T06:00:00+00:00, execution_date=20240427T060000, start_date=20240806T171209, end_date=20240806T171209
[2024-08-06T17:12:09.756+0000] {local_task_job_runner.py:243} INFO - Task exited with return code 0
[2024-08-06T17:12:09.769+0000] {local_task_job_runner.py:222} INFO - ::endgroup::
[2024-08-06T17:22:14.301+0000] {local_task_job_runner.py:120} INFO - ::group::Pre task execution logs
[2024-08-06T17:22:14.428+0000] {taskinstance.py:2076} INFO - Dependencies all met for dep_context=non-requeueable deps ti=<TaskInstance: motower_daily_prod.sensor_trafic scheduled__2024-04-27T06:00:00+00:00 [queued]>
[2024-08-06T17:22:14.505+0000] {taskinstance.py:2076} INFO - Dependencies all met for dep_context=requeueable deps ti=<TaskInstance: motower_daily_prod.sensor_trafic scheduled__2024-04-27T06:00:00+00:00 [queued]>
[2024-08-06T17:22:14.506+0000] {taskinstance.py:2306} INFO - Starting attempt 1 of 1
[2024-08-06T17:22:14.539+0000] {taskinstance.py:2330} INFO - Executing <Task(PythonSensor): sensor_trafic> on 2024-04-27 06:00:00+00:00
[2024-08-06T17:22:14.581+0000] {warnings.py:112} WARNING - /home/***/.local/lib/python3.12/site-packages/***/task/task_runner/standard_task_runner.py:62: DeprecationWarning: This process (pid=4813) is multi-threaded, use of fork() may lead to deadlocks in the child.
  pid = os.fork()

[2024-08-06T17:22:14.583+0000] {standard_task_runner.py:64} INFO - Started process 4829 to run task
[2024-08-06T17:22:14.595+0000] {standard_task_runner.py:90} INFO - Running: ['***', 'tasks', 'run', 'motower_daily_prod', 'sensor_trafic', 'scheduled__2024-04-27T06:00:00+00:00', '--job-id', '1209', '--raw', '--subdir', 'DAGS_FOLDER/gps/custom_dags/motower_daily.py', '--cfg-path', '/tmp/tmpe02wuedv']
[2024-08-06T17:22:14.599+0000] {standard_task_runner.py:91} INFO - Job 1209: Subtask sensor_trafic
[2024-08-06T17:22:14.748+0000] {task_command.py:426} INFO - Running <TaskInstance: motower_daily_prod.sensor_trafic scheduled__2024-04-27T06:00:00+00:00 [running]> on host 13681191f11c
[2024-08-06T17:22:15.065+0000] {taskinstance.py:2648} INFO - Exporting env vars: AIRFLOW_CTX_DAG_EMAIL='richmond.kongo@orange.com,assane.diop@orange.com,cyrille1.danho@orange.com,mohamed2.sylla@orange.com,amadou.diomande@orange.com,Jonas.kouame@orange.com,armand.kablan@orange.com,anicet.azombade@orange.com,etienne.kouadio@orange.com,bertine.kouakou@orange.com,florentine.kouakou@orange.com,ange.phaceli@orange.com,soulegame.soro@orange.com,innocent.yengo@orange.com' AIRFLOW_CTX_DAG_OWNER='***' AIRFLOW_CTX_DAG_ID='motower_daily_prod' AIRFLOW_CTX_TASK_ID='sensor_trafic' AIRFLOW_CTX_EXECUTION_DATE='2024-04-27T06:00:00+00:00' AIRFLOW_CTX_TRY_NUMBER='1' AIRFLOW_CTX_DAG_RUN_ID='scheduled__2024-04-27T06:00:00+00:00'
[2024-08-06T17:22:15.071+0000] {taskinstance.py:430} INFO - ::endgroup::
[2024-08-06T17:22:15.102+0000] {python.py:75} INFO - Poking callable: <function check_data_in_table at 0x701c425682c0>
[2024-08-06T17:22:15.109+0000] {extract.py:126} INFO - Getting data of the table ks_daily_tdb_radio_drsi 
[2024-08-06T17:22:15.110+0000] {extract.py:127} INFO - where date is 2024-04-26
[2024-08-06T17:22:15.110+0000] {extract.py:102} INFO - get data to date 2024-04-26
[2024-08-06T17:22:15.120+0000] {warnings.py:112} WARNING - /opt/***/dags/gps/common/extract.py:103: UserWarning: pandas only supports SQLAlchemy connectable (engine/connection) or database string URI or sqlite3 DBAPI2 connection. Other DBAPI2 objects are not tested. Please consider using SQLAlchemy.
  df_ = pd.read_sql_query(sql_query, conn, params=params)

[2024-08-06T17:22:15.581+0000] {base.py:294} INFO - Success criteria met. Exiting.
[2024-08-06T17:22:15.582+0000] {taskinstance.py:441} INFO - ::group::Post task execution logs
[2024-08-06T17:22:15.606+0000] {taskinstance.py:1206} INFO - Marking task as SUCCESS. dag_id=motower_daily_prod, task_id=sensor_trafic, run_id=scheduled__2024-04-27T06:00:00+00:00, execution_date=20240427T060000, start_date=20240806T172214, end_date=20240806T172215
[2024-08-06T17:22:15.691+0000] {local_task_job_runner.py:243} INFO - Task exited with return code 0
[2024-08-06T17:22:15.710+0000] {local_task_job_runner.py:222} INFO - ::endgroup::
[2024-08-06T17:42:46.169+0000] {local_task_job_runner.py:120} INFO - ::group::Pre task execution logs
[2024-08-06T17:42:46.229+0000] {taskinstance.py:2076} INFO - Dependencies all met for dep_context=non-requeueable deps ti=<TaskInstance: motower_daily_prod.sensor_trafic scheduled__2024-04-27T06:00:00+00:00 [queued]>
[2024-08-06T17:42:46.251+0000] {taskinstance.py:2076} INFO - Dependencies all met for dep_context=requeueable deps ti=<TaskInstance: motower_daily_prod.sensor_trafic scheduled__2024-04-27T06:00:00+00:00 [queued]>
[2024-08-06T17:42:46.251+0000] {taskinstance.py:2306} INFO - Starting attempt 1 of 1
[2024-08-06T17:42:46.272+0000] {taskinstance.py:2330} INFO - Executing <Task(PythonSensor): sensor_trafic> on 2024-04-27 06:00:00+00:00
[2024-08-06T17:42:46.283+0000] {warnings.py:112} WARNING - /home/***/.local/lib/python3.12/site-packages/***/task/task_runner/standard_task_runner.py:62: DeprecationWarning: This process (pid=8478) is multi-threaded, use of fork() may lead to deadlocks in the child.
  pid = os.fork()

[2024-08-06T17:42:46.285+0000] {standard_task_runner.py:64} INFO - Started process 8483 to run task
[2024-08-06T17:42:46.285+0000] {standard_task_runner.py:90} INFO - Running: ['***', 'tasks', 'run', 'motower_daily_prod', 'sensor_trafic', 'scheduled__2024-04-27T06:00:00+00:00', '--job-id', '2353', '--raw', '--subdir', 'DAGS_FOLDER/gps/custom_dags/motower_daily.py', '--cfg-path', '/tmp/tmpldnr069y']
[2024-08-06T17:42:46.289+0000] {standard_task_runner.py:91} INFO - Job 2353: Subtask sensor_trafic
[2024-08-06T17:42:46.354+0000] {task_command.py:426} INFO - Running <TaskInstance: motower_daily_prod.sensor_trafic scheduled__2024-04-27T06:00:00+00:00 [running]> on host 13681191f11c
[2024-08-06T17:42:46.510+0000] {taskinstance.py:2648} INFO - Exporting env vars: AIRFLOW_CTX_DAG_EMAIL='richmond.kongo@orange.com,assane.diop@orange.com,cyrille1.danho@orange.com,mohamed2.sylla@orange.com,amadou.diomande@orange.com,Jonas.kouame@orange.com,armand.kablan@orange.com,anicet.azombade@orange.com,etienne.kouadio@orange.com,bertine.kouakou@orange.com,florentine.kouakou@orange.com,ange.phaceli@orange.com,soulegame.soro@orange.com,innocent.yengo@orange.com' AIRFLOW_CTX_DAG_OWNER='***' AIRFLOW_CTX_DAG_ID='motower_daily_prod' AIRFLOW_CTX_TASK_ID='sensor_trafic' AIRFLOW_CTX_EXECUTION_DATE='2024-04-27T06:00:00+00:00' AIRFLOW_CTX_TRY_NUMBER='1' AIRFLOW_CTX_DAG_RUN_ID='scheduled__2024-04-27T06:00:00+00:00'
[2024-08-06T17:42:46.511+0000] {taskinstance.py:430} INFO - ::endgroup::
[2024-08-06T17:42:46.536+0000] {python.py:75} INFO - Poking callable: <function check_data_in_table at 0x701c26e28e00>
[2024-08-06T17:42:46.540+0000] {extract.py:126} INFO - Getting data of the table ks_daily_tdb_radio_drsi 
[2024-08-06T17:42:46.541+0000] {extract.py:127} INFO - where date is 2024-04-26
[2024-08-06T17:42:46.541+0000] {extract.py:102} INFO - get data to date 2024-04-26
[2024-08-06T17:42:46.550+0000] {warnings.py:112} WARNING - /opt/***/dags/gps/common/extract.py:103: UserWarning: pandas only supports SQLAlchemy connectable (engine/connection) or database string URI or sqlite3 DBAPI2 connection. Other DBAPI2 objects are not tested. Please consider using SQLAlchemy.
  df_ = pd.read_sql_query(sql_query, conn, params=params)

[2024-08-06T17:42:46.830+0000] {base.py:294} INFO - Success criteria met. Exiting.
[2024-08-06T17:42:46.831+0000] {taskinstance.py:441} INFO - ::group::Post task execution logs
[2024-08-06T17:42:46.845+0000] {taskinstance.py:1206} INFO - Marking task as SUCCESS. dag_id=motower_daily_prod, task_id=sensor_trafic, run_id=scheduled__2024-04-27T06:00:00+00:00, execution_date=20240427T060000, start_date=20240806T174246, end_date=20240806T174246
[2024-08-06T17:42:46.900+0000] {local_task_job_runner.py:243} INFO - Task exited with return code 0
[2024-08-06T17:42:46.915+0000] {local_task_job_runner.py:222} INFO - ::endgroup::
