[2024-07-25T08:33:29.232+0000] {local_task_job_runner.py:120} INFO - ::group::Pre task execution logs
[2024-07-25T08:33:29.264+0000] {taskinstance.py:2076} INFO - Dependencies all met for dep_context=non-requeueable deps ti=<TaskInstance: motower_daily_prod.gen_congestion_task scheduled__2024-06-23T06:00:00+00:00 [queued]>
[2024-07-25T08:33:29.274+0000] {taskinstance.py:2076} INFO - Dependencies all met for dep_context=requeueable deps ti=<TaskInstance: motower_daily_prod.gen_congestion_task scheduled__2024-06-23T06:00:00+00:00 [queued]>
[2024-07-25T08:33:29.275+0000] {taskinstance.py:2306} INFO - Starting attempt 1 of 1
[2024-07-25T08:33:29.288+0000] {taskinstance.py:2330} INFO - Executing <Task(PythonOperator): gen_congestion_task> on 2024-06-23 06:00:00+00:00
[2024-07-25T08:33:29.297+0000] {warnings.py:112} WARNING - /home/***/.local/lib/python3.12/site-packages/***/task/task_runner/standard_task_runner.py:62: DeprecationWarning: This process (pid=2508) is multi-threaded, use of fork() may lead to deadlocks in the child.
  pid = os.fork()

[2024-07-25T08:33:29.298+0000] {standard_task_runner.py:64} INFO - Started process 2519 to run task
[2024-07-25T08:33:29.299+0000] {standard_task_runner.py:90} INFO - Running: ['***', 'tasks', 'run', 'motower_daily_prod', 'gen_congestion_task', 'scheduled__2024-06-23T06:00:00+00:00', '--job-id', '871', '--raw', '--subdir', 'DAGS_FOLDER/gps/custom_dags/motower_daily.py', '--cfg-path', '/tmp/tmp2d822jxf']
[2024-07-25T08:33:29.301+0000] {standard_task_runner.py:91} INFO - Job 871: Subtask gen_congestion_task
[2024-07-25T08:33:29.342+0000] {task_command.py:426} INFO - Running <TaskInstance: motower_daily_prod.gen_congestion_task scheduled__2024-06-23T06:00:00+00:00 [running]> on host b3845fb494d4
[2024-07-25T08:33:29.419+0000] {taskinstance.py:2648} INFO - Exporting env vars: AIRFLOW_CTX_DAG_EMAIL='richmond.kongo@orange.com,assane.diop@orange.com,cyrille1.danho@orange.com,mohamed2.sylla@orange.com,amadou.diomande@orange.com,Jonas.kouame@orange.com,armand.kablan@orange.com,anicet.azombade@orange.com,etienne.kouadio@orange.com,bertine.kouakou@orange.com,florentine.kouakou@orange.com,ange.phaceli@orange.com,soulegame.soro@orange.com,innocent.yengo@orange.com' AIRFLOW_CTX_DAG_OWNER='***' AIRFLOW_CTX_DAG_ID='motower_daily_prod' AIRFLOW_CTX_TASK_ID='gen_congestion_task' AIRFLOW_CTX_EXECUTION_DATE='2024-06-23T06:00:00+00:00' AIRFLOW_CTX_TRY_NUMBER='1' AIRFLOW_CTX_DAG_RUN_ID='scheduled__2024-06-23T06:00:00+00:00'
[2024-07-25T08:33:29.420+0000] {taskinstance.py:430} INFO - ::endgroup::
[2024-07-25T08:33:29.478+0000] {python.py:237} INFO - Done. Returned value was: None
[2024-07-25T08:33:29.479+0000] {taskinstance.py:441} INFO - ::group::Post task execution logs
[2024-07-25T08:33:29.489+0000] {taskinstance.py:1206} INFO - Marking task as SUCCESS. dag_id=motower_daily_prod, task_id=gen_congestion_task, run_id=scheduled__2024-06-23T06:00:00+00:00, execution_date=20240623T060000, start_date=20240725T083329, end_date=20240725T083329
[2024-07-25T08:33:29.512+0000] {local_task_job_runner.py:243} INFO - Task exited with return code 0
[2024-07-25T08:33:29.525+0000] {taskinstance.py:3503} INFO - 0 downstream tasks scheduled from follow-on schedule check
[2024-07-25T08:33:29.526+0000] {local_task_job_runner.py:222} INFO - ::endgroup::
[2024-07-25T10:37:32.373+0000] {local_task_job_runner.py:120} INFO - ::group::Pre task execution logs
[2024-07-25T10:37:32.408+0000] {taskinstance.py:2076} INFO - Dependencies all met for dep_context=non-requeueable deps ti=<TaskInstance: motower_daily_prod.gen_congestion_task scheduled__2024-06-23T06:00:00+00:00 [queued]>
[2024-07-25T10:37:32.420+0000] {taskinstance.py:2076} INFO - Dependencies all met for dep_context=requeueable deps ti=<TaskInstance: motower_daily_prod.gen_congestion_task scheduled__2024-06-23T06:00:00+00:00 [queued]>
[2024-07-25T10:37:32.420+0000] {taskinstance.py:2306} INFO - Starting attempt 1 of 1
[2024-07-25T10:37:32.433+0000] {taskinstance.py:2330} INFO - Executing <Task(PythonOperator): gen_congestion_task> on 2024-06-23 06:00:00+00:00
[2024-07-25T10:37:32.445+0000] {warnings.py:112} WARNING - /home/***/.local/lib/python3.12/site-packages/***/task/task_runner/standard_task_runner.py:62: DeprecationWarning: This process (pid=5568) is multi-threaded, use of fork() may lead to deadlocks in the child.
  pid = os.fork()

[2024-07-25T10:37:32.446+0000] {standard_task_runner.py:64} INFO - Started process 5579 to run task
[2024-07-25T10:37:32.446+0000] {standard_task_runner.py:90} INFO - Running: ['***', 'tasks', 'run', 'motower_daily_prod', 'gen_congestion_task', 'scheduled__2024-06-23T06:00:00+00:00', '--job-id', '1351', '--raw', '--subdir', 'DAGS_FOLDER/gps/custom_dags/motower_daily.py', '--cfg-path', '/tmp/tmp8_swen8p']
[2024-07-25T10:37:32.449+0000] {standard_task_runner.py:91} INFO - Job 1351: Subtask gen_congestion_task
[2024-07-25T10:37:32.501+0000] {task_command.py:426} INFO - Running <TaskInstance: motower_daily_prod.gen_congestion_task scheduled__2024-06-23T06:00:00+00:00 [running]> on host b3845fb494d4
[2024-07-25T10:37:32.615+0000] {taskinstance.py:2648} INFO - Exporting env vars: AIRFLOW_CTX_DAG_EMAIL='richmond.kongo@orange.com,assane.diop@orange.com,cyrille1.danho@orange.com,mohamed2.sylla@orange.com,amadou.diomande@orange.com,Jonas.kouame@orange.com,armand.kablan@orange.com,anicet.azombade@orange.com,etienne.kouadio@orange.com,bertine.kouakou@orange.com,florentine.kouakou@orange.com,ange.phaceli@orange.com,soulegame.soro@orange.com,innocent.yengo@orange.com' AIRFLOW_CTX_DAG_OWNER='***' AIRFLOW_CTX_DAG_ID='motower_daily_prod' AIRFLOW_CTX_TASK_ID='gen_congestion_task' AIRFLOW_CTX_EXECUTION_DATE='2024-06-23T06:00:00+00:00' AIRFLOW_CTX_TRY_NUMBER='1' AIRFLOW_CTX_DAG_RUN_ID='scheduled__2024-06-23T06:00:00+00:00'
[2024-07-25T10:37:32.616+0000] {taskinstance.py:430} INFO - ::endgroup::
[2024-07-25T10:37:32.708+0000] {python.py:237} INFO - Done. Returned value was: None
[2024-07-25T10:37:32.709+0000] {taskinstance.py:441} INFO - ::group::Post task execution logs
[2024-07-25T10:37:32.723+0000] {taskinstance.py:1206} INFO - Marking task as SUCCESS. dag_id=motower_daily_prod, task_id=gen_congestion_task, run_id=scheduled__2024-06-23T06:00:00+00:00, execution_date=20240623T060000, start_date=20240725T103732, end_date=20240725T103732
[2024-07-25T10:37:32.780+0000] {local_task_job_runner.py:243} INFO - Task exited with return code 0
[2024-07-25T10:37:32.801+0000] {taskinstance.py:3503} INFO - 0 downstream tasks scheduled from follow-on schedule check
[2024-07-25T10:37:32.803+0000] {local_task_job_runner.py:222} INFO - ::endgroup::
[2024-07-25T12:24:34.716+0000] {local_task_job_runner.py:120} INFO - ::group::Pre task execution logs
[2024-07-25T12:24:34.751+0000] {taskinstance.py:2076} INFO - Dependencies all met for dep_context=non-requeueable deps ti=<TaskInstance: motower_daily_prod.gen_congestion_task scheduled__2024-06-23T06:00:00+00:00 [queued]>
[2024-07-25T12:24:34.763+0000] {taskinstance.py:2076} INFO - Dependencies all met for dep_context=requeueable deps ti=<TaskInstance: motower_daily_prod.gen_congestion_task scheduled__2024-06-23T06:00:00+00:00 [queued]>
[2024-07-25T12:24:34.763+0000] {taskinstance.py:2306} INFO - Starting attempt 1 of 1
[2024-07-25T12:24:34.779+0000] {taskinstance.py:2330} INFO - Executing <Task(PythonOperator): gen_congestion_task> on 2024-06-23 06:00:00+00:00
[2024-07-25T12:24:34.791+0000] {warnings.py:112} WARNING - /home/***/.local/lib/python3.12/site-packages/***/task/task_runner/standard_task_runner.py:62: DeprecationWarning: This process (pid=9081) is multi-threaded, use of fork() may lead to deadlocks in the child.
  pid = os.fork()

[2024-07-25T12:24:34.793+0000] {standard_task_runner.py:64} INFO - Started process 9092 to run task
[2024-07-25T12:24:34.793+0000] {standard_task_runner.py:90} INFO - Running: ['***', 'tasks', 'run', 'motower_daily_prod', 'gen_congestion_task', 'scheduled__2024-06-23T06:00:00+00:00', '--job-id', '2061', '--raw', '--subdir', 'DAGS_FOLDER/gps/custom_dags/motower_daily.py', '--cfg-path', '/tmp/tmpun7ury3b']
[2024-07-25T12:24:34.795+0000] {standard_task_runner.py:91} INFO - Job 2061: Subtask gen_congestion_task
[2024-07-25T12:24:34.850+0000] {task_command.py:426} INFO - Running <TaskInstance: motower_daily_prod.gen_congestion_task scheduled__2024-06-23T06:00:00+00:00 [running]> on host b3845fb494d4
[2024-07-25T12:24:34.978+0000] {taskinstance.py:2648} INFO - Exporting env vars: AIRFLOW_CTX_DAG_EMAIL='richmond.kongo@orange.com,assane.diop@orange.com,cyrille1.danho@orange.com,mohamed2.sylla@orange.com,amadou.diomande@orange.com,Jonas.kouame@orange.com,armand.kablan@orange.com,anicet.azombade@orange.com,etienne.kouadio@orange.com,bertine.kouakou@orange.com,florentine.kouakou@orange.com,ange.phaceli@orange.com,soulegame.soro@orange.com,innocent.yengo@orange.com' AIRFLOW_CTX_DAG_OWNER='***' AIRFLOW_CTX_DAG_ID='motower_daily_prod' AIRFLOW_CTX_TASK_ID='gen_congestion_task' AIRFLOW_CTX_EXECUTION_DATE='2024-06-23T06:00:00+00:00' AIRFLOW_CTX_TRY_NUMBER='1' AIRFLOW_CTX_DAG_RUN_ID='scheduled__2024-06-23T06:00:00+00:00'
[2024-07-25T12:24:34.979+0000] {taskinstance.py:430} INFO - ::endgroup::
[2024-07-25T12:24:35.058+0000] {python.py:237} INFO - Done. Returned value was: None
[2024-07-25T12:24:35.059+0000] {taskinstance.py:441} INFO - ::group::Post task execution logs
[2024-07-25T12:24:35.072+0000] {taskinstance.py:1206} INFO - Marking task as SUCCESS. dag_id=motower_daily_prod, task_id=gen_congestion_task, run_id=scheduled__2024-06-23T06:00:00+00:00, execution_date=20240623T060000, start_date=20240725T122434, end_date=20240725T122435
[2024-07-25T12:24:35.135+0000] {local_task_job_runner.py:243} INFO - Task exited with return code 0
[2024-07-25T12:24:35.146+0000] {local_task_job_runner.py:222} INFO - ::endgroup::
[2024-07-25T13:25:36.813+0000] {local_task_job_runner.py:120} INFO - ::group::Pre task execution logs
[2024-07-25T13:25:36.842+0000] {taskinstance.py:2076} INFO - Dependencies all met for dep_context=non-requeueable deps ti=<TaskInstance: motower_daily_prod.gen_congestion_task scheduled__2024-06-23T06:00:00+00:00 [queued]>
[2024-07-25T13:25:36.849+0000] {taskinstance.py:2076} INFO - Dependencies all met for dep_context=requeueable deps ti=<TaskInstance: motower_daily_prod.gen_congestion_task scheduled__2024-06-23T06:00:00+00:00 [queued]>
[2024-07-25T13:25:36.849+0000] {taskinstance.py:2306} INFO - Starting attempt 1 of 1
[2024-07-25T13:25:36.863+0000] {taskinstance.py:2330} INFO - Executing <Task(PythonOperator): gen_congestion_task> on 2024-06-23 06:00:00+00:00
[2024-07-25T13:25:36.873+0000] {warnings.py:112} WARNING - /home/***/.local/lib/python3.12/site-packages/***/task/task_runner/standard_task_runner.py:62: DeprecationWarning: This process (pid=12376) is multi-threaded, use of fork() may lead to deadlocks in the child.
  pid = os.fork()

[2024-07-25T13:25:36.875+0000] {standard_task_runner.py:64} INFO - Started process 12380 to run task
[2024-07-25T13:25:36.875+0000] {standard_task_runner.py:90} INFO - Running: ['***', 'tasks', 'run', 'motower_daily_prod', 'gen_congestion_task', 'scheduled__2024-06-23T06:00:00+00:00', '--job-id', '2899', '--raw', '--subdir', 'DAGS_FOLDER/gps/custom_dags/motower_daily.py', '--cfg-path', '/tmp/tmpm2vsulcr']
[2024-07-25T13:25:36.877+0000] {standard_task_runner.py:91} INFO - Job 2899: Subtask gen_congestion_task
[2024-07-25T13:25:36.918+0000] {task_command.py:426} INFO - Running <TaskInstance: motower_daily_prod.gen_congestion_task scheduled__2024-06-23T06:00:00+00:00 [running]> on host b3845fb494d4
[2024-07-25T13:25:37.021+0000] {taskinstance.py:2648} INFO - Exporting env vars: AIRFLOW_CTX_DAG_EMAIL='richmond.kongo@orange.com,assane.diop@orange.com,cyrille1.danho@orange.com,mohamed2.sylla@orange.com,amadou.diomande@orange.com,Jonas.kouame@orange.com,armand.kablan@orange.com,anicet.azombade@orange.com,etienne.kouadio@orange.com,bertine.kouakou@orange.com,florentine.kouakou@orange.com,ange.phaceli@orange.com,soulegame.soro@orange.com,innocent.yengo@orange.com' AIRFLOW_CTX_DAG_OWNER='***' AIRFLOW_CTX_DAG_ID='motower_daily_prod' AIRFLOW_CTX_TASK_ID='gen_congestion_task' AIRFLOW_CTX_EXECUTION_DATE='2024-06-23T06:00:00+00:00' AIRFLOW_CTX_TRY_NUMBER='1' AIRFLOW_CTX_DAG_RUN_ID='scheduled__2024-06-23T06:00:00+00:00'
[2024-07-25T13:25:37.023+0000] {taskinstance.py:430} INFO - ::endgroup::
[2024-07-25T13:25:37.094+0000] {python.py:237} INFO - Done. Returned value was: None
[2024-07-25T13:25:37.095+0000] {taskinstance.py:441} INFO - ::group::Post task execution logs
[2024-07-25T13:25:37.103+0000] {taskinstance.py:1206} INFO - Marking task as SUCCESS. dag_id=motower_daily_prod, task_id=gen_congestion_task, run_id=scheduled__2024-06-23T06:00:00+00:00, execution_date=20240623T060000, start_date=20240725T132536, end_date=20240725T132537
[2024-07-25T13:25:37.129+0000] {local_task_job_runner.py:243} INFO - Task exited with return code 0
[2024-07-25T13:25:37.142+0000] {taskinstance.py:3503} INFO - 0 downstream tasks scheduled from follow-on schedule check
[2024-07-25T13:25:37.143+0000] {local_task_job_runner.py:222} INFO - ::endgroup::
[2024-07-25T15:07:20.139+0000] {local_task_job_runner.py:120} INFO - ::group::Pre task execution logs
[2024-07-25T15:07:20.182+0000] {taskinstance.py:2076} INFO - Dependencies all met for dep_context=non-requeueable deps ti=<TaskInstance: motower_daily_prod.gen_congestion_task scheduled__2024-06-23T06:00:00+00:00 [queued]>
[2024-07-25T15:07:20.194+0000] {taskinstance.py:2076} INFO - Dependencies all met for dep_context=requeueable deps ti=<TaskInstance: motower_daily_prod.gen_congestion_task scheduled__2024-06-23T06:00:00+00:00 [queued]>
[2024-07-25T15:07:20.195+0000] {taskinstance.py:2306} INFO - Starting attempt 1 of 1
[2024-07-25T15:07:20.209+0000] {taskinstance.py:2330} INFO - Executing <Task(PythonOperator): gen_congestion_task> on 2024-06-23 06:00:00+00:00
[2024-07-25T15:07:20.222+0000] {warnings.py:112} WARNING - /home/***/.local/lib/python3.12/site-packages/***/task/task_runner/standard_task_runner.py:62: DeprecationWarning: This process (pid=14631) is multi-threaded, use of fork() may lead to deadlocks in the child.
  pid = os.fork()

[2024-07-25T15:07:20.223+0000] {standard_task_runner.py:64} INFO - Started process 14645 to run task
[2024-07-25T15:07:20.224+0000] {standard_task_runner.py:90} INFO - Running: ['***', 'tasks', 'run', 'motower_daily_prod', 'gen_congestion_task', 'scheduled__2024-06-23T06:00:00+00:00', '--job-id', '3209', '--raw', '--subdir', 'DAGS_FOLDER/gps/custom_dags/motower_daily.py', '--cfg-path', '/tmp/tmpy_0aax05']
[2024-07-25T15:07:20.226+0000] {standard_task_runner.py:91} INFO - Job 3209: Subtask gen_congestion_task
[2024-07-25T15:07:20.294+0000] {task_command.py:426} INFO - Running <TaskInstance: motower_daily_prod.gen_congestion_task scheduled__2024-06-23T06:00:00+00:00 [running]> on host b3845fb494d4
[2024-07-25T15:07:20.435+0000] {taskinstance.py:2648} INFO - Exporting env vars: AIRFLOW_CTX_DAG_EMAIL='richmond.kongo@orange.com,assane.diop@orange.com,cyrille1.danho@orange.com,mohamed2.sylla@orange.com,amadou.diomande@orange.com,Jonas.kouame@orange.com,armand.kablan@orange.com,anicet.azombade@orange.com,etienne.kouadio@orange.com,bertine.kouakou@orange.com,florentine.kouakou@orange.com,ange.phaceli@orange.com,soulegame.soro@orange.com,innocent.yengo@orange.com' AIRFLOW_CTX_DAG_OWNER='***' AIRFLOW_CTX_DAG_ID='motower_daily_prod' AIRFLOW_CTX_TASK_ID='gen_congestion_task' AIRFLOW_CTX_EXECUTION_DATE='2024-06-23T06:00:00+00:00' AIRFLOW_CTX_TRY_NUMBER='1' AIRFLOW_CTX_DAG_RUN_ID='scheduled__2024-06-23T06:00:00+00:00'
[2024-07-25T15:07:20.436+0000] {taskinstance.py:430} INFO - ::endgroup::
[2024-07-25T15:07:20.551+0000] {python.py:237} INFO - Done. Returned value was: None
[2024-07-25T15:07:20.552+0000] {taskinstance.py:441} INFO - ::group::Post task execution logs
[2024-07-25T15:07:20.565+0000] {taskinstance.py:1206} INFO - Marking task as SUCCESS. dag_id=motower_daily_prod, task_id=gen_congestion_task, run_id=scheduled__2024-06-23T06:00:00+00:00, execution_date=20240623T060000, start_date=20240725T150720, end_date=20240725T150720
[2024-07-25T15:07:20.601+0000] {local_task_job_runner.py:243} INFO - Task exited with return code 0
[2024-07-25T15:07:20.625+0000] {taskinstance.py:3503} INFO - 0 downstream tasks scheduled from follow-on schedule check
[2024-07-25T15:07:20.626+0000] {local_task_job_runner.py:222} INFO - ::endgroup::
[2024-07-26T11:43:17.851+0000] {local_task_job_runner.py:120} INFO - ::group::Pre task execution logs
[2024-07-26T11:43:18.358+0000] {taskinstance.py:2076} INFO - Dependencies all met for dep_context=non-requeueable deps ti=<TaskInstance: motower_daily_prod.gen_congestion_task scheduled__2024-06-23T06:00:00+00:00 [queued]>
[2024-07-26T11:43:18.371+0000] {taskinstance.py:2076} INFO - Dependencies all met for dep_context=requeueable deps ti=<TaskInstance: motower_daily_prod.gen_congestion_task scheduled__2024-06-23T06:00:00+00:00 [queued]>
[2024-07-26T11:43:18.371+0000] {taskinstance.py:2306} INFO - Starting attempt 1 of 1
[2024-07-26T11:43:18.388+0000] {taskinstance.py:2330} INFO - Executing <Task(PythonOperator): gen_congestion_task> on 2024-06-23 06:00:00+00:00
[2024-07-26T11:43:18.402+0000] {warnings.py:112} WARNING - /home/***/.local/lib/python3.12/site-packages/***/task/task_runner/standard_task_runner.py:62: DeprecationWarning: This process (pid=2683) is multi-threaded, use of fork() may lead to deadlocks in the child.
  pid = os.fork()

[2024-07-26T11:43:18.403+0000] {standard_task_runner.py:64} INFO - Started process 2695 to run task
[2024-07-26T11:43:18.406+0000] {standard_task_runner.py:90} INFO - Running: ['***', 'tasks', 'run', 'motower_daily_prod', 'gen_congestion_task', 'scheduled__2024-06-23T06:00:00+00:00', '--job-id', '3845', '--raw', '--subdir', 'DAGS_FOLDER/gps/custom_dags/motower_daily.py', '--cfg-path', '/tmp/tmpm3bh4gnc']
[2024-07-26T11:43:18.408+0000] {standard_task_runner.py:91} INFO - Job 3845: Subtask gen_congestion_task
[2024-07-26T11:43:18.485+0000] {task_command.py:426} INFO - Running <TaskInstance: motower_daily_prod.gen_congestion_task scheduled__2024-06-23T06:00:00+00:00 [running]> on host b3845fb494d4
[2024-07-26T11:43:18.637+0000] {taskinstance.py:2648} INFO - Exporting env vars: AIRFLOW_CTX_DAG_EMAIL='richmond.kongo@orange.com,assane.diop@orange.com,cyrille1.danho@orange.com,mohamed2.sylla@orange.com,amadou.diomande@orange.com,Jonas.kouame@orange.com,armand.kablan@orange.com,anicet.azombade@orange.com,etienne.kouadio@orange.com,bertine.kouakou@orange.com,florentine.kouakou@orange.com,ange.phaceli@orange.com,soulegame.soro@orange.com,innocent.yengo@orange.com' AIRFLOW_CTX_DAG_OWNER='***' AIRFLOW_CTX_DAG_ID='motower_daily_prod' AIRFLOW_CTX_TASK_ID='gen_congestion_task' AIRFLOW_CTX_EXECUTION_DATE='2024-06-23T06:00:00+00:00' AIRFLOW_CTX_TRY_NUMBER='1' AIRFLOW_CTX_DAG_RUN_ID='scheduled__2024-06-23T06:00:00+00:00'
[2024-07-26T11:43:18.639+0000] {taskinstance.py:430} INFO - ::endgroup::
[2024-07-26T11:43:18.741+0000] {python.py:237} INFO - Done. Returned value was: None
[2024-07-26T11:43:18.742+0000] {taskinstance.py:441} INFO - ::group::Post task execution logs
[2024-07-26T11:43:18.756+0000] {taskinstance.py:1206} INFO - Marking task as SUCCESS. dag_id=motower_daily_prod, task_id=gen_congestion_task, run_id=scheduled__2024-06-23T06:00:00+00:00, execution_date=20240623T060000, start_date=20240726T114318, end_date=20240726T114318
[2024-07-26T11:43:18.830+0000] {local_task_job_runner.py:243} INFO - Task exited with return code 0
[2024-07-26T11:43:18.866+0000] {taskinstance.py:3503} INFO - 0 downstream tasks scheduled from follow-on schedule check
[2024-07-26T11:43:18.871+0000] {local_task_job_runner.py:222} INFO - ::endgroup::
[2024-07-26T12:21:26.864+0000] {local_task_job_runner.py:120} INFO - ::group::Pre task execution logs
[2024-07-26T12:21:27.176+0000] {taskinstance.py:2076} INFO - Dependencies all met for dep_context=non-requeueable deps ti=<TaskInstance: motower_daily_prod.gen_congestion_task scheduled__2024-06-23T06:00:00+00:00 [queued]>
[2024-07-26T12:21:27.194+0000] {taskinstance.py:2076} INFO - Dependencies all met for dep_context=requeueable deps ti=<TaskInstance: motower_daily_prod.gen_congestion_task scheduled__2024-06-23T06:00:00+00:00 [queued]>
[2024-07-26T12:21:27.195+0000] {taskinstance.py:2306} INFO - Starting attempt 1 of 1
[2024-07-26T12:21:27.214+0000] {taskinstance.py:2330} INFO - Executing <Task(PythonOperator): gen_congestion_task> on 2024-06-23 06:00:00+00:00
[2024-07-26T12:21:27.234+0000] {warnings.py:112} WARNING - /home/***/.local/lib/python3.12/site-packages/***/task/task_runner/standard_task_runner.py:62: DeprecationWarning: This process (pid=1035) is multi-threaded, use of fork() may lead to deadlocks in the child.
  pid = os.fork()

[2024-07-26T12:21:27.236+0000] {standard_task_runner.py:64} INFO - Started process 1057 to run task
[2024-07-26T12:21:27.236+0000] {standard_task_runner.py:90} INFO - Running: ['***', 'tasks', 'run', 'motower_daily_prod', 'gen_congestion_task', 'scheduled__2024-06-23T06:00:00+00:00', '--job-id', '303', '--raw', '--subdir', 'DAGS_FOLDER/gps/custom_dags/motower_daily.py', '--cfg-path', '/tmp/tmpgkc_4wtv']
[2024-07-26T12:21:27.238+0000] {standard_task_runner.py:91} INFO - Job 303: Subtask gen_congestion_task
[2024-07-26T12:21:27.309+0000] {task_command.py:426} INFO - Running <TaskInstance: motower_daily_prod.gen_congestion_task scheduled__2024-06-23T06:00:00+00:00 [running]> on host 88c2b04746a4
[2024-07-26T12:21:27.465+0000] {taskinstance.py:2648} INFO - Exporting env vars: AIRFLOW_CTX_DAG_EMAIL='richmond.kongo@orange.com,assane.diop@orange.com,cyrille1.danho@orange.com,mohamed2.sylla@orange.com,amadou.diomande@orange.com,Jonas.kouame@orange.com,armand.kablan@orange.com,anicet.azombade@orange.com,etienne.kouadio@orange.com,bertine.kouakou@orange.com,florentine.kouakou@orange.com,ange.phaceli@orange.com,soulegame.soro@orange.com,innocent.yengo@orange.com' AIRFLOW_CTX_DAG_OWNER='***' AIRFLOW_CTX_DAG_ID='motower_daily_prod' AIRFLOW_CTX_TASK_ID='gen_congestion_task' AIRFLOW_CTX_EXECUTION_DATE='2024-06-23T06:00:00+00:00' AIRFLOW_CTX_TRY_NUMBER='1' AIRFLOW_CTX_DAG_RUN_ID='scheduled__2024-06-23T06:00:00+00:00'
[2024-07-26T12:21:27.467+0000] {taskinstance.py:430} INFO - ::endgroup::
[2024-07-26T12:21:27.551+0000] {python.py:237} INFO - Done. Returned value was: None
[2024-07-26T12:21:27.552+0000] {taskinstance.py:441} INFO - ::group::Post task execution logs
[2024-07-26T12:21:27.562+0000] {taskinstance.py:1206} INFO - Marking task as SUCCESS. dag_id=motower_daily_prod, task_id=gen_congestion_task, run_id=scheduled__2024-06-23T06:00:00+00:00, execution_date=20240623T060000, start_date=20240726T122127, end_date=20240726T122127
[2024-07-26T12:21:27.618+0000] {local_task_job_runner.py:243} INFO - Task exited with return code 0
[2024-07-26T12:21:27.638+0000] {taskinstance.py:3503} INFO - 0 downstream tasks scheduled from follow-on schedule check
[2024-07-26T12:21:27.640+0000] {local_task_job_runner.py:222} INFO - ::endgroup::
[2024-07-26T12:24:46.247+0000] {local_task_job_runner.py:120} INFO - ::group::Pre task execution logs
[2024-07-26T12:24:46.279+0000] {taskinstance.py:2076} INFO - Dependencies all met for dep_context=non-requeueable deps ti=<TaskInstance: motower_daily_prod.gen_congestion_task scheduled__2024-06-23T06:00:00+00:00 [queued]>
[2024-07-26T12:24:46.287+0000] {taskinstance.py:2076} INFO - Dependencies all met for dep_context=requeueable deps ti=<TaskInstance: motower_daily_prod.gen_congestion_task scheduled__2024-06-23T06:00:00+00:00 [queued]>
[2024-07-26T12:24:46.288+0000] {taskinstance.py:2306} INFO - Starting attempt 1 of 1
[2024-07-26T12:24:46.297+0000] {taskinstance.py:2330} INFO - Executing <Task(PythonOperator): gen_congestion_task> on 2024-06-23 06:00:00+00:00
[2024-07-26T12:24:46.307+0000] {warnings.py:112} WARNING - /home/***/.local/lib/python3.12/site-packages/***/task/task_runner/standard_task_runner.py:62: DeprecationWarning: This process (pid=1888) is multi-threaded, use of fork() may lead to deadlocks in the child.
  pid = os.fork()

[2024-07-26T12:24:46.309+0000] {standard_task_runner.py:64} INFO - Started process 1898 to run task
[2024-07-26T12:24:46.309+0000] {standard_task_runner.py:90} INFO - Running: ['***', 'tasks', 'run', 'motower_daily_prod', 'gen_congestion_task', 'scheduled__2024-06-23T06:00:00+00:00', '--job-id', '575', '--raw', '--subdir', 'DAGS_FOLDER/gps/custom_dags/motower_daily.py', '--cfg-path', '/tmp/tmptor0cjk4']
[2024-07-26T12:24:46.311+0000] {standard_task_runner.py:91} INFO - Job 575: Subtask gen_congestion_task
[2024-07-26T12:24:46.353+0000] {task_command.py:426} INFO - Running <TaskInstance: motower_daily_prod.gen_congestion_task scheduled__2024-06-23T06:00:00+00:00 [running]> on host 88c2b04746a4
[2024-07-26T12:24:46.445+0000] {taskinstance.py:2648} INFO - Exporting env vars: AIRFLOW_CTX_DAG_EMAIL='richmond.kongo@orange.com,assane.diop@orange.com,cyrille1.danho@orange.com,mohamed2.sylla@orange.com,amadou.diomande@orange.com,Jonas.kouame@orange.com,armand.kablan@orange.com,anicet.azombade@orange.com,etienne.kouadio@orange.com,bertine.kouakou@orange.com,florentine.kouakou@orange.com,ange.phaceli@orange.com,soulegame.soro@orange.com,innocent.yengo@orange.com' AIRFLOW_CTX_DAG_OWNER='***' AIRFLOW_CTX_DAG_ID='motower_daily_prod' AIRFLOW_CTX_TASK_ID='gen_congestion_task' AIRFLOW_CTX_EXECUTION_DATE='2024-06-23T06:00:00+00:00' AIRFLOW_CTX_TRY_NUMBER='1' AIRFLOW_CTX_DAG_RUN_ID='scheduled__2024-06-23T06:00:00+00:00'
[2024-07-26T12:24:46.446+0000] {taskinstance.py:430} INFO - ::endgroup::
[2024-07-26T12:24:46.515+0000] {python.py:237} INFO - Done. Returned value was: None
[2024-07-26T12:24:46.516+0000] {taskinstance.py:441} INFO - ::group::Post task execution logs
[2024-07-26T12:24:46.526+0000] {taskinstance.py:1206} INFO - Marking task as SUCCESS. dag_id=motower_daily_prod, task_id=gen_congestion_task, run_id=scheduled__2024-06-23T06:00:00+00:00, execution_date=20240623T060000, start_date=20240726T122446, end_date=20240726T122446
[2024-07-26T12:24:46.562+0000] {local_task_job_runner.py:243} INFO - Task exited with return code 0
[2024-07-26T12:24:46.579+0000] {taskinstance.py:3503} INFO - 0 downstream tasks scheduled from follow-on schedule check
[2024-07-26T12:24:46.580+0000] {local_task_job_runner.py:222} INFO - ::endgroup::
[2024-07-26T12:30:28.144+0000] {local_task_job_runner.py:120} INFO - ::group::Pre task execution logs
[2024-07-26T12:30:28.183+0000] {taskinstance.py:2076} INFO - Dependencies all met for dep_context=non-requeueable deps ti=<TaskInstance: motower_daily_prod.gen_congestion_task scheduled__2024-06-23T06:00:00+00:00 [queued]>
[2024-07-26T12:30:28.196+0000] {taskinstance.py:2076} INFO - Dependencies all met for dep_context=requeueable deps ti=<TaskInstance: motower_daily_prod.gen_congestion_task scheduled__2024-06-23T06:00:00+00:00 [queued]>
[2024-07-26T12:30:28.197+0000] {taskinstance.py:2306} INFO - Starting attempt 1 of 1
[2024-07-26T12:30:28.212+0000] {taskinstance.py:2330} INFO - Executing <Task(PythonOperator): gen_congestion_task> on 2024-06-23 06:00:00+00:00
[2024-07-26T12:30:28.231+0000] {warnings.py:112} WARNING - /home/***/.local/lib/python3.12/site-packages/***/task/task_runner/standard_task_runner.py:62: DeprecationWarning: This process (pid=2843) is multi-threaded, use of fork() may lead to deadlocks in the child.
  pid = os.fork()

[2024-07-26T12:30:28.233+0000] {standard_task_runner.py:64} INFO - Started process 2862 to run task
[2024-07-26T12:30:28.233+0000] {standard_task_runner.py:90} INFO - Running: ['***', 'tasks', 'run', 'motower_daily_prod', 'gen_congestion_task', 'scheduled__2024-06-23T06:00:00+00:00', '--job-id', '873', '--raw', '--subdir', 'DAGS_FOLDER/gps/custom_dags/motower_daily.py', '--cfg-path', '/tmp/tmp001m0zyj']
[2024-07-26T12:30:28.236+0000] {standard_task_runner.py:91} INFO - Job 873: Subtask gen_congestion_task
[2024-07-26T12:30:28.292+0000] {task_command.py:426} INFO - Running <TaskInstance: motower_daily_prod.gen_congestion_task scheduled__2024-06-23T06:00:00+00:00 [running]> on host 88c2b04746a4
[2024-07-26T12:30:28.413+0000] {taskinstance.py:2648} INFO - Exporting env vars: AIRFLOW_CTX_DAG_EMAIL='richmond.kongo@orange.com,assane.diop@orange.com,cyrille1.danho@orange.com,mohamed2.sylla@orange.com,amadou.diomande@orange.com,Jonas.kouame@orange.com,armand.kablan@orange.com,anicet.azombade@orange.com,etienne.kouadio@orange.com,bertine.kouakou@orange.com,florentine.kouakou@orange.com,ange.phaceli@orange.com,soulegame.soro@orange.com,innocent.yengo@orange.com' AIRFLOW_CTX_DAG_OWNER='***' AIRFLOW_CTX_DAG_ID='motower_daily_prod' AIRFLOW_CTX_TASK_ID='gen_congestion_task' AIRFLOW_CTX_EXECUTION_DATE='2024-06-23T06:00:00+00:00' AIRFLOW_CTX_TRY_NUMBER='1' AIRFLOW_CTX_DAG_RUN_ID='scheduled__2024-06-23T06:00:00+00:00'
[2024-07-26T12:30:28.415+0000] {taskinstance.py:430} INFO - ::endgroup::
[2024-07-26T12:30:28.512+0000] {python.py:237} INFO - Done. Returned value was: None
[2024-07-26T12:30:28.513+0000] {taskinstance.py:441} INFO - ::group::Post task execution logs
[2024-07-26T12:30:28.525+0000] {taskinstance.py:1206} INFO - Marking task as SUCCESS. dag_id=motower_daily_prod, task_id=gen_congestion_task, run_id=scheduled__2024-06-23T06:00:00+00:00, execution_date=20240623T060000, start_date=20240726T123028, end_date=20240726T123028
[2024-07-26T12:30:28.571+0000] {local_task_job_runner.py:243} INFO - Task exited with return code 0
[2024-07-26T12:30:28.591+0000] {taskinstance.py:3503} INFO - 0 downstream tasks scheduled from follow-on schedule check
[2024-07-26T12:30:28.593+0000] {local_task_job_runner.py:222} INFO - ::endgroup::
[2024-07-29T11:59:52.604+0000] {local_task_job_runner.py:120} INFO - ::group::Pre task execution logs
[2024-07-29T11:59:52.642+0000] {taskinstance.py:2076} INFO - Dependencies all met for dep_context=non-requeueable deps ti=<TaskInstance: motower_daily_prod.gen_congestion_task scheduled__2024-06-23T06:00:00+00:00 [queued]>
[2024-07-29T11:59:52.655+0000] {taskinstance.py:2076} INFO - Dependencies all met for dep_context=requeueable deps ti=<TaskInstance: motower_daily_prod.gen_congestion_task scheduled__2024-06-23T06:00:00+00:00 [queued]>
[2024-07-29T11:59:52.656+0000] {taskinstance.py:2306} INFO - Starting attempt 1 of 1
[2024-07-29T11:59:52.676+0000] {taskinstance.py:2330} INFO - Executing <Task(PythonOperator): gen_congestion_task> on 2024-06-23 06:00:00+00:00
[2024-07-29T11:59:52.691+0000] {warnings.py:112} WARNING - /home/***/.local/lib/python3.12/site-packages/***/task/task_runner/standard_task_runner.py:62: DeprecationWarning: This process (pid=3274) is multi-threaded, use of fork() may lead to deadlocks in the child.
  pid = os.fork()

[2024-07-29T11:59:52.693+0000] {standard_task_runner.py:64} INFO - Started process 3292 to run task
[2024-07-29T11:59:52.693+0000] {standard_task_runner.py:90} INFO - Running: ['***', 'tasks', 'run', 'motower_daily_prod', 'gen_congestion_task', 'scheduled__2024-06-23T06:00:00+00:00', '--job-id', '893', '--raw', '--subdir', 'DAGS_FOLDER/gps/custom_dags/motower_daily.py', '--cfg-path', '/tmp/tmpwq9bxguh']
[2024-07-29T11:59:52.696+0000] {standard_task_runner.py:91} INFO - Job 893: Subtask gen_congestion_task
[2024-07-29T11:59:52.751+0000] {task_command.py:426} INFO - Running <TaskInstance: motower_daily_prod.gen_congestion_task scheduled__2024-06-23T06:00:00+00:00 [running]> on host e824106b656d
[2024-07-29T11:59:52.866+0000] {taskinstance.py:2648} INFO - Exporting env vars: AIRFLOW_CTX_DAG_EMAIL='richmond.kongo@orange.com,assane.diop@orange.com,cyrille1.danho@orange.com,mohamed2.sylla@orange.com,amadou.diomande@orange.com,Jonas.kouame@orange.com,armand.kablan@orange.com,anicet.azombade@orange.com,etienne.kouadio@orange.com,bertine.kouakou@orange.com,florentine.kouakou@orange.com,ange.phaceli@orange.com,soulegame.soro@orange.com,innocent.yengo@orange.com' AIRFLOW_CTX_DAG_OWNER='***' AIRFLOW_CTX_DAG_ID='motower_daily_prod' AIRFLOW_CTX_TASK_ID='gen_congestion_task' AIRFLOW_CTX_EXECUTION_DATE='2024-06-23T06:00:00+00:00' AIRFLOW_CTX_TRY_NUMBER='1' AIRFLOW_CTX_DAG_RUN_ID='scheduled__2024-06-23T06:00:00+00:00'
[2024-07-29T11:59:52.867+0000] {taskinstance.py:430} INFO - ::endgroup::
[2024-07-29T11:59:52.960+0000] {python.py:237} INFO - Done. Returned value was: None
[2024-07-29T11:59:52.961+0000] {taskinstance.py:441} INFO - ::group::Post task execution logs
[2024-07-29T11:59:52.972+0000] {taskinstance.py:1206} INFO - Marking task as SUCCESS. dag_id=motower_daily_prod, task_id=gen_congestion_task, run_id=scheduled__2024-06-23T06:00:00+00:00, execution_date=20240623T060000, start_date=20240729T115952, end_date=20240729T115952
[2024-07-29T11:59:53.029+0000] {local_task_job_runner.py:243} INFO - Task exited with return code 0
[2024-07-29T11:59:53.050+0000] {taskinstance.py:3503} INFO - 0 downstream tasks scheduled from follow-on schedule check
[2024-07-29T11:59:53.052+0000] {local_task_job_runner.py:222} INFO - ::endgroup::
[2024-07-29T14:32:54.766+0000] {local_task_job_runner.py:120} INFO - ::group::Pre task execution logs
[2024-07-29T14:32:54.793+0000] {taskinstance.py:2076} INFO - Dependencies all met for dep_context=non-requeueable deps ti=<TaskInstance: motower_daily_prod.gen_congestion_task scheduled__2024-06-23T06:00:00+00:00 [queued]>
[2024-07-29T14:32:54.804+0000] {taskinstance.py:2076} INFO - Dependencies all met for dep_context=requeueable deps ti=<TaskInstance: motower_daily_prod.gen_congestion_task scheduled__2024-06-23T06:00:00+00:00 [queued]>
[2024-07-29T14:32:54.804+0000] {taskinstance.py:2306} INFO - Starting attempt 1 of 1
[2024-07-29T14:32:54.817+0000] {taskinstance.py:2330} INFO - Executing <Task(PythonOperator): gen_congestion_task> on 2024-06-23 06:00:00+00:00
[2024-07-29T14:32:54.828+0000] {warnings.py:112} WARNING - /home/***/.local/lib/python3.12/site-packages/***/task/task_runner/standard_task_runner.py:62: DeprecationWarning: This process (pid=1282) is multi-threaded, use of fork() may lead to deadlocks in the child.
  pid = os.fork()

[2024-07-29T14:32:54.831+0000] {standard_task_runner.py:64} INFO - Started process 1293 to run task
[2024-07-29T14:32:54.830+0000] {standard_task_runner.py:90} INFO - Running: ['***', 'tasks', 'run', 'motower_daily_prod', 'gen_congestion_task', 'scheduled__2024-06-23T06:00:00+00:00', '--job-id', '1286', '--raw', '--subdir', 'DAGS_FOLDER/gps/custom_dags/motower_daily.py', '--cfg-path', '/tmp/tmpyof6w_uv']
[2024-07-29T14:32:54.833+0000] {standard_task_runner.py:91} INFO - Job 1286: Subtask gen_congestion_task
[2024-07-29T14:32:54.880+0000] {task_command.py:426} INFO - Running <TaskInstance: motower_daily_prod.gen_congestion_task scheduled__2024-06-23T06:00:00+00:00 [running]> on host e824106b656d
[2024-07-29T14:32:54.967+0000] {taskinstance.py:2648} INFO - Exporting env vars: AIRFLOW_CTX_DAG_EMAIL='richmond.kongo@orange.com,assane.diop@orange.com,cyrille1.danho@orange.com,mohamed2.sylla@orange.com,amadou.diomande@orange.com,Jonas.kouame@orange.com,armand.kablan@orange.com,anicet.azombade@orange.com,etienne.kouadio@orange.com,bertine.kouakou@orange.com,florentine.kouakou@orange.com,ange.phaceli@orange.com,soulegame.soro@orange.com,innocent.yengo@orange.com' AIRFLOW_CTX_DAG_OWNER='***' AIRFLOW_CTX_DAG_ID='motower_daily_prod' AIRFLOW_CTX_TASK_ID='gen_congestion_task' AIRFLOW_CTX_EXECUTION_DATE='2024-06-23T06:00:00+00:00' AIRFLOW_CTX_TRY_NUMBER='1' AIRFLOW_CTX_DAG_RUN_ID='scheduled__2024-06-23T06:00:00+00:00'
[2024-07-29T14:32:54.968+0000] {taskinstance.py:430} INFO - ::endgroup::
[2024-07-29T14:32:55.059+0000] {python.py:237} INFO - Done. Returned value was: None
[2024-07-29T14:32:55.060+0000] {taskinstance.py:441} INFO - ::group::Post task execution logs
[2024-07-29T14:32:55.070+0000] {taskinstance.py:1206} INFO - Marking task as SUCCESS. dag_id=motower_daily_prod, task_id=gen_congestion_task, run_id=scheduled__2024-06-23T06:00:00+00:00, execution_date=20240623T060000, start_date=20240729T143254, end_date=20240729T143255
[2024-07-29T14:32:55.125+0000] {local_task_job_runner.py:243} INFO - Task exited with return code 0
[2024-07-29T14:32:55.141+0000] {taskinstance.py:3503} INFO - 0 downstream tasks scheduled from follow-on schedule check
[2024-07-29T14:32:55.143+0000] {local_task_job_runner.py:222} INFO - ::endgroup::
