[2024-08-06T17:08:26.489+0000] {local_task_job_runner.py:120} INFO - ::group::Pre task execution logs
[2024-08-06T17:08:26.571+0000] {taskinstance.py:2076} INFO - Dependencies all met for dep_context=non-requeueable deps ti=<TaskInstance: motower_daily_prod.extract_congestion scheduled__2024-04-01T06:00:00+00:00 [queued]>
[2024-08-06T17:08:26.599+0000] {taskinstance.py:2076} INFO - Dependencies all met for dep_context=requeueable deps ti=<TaskInstance: motower_daily_prod.extract_congestion scheduled__2024-04-01T06:00:00+00:00 [queued]>
[2024-08-06T17:08:26.600+0000] {taskinstance.py:2306} INFO - Starting attempt 1 of 1
[2024-08-06T17:08:26.634+0000] {taskinstance.py:2330} INFO - Executing <Task(PythonOperator): extract_congestion> on 2024-04-01 06:00:00+00:00
[2024-08-06T17:08:26.650+0000] {warnings.py:112} WARNING - /home/***/.local/lib/python3.12/site-packages/***/task/task_runner/standard_task_runner.py:62: DeprecationWarning: This process (pid=3597) is multi-threaded, use of fork() may lead to deadlocks in the child.
  pid = os.fork()

[2024-08-06T17:08:26.652+0000] {standard_task_runner.py:64} INFO - Started process 3611 to run task
[2024-08-06T17:08:26.653+0000] {standard_task_runner.py:90} INFO - Running: ['***', 'tasks', 'run', 'motower_daily_prod', 'extract_congestion', 'scheduled__2024-04-01T06:00:00+00:00', '--job-id', '862', '--raw', '--subdir', 'DAGS_FOLDER/gps/custom_dags/motower_daily.py', '--cfg-path', '/tmp/tmpghcrh2sm']
[2024-08-06T17:08:26.657+0000] {standard_task_runner.py:91} INFO - Job 862: Subtask extract_congestion
[2024-08-06T17:08:26.777+0000] {task_command.py:426} INFO - Running <TaskInstance: motower_daily_prod.extract_congestion scheduled__2024-04-01T06:00:00+00:00 [running]> on host 13681191f11c
[2024-08-06T17:08:27.071+0000] {taskinstance.py:2648} INFO - Exporting env vars: AIRFLOW_CTX_DAG_EMAIL='richmond.kongo@orange.com,assane.diop@orange.com,cyrille1.danho@orange.com,mohamed2.sylla@orange.com,amadou.diomande@orange.com,Jonas.kouame@orange.com,armand.kablan@orange.com,anicet.azombade@orange.com,etienne.kouadio@orange.com,bertine.kouakou@orange.com,florentine.kouakou@orange.com,ange.phaceli@orange.com,soulegame.soro@orange.com,innocent.yengo@orange.com' AIRFLOW_CTX_DAG_OWNER='***' AIRFLOW_CTX_DAG_ID='motower_daily_prod' AIRFLOW_CTX_TASK_ID='extract_congestion' AIRFLOW_CTX_EXECUTION_DATE='2024-04-01T06:00:00+00:00' AIRFLOW_CTX_TRY_NUMBER='1' AIRFLOW_CTX_DAG_RUN_ID='scheduled__2024-04-01T06:00:00+00:00'
[2024-08-06T17:08:27.073+0000] {taskinstance.py:430} INFO - ::endgroup::
[2024-08-06T17:08:27.157+0000] {extract.py:126} INFO - Getting data of the table ks_hebdo_tdb_radio_drsi 
[2024-08-06T17:08:27.160+0000] {extract.py:127} INFO - where date is 2024-03-31
[2024-08-06T17:08:27.161+0000] {extract.py:98} INFO - get data to date 13 and year 2024
[2024-08-06T17:08:27.172+0000] {warnings.py:112} WARNING - /opt/***/dags/gps/common/extract.py:99: UserWarning: pandas only supports SQLAlchemy connectable (engine/connection) or database string URI or sqlite3 DBAPI2 connection. Other DBAPI2 objects are not tested. Please consider using SQLAlchemy.
  df_ = pd.read_sql_query(sql_query, conn, params=params)

[2024-08-06T17:08:27.500+0000] {rwminio.py:19} INFO - start to save data
[2024-08-06T17:08:27.746+0000] {rwminio.py:34} INFO - data in minio ok
[2024-08-06T17:08:27.752+0000] {python.py:237} INFO - Done. Returned value was: None
[2024-08-06T17:08:27.753+0000] {taskinstance.py:441} INFO - ::group::Post task execution logs
[2024-08-06T17:08:27.770+0000] {taskinstance.py:1206} INFO - Marking task as SUCCESS. dag_id=motower_daily_prod, task_id=extract_congestion, run_id=scheduled__2024-04-01T06:00:00+00:00, execution_date=20240401T060000, start_date=20240806T170826, end_date=20240806T170827
[2024-08-06T17:08:27.808+0000] {local_task_job_runner.py:243} INFO - Task exited with return code 0
[2024-08-06T17:08:27.825+0000] {local_task_job_runner.py:222} INFO - ::endgroup::
[2024-08-06T17:39:05.283+0000] {local_task_job_runner.py:120} INFO - ::group::Pre task execution logs
[2024-08-06T17:39:05.716+0000] {taskinstance.py:2076} INFO - Dependencies all met for dep_context=non-requeueable deps ti=<TaskInstance: motower_daily_prod.extract_congestion scheduled__2024-04-01T06:00:00+00:00 [queued]>
[2024-08-06T17:39:05.745+0000] {taskinstance.py:2076} INFO - Dependencies all met for dep_context=requeueable deps ti=<TaskInstance: motower_daily_prod.extract_congestion scheduled__2024-04-01T06:00:00+00:00 [queued]>
[2024-08-06T17:39:05.746+0000] {taskinstance.py:2306} INFO - Starting attempt 1 of 1
[2024-08-06T17:39:05.775+0000] {taskinstance.py:2330} INFO - Executing <Task(PythonOperator): extract_congestion> on 2024-04-01 06:00:00+00:00
[2024-08-06T17:39:05.805+0000] {warnings.py:112} WARNING - /home/***/.local/lib/python3.12/site-packages/***/task/task_runner/standard_task_runner.py:62: DeprecationWarning: This process (pid=7750) is multi-threaded, use of fork() may lead to deadlocks in the child.
  pid = os.fork()

[2024-08-06T17:39:05.810+0000] {standard_task_runner.py:64} INFO - Started process 7765 to run task
[2024-08-06T17:39:05.813+0000] {standard_task_runner.py:90} INFO - Running: ['***', 'tasks', 'run', 'motower_daily_prod', 'extract_congestion', 'scheduled__2024-04-01T06:00:00+00:00', '--job-id', '2124', '--raw', '--subdir', 'DAGS_FOLDER/gps/custom_dags/motower_daily.py', '--cfg-path', '/tmp/tmp9pynmtkr']
[2024-08-06T17:39:05.826+0000] {standard_task_runner.py:91} INFO - Job 2124: Subtask extract_congestion
[2024-08-06T17:39:05.958+0000] {task_command.py:426} INFO - Running <TaskInstance: motower_daily_prod.extract_congestion scheduled__2024-04-01T06:00:00+00:00 [running]> on host 13681191f11c
[2024-08-06T17:39:06.317+0000] {taskinstance.py:2648} INFO - Exporting env vars: AIRFLOW_CTX_DAG_EMAIL='richmond.kongo@orange.com,assane.diop@orange.com,cyrille1.danho@orange.com,mohamed2.sylla@orange.com,amadou.diomande@orange.com,Jonas.kouame@orange.com,armand.kablan@orange.com,anicet.azombade@orange.com,etienne.kouadio@orange.com,bertine.kouakou@orange.com,florentine.kouakou@orange.com,ange.phaceli@orange.com,soulegame.soro@orange.com,innocent.yengo@orange.com' AIRFLOW_CTX_DAG_OWNER='***' AIRFLOW_CTX_DAG_ID='motower_daily_prod' AIRFLOW_CTX_TASK_ID='extract_congestion' AIRFLOW_CTX_EXECUTION_DATE='2024-04-01T06:00:00+00:00' AIRFLOW_CTX_TRY_NUMBER='1' AIRFLOW_CTX_DAG_RUN_ID='scheduled__2024-04-01T06:00:00+00:00'
[2024-08-06T17:39:06.319+0000] {taskinstance.py:430} INFO - ::endgroup::
[2024-08-06T17:39:06.367+0000] {extract.py:126} INFO - Getting data of the table ks_hebdo_tdb_radio_drsi 
[2024-08-06T17:39:06.367+0000] {extract.py:127} INFO - where date is 2024-03-31
[2024-08-06T17:39:06.368+0000] {extract.py:98} INFO - get data to date 13 and year 2024
[2024-08-06T17:39:06.386+0000] {warnings.py:112} WARNING - /opt/***/dags/gps/common/extract.py:99: UserWarning: pandas only supports SQLAlchemy connectable (engine/connection) or database string URI or sqlite3 DBAPI2 connection. Other DBAPI2 objects are not tested. Please consider using SQLAlchemy.
  df_ = pd.read_sql_query(sql_query, conn, params=params)

[2024-08-06T17:39:06.941+0000] {rwminio.py:19} INFO - start to save data
[2024-08-06T17:39:07.255+0000] {rwminio.py:34} INFO - data in minio ok
[2024-08-06T17:39:07.264+0000] {python.py:237} INFO - Done. Returned value was: None
[2024-08-06T17:39:07.265+0000] {taskinstance.py:441} INFO - ::group::Post task execution logs
[2024-08-06T17:39:07.295+0000] {taskinstance.py:1206} INFO - Marking task as SUCCESS. dag_id=motower_daily_prod, task_id=extract_congestion, run_id=scheduled__2024-04-01T06:00:00+00:00, execution_date=20240401T060000, start_date=20240806T173905, end_date=20240806T173907
[2024-08-06T17:39:07.741+0000] {local_task_job_runner.py:243} INFO - Task exited with return code 0
[2024-08-06T17:39:07.812+0000] {taskinstance.py:3503} INFO - 0 downstream tasks scheduled from follow-on schedule check
[2024-08-06T17:39:07.815+0000] {local_task_job_runner.py:222} INFO - ::endgroup::
