[2024-08-06T16:58:18.554+0000] {local_task_job_runner.py:120} INFO - ::group::Pre task execution logs
[2024-08-06T16:58:18.645+0000] {taskinstance.py:2076} INFO - Dependencies all met for dep_context=non-requeueable deps ti=<TaskInstance: motower_daily_prod.sensor_congestion scheduled__2024-01-21T06:00:00+00:00 [queued]>
[2024-08-06T16:58:18.670+0000] {taskinstance.py:2076} INFO - Dependencies all met for dep_context=requeueable deps ti=<TaskInstance: motower_daily_prod.sensor_congestion scheduled__2024-01-21T06:00:00+00:00 [queued]>
[2024-08-06T16:58:18.671+0000] {taskinstance.py:2306} INFO - Starting attempt 1 of 1
[2024-08-06T16:58:19.563+0000] {taskinstance.py:2330} INFO - Executing <Task(PythonSensor): sensor_congestion> on 2024-01-21 06:00:00+00:00
[2024-08-06T16:58:19.586+0000] {warnings.py:112} WARNING - /home/***/.local/lib/python3.12/site-packages/***/task/task_runner/standard_task_runner.py:62: DeprecationWarning: This process (pid=1507) is multi-threaded, use of fork() may lead to deadlocks in the child.
  pid = os.fork()

[2024-08-06T16:58:19.589+0000] {standard_task_runner.py:64} INFO - Started process 1521 to run task
[2024-08-06T16:58:19.584+0000] {standard_task_runner.py:90} INFO - Running: ['***', 'tasks', 'run', 'motower_daily_prod', 'sensor_congestion', 'scheduled__2024-01-21T06:00:00+00:00', '--job-id', '200', '--raw', '--subdir', 'DAGS_FOLDER/gps/custom_dags/motower_daily.py', '--cfg-path', '/tmp/tmps8x13eja']
[2024-08-06T16:58:19.596+0000] {standard_task_runner.py:91} INFO - Job 200: Subtask sensor_congestion
[2024-08-06T16:58:19.792+0000] {task_command.py:426} INFO - Running <TaskInstance: motower_daily_prod.sensor_congestion scheduled__2024-01-21T06:00:00+00:00 [running]> on host 13681191f11c
[2024-08-06T16:58:20.263+0000] {taskinstance.py:2648} INFO - Exporting env vars: AIRFLOW_CTX_DAG_EMAIL='richmond.kongo@orange.com,assane.diop@orange.com,cyrille1.danho@orange.com,mohamed2.sylla@orange.com,amadou.diomande@orange.com,Jonas.kouame@orange.com,armand.kablan@orange.com,anicet.azombade@orange.com,etienne.kouadio@orange.com,bertine.kouakou@orange.com,florentine.kouakou@orange.com,ange.phaceli@orange.com,soulegame.soro@orange.com,innocent.yengo@orange.com' AIRFLOW_CTX_DAG_OWNER='***' AIRFLOW_CTX_DAG_ID='motower_daily_prod' AIRFLOW_CTX_TASK_ID='sensor_congestion' AIRFLOW_CTX_EXECUTION_DATE='2024-01-21T06:00:00+00:00' AIRFLOW_CTX_TRY_NUMBER='1' AIRFLOW_CTX_DAG_RUN_ID='scheduled__2024-01-21T06:00:00+00:00'
[2024-08-06T16:58:20.265+0000] {taskinstance.py:430} INFO - ::endgroup::
[2024-08-06T16:58:20.301+0000] {python.py:75} INFO - Poking callable: <function check_data_in_table at 0x701c42856fc0>
[2024-08-06T16:58:20.316+0000] {extract.py:126} INFO - Getting data of the table ks_hebdo_tdb_radio_drsi 
[2024-08-06T16:58:20.317+0000] {extract.py:127} INFO - where date is 2024-01-20
[2024-08-06T16:58:20.318+0000] {extract.py:98} INFO - get data to date 3 and year 2024
[2024-08-06T16:58:20.347+0000] {warnings.py:112} WARNING - /opt/***/dags/gps/common/extract.py:99: UserWarning: pandas only supports SQLAlchemy connectable (engine/connection) or database string URI or sqlite3 DBAPI2 connection. Other DBAPI2 objects are not tested. Please consider using SQLAlchemy.
  df_ = pd.read_sql_query(sql_query, conn, params=params)

[2024-08-06T16:58:20.674+0000] {base.py:294} INFO - Success criteria met. Exiting.
[2024-08-06T16:58:20.675+0000] {taskinstance.py:441} INFO - ::group::Post task execution logs
[2024-08-06T16:58:20.696+0000] {taskinstance.py:1206} INFO - Marking task as SUCCESS. dag_id=motower_daily_prod, task_id=sensor_congestion, run_id=scheduled__2024-01-21T06:00:00+00:00, execution_date=20240121T060000, start_date=20240806T165818, end_date=20240806T165820
[2024-08-06T16:58:20.757+0000] {local_task_job_runner.py:243} INFO - Task exited with return code 0
[2024-08-06T16:58:20.784+0000] {local_task_job_runner.py:222} INFO - ::endgroup::
[2024-08-06T17:28:48.959+0000] {local_task_job_runner.py:120} INFO - ::group::Pre task execution logs
[2024-08-06T17:28:49.026+0000] {taskinstance.py:2076} INFO - Dependencies all met for dep_context=non-requeueable deps ti=<TaskInstance: motower_daily_prod.sensor_congestion scheduled__2024-01-21T06:00:00+00:00 [queued]>
[2024-08-06T17:28:49.049+0000] {taskinstance.py:2076} INFO - Dependencies all met for dep_context=requeueable deps ti=<TaskInstance: motower_daily_prod.sensor_congestion scheduled__2024-01-21T06:00:00+00:00 [queued]>
[2024-08-06T17:28:49.050+0000] {taskinstance.py:2306} INFO - Starting attempt 1 of 1
[2024-08-06T17:28:49.075+0000] {taskinstance.py:2330} INFO - Executing <Task(PythonSensor): sensor_congestion> on 2024-01-21 06:00:00+00:00
[2024-08-06T17:28:49.089+0000] {warnings.py:112} WARNING - /home/***/.local/lib/python3.12/site-packages/***/task/task_runner/standard_task_runner.py:62: DeprecationWarning: This process (pid=5661) is multi-threaded, use of fork() may lead to deadlocks in the child.
  pid = os.fork()

[2024-08-06T17:28:49.091+0000] {standard_task_runner.py:64} INFO - Started process 5670 to run task
[2024-08-06T17:28:49.092+0000] {standard_task_runner.py:90} INFO - Running: ['***', 'tasks', 'run', 'motower_daily_prod', 'sensor_congestion', 'scheduled__2024-01-21T06:00:00+00:00', '--job-id', '1464', '--raw', '--subdir', 'DAGS_FOLDER/gps/custom_dags/motower_daily.py', '--cfg-path', '/tmp/tmpher9lf3d']
[2024-08-06T17:28:49.095+0000] {standard_task_runner.py:91} INFO - Job 1464: Subtask sensor_congestion
[2024-08-06T17:28:49.171+0000] {task_command.py:426} INFO - Running <TaskInstance: motower_daily_prod.sensor_congestion scheduled__2024-01-21T06:00:00+00:00 [running]> on host 13681191f11c
[2024-08-06T17:28:49.359+0000] {taskinstance.py:2648} INFO - Exporting env vars: AIRFLOW_CTX_DAG_EMAIL='richmond.kongo@orange.com,assane.diop@orange.com,cyrille1.danho@orange.com,mohamed2.sylla@orange.com,amadou.diomande@orange.com,Jonas.kouame@orange.com,armand.kablan@orange.com,anicet.azombade@orange.com,etienne.kouadio@orange.com,bertine.kouakou@orange.com,florentine.kouakou@orange.com,ange.phaceli@orange.com,soulegame.soro@orange.com,innocent.yengo@orange.com' AIRFLOW_CTX_DAG_OWNER='***' AIRFLOW_CTX_DAG_ID='motower_daily_prod' AIRFLOW_CTX_TASK_ID='sensor_congestion' AIRFLOW_CTX_EXECUTION_DATE='2024-01-21T06:00:00+00:00' AIRFLOW_CTX_TRY_NUMBER='1' AIRFLOW_CTX_DAG_RUN_ID='scheduled__2024-01-21T06:00:00+00:00'
[2024-08-06T17:28:49.361+0000] {taskinstance.py:430} INFO - ::endgroup::
[2024-08-06T17:28:49.390+0000] {python.py:75} INFO - Poking callable: <function check_data_in_table at 0x701c26febba0>
[2024-08-06T17:28:49.396+0000] {extract.py:126} INFO - Getting data of the table ks_hebdo_tdb_radio_drsi 
[2024-08-06T17:28:49.397+0000] {extract.py:127} INFO - where date is 2024-01-20
[2024-08-06T17:28:49.397+0000] {extract.py:98} INFO - get data to date 3 and year 2024
[2024-08-06T17:28:49.409+0000] {warnings.py:112} WARNING - /opt/***/dags/gps/common/extract.py:99: UserWarning: pandas only supports SQLAlchemy connectable (engine/connection) or database string URI or sqlite3 DBAPI2 connection. Other DBAPI2 objects are not tested. Please consider using SQLAlchemy.
  df_ = pd.read_sql_query(sql_query, conn, params=params)

[2024-08-06T17:28:49.718+0000] {base.py:294} INFO - Success criteria met. Exiting.
[2024-08-06T17:28:49.719+0000] {taskinstance.py:441} INFO - ::group::Post task execution logs
[2024-08-06T17:28:49.757+0000] {taskinstance.py:1206} INFO - Marking task as SUCCESS. dag_id=motower_daily_prod, task_id=sensor_congestion, run_id=scheduled__2024-01-21T06:00:00+00:00, execution_date=20240121T060000, start_date=20240806T172849, end_date=20240806T172849
[2024-08-06T17:28:49.839+0000] {local_task_job_runner.py:243} INFO - Task exited with return code 0
[2024-08-06T17:28:49.877+0000] {local_task_job_runner.py:222} INFO - ::endgroup::
[2024-08-06T18:16:32.026+0000] {local_task_job_runner.py:120} INFO - ::group::Pre task execution logs
[2024-08-06T18:16:32.124+0000] {taskinstance.py:2076} INFO - Dependencies all met for dep_context=non-requeueable deps ti=<TaskInstance: motower_daily_prod.sensor_congestion scheduled__2024-01-21T06:00:00+00:00 [queued]>
[2024-08-06T18:16:32.148+0000] {taskinstance.py:2076} INFO - Dependencies all met for dep_context=requeueable deps ti=<TaskInstance: motower_daily_prod.sensor_congestion scheduled__2024-01-21T06:00:00+00:00 [queued]>
[2024-08-06T18:16:32.149+0000] {taskinstance.py:2306} INFO - Starting attempt 1 of 1
[2024-08-06T18:16:32.877+0000] {taskinstance.py:2330} INFO - Executing <Task(PythonSensor): sensor_congestion> on 2024-01-21 06:00:00+00:00
[2024-08-06T18:16:32.898+0000] {warnings.py:112} WARNING - /home/***/.local/lib/python3.12/site-packages/***/task/task_runner/standard_task_runner.py:62: DeprecationWarning: This process (pid=9542) is multi-threaded, use of fork() may lead to deadlocks in the child.
  pid = os.fork()

[2024-08-06T18:16:32.904+0000] {standard_task_runner.py:64} INFO - Started process 9558 to run task
[2024-08-06T18:16:32.930+0000] {standard_task_runner.py:90} INFO - Running: ['***', 'tasks', 'run', 'motower_daily_prod', 'sensor_congestion', 'scheduled__2024-01-21T06:00:00+00:00', '--job-id', '2567', '--raw', '--subdir', 'DAGS_FOLDER/gps/custom_dags/motower_daily.py', '--cfg-path', '/tmp/tmpa9qx7c1q']
[2024-08-06T18:16:32.934+0000] {standard_task_runner.py:91} INFO - Job 2567: Subtask sensor_congestion
[2024-08-06T18:16:33.079+0000] {task_command.py:426} INFO - Running <TaskInstance: motower_daily_prod.sensor_congestion scheduled__2024-01-21T06:00:00+00:00 [running]> on host 13681191f11c
[2024-08-06T18:16:33.496+0000] {taskinstance.py:2648} INFO - Exporting env vars: AIRFLOW_CTX_DAG_EMAIL='richmond.kongo@orange.com,assane.diop@orange.com,cyrille1.danho@orange.com,mohamed2.sylla@orange.com,amadou.diomande@orange.com,Jonas.kouame@orange.com,armand.kablan@orange.com,anicet.azombade@orange.com,etienne.kouadio@orange.com,bertine.kouakou@orange.com,florentine.kouakou@orange.com,ange.phaceli@orange.com,soulegame.soro@orange.com,innocent.yengo@orange.com' AIRFLOW_CTX_DAG_OWNER='***' AIRFLOW_CTX_DAG_ID='motower_daily_prod' AIRFLOW_CTX_TASK_ID='sensor_congestion' AIRFLOW_CTX_EXECUTION_DATE='2024-01-21T06:00:00+00:00' AIRFLOW_CTX_TRY_NUMBER='1' AIRFLOW_CTX_DAG_RUN_ID='scheduled__2024-01-21T06:00:00+00:00'
[2024-08-06T18:16:33.497+0000] {taskinstance.py:430} INFO - ::endgroup::
[2024-08-06T18:16:33.626+0000] {python.py:75} INFO - Poking callable: <function check_data_in_table at 0x701c26f63a60>
[2024-08-06T18:16:33.670+0000] {extract.py:126} INFO - Getting data of the table ks_hebdo_tdb_radio_drsi 
[2024-08-06T18:16:33.671+0000] {extract.py:127} INFO - where date is 2024-01-20
[2024-08-06T18:16:33.672+0000] {extract.py:98} INFO - get data to date 3 and year 2024
[2024-08-06T18:16:33.709+0000] {warnings.py:112} WARNING - /opt/***/dags/gps/common/extract.py:99: UserWarning: pandas only supports SQLAlchemy connectable (engine/connection) or database string URI or sqlite3 DBAPI2 connection. Other DBAPI2 objects are not tested. Please consider using SQLAlchemy.
  df_ = pd.read_sql_query(sql_query, conn, params=params)

[2024-08-06T18:16:34.128+0000] {base.py:294} INFO - Success criteria met. Exiting.
[2024-08-06T18:16:34.128+0000] {taskinstance.py:441} INFO - ::group::Post task execution logs
[2024-08-06T18:16:34.157+0000] {taskinstance.py:1206} INFO - Marking task as SUCCESS. dag_id=motower_daily_prod, task_id=sensor_congestion, run_id=scheduled__2024-01-21T06:00:00+00:00, execution_date=20240121T060000, start_date=20240806T181632, end_date=20240806T181634
[2024-08-06T18:16:34.219+0000] {local_task_job_runner.py:243} INFO - Task exited with return code 0
[2024-08-06T18:16:34.409+0000] {taskinstance.py:3503} INFO - 0 downstream tasks scheduled from follow-on schedule check
[2024-08-06T18:16:34.426+0000] {local_task_job_runner.py:222} INFO - ::endgroup::
