[2024-08-06T17:10:52.024+0000] {local_task_job_runner.py:120} INFO - ::group::Pre task execution logs
[2024-08-06T17:10:52.536+0000] {taskinstance.py:2076} INFO - Dependencies all met for dep_context=non-requeueable deps ti=<TaskInstance: motower_daily_prod.sensor_congestion scheduled__2024-04-20T06:00:00+00:00 [queued]>
[2024-08-06T17:10:52.560+0000] {taskinstance.py:2076} INFO - Dependencies all met for dep_context=requeueable deps ti=<TaskInstance: motower_daily_prod.sensor_congestion scheduled__2024-04-20T06:00:00+00:00 [queued]>
[2024-08-06T17:10:52.561+0000] {taskinstance.py:2306} INFO - Starting attempt 1 of 1
[2024-08-06T17:10:52.594+0000] {taskinstance.py:2330} INFO - Executing <Task(PythonSensor): sensor_congestion> on 2024-04-20 06:00:00+00:00
[2024-08-06T17:10:52.612+0000] {warnings.py:112} WARNING - /home/***/.local/lib/python3.12/site-packages/***/task/task_runner/standard_task_runner.py:62: DeprecationWarning: This process (pid=4109) is multi-threaded, use of fork() may lead to deadlocks in the child.
  pid = os.fork()

[2024-08-06T17:10:52.615+0000] {standard_task_runner.py:64} INFO - Started process 4125 to run task
[2024-08-06T17:10:52.622+0000] {standard_task_runner.py:90} INFO - Running: ['***', 'tasks', 'run', 'motower_daily_prod', 'sensor_congestion', 'scheduled__2024-04-20T06:00:00+00:00', '--job-id', '1022', '--raw', '--subdir', 'DAGS_FOLDER/gps/custom_dags/motower_daily.py', '--cfg-path', '/tmp/tmpr6fngbho']
[2024-08-06T17:10:52.626+0000] {standard_task_runner.py:91} INFO - Job 1022: Subtask sensor_congestion
[2024-08-06T17:10:52.801+0000] {task_command.py:426} INFO - Running <TaskInstance: motower_daily_prod.sensor_congestion scheduled__2024-04-20T06:00:00+00:00 [running]> on host 13681191f11c
[2024-08-06T17:10:53.180+0000] {taskinstance.py:2648} INFO - Exporting env vars: AIRFLOW_CTX_DAG_EMAIL='richmond.kongo@orange.com,assane.diop@orange.com,cyrille1.danho@orange.com,mohamed2.sylla@orange.com,amadou.diomande@orange.com,Jonas.kouame@orange.com,armand.kablan@orange.com,anicet.azombade@orange.com,etienne.kouadio@orange.com,bertine.kouakou@orange.com,florentine.kouakou@orange.com,ange.phaceli@orange.com,soulegame.soro@orange.com,innocent.yengo@orange.com' AIRFLOW_CTX_DAG_OWNER='***' AIRFLOW_CTX_DAG_ID='motower_daily_prod' AIRFLOW_CTX_TASK_ID='sensor_congestion' AIRFLOW_CTX_EXECUTION_DATE='2024-04-20T06:00:00+00:00' AIRFLOW_CTX_TRY_NUMBER='1' AIRFLOW_CTX_DAG_RUN_ID='scheduled__2024-04-20T06:00:00+00:00'
[2024-08-06T17:10:53.182+0000] {taskinstance.py:430} INFO - ::endgroup::
[2024-08-06T17:10:53.239+0000] {python.py:75} INFO - Poking callable: <function check_data_in_table at 0x701c26fa3920>
[2024-08-06T17:10:53.257+0000] {extract.py:126} INFO - Getting data of the table ks_hebdo_tdb_radio_drsi 
[2024-08-06T17:10:53.258+0000] {extract.py:127} INFO - where date is 2024-04-19
[2024-08-06T17:10:53.258+0000] {extract.py:98} INFO - get data to date 16 and year 2024
[2024-08-06T17:10:53.280+0000] {warnings.py:112} WARNING - /opt/***/dags/gps/common/extract.py:99: UserWarning: pandas only supports SQLAlchemy connectable (engine/connection) or database string URI or sqlite3 DBAPI2 connection. Other DBAPI2 objects are not tested. Please consider using SQLAlchemy.
  df_ = pd.read_sql_query(sql_query, conn, params=params)

[2024-08-06T17:10:53.602+0000] {base.py:294} INFO - Success criteria met. Exiting.
[2024-08-06T17:10:53.602+0000] {taskinstance.py:441} INFO - ::group::Post task execution logs
[2024-08-06T17:10:53.641+0000] {taskinstance.py:1206} INFO - Marking task as SUCCESS. dag_id=motower_daily_prod, task_id=sensor_congestion, run_id=scheduled__2024-04-20T06:00:00+00:00, execution_date=20240420T060000, start_date=20240806T171052, end_date=20240806T171053
[2024-08-06T17:10:54.169+0000] {local_task_job_runner.py:243} INFO - Task exited with return code 0
[2024-08-06T17:10:54.258+0000] {taskinstance.py:3503} INFO - 1 downstream tasks scheduled from follow-on schedule check
[2024-08-06T17:10:54.269+0000] {local_task_job_runner.py:222} INFO - ::endgroup::
[2024-08-06T17:21:35.270+0000] {local_task_job_runner.py:120} INFO - ::group::Pre task execution logs
[2024-08-06T17:21:35.338+0000] {taskinstance.py:2076} INFO - Dependencies all met for dep_context=non-requeueable deps ti=<TaskInstance: motower_daily_prod.sensor_congestion scheduled__2024-04-20T06:00:00+00:00 [queued]>
[2024-08-06T17:21:35.365+0000] {taskinstance.py:2076} INFO - Dependencies all met for dep_context=requeueable deps ti=<TaskInstance: motower_daily_prod.sensor_congestion scheduled__2024-04-20T06:00:00+00:00 [queued]>
[2024-08-06T17:21:35.365+0000] {taskinstance.py:2306} INFO - Starting attempt 1 of 1
[2024-08-06T17:21:35.396+0000] {taskinstance.py:2330} INFO - Executing <Task(PythonSensor): sensor_congestion> on 2024-04-20 06:00:00+00:00
[2024-08-06T17:21:35.410+0000] {warnings.py:112} WARNING - /home/***/.local/lib/python3.12/site-packages/***/task/task_runner/standard_task_runner.py:62: DeprecationWarning: This process (pid=4660) is multi-threaded, use of fork() may lead to deadlocks in the child.
  pid = os.fork()

[2024-08-06T17:21:35.412+0000] {standard_task_runner.py:64} INFO - Started process 4677 to run task
[2024-08-06T17:21:35.412+0000] {standard_task_runner.py:90} INFO - Running: ['***', 'tasks', 'run', 'motower_daily_prod', 'sensor_congestion', 'scheduled__2024-04-20T06:00:00+00:00', '--job-id', '1164', '--raw', '--subdir', 'DAGS_FOLDER/gps/custom_dags/motower_daily.py', '--cfg-path', '/tmp/tmp_s_igg48']
[2024-08-06T17:21:35.416+0000] {standard_task_runner.py:91} INFO - Job 1164: Subtask sensor_congestion
[2024-08-06T17:21:35.521+0000] {task_command.py:426} INFO - Running <TaskInstance: motower_daily_prod.sensor_congestion scheduled__2024-04-20T06:00:00+00:00 [running]> on host 13681191f11c
[2024-08-06T17:21:35.748+0000] {taskinstance.py:2648} INFO - Exporting env vars: AIRFLOW_CTX_DAG_EMAIL='richmond.kongo@orange.com,assane.diop@orange.com,cyrille1.danho@orange.com,mohamed2.sylla@orange.com,amadou.diomande@orange.com,Jonas.kouame@orange.com,armand.kablan@orange.com,anicet.azombade@orange.com,etienne.kouadio@orange.com,bertine.kouakou@orange.com,florentine.kouakou@orange.com,ange.phaceli@orange.com,soulegame.soro@orange.com,innocent.yengo@orange.com' AIRFLOW_CTX_DAG_OWNER='***' AIRFLOW_CTX_DAG_ID='motower_daily_prod' AIRFLOW_CTX_TASK_ID='sensor_congestion' AIRFLOW_CTX_EXECUTION_DATE='2024-04-20T06:00:00+00:00' AIRFLOW_CTX_TRY_NUMBER='1' AIRFLOW_CTX_DAG_RUN_ID='scheduled__2024-04-20T06:00:00+00:00'
[2024-08-06T17:21:35.755+0000] {taskinstance.py:430} INFO - ::endgroup::
[2024-08-06T17:21:35.790+0000] {python.py:75} INFO - Poking callable: <function check_data_in_table at 0x701c429fefc0>
[2024-08-06T17:21:35.810+0000] {extract.py:126} INFO - Getting data of the table ks_hebdo_tdb_radio_drsi 
[2024-08-06T17:21:35.811+0000] {extract.py:127} INFO - where date is 2024-04-19
[2024-08-06T17:21:35.811+0000] {extract.py:98} INFO - get data to date 16 and year 2024
[2024-08-06T17:21:35.823+0000] {warnings.py:112} WARNING - /opt/***/dags/gps/common/extract.py:99: UserWarning: pandas only supports SQLAlchemy connectable (engine/connection) or database string URI or sqlite3 DBAPI2 connection. Other DBAPI2 objects are not tested. Please consider using SQLAlchemy.
  df_ = pd.read_sql_query(sql_query, conn, params=params)

[2024-08-06T17:21:36.456+0000] {base.py:294} INFO - Success criteria met. Exiting.
[2024-08-06T17:21:36.457+0000] {taskinstance.py:441} INFO - ::group::Post task execution logs
[2024-08-06T17:21:36.475+0000] {taskinstance.py:1206} INFO - Marking task as SUCCESS. dag_id=motower_daily_prod, task_id=sensor_congestion, run_id=scheduled__2024-04-20T06:00:00+00:00, execution_date=20240420T060000, start_date=20240806T172135, end_date=20240806T172136
[2024-08-06T17:21:36.527+0000] {local_task_job_runner.py:243} INFO - Task exited with return code 0
[2024-08-06T17:21:36.541+0000] {local_task_job_runner.py:222} INFO - ::endgroup::
[2024-08-06T17:22:30.181+0000] {local_task_job_runner.py:120} INFO - ::group::Pre task execution logs
[2024-08-06T17:22:30.301+0000] {taskinstance.py:2076} INFO - Dependencies all met for dep_context=non-requeueable deps ti=<TaskInstance: motower_daily_prod.sensor_congestion scheduled__2024-04-20T06:00:00+00:00 [queued]>
[2024-08-06T17:22:30.332+0000] {taskinstance.py:2076} INFO - Dependencies all met for dep_context=requeueable deps ti=<TaskInstance: motower_daily_prod.sensor_congestion scheduled__2024-04-20T06:00:00+00:00 [queued]>
[2024-08-06T17:22:30.332+0000] {taskinstance.py:2306} INFO - Starting attempt 1 of 1
[2024-08-06T17:22:30.362+0000] {taskinstance.py:2330} INFO - Executing <Task(PythonSensor): sensor_congestion> on 2024-04-20 06:00:00+00:00
[2024-08-06T17:22:30.376+0000] {warnings.py:112} WARNING - /home/***/.local/lib/python3.12/site-packages/***/task/task_runner/standard_task_runner.py:62: DeprecationWarning: This process (pid=4867) is multi-threaded, use of fork() may lead to deadlocks in the child.
  pid = os.fork()

[2024-08-06T17:22:30.379+0000] {standard_task_runner.py:64} INFO - Started process 4877 to run task
[2024-08-06T17:22:30.385+0000] {standard_task_runner.py:90} INFO - Running: ['***', 'tasks', 'run', 'motower_daily_prod', 'sensor_congestion', 'scheduled__2024-04-20T06:00:00+00:00', '--job-id', '1224', '--raw', '--subdir', 'DAGS_FOLDER/gps/custom_dags/motower_daily.py', '--cfg-path', '/tmp/tmpj9jlxf2c']
[2024-08-06T17:22:30.390+0000] {standard_task_runner.py:91} INFO - Job 1224: Subtask sensor_congestion
[2024-08-06T17:22:30.529+0000] {task_command.py:426} INFO - Running <TaskInstance: motower_daily_prod.sensor_congestion scheduled__2024-04-20T06:00:00+00:00 [running]> on host 13681191f11c
[2024-08-06T17:22:30.771+0000] {taskinstance.py:2648} INFO - Exporting env vars: AIRFLOW_CTX_DAG_EMAIL='richmond.kongo@orange.com,assane.diop@orange.com,cyrille1.danho@orange.com,mohamed2.sylla@orange.com,amadou.diomande@orange.com,Jonas.kouame@orange.com,armand.kablan@orange.com,anicet.azombade@orange.com,etienne.kouadio@orange.com,bertine.kouakou@orange.com,florentine.kouakou@orange.com,ange.phaceli@orange.com,soulegame.soro@orange.com,innocent.yengo@orange.com' AIRFLOW_CTX_DAG_OWNER='***' AIRFLOW_CTX_DAG_ID='motower_daily_prod' AIRFLOW_CTX_TASK_ID='sensor_congestion' AIRFLOW_CTX_EXECUTION_DATE='2024-04-20T06:00:00+00:00' AIRFLOW_CTX_TRY_NUMBER='1' AIRFLOW_CTX_DAG_RUN_ID='scheduled__2024-04-20T06:00:00+00:00'
[2024-08-06T17:22:30.774+0000] {taskinstance.py:430} INFO - ::endgroup::
[2024-08-06T17:22:30.811+0000] {python.py:75} INFO - Poking callable: <function check_data_in_table at 0x701c26e93920>
[2024-08-06T17:22:30.825+0000] {extract.py:126} INFO - Getting data of the table ks_hebdo_tdb_radio_drsi 
[2024-08-06T17:22:30.825+0000] {extract.py:127} INFO - where date is 2024-04-19
[2024-08-06T17:22:30.826+0000] {extract.py:98} INFO - get data to date 16 and year 2024
[2024-08-06T17:22:30.838+0000] {warnings.py:112} WARNING - /opt/***/dags/gps/common/extract.py:99: UserWarning: pandas only supports SQLAlchemy connectable (engine/connection) or database string URI or sqlite3 DBAPI2 connection. Other DBAPI2 objects are not tested. Please consider using SQLAlchemy.
  df_ = pd.read_sql_query(sql_query, conn, params=params)

[2024-08-06T17:22:31.168+0000] {base.py:294} INFO - Success criteria met. Exiting.
[2024-08-06T17:22:31.168+0000] {taskinstance.py:441} INFO - ::group::Post task execution logs
[2024-08-06T17:22:31.197+0000] {taskinstance.py:1206} INFO - Marking task as SUCCESS. dag_id=motower_daily_prod, task_id=sensor_congestion, run_id=scheduled__2024-04-20T06:00:00+00:00, execution_date=20240420T060000, start_date=20240806T172230, end_date=20240806T172231
[2024-08-06T17:22:31.279+0000] {local_task_job_runner.py:243} INFO - Task exited with return code 0
[2024-08-06T17:22:31.371+0000] {taskinstance.py:3503} INFO - 1 downstream tasks scheduled from follow-on schedule check
[2024-08-06T17:22:31.377+0000] {local_task_job_runner.py:222} INFO - ::endgroup::
[2024-08-06T17:23:47.734+0000] {local_task_job_runner.py:120} INFO - ::group::Pre task execution logs
[2024-08-06T17:23:47.824+0000] {taskinstance.py:2076} INFO - Dependencies all met for dep_context=non-requeueable deps ti=<TaskInstance: motower_daily_prod.sensor_congestion scheduled__2024-04-20T06:00:00+00:00 [queued]>
[2024-08-06T17:23:47.852+0000] {taskinstance.py:2076} INFO - Dependencies all met for dep_context=requeueable deps ti=<TaskInstance: motower_daily_prod.sensor_congestion scheduled__2024-04-20T06:00:00+00:00 [queued]>
[2024-08-06T17:23:47.853+0000] {taskinstance.py:2306} INFO - Starting attempt 1 of 1
[2024-08-06T17:23:47.883+0000] {taskinstance.py:2330} INFO - Executing <Task(PythonSensor): sensor_congestion> on 2024-04-20 06:00:00+00:00
[2024-08-06T17:23:47.902+0000] {warnings.py:112} WARNING - /home/***/.local/lib/python3.12/site-packages/***/task/task_runner/standard_task_runner.py:62: DeprecationWarning: This process (pid=5029) is multi-threaded, use of fork() may lead to deadlocks in the child.
  pid = os.fork()

[2024-08-06T17:23:47.904+0000] {standard_task_runner.py:64} INFO - Started process 5041 to run task
[2024-08-06T17:23:47.913+0000] {standard_task_runner.py:90} INFO - Running: ['***', 'tasks', 'run', 'motower_daily_prod', 'sensor_congestion', 'scheduled__2024-04-20T06:00:00+00:00', '--job-id', '1275', '--raw', '--subdir', 'DAGS_FOLDER/gps/custom_dags/motower_daily.py', '--cfg-path', '/tmp/tmp1dmbl4ca']
[2024-08-06T17:23:47.917+0000] {standard_task_runner.py:91} INFO - Job 1275: Subtask sensor_congestion
[2024-08-06T17:23:48.028+0000] {task_command.py:426} INFO - Running <TaskInstance: motower_daily_prod.sensor_congestion scheduled__2024-04-20T06:00:00+00:00 [running]> on host 13681191f11c
[2024-08-06T17:23:48.323+0000] {taskinstance.py:2648} INFO - Exporting env vars: AIRFLOW_CTX_DAG_EMAIL='richmond.kongo@orange.com,assane.diop@orange.com,cyrille1.danho@orange.com,mohamed2.sylla@orange.com,amadou.diomande@orange.com,Jonas.kouame@orange.com,armand.kablan@orange.com,anicet.azombade@orange.com,etienne.kouadio@orange.com,bertine.kouakou@orange.com,florentine.kouakou@orange.com,ange.phaceli@orange.com,soulegame.soro@orange.com,innocent.yengo@orange.com' AIRFLOW_CTX_DAG_OWNER='***' AIRFLOW_CTX_DAG_ID='motower_daily_prod' AIRFLOW_CTX_TASK_ID='sensor_congestion' AIRFLOW_CTX_EXECUTION_DATE='2024-04-20T06:00:00+00:00' AIRFLOW_CTX_TRY_NUMBER='1' AIRFLOW_CTX_DAG_RUN_ID='scheduled__2024-04-20T06:00:00+00:00'
[2024-08-06T17:23:48.325+0000] {taskinstance.py:430} INFO - ::endgroup::
[2024-08-06T17:23:48.356+0000] {python.py:75} INFO - Poking callable: <function check_data_in_table at 0x701c4280efc0>
[2024-08-06T17:23:48.368+0000] {extract.py:126} INFO - Getting data of the table ks_hebdo_tdb_radio_drsi 
[2024-08-06T17:23:48.369+0000] {extract.py:127} INFO - where date is 2024-04-19
[2024-08-06T17:23:48.370+0000] {extract.py:98} INFO - get data to date 16 and year 2024
[2024-08-06T17:23:48.381+0000] {warnings.py:112} WARNING - /opt/***/dags/gps/common/extract.py:99: UserWarning: pandas only supports SQLAlchemy connectable (engine/connection) or database string URI or sqlite3 DBAPI2 connection. Other DBAPI2 objects are not tested. Please consider using SQLAlchemy.
  df_ = pd.read_sql_query(sql_query, conn, params=params)

[2024-08-06T17:23:48.742+0000] {base.py:294} INFO - Success criteria met. Exiting.
[2024-08-06T17:23:48.742+0000] {taskinstance.py:441} INFO - ::group::Post task execution logs
[2024-08-06T17:23:48.765+0000] {taskinstance.py:1206} INFO - Marking task as SUCCESS. dag_id=motower_daily_prod, task_id=sensor_congestion, run_id=scheduled__2024-04-20T06:00:00+00:00, execution_date=20240420T060000, start_date=20240806T172347, end_date=20240806T172348
[2024-08-06T17:23:49.157+0000] {local_task_job_runner.py:243} INFO - Task exited with return code 0
[2024-08-06T17:23:49.242+0000] {taskinstance.py:3503} INFO - 1 downstream tasks scheduled from follow-on schedule check
[2024-08-06T17:23:49.252+0000] {local_task_job_runner.py:222} INFO - ::endgroup::
[2024-08-06T17:41:31.494+0000] {local_task_job_runner.py:120} INFO - ::group::Pre task execution logs
[2024-08-06T17:41:31.908+0000] {taskinstance.py:2076} INFO - Dependencies all met for dep_context=non-requeueable deps ti=<TaskInstance: motower_daily_prod.sensor_congestion scheduled__2024-04-20T06:00:00+00:00 [queued]>
[2024-08-06T17:41:31.932+0000] {taskinstance.py:2076} INFO - Dependencies all met for dep_context=requeueable deps ti=<TaskInstance: motower_daily_prod.sensor_congestion scheduled__2024-04-20T06:00:00+00:00 [queued]>
[2024-08-06T17:41:31.934+0000] {taskinstance.py:2306} INFO - Starting attempt 1 of 1
[2024-08-06T17:41:31.968+0000] {taskinstance.py:2330} INFO - Executing <Task(PythonSensor): sensor_congestion> on 2024-04-20 06:00:00+00:00
[2024-08-06T17:41:32.001+0000] {warnings.py:112} WARNING - /home/***/.local/lib/python3.12/site-packages/***/task/task_runner/standard_task_runner.py:62: DeprecationWarning: This process (pid=8248) is multi-threaded, use of fork() may lead to deadlocks in the child.
  pid = os.fork()

[2024-08-06T17:41:32.005+0000] {standard_task_runner.py:64} INFO - Started process 8261 to run task
[2024-08-06T17:41:32.010+0000] {standard_task_runner.py:90} INFO - Running: ['***', 'tasks', 'run', 'motower_daily_prod', 'sensor_congestion', 'scheduled__2024-04-20T06:00:00+00:00', '--job-id', '2281', '--raw', '--subdir', 'DAGS_FOLDER/gps/custom_dags/motower_daily.py', '--cfg-path', '/tmp/tmpxcxdw9nj']
[2024-08-06T17:41:32.015+0000] {standard_task_runner.py:91} INFO - Job 2281: Subtask sensor_congestion
[2024-08-06T17:41:32.125+0000] {task_command.py:426} INFO - Running <TaskInstance: motower_daily_prod.sensor_congestion scheduled__2024-04-20T06:00:00+00:00 [running]> on host 13681191f11c
[2024-08-06T17:41:32.424+0000] {taskinstance.py:2648} INFO - Exporting env vars: AIRFLOW_CTX_DAG_EMAIL='richmond.kongo@orange.com,assane.diop@orange.com,cyrille1.danho@orange.com,mohamed2.sylla@orange.com,amadou.diomande@orange.com,Jonas.kouame@orange.com,armand.kablan@orange.com,anicet.azombade@orange.com,etienne.kouadio@orange.com,bertine.kouakou@orange.com,florentine.kouakou@orange.com,ange.phaceli@orange.com,soulegame.soro@orange.com,innocent.yengo@orange.com' AIRFLOW_CTX_DAG_OWNER='***' AIRFLOW_CTX_DAG_ID='motower_daily_prod' AIRFLOW_CTX_TASK_ID='sensor_congestion' AIRFLOW_CTX_EXECUTION_DATE='2024-04-20T06:00:00+00:00' AIRFLOW_CTX_TRY_NUMBER='1' AIRFLOW_CTX_DAG_RUN_ID='scheduled__2024-04-20T06:00:00+00:00'
[2024-08-06T17:41:32.426+0000] {taskinstance.py:430} INFO - ::endgroup::
[2024-08-06T17:41:32.475+0000] {python.py:75} INFO - Poking callable: <function check_data_in_table at 0x701c26f63b00>
[2024-08-06T17:41:32.487+0000] {extract.py:126} INFO - Getting data of the table ks_hebdo_tdb_radio_drsi 
[2024-08-06T17:41:32.490+0000] {extract.py:127} INFO - where date is 2024-04-19
[2024-08-06T17:41:32.495+0000] {extract.py:98} INFO - get data to date 16 and year 2024
[2024-08-06T17:41:32.509+0000] {warnings.py:112} WARNING - /opt/***/dags/gps/common/extract.py:99: UserWarning: pandas only supports SQLAlchemy connectable (engine/connection) or database string URI or sqlite3 DBAPI2 connection. Other DBAPI2 objects are not tested. Please consider using SQLAlchemy.
  df_ = pd.read_sql_query(sql_query, conn, params=params)

[2024-08-06T17:41:32.972+0000] {base.py:294} INFO - Success criteria met. Exiting.
[2024-08-06T17:41:32.973+0000] {taskinstance.py:441} INFO - ::group::Post task execution logs
[2024-08-06T17:41:33.008+0000] {taskinstance.py:1206} INFO - Marking task as SUCCESS. dag_id=motower_daily_prod, task_id=sensor_congestion, run_id=scheduled__2024-04-20T06:00:00+00:00, execution_date=20240420T060000, start_date=20240806T174131, end_date=20240806T174133
[2024-08-06T17:41:33.094+0000] {local_task_job_runner.py:243} INFO - Task exited with return code 0
[2024-08-06T17:41:33.124+0000] {local_task_job_runner.py:222} INFO - ::endgroup::
