[2024-08-06T17:09:57.967+0000] {local_task_job_runner.py:120} INFO - ::group::Pre task execution logs
[2024-08-06T17:09:58.038+0000] {taskinstance.py:2076} INFO - Dependencies all met for dep_context=non-requeueable deps ti=<TaskInstance: motower_daily_prod.sensor_trafic scheduled__2024-04-11T06:00:00+00:00 [queued]>
[2024-08-06T17:09:58.064+0000] {taskinstance.py:2076} INFO - Dependencies all met for dep_context=requeueable deps ti=<TaskInstance: motower_daily_prod.sensor_trafic scheduled__2024-04-11T06:00:00+00:00 [queued]>
[2024-08-06T17:09:58.064+0000] {taskinstance.py:2306} INFO - Starting attempt 1 of 1
[2024-08-06T17:09:58.095+0000] {taskinstance.py:2330} INFO - Executing <Task(PythonSensor): sensor_trafic> on 2024-04-11 06:00:00+00:00
[2024-08-06T17:09:58.114+0000] {warnings.py:112} WARNING - /home/***/.local/lib/python3.12/site-packages/***/task/task_runner/standard_task_runner.py:62: DeprecationWarning: This process (pid=3865) is multi-threaded, use of fork() may lead to deadlocks in the child.
  pid = os.fork()

[2024-08-06T17:09:58.118+0000] {standard_task_runner.py:64} INFO - Started process 3882 to run task
[2024-08-06T17:09:58.118+0000] {standard_task_runner.py:90} INFO - Running: ['***', 'tasks', 'run', 'motower_daily_prod', 'sensor_trafic', 'scheduled__2024-04-11T06:00:00+00:00', '--job-id', '944', '--raw', '--subdir', 'DAGS_FOLDER/gps/custom_dags/motower_daily.py', '--cfg-path', '/tmp/tmph6lyuce3']
[2024-08-06T17:09:58.124+0000] {standard_task_runner.py:91} INFO - Job 944: Subtask sensor_trafic
[2024-08-06T17:09:58.303+0000] {task_command.py:426} INFO - Running <TaskInstance: motower_daily_prod.sensor_trafic scheduled__2024-04-11T06:00:00+00:00 [running]> on host 13681191f11c
[2024-08-06T17:09:58.687+0000] {taskinstance.py:2648} INFO - Exporting env vars: AIRFLOW_CTX_DAG_EMAIL='richmond.kongo@orange.com,assane.diop@orange.com,cyrille1.danho@orange.com,mohamed2.sylla@orange.com,amadou.diomande@orange.com,Jonas.kouame@orange.com,armand.kablan@orange.com,anicet.azombade@orange.com,etienne.kouadio@orange.com,bertine.kouakou@orange.com,florentine.kouakou@orange.com,ange.phaceli@orange.com,soulegame.soro@orange.com,innocent.yengo@orange.com' AIRFLOW_CTX_DAG_OWNER='***' AIRFLOW_CTX_DAG_ID='motower_daily_prod' AIRFLOW_CTX_TASK_ID='sensor_trafic' AIRFLOW_CTX_EXECUTION_DATE='2024-04-11T06:00:00+00:00' AIRFLOW_CTX_TRY_NUMBER='1' AIRFLOW_CTX_DAG_RUN_ID='scheduled__2024-04-11T06:00:00+00:00'
[2024-08-06T17:09:58.689+0000] {taskinstance.py:430} INFO - ::endgroup::
[2024-08-06T17:09:58.787+0000] {python.py:75} INFO - Poking callable: <function check_data_in_table at 0x701c26fddd00>
[2024-08-06T17:09:58.808+0000] {extract.py:126} INFO - Getting data of the table ks_daily_tdb_radio_drsi 
[2024-08-06T17:09:58.809+0000] {extract.py:127} INFO - where date is 2024-04-10
[2024-08-06T17:09:58.809+0000] {extract.py:102} INFO - get data to date 2024-04-10
[2024-08-06T17:09:58.821+0000] {warnings.py:112} WARNING - /opt/***/dags/gps/common/extract.py:103: UserWarning: pandas only supports SQLAlchemy connectable (engine/connection) or database string URI or sqlite3 DBAPI2 connection. Other DBAPI2 objects are not tested. Please consider using SQLAlchemy.
  df_ = pd.read_sql_query(sql_query, conn, params=params)

[2024-08-06T17:09:59.280+0000] {base.py:294} INFO - Success criteria met. Exiting.
[2024-08-06T17:09:59.281+0000] {taskinstance.py:441} INFO - ::group::Post task execution logs
[2024-08-06T17:09:59.305+0000] {taskinstance.py:1206} INFO - Marking task as SUCCESS. dag_id=motower_daily_prod, task_id=sensor_trafic, run_id=scheduled__2024-04-11T06:00:00+00:00, execution_date=20240411T060000, start_date=20240806T170958, end_date=20240806T170959
[2024-08-06T17:09:59.380+0000] {local_task_job_runner.py:243} INFO - Task exited with return code 0
[2024-08-06T17:09:59.406+0000] {local_task_job_runner.py:222} INFO - ::endgroup::
[2024-08-06T17:40:16.582+0000] {local_task_job_runner.py:120} INFO - ::group::Pre task execution logs
[2024-08-06T17:40:16.692+0000] {taskinstance.py:2076} INFO - Dependencies all met for dep_context=non-requeueable deps ti=<TaskInstance: motower_daily_prod.sensor_trafic scheduled__2024-04-11T06:00:00+00:00 [queued]>
[2024-08-06T17:40:16.750+0000] {taskinstance.py:2076} INFO - Dependencies all met for dep_context=requeueable deps ti=<TaskInstance: motower_daily_prod.sensor_trafic scheduled__2024-04-11T06:00:00+00:00 [queued]>
[2024-08-06T17:40:16.751+0000] {taskinstance.py:2306} INFO - Starting attempt 1 of 1
[2024-08-06T17:40:16.799+0000] {taskinstance.py:2330} INFO - Executing <Task(PythonSensor): sensor_trafic> on 2024-04-11 06:00:00+00:00
[2024-08-06T17:40:16.820+0000] {warnings.py:112} WARNING - /home/***/.local/lib/python3.12/site-packages/***/task/task_runner/standard_task_runner.py:62: DeprecationWarning: This process (pid=7992) is multi-threaded, use of fork() may lead to deadlocks in the child.
  pid = os.fork()

[2024-08-06T17:40:16.823+0000] {standard_task_runner.py:64} INFO - Started process 8007 to run task
[2024-08-06T17:40:16.824+0000] {standard_task_runner.py:90} INFO - Running: ['***', 'tasks', 'run', 'motower_daily_prod', 'sensor_trafic', 'scheduled__2024-04-11T06:00:00+00:00', '--job-id', '2201', '--raw', '--subdir', 'DAGS_FOLDER/gps/custom_dags/motower_daily.py', '--cfg-path', '/tmp/tmpnjqfymgi']
[2024-08-06T17:40:16.828+0000] {standard_task_runner.py:91} INFO - Job 2201: Subtask sensor_trafic
[2024-08-06T17:40:16.998+0000] {task_command.py:426} INFO - Running <TaskInstance: motower_daily_prod.sensor_trafic scheduled__2024-04-11T06:00:00+00:00 [running]> on host 13681191f11c
[2024-08-06T17:40:17.323+0000] {taskinstance.py:2648} INFO - Exporting env vars: AIRFLOW_CTX_DAG_EMAIL='richmond.kongo@orange.com,assane.diop@orange.com,cyrille1.danho@orange.com,mohamed2.sylla@orange.com,amadou.diomande@orange.com,Jonas.kouame@orange.com,armand.kablan@orange.com,anicet.azombade@orange.com,etienne.kouadio@orange.com,bertine.kouakou@orange.com,florentine.kouakou@orange.com,ange.phaceli@orange.com,soulegame.soro@orange.com,innocent.yengo@orange.com' AIRFLOW_CTX_DAG_OWNER='***' AIRFLOW_CTX_DAG_ID='motower_daily_prod' AIRFLOW_CTX_TASK_ID='sensor_trafic' AIRFLOW_CTX_EXECUTION_DATE='2024-04-11T06:00:00+00:00' AIRFLOW_CTX_TRY_NUMBER='1' AIRFLOW_CTX_DAG_RUN_ID='scheduled__2024-04-11T06:00:00+00:00'
[2024-08-06T17:40:17.325+0000] {taskinstance.py:430} INFO - ::endgroup::
[2024-08-06T17:40:17.383+0000] {python.py:75} INFO - Poking callable: <function check_data_in_table at 0x701c42996fc0>
[2024-08-06T17:40:17.401+0000] {extract.py:126} INFO - Getting data of the table ks_daily_tdb_radio_drsi 
[2024-08-06T17:40:17.402+0000] {extract.py:127} INFO - where date is 2024-04-10
[2024-08-06T17:40:17.405+0000] {extract.py:102} INFO - get data to date 2024-04-10
[2024-08-06T17:40:17.426+0000] {warnings.py:112} WARNING - /opt/***/dags/gps/common/extract.py:103: UserWarning: pandas only supports SQLAlchemy connectable (engine/connection) or database string URI or sqlite3 DBAPI2 connection. Other DBAPI2 objects are not tested. Please consider using SQLAlchemy.
  df_ = pd.read_sql_query(sql_query, conn, params=params)

[2024-08-06T17:40:17.949+0000] {base.py:294} INFO - Success criteria met. Exiting.
[2024-08-06T17:40:17.951+0000] {taskinstance.py:441} INFO - ::group::Post task execution logs
[2024-08-06T17:40:17.973+0000] {taskinstance.py:1206} INFO - Marking task as SUCCESS. dag_id=motower_daily_prod, task_id=sensor_trafic, run_id=scheduled__2024-04-11T06:00:00+00:00, execution_date=20240411T060000, start_date=20240806T174016, end_date=20240806T174017
[2024-08-06T17:40:18.071+0000] {local_task_job_runner.py:243} INFO - Task exited with return code 0
[2024-08-06T17:40:18.115+0000] {local_task_job_runner.py:222} INFO - ::endgroup::
