[2024-07-25T08:33:31.282+0000] {local_task_job_runner.py:120} INFO - ::group::Pre task execution logs
[2024-07-25T08:33:31.321+0000] {taskinstance.py:2076} INFO - Dependencies all met for dep_context=non-requeueable deps ti=<TaskInstance: motower_daily_prod.gen_congestion_task scheduled__2024-06-24T06:00:00+00:00 [queued]>
[2024-07-25T08:33:31.336+0000] {taskinstance.py:2076} INFO - Dependencies all met for dep_context=requeueable deps ti=<TaskInstance: motower_daily_prod.gen_congestion_task scheduled__2024-06-24T06:00:00+00:00 [queued]>
[2024-07-25T08:33:31.336+0000] {taskinstance.py:2306} INFO - Starting attempt 1 of 1
[2024-07-25T08:33:31.359+0000] {taskinstance.py:2330} INFO - Executing <Task(PythonOperator): gen_congestion_task> on 2024-06-24 06:00:00+00:00
[2024-07-25T08:33:31.376+0000] {warnings.py:112} WARNING - /home/***/.local/lib/python3.12/site-packages/***/task/task_runner/standard_task_runner.py:62: DeprecationWarning: This process (pid=2530) is multi-threaded, use of fork() may lead to deadlocks in the child.
  pid = os.fork()

[2024-07-25T08:33:31.378+0000] {standard_task_runner.py:64} INFO - Started process 2546 to run task
[2024-07-25T08:33:31.382+0000] {standard_task_runner.py:90} INFO - Running: ['***', 'tasks', 'run', 'motower_daily_prod', 'gen_congestion_task', 'scheduled__2024-06-24T06:00:00+00:00', '--job-id', '879', '--raw', '--subdir', 'DAGS_FOLDER/gps/custom_dags/motower_daily.py', '--cfg-path', '/tmp/tmpc25a6aav']
[2024-07-25T08:33:31.384+0000] {standard_task_runner.py:91} INFO - Job 879: Subtask gen_congestion_task
[2024-07-25T08:33:31.443+0000] {task_command.py:426} INFO - Running <TaskInstance: motower_daily_prod.gen_congestion_task scheduled__2024-06-24T06:00:00+00:00 [running]> on host b3845fb494d4
[2024-07-25T08:33:31.582+0000] {taskinstance.py:2648} INFO - Exporting env vars: AIRFLOW_CTX_DAG_EMAIL='richmond.kongo@orange.com,assane.diop@orange.com,cyrille1.danho@orange.com,mohamed2.sylla@orange.com,amadou.diomande@orange.com,Jonas.kouame@orange.com,armand.kablan@orange.com,anicet.azombade@orange.com,etienne.kouadio@orange.com,bertine.kouakou@orange.com,florentine.kouakou@orange.com,ange.phaceli@orange.com,soulegame.soro@orange.com,innocent.yengo@orange.com' AIRFLOW_CTX_DAG_OWNER='***' AIRFLOW_CTX_DAG_ID='motower_daily_prod' AIRFLOW_CTX_TASK_ID='gen_congestion_task' AIRFLOW_CTX_EXECUTION_DATE='2024-06-24T06:00:00+00:00' AIRFLOW_CTX_TRY_NUMBER='1' AIRFLOW_CTX_DAG_RUN_ID='scheduled__2024-06-24T06:00:00+00:00'
[2024-07-25T08:33:31.583+0000] {taskinstance.py:430} INFO - ::endgroup::
[2024-07-25T08:33:31.689+0000] {python.py:237} INFO - Done. Returned value was: None
[2024-07-25T08:33:31.690+0000] {taskinstance.py:441} INFO - ::group::Post task execution logs
[2024-07-25T08:33:31.703+0000] {taskinstance.py:1206} INFO - Marking task as SUCCESS. dag_id=motower_daily_prod, task_id=gen_congestion_task, run_id=scheduled__2024-06-24T06:00:00+00:00, execution_date=20240624T060000, start_date=20240725T083331, end_date=20240725T083331
[2024-07-25T08:33:31.755+0000] {local_task_job_runner.py:243} INFO - Task exited with return code 0
[2024-07-25T08:33:31.775+0000] {taskinstance.py:3503} INFO - 0 downstream tasks scheduled from follow-on schedule check
[2024-07-25T08:33:31.776+0000] {local_task_job_runner.py:222} INFO - ::endgroup::
[2024-07-25T10:37:34.804+0000] {local_task_job_runner.py:120} INFO - ::group::Pre task execution logs
[2024-07-25T10:37:34.838+0000] {taskinstance.py:2076} INFO - Dependencies all met for dep_context=non-requeueable deps ti=<TaskInstance: motower_daily_prod.gen_congestion_task scheduled__2024-06-24T06:00:00+00:00 [queued]>
[2024-07-25T10:37:34.848+0000] {taskinstance.py:2076} INFO - Dependencies all met for dep_context=requeueable deps ti=<TaskInstance: motower_daily_prod.gen_congestion_task scheduled__2024-06-24T06:00:00+00:00 [queued]>
[2024-07-25T10:37:34.849+0000] {taskinstance.py:2306} INFO - Starting attempt 1 of 1
[2024-07-25T10:37:34.864+0000] {taskinstance.py:2330} INFO - Executing <Task(PythonOperator): gen_congestion_task> on 2024-06-24 06:00:00+00:00
[2024-07-25T10:37:34.877+0000] {warnings.py:112} WARNING - /home/***/.local/lib/python3.12/site-packages/***/task/task_runner/standard_task_runner.py:62: DeprecationWarning: This process (pid=5586) is multi-threaded, use of fork() may lead to deadlocks in the child.
  pid = os.fork()

[2024-07-25T10:37:34.879+0000] {standard_task_runner.py:64} INFO - Started process 5595 to run task
[2024-07-25T10:37:34.880+0000] {standard_task_runner.py:90} INFO - Running: ['***', 'tasks', 'run', 'motower_daily_prod', 'gen_congestion_task', 'scheduled__2024-06-24T06:00:00+00:00', '--job-id', '1359', '--raw', '--subdir', 'DAGS_FOLDER/gps/custom_dags/motower_daily.py', '--cfg-path', '/tmp/tmpi6_tbv4l']
[2024-07-25T10:37:34.883+0000] {standard_task_runner.py:91} INFO - Job 1359: Subtask gen_congestion_task
[2024-07-25T10:37:34.942+0000] {task_command.py:426} INFO - Running <TaskInstance: motower_daily_prod.gen_congestion_task scheduled__2024-06-24T06:00:00+00:00 [running]> on host b3845fb494d4
[2024-07-25T10:37:35.050+0000] {taskinstance.py:2648} INFO - Exporting env vars: AIRFLOW_CTX_DAG_EMAIL='richmond.kongo@orange.com,assane.diop@orange.com,cyrille1.danho@orange.com,mohamed2.sylla@orange.com,amadou.diomande@orange.com,Jonas.kouame@orange.com,armand.kablan@orange.com,anicet.azombade@orange.com,etienne.kouadio@orange.com,bertine.kouakou@orange.com,florentine.kouakou@orange.com,ange.phaceli@orange.com,soulegame.soro@orange.com,innocent.yengo@orange.com' AIRFLOW_CTX_DAG_OWNER='***' AIRFLOW_CTX_DAG_ID='motower_daily_prod' AIRFLOW_CTX_TASK_ID='gen_congestion_task' AIRFLOW_CTX_EXECUTION_DATE='2024-06-24T06:00:00+00:00' AIRFLOW_CTX_TRY_NUMBER='1' AIRFLOW_CTX_DAG_RUN_ID='scheduled__2024-06-24T06:00:00+00:00'
[2024-07-25T10:37:35.056+0000] {taskinstance.py:430} INFO - ::endgroup::
[2024-07-25T10:37:35.143+0000] {python.py:237} INFO - Done. Returned value was: None
[2024-07-25T10:37:35.144+0000] {taskinstance.py:441} INFO - ::group::Post task execution logs
[2024-07-25T10:37:35.155+0000] {taskinstance.py:1206} INFO - Marking task as SUCCESS. dag_id=motower_daily_prod, task_id=gen_congestion_task, run_id=scheduled__2024-06-24T06:00:00+00:00, execution_date=20240624T060000, start_date=20240725T103734, end_date=20240725T103735
[2024-07-25T10:37:35.214+0000] {local_task_job_runner.py:243} INFO - Task exited with return code 0
[2024-07-25T10:37:35.233+0000] {taskinstance.py:3503} INFO - 0 downstream tasks scheduled from follow-on schedule check
[2024-07-25T10:37:35.240+0000] {local_task_job_runner.py:222} INFO - ::endgroup::
[2024-07-25T12:24:36.638+0000] {local_task_job_runner.py:120} INFO - ::group::Pre task execution logs
[2024-07-25T12:24:36.675+0000] {taskinstance.py:2076} INFO - Dependencies all met for dep_context=non-requeueable deps ti=<TaskInstance: motower_daily_prod.gen_congestion_task scheduled__2024-06-24T06:00:00+00:00 [queued]>
[2024-07-25T12:24:36.688+0000] {taskinstance.py:2076} INFO - Dependencies all met for dep_context=requeueable deps ti=<TaskInstance: motower_daily_prod.gen_congestion_task scheduled__2024-06-24T06:00:00+00:00 [queued]>
[2024-07-25T12:24:36.689+0000] {taskinstance.py:2306} INFO - Starting attempt 1 of 1
[2024-07-25T12:24:36.704+0000] {taskinstance.py:2330} INFO - Executing <Task(PythonOperator): gen_congestion_task> on 2024-06-24 06:00:00+00:00
[2024-07-25T12:24:36.720+0000] {warnings.py:112} WARNING - /home/***/.local/lib/python3.12/site-packages/***/task/task_runner/standard_task_runner.py:62: DeprecationWarning: This process (pid=9097) is multi-threaded, use of fork() may lead to deadlocks in the child.
  pid = os.fork()

[2024-07-25T12:24:36.722+0000] {standard_task_runner.py:64} INFO - Started process 9106 to run task
[2024-07-25T12:24:36.722+0000] {standard_task_runner.py:90} INFO - Running: ['***', 'tasks', 'run', 'motower_daily_prod', 'gen_congestion_task', 'scheduled__2024-06-24T06:00:00+00:00', '--job-id', '2067', '--raw', '--subdir', 'DAGS_FOLDER/gps/custom_dags/motower_daily.py', '--cfg-path', '/tmp/tmpr78fpnu1']
[2024-07-25T12:24:36.724+0000] {standard_task_runner.py:91} INFO - Job 2067: Subtask gen_congestion_task
[2024-07-25T12:24:36.773+0000] {task_command.py:426} INFO - Running <TaskInstance: motower_daily_prod.gen_congestion_task scheduled__2024-06-24T06:00:00+00:00 [running]> on host b3845fb494d4
[2024-07-25T12:24:36.892+0000] {taskinstance.py:2648} INFO - Exporting env vars: AIRFLOW_CTX_DAG_EMAIL='richmond.kongo@orange.com,assane.diop@orange.com,cyrille1.danho@orange.com,mohamed2.sylla@orange.com,amadou.diomande@orange.com,Jonas.kouame@orange.com,armand.kablan@orange.com,anicet.azombade@orange.com,etienne.kouadio@orange.com,bertine.kouakou@orange.com,florentine.kouakou@orange.com,ange.phaceli@orange.com,soulegame.soro@orange.com,innocent.yengo@orange.com' AIRFLOW_CTX_DAG_OWNER='***' AIRFLOW_CTX_DAG_ID='motower_daily_prod' AIRFLOW_CTX_TASK_ID='gen_congestion_task' AIRFLOW_CTX_EXECUTION_DATE='2024-06-24T06:00:00+00:00' AIRFLOW_CTX_TRY_NUMBER='1' AIRFLOW_CTX_DAG_RUN_ID='scheduled__2024-06-24T06:00:00+00:00'
[2024-07-25T12:24:36.893+0000] {taskinstance.py:430} INFO - ::endgroup::
[2024-07-25T12:24:36.967+0000] {python.py:237} INFO - Done. Returned value was: None
[2024-07-25T12:24:36.968+0000] {taskinstance.py:441} INFO - ::group::Post task execution logs
[2024-07-25T12:24:36.981+0000] {taskinstance.py:1206} INFO - Marking task as SUCCESS. dag_id=motower_daily_prod, task_id=gen_congestion_task, run_id=scheduled__2024-06-24T06:00:00+00:00, execution_date=20240624T060000, start_date=20240725T122436, end_date=20240725T122436
[2024-07-25T12:24:37.018+0000] {local_task_job_runner.py:243} INFO - Task exited with return code 0
[2024-07-25T12:24:37.037+0000] {taskinstance.py:3503} INFO - 0 downstream tasks scheduled from follow-on schedule check
[2024-07-25T12:24:37.038+0000] {local_task_job_runner.py:222} INFO - ::endgroup::
[2024-07-25T13:25:56.020+0000] {local_task_job_runner.py:120} INFO - ::group::Pre task execution logs
[2024-07-25T13:25:56.059+0000] {taskinstance.py:2076} INFO - Dependencies all met for dep_context=non-requeueable deps ti=<TaskInstance: motower_daily_prod.gen_congestion_task scheduled__2024-06-24T06:00:00+00:00 [queued]>
[2024-07-25T13:25:56.073+0000] {taskinstance.py:2076} INFO - Dependencies all met for dep_context=requeueable deps ti=<TaskInstance: motower_daily_prod.gen_congestion_task scheduled__2024-06-24T06:00:00+00:00 [queued]>
[2024-07-25T13:25:56.073+0000] {taskinstance.py:2306} INFO - Starting attempt 1 of 1
[2024-07-25T13:25:56.093+0000] {taskinstance.py:2330} INFO - Executing <Task(PythonOperator): gen_congestion_task> on 2024-06-24 06:00:00+00:00
[2024-07-25T13:25:56.113+0000] {warnings.py:112} WARNING - /home/***/.local/lib/python3.12/site-packages/***/task/task_runner/standard_task_runner.py:62: DeprecationWarning: This process (pid=12432) is multi-threaded, use of fork() may lead to deadlocks in the child.
  pid = os.fork()

[2024-07-25T13:25:56.114+0000] {standard_task_runner.py:64} INFO - Started process 12441 to run task
[2024-07-25T13:25:56.119+0000] {standard_task_runner.py:90} INFO - Running: ['***', 'tasks', 'run', 'motower_daily_prod', 'gen_congestion_task', 'scheduled__2024-06-24T06:00:00+00:00', '--job-id', '2915', '--raw', '--subdir', 'DAGS_FOLDER/gps/custom_dags/motower_daily.py', '--cfg-path', '/tmp/tmpjeu65pa7']
[2024-07-25T13:25:56.121+0000] {standard_task_runner.py:91} INFO - Job 2915: Subtask gen_congestion_task
[2024-07-25T13:25:56.209+0000] {task_command.py:426} INFO - Running <TaskInstance: motower_daily_prod.gen_congestion_task scheduled__2024-06-24T06:00:00+00:00 [running]> on host b3845fb494d4
[2024-07-25T13:25:56.502+0000] {taskinstance.py:2648} INFO - Exporting env vars: AIRFLOW_CTX_DAG_EMAIL='richmond.kongo@orange.com,assane.diop@orange.com,cyrille1.danho@orange.com,mohamed2.sylla@orange.com,amadou.diomande@orange.com,Jonas.kouame@orange.com,armand.kablan@orange.com,anicet.azombade@orange.com,etienne.kouadio@orange.com,bertine.kouakou@orange.com,florentine.kouakou@orange.com,ange.phaceli@orange.com,soulegame.soro@orange.com,innocent.yengo@orange.com' AIRFLOW_CTX_DAG_OWNER='***' AIRFLOW_CTX_DAG_ID='motower_daily_prod' AIRFLOW_CTX_TASK_ID='gen_congestion_task' AIRFLOW_CTX_EXECUTION_DATE='2024-06-24T06:00:00+00:00' AIRFLOW_CTX_TRY_NUMBER='1' AIRFLOW_CTX_DAG_RUN_ID='scheduled__2024-06-24T06:00:00+00:00'
[2024-07-25T13:25:56.503+0000] {taskinstance.py:430} INFO - ::endgroup::
[2024-07-25T13:25:56.683+0000] {python.py:237} INFO - Done. Returned value was: None
[2024-07-25T13:25:56.684+0000] {taskinstance.py:441} INFO - ::group::Post task execution logs
[2024-07-25T13:25:56.698+0000] {taskinstance.py:1206} INFO - Marking task as SUCCESS. dag_id=motower_daily_prod, task_id=gen_congestion_task, run_id=scheduled__2024-06-24T06:00:00+00:00, execution_date=20240624T060000, start_date=20240725T132556, end_date=20240725T132556
[2024-07-25T13:25:56.759+0000] {local_task_job_runner.py:243} INFO - Task exited with return code 0
[2024-07-25T13:25:56.770+0000] {local_task_job_runner.py:222} INFO - ::endgroup::
[2024-07-25T15:07:22.572+0000] {local_task_job_runner.py:120} INFO - ::group::Pre task execution logs
[2024-07-25T15:07:22.606+0000] {taskinstance.py:2076} INFO - Dependencies all met for dep_context=non-requeueable deps ti=<TaskInstance: motower_daily_prod.gen_congestion_task scheduled__2024-06-24T06:00:00+00:00 [queued]>
[2024-07-25T15:07:22.617+0000] {taskinstance.py:2076} INFO - Dependencies all met for dep_context=requeueable deps ti=<TaskInstance: motower_daily_prod.gen_congestion_task scheduled__2024-06-24T06:00:00+00:00 [queued]>
[2024-07-25T15:07:22.617+0000] {taskinstance.py:2306} INFO - Starting attempt 1 of 1
[2024-07-25T15:07:22.633+0000] {taskinstance.py:2330} INFO - Executing <Task(PythonOperator): gen_congestion_task> on 2024-06-24 06:00:00+00:00
[2024-07-25T15:07:22.647+0000] {warnings.py:112} WARNING - /home/***/.local/lib/python3.12/site-packages/***/task/task_runner/standard_task_runner.py:62: DeprecationWarning: This process (pid=14653) is multi-threaded, use of fork() may lead to deadlocks in the child.
  pid = os.fork()

[2024-07-25T15:07:22.648+0000] {standard_task_runner.py:64} INFO - Started process 14667 to run task
[2024-07-25T15:07:22.649+0000] {standard_task_runner.py:90} INFO - Running: ['***', 'tasks', 'run', 'motower_daily_prod', 'gen_congestion_task', 'scheduled__2024-06-24T06:00:00+00:00', '--job-id', '3215', '--raw', '--subdir', 'DAGS_FOLDER/gps/custom_dags/motower_daily.py', '--cfg-path', '/tmp/tmplkou_nhy']
[2024-07-25T15:07:22.651+0000] {standard_task_runner.py:91} INFO - Job 3215: Subtask gen_congestion_task
[2024-07-25T15:07:22.706+0000] {task_command.py:426} INFO - Running <TaskInstance: motower_daily_prod.gen_congestion_task scheduled__2024-06-24T06:00:00+00:00 [running]> on host b3845fb494d4
[2024-07-25T15:07:22.816+0000] {taskinstance.py:2648} INFO - Exporting env vars: AIRFLOW_CTX_DAG_EMAIL='richmond.kongo@orange.com,assane.diop@orange.com,cyrille1.danho@orange.com,mohamed2.sylla@orange.com,amadou.diomande@orange.com,Jonas.kouame@orange.com,armand.kablan@orange.com,anicet.azombade@orange.com,etienne.kouadio@orange.com,bertine.kouakou@orange.com,florentine.kouakou@orange.com,ange.phaceli@orange.com,soulegame.soro@orange.com,innocent.yengo@orange.com' AIRFLOW_CTX_DAG_OWNER='***' AIRFLOW_CTX_DAG_ID='motower_daily_prod' AIRFLOW_CTX_TASK_ID='gen_congestion_task' AIRFLOW_CTX_EXECUTION_DATE='2024-06-24T06:00:00+00:00' AIRFLOW_CTX_TRY_NUMBER='1' AIRFLOW_CTX_DAG_RUN_ID='scheduled__2024-06-24T06:00:00+00:00'
[2024-07-25T15:07:22.817+0000] {taskinstance.py:430} INFO - ::endgroup::
[2024-07-25T15:07:22.899+0000] {python.py:237} INFO - Done. Returned value was: None
[2024-07-25T15:07:22.900+0000] {taskinstance.py:441} INFO - ::group::Post task execution logs
[2024-07-25T15:07:22.911+0000] {taskinstance.py:1206} INFO - Marking task as SUCCESS. dag_id=motower_daily_prod, task_id=gen_congestion_task, run_id=scheduled__2024-06-24T06:00:00+00:00, execution_date=20240624T060000, start_date=20240725T150722, end_date=20240725T150722
[2024-07-25T15:07:22.943+0000] {local_task_job_runner.py:243} INFO - Task exited with return code 0
[2024-07-25T15:07:22.955+0000] {local_task_job_runner.py:222} INFO - ::endgroup::
[2024-07-26T11:43:20.855+0000] {local_task_job_runner.py:120} INFO - ::group::Pre task execution logs
[2024-07-26T11:43:20.886+0000] {taskinstance.py:2076} INFO - Dependencies all met for dep_context=non-requeueable deps ti=<TaskInstance: motower_daily_prod.gen_congestion_task scheduled__2024-06-24T06:00:00+00:00 [queued]>
[2024-07-26T11:43:20.898+0000] {taskinstance.py:2076} INFO - Dependencies all met for dep_context=requeueable deps ti=<TaskInstance: motower_daily_prod.gen_congestion_task scheduled__2024-06-24T06:00:00+00:00 [queued]>
[2024-07-26T11:43:20.899+0000] {taskinstance.py:2306} INFO - Starting attempt 1 of 1
[2024-07-26T11:43:20.913+0000] {taskinstance.py:2330} INFO - Executing <Task(PythonOperator): gen_congestion_task> on 2024-06-24 06:00:00+00:00
[2024-07-26T11:43:20.926+0000] {warnings.py:112} WARNING - /home/***/.local/lib/python3.12/site-packages/***/task/task_runner/standard_task_runner.py:62: DeprecationWarning: This process (pid=2701) is multi-threaded, use of fork() may lead to deadlocks in the child.
  pid = os.fork()

[2024-07-26T11:43:20.928+0000] {standard_task_runner.py:64} INFO - Started process 2712 to run task
[2024-07-26T11:43:20.927+0000] {standard_task_runner.py:90} INFO - Running: ['***', 'tasks', 'run', 'motower_daily_prod', 'gen_congestion_task', 'scheduled__2024-06-24T06:00:00+00:00', '--job-id', '3852', '--raw', '--subdir', 'DAGS_FOLDER/gps/custom_dags/motower_daily.py', '--cfg-path', '/tmp/tmpju7c7ni1']
[2024-07-26T11:43:20.929+0000] {standard_task_runner.py:91} INFO - Job 3852: Subtask gen_congestion_task
[2024-07-26T11:43:20.979+0000] {task_command.py:426} INFO - Running <TaskInstance: motower_daily_prod.gen_congestion_task scheduled__2024-06-24T06:00:00+00:00 [running]> on host b3845fb494d4
[2024-07-26T11:43:21.086+0000] {taskinstance.py:2648} INFO - Exporting env vars: AIRFLOW_CTX_DAG_EMAIL='richmond.kongo@orange.com,assane.diop@orange.com,cyrille1.danho@orange.com,mohamed2.sylla@orange.com,amadou.diomande@orange.com,Jonas.kouame@orange.com,armand.kablan@orange.com,anicet.azombade@orange.com,etienne.kouadio@orange.com,bertine.kouakou@orange.com,florentine.kouakou@orange.com,ange.phaceli@orange.com,soulegame.soro@orange.com,innocent.yengo@orange.com' AIRFLOW_CTX_DAG_OWNER='***' AIRFLOW_CTX_DAG_ID='motower_daily_prod' AIRFLOW_CTX_TASK_ID='gen_congestion_task' AIRFLOW_CTX_EXECUTION_DATE='2024-06-24T06:00:00+00:00' AIRFLOW_CTX_TRY_NUMBER='1' AIRFLOW_CTX_DAG_RUN_ID='scheduled__2024-06-24T06:00:00+00:00'
[2024-07-26T11:43:21.087+0000] {taskinstance.py:430} INFO - ::endgroup::
[2024-07-26T11:43:21.176+0000] {python.py:237} INFO - Done. Returned value was: None
[2024-07-26T11:43:21.177+0000] {taskinstance.py:441} INFO - ::group::Post task execution logs
[2024-07-26T11:43:21.190+0000] {taskinstance.py:1206} INFO - Marking task as SUCCESS. dag_id=motower_daily_prod, task_id=gen_congestion_task, run_id=scheduled__2024-06-24T06:00:00+00:00, execution_date=20240624T060000, start_date=20240726T114320, end_date=20240726T114321
[2024-07-26T11:43:21.222+0000] {local_task_job_runner.py:243} INFO - Task exited with return code 0
[2024-07-26T11:43:21.235+0000] {local_task_job_runner.py:222} INFO - ::endgroup::
[2024-07-26T12:21:29.699+0000] {local_task_job_runner.py:120} INFO - ::group::Pre task execution logs
[2024-07-26T12:21:29.738+0000] {taskinstance.py:2076} INFO - Dependencies all met for dep_context=non-requeueable deps ti=<TaskInstance: motower_daily_prod.gen_congestion_task scheduled__2024-06-24T06:00:00+00:00 [queued]>
[2024-07-26T12:21:29.749+0000] {taskinstance.py:2076} INFO - Dependencies all met for dep_context=requeueable deps ti=<TaskInstance: motower_daily_prod.gen_congestion_task scheduled__2024-06-24T06:00:00+00:00 [queued]>
[2024-07-26T12:21:29.750+0000] {taskinstance.py:2306} INFO - Starting attempt 1 of 1
[2024-07-26T12:21:29.764+0000] {taskinstance.py:2330} INFO - Executing <Task(PythonOperator): gen_congestion_task> on 2024-06-24 06:00:00+00:00
[2024-07-26T12:21:29.779+0000] {warnings.py:112} WARNING - /home/***/.local/lib/python3.12/site-packages/***/task/task_runner/standard_task_runner.py:62: DeprecationWarning: This process (pid=1065) is multi-threaded, use of fork() may lead to deadlocks in the child.
  pid = os.fork()

[2024-07-26T12:21:29.782+0000] {standard_task_runner.py:64} INFO - Started process 1077 to run task
[2024-07-26T12:21:29.782+0000] {standard_task_runner.py:90} INFO - Running: ['***', 'tasks', 'run', 'motower_daily_prod', 'gen_congestion_task', 'scheduled__2024-06-24T06:00:00+00:00', '--job-id', '315', '--raw', '--subdir', 'DAGS_FOLDER/gps/custom_dags/motower_daily.py', '--cfg-path', '/tmp/tmpz8hp40vo']
[2024-07-26T12:21:29.785+0000] {standard_task_runner.py:91} INFO - Job 315: Subtask gen_congestion_task
[2024-07-26T12:21:29.843+0000] {task_command.py:426} INFO - Running <TaskInstance: motower_daily_prod.gen_congestion_task scheduled__2024-06-24T06:00:00+00:00 [running]> on host 88c2b04746a4
[2024-07-26T12:21:29.985+0000] {taskinstance.py:2648} INFO - Exporting env vars: AIRFLOW_CTX_DAG_EMAIL='richmond.kongo@orange.com,assane.diop@orange.com,cyrille1.danho@orange.com,mohamed2.sylla@orange.com,amadou.diomande@orange.com,Jonas.kouame@orange.com,armand.kablan@orange.com,anicet.azombade@orange.com,etienne.kouadio@orange.com,bertine.kouakou@orange.com,florentine.kouakou@orange.com,ange.phaceli@orange.com,soulegame.soro@orange.com,innocent.yengo@orange.com' AIRFLOW_CTX_DAG_OWNER='***' AIRFLOW_CTX_DAG_ID='motower_daily_prod' AIRFLOW_CTX_TASK_ID='gen_congestion_task' AIRFLOW_CTX_EXECUTION_DATE='2024-06-24T06:00:00+00:00' AIRFLOW_CTX_TRY_NUMBER='1' AIRFLOW_CTX_DAG_RUN_ID='scheduled__2024-06-24T06:00:00+00:00'
[2024-07-26T12:21:29.987+0000] {taskinstance.py:430} INFO - ::endgroup::
[2024-07-26T12:21:30.083+0000] {python.py:237} INFO - Done. Returned value was: None
[2024-07-26T12:21:30.084+0000] {taskinstance.py:441} INFO - ::group::Post task execution logs
[2024-07-26T12:21:30.098+0000] {taskinstance.py:1206} INFO - Marking task as SUCCESS. dag_id=motower_daily_prod, task_id=gen_congestion_task, run_id=scheduled__2024-06-24T06:00:00+00:00, execution_date=20240624T060000, start_date=20240726T122129, end_date=20240726T122130
[2024-07-26T12:21:30.163+0000] {local_task_job_runner.py:243} INFO - Task exited with return code 0
[2024-07-26T12:21:30.180+0000] {local_task_job_runner.py:222} INFO - ::endgroup::
[2024-07-26T12:24:48.480+0000] {local_task_job_runner.py:120} INFO - ::group::Pre task execution logs
[2024-07-26T12:24:48.765+0000] {taskinstance.py:2076} INFO - Dependencies all met for dep_context=non-requeueable deps ti=<TaskInstance: motower_daily_prod.gen_congestion_task scheduled__2024-06-24T06:00:00+00:00 [queued]>
[2024-07-26T12:24:48.778+0000] {taskinstance.py:2076} INFO - Dependencies all met for dep_context=requeueable deps ti=<TaskInstance: motower_daily_prod.gen_congestion_task scheduled__2024-06-24T06:00:00+00:00 [queued]>
[2024-07-26T12:24:48.778+0000] {taskinstance.py:2306} INFO - Starting attempt 1 of 1
[2024-07-26T12:24:48.796+0000] {taskinstance.py:2330} INFO - Executing <Task(PythonOperator): gen_congestion_task> on 2024-06-24 06:00:00+00:00
[2024-07-26T12:24:48.808+0000] {warnings.py:112} WARNING - /home/***/.local/lib/python3.12/site-packages/***/task/task_runner/standard_task_runner.py:62: DeprecationWarning: This process (pid=1911) is multi-threaded, use of fork() may lead to deadlocks in the child.
  pid = os.fork()

[2024-07-26T12:24:48.810+0000] {standard_task_runner.py:64} INFO - Started process 1922 to run task
[2024-07-26T12:24:48.810+0000] {standard_task_runner.py:90} INFO - Running: ['***', 'tasks', 'run', 'motower_daily_prod', 'gen_congestion_task', 'scheduled__2024-06-24T06:00:00+00:00', '--job-id', '582', '--raw', '--subdir', 'DAGS_FOLDER/gps/custom_dags/motower_daily.py', '--cfg-path', '/tmp/tmpbcjsxyi7']
[2024-07-26T12:24:48.813+0000] {standard_task_runner.py:91} INFO - Job 582: Subtask gen_congestion_task
[2024-07-26T12:24:48.885+0000] {task_command.py:426} INFO - Running <TaskInstance: motower_daily_prod.gen_congestion_task scheduled__2024-06-24T06:00:00+00:00 [running]> on host 88c2b04746a4
[2024-07-26T12:24:49.046+0000] {taskinstance.py:2648} INFO - Exporting env vars: AIRFLOW_CTX_DAG_EMAIL='richmond.kongo@orange.com,assane.diop@orange.com,cyrille1.danho@orange.com,mohamed2.sylla@orange.com,amadou.diomande@orange.com,Jonas.kouame@orange.com,armand.kablan@orange.com,anicet.azombade@orange.com,etienne.kouadio@orange.com,bertine.kouakou@orange.com,florentine.kouakou@orange.com,ange.phaceli@orange.com,soulegame.soro@orange.com,innocent.yengo@orange.com' AIRFLOW_CTX_DAG_OWNER='***' AIRFLOW_CTX_DAG_ID='motower_daily_prod' AIRFLOW_CTX_TASK_ID='gen_congestion_task' AIRFLOW_CTX_EXECUTION_DATE='2024-06-24T06:00:00+00:00' AIRFLOW_CTX_TRY_NUMBER='1' AIRFLOW_CTX_DAG_RUN_ID='scheduled__2024-06-24T06:00:00+00:00'
[2024-07-26T12:24:49.048+0000] {taskinstance.py:430} INFO - ::endgroup::
[2024-07-26T12:24:49.176+0000] {python.py:237} INFO - Done. Returned value was: None
[2024-07-26T12:24:49.177+0000] {taskinstance.py:441} INFO - ::group::Post task execution logs
[2024-07-26T12:24:49.193+0000] {taskinstance.py:1206} INFO - Marking task as SUCCESS. dag_id=motower_daily_prod, task_id=gen_congestion_task, run_id=scheduled__2024-06-24T06:00:00+00:00, execution_date=20240624T060000, start_date=20240726T122448, end_date=20240726T122449
[2024-07-26T12:24:49.227+0000] {local_task_job_runner.py:243} INFO - Task exited with return code 0
[2024-07-26T12:24:49.239+0000] {local_task_job_runner.py:222} INFO - ::endgroup::
[2024-07-26T12:30:30.314+0000] {local_task_job_runner.py:120} INFO - ::group::Pre task execution logs
[2024-07-26T12:30:30.355+0000] {taskinstance.py:2076} INFO - Dependencies all met for dep_context=non-requeueable deps ti=<TaskInstance: motower_daily_prod.gen_congestion_task scheduled__2024-06-24T06:00:00+00:00 [queued]>
[2024-07-26T12:30:30.368+0000] {taskinstance.py:2076} INFO - Dependencies all met for dep_context=requeueable deps ti=<TaskInstance: motower_daily_prod.gen_congestion_task scheduled__2024-06-24T06:00:00+00:00 [queued]>
[2024-07-26T12:30:30.369+0000] {taskinstance.py:2306} INFO - Starting attempt 1 of 1
[2024-07-26T12:30:30.388+0000] {taskinstance.py:2330} INFO - Executing <Task(PythonOperator): gen_congestion_task> on 2024-06-24 06:00:00+00:00
[2024-07-26T12:30:30.407+0000] {warnings.py:112} WARNING - /home/***/.local/lib/python3.12/site-packages/***/task/task_runner/standard_task_runner.py:62: DeprecationWarning: This process (pid=2871) is multi-threaded, use of fork() may lead to deadlocks in the child.
  pid = os.fork()

[2024-07-26T12:30:30.409+0000] {standard_task_runner.py:64} INFO - Started process 2886 to run task
[2024-07-26T12:30:30.410+0000] {standard_task_runner.py:90} INFO - Running: ['***', 'tasks', 'run', 'motower_daily_prod', 'gen_congestion_task', 'scheduled__2024-06-24T06:00:00+00:00', '--job-id', '880', '--raw', '--subdir', 'DAGS_FOLDER/gps/custom_dags/motower_daily.py', '--cfg-path', '/tmp/tmporpnucxf']
[2024-07-26T12:30:30.413+0000] {standard_task_runner.py:91} INFO - Job 880: Subtask gen_congestion_task
[2024-07-26T12:30:30.477+0000] {task_command.py:426} INFO - Running <TaskInstance: motower_daily_prod.gen_congestion_task scheduled__2024-06-24T06:00:00+00:00 [running]> on host 88c2b04746a4
[2024-07-26T12:30:30.612+0000] {taskinstance.py:2648} INFO - Exporting env vars: AIRFLOW_CTX_DAG_EMAIL='richmond.kongo@orange.com,assane.diop@orange.com,cyrille1.danho@orange.com,mohamed2.sylla@orange.com,amadou.diomande@orange.com,Jonas.kouame@orange.com,armand.kablan@orange.com,anicet.azombade@orange.com,etienne.kouadio@orange.com,bertine.kouakou@orange.com,florentine.kouakou@orange.com,ange.phaceli@orange.com,soulegame.soro@orange.com,innocent.yengo@orange.com' AIRFLOW_CTX_DAG_OWNER='***' AIRFLOW_CTX_DAG_ID='motower_daily_prod' AIRFLOW_CTX_TASK_ID='gen_congestion_task' AIRFLOW_CTX_EXECUTION_DATE='2024-06-24T06:00:00+00:00' AIRFLOW_CTX_TRY_NUMBER='1' AIRFLOW_CTX_DAG_RUN_ID='scheduled__2024-06-24T06:00:00+00:00'
[2024-07-26T12:30:30.613+0000] {taskinstance.py:430} INFO - ::endgroup::
[2024-07-26T12:30:30.708+0000] {python.py:237} INFO - Done. Returned value was: None
[2024-07-26T12:30:30.708+0000] {taskinstance.py:441} INFO - ::group::Post task execution logs
[2024-07-26T12:30:30.719+0000] {taskinstance.py:1206} INFO - Marking task as SUCCESS. dag_id=motower_daily_prod, task_id=gen_congestion_task, run_id=scheduled__2024-06-24T06:00:00+00:00, execution_date=20240624T060000, start_date=20240726T123030, end_date=20240726T123030
[2024-07-26T12:30:30.749+0000] {local_task_job_runner.py:243} INFO - Task exited with return code 0
[2024-07-26T12:30:30.775+0000] {taskinstance.py:3503} INFO - 0 downstream tasks scheduled from follow-on schedule check
[2024-07-26T12:30:30.777+0000] {local_task_job_runner.py:222} INFO - ::endgroup::
[2024-07-29T11:59:54.922+0000] {local_task_job_runner.py:120} INFO - ::group::Pre task execution logs
[2024-07-29T11:59:54.961+0000] {taskinstance.py:2076} INFO - Dependencies all met for dep_context=non-requeueable deps ti=<TaskInstance: motower_daily_prod.gen_congestion_task scheduled__2024-06-24T06:00:00+00:00 [queued]>
[2024-07-29T11:59:54.972+0000] {taskinstance.py:2076} INFO - Dependencies all met for dep_context=requeueable deps ti=<TaskInstance: motower_daily_prod.gen_congestion_task scheduled__2024-06-24T06:00:00+00:00 [queued]>
[2024-07-29T11:59:54.973+0000] {taskinstance.py:2306} INFO - Starting attempt 1 of 1
[2024-07-29T11:59:54.986+0000] {taskinstance.py:2330} INFO - Executing <Task(PythonOperator): gen_congestion_task> on 2024-06-24 06:00:00+00:00
[2024-07-29T11:59:54.998+0000] {warnings.py:112} WARNING - /home/***/.local/lib/python3.12/site-packages/***/task/task_runner/standard_task_runner.py:62: DeprecationWarning: This process (pid=3301) is multi-threaded, use of fork() may lead to deadlocks in the child.
  pid = os.fork()

[2024-07-29T11:59:54.999+0000] {standard_task_runner.py:64} INFO - Started process 3316 to run task
[2024-07-29T11:59:54.999+0000] {standard_task_runner.py:90} INFO - Running: ['***', 'tasks', 'run', 'motower_daily_prod', 'gen_congestion_task', 'scheduled__2024-06-24T06:00:00+00:00', '--job-id', '902', '--raw', '--subdir', 'DAGS_FOLDER/gps/custom_dags/motower_daily.py', '--cfg-path', '/tmp/tmpt8kfm_yl']
[2024-07-29T11:59:55.001+0000] {standard_task_runner.py:91} INFO - Job 902: Subtask gen_congestion_task
[2024-07-29T11:59:55.050+0000] {task_command.py:426} INFO - Running <TaskInstance: motower_daily_prod.gen_congestion_task scheduled__2024-06-24T06:00:00+00:00 [running]> on host e824106b656d
[2024-07-29T11:59:55.161+0000] {taskinstance.py:2648} INFO - Exporting env vars: AIRFLOW_CTX_DAG_EMAIL='richmond.kongo@orange.com,assane.diop@orange.com,cyrille1.danho@orange.com,mohamed2.sylla@orange.com,amadou.diomande@orange.com,Jonas.kouame@orange.com,armand.kablan@orange.com,anicet.azombade@orange.com,etienne.kouadio@orange.com,bertine.kouakou@orange.com,florentine.kouakou@orange.com,ange.phaceli@orange.com,soulegame.soro@orange.com,innocent.yengo@orange.com' AIRFLOW_CTX_DAG_OWNER='***' AIRFLOW_CTX_DAG_ID='motower_daily_prod' AIRFLOW_CTX_TASK_ID='gen_congestion_task' AIRFLOW_CTX_EXECUTION_DATE='2024-06-24T06:00:00+00:00' AIRFLOW_CTX_TRY_NUMBER='1' AIRFLOW_CTX_DAG_RUN_ID='scheduled__2024-06-24T06:00:00+00:00'
[2024-07-29T11:59:55.162+0000] {taskinstance.py:430} INFO - ::endgroup::
[2024-07-29T11:59:55.251+0000] {python.py:237} INFO - Done. Returned value was: None
[2024-07-29T11:59:55.252+0000] {taskinstance.py:441} INFO - ::group::Post task execution logs
[2024-07-29T11:59:55.262+0000] {taskinstance.py:1206} INFO - Marking task as SUCCESS. dag_id=motower_daily_prod, task_id=gen_congestion_task, run_id=scheduled__2024-06-24T06:00:00+00:00, execution_date=20240624T060000, start_date=20240729T115954, end_date=20240729T115955
[2024-07-29T11:59:55.305+0000] {local_task_job_runner.py:243} INFO - Task exited with return code 0
[2024-07-29T11:59:55.330+0000] {taskinstance.py:3503} INFO - 0 downstream tasks scheduled from follow-on schedule check
[2024-07-29T11:59:55.331+0000] {local_task_job_runner.py:222} INFO - ::endgroup::
[2024-07-29T14:32:56.203+0000] {local_task_job_runner.py:120} INFO - ::group::Pre task execution logs
[2024-07-29T14:32:56.226+0000] {taskinstance.py:2076} INFO - Dependencies all met for dep_context=non-requeueable deps ti=<TaskInstance: motower_daily_prod.gen_congestion_task scheduled__2024-06-24T06:00:00+00:00 [queued]>
[2024-07-29T14:32:56.234+0000] {taskinstance.py:2076} INFO - Dependencies all met for dep_context=requeueable deps ti=<TaskInstance: motower_daily_prod.gen_congestion_task scheduled__2024-06-24T06:00:00+00:00 [queued]>
[2024-07-29T14:32:56.235+0000] {taskinstance.py:2306} INFO - Starting attempt 1 of 1
[2024-07-29T14:32:56.244+0000] {taskinstance.py:2330} INFO - Executing <Task(PythonOperator): gen_congestion_task> on 2024-06-24 06:00:00+00:00
[2024-07-29T14:32:56.252+0000] {warnings.py:112} WARNING - /home/***/.local/lib/python3.12/site-packages/***/task/task_runner/standard_task_runner.py:62: DeprecationWarning: This process (pid=1294) is multi-threaded, use of fork() may lead to deadlocks in the child.
  pid = os.fork()

[2024-07-29T14:32:56.254+0000] {standard_task_runner.py:64} INFO - Started process 1300 to run task
[2024-07-29T14:32:56.254+0000] {standard_task_runner.py:90} INFO - Running: ['***', 'tasks', 'run', 'motower_daily_prod', 'gen_congestion_task', 'scheduled__2024-06-24T06:00:00+00:00', '--job-id', '1289', '--raw', '--subdir', 'DAGS_FOLDER/gps/custom_dags/motower_daily.py', '--cfg-path', '/tmp/tmpv7u0k_z8']
[2024-07-29T14:32:56.256+0000] {standard_task_runner.py:91} INFO - Job 1289: Subtask gen_congestion_task
[2024-07-29T14:32:56.294+0000] {task_command.py:426} INFO - Running <TaskInstance: motower_daily_prod.gen_congestion_task scheduled__2024-06-24T06:00:00+00:00 [running]> on host e824106b656d
[2024-07-29T14:32:56.374+0000] {taskinstance.py:2648} INFO - Exporting env vars: AIRFLOW_CTX_DAG_EMAIL='richmond.kongo@orange.com,assane.diop@orange.com,cyrille1.danho@orange.com,mohamed2.sylla@orange.com,amadou.diomande@orange.com,Jonas.kouame@orange.com,armand.kablan@orange.com,anicet.azombade@orange.com,etienne.kouadio@orange.com,bertine.kouakou@orange.com,florentine.kouakou@orange.com,ange.phaceli@orange.com,soulegame.soro@orange.com,innocent.yengo@orange.com' AIRFLOW_CTX_DAG_OWNER='***' AIRFLOW_CTX_DAG_ID='motower_daily_prod' AIRFLOW_CTX_TASK_ID='gen_congestion_task' AIRFLOW_CTX_EXECUTION_DATE='2024-06-24T06:00:00+00:00' AIRFLOW_CTX_TRY_NUMBER='1' AIRFLOW_CTX_DAG_RUN_ID='scheduled__2024-06-24T06:00:00+00:00'
[2024-07-29T14:32:56.375+0000] {taskinstance.py:430} INFO - ::endgroup::
[2024-07-29T14:32:56.437+0000] {python.py:237} INFO - Done. Returned value was: None
[2024-07-29T14:32:56.437+0000] {taskinstance.py:441} INFO - ::group::Post task execution logs
[2024-07-29T14:32:56.447+0000] {taskinstance.py:1206} INFO - Marking task as SUCCESS. dag_id=motower_daily_prod, task_id=gen_congestion_task, run_id=scheduled__2024-06-24T06:00:00+00:00, execution_date=20240624T060000, start_date=20240729T143256, end_date=20240729T143256
[2024-07-29T14:32:56.467+0000] {local_task_job_runner.py:243} INFO - Task exited with return code 0
[2024-07-29T14:32:56.484+0000] {taskinstance.py:3503} INFO - 0 downstream tasks scheduled from follow-on schedule check
[2024-07-29T14:32:56.486+0000] {local_task_job_runner.py:222} INFO - ::endgroup::
