[2024-08-06T17:11:28.320+0000] {local_task_job_runner.py:120} INFO - ::group::Pre task execution logs
[2024-08-06T17:11:28.415+0000] {taskinstance.py:2076} INFO - Dependencies all met for dep_context=non-requeueable deps ti=<TaskInstance: motower_daily_prod.extract_trafic scheduled__2024-04-24T06:00:00+00:00 [queued]>
[2024-08-06T17:11:28.447+0000] {taskinstance.py:2076} INFO - Dependencies all met for dep_context=requeueable deps ti=<TaskInstance: motower_daily_prod.extract_trafic scheduled__2024-04-24T06:00:00+00:00 [queued]>
[2024-08-06T17:11:28.447+0000] {taskinstance.py:2306} INFO - Starting attempt 1 of 1
[2024-08-06T17:11:28.494+0000] {taskinstance.py:2330} INFO - Executing <Task(PythonOperator): extract_trafic> on 2024-04-24 06:00:00+00:00
[2024-08-06T17:11:28.526+0000] {warnings.py:112} WARNING - /home/***/.local/lib/python3.12/site-packages/***/task/task_runner/standard_task_runner.py:62: DeprecationWarning: This process (pid=4246) is multi-threaded, use of fork() may lead to deadlocks in the child.
  pid = os.fork()

[2024-08-06T17:11:28.529+0000] {standard_task_runner.py:64} INFO - Started process 4255 to run task
[2024-08-06T17:11:28.537+0000] {standard_task_runner.py:90} INFO - Running: ['***', 'tasks', 'run', 'motower_daily_prod', 'extract_trafic', 'scheduled__2024-04-24T06:00:00+00:00', '--job-id', '1065', '--raw', '--subdir', 'DAGS_FOLDER/gps/custom_dags/motower_daily.py', '--cfg-path', '/tmp/tmphyoxxiil']
[2024-08-06T17:11:28.543+0000] {standard_task_runner.py:91} INFO - Job 1065: Subtask extract_trafic
[2024-08-06T17:11:28.640+0000] {task_command.py:426} INFO - Running <TaskInstance: motower_daily_prod.extract_trafic scheduled__2024-04-24T06:00:00+00:00 [running]> on host 13681191f11c
[2024-08-06T17:11:28.827+0000] {taskinstance.py:2648} INFO - Exporting env vars: AIRFLOW_CTX_DAG_EMAIL='richmond.kongo@orange.com,assane.diop@orange.com,cyrille1.danho@orange.com,mohamed2.sylla@orange.com,amadou.diomande@orange.com,Jonas.kouame@orange.com,armand.kablan@orange.com,anicet.azombade@orange.com,etienne.kouadio@orange.com,bertine.kouakou@orange.com,florentine.kouakou@orange.com,ange.phaceli@orange.com,soulegame.soro@orange.com,innocent.yengo@orange.com' AIRFLOW_CTX_DAG_OWNER='***' AIRFLOW_CTX_DAG_ID='motower_daily_prod' AIRFLOW_CTX_TASK_ID='extract_trafic' AIRFLOW_CTX_EXECUTION_DATE='2024-04-24T06:00:00+00:00' AIRFLOW_CTX_TRY_NUMBER='1' AIRFLOW_CTX_DAG_RUN_ID='scheduled__2024-04-24T06:00:00+00:00'
[2024-08-06T17:11:28.829+0000] {taskinstance.py:430} INFO - ::endgroup::
[2024-08-06T17:11:28.861+0000] {extract.py:126} INFO - Getting data of the table ks_daily_tdb_radio_drsi 
[2024-08-06T17:11:28.862+0000] {extract.py:127} INFO - where date is 2024-04-23
[2024-08-06T17:11:28.863+0000] {extract.py:102} INFO - get data to date 2024-04-23
[2024-08-06T17:11:28.874+0000] {warnings.py:112} WARNING - /opt/***/dags/gps/common/extract.py:103: UserWarning: pandas only supports SQLAlchemy connectable (engine/connection) or database string URI or sqlite3 DBAPI2 connection. Other DBAPI2 objects are not tested. Please consider using SQLAlchemy.
  df_ = pd.read_sql_query(sql_query, conn, params=params)

[2024-08-06T17:11:29.142+0000] {rwminio.py:19} INFO - start to save data
[2024-08-06T17:11:29.300+0000] {rwminio.py:34} INFO - data in minio ok
[2024-08-06T17:11:29.304+0000] {python.py:237} INFO - Done. Returned value was: None
[2024-08-06T17:11:29.305+0000] {taskinstance.py:441} INFO - ::group::Post task execution logs
[2024-08-06T17:11:29.319+0000] {taskinstance.py:1206} INFO - Marking task as SUCCESS. dag_id=motower_daily_prod, task_id=extract_trafic, run_id=scheduled__2024-04-24T06:00:00+00:00, execution_date=20240424T060000, start_date=20240806T171128, end_date=20240806T171129
[2024-08-06T17:11:29.354+0000] {local_task_job_runner.py:243} INFO - Task exited with return code 0
[2024-08-06T17:11:29.369+0000] {local_task_job_runner.py:222} INFO - ::endgroup::
[2024-08-06T17:22:10.018+0000] {local_task_job_runner.py:120} INFO - ::group::Pre task execution logs
[2024-08-06T17:22:10.118+0000] {taskinstance.py:2076} INFO - Dependencies all met for dep_context=non-requeueable deps ti=<TaskInstance: motower_daily_prod.extract_trafic scheduled__2024-04-24T06:00:00+00:00 [queued]>
[2024-08-06T17:22:10.148+0000] {taskinstance.py:2076} INFO - Dependencies all met for dep_context=requeueable deps ti=<TaskInstance: motower_daily_prod.extract_trafic scheduled__2024-04-24T06:00:00+00:00 [queued]>
[2024-08-06T17:22:10.149+0000] {taskinstance.py:2306} INFO - Starting attempt 1 of 1
[2024-08-06T17:22:10.202+0000] {taskinstance.py:2330} INFO - Executing <Task(PythonOperator): extract_trafic> on 2024-04-24 06:00:00+00:00
[2024-08-06T17:22:10.218+0000] {warnings.py:112} WARNING - /home/***/.local/lib/python3.12/site-packages/***/task/task_runner/standard_task_runner.py:62: DeprecationWarning: This process (pid=4794) is multi-threaded, use of fork() may lead to deadlocks in the child.
  pid = os.fork()

[2024-08-06T17:22:10.220+0000] {standard_task_runner.py:64} INFO - Started process 4806 to run task
[2024-08-06T17:22:10.221+0000] {standard_task_runner.py:90} INFO - Running: ['***', 'tasks', 'run', 'motower_daily_prod', 'extract_trafic', 'scheduled__2024-04-24T06:00:00+00:00', '--job-id', '1202', '--raw', '--subdir', 'DAGS_FOLDER/gps/custom_dags/motower_daily.py', '--cfg-path', '/tmp/tmpu4bthuka']
[2024-08-06T17:22:10.227+0000] {standard_task_runner.py:91} INFO - Job 1202: Subtask extract_trafic
[2024-08-06T17:22:10.311+0000] {task_command.py:426} INFO - Running <TaskInstance: motower_daily_prod.extract_trafic scheduled__2024-04-24T06:00:00+00:00 [running]> on host 13681191f11c
[2024-08-06T17:22:10.519+0000] {taskinstance.py:2648} INFO - Exporting env vars: AIRFLOW_CTX_DAG_EMAIL='richmond.kongo@orange.com,assane.diop@orange.com,cyrille1.danho@orange.com,mohamed2.sylla@orange.com,amadou.diomande@orange.com,Jonas.kouame@orange.com,armand.kablan@orange.com,anicet.azombade@orange.com,etienne.kouadio@orange.com,bertine.kouakou@orange.com,florentine.kouakou@orange.com,ange.phaceli@orange.com,soulegame.soro@orange.com,innocent.yengo@orange.com' AIRFLOW_CTX_DAG_OWNER='***' AIRFLOW_CTX_DAG_ID='motower_daily_prod' AIRFLOW_CTX_TASK_ID='extract_trafic' AIRFLOW_CTX_EXECUTION_DATE='2024-04-24T06:00:00+00:00' AIRFLOW_CTX_TRY_NUMBER='1' AIRFLOW_CTX_DAG_RUN_ID='scheduled__2024-04-24T06:00:00+00:00'
[2024-08-06T17:22:10.521+0000] {taskinstance.py:430} INFO - ::endgroup::
[2024-08-06T17:22:10.575+0000] {extract.py:126} INFO - Getting data of the table ks_daily_tdb_radio_drsi 
[2024-08-06T17:22:10.576+0000] {extract.py:127} INFO - where date is 2024-04-23
[2024-08-06T17:22:10.577+0000] {extract.py:102} INFO - get data to date 2024-04-23
[2024-08-06T17:22:10.587+0000] {warnings.py:112} WARNING - /opt/***/dags/gps/common/extract.py:103: UserWarning: pandas only supports SQLAlchemy connectable (engine/connection) or database string URI or sqlite3 DBAPI2 connection. Other DBAPI2 objects are not tested. Please consider using SQLAlchemy.
  df_ = pd.read_sql_query(sql_query, conn, params=params)

[2024-08-06T17:22:11.079+0000] {rwminio.py:19} INFO - start to save data
[2024-08-06T17:22:11.288+0000] {rwminio.py:34} INFO - data in minio ok
[2024-08-06T17:22:11.295+0000] {python.py:237} INFO - Done. Returned value was: None
[2024-08-06T17:22:11.295+0000] {taskinstance.py:441} INFO - ::group::Post task execution logs
[2024-08-06T17:22:11.312+0000] {taskinstance.py:1206} INFO - Marking task as SUCCESS. dag_id=motower_daily_prod, task_id=extract_trafic, run_id=scheduled__2024-04-24T06:00:00+00:00, execution_date=20240424T060000, start_date=20240806T172210, end_date=20240806T172211
[2024-08-06T17:22:11.376+0000] {local_task_job_runner.py:243} INFO - Task exited with return code 0
[2024-08-06T17:22:11.396+0000] {local_task_job_runner.py:222} INFO - ::endgroup::
[2024-08-06T17:23:00.374+0000] {local_task_job_runner.py:120} INFO - ::group::Pre task execution logs
[2024-08-06T17:23:00.448+0000] {taskinstance.py:2076} INFO - Dependencies all met for dep_context=non-requeueable deps ti=<TaskInstance: motower_daily_prod.extract_trafic scheduled__2024-04-24T06:00:00+00:00 [queued]>
[2024-08-06T17:23:00.480+0000] {taskinstance.py:2076} INFO - Dependencies all met for dep_context=requeueable deps ti=<TaskInstance: motower_daily_prod.extract_trafic scheduled__2024-04-24T06:00:00+00:00 [queued]>
[2024-08-06T17:23:00.483+0000] {taskinstance.py:2306} INFO - Starting attempt 1 of 1
[2024-08-06T17:23:00.552+0000] {taskinstance.py:2330} INFO - Executing <Task(PythonOperator): extract_trafic> on 2024-04-24 06:00:00+00:00
[2024-08-06T17:23:00.568+0000] {warnings.py:112} WARNING - /home/***/.local/lib/python3.12/site-packages/***/task/task_runner/standard_task_runner.py:62: DeprecationWarning: This process (pid=4977) is multi-threaded, use of fork() may lead to deadlocks in the child.
  pid = os.fork()

[2024-08-06T17:23:00.570+0000] {standard_task_runner.py:64} INFO - Started process 4991 to run task
[2024-08-06T17:23:00.577+0000] {standard_task_runner.py:90} INFO - Running: ['***', 'tasks', 'run', 'motower_daily_prod', 'extract_trafic', 'scheduled__2024-04-24T06:00:00+00:00', '--job-id', '1259', '--raw', '--subdir', 'DAGS_FOLDER/gps/custom_dags/motower_daily.py', '--cfg-path', '/tmp/tmpc88dz5r0']
[2024-08-06T17:23:00.581+0000] {standard_task_runner.py:91} INFO - Job 1259: Subtask extract_trafic
[2024-08-06T17:23:00.708+0000] {task_command.py:426} INFO - Running <TaskInstance: motower_daily_prod.extract_trafic scheduled__2024-04-24T06:00:00+00:00 [running]> on host 13681191f11c
[2024-08-06T17:23:00.964+0000] {taskinstance.py:2648} INFO - Exporting env vars: AIRFLOW_CTX_DAG_EMAIL='richmond.kongo@orange.com,assane.diop@orange.com,cyrille1.danho@orange.com,mohamed2.sylla@orange.com,amadou.diomande@orange.com,Jonas.kouame@orange.com,armand.kablan@orange.com,anicet.azombade@orange.com,etienne.kouadio@orange.com,bertine.kouakou@orange.com,florentine.kouakou@orange.com,ange.phaceli@orange.com,soulegame.soro@orange.com,innocent.yengo@orange.com' AIRFLOW_CTX_DAG_OWNER='***' AIRFLOW_CTX_DAG_ID='motower_daily_prod' AIRFLOW_CTX_TASK_ID='extract_trafic' AIRFLOW_CTX_EXECUTION_DATE='2024-04-24T06:00:00+00:00' AIRFLOW_CTX_TRY_NUMBER='1' AIRFLOW_CTX_DAG_RUN_ID='scheduled__2024-04-24T06:00:00+00:00'
[2024-08-06T17:23:00.966+0000] {taskinstance.py:430} INFO - ::endgroup::
[2024-08-06T17:23:01.019+0000] {extract.py:126} INFO - Getting data of the table ks_daily_tdb_radio_drsi 
[2024-08-06T17:23:01.019+0000] {extract.py:127} INFO - where date is 2024-04-23
[2024-08-06T17:23:01.020+0000] {extract.py:102} INFO - get data to date 2024-04-23
[2024-08-06T17:23:01.031+0000] {warnings.py:112} WARNING - /opt/***/dags/gps/common/extract.py:103: UserWarning: pandas only supports SQLAlchemy connectable (engine/connection) or database string URI or sqlite3 DBAPI2 connection. Other DBAPI2 objects are not tested. Please consider using SQLAlchemy.
  df_ = pd.read_sql_query(sql_query, conn, params=params)

[2024-08-06T17:23:01.432+0000] {rwminio.py:19} INFO - start to save data
[2024-08-06T17:23:01.776+0000] {rwminio.py:34} INFO - data in minio ok
[2024-08-06T17:23:01.784+0000] {python.py:237} INFO - Done. Returned value was: None
[2024-08-06T17:23:01.785+0000] {taskinstance.py:441} INFO - ::group::Post task execution logs
[2024-08-06T17:23:01.805+0000] {taskinstance.py:1206} INFO - Marking task as SUCCESS. dag_id=motower_daily_prod, task_id=extract_trafic, run_id=scheduled__2024-04-24T06:00:00+00:00, execution_date=20240424T060000, start_date=20240806T172300, end_date=20240806T172301
[2024-08-06T17:23:01.879+0000] {local_task_job_runner.py:243} INFO - Task exited with return code 0
[2024-08-06T17:23:01.900+0000] {local_task_job_runner.py:222} INFO - ::endgroup::
[2024-08-06T17:24:20.132+0000] {local_task_job_runner.py:120} INFO - ::group::Pre task execution logs
[2024-08-06T17:24:20.194+0000] {taskinstance.py:2076} INFO - Dependencies all met for dep_context=non-requeueable deps ti=<TaskInstance: motower_daily_prod.extract_trafic scheduled__2024-04-24T06:00:00+00:00 [queued]>
[2024-08-06T17:24:20.219+0000] {taskinstance.py:2076} INFO - Dependencies all met for dep_context=requeueable deps ti=<TaskInstance: motower_daily_prod.extract_trafic scheduled__2024-04-24T06:00:00+00:00 [queued]>
[2024-08-06T17:24:20.220+0000] {taskinstance.py:2306} INFO - Starting attempt 1 of 1
[2024-08-06T17:24:20.245+0000] {taskinstance.py:2330} INFO - Executing <Task(PythonOperator): extract_trafic> on 2024-04-24 06:00:00+00:00
[2024-08-06T17:24:20.255+0000] {warnings.py:112} WARNING - /home/***/.local/lib/python3.12/site-packages/***/task/task_runner/standard_task_runner.py:62: DeprecationWarning: This process (pid=5146) is multi-threaded, use of fork() may lead to deadlocks in the child.
  pid = os.fork()

[2024-08-06T17:24:20.257+0000] {standard_task_runner.py:64} INFO - Started process 5159 to run task
[2024-08-06T17:24:20.258+0000] {standard_task_runner.py:90} INFO - Running: ['***', 'tasks', 'run', 'motower_daily_prod', 'extract_trafic', 'scheduled__2024-04-24T06:00:00+00:00', '--job-id', '1313', '--raw', '--subdir', 'DAGS_FOLDER/gps/custom_dags/motower_daily.py', '--cfg-path', '/tmp/tmpc3r9efdx']
[2024-08-06T17:24:20.262+0000] {standard_task_runner.py:91} INFO - Job 1313: Subtask extract_trafic
[2024-08-06T17:24:20.335+0000] {task_command.py:426} INFO - Running <TaskInstance: motower_daily_prod.extract_trafic scheduled__2024-04-24T06:00:00+00:00 [running]> on host 13681191f11c
[2024-08-06T17:24:20.516+0000] {taskinstance.py:2648} INFO - Exporting env vars: AIRFLOW_CTX_DAG_EMAIL='richmond.kongo@orange.com,assane.diop@orange.com,cyrille1.danho@orange.com,mohamed2.sylla@orange.com,amadou.diomande@orange.com,Jonas.kouame@orange.com,armand.kablan@orange.com,anicet.azombade@orange.com,etienne.kouadio@orange.com,bertine.kouakou@orange.com,florentine.kouakou@orange.com,ange.phaceli@orange.com,soulegame.soro@orange.com,innocent.yengo@orange.com' AIRFLOW_CTX_DAG_OWNER='***' AIRFLOW_CTX_DAG_ID='motower_daily_prod' AIRFLOW_CTX_TASK_ID='extract_trafic' AIRFLOW_CTX_EXECUTION_DATE='2024-04-24T06:00:00+00:00' AIRFLOW_CTX_TRY_NUMBER='1' AIRFLOW_CTX_DAG_RUN_ID='scheduled__2024-04-24T06:00:00+00:00'
[2024-08-06T17:24:20.518+0000] {taskinstance.py:430} INFO - ::endgroup::
[2024-08-06T17:24:20.553+0000] {extract.py:126} INFO - Getting data of the table ks_daily_tdb_radio_drsi 
[2024-08-06T17:24:20.554+0000] {extract.py:127} INFO - where date is 2024-04-23
[2024-08-06T17:24:20.554+0000] {extract.py:102} INFO - get data to date 2024-04-23
[2024-08-06T17:24:20.578+0000] {warnings.py:112} WARNING - /opt/***/dags/gps/common/extract.py:103: UserWarning: pandas only supports SQLAlchemy connectable (engine/connection) or database string URI or sqlite3 DBAPI2 connection. Other DBAPI2 objects are not tested. Please consider using SQLAlchemy.
  df_ = pd.read_sql_query(sql_query, conn, params=params)

[2024-08-06T17:24:21.015+0000] {rwminio.py:19} INFO - start to save data
[2024-08-06T17:24:21.246+0000] {rwminio.py:34} INFO - data in minio ok
[2024-08-06T17:24:21.252+0000] {python.py:237} INFO - Done. Returned value was: None
[2024-08-06T17:24:21.253+0000] {taskinstance.py:441} INFO - ::group::Post task execution logs
[2024-08-06T17:24:21.269+0000] {taskinstance.py:1206} INFO - Marking task as SUCCESS. dag_id=motower_daily_prod, task_id=extract_trafic, run_id=scheduled__2024-04-24T06:00:00+00:00, execution_date=20240424T060000, start_date=20240806T172420, end_date=20240806T172421
[2024-08-06T17:24:21.315+0000] {local_task_job_runner.py:243} INFO - Task exited with return code 0
[2024-08-06T17:24:21.329+0000] {local_task_job_runner.py:222} INFO - ::endgroup::
[2024-08-06T17:42:05.084+0000] {local_task_job_runner.py:120} INFO - ::group::Pre task execution logs
[2024-08-06T17:42:05.167+0000] {taskinstance.py:2076} INFO - Dependencies all met for dep_context=non-requeueable deps ti=<TaskInstance: motower_daily_prod.extract_trafic scheduled__2024-04-24T06:00:00+00:00 [queued]>
[2024-08-06T17:42:05.202+0000] {taskinstance.py:2076} INFO - Dependencies all met for dep_context=requeueable deps ti=<TaskInstance: motower_daily_prod.extract_trafic scheduled__2024-04-24T06:00:00+00:00 [queued]>
[2024-08-06T17:42:05.203+0000] {taskinstance.py:2306} INFO - Starting attempt 1 of 1
[2024-08-06T17:42:05.241+0000] {taskinstance.py:2330} INFO - Executing <Task(PythonOperator): extract_trafic> on 2024-04-24 06:00:00+00:00
[2024-08-06T17:42:05.256+0000] {warnings.py:112} WARNING - /home/***/.local/lib/python3.12/site-packages/***/task/task_runner/standard_task_runner.py:62: DeprecationWarning: This process (pid=8379) is multi-threaded, use of fork() may lead to deadlocks in the child.
  pid = os.fork()

[2024-08-06T17:42:05.258+0000] {standard_task_runner.py:64} INFO - Started process 8392 to run task
[2024-08-06T17:42:05.264+0000] {standard_task_runner.py:90} INFO - Running: ['***', 'tasks', 'run', 'motower_daily_prod', 'extract_trafic', 'scheduled__2024-04-24T06:00:00+00:00', '--job-id', '2326', '--raw', '--subdir', 'DAGS_FOLDER/gps/custom_dags/motower_daily.py', '--cfg-path', '/tmp/tmpkja1z2sb']
[2024-08-06T17:42:05.268+0000] {standard_task_runner.py:91} INFO - Job 2326: Subtask extract_trafic
[2024-08-06T17:42:05.371+0000] {task_command.py:426} INFO - Running <TaskInstance: motower_daily_prod.extract_trafic scheduled__2024-04-24T06:00:00+00:00 [running]> on host 13681191f11c
[2024-08-06T17:42:05.586+0000] {taskinstance.py:2648} INFO - Exporting env vars: AIRFLOW_CTX_DAG_EMAIL='richmond.kongo@orange.com,assane.diop@orange.com,cyrille1.danho@orange.com,mohamed2.sylla@orange.com,amadou.diomande@orange.com,Jonas.kouame@orange.com,armand.kablan@orange.com,anicet.azombade@orange.com,etienne.kouadio@orange.com,bertine.kouakou@orange.com,florentine.kouakou@orange.com,ange.phaceli@orange.com,soulegame.soro@orange.com,innocent.yengo@orange.com' AIRFLOW_CTX_DAG_OWNER='***' AIRFLOW_CTX_DAG_ID='motower_daily_prod' AIRFLOW_CTX_TASK_ID='extract_trafic' AIRFLOW_CTX_EXECUTION_DATE='2024-04-24T06:00:00+00:00' AIRFLOW_CTX_TRY_NUMBER='1' AIRFLOW_CTX_DAG_RUN_ID='scheduled__2024-04-24T06:00:00+00:00'
[2024-08-06T17:42:05.587+0000] {taskinstance.py:430} INFO - ::endgroup::
[2024-08-06T17:42:05.623+0000] {extract.py:126} INFO - Getting data of the table ks_daily_tdb_radio_drsi 
[2024-08-06T17:42:05.625+0000] {extract.py:127} INFO - where date is 2024-04-23
[2024-08-06T17:42:05.626+0000] {extract.py:102} INFO - get data to date 2024-04-23
[2024-08-06T17:42:05.638+0000] {warnings.py:112} WARNING - /opt/***/dags/gps/common/extract.py:103: UserWarning: pandas only supports SQLAlchemy connectable (engine/connection) or database string URI or sqlite3 DBAPI2 connection. Other DBAPI2 objects are not tested. Please consider using SQLAlchemy.
  df_ = pd.read_sql_query(sql_query, conn, params=params)

[2024-08-06T17:42:05.942+0000] {rwminio.py:19} INFO - start to save data
[2024-08-06T17:42:06.175+0000] {rwminio.py:34} INFO - data in minio ok
[2024-08-06T17:42:06.183+0000] {python.py:237} INFO - Done. Returned value was: None
[2024-08-06T17:42:06.184+0000] {taskinstance.py:441} INFO - ::group::Post task execution logs
[2024-08-06T17:42:06.201+0000] {taskinstance.py:1206} INFO - Marking task as SUCCESS. dag_id=motower_daily_prod, task_id=extract_trafic, run_id=scheduled__2024-04-24T06:00:00+00:00, execution_date=20240424T060000, start_date=20240806T174205, end_date=20240806T174206
[2024-08-06T17:42:06.245+0000] {local_task_job_runner.py:243} INFO - Task exited with return code 0
[2024-08-06T17:42:06.263+0000] {local_task_job_runner.py:222} INFO - ::endgroup::
