[2024-08-06T16:58:43.716+0000] {local_task_job_runner.py:120} INFO - ::group::Pre task execution logs
[2024-08-06T16:58:43.880+0000] {taskinstance.py:2076} INFO - Dependencies all met for dep_context=non-requeueable deps ti=<TaskInstance: motower_daily_prod.extract_trafic scheduled__2024-01-21T06:00:00+00:00 [queued]>
[2024-08-06T16:58:44.019+0000] {taskinstance.py:2076} INFO - Dependencies all met for dep_context=requeueable deps ti=<TaskInstance: motower_daily_prod.extract_trafic scheduled__2024-01-21T06:00:00+00:00 [queued]>
[2024-08-06T16:58:44.023+0000] {taskinstance.py:2306} INFO - Starting attempt 1 of 1
[2024-08-06T16:58:44.099+0000] {taskinstance.py:2330} INFO - Executing <Task(PythonOperator): extract_trafic> on 2024-01-21 06:00:00+00:00
[2024-08-06T16:58:44.146+0000] {warnings.py:112} WARNING - /home/***/.local/lib/python3.12/site-packages/***/task/task_runner/standard_task_runner.py:62: DeprecationWarning: This process (pid=1605) is multi-threaded, use of fork() may lead to deadlocks in the child.
  pid = os.fork()

[2024-08-06T16:58:44.152+0000] {standard_task_runner.py:64} INFO - Started process 1619 to run task
[2024-08-06T16:58:44.160+0000] {standard_task_runner.py:90} INFO - Running: ['***', 'tasks', 'run', 'motower_daily_prod', 'extract_trafic', 'scheduled__2024-01-21T06:00:00+00:00', '--job-id', '234', '--raw', '--subdir', 'DAGS_FOLDER/gps/custom_dags/motower_daily.py', '--cfg-path', '/tmp/tmpwrrxkrdq']
[2024-08-06T16:58:44.165+0000] {standard_task_runner.py:91} INFO - Job 234: Subtask extract_trafic
[2024-08-06T16:58:44.317+0000] {task_command.py:426} INFO - Running <TaskInstance: motower_daily_prod.extract_trafic scheduled__2024-01-21T06:00:00+00:00 [running]> on host 13681191f11c
[2024-08-06T16:58:44.604+0000] {taskinstance.py:2648} INFO - Exporting env vars: AIRFLOW_CTX_DAG_EMAIL='richmond.kongo@orange.com,assane.diop@orange.com,cyrille1.danho@orange.com,mohamed2.sylla@orange.com,amadou.diomande@orange.com,Jonas.kouame@orange.com,armand.kablan@orange.com,anicet.azombade@orange.com,etienne.kouadio@orange.com,bertine.kouakou@orange.com,florentine.kouakou@orange.com,ange.phaceli@orange.com,soulegame.soro@orange.com,innocent.yengo@orange.com' AIRFLOW_CTX_DAG_OWNER='***' AIRFLOW_CTX_DAG_ID='motower_daily_prod' AIRFLOW_CTX_TASK_ID='extract_trafic' AIRFLOW_CTX_EXECUTION_DATE='2024-01-21T06:00:00+00:00' AIRFLOW_CTX_TRY_NUMBER='1' AIRFLOW_CTX_DAG_RUN_ID='scheduled__2024-01-21T06:00:00+00:00'
[2024-08-06T16:58:44.606+0000] {taskinstance.py:430} INFO - ::endgroup::
[2024-08-06T16:58:44.662+0000] {extract.py:126} INFO - Getting data of the table ks_daily_tdb_radio_drsi 
[2024-08-06T16:58:44.662+0000] {extract.py:127} INFO - where date is 2024-01-20
[2024-08-06T16:58:44.663+0000] {extract.py:102} INFO - get data to date 2024-01-20
[2024-08-06T16:58:44.675+0000] {warnings.py:112} WARNING - /opt/***/dags/gps/common/extract.py:103: UserWarning: pandas only supports SQLAlchemy connectable (engine/connection) or database string URI or sqlite3 DBAPI2 connection. Other DBAPI2 objects are not tested. Please consider using SQLAlchemy.
  df_ = pd.read_sql_query(sql_query, conn, params=params)

[2024-08-06T16:58:45.063+0000] {rwminio.py:19} INFO - start to save data
[2024-08-06T16:58:45.321+0000] {rwminio.py:34} INFO - data in minio ok
[2024-08-06T16:58:45.328+0000] {python.py:237} INFO - Done. Returned value was: None
[2024-08-06T16:58:45.329+0000] {taskinstance.py:441} INFO - ::group::Post task execution logs
[2024-08-06T16:58:45.348+0000] {taskinstance.py:1206} INFO - Marking task as SUCCESS. dag_id=motower_daily_prod, task_id=extract_trafic, run_id=scheduled__2024-01-21T06:00:00+00:00, execution_date=20240121T060000, start_date=20240806T165843, end_date=20240806T165845
[2024-08-06T16:58:45.599+0000] {local_task_job_runner.py:243} INFO - Task exited with return code 0
[2024-08-06T16:58:45.617+0000] {local_task_job_runner.py:222} INFO - ::endgroup::
[2024-08-06T17:29:15.961+0000] {local_task_job_runner.py:120} INFO - ::group::Pre task execution logs
[2024-08-06T17:29:16.083+0000] {taskinstance.py:2076} INFO - Dependencies all met for dep_context=non-requeueable deps ti=<TaskInstance: motower_daily_prod.extract_trafic scheduled__2024-01-21T06:00:00+00:00 [queued]>
[2024-08-06T17:29:16.145+0000] {taskinstance.py:2076} INFO - Dependencies all met for dep_context=requeueable deps ti=<TaskInstance: motower_daily_prod.extract_trafic scheduled__2024-01-21T06:00:00+00:00 [queued]>
[2024-08-06T17:29:16.158+0000] {taskinstance.py:2306} INFO - Starting attempt 1 of 1
[2024-08-06T17:29:16.685+0000] {taskinstance.py:2330} INFO - Executing <Task(PythonOperator): extract_trafic> on 2024-01-21 06:00:00+00:00
[2024-08-06T17:29:16.745+0000] {warnings.py:112} WARNING - /home/***/.local/lib/python3.12/site-packages/***/task/task_runner/standard_task_runner.py:62: DeprecationWarning: This process (pid=5772) is multi-threaded, use of fork() may lead to deadlocks in the child.
  pid = os.fork()

[2024-08-06T17:29:16.748+0000] {standard_task_runner.py:64} INFO - Started process 5786 to run task
[2024-08-06T17:29:16.759+0000] {standard_task_runner.py:90} INFO - Running: ['***', 'tasks', 'run', 'motower_daily_prod', 'extract_trafic', 'scheduled__2024-01-21T06:00:00+00:00', '--job-id', '1499', '--raw', '--subdir', 'DAGS_FOLDER/gps/custom_dags/motower_daily.py', '--cfg-path', '/tmp/tmpmc73wyn6']
[2024-08-06T17:29:16.764+0000] {standard_task_runner.py:91} INFO - Job 1499: Subtask extract_trafic
[2024-08-06T17:29:16.944+0000] {task_command.py:426} INFO - Running <TaskInstance: motower_daily_prod.extract_trafic scheduled__2024-01-21T06:00:00+00:00 [running]> on host 13681191f11c
[2024-08-06T17:29:17.352+0000] {taskinstance.py:2648} INFO - Exporting env vars: AIRFLOW_CTX_DAG_EMAIL='richmond.kongo@orange.com,assane.diop@orange.com,cyrille1.danho@orange.com,mohamed2.sylla@orange.com,amadou.diomande@orange.com,Jonas.kouame@orange.com,armand.kablan@orange.com,anicet.azombade@orange.com,etienne.kouadio@orange.com,bertine.kouakou@orange.com,florentine.kouakou@orange.com,ange.phaceli@orange.com,soulegame.soro@orange.com,innocent.yengo@orange.com' AIRFLOW_CTX_DAG_OWNER='***' AIRFLOW_CTX_DAG_ID='motower_daily_prod' AIRFLOW_CTX_TASK_ID='extract_trafic' AIRFLOW_CTX_EXECUTION_DATE='2024-01-21T06:00:00+00:00' AIRFLOW_CTX_TRY_NUMBER='1' AIRFLOW_CTX_DAG_RUN_ID='scheduled__2024-01-21T06:00:00+00:00'
[2024-08-06T17:29:17.354+0000] {taskinstance.py:430} INFO - ::endgroup::
[2024-08-06T17:29:17.412+0000] {extract.py:126} INFO - Getting data of the table ks_daily_tdb_radio_drsi 
[2024-08-06T17:29:17.413+0000] {extract.py:127} INFO - where date is 2024-01-20
[2024-08-06T17:29:17.415+0000] {extract.py:102} INFO - get data to date 2024-01-20
[2024-08-06T17:29:17.433+0000] {warnings.py:112} WARNING - /opt/***/dags/gps/common/extract.py:103: UserWarning: pandas only supports SQLAlchemy connectable (engine/connection) or database string URI or sqlite3 DBAPI2 connection. Other DBAPI2 objects are not tested. Please consider using SQLAlchemy.
  df_ = pd.read_sql_query(sql_query, conn, params=params)

[2024-08-06T17:29:18.158+0000] {rwminio.py:19} INFO - start to save data
[2024-08-06T17:29:18.420+0000] {rwminio.py:34} INFO - data in minio ok
[2024-08-06T17:29:18.428+0000] {python.py:237} INFO - Done. Returned value was: None
[2024-08-06T17:29:18.429+0000] {taskinstance.py:441} INFO - ::group::Post task execution logs
[2024-08-06T17:29:18.455+0000] {taskinstance.py:1206} INFO - Marking task as SUCCESS. dag_id=motower_daily_prod, task_id=extract_trafic, run_id=scheduled__2024-01-21T06:00:00+00:00, execution_date=20240121T060000, start_date=20240806T172916, end_date=20240806T172918
[2024-08-06T17:29:18.537+0000] {local_task_job_runner.py:243} INFO - Task exited with return code 0
[2024-08-06T17:29:18.576+0000] {local_task_job_runner.py:222} INFO - ::endgroup::
[2024-08-06T18:16:46.388+0000] {local_task_job_runner.py:120} INFO - ::group::Pre task execution logs
[2024-08-06T18:16:46.499+0000] {taskinstance.py:2076} INFO - Dependencies all met for dep_context=non-requeueable deps ti=<TaskInstance: motower_daily_prod.extract_trafic scheduled__2024-01-21T06:00:00+00:00 [queued]>
[2024-08-06T18:16:46.557+0000] {taskinstance.py:2076} INFO - Dependencies all met for dep_context=requeueable deps ti=<TaskInstance: motower_daily_prod.extract_trafic scheduled__2024-01-21T06:00:00+00:00 [queued]>
[2024-08-06T18:16:46.558+0000] {taskinstance.py:2306} INFO - Starting attempt 1 of 1
[2024-08-06T18:16:46.630+0000] {taskinstance.py:2330} INFO - Executing <Task(PythonOperator): extract_trafic> on 2024-01-21 06:00:00+00:00
[2024-08-06T18:16:46.649+0000] {warnings.py:112} WARNING - /home/***/.local/lib/python3.12/site-packages/***/task/task_runner/standard_task_runner.py:62: DeprecationWarning: This process (pid=9593) is multi-threaded, use of fork() may lead to deadlocks in the child.
  pid = os.fork()

[2024-08-06T18:16:46.652+0000] {standard_task_runner.py:64} INFO - Started process 9608 to run task
[2024-08-06T18:16:46.653+0000] {standard_task_runner.py:90} INFO - Running: ['***', 'tasks', 'run', 'motower_daily_prod', 'extract_trafic', 'scheduled__2024-01-21T06:00:00+00:00', '--job-id', '2585', '--raw', '--subdir', 'DAGS_FOLDER/gps/custom_dags/motower_daily.py', '--cfg-path', '/tmp/tmpbm0uuno3']
[2024-08-06T18:16:46.657+0000] {standard_task_runner.py:91} INFO - Job 2585: Subtask extract_trafic
[2024-08-06T18:16:46.769+0000] {task_command.py:426} INFO - Running <TaskInstance: motower_daily_prod.extract_trafic scheduled__2024-01-21T06:00:00+00:00 [running]> on host 13681191f11c
[2024-08-06T18:16:47.049+0000] {taskinstance.py:2648} INFO - Exporting env vars: AIRFLOW_CTX_DAG_EMAIL='richmond.kongo@orange.com,assane.diop@orange.com,cyrille1.danho@orange.com,mohamed2.sylla@orange.com,amadou.diomande@orange.com,Jonas.kouame@orange.com,armand.kablan@orange.com,anicet.azombade@orange.com,etienne.kouadio@orange.com,bertine.kouakou@orange.com,florentine.kouakou@orange.com,ange.phaceli@orange.com,soulegame.soro@orange.com,innocent.yengo@orange.com' AIRFLOW_CTX_DAG_OWNER='***' AIRFLOW_CTX_DAG_ID='motower_daily_prod' AIRFLOW_CTX_TASK_ID='extract_trafic' AIRFLOW_CTX_EXECUTION_DATE='2024-01-21T06:00:00+00:00' AIRFLOW_CTX_TRY_NUMBER='1' AIRFLOW_CTX_DAG_RUN_ID='scheduled__2024-01-21T06:00:00+00:00'
[2024-08-06T18:16:47.052+0000] {taskinstance.py:430} INFO - ::endgroup::
[2024-08-06T18:16:47.109+0000] {extract.py:126} INFO - Getting data of the table ks_daily_tdb_radio_drsi 
[2024-08-06T18:16:47.110+0000] {extract.py:127} INFO - where date is 2024-01-20
[2024-08-06T18:16:47.111+0000] {extract.py:102} INFO - get data to date 2024-01-20
[2024-08-06T18:16:47.123+0000] {warnings.py:112} WARNING - /opt/***/dags/gps/common/extract.py:103: UserWarning: pandas only supports SQLAlchemy connectable (engine/connection) or database string URI or sqlite3 DBAPI2 connection. Other DBAPI2 objects are not tested. Please consider using SQLAlchemy.
  df_ = pd.read_sql_query(sql_query, conn, params=params)

[2024-08-06T18:16:47.554+0000] {rwminio.py:19} INFO - start to save data
[2024-08-06T18:16:47.774+0000] {rwminio.py:34} INFO - data in minio ok
[2024-08-06T18:16:47.781+0000] {python.py:237} INFO - Done. Returned value was: None
[2024-08-06T18:16:47.783+0000] {taskinstance.py:441} INFO - ::group::Post task execution logs
[2024-08-06T18:16:47.804+0000] {taskinstance.py:1206} INFO - Marking task as SUCCESS. dag_id=motower_daily_prod, task_id=extract_trafic, run_id=scheduled__2024-01-21T06:00:00+00:00, execution_date=20240121T060000, start_date=20240806T181646, end_date=20240806T181647
[2024-08-06T18:16:47.870+0000] {local_task_job_runner.py:243} INFO - Task exited with return code 0
[2024-08-06T18:16:47.899+0000] {local_task_job_runner.py:222} INFO - ::endgroup::
