[2024-07-25T08:33:01.003+0000] {local_task_job_runner.py:120} INFO - ::group::Pre task execution logs
[2024-07-25T08:33:01.028+0000] {taskinstance.py:2076} INFO - Dependencies all met for dep_context=non-requeueable deps ti=<TaskInstance: motower_daily_prod.clean_trafic_task scheduled__2024-06-14T06:00:00+00:00 [queued]>
[2024-07-25T08:33:01.038+0000] {taskinstance.py:2076} INFO - Dependencies all met for dep_context=requeueable deps ti=<TaskInstance: motower_daily_prod.clean_trafic_task scheduled__2024-06-14T06:00:00+00:00 [queued]>
[2024-07-25T08:33:01.038+0000] {taskinstance.py:2306} INFO - Starting attempt 1 of 1
[2024-07-25T08:33:01.048+0000] {taskinstance.py:2330} INFO - Executing <Task(PythonOperator): clean_trafic_task> on 2024-06-14 06:00:00+00:00
[2024-07-25T08:33:01.057+0000] {warnings.py:112} WARNING - /home/***/.local/lib/python3.12/site-packages/***/task/task_runner/standard_task_runner.py:62: DeprecationWarning: This process (pid=2251) is multi-threaded, use of fork() may lead to deadlocks in the child.
  pid = os.fork()

[2024-07-25T08:33:01.058+0000] {standard_task_runner.py:64} INFO - Started process 2259 to run task
[2024-07-25T08:33:01.059+0000] {standard_task_runner.py:90} INFO - Running: ['***', 'tasks', 'run', 'motower_daily_prod', 'clean_trafic_task', 'scheduled__2024-06-14T06:00:00+00:00', '--job-id', '785', '--raw', '--subdir', 'DAGS_FOLDER/gps/custom_dags/motower_daily.py', '--cfg-path', '/tmp/tmp__z5e0zn']
[2024-07-25T08:33:01.060+0000] {standard_task_runner.py:91} INFO - Job 785: Subtask clean_trafic_task
[2024-07-25T08:33:01.100+0000] {task_command.py:426} INFO - Running <TaskInstance: motower_daily_prod.clean_trafic_task scheduled__2024-06-14T06:00:00+00:00 [running]> on host b3845fb494d4
[2024-07-25T08:33:01.184+0000] {taskinstance.py:2648} INFO - Exporting env vars: AIRFLOW_CTX_DAG_EMAIL='richmond.kongo@orange.com,assane.diop@orange.com,cyrille1.danho@orange.com,mohamed2.sylla@orange.com,amadou.diomande@orange.com,Jonas.kouame@orange.com,armand.kablan@orange.com,anicet.azombade@orange.com,etienne.kouadio@orange.com,bertine.kouakou@orange.com,florentine.kouakou@orange.com,ange.phaceli@orange.com,soulegame.soro@orange.com,innocent.yengo@orange.com' AIRFLOW_CTX_DAG_OWNER='***' AIRFLOW_CTX_DAG_ID='motower_daily_prod' AIRFLOW_CTX_TASK_ID='clean_trafic_task' AIRFLOW_CTX_EXECUTION_DATE='2024-06-14T06:00:00+00:00' AIRFLOW_CTX_TRY_NUMBER='1' AIRFLOW_CTX_DAG_RUN_ID='scheduled__2024-06-14T06:00:00+00:00'
[2024-07-25T08:33:01.186+0000] {taskinstance.py:430} INFO - ::endgroup::
[2024-07-25T08:33:01.220+0000] {data_validation.py:11} INFO - START VALIDATION OF COLUMN trafic_data_go
[2024-07-25T08:33:01.221+0000] {data_validation.py:20} INFO - DATA OF COLUMN trafic_data_go ARE VALID
[2024-07-25T08:33:01.222+0000] {data_validation.py:11} INFO - START VALIDATION OF COLUMN trafic_voix_erl
[2024-07-25T08:33:01.222+0000] {data_validation.py:20} INFO - DATA OF COLUMN trafic_voix_erl ARE VALID
[2024-07-25T08:33:01.223+0000] {motower_daily.py:260} INFO - prepare final data
[2024-07-25T08:33:01.255+0000] {python.py:237} INFO - Done. Returned value was: None
[2024-07-25T08:33:01.256+0000] {taskinstance.py:441} INFO - ::group::Post task execution logs
[2024-07-25T08:33:01.265+0000] {taskinstance.py:1206} INFO - Marking task as SUCCESS. dag_id=motower_daily_prod, task_id=clean_trafic_task, run_id=scheduled__2024-06-14T06:00:00+00:00, execution_date=20240614T060000, start_date=20240725T083301, end_date=20240725T083301
[2024-07-25T08:33:01.312+0000] {local_task_job_runner.py:243} INFO - Task exited with return code 0
[2024-07-25T08:33:01.331+0000] {taskinstance.py:3503} INFO - 0 downstream tasks scheduled from follow-on schedule check
[2024-07-25T08:33:01.332+0000] {local_task_job_runner.py:222} INFO - ::endgroup::
[2024-07-25T10:36:51.870+0000] {local_task_job_runner.py:120} INFO - ::group::Pre task execution logs
[2024-07-25T10:36:51.960+0000] {taskinstance.py:2076} INFO - Dependencies all met for dep_context=non-requeueable deps ti=<TaskInstance: motower_daily_prod.clean_trafic_task scheduled__2024-06-14T06:00:00+00:00 [queued]>
[2024-07-25T10:36:52.000+0000] {taskinstance.py:2076} INFO - Dependencies all met for dep_context=requeueable deps ti=<TaskInstance: motower_daily_prod.clean_trafic_task scheduled__2024-06-14T06:00:00+00:00 [queued]>
[2024-07-25T10:36:52.001+0000] {taskinstance.py:2306} INFO - Starting attempt 1 of 1
[2024-07-25T10:36:52.020+0000] {taskinstance.py:2330} INFO - Executing <Task(PythonOperator): clean_trafic_task> on 2024-06-14 06:00:00+00:00
[2024-07-25T10:36:52.036+0000] {warnings.py:112} WARNING - /home/***/.local/lib/python3.12/site-packages/***/task/task_runner/standard_task_runner.py:62: DeprecationWarning: This process (pid=5325) is multi-threaded, use of fork() may lead to deadlocks in the child.
  pid = os.fork()

[2024-07-25T10:36:52.038+0000] {standard_task_runner.py:64} INFO - Started process 5340 to run task
[2024-07-25T10:36:52.038+0000] {standard_task_runner.py:90} INFO - Running: ['***', 'tasks', 'run', 'motower_daily_prod', 'clean_trafic_task', 'scheduled__2024-06-14T06:00:00+00:00', '--job-id', '1273', '--raw', '--subdir', 'DAGS_FOLDER/gps/custom_dags/motower_daily.py', '--cfg-path', '/tmp/tmpof7j6ltp']
[2024-07-25T10:36:52.046+0000] {standard_task_runner.py:91} INFO - Job 1273: Subtask clean_trafic_task
[2024-07-25T10:36:52.170+0000] {task_command.py:426} INFO - Running <TaskInstance: motower_daily_prod.clean_trafic_task scheduled__2024-06-14T06:00:00+00:00 [running]> on host b3845fb494d4
[2024-07-25T10:36:52.307+0000] {taskinstance.py:2648} INFO - Exporting env vars: AIRFLOW_CTX_DAG_EMAIL='richmond.kongo@orange.com,assane.diop@orange.com,cyrille1.danho@orange.com,mohamed2.sylla@orange.com,amadou.diomande@orange.com,Jonas.kouame@orange.com,armand.kablan@orange.com,anicet.azombade@orange.com,etienne.kouadio@orange.com,bertine.kouakou@orange.com,florentine.kouakou@orange.com,ange.phaceli@orange.com,soulegame.soro@orange.com,innocent.yengo@orange.com' AIRFLOW_CTX_DAG_OWNER='***' AIRFLOW_CTX_DAG_ID='motower_daily_prod' AIRFLOW_CTX_TASK_ID='clean_trafic_task' AIRFLOW_CTX_EXECUTION_DATE='2024-06-14T06:00:00+00:00' AIRFLOW_CTX_TRY_NUMBER='1' AIRFLOW_CTX_DAG_RUN_ID='scheduled__2024-06-14T06:00:00+00:00'
[2024-07-25T10:36:52.308+0000] {taskinstance.py:430} INFO - ::endgroup::
[2024-07-25T10:36:52.360+0000] {data_validation.py:11} INFO - START VALIDATION OF COLUMN trafic_data_go
[2024-07-25T10:36:52.361+0000] {data_validation.py:20} INFO - DATA OF COLUMN trafic_data_go ARE VALID
[2024-07-25T10:36:52.362+0000] {data_validation.py:11} INFO - START VALIDATION OF COLUMN trafic_voix_erl
[2024-07-25T10:36:52.363+0000] {data_validation.py:20} INFO - DATA OF COLUMN trafic_voix_erl ARE VALID
[2024-07-25T10:36:52.363+0000] {motower_daily.py:260} INFO - prepare final data
[2024-07-25T10:36:52.404+0000] {python.py:237} INFO - Done. Returned value was: None
[2024-07-25T10:36:52.406+0000] {taskinstance.py:441} INFO - ::group::Post task execution logs
[2024-07-25T10:36:52.422+0000] {taskinstance.py:1206} INFO - Marking task as SUCCESS. dag_id=motower_daily_prod, task_id=clean_trafic_task, run_id=scheduled__2024-06-14T06:00:00+00:00, execution_date=20240614T060000, start_date=20240725T103651, end_date=20240725T103652
[2024-07-25T10:36:52.481+0000] {local_task_job_runner.py:243} INFO - Task exited with return code 0
[2024-07-25T10:36:52.493+0000] {local_task_job_runner.py:222} INFO - ::endgroup::
[2024-07-25T11:59:11.408+0000] {local_task_job_runner.py:120} INFO - ::group::Pre task execution logs
[2024-07-25T11:59:11.443+0000] {taskinstance.py:2076} INFO - Dependencies all met for dep_context=non-requeueable deps ti=<TaskInstance: motower_daily_prod.clean_trafic_task scheduled__2024-06-14T06:00:00+00:00 [queued]>
[2024-07-25T11:59:11.456+0000] {taskinstance.py:2076} INFO - Dependencies all met for dep_context=requeueable deps ti=<TaskInstance: motower_daily_prod.clean_trafic_task scheduled__2024-06-14T06:00:00+00:00 [queued]>
[2024-07-25T11:59:11.456+0000] {taskinstance.py:2306} INFO - Starting attempt 1 of 1
[2024-07-25T11:59:11.475+0000] {taskinstance.py:2330} INFO - Executing <Task(PythonOperator): clean_trafic_task> on 2024-06-14 06:00:00+00:00
[2024-07-25T11:59:11.489+0000] {warnings.py:112} WARNING - /home/***/.local/lib/python3.12/site-packages/***/task/task_runner/standard_task_runner.py:62: DeprecationWarning: This process (pid=7670) is multi-threaded, use of fork() may lead to deadlocks in the child.
  pid = os.fork()

[2024-07-25T11:59:11.491+0000] {standard_task_runner.py:64} INFO - Started process 7683 to run task
[2024-07-25T11:59:11.491+0000] {standard_task_runner.py:90} INFO - Running: ['***', 'tasks', 'run', 'motower_daily_prod', 'clean_trafic_task', 'scheduled__2024-06-14T06:00:00+00:00', '--job-id', '1702', '--raw', '--subdir', 'DAGS_FOLDER/gps/custom_dags/motower_daily.py', '--cfg-path', '/tmp/tmppqqulltf']
[2024-07-25T11:59:11.493+0000] {standard_task_runner.py:91} INFO - Job 1702: Subtask clean_trafic_task
[2024-07-25T11:59:11.545+0000] {task_command.py:426} INFO - Running <TaskInstance: motower_daily_prod.clean_trafic_task scheduled__2024-06-14T06:00:00+00:00 [running]> on host b3845fb494d4
[2024-07-25T11:59:11.649+0000] {taskinstance.py:2648} INFO - Exporting env vars: AIRFLOW_CTX_DAG_EMAIL='richmond.kongo@orange.com,assane.diop@orange.com,cyrille1.danho@orange.com,mohamed2.sylla@orange.com,amadou.diomande@orange.com,Jonas.kouame@orange.com,armand.kablan@orange.com,anicet.azombade@orange.com,etienne.kouadio@orange.com,bertine.kouakou@orange.com,florentine.kouakou@orange.com,ange.phaceli@orange.com,soulegame.soro@orange.com,innocent.yengo@orange.com' AIRFLOW_CTX_DAG_OWNER='***' AIRFLOW_CTX_DAG_ID='motower_daily_prod' AIRFLOW_CTX_TASK_ID='clean_trafic_task' AIRFLOW_CTX_EXECUTION_DATE='2024-06-14T06:00:00+00:00' AIRFLOW_CTX_TRY_NUMBER='1' AIRFLOW_CTX_DAG_RUN_ID='scheduled__2024-06-14T06:00:00+00:00'
[2024-07-25T11:59:11.650+0000] {taskinstance.py:430} INFO - ::endgroup::
[2024-07-25T11:59:11.688+0000] {data_validation.py:11} INFO - START VALIDATION OF COLUMN trafic_data_go
[2024-07-25T11:59:11.689+0000] {data_validation.py:20} INFO - DATA OF COLUMN trafic_data_go ARE VALID
[2024-07-25T11:59:11.690+0000] {data_validation.py:11} INFO - START VALIDATION OF COLUMN trafic_voix_erl
[2024-07-25T11:59:11.690+0000] {data_validation.py:20} INFO - DATA OF COLUMN trafic_voix_erl ARE VALID
[2024-07-25T11:59:11.691+0000] {motower_daily.py:265} INFO - prepare final data
[2024-07-25T11:59:11.728+0000] {python.py:237} INFO - Done. Returned value was: None
[2024-07-25T11:59:11.729+0000] {taskinstance.py:441} INFO - ::group::Post task execution logs
[2024-07-25T11:59:11.744+0000] {taskinstance.py:1206} INFO - Marking task as SUCCESS. dag_id=motower_daily_prod, task_id=clean_trafic_task, run_id=scheduled__2024-06-14T06:00:00+00:00, execution_date=20240614T060000, start_date=20240725T115911, end_date=20240725T115911
[2024-07-25T11:59:11.825+0000] {local_task_job_runner.py:243} INFO - Task exited with return code 0
[2024-07-25T11:59:11.846+0000] {taskinstance.py:3503} INFO - 0 downstream tasks scheduled from follow-on schedule check
[2024-07-25T11:59:11.848+0000] {local_task_job_runner.py:222} INFO - ::endgroup::
[2024-07-25T12:13:06.083+0000] {local_task_job_runner.py:120} INFO - ::group::Pre task execution logs
[2024-07-25T12:13:06.140+0000] {taskinstance.py:2076} INFO - Dependencies all met for dep_context=non-requeueable deps ti=<TaskInstance: motower_daily_prod.clean_trafic_task scheduled__2024-06-14T06:00:00+00:00 [queued]>
[2024-07-25T12:13:06.174+0000] {taskinstance.py:2076} INFO - Dependencies all met for dep_context=requeueable deps ti=<TaskInstance: motower_daily_prod.clean_trafic_task scheduled__2024-06-14T06:00:00+00:00 [queued]>
[2024-07-25T12:13:06.175+0000] {taskinstance.py:2306} INFO - Starting attempt 1 of 1
[2024-07-25T12:13:06.215+0000] {taskinstance.py:2330} INFO - Executing <Task(PythonOperator): clean_trafic_task> on 2024-06-14 06:00:00+00:00
[2024-07-25T12:13:06.239+0000] {warnings.py:112} WARNING - /home/***/.local/lib/python3.12/site-packages/***/task/task_runner/standard_task_runner.py:62: DeprecationWarning: This process (pid=8299) is multi-threaded, use of fork() may lead to deadlocks in the child.
  pid = os.fork()

[2024-07-25T12:13:06.241+0000] {standard_task_runner.py:64} INFO - Started process 8309 to run task
[2024-07-25T12:13:06.254+0000] {standard_task_runner.py:90} INFO - Running: ['***', 'tasks', 'run', 'motower_daily_prod', 'clean_trafic_task', 'scheduled__2024-06-14T06:00:00+00:00', '--job-id', '1851', '--raw', '--subdir', 'DAGS_FOLDER/gps/custom_dags/motower_daily.py', '--cfg-path', '/tmp/tmpba_4zx6p']
[2024-07-25T12:13:06.256+0000] {standard_task_runner.py:91} INFO - Job 1851: Subtask clean_trafic_task
[2024-07-25T12:13:06.327+0000] {task_command.py:426} INFO - Running <TaskInstance: motower_daily_prod.clean_trafic_task scheduled__2024-06-14T06:00:00+00:00 [running]> on host b3845fb494d4
[2024-07-25T12:13:06.494+0000] {taskinstance.py:2648} INFO - Exporting env vars: AIRFLOW_CTX_DAG_EMAIL='richmond.kongo@orange.com,assane.diop@orange.com,cyrille1.danho@orange.com,mohamed2.sylla@orange.com,amadou.diomande@orange.com,Jonas.kouame@orange.com,armand.kablan@orange.com,anicet.azombade@orange.com,etienne.kouadio@orange.com,bertine.kouakou@orange.com,florentine.kouakou@orange.com,ange.phaceli@orange.com,soulegame.soro@orange.com,innocent.yengo@orange.com' AIRFLOW_CTX_DAG_OWNER='***' AIRFLOW_CTX_DAG_ID='motower_daily_prod' AIRFLOW_CTX_TASK_ID='clean_trafic_task' AIRFLOW_CTX_EXECUTION_DATE='2024-06-14T06:00:00+00:00' AIRFLOW_CTX_TRY_NUMBER='1' AIRFLOW_CTX_DAG_RUN_ID='scheduled__2024-06-14T06:00:00+00:00'
[2024-07-25T12:13:06.495+0000] {taskinstance.py:430} INFO - ::endgroup::
[2024-07-25T12:13:06.550+0000] {data_validation.py:11} INFO - START VALIDATION OF COLUMN trafic_data_go
[2024-07-25T12:13:06.552+0000] {data_validation.py:20} INFO - DATA OF COLUMN trafic_data_go ARE VALID
[2024-07-25T12:13:06.552+0000] {data_validation.py:11} INFO - START VALIDATION OF COLUMN trafic_voix_erl
[2024-07-25T12:13:06.553+0000] {data_validation.py:20} INFO - DATA OF COLUMN trafic_voix_erl ARE VALID
[2024-07-25T12:13:06.553+0000] {motower_daily.py:265} INFO - prepare final data
[2024-07-25T12:13:06.598+0000] {python.py:237} INFO - Done. Returned value was: None
[2024-07-25T12:13:06.599+0000] {taskinstance.py:441} INFO - ::group::Post task execution logs
[2024-07-25T12:13:06.637+0000] {taskinstance.py:1206} INFO - Marking task as SUCCESS. dag_id=motower_daily_prod, task_id=clean_trafic_task, run_id=scheduled__2024-06-14T06:00:00+00:00, execution_date=20240614T060000, start_date=20240725T121306, end_date=20240725T121306
[2024-07-25T12:13:06.692+0000] {local_task_job_runner.py:243} INFO - Task exited with return code 0
[2024-07-25T12:13:06.702+0000] {local_task_job_runner.py:222} INFO - ::endgroup::
[2024-07-25T12:23:57.616+0000] {local_task_job_runner.py:120} INFO - ::group::Pre task execution logs
[2024-07-25T12:23:57.657+0000] {taskinstance.py:2076} INFO - Dependencies all met for dep_context=non-requeueable deps ti=<TaskInstance: motower_daily_prod.clean_trafic_task scheduled__2024-06-14T06:00:00+00:00 [queued]>
[2024-07-25T12:23:57.669+0000] {taskinstance.py:2076} INFO - Dependencies all met for dep_context=requeueable deps ti=<TaskInstance: motower_daily_prod.clean_trafic_task scheduled__2024-06-14T06:00:00+00:00 [queued]>
[2024-07-25T12:23:57.670+0000] {taskinstance.py:2306} INFO - Starting attempt 1 of 1
[2024-07-25T12:23:57.687+0000] {taskinstance.py:2330} INFO - Executing <Task(PythonOperator): clean_trafic_task> on 2024-06-14 06:00:00+00:00
[2024-07-25T12:23:57.709+0000] {warnings.py:112} WARNING - /home/***/.local/lib/python3.12/site-packages/***/task/task_runner/standard_task_runner.py:62: DeprecationWarning: This process (pid=8840) is multi-threaded, use of fork() may lead to deadlocks in the child.
  pid = os.fork()

[2024-07-25T12:23:57.713+0000] {standard_task_runner.py:64} INFO - Started process 8854 to run task
[2024-07-25T12:23:57.717+0000] {standard_task_runner.py:90} INFO - Running: ['***', 'tasks', 'run', 'motower_daily_prod', 'clean_trafic_task', 'scheduled__2024-06-14T06:00:00+00:00', '--job-id', '1982', '--raw', '--subdir', 'DAGS_FOLDER/gps/custom_dags/motower_daily.py', '--cfg-path', '/tmp/tmpv0683db6']
[2024-07-25T12:23:57.720+0000] {standard_task_runner.py:91} INFO - Job 1982: Subtask clean_trafic_task
[2024-07-25T12:23:57.828+0000] {task_command.py:426} INFO - Running <TaskInstance: motower_daily_prod.clean_trafic_task scheduled__2024-06-14T06:00:00+00:00 [running]> on host b3845fb494d4
[2024-07-25T12:23:58.063+0000] {taskinstance.py:2648} INFO - Exporting env vars: AIRFLOW_CTX_DAG_EMAIL='richmond.kongo@orange.com,assane.diop@orange.com,cyrille1.danho@orange.com,mohamed2.sylla@orange.com,amadou.diomande@orange.com,Jonas.kouame@orange.com,armand.kablan@orange.com,anicet.azombade@orange.com,etienne.kouadio@orange.com,bertine.kouakou@orange.com,florentine.kouakou@orange.com,ange.phaceli@orange.com,soulegame.soro@orange.com,innocent.yengo@orange.com' AIRFLOW_CTX_DAG_OWNER='***' AIRFLOW_CTX_DAG_ID='motower_daily_prod' AIRFLOW_CTX_TASK_ID='clean_trafic_task' AIRFLOW_CTX_EXECUTION_DATE='2024-06-14T06:00:00+00:00' AIRFLOW_CTX_TRY_NUMBER='1' AIRFLOW_CTX_DAG_RUN_ID='scheduled__2024-06-14T06:00:00+00:00'
[2024-07-25T12:23:58.064+0000] {taskinstance.py:430} INFO - ::endgroup::
[2024-07-25T12:23:58.120+0000] {data_validation.py:11} INFO - START VALIDATION OF COLUMN trafic_data_go
[2024-07-25T12:23:58.121+0000] {data_validation.py:20} INFO - DATA OF COLUMN trafic_data_go ARE VALID
[2024-07-25T12:23:58.122+0000] {data_validation.py:11} INFO - START VALIDATION OF COLUMN trafic_voix_erl
[2024-07-25T12:23:58.123+0000] {data_validation.py:20} INFO - DATA OF COLUMN trafic_voix_erl ARE VALID
[2024-07-25T12:23:58.123+0000] {motower_daily.py:265} INFO - prepare final data
[2024-07-25T12:23:58.164+0000] {python.py:237} INFO - Done. Returned value was: None
[2024-07-25T12:23:58.165+0000] {taskinstance.py:441} INFO - ::group::Post task execution logs
[2024-07-25T12:23:58.177+0000] {taskinstance.py:1206} INFO - Marking task as SUCCESS. dag_id=motower_daily_prod, task_id=clean_trafic_task, run_id=scheduled__2024-06-14T06:00:00+00:00, execution_date=20240614T060000, start_date=20240725T122357, end_date=20240725T122358
[2024-07-25T12:23:58.242+0000] {local_task_job_runner.py:243} INFO - Task exited with return code 0
[2024-07-25T12:23:58.256+0000] {local_task_job_runner.py:222} INFO - ::endgroup::
[2024-07-25T12:44:20.323+0000] {local_task_job_runner.py:120} INFO - ::group::Pre task execution logs
[2024-07-25T12:44:20.369+0000] {taskinstance.py:2076} INFO - Dependencies all met for dep_context=non-requeueable deps ti=<TaskInstance: motower_daily_prod.clean_trafic_task scheduled__2024-06-14T06:00:00+00:00 [queued]>
[2024-07-25T12:44:20.383+0000] {taskinstance.py:2076} INFO - Dependencies all met for dep_context=requeueable deps ti=<TaskInstance: motower_daily_prod.clean_trafic_task scheduled__2024-06-14T06:00:00+00:00 [queued]>
[2024-07-25T12:44:20.384+0000] {taskinstance.py:2306} INFO - Starting attempt 1 of 1
[2024-07-25T12:44:20.401+0000] {taskinstance.py:2330} INFO - Executing <Task(PythonOperator): clean_trafic_task> on 2024-06-14 06:00:00+00:00
[2024-07-25T12:44:20.423+0000] {warnings.py:112} WARNING - /home/***/.local/lib/python3.12/site-packages/***/task/task_runner/standard_task_runner.py:62: DeprecationWarning: This process (pid=9650) is multi-threaded, use of fork() may lead to deadlocks in the child.
  pid = os.fork()

[2024-07-25T12:44:20.425+0000] {standard_task_runner.py:64} INFO - Started process 9661 to run task
[2024-07-25T12:44:20.427+0000] {standard_task_runner.py:90} INFO - Running: ['***', 'tasks', 'run', 'motower_daily_prod', 'clean_trafic_task', 'scheduled__2024-06-14T06:00:00+00:00', '--job-id', '2163', '--raw', '--subdir', 'DAGS_FOLDER/gps/custom_dags/motower_daily.py', '--cfg-path', '/tmp/tmpmpe5emgo']
[2024-07-25T12:44:20.429+0000] {standard_task_runner.py:91} INFO - Job 2163: Subtask clean_trafic_task
[2024-07-25T12:44:20.492+0000] {task_command.py:426} INFO - Running <TaskInstance: motower_daily_prod.clean_trafic_task scheduled__2024-06-14T06:00:00+00:00 [running]> on host b3845fb494d4
[2024-07-25T12:44:20.617+0000] {taskinstance.py:2648} INFO - Exporting env vars: AIRFLOW_CTX_DAG_EMAIL='richmond.kongo@orange.com,assane.diop@orange.com,cyrille1.danho@orange.com,mohamed2.sylla@orange.com,amadou.diomande@orange.com,Jonas.kouame@orange.com,armand.kablan@orange.com,anicet.azombade@orange.com,etienne.kouadio@orange.com,bertine.kouakou@orange.com,florentine.kouakou@orange.com,ange.phaceli@orange.com,soulegame.soro@orange.com,innocent.yengo@orange.com' AIRFLOW_CTX_DAG_OWNER='***' AIRFLOW_CTX_DAG_ID='motower_daily_prod' AIRFLOW_CTX_TASK_ID='clean_trafic_task' AIRFLOW_CTX_EXECUTION_DATE='2024-06-14T06:00:00+00:00' AIRFLOW_CTX_TRY_NUMBER='1' AIRFLOW_CTX_DAG_RUN_ID='scheduled__2024-06-14T06:00:00+00:00'
[2024-07-25T12:44:20.618+0000] {taskinstance.py:430} INFO - ::endgroup::
[2024-07-25T12:44:20.663+0000] {data_validation.py:11} INFO - START VALIDATION OF COLUMN trafic_data_go
[2024-07-25T12:44:20.664+0000] {data_validation.py:20} INFO - DATA OF COLUMN trafic_data_go ARE VALID
[2024-07-25T12:44:20.665+0000] {data_validation.py:11} INFO - START VALIDATION OF COLUMN trafic_voix_erl
[2024-07-25T12:44:20.666+0000] {data_validation.py:20} INFO - DATA OF COLUMN trafic_voix_erl ARE VALID
[2024-07-25T12:44:20.666+0000] {motower_daily.py:265} INFO - prepare final data
[2024-07-25T12:44:20.707+0000] {python.py:237} INFO - Done. Returned value was: None
[2024-07-25T12:44:20.708+0000] {taskinstance.py:441} INFO - ::group::Post task execution logs
[2024-07-25T12:44:20.719+0000] {taskinstance.py:1206} INFO - Marking task as SUCCESS. dag_id=motower_daily_prod, task_id=clean_trafic_task, run_id=scheduled__2024-06-14T06:00:00+00:00, execution_date=20240614T060000, start_date=20240725T124420, end_date=20240725T124420
[2024-07-25T12:44:20.767+0000] {local_task_job_runner.py:243} INFO - Task exited with return code 0
[2024-07-25T12:44:20.799+0000] {taskinstance.py:3503} INFO - 0 downstream tasks scheduled from follow-on schedule check
[2024-07-25T12:44:20.807+0000] {local_task_job_runner.py:222} INFO - ::endgroup::
[2024-07-25T13:04:45.971+0000] {local_task_job_runner.py:120} INFO - ::group::Pre task execution logs
[2024-07-25T13:04:45.995+0000] {taskinstance.py:2076} INFO - Dependencies all met for dep_context=non-requeueable deps ti=<TaskInstance: motower_daily_prod.clean_trafic_task scheduled__2024-06-14T06:00:00+00:00 [queued]>
[2024-07-25T13:04:46.004+0000] {taskinstance.py:2076} INFO - Dependencies all met for dep_context=requeueable deps ti=<TaskInstance: motower_daily_prod.clean_trafic_task scheduled__2024-06-14T06:00:00+00:00 [queued]>
[2024-07-25T13:04:46.004+0000] {taskinstance.py:2306} INFO - Starting attempt 1 of 1
[2024-07-25T13:04:46.016+0000] {taskinstance.py:2330} INFO - Executing <Task(PythonOperator): clean_trafic_task> on 2024-06-14 06:00:00+00:00
[2024-07-25T13:04:46.024+0000] {warnings.py:112} WARNING - /home/***/.local/lib/python3.12/site-packages/***/task/task_runner/standard_task_runner.py:62: DeprecationWarning: This process (pid=10345) is multi-threaded, use of fork() may lead to deadlocks in the child.
  pid = os.fork()

[2024-07-25T13:04:46.026+0000] {standard_task_runner.py:64} INFO - Started process 10355 to run task
[2024-07-25T13:04:46.026+0000] {standard_task_runner.py:90} INFO - Running: ['***', 'tasks', 'run', 'motower_daily_prod', 'clean_trafic_task', 'scheduled__2024-06-14T06:00:00+00:00', '--job-id', '2313', '--raw', '--subdir', 'DAGS_FOLDER/gps/custom_dags/motower_daily.py', '--cfg-path', '/tmp/tmpjdl4cb9q']
[2024-07-25T13:04:46.028+0000] {standard_task_runner.py:91} INFO - Job 2313: Subtask clean_trafic_task
[2024-07-25T13:04:46.069+0000] {task_command.py:426} INFO - Running <TaskInstance: motower_daily_prod.clean_trafic_task scheduled__2024-06-14T06:00:00+00:00 [running]> on host b3845fb494d4
[2024-07-25T13:04:46.152+0000] {taskinstance.py:2648} INFO - Exporting env vars: AIRFLOW_CTX_DAG_EMAIL='richmond.kongo@orange.com,assane.diop@orange.com,cyrille1.danho@orange.com,mohamed2.sylla@orange.com,amadou.diomande@orange.com,Jonas.kouame@orange.com,armand.kablan@orange.com,anicet.azombade@orange.com,etienne.kouadio@orange.com,bertine.kouakou@orange.com,florentine.kouakou@orange.com,ange.phaceli@orange.com,soulegame.soro@orange.com,innocent.yengo@orange.com' AIRFLOW_CTX_DAG_OWNER='***' AIRFLOW_CTX_DAG_ID='motower_daily_prod' AIRFLOW_CTX_TASK_ID='clean_trafic_task' AIRFLOW_CTX_EXECUTION_DATE='2024-06-14T06:00:00+00:00' AIRFLOW_CTX_TRY_NUMBER='1' AIRFLOW_CTX_DAG_RUN_ID='scheduled__2024-06-14T06:00:00+00:00'
[2024-07-25T13:04:46.153+0000] {taskinstance.py:430} INFO - ::endgroup::
[2024-07-25T13:04:46.181+0000] {data_validation.py:11} INFO - START VALIDATION OF COLUMN trafic_data_go
[2024-07-25T13:04:46.182+0000] {data_validation.py:20} INFO - DATA OF COLUMN trafic_data_go ARE VALID
[2024-07-25T13:04:46.182+0000] {data_validation.py:11} INFO - START VALIDATION OF COLUMN trafic_voix_erl
[2024-07-25T13:04:46.182+0000] {data_validation.py:20} INFO - DATA OF COLUMN trafic_voix_erl ARE VALID
[2024-07-25T13:04:46.182+0000] {motower_daily.py:266} INFO - prepare final data
[2024-07-25T13:04:46.210+0000] {python.py:237} INFO - Done. Returned value was: None
[2024-07-25T13:04:46.211+0000] {taskinstance.py:441} INFO - ::group::Post task execution logs
[2024-07-25T13:04:46.221+0000] {taskinstance.py:1206} INFO - Marking task as SUCCESS. dag_id=motower_daily_prod, task_id=clean_trafic_task, run_id=scheduled__2024-06-14T06:00:00+00:00, execution_date=20240614T060000, start_date=20240725T130445, end_date=20240725T130446
[2024-07-25T13:04:46.279+0000] {local_task_job_runner.py:243} INFO - Task exited with return code 0
[2024-07-25T13:04:46.294+0000] {taskinstance.py:3503} INFO - 0 downstream tasks scheduled from follow-on schedule check
[2024-07-25T13:04:46.295+0000] {local_task_job_runner.py:222} INFO - ::endgroup::
[2024-07-25T13:11:59.762+0000] {local_task_job_runner.py:120} INFO - ::group::Pre task execution logs
[2024-07-25T13:11:59.785+0000] {taskinstance.py:2076} INFO - Dependencies all met for dep_context=non-requeueable deps ti=<TaskInstance: motower_daily_prod.clean_trafic_task scheduled__2024-06-14T06:00:00+00:00 [queued]>
[2024-07-25T13:11:59.793+0000] {taskinstance.py:2076} INFO - Dependencies all met for dep_context=requeueable deps ti=<TaskInstance: motower_daily_prod.clean_trafic_task scheduled__2024-06-14T06:00:00+00:00 [queued]>
[2024-07-25T13:11:59.793+0000] {taskinstance.py:2306} INFO - Starting attempt 1 of 1
[2024-07-25T13:11:59.804+0000] {taskinstance.py:2330} INFO - Executing <Task(PythonOperator): clean_trafic_task> on 2024-06-14 06:00:00+00:00
[2024-07-25T13:11:59.816+0000] {warnings.py:112} WARNING - /home/***/.local/lib/python3.12/site-packages/***/task/task_runner/standard_task_runner.py:62: DeprecationWarning: This process (pid=10846) is multi-threaded, use of fork() may lead to deadlocks in the child.
  pid = os.fork()

[2024-07-25T13:11:59.818+0000] {standard_task_runner.py:64} INFO - Started process 10856 to run task
[2024-07-25T13:11:59.818+0000] {standard_task_runner.py:90} INFO - Running: ['***', 'tasks', 'run', 'motower_daily_prod', 'clean_trafic_task', 'scheduled__2024-06-14T06:00:00+00:00', '--job-id', '2449', '--raw', '--subdir', 'DAGS_FOLDER/gps/custom_dags/motower_daily.py', '--cfg-path', '/tmp/tmpr2iafip9']
[2024-07-25T13:11:59.819+0000] {standard_task_runner.py:91} INFO - Job 2449: Subtask clean_trafic_task
[2024-07-25T13:11:59.858+0000] {task_command.py:426} INFO - Running <TaskInstance: motower_daily_prod.clean_trafic_task scheduled__2024-06-14T06:00:00+00:00 [running]> on host b3845fb494d4
[2024-07-25T13:11:59.934+0000] {taskinstance.py:2648} INFO - Exporting env vars: AIRFLOW_CTX_DAG_EMAIL='richmond.kongo@orange.com,assane.diop@orange.com,cyrille1.danho@orange.com,mohamed2.sylla@orange.com,amadou.diomande@orange.com,Jonas.kouame@orange.com,armand.kablan@orange.com,anicet.azombade@orange.com,etienne.kouadio@orange.com,bertine.kouakou@orange.com,florentine.kouakou@orange.com,ange.phaceli@orange.com,soulegame.soro@orange.com,innocent.yengo@orange.com' AIRFLOW_CTX_DAG_OWNER='***' AIRFLOW_CTX_DAG_ID='motower_daily_prod' AIRFLOW_CTX_TASK_ID='clean_trafic_task' AIRFLOW_CTX_EXECUTION_DATE='2024-06-14T06:00:00+00:00' AIRFLOW_CTX_TRY_NUMBER='1' AIRFLOW_CTX_DAG_RUN_ID='scheduled__2024-06-14T06:00:00+00:00'
[2024-07-25T13:11:59.935+0000] {taskinstance.py:430} INFO - ::endgroup::
[2024-07-25T13:11:59.963+0000] {data_validation.py:11} INFO - START VALIDATION OF COLUMN trafic_data_go
[2024-07-25T13:11:59.964+0000] {data_validation.py:20} INFO - DATA OF COLUMN trafic_data_go ARE VALID
[2024-07-25T13:11:59.965+0000] {data_validation.py:11} INFO - START VALIDATION OF COLUMN trafic_voix_erl
[2024-07-25T13:11:59.965+0000] {data_validation.py:20} INFO - DATA OF COLUMN trafic_voix_erl ARE VALID
[2024-07-25T13:11:59.965+0000] {motower_daily.py:264} INFO - prepare final data
[2024-07-25T13:11:59.990+0000] {python.py:237} INFO - Done. Returned value was: None
[2024-07-25T13:11:59.991+0000] {taskinstance.py:441} INFO - ::group::Post task execution logs
[2024-07-25T13:11:59.999+0000] {taskinstance.py:1206} INFO - Marking task as SUCCESS. dag_id=motower_daily_prod, task_id=clean_trafic_task, run_id=scheduled__2024-06-14T06:00:00+00:00, execution_date=20240614T060000, start_date=20240725T131159, end_date=20240725T131159
[2024-07-25T13:12:00.031+0000] {local_task_job_runner.py:243} INFO - Task exited with return code 0
[2024-07-25T13:12:00.047+0000] {taskinstance.py:3503} INFO - 0 downstream tasks scheduled from follow-on schedule check
[2024-07-25T13:12:00.048+0000] {local_task_job_runner.py:222} INFO - ::endgroup::
[2024-07-25T13:13:37.587+0000] {local_task_job_runner.py:120} INFO - ::group::Pre task execution logs
[2024-07-25T13:13:37.626+0000] {taskinstance.py:2076} INFO - Dependencies all met for dep_context=non-requeueable deps ti=<TaskInstance: motower_daily_prod.clean_trafic_task scheduled__2024-06-14T06:00:00+00:00 [queued]>
[2024-07-25T13:13:37.640+0000] {taskinstance.py:2076} INFO - Dependencies all met for dep_context=requeueable deps ti=<TaskInstance: motower_daily_prod.clean_trafic_task scheduled__2024-06-14T06:00:00+00:00 [queued]>
[2024-07-25T13:13:37.641+0000] {taskinstance.py:2306} INFO - Starting attempt 1 of 1
[2024-07-25T13:13:37.659+0000] {taskinstance.py:2330} INFO - Executing <Task(PythonOperator): clean_trafic_task> on 2024-06-14 06:00:00+00:00
[2024-07-25T13:13:37.676+0000] {warnings.py:112} WARNING - /home/***/.local/lib/python3.12/site-packages/***/task/task_runner/standard_task_runner.py:62: DeprecationWarning: This process (pid=11224) is multi-threaded, use of fork() may lead to deadlocks in the child.
  pid = os.fork()

[2024-07-25T13:13:37.678+0000] {standard_task_runner.py:64} INFO - Started process 11238 to run task
[2024-07-25T13:13:37.678+0000] {standard_task_runner.py:90} INFO - Running: ['***', 'tasks', 'run', 'motower_daily_prod', 'clean_trafic_task', 'scheduled__2024-06-14T06:00:00+00:00', '--job-id', '2569', '--raw', '--subdir', 'DAGS_FOLDER/gps/custom_dags/motower_daily.py', '--cfg-path', '/tmp/tmpg2wrpitz']
[2024-07-25T13:13:37.681+0000] {standard_task_runner.py:91} INFO - Job 2569: Subtask clean_trafic_task
[2024-07-25T13:13:37.760+0000] {task_command.py:426} INFO - Running <TaskInstance: motower_daily_prod.clean_trafic_task scheduled__2024-06-14T06:00:00+00:00 [running]> on host b3845fb494d4
[2024-07-25T13:13:37.900+0000] {taskinstance.py:2648} INFO - Exporting env vars: AIRFLOW_CTX_DAG_EMAIL='richmond.kongo@orange.com,assane.diop@orange.com,cyrille1.danho@orange.com,mohamed2.sylla@orange.com,amadou.diomande@orange.com,Jonas.kouame@orange.com,armand.kablan@orange.com,anicet.azombade@orange.com,etienne.kouadio@orange.com,bertine.kouakou@orange.com,florentine.kouakou@orange.com,ange.phaceli@orange.com,soulegame.soro@orange.com,innocent.yengo@orange.com' AIRFLOW_CTX_DAG_OWNER='***' AIRFLOW_CTX_DAG_ID='motower_daily_prod' AIRFLOW_CTX_TASK_ID='clean_trafic_task' AIRFLOW_CTX_EXECUTION_DATE='2024-06-14T06:00:00+00:00' AIRFLOW_CTX_TRY_NUMBER='1' AIRFLOW_CTX_DAG_RUN_ID='scheduled__2024-06-14T06:00:00+00:00'
[2024-07-25T13:13:37.901+0000] {taskinstance.py:430} INFO - ::endgroup::
[2024-07-25T13:13:37.949+0000] {data_validation.py:11} INFO - START VALIDATION OF COLUMN trafic_data_go
[2024-07-25T13:13:37.951+0000] {data_validation.py:20} INFO - DATA OF COLUMN trafic_data_go ARE VALID
[2024-07-25T13:13:37.951+0000] {data_validation.py:11} INFO - START VALIDATION OF COLUMN trafic_voix_erl
[2024-07-25T13:13:37.951+0000] {data_validation.py:20} INFO - DATA OF COLUMN trafic_voix_erl ARE VALID
[2024-07-25T13:13:37.952+0000] {motower_daily.py:264} INFO - prepare final data
[2024-07-25T13:13:37.995+0000] {python.py:237} INFO - Done. Returned value was: None
[2024-07-25T13:13:37.996+0000] {taskinstance.py:441} INFO - ::group::Post task execution logs
[2024-07-25T13:13:38.007+0000] {taskinstance.py:1206} INFO - Marking task as SUCCESS. dag_id=motower_daily_prod, task_id=clean_trafic_task, run_id=scheduled__2024-06-14T06:00:00+00:00, execution_date=20240614T060000, start_date=20240725T131337, end_date=20240725T131338
[2024-07-25T13:13:38.075+0000] {local_task_job_runner.py:243} INFO - Task exited with return code 0
[2024-07-25T13:13:38.089+0000] {local_task_job_runner.py:222} INFO - ::endgroup::
[2024-07-25T13:17:33.066+0000] {local_task_job_runner.py:120} INFO - ::group::Pre task execution logs
[2024-07-25T13:17:33.099+0000] {taskinstance.py:2076} INFO - Dependencies all met for dep_context=non-requeueable deps ti=<TaskInstance: motower_daily_prod.clean_trafic_task scheduled__2024-06-14T06:00:00+00:00 [queued]>
[2024-07-25T13:17:33.110+0000] {taskinstance.py:2076} INFO - Dependencies all met for dep_context=requeueable deps ti=<TaskInstance: motower_daily_prod.clean_trafic_task scheduled__2024-06-14T06:00:00+00:00 [queued]>
[2024-07-25T13:17:33.110+0000] {taskinstance.py:2306} INFO - Starting attempt 1 of 1
[2024-07-25T13:17:33.124+0000] {taskinstance.py:2330} INFO - Executing <Task(PythonOperator): clean_trafic_task> on 2024-06-14 06:00:00+00:00
[2024-07-25T13:17:33.140+0000] {warnings.py:112} WARNING - /home/***/.local/lib/python3.12/site-packages/***/task/task_runner/standard_task_runner.py:62: DeprecationWarning: This process (pid=11683) is multi-threaded, use of fork() may lead to deadlocks in the child.
  pid = os.fork()

[2024-07-25T13:17:33.141+0000] {standard_task_runner.py:64} INFO - Started process 11693 to run task
[2024-07-25T13:17:33.142+0000] {standard_task_runner.py:90} INFO - Running: ['***', 'tasks', 'run', 'motower_daily_prod', 'clean_trafic_task', 'scheduled__2024-06-14T06:00:00+00:00', '--job-id', '2703', '--raw', '--subdir', 'DAGS_FOLDER/gps/custom_dags/motower_daily.py', '--cfg-path', '/tmp/tmpfwqan9k5']
[2024-07-25T13:17:33.144+0000] {standard_task_runner.py:91} INFO - Job 2703: Subtask clean_trafic_task
[2024-07-25T13:17:33.189+0000] {task_command.py:426} INFO - Running <TaskInstance: motower_daily_prod.clean_trafic_task scheduled__2024-06-14T06:00:00+00:00 [running]> on host b3845fb494d4
[2024-07-25T13:17:33.284+0000] {taskinstance.py:2648} INFO - Exporting env vars: AIRFLOW_CTX_DAG_EMAIL='richmond.kongo@orange.com,assane.diop@orange.com,cyrille1.danho@orange.com,mohamed2.sylla@orange.com,amadou.diomande@orange.com,Jonas.kouame@orange.com,armand.kablan@orange.com,anicet.azombade@orange.com,etienne.kouadio@orange.com,bertine.kouakou@orange.com,florentine.kouakou@orange.com,ange.phaceli@orange.com,soulegame.soro@orange.com,innocent.yengo@orange.com' AIRFLOW_CTX_DAG_OWNER='***' AIRFLOW_CTX_DAG_ID='motower_daily_prod' AIRFLOW_CTX_TASK_ID='clean_trafic_task' AIRFLOW_CTX_EXECUTION_DATE='2024-06-14T06:00:00+00:00' AIRFLOW_CTX_TRY_NUMBER='1' AIRFLOW_CTX_DAG_RUN_ID='scheduled__2024-06-14T06:00:00+00:00'
[2024-07-25T13:17:33.285+0000] {taskinstance.py:430} INFO - ::endgroup::
[2024-07-25T13:17:33.319+0000] {data_validation.py:11} INFO - START VALIDATION OF COLUMN trafic_data_go
[2024-07-25T13:17:33.321+0000] {data_validation.py:20} INFO - DATA OF COLUMN trafic_data_go ARE VALID
[2024-07-25T13:17:33.321+0000] {data_validation.py:11} INFO - START VALIDATION OF COLUMN trafic_voix_erl
[2024-07-25T13:17:33.322+0000] {data_validation.py:20} INFO - DATA OF COLUMN trafic_voix_erl ARE VALID
[2024-07-25T13:17:33.322+0000] {motower_daily.py:267} INFO - prepare final data
[2024-07-25T13:17:33.354+0000] {python.py:237} INFO - Done. Returned value was: None
[2024-07-25T13:17:33.355+0000] {taskinstance.py:441} INFO - ::group::Post task execution logs
[2024-07-25T13:17:33.365+0000] {taskinstance.py:1206} INFO - Marking task as SUCCESS. dag_id=motower_daily_prod, task_id=clean_trafic_task, run_id=scheduled__2024-06-14T06:00:00+00:00, execution_date=20240614T060000, start_date=20240725T131733, end_date=20240725T131733
[2024-07-25T13:17:33.396+0000] {local_task_job_runner.py:243} INFO - Task exited with return code 0
[2024-07-25T13:17:33.406+0000] {local_task_job_runner.py:222} INFO - ::endgroup::
[2024-07-25T13:25:11.059+0000] {local_task_job_runner.py:120} INFO - ::group::Pre task execution logs
[2024-07-25T13:25:11.104+0000] {taskinstance.py:2076} INFO - Dependencies all met for dep_context=non-requeueable deps ti=<TaskInstance: motower_daily_prod.clean_trafic_task scheduled__2024-06-14T06:00:00+00:00 [queued]>
[2024-07-25T13:25:11.118+0000] {taskinstance.py:2076} INFO - Dependencies all met for dep_context=requeueable deps ti=<TaskInstance: motower_daily_prod.clean_trafic_task scheduled__2024-06-14T06:00:00+00:00 [queued]>
[2024-07-25T13:25:11.119+0000] {taskinstance.py:2306} INFO - Starting attempt 1 of 1
[2024-07-25T13:25:11.136+0000] {taskinstance.py:2330} INFO - Executing <Task(PythonOperator): clean_trafic_task> on 2024-06-14 06:00:00+00:00
[2024-07-25T13:25:11.154+0000] {warnings.py:112} WARNING - /home/***/.local/lib/python3.12/site-packages/***/task/task_runner/standard_task_runner.py:62: DeprecationWarning: This process (pid=12174) is multi-threaded, use of fork() may lead to deadlocks in the child.
  pid = os.fork()

[2024-07-25T13:25:11.156+0000] {standard_task_runner.py:64} INFO - Started process 12191 to run task
[2024-07-25T13:25:11.156+0000] {standard_task_runner.py:90} INFO - Running: ['***', 'tasks', 'run', 'motower_daily_prod', 'clean_trafic_task', 'scheduled__2024-06-14T06:00:00+00:00', '--job-id', '2834', '--raw', '--subdir', 'DAGS_FOLDER/gps/custom_dags/motower_daily.py', '--cfg-path', '/tmp/tmph64ac297']
[2024-07-25T13:25:11.159+0000] {standard_task_runner.py:91} INFO - Job 2834: Subtask clean_trafic_task
[2024-07-25T13:25:11.221+0000] {task_command.py:426} INFO - Running <TaskInstance: motower_daily_prod.clean_trafic_task scheduled__2024-06-14T06:00:00+00:00 [running]> on host b3845fb494d4
[2024-07-25T13:25:11.359+0000] {taskinstance.py:2648} INFO - Exporting env vars: AIRFLOW_CTX_DAG_EMAIL='richmond.kongo@orange.com,assane.diop@orange.com,cyrille1.danho@orange.com,mohamed2.sylla@orange.com,amadou.diomande@orange.com,Jonas.kouame@orange.com,armand.kablan@orange.com,anicet.azombade@orange.com,etienne.kouadio@orange.com,bertine.kouakou@orange.com,florentine.kouakou@orange.com,ange.phaceli@orange.com,soulegame.soro@orange.com,innocent.yengo@orange.com' AIRFLOW_CTX_DAG_OWNER='***' AIRFLOW_CTX_DAG_ID='motower_daily_prod' AIRFLOW_CTX_TASK_ID='clean_trafic_task' AIRFLOW_CTX_EXECUTION_DATE='2024-06-14T06:00:00+00:00' AIRFLOW_CTX_TRY_NUMBER='1' AIRFLOW_CTX_DAG_RUN_ID='scheduled__2024-06-14T06:00:00+00:00'
[2024-07-25T13:25:11.360+0000] {taskinstance.py:430} INFO - ::endgroup::
[2024-07-25T13:25:11.405+0000] {data_validation.py:11} INFO - START VALIDATION OF COLUMN trafic_data_go
[2024-07-25T13:25:11.407+0000] {data_validation.py:20} INFO - DATA OF COLUMN trafic_data_go ARE VALID
[2024-07-25T13:25:11.407+0000] {data_validation.py:11} INFO - START VALIDATION OF COLUMN trafic_voix_erl
[2024-07-25T13:25:11.408+0000] {data_validation.py:20} INFO - DATA OF COLUMN trafic_voix_erl ARE VALID
[2024-07-25T13:25:11.408+0000] {motower_daily.py:267} INFO - prepare final data
[2024-07-25T13:25:11.449+0000] {python.py:237} INFO - Done. Returned value was: None
[2024-07-25T13:25:11.450+0000] {taskinstance.py:441} INFO - ::group::Post task execution logs
[2024-07-25T13:25:11.461+0000] {taskinstance.py:1206} INFO - Marking task as SUCCESS. dag_id=motower_daily_prod, task_id=clean_trafic_task, run_id=scheduled__2024-06-14T06:00:00+00:00, execution_date=20240614T060000, start_date=20240725T132511, end_date=20240725T132511
[2024-07-25T13:25:11.542+0000] {local_task_job_runner.py:243} INFO - Task exited with return code 0
[2024-07-25T13:25:11.552+0000] {local_task_job_runner.py:222} INFO - ::endgroup::
[2024-07-25T15:06:38.512+0000] {local_task_job_runner.py:120} INFO - ::group::Pre task execution logs
[2024-07-25T15:06:38.538+0000] {taskinstance.py:2076} INFO - Dependencies all met for dep_context=non-requeueable deps ti=<TaskInstance: motower_daily_prod.clean_trafic_task scheduled__2024-06-14T06:00:00+00:00 [queued]>
[2024-07-25T15:06:38.547+0000] {taskinstance.py:2076} INFO - Dependencies all met for dep_context=requeueable deps ti=<TaskInstance: motower_daily_prod.clean_trafic_task scheduled__2024-06-14T06:00:00+00:00 [queued]>
[2024-07-25T15:06:38.547+0000] {taskinstance.py:2306} INFO - Starting attempt 1 of 1
[2024-07-25T15:06:38.560+0000] {taskinstance.py:2330} INFO - Executing <Task(PythonOperator): clean_trafic_task> on 2024-06-14 06:00:00+00:00
[2024-07-25T15:06:38.572+0000] {warnings.py:112} WARNING - /home/***/.local/lib/python3.12/site-packages/***/task/task_runner/standard_task_runner.py:62: DeprecationWarning: This process (pid=14358) is multi-threaded, use of fork() may lead to deadlocks in the child.
  pid = os.fork()

[2024-07-25T15:06:38.573+0000] {standard_task_runner.py:64} INFO - Started process 14367 to run task
[2024-07-25T15:06:38.574+0000] {standard_task_runner.py:90} INFO - Running: ['***', 'tasks', 'run', 'motower_daily_prod', 'clean_trafic_task', 'scheduled__2024-06-14T06:00:00+00:00', '--job-id', '3120', '--raw', '--subdir', 'DAGS_FOLDER/gps/custom_dags/motower_daily.py', '--cfg-path', '/tmp/tmp7kyitv1s']
[2024-07-25T15:06:38.576+0000] {standard_task_runner.py:91} INFO - Job 3120: Subtask clean_trafic_task
[2024-07-25T15:06:38.617+0000] {task_command.py:426} INFO - Running <TaskInstance: motower_daily_prod.clean_trafic_task scheduled__2024-06-14T06:00:00+00:00 [running]> on host b3845fb494d4
[2024-07-25T15:06:38.705+0000] {taskinstance.py:2648} INFO - Exporting env vars: AIRFLOW_CTX_DAG_EMAIL='richmond.kongo@orange.com,assane.diop@orange.com,cyrille1.danho@orange.com,mohamed2.sylla@orange.com,amadou.diomande@orange.com,Jonas.kouame@orange.com,armand.kablan@orange.com,anicet.azombade@orange.com,etienne.kouadio@orange.com,bertine.kouakou@orange.com,florentine.kouakou@orange.com,ange.phaceli@orange.com,soulegame.soro@orange.com,innocent.yengo@orange.com' AIRFLOW_CTX_DAG_OWNER='***' AIRFLOW_CTX_DAG_ID='motower_daily_prod' AIRFLOW_CTX_TASK_ID='clean_trafic_task' AIRFLOW_CTX_EXECUTION_DATE='2024-06-14T06:00:00+00:00' AIRFLOW_CTX_TRY_NUMBER='1' AIRFLOW_CTX_DAG_RUN_ID='scheduled__2024-06-14T06:00:00+00:00'
[2024-07-25T15:06:38.706+0000] {taskinstance.py:430} INFO - ::endgroup::
[2024-07-25T15:06:38.737+0000] {data_validation.py:11} INFO - START VALIDATION OF COLUMN trafic_data_go
[2024-07-25T15:06:38.738+0000] {data_validation.py:20} INFO - DATA OF COLUMN trafic_data_go ARE VALID
[2024-07-25T15:06:38.738+0000] {data_validation.py:11} INFO - START VALIDATION OF COLUMN trafic_voix_erl
[2024-07-25T15:06:38.738+0000] {data_validation.py:20} INFO - DATA OF COLUMN trafic_voix_erl ARE VALID
[2024-07-25T15:06:38.739+0000] {motower_daily.py:267} INFO - prepare final data
[2024-07-25T15:06:38.768+0000] {python.py:237} INFO - Done. Returned value was: None
[2024-07-25T15:06:38.768+0000] {taskinstance.py:441} INFO - ::group::Post task execution logs
[2024-07-25T15:06:38.777+0000] {taskinstance.py:1206} INFO - Marking task as SUCCESS. dag_id=motower_daily_prod, task_id=clean_trafic_task, run_id=scheduled__2024-06-14T06:00:00+00:00, execution_date=20240614T060000, start_date=20240725T150638, end_date=20240725T150638
[2024-07-25T15:06:38.827+0000] {local_task_job_runner.py:243} INFO - Task exited with return code 0
[2024-07-25T15:06:38.851+0000] {taskinstance.py:3503} INFO - 0 downstream tasks scheduled from follow-on schedule check
[2024-07-25T15:06:38.853+0000] {local_task_job_runner.py:222} INFO - ::endgroup::
[2024-07-26T11:25:53.730+0000] {local_task_job_runner.py:120} INFO - ::group::Pre task execution logs
[2024-07-26T11:25:53.973+0000] {taskinstance.py:2076} INFO - Dependencies all met for dep_context=non-requeueable deps ti=<TaskInstance: motower_daily_prod.clean_trafic_task scheduled__2024-06-14T06:00:00+00:00 [queued]>
[2024-07-26T11:25:53.983+0000] {taskinstance.py:2076} INFO - Dependencies all met for dep_context=requeueable deps ti=<TaskInstance: motower_daily_prod.clean_trafic_task scheduled__2024-06-14T06:00:00+00:00 [queued]>
[2024-07-26T11:25:53.983+0000] {taskinstance.py:2306} INFO - Starting attempt 1 of 1
[2024-07-26T11:25:53.996+0000] {taskinstance.py:2330} INFO - Executing <Task(PythonOperator): clean_trafic_task> on 2024-06-14 06:00:00+00:00
[2024-07-26T11:25:54.008+0000] {warnings.py:112} WARNING - /home/***/.local/lib/python3.12/site-packages/***/task/task_runner/standard_task_runner.py:62: DeprecationWarning: This process (pid=1202) is multi-threaded, use of fork() may lead to deadlocks in the child.
  pid = os.fork()

[2024-07-26T11:25:54.009+0000] {standard_task_runner.py:64} INFO - Started process 1212 to run task
[2024-07-26T11:25:54.010+0000] {standard_task_runner.py:90} INFO - Running: ['***', 'tasks', 'run', 'motower_daily_prod', 'clean_trafic_task', 'scheduled__2024-06-14T06:00:00+00:00', '--job-id', '3429', '--raw', '--subdir', 'DAGS_FOLDER/gps/custom_dags/motower_daily.py', '--cfg-path', '/tmp/tmp1031hpl8']
[2024-07-26T11:25:54.012+0000] {standard_task_runner.py:91} INFO - Job 3429: Subtask clean_trafic_task
[2024-07-26T11:25:54.052+0000] {task_command.py:426} INFO - Running <TaskInstance: motower_daily_prod.clean_trafic_task scheduled__2024-06-14T06:00:00+00:00 [running]> on host b3845fb494d4
[2024-07-26T11:25:54.139+0000] {taskinstance.py:2648} INFO - Exporting env vars: AIRFLOW_CTX_DAG_EMAIL='richmond.kongo@orange.com,assane.diop@orange.com,cyrille1.danho@orange.com,mohamed2.sylla@orange.com,amadou.diomande@orange.com,Jonas.kouame@orange.com,armand.kablan@orange.com,anicet.azombade@orange.com,etienne.kouadio@orange.com,bertine.kouakou@orange.com,florentine.kouakou@orange.com,ange.phaceli@orange.com,soulegame.soro@orange.com,innocent.yengo@orange.com' AIRFLOW_CTX_DAG_OWNER='***' AIRFLOW_CTX_DAG_ID='motower_daily_prod' AIRFLOW_CTX_TASK_ID='clean_trafic_task' AIRFLOW_CTX_EXECUTION_DATE='2024-06-14T06:00:00+00:00' AIRFLOW_CTX_TRY_NUMBER='1' AIRFLOW_CTX_DAG_RUN_ID='scheduled__2024-06-14T06:00:00+00:00'
[2024-07-26T11:25:54.140+0000] {taskinstance.py:430} INFO - ::endgroup::
[2024-07-26T11:25:54.174+0000] {data_validation.py:11} INFO - START VALIDATION OF COLUMN trafic_data_go
[2024-07-26T11:25:54.176+0000] {data_validation.py:20} INFO - DATA OF COLUMN trafic_data_go ARE VALID
[2024-07-26T11:25:54.176+0000] {data_validation.py:11} INFO - START VALIDATION OF COLUMN trafic_voix_erl
[2024-07-26T11:25:54.177+0000] {data_validation.py:20} INFO - DATA OF COLUMN trafic_voix_erl ARE VALID
[2024-07-26T11:25:54.177+0000] {motower_daily.py:267} INFO - prepare final data
[2024-07-26T11:25:54.208+0000] {python.py:237} INFO - Done. Returned value was: None
[2024-07-26T11:25:54.209+0000] {taskinstance.py:441} INFO - ::group::Post task execution logs
[2024-07-26T11:25:54.218+0000] {taskinstance.py:1206} INFO - Marking task as SUCCESS. dag_id=motower_daily_prod, task_id=clean_trafic_task, run_id=scheduled__2024-06-14T06:00:00+00:00, execution_date=20240614T060000, start_date=20240726T112553, end_date=20240726T112554
[2024-07-26T11:25:54.263+0000] {local_task_job_runner.py:243} INFO - Task exited with return code 0
[2024-07-26T11:25:54.279+0000] {taskinstance.py:3503} INFO - 0 downstream tasks scheduled from follow-on schedule check
[2024-07-26T11:25:54.280+0000] {local_task_job_runner.py:222} INFO - ::endgroup::
[2024-07-26T11:31:16.533+0000] {local_task_job_runner.py:120} INFO - ::group::Pre task execution logs
[2024-07-26T11:31:16.563+0000] {taskinstance.py:2076} INFO - Dependencies all met for dep_context=non-requeueable deps ti=<TaskInstance: motower_daily_prod.clean_trafic_task scheduled__2024-06-14T06:00:00+00:00 [queued]>
[2024-07-26T11:31:16.572+0000] {taskinstance.py:2076} INFO - Dependencies all met for dep_context=requeueable deps ti=<TaskInstance: motower_daily_prod.clean_trafic_task scheduled__2024-06-14T06:00:00+00:00 [queued]>
[2024-07-26T11:31:16.573+0000] {taskinstance.py:2306} INFO - Starting attempt 1 of 1
[2024-07-26T11:31:16.585+0000] {taskinstance.py:2330} INFO - Executing <Task(PythonOperator): clean_trafic_task> on 2024-06-14 06:00:00+00:00
[2024-07-26T11:31:16.596+0000] {warnings.py:112} WARNING - /home/***/.local/lib/python3.12/site-packages/***/task/task_runner/standard_task_runner.py:62: DeprecationWarning: This process (pid=1659) is multi-threaded, use of fork() may lead to deadlocks in the child.
  pid = os.fork()

[2024-07-26T11:31:16.597+0000] {standard_task_runner.py:64} INFO - Started process 1670 to run task
[2024-07-26T11:31:16.598+0000] {standard_task_runner.py:90} INFO - Running: ['***', 'tasks', 'run', 'motower_daily_prod', 'clean_trafic_task', 'scheduled__2024-06-14T06:00:00+00:00', '--job-id', '3557', '--raw', '--subdir', 'DAGS_FOLDER/gps/custom_dags/motower_daily.py', '--cfg-path', '/tmp/tmp23bh4any']
[2024-07-26T11:31:16.600+0000] {standard_task_runner.py:91} INFO - Job 3557: Subtask clean_trafic_task
[2024-07-26T11:31:16.650+0000] {task_command.py:426} INFO - Running <TaskInstance: motower_daily_prod.clean_trafic_task scheduled__2024-06-14T06:00:00+00:00 [running]> on host b3845fb494d4
[2024-07-26T11:31:16.746+0000] {taskinstance.py:2648} INFO - Exporting env vars: AIRFLOW_CTX_DAG_EMAIL='richmond.kongo@orange.com,assane.diop@orange.com,cyrille1.danho@orange.com,mohamed2.sylla@orange.com,amadou.diomande@orange.com,Jonas.kouame@orange.com,armand.kablan@orange.com,anicet.azombade@orange.com,etienne.kouadio@orange.com,bertine.kouakou@orange.com,florentine.kouakou@orange.com,ange.phaceli@orange.com,soulegame.soro@orange.com,innocent.yengo@orange.com' AIRFLOW_CTX_DAG_OWNER='***' AIRFLOW_CTX_DAG_ID='motower_daily_prod' AIRFLOW_CTX_TASK_ID='clean_trafic_task' AIRFLOW_CTX_EXECUTION_DATE='2024-06-14T06:00:00+00:00' AIRFLOW_CTX_TRY_NUMBER='1' AIRFLOW_CTX_DAG_RUN_ID='scheduled__2024-06-14T06:00:00+00:00'
[2024-07-26T11:31:16.748+0000] {taskinstance.py:430} INFO - ::endgroup::
[2024-07-26T11:31:16.790+0000] {data_validation.py:11} INFO - START VALIDATION OF COLUMN trafic_data_go
[2024-07-26T11:31:16.791+0000] {data_validation.py:20} INFO - DATA OF COLUMN trafic_data_go ARE VALID
[2024-07-26T11:31:16.792+0000] {data_validation.py:11} INFO - START VALIDATION OF COLUMN trafic_voix_erl
[2024-07-26T11:31:16.793+0000] {data_validation.py:20} INFO - DATA OF COLUMN trafic_voix_erl ARE VALID
[2024-07-26T11:31:16.793+0000] {motower_daily.py:267} INFO - prepare final data
[2024-07-26T11:31:16.831+0000] {python.py:237} INFO - Done. Returned value was: None
[2024-07-26T11:31:16.832+0000] {taskinstance.py:441} INFO - ::group::Post task execution logs
[2024-07-26T11:31:16.842+0000] {taskinstance.py:1206} INFO - Marking task as SUCCESS. dag_id=motower_daily_prod, task_id=clean_trafic_task, run_id=scheduled__2024-06-14T06:00:00+00:00, execution_date=20240614T060000, start_date=20240726T113116, end_date=20240726T113116
[2024-07-26T11:31:16.892+0000] {local_task_job_runner.py:243} INFO - Task exited with return code 0
[2024-07-26T11:31:16.907+0000] {local_task_job_runner.py:222} INFO - ::endgroup::
[2024-07-26T11:42:49.774+0000] {local_task_job_runner.py:120} INFO - ::group::Pre task execution logs
[2024-07-26T11:42:50.026+0000] {taskinstance.py:2076} INFO - Dependencies all met for dep_context=non-requeueable deps ti=<TaskInstance: motower_daily_prod.clean_trafic_task scheduled__2024-06-14T06:00:00+00:00 [queued]>
[2024-07-26T11:42:50.034+0000] {taskinstance.py:2076} INFO - Dependencies all met for dep_context=requeueable deps ti=<TaskInstance: motower_daily_prod.clean_trafic_task scheduled__2024-06-14T06:00:00+00:00 [queued]>
[2024-07-26T11:42:50.035+0000] {taskinstance.py:2306} INFO - Starting attempt 1 of 1
[2024-07-26T11:42:50.045+0000] {taskinstance.py:2330} INFO - Executing <Task(PythonOperator): clean_trafic_task> on 2024-06-14 06:00:00+00:00
[2024-07-26T11:42:50.054+0000] {warnings.py:112} WARNING - /home/***/.local/lib/python3.12/site-packages/***/task/task_runner/standard_task_runner.py:62: DeprecationWarning: This process (pid=2457) is multi-threaded, use of fork() may lead to deadlocks in the child.
  pid = os.fork()

[2024-07-26T11:42:50.055+0000] {standard_task_runner.py:64} INFO - Started process 2467 to run task
[2024-07-26T11:42:50.056+0000] {standard_task_runner.py:90} INFO - Running: ['***', 'tasks', 'run', 'motower_daily_prod', 'clean_trafic_task', 'scheduled__2024-06-14T06:00:00+00:00', '--job-id', '3775', '--raw', '--subdir', 'DAGS_FOLDER/gps/custom_dags/motower_daily.py', '--cfg-path', '/tmp/tmpuafp4mhz']
[2024-07-26T11:42:50.057+0000] {standard_task_runner.py:91} INFO - Job 3775: Subtask clean_trafic_task
[2024-07-26T11:42:50.097+0000] {task_command.py:426} INFO - Running <TaskInstance: motower_daily_prod.clean_trafic_task scheduled__2024-06-14T06:00:00+00:00 [running]> on host b3845fb494d4
[2024-07-26T11:42:50.183+0000] {taskinstance.py:2648} INFO - Exporting env vars: AIRFLOW_CTX_DAG_EMAIL='richmond.kongo@orange.com,assane.diop@orange.com,cyrille1.danho@orange.com,mohamed2.sylla@orange.com,amadou.diomande@orange.com,Jonas.kouame@orange.com,armand.kablan@orange.com,anicet.azombade@orange.com,etienne.kouadio@orange.com,bertine.kouakou@orange.com,florentine.kouakou@orange.com,ange.phaceli@orange.com,soulegame.soro@orange.com,innocent.yengo@orange.com' AIRFLOW_CTX_DAG_OWNER='***' AIRFLOW_CTX_DAG_ID='motower_daily_prod' AIRFLOW_CTX_TASK_ID='clean_trafic_task' AIRFLOW_CTX_EXECUTION_DATE='2024-06-14T06:00:00+00:00' AIRFLOW_CTX_TRY_NUMBER='1' AIRFLOW_CTX_DAG_RUN_ID='scheduled__2024-06-14T06:00:00+00:00'
[2024-07-26T11:42:50.185+0000] {taskinstance.py:430} INFO - ::endgroup::
[2024-07-26T11:42:50.219+0000] {data_validation.py:11} INFO - START VALIDATION OF COLUMN trafic_data_go
[2024-07-26T11:42:50.220+0000] {data_validation.py:20} INFO - DATA OF COLUMN trafic_data_go ARE VALID
[2024-07-26T11:42:50.221+0000] {data_validation.py:11} INFO - START VALIDATION OF COLUMN trafic_voix_erl
[2024-07-26T11:42:50.221+0000] {data_validation.py:20} INFO - DATA OF COLUMN trafic_voix_erl ARE VALID
[2024-07-26T11:42:50.221+0000] {motower_daily.py:267} INFO - prepare final data
[2024-07-26T11:42:50.254+0000] {python.py:237} INFO - Done. Returned value was: None
[2024-07-26T11:42:50.254+0000] {taskinstance.py:441} INFO - ::group::Post task execution logs
[2024-07-26T11:42:50.264+0000] {taskinstance.py:1206} INFO - Marking task as SUCCESS. dag_id=motower_daily_prod, task_id=clean_trafic_task, run_id=scheduled__2024-06-14T06:00:00+00:00, execution_date=20240614T060000, start_date=20240726T114250, end_date=20240726T114250
[2024-07-26T11:42:50.309+0000] {local_task_job_runner.py:243} INFO - Task exited with return code 0
[2024-07-26T11:42:50.325+0000] {local_task_job_runner.py:222} INFO - ::endgroup::
[2024-07-26T12:09:50.717+0000] {local_task_job_runner.py:120} INFO - ::group::Pre task execution logs
[2024-07-26T12:09:50.766+0000] {taskinstance.py:2076} INFO - Dependencies all met for dep_context=non-requeueable deps ti=<TaskInstance: motower_daily_prod.clean_trafic_task scheduled__2024-06-14T06:00:00+00:00 [queued]>
[2024-07-26T12:09:50.780+0000] {taskinstance.py:2076} INFO - Dependencies all met for dep_context=requeueable deps ti=<TaskInstance: motower_daily_prod.clean_trafic_task scheduled__2024-06-14T06:00:00+00:00 [queued]>
[2024-07-26T12:09:50.780+0000] {taskinstance.py:2306} INFO - Starting attempt 1 of 1
[2024-07-26T12:09:50.798+0000] {taskinstance.py:2330} INFO - Executing <Task(PythonOperator): clean_trafic_task> on 2024-06-14 06:00:00+00:00
[2024-07-26T12:09:50.813+0000] {warnings.py:112} WARNING - /home/***/.local/lib/python3.12/site-packages/***/task/task_runner/standard_task_runner.py:62: DeprecationWarning: This process (pid=510) is multi-threaded, use of fork() may lead to deadlocks in the child.
  pid = os.fork()

[2024-07-26T12:09:50.815+0000] {standard_task_runner.py:64} INFO - Started process 533 to run task
[2024-07-26T12:09:50.821+0000] {standard_task_runner.py:90} INFO - Running: ['***', 'tasks', 'run', 'motower_daily_prod', 'clean_trafic_task', 'scheduled__2024-06-14T06:00:00+00:00', '--job-id', '115', '--raw', '--subdir', 'DAGS_FOLDER/gps/custom_dags/motower_daily.py', '--cfg-path', '/tmp/tmpfz0pj60_']
[2024-07-26T12:09:50.824+0000] {standard_task_runner.py:91} INFO - Job 115: Subtask clean_trafic_task
[2024-07-26T12:09:50.894+0000] {task_command.py:426} INFO - Running <TaskInstance: motower_daily_prod.clean_trafic_task scheduled__2024-06-14T06:00:00+00:00 [running]> on host 38513f9ed169
[2024-07-26T12:09:51.057+0000] {taskinstance.py:2648} INFO - Exporting env vars: AIRFLOW_CTX_DAG_EMAIL='richmond.kongo@orange.com,assane.diop@orange.com,cyrille1.danho@orange.com,mohamed2.sylla@orange.com,amadou.diomande@orange.com,Jonas.kouame@orange.com,armand.kablan@orange.com,anicet.azombade@orange.com,etienne.kouadio@orange.com,bertine.kouakou@orange.com,florentine.kouakou@orange.com,ange.phaceli@orange.com,soulegame.soro@orange.com,innocent.yengo@orange.com' AIRFLOW_CTX_DAG_OWNER='***' AIRFLOW_CTX_DAG_ID='motower_daily_prod' AIRFLOW_CTX_TASK_ID='clean_trafic_task' AIRFLOW_CTX_EXECUTION_DATE='2024-06-14T06:00:00+00:00' AIRFLOW_CTX_TRY_NUMBER='1' AIRFLOW_CTX_DAG_RUN_ID='scheduled__2024-06-14T06:00:00+00:00'
[2024-07-26T12:09:51.058+0000] {taskinstance.py:430} INFO - ::endgroup::
[2024-07-26T12:09:51.097+0000] {data_validation.py:11} INFO - START VALIDATION OF COLUMN trafic_data_go
[2024-07-26T12:09:51.098+0000] {data_validation.py:20} INFO - DATA OF COLUMN trafic_data_go ARE VALID
[2024-07-26T12:09:51.099+0000] {data_validation.py:11} INFO - START VALIDATION OF COLUMN trafic_voix_erl
[2024-07-26T12:09:51.099+0000] {data_validation.py:20} INFO - DATA OF COLUMN trafic_voix_erl ARE VALID
[2024-07-26T12:09:51.100+0000] {motower_daily.py:267} INFO - prepare final data
[2024-07-26T12:09:51.144+0000] {python.py:237} INFO - Done. Returned value was: None
[2024-07-26T12:09:51.145+0000] {taskinstance.py:441} INFO - ::group::Post task execution logs
[2024-07-26T12:09:51.155+0000] {taskinstance.py:1206} INFO - Marking task as SUCCESS. dag_id=motower_daily_prod, task_id=clean_trafic_task, run_id=scheduled__2024-06-14T06:00:00+00:00, execution_date=20240614T060000, start_date=20240726T120950, end_date=20240726T120951
[2024-07-26T12:09:51.193+0000] {local_task_job_runner.py:243} INFO - Task exited with return code 0
[2024-07-26T12:09:51.209+0000] {taskinstance.py:3503} INFO - 0 downstream tasks scheduled from follow-on schedule check
[2024-07-26T12:09:51.210+0000] {local_task_job_runner.py:222} INFO - ::endgroup::
[2024-07-26T12:20:35.755+0000] {local_task_job_runner.py:120} INFO - ::group::Pre task execution logs
[2024-07-26T12:20:36.085+0000] {taskinstance.py:2076} INFO - Dependencies all met for dep_context=non-requeueable deps ti=<TaskInstance: motower_daily_prod.clean_trafic_task scheduled__2024-06-14T06:00:00+00:00 [queued]>
[2024-07-26T12:20:36.100+0000] {taskinstance.py:2076} INFO - Dependencies all met for dep_context=requeueable deps ti=<TaskInstance: motower_daily_prod.clean_trafic_task scheduled__2024-06-14T06:00:00+00:00 [queued]>
[2024-07-26T12:20:36.100+0000] {taskinstance.py:2306} INFO - Starting attempt 1 of 1
[2024-07-26T12:20:36.118+0000] {taskinstance.py:2330} INFO - Executing <Task(PythonOperator): clean_trafic_task> on 2024-06-14 06:00:00+00:00
[2024-07-26T12:20:36.141+0000] {warnings.py:112} WARNING - /home/***/.local/lib/python3.12/site-packages/***/task/task_runner/standard_task_runner.py:62: DeprecationWarning: This process (pid=769) is multi-threaded, use of fork() may lead to deadlocks in the child.
  pid = os.fork()

[2024-07-26T12:20:36.143+0000] {standard_task_runner.py:64} INFO - Started process 792 to run task
[2024-07-26T12:20:36.144+0000] {standard_task_runner.py:90} INFO - Running: ['***', 'tasks', 'run', 'motower_daily_prod', 'clean_trafic_task', 'scheduled__2024-06-14T06:00:00+00:00', '--job-id', '220', '--raw', '--subdir', 'DAGS_FOLDER/gps/custom_dags/motower_daily.py', '--cfg-path', '/tmp/tmpv98tv05p']
[2024-07-26T12:20:36.147+0000] {standard_task_runner.py:91} INFO - Job 220: Subtask clean_trafic_task
[2024-07-26T12:20:36.218+0000] {task_command.py:426} INFO - Running <TaskInstance: motower_daily_prod.clean_trafic_task scheduled__2024-06-14T06:00:00+00:00 [running]> on host 88c2b04746a4
[2024-07-26T12:20:36.345+0000] {taskinstance.py:2648} INFO - Exporting env vars: AIRFLOW_CTX_DAG_EMAIL='richmond.kongo@orange.com,assane.diop@orange.com,cyrille1.danho@orange.com,mohamed2.sylla@orange.com,amadou.diomande@orange.com,Jonas.kouame@orange.com,armand.kablan@orange.com,anicet.azombade@orange.com,etienne.kouadio@orange.com,bertine.kouakou@orange.com,florentine.kouakou@orange.com,ange.phaceli@orange.com,soulegame.soro@orange.com,innocent.yengo@orange.com' AIRFLOW_CTX_DAG_OWNER='***' AIRFLOW_CTX_DAG_ID='motower_daily_prod' AIRFLOW_CTX_TASK_ID='clean_trafic_task' AIRFLOW_CTX_EXECUTION_DATE='2024-06-14T06:00:00+00:00' AIRFLOW_CTX_TRY_NUMBER='1' AIRFLOW_CTX_DAG_RUN_ID='scheduled__2024-06-14T06:00:00+00:00'
[2024-07-26T12:20:36.348+0000] {taskinstance.py:430} INFO - ::endgroup::
[2024-07-26T12:20:36.392+0000] {data_validation.py:11} INFO - START VALIDATION OF COLUMN trafic_data_go
[2024-07-26T12:20:36.393+0000] {data_validation.py:20} INFO - DATA OF COLUMN trafic_data_go ARE VALID
[2024-07-26T12:20:36.393+0000] {data_validation.py:11} INFO - START VALIDATION OF COLUMN trafic_voix_erl
[2024-07-26T12:20:36.396+0000] {data_validation.py:20} INFO - DATA OF COLUMN trafic_voix_erl ARE VALID
[2024-07-26T12:20:36.396+0000] {motower_daily.py:267} INFO - prepare final data
[2024-07-26T12:20:36.437+0000] {python.py:237} INFO - Done. Returned value was: None
[2024-07-26T12:20:36.438+0000] {taskinstance.py:441} INFO - ::group::Post task execution logs
[2024-07-26T12:20:36.456+0000] {taskinstance.py:1206} INFO - Marking task as SUCCESS. dag_id=motower_daily_prod, task_id=clean_trafic_task, run_id=scheduled__2024-06-14T06:00:00+00:00, execution_date=20240614T060000, start_date=20240726T122036, end_date=20240726T122036
[2024-07-26T12:20:36.486+0000] {local_task_job_runner.py:243} INFO - Task exited with return code 0
[2024-07-26T12:20:36.498+0000] {local_task_job_runner.py:222} INFO - ::endgroup::
[2024-07-26T12:23:52.727+0000] {local_task_job_runner.py:120} INFO - ::group::Pre task execution logs
[2024-07-26T12:23:53.009+0000] {taskinstance.py:2076} INFO - Dependencies all met for dep_context=non-requeueable deps ti=<TaskInstance: motower_daily_prod.clean_trafic_task scheduled__2024-06-14T06:00:00+00:00 [queued]>
[2024-07-26T12:23:53.019+0000] {taskinstance.py:2076} INFO - Dependencies all met for dep_context=requeueable deps ti=<TaskInstance: motower_daily_prod.clean_trafic_task scheduled__2024-06-14T06:00:00+00:00 [queued]>
[2024-07-26T12:23:53.019+0000] {taskinstance.py:2306} INFO - Starting attempt 1 of 1
[2024-07-26T12:23:53.034+0000] {taskinstance.py:2330} INFO - Executing <Task(PythonOperator): clean_trafic_task> on 2024-06-14 06:00:00+00:00
[2024-07-26T12:23:53.046+0000] {warnings.py:112} WARNING - /home/***/.local/lib/python3.12/site-packages/***/task/task_runner/standard_task_runner.py:62: DeprecationWarning: This process (pid=1643) is multi-threaded, use of fork() may lead to deadlocks in the child.
  pid = os.fork()

[2024-07-26T12:23:53.048+0000] {standard_task_runner.py:64} INFO - Started process 1655 to run task
[2024-07-26T12:23:53.048+0000] {standard_task_runner.py:90} INFO - Running: ['***', 'tasks', 'run', 'motower_daily_prod', 'clean_trafic_task', 'scheduled__2024-06-14T06:00:00+00:00', '--job-id', '495', '--raw', '--subdir', 'DAGS_FOLDER/gps/custom_dags/motower_daily.py', '--cfg-path', '/tmp/tmp56g_hvjl']
[2024-07-26T12:23:53.050+0000] {standard_task_runner.py:91} INFO - Job 495: Subtask clean_trafic_task
[2024-07-26T12:23:53.100+0000] {task_command.py:426} INFO - Running <TaskInstance: motower_daily_prod.clean_trafic_task scheduled__2024-06-14T06:00:00+00:00 [running]> on host 88c2b04746a4
[2024-07-26T12:23:53.210+0000] {taskinstance.py:2648} INFO - Exporting env vars: AIRFLOW_CTX_DAG_EMAIL='richmond.kongo@orange.com,assane.diop@orange.com,cyrille1.danho@orange.com,mohamed2.sylla@orange.com,amadou.diomande@orange.com,Jonas.kouame@orange.com,armand.kablan@orange.com,anicet.azombade@orange.com,etienne.kouadio@orange.com,bertine.kouakou@orange.com,florentine.kouakou@orange.com,ange.phaceli@orange.com,soulegame.soro@orange.com,innocent.yengo@orange.com' AIRFLOW_CTX_DAG_OWNER='***' AIRFLOW_CTX_DAG_ID='motower_daily_prod' AIRFLOW_CTX_TASK_ID='clean_trafic_task' AIRFLOW_CTX_EXECUTION_DATE='2024-06-14T06:00:00+00:00' AIRFLOW_CTX_TRY_NUMBER='1' AIRFLOW_CTX_DAG_RUN_ID='scheduled__2024-06-14T06:00:00+00:00'
[2024-07-26T12:23:53.211+0000] {taskinstance.py:430} INFO - ::endgroup::
[2024-07-26T12:23:53.256+0000] {data_validation.py:11} INFO - START VALIDATION OF COLUMN trafic_data_go
[2024-07-26T12:23:53.257+0000] {data_validation.py:20} INFO - DATA OF COLUMN trafic_data_go ARE VALID
[2024-07-26T12:23:53.258+0000] {data_validation.py:11} INFO - START VALIDATION OF COLUMN trafic_voix_erl
[2024-07-26T12:23:53.259+0000] {data_validation.py:20} INFO - DATA OF COLUMN trafic_voix_erl ARE VALID
[2024-07-26T12:23:53.260+0000] {motower_daily.py:267} INFO - prepare final data
[2024-07-26T12:23:53.299+0000] {python.py:237} INFO - Done. Returned value was: None
[2024-07-26T12:23:53.300+0000] {taskinstance.py:441} INFO - ::group::Post task execution logs
[2024-07-26T12:23:53.312+0000] {taskinstance.py:1206} INFO - Marking task as SUCCESS. dag_id=motower_daily_prod, task_id=clean_trafic_task, run_id=scheduled__2024-06-14T06:00:00+00:00, execution_date=20240614T060000, start_date=20240726T122353, end_date=20240726T122353
[2024-07-26T12:23:53.343+0000] {local_task_job_runner.py:243} INFO - Task exited with return code 0
[2024-07-26T12:23:53.363+0000] {taskinstance.py:3503} INFO - 0 downstream tasks scheduled from follow-on schedule check
[2024-07-26T12:23:53.364+0000] {local_task_job_runner.py:222} INFO - ::endgroup::
[2024-07-26T12:29:32.778+0000] {local_task_job_runner.py:120} INFO - ::group::Pre task execution logs
[2024-07-26T12:29:32.812+0000] {taskinstance.py:2076} INFO - Dependencies all met for dep_context=non-requeueable deps ti=<TaskInstance: motower_daily_prod.clean_trafic_task scheduled__2024-06-14T06:00:00+00:00 [queued]>
[2024-07-26T12:29:32.824+0000] {taskinstance.py:2076} INFO - Dependencies all met for dep_context=requeueable deps ti=<TaskInstance: motower_daily_prod.clean_trafic_task scheduled__2024-06-14T06:00:00+00:00 [queued]>
[2024-07-26T12:29:32.825+0000] {taskinstance.py:2306} INFO - Starting attempt 1 of 1
[2024-07-26T12:29:32.841+0000] {taskinstance.py:2330} INFO - Executing <Task(PythonOperator): clean_trafic_task> on 2024-06-14 06:00:00+00:00
[2024-07-26T12:29:32.856+0000] {warnings.py:112} WARNING - /home/***/.local/lib/python3.12/site-packages/***/task/task_runner/standard_task_runner.py:62: DeprecationWarning: This process (pid=2556) is multi-threaded, use of fork() may lead to deadlocks in the child.
  pid = os.fork()

[2024-07-26T12:29:32.859+0000] {standard_task_runner.py:64} INFO - Started process 2567 to run task
[2024-07-26T12:29:32.874+0000] {standard_task_runner.py:90} INFO - Running: ['***', 'tasks', 'run', 'motower_daily_prod', 'clean_trafic_task', 'scheduled__2024-06-14T06:00:00+00:00', '--job-id', '780', '--raw', '--subdir', 'DAGS_FOLDER/gps/custom_dags/motower_daily.py', '--cfg-path', '/tmp/tmpk2hcv7d6']
[2024-07-26T12:29:32.876+0000] {standard_task_runner.py:91} INFO - Job 780: Subtask clean_trafic_task
[2024-07-26T12:29:32.962+0000] {task_command.py:426} INFO - Running <TaskInstance: motower_daily_prod.clean_trafic_task scheduled__2024-06-14T06:00:00+00:00 [running]> on host 88c2b04746a4
[2024-07-26T12:29:33.143+0000] {taskinstance.py:2648} INFO - Exporting env vars: AIRFLOW_CTX_DAG_EMAIL='richmond.kongo@orange.com,assane.diop@orange.com,cyrille1.danho@orange.com,mohamed2.sylla@orange.com,amadou.diomande@orange.com,Jonas.kouame@orange.com,armand.kablan@orange.com,anicet.azombade@orange.com,etienne.kouadio@orange.com,bertine.kouakou@orange.com,florentine.kouakou@orange.com,ange.phaceli@orange.com,soulegame.soro@orange.com,innocent.yengo@orange.com' AIRFLOW_CTX_DAG_OWNER='***' AIRFLOW_CTX_DAG_ID='motower_daily_prod' AIRFLOW_CTX_TASK_ID='clean_trafic_task' AIRFLOW_CTX_EXECUTION_DATE='2024-06-14T06:00:00+00:00' AIRFLOW_CTX_TRY_NUMBER='1' AIRFLOW_CTX_DAG_RUN_ID='scheduled__2024-06-14T06:00:00+00:00'
[2024-07-26T12:29:33.144+0000] {taskinstance.py:430} INFO - ::endgroup::
[2024-07-26T12:29:33.191+0000] {data_validation.py:11} INFO - START VALIDATION OF COLUMN trafic_data_go
[2024-07-26T12:29:33.192+0000] {data_validation.py:20} INFO - DATA OF COLUMN trafic_data_go ARE VALID
[2024-07-26T12:29:33.193+0000] {data_validation.py:11} INFO - START VALIDATION OF COLUMN trafic_voix_erl
[2024-07-26T12:29:33.193+0000] {data_validation.py:20} INFO - DATA OF COLUMN trafic_voix_erl ARE VALID
[2024-07-26T12:29:33.194+0000] {motower_daily.py:267} INFO - prepare final data
[2024-07-26T12:29:33.249+0000] {python.py:237} INFO - Done. Returned value was: None
[2024-07-26T12:29:33.250+0000] {taskinstance.py:441} INFO - ::group::Post task execution logs
[2024-07-26T12:29:33.273+0000] {taskinstance.py:1206} INFO - Marking task as SUCCESS. dag_id=motower_daily_prod, task_id=clean_trafic_task, run_id=scheduled__2024-06-14T06:00:00+00:00, execution_date=20240614T060000, start_date=20240726T122932, end_date=20240726T122933
[2024-07-26T12:29:33.338+0000] {local_task_job_runner.py:243} INFO - Task exited with return code 0
[2024-07-26T12:29:33.354+0000] {taskinstance.py:3503} INFO - 0 downstream tasks scheduled from follow-on schedule check
[2024-07-26T12:29:33.355+0000] {local_task_job_runner.py:222} INFO - ::endgroup::
[2024-07-26T12:46:38.250+0000] {local_task_job_runner.py:120} INFO - ::group::Pre task execution logs
[2024-07-26T12:46:38.300+0000] {taskinstance.py:2076} INFO - Dependencies all met for dep_context=non-requeueable deps ti=<TaskInstance: motower_daily_prod.clean_trafic_task scheduled__2024-06-14T06:00:00+00:00 [queued]>
[2024-07-26T12:46:38.325+0000] {taskinstance.py:2076} INFO - Dependencies all met for dep_context=requeueable deps ti=<TaskInstance: motower_daily_prod.clean_trafic_task scheduled__2024-06-14T06:00:00+00:00 [queued]>
[2024-07-26T12:46:38.325+0000] {taskinstance.py:2306} INFO - Starting attempt 1 of 1
[2024-07-26T12:46:38.347+0000] {taskinstance.py:2330} INFO - Executing <Task(PythonOperator): clean_trafic_task> on 2024-06-14 06:00:00+00:00
[2024-07-26T12:46:38.364+0000] {warnings.py:112} WARNING - /home/***/.local/lib/python3.12/site-packages/***/task/task_runner/standard_task_runner.py:62: DeprecationWarning: This process (pid=895) is multi-threaded, use of fork() may lead to deadlocks in the child.
  pid = os.fork()

[2024-07-26T12:46:38.366+0000] {standard_task_runner.py:64} INFO - Started process 911 to run task
[2024-07-26T12:46:38.366+0000] {standard_task_runner.py:90} INFO - Running: ['***', 'tasks', 'run', 'motower_daily_prod', 'clean_trafic_task', 'scheduled__2024-06-14T06:00:00+00:00', '--job-id', '249', '--raw', '--subdir', 'DAGS_FOLDER/gps/custom_dags/motower_daily.py', '--cfg-path', '/tmp/tmpg0lwfwal']
[2024-07-26T12:46:38.372+0000] {standard_task_runner.py:91} INFO - Job 249: Subtask clean_trafic_task
[2024-07-26T12:46:38.448+0000] {task_command.py:426} INFO - Running <TaskInstance: motower_daily_prod.clean_trafic_task scheduled__2024-06-14T06:00:00+00:00 [running]> on host e824106b656d
[2024-07-26T12:46:38.625+0000] {taskinstance.py:2648} INFO - Exporting env vars: AIRFLOW_CTX_DAG_EMAIL='richmond.kongo@orange.com,assane.diop@orange.com,cyrille1.danho@orange.com,mohamed2.sylla@orange.com,amadou.diomande@orange.com,Jonas.kouame@orange.com,armand.kablan@orange.com,anicet.azombade@orange.com,etienne.kouadio@orange.com,bertine.kouakou@orange.com,florentine.kouakou@orange.com,ange.phaceli@orange.com,soulegame.soro@orange.com,innocent.yengo@orange.com' AIRFLOW_CTX_DAG_OWNER='***' AIRFLOW_CTX_DAG_ID='motower_daily_prod' AIRFLOW_CTX_TASK_ID='clean_trafic_task' AIRFLOW_CTX_EXECUTION_DATE='2024-06-14T06:00:00+00:00' AIRFLOW_CTX_TRY_NUMBER='1' AIRFLOW_CTX_DAG_RUN_ID='scheduled__2024-06-14T06:00:00+00:00'
[2024-07-26T12:46:38.636+0000] {taskinstance.py:430} INFO - ::endgroup::
[2024-07-26T12:46:38.694+0000] {data_validation.py:11} INFO - START VALIDATION OF COLUMN trafic_data_go
[2024-07-26T12:46:38.696+0000] {data_validation.py:20} INFO - DATA OF COLUMN trafic_data_go ARE VALID
[2024-07-26T12:46:38.697+0000] {data_validation.py:11} INFO - START VALIDATION OF COLUMN trafic_voix_erl
[2024-07-26T12:46:38.698+0000] {data_validation.py:20} INFO - DATA OF COLUMN trafic_voix_erl ARE VALID
[2024-07-26T12:46:38.699+0000] {motower_daily.py:267} INFO - prepare final data
[2024-07-26T12:46:38.708+0000] {logging_mixin.py:188} INFO - ================================
[2024-07-26T12:46:38.709+0000] {logging_mixin.py:188} INFO - object
[2024-07-26T12:46:38.741+0000] {python.py:237} INFO - Done. Returned value was: None
[2024-07-26T12:46:38.742+0000] {taskinstance.py:441} INFO - ::group::Post task execution logs
[2024-07-26T12:46:38.760+0000] {taskinstance.py:1206} INFO - Marking task as SUCCESS. dag_id=motower_daily_prod, task_id=clean_trafic_task, run_id=scheduled__2024-06-14T06:00:00+00:00, execution_date=20240614T060000, start_date=20240726T124638, end_date=20240726T124638
[2024-07-26T12:46:38.840+0000] {local_task_job_runner.py:243} INFO - Task exited with return code 0
[2024-07-26T12:46:38.863+0000] {taskinstance.py:3503} INFO - 0 downstream tasks scheduled from follow-on schedule check
[2024-07-26T12:46:38.865+0000] {local_task_job_runner.py:222} INFO - ::endgroup::
[2024-07-26T12:54:08.775+0000] {local_task_job_runner.py:120} INFO - ::group::Pre task execution logs
[2024-07-26T12:54:08.814+0000] {taskinstance.py:2076} INFO - Dependencies all met for dep_context=non-requeueable deps ti=<TaskInstance: motower_daily_prod.clean_trafic_task scheduled__2024-06-14T06:00:00+00:00 [queued]>
[2024-07-26T12:54:08.829+0000] {taskinstance.py:2076} INFO - Dependencies all met for dep_context=requeueable deps ti=<TaskInstance: motower_daily_prod.clean_trafic_task scheduled__2024-06-14T06:00:00+00:00 [queued]>
[2024-07-26T12:54:08.829+0000] {taskinstance.py:2306} INFO - Starting attempt 1 of 1
[2024-07-26T12:54:08.849+0000] {taskinstance.py:2330} INFO - Executing <Task(PythonOperator): clean_trafic_task> on 2024-06-14 06:00:00+00:00
[2024-07-26T12:54:08.865+0000] {warnings.py:112} WARNING - /home/***/.local/lib/python3.12/site-packages/***/task/task_runner/standard_task_runner.py:62: DeprecationWarning: This process (pid=1888) is multi-threaded, use of fork() may lead to deadlocks in the child.
  pid = os.fork()

[2024-07-26T12:54:08.867+0000] {standard_task_runner.py:64} INFO - Started process 1902 to run task
[2024-07-26T12:54:08.870+0000] {standard_task_runner.py:90} INFO - Running: ['***', 'tasks', 'run', 'motower_daily_prod', 'clean_trafic_task', 'scheduled__2024-06-14T06:00:00+00:00', '--job-id', '547', '--raw', '--subdir', 'DAGS_FOLDER/gps/custom_dags/motower_daily.py', '--cfg-path', '/tmp/tmppd0333j9']
[2024-07-26T12:54:08.873+0000] {standard_task_runner.py:91} INFO - Job 547: Subtask clean_trafic_task
[2024-07-26T12:54:08.933+0000] {task_command.py:426} INFO - Running <TaskInstance: motower_daily_prod.clean_trafic_task scheduled__2024-06-14T06:00:00+00:00 [running]> on host e824106b656d
[2024-07-26T12:54:09.064+0000] {taskinstance.py:2648} INFO - Exporting env vars: AIRFLOW_CTX_DAG_EMAIL='richmond.kongo@orange.com,assane.diop@orange.com,cyrille1.danho@orange.com,mohamed2.sylla@orange.com,amadou.diomande@orange.com,Jonas.kouame@orange.com,armand.kablan@orange.com,anicet.azombade@orange.com,etienne.kouadio@orange.com,bertine.kouakou@orange.com,florentine.kouakou@orange.com,ange.phaceli@orange.com,soulegame.soro@orange.com,innocent.yengo@orange.com' AIRFLOW_CTX_DAG_OWNER='***' AIRFLOW_CTX_DAG_ID='motower_daily_prod' AIRFLOW_CTX_TASK_ID='clean_trafic_task' AIRFLOW_CTX_EXECUTION_DATE='2024-06-14T06:00:00+00:00' AIRFLOW_CTX_TRY_NUMBER='1' AIRFLOW_CTX_DAG_RUN_ID='scheduled__2024-06-14T06:00:00+00:00'
[2024-07-26T12:54:09.065+0000] {taskinstance.py:430} INFO - ::endgroup::
[2024-07-26T12:54:09.112+0000] {data_validation.py:11} INFO - START VALIDATION OF COLUMN trafic_data_go
[2024-07-26T12:54:09.114+0000] {data_validation.py:20} INFO - DATA OF COLUMN trafic_data_go ARE VALID
[2024-07-26T12:54:09.114+0000] {data_validation.py:11} INFO - START VALIDATION OF COLUMN trafic_voix_erl
[2024-07-26T12:54:09.115+0000] {data_validation.py:20} INFO - DATA OF COLUMN trafic_voix_erl ARE VALID
[2024-07-26T12:54:09.116+0000] {motower_daily.py:267} INFO - prepare final data
[2024-07-26T12:54:09.127+0000] {logging_mixin.py:188} INFO - ================================
[2024-07-26T12:54:09.127+0000] {logging_mixin.py:188} INFO - object
[2024-07-26T12:54:09.156+0000] {python.py:237} INFO - Done. Returned value was: None
[2024-07-26T12:54:09.158+0000] {taskinstance.py:441} INFO - ::group::Post task execution logs
[2024-07-26T12:54:09.170+0000] {taskinstance.py:1206} INFO - Marking task as SUCCESS. dag_id=motower_daily_prod, task_id=clean_trafic_task, run_id=scheduled__2024-06-14T06:00:00+00:00, execution_date=20240614T060000, start_date=20240726T125408, end_date=20240726T125409
[2024-07-26T12:54:09.203+0000] {local_task_job_runner.py:243} INFO - Task exited with return code 0
[2024-07-26T12:54:09.223+0000] {taskinstance.py:3503} INFO - 0 downstream tasks scheduled from follow-on schedule check
[2024-07-26T12:54:09.224+0000] {local_task_job_runner.py:222} INFO - ::endgroup::
[2024-07-29T11:59:11.580+0000] {local_task_job_runner.py:120} INFO - ::group::Pre task execution logs
[2024-07-29T11:59:11.621+0000] {taskinstance.py:2076} INFO - Dependencies all met for dep_context=non-requeueable deps ti=<TaskInstance: motower_daily_prod.clean_trafic_task scheduled__2024-06-14T06:00:00+00:00 [queued]>
[2024-07-29T11:59:11.639+0000] {taskinstance.py:2076} INFO - Dependencies all met for dep_context=requeueable deps ti=<TaskInstance: motower_daily_prod.clean_trafic_task scheduled__2024-06-14T06:00:00+00:00 [queued]>
[2024-07-29T11:59:11.640+0000] {taskinstance.py:2306} INFO - Starting attempt 1 of 1
[2024-07-29T11:59:11.656+0000] {taskinstance.py:2330} INFO - Executing <Task(PythonOperator): clean_trafic_task> on 2024-06-14 06:00:00+00:00
[2024-07-29T11:59:11.673+0000] {warnings.py:112} WARNING - /home/***/.local/lib/python3.12/site-packages/***/task/task_runner/standard_task_runner.py:62: DeprecationWarning: This process (pid=3030) is multi-threaded, use of fork() may lead to deadlocks in the child.
  pid = os.fork()

[2024-07-29T11:59:11.675+0000] {standard_task_runner.py:64} INFO - Started process 3051 to run task
[2024-07-29T11:59:11.674+0000] {standard_task_runner.py:90} INFO - Running: ['***', 'tasks', 'run', 'motower_daily_prod', 'clean_trafic_task', 'scheduled__2024-06-14T06:00:00+00:00', '--job-id', '820', '--raw', '--subdir', 'DAGS_FOLDER/gps/custom_dags/motower_daily.py', '--cfg-path', '/tmp/tmp726921gg']
[2024-07-29T11:59:11.677+0000] {standard_task_runner.py:91} INFO - Job 820: Subtask clean_trafic_task
[2024-07-29T11:59:11.730+0000] {task_command.py:426} INFO - Running <TaskInstance: motower_daily_prod.clean_trafic_task scheduled__2024-06-14T06:00:00+00:00 [running]> on host e824106b656d
[2024-07-29T11:59:11.848+0000] {taskinstance.py:2648} INFO - Exporting env vars: AIRFLOW_CTX_DAG_EMAIL='richmond.kongo@orange.com,assane.diop@orange.com,cyrille1.danho@orange.com,mohamed2.sylla@orange.com,amadou.diomande@orange.com,Jonas.kouame@orange.com,armand.kablan@orange.com,anicet.azombade@orange.com,etienne.kouadio@orange.com,bertine.kouakou@orange.com,florentine.kouakou@orange.com,ange.phaceli@orange.com,soulegame.soro@orange.com,innocent.yengo@orange.com' AIRFLOW_CTX_DAG_OWNER='***' AIRFLOW_CTX_DAG_ID='motower_daily_prod' AIRFLOW_CTX_TASK_ID='clean_trafic_task' AIRFLOW_CTX_EXECUTION_DATE='2024-06-14T06:00:00+00:00' AIRFLOW_CTX_TRY_NUMBER='1' AIRFLOW_CTX_DAG_RUN_ID='scheduled__2024-06-14T06:00:00+00:00'
[2024-07-29T11:59:11.850+0000] {taskinstance.py:430} INFO - ::endgroup::
[2024-07-29T11:59:11.891+0000] {data_validation.py:11} INFO - START VALIDATION OF COLUMN trafic_data_go
[2024-07-29T11:59:11.892+0000] {data_validation.py:20} INFO - DATA OF COLUMN trafic_data_go ARE VALID
[2024-07-29T11:59:11.892+0000] {data_validation.py:11} INFO - START VALIDATION OF COLUMN trafic_voix_erl
[2024-07-29T11:59:11.893+0000] {data_validation.py:20} INFO - DATA OF COLUMN trafic_voix_erl ARE VALID
[2024-07-29T11:59:11.893+0000] {motower_daily.py:267} INFO - prepare final data
[2024-07-29T11:59:11.902+0000] {logging_mixin.py:188} INFO - ================================
[2024-07-29T11:59:11.902+0000] {logging_mixin.py:188} INFO - object
[2024-07-29T11:59:11.929+0000] {python.py:237} INFO - Done. Returned value was: None
[2024-07-29T11:59:11.930+0000] {taskinstance.py:441} INFO - ::group::Post task execution logs
[2024-07-29T11:59:11.940+0000] {taskinstance.py:1206} INFO - Marking task as SUCCESS. dag_id=motower_daily_prod, task_id=clean_trafic_task, run_id=scheduled__2024-06-14T06:00:00+00:00, execution_date=20240614T060000, start_date=20240729T115911, end_date=20240729T115911
[2024-07-29T11:59:11.970+0000] {local_task_job_runner.py:243} INFO - Task exited with return code 0
[2024-07-29T11:59:11.987+0000] {taskinstance.py:3503} INFO - 0 downstream tasks scheduled from follow-on schedule check
[2024-07-29T11:59:11.988+0000] {local_task_job_runner.py:222} INFO - ::endgroup::
[2024-07-29T14:32:29.620+0000] {local_task_job_runner.py:120} INFO - ::group::Pre task execution logs
[2024-07-29T14:32:29.661+0000] {taskinstance.py:2076} INFO - Dependencies all met for dep_context=non-requeueable deps ti=<TaskInstance: motower_daily_prod.clean_trafic_task scheduled__2024-06-14T06:00:00+00:00 [queued]>
[2024-07-29T14:32:29.675+0000] {taskinstance.py:2076} INFO - Dependencies all met for dep_context=requeueable deps ti=<TaskInstance: motower_daily_prod.clean_trafic_task scheduled__2024-06-14T06:00:00+00:00 [queued]>
[2024-07-29T14:32:29.676+0000] {taskinstance.py:2306} INFO - Starting attempt 1 of 1
[2024-07-29T14:32:29.697+0000] {taskinstance.py:2330} INFO - Executing <Task(PythonOperator): clean_trafic_task> on 2024-06-14 06:00:00+00:00
[2024-07-29T14:32:29.715+0000] {warnings.py:112} WARNING - /home/***/.local/lib/python3.12/site-packages/***/task/task_runner/standard_task_runner.py:62: DeprecationWarning: This process (pid=1059) is multi-threaded, use of fork() may lead to deadlocks in the child.
  pid = os.fork()

[2024-07-29T14:32:29.717+0000] {standard_task_runner.py:64} INFO - Started process 1075 to run task
[2024-07-29T14:32:29.715+0000] {standard_task_runner.py:90} INFO - Running: ['***', 'tasks', 'run', 'motower_daily_prod', 'clean_trafic_task', 'scheduled__2024-06-14T06:00:00+00:00', '--job-id', '1212', '--raw', '--subdir', 'DAGS_FOLDER/gps/custom_dags/motower_daily.py', '--cfg-path', '/tmp/tmpw_qz6q01']
[2024-07-29T14:32:29.718+0000] {standard_task_runner.py:91} INFO - Job 1212: Subtask clean_trafic_task
[2024-07-29T14:32:29.784+0000] {task_command.py:426} INFO - Running <TaskInstance: motower_daily_prod.clean_trafic_task scheduled__2024-06-14T06:00:00+00:00 [running]> on host e824106b656d
[2024-07-29T14:32:29.927+0000] {taskinstance.py:2648} INFO - Exporting env vars: AIRFLOW_CTX_DAG_EMAIL='richmond.kongo@orange.com,assane.diop@orange.com,cyrille1.danho@orange.com,mohamed2.sylla@orange.com,amadou.diomande@orange.com,Jonas.kouame@orange.com,armand.kablan@orange.com,anicet.azombade@orange.com,etienne.kouadio@orange.com,bertine.kouakou@orange.com,florentine.kouakou@orange.com,ange.phaceli@orange.com,soulegame.soro@orange.com,innocent.yengo@orange.com' AIRFLOW_CTX_DAG_OWNER='***' AIRFLOW_CTX_DAG_ID='motower_daily_prod' AIRFLOW_CTX_TASK_ID='clean_trafic_task' AIRFLOW_CTX_EXECUTION_DATE='2024-06-14T06:00:00+00:00' AIRFLOW_CTX_TRY_NUMBER='1' AIRFLOW_CTX_DAG_RUN_ID='scheduled__2024-06-14T06:00:00+00:00'
[2024-07-29T14:32:29.928+0000] {taskinstance.py:430} INFO - ::endgroup::
[2024-07-29T14:32:29.975+0000] {data_validation.py:11} INFO - START VALIDATION OF COLUMN trafic_data_go
[2024-07-29T14:32:29.977+0000] {data_validation.py:20} INFO - DATA OF COLUMN trafic_data_go ARE VALID
[2024-07-29T14:32:29.978+0000] {data_validation.py:11} INFO - START VALIDATION OF COLUMN trafic_voix_erl
[2024-07-29T14:32:29.979+0000] {data_validation.py:20} INFO - DATA OF COLUMN trafic_voix_erl ARE VALID
[2024-07-29T14:32:29.979+0000] {motower_daily.py:267} INFO - prepare final data
[2024-07-29T14:32:29.988+0000] {logging_mixin.py:188} INFO - ================================
[2024-07-29T14:32:29.988+0000] {logging_mixin.py:188} INFO - object
[2024-07-29T14:32:30.022+0000] {python.py:237} INFO - Done. Returned value was: None
[2024-07-29T14:32:30.023+0000] {taskinstance.py:441} INFO - ::group::Post task execution logs
[2024-07-29T14:32:30.035+0000] {taskinstance.py:1206} INFO - Marking task as SUCCESS. dag_id=motower_daily_prod, task_id=clean_trafic_task, run_id=scheduled__2024-06-14T06:00:00+00:00, execution_date=20240614T060000, start_date=20240729T143229, end_date=20240729T143230
[2024-07-29T14:32:30.098+0000] {local_task_job_runner.py:243} INFO - Task exited with return code 0
[2024-07-29T14:32:30.110+0000] {local_task_job_runner.py:222} INFO - ::endgroup::
