[2024-08-06T16:59:38.443+0000] {local_task_job_runner.py:120} INFO - ::group::Pre task execution logs
[2024-08-06T16:59:38.575+0000] {taskinstance.py:2076} INFO - Dependencies all met for dep_context=non-requeueable deps ti=<TaskInstance: motower_daily_prod.sensor_congestion scheduled__2024-01-30T06:00:00+00:00 [queued]>
[2024-08-06T16:59:38.610+0000] {taskinstance.py:2076} INFO - Dependencies all met for dep_context=requeueable deps ti=<TaskInstance: motower_daily_prod.sensor_congestion scheduled__2024-01-30T06:00:00+00:00 [queued]>
[2024-08-06T16:59:38.611+0000] {taskinstance.py:2306} INFO - Starting attempt 1 of 1
[2024-08-06T16:59:38.640+0000] {taskinstance.py:2330} INFO - Executing <Task(PythonSensor): sensor_congestion> on 2024-01-30 06:00:00+00:00
[2024-08-06T16:59:38.670+0000] {warnings.py:112} WARNING - /home/***/.local/lib/python3.12/site-packages/***/task/task_runner/standard_task_runner.py:62: DeprecationWarning: This process (pid=1811) is multi-threaded, use of fork() may lead to deadlocks in the child.
  pid = os.fork()

[2024-08-06T16:59:38.672+0000] {standard_task_runner.py:64} INFO - Started process 1823 to run task
[2024-08-06T16:59:38.679+0000] {standard_task_runner.py:90} INFO - Running: ['***', 'tasks', 'run', 'motower_daily_prod', 'sensor_congestion', 'scheduled__2024-01-30T06:00:00+00:00', '--job-id', '297', '--raw', '--subdir', 'DAGS_FOLDER/gps/custom_dags/motower_daily.py', '--cfg-path', '/tmp/tmp0yg7lf24']
[2024-08-06T16:59:38.685+0000] {standard_task_runner.py:91} INFO - Job 297: Subtask sensor_congestion
[2024-08-06T16:59:38.797+0000] {task_command.py:426} INFO - Running <TaskInstance: motower_daily_prod.sensor_congestion scheduled__2024-01-30T06:00:00+00:00 [running]> on host 13681191f11c
[2024-08-06T16:59:39.085+0000] {taskinstance.py:2648} INFO - Exporting env vars: AIRFLOW_CTX_DAG_EMAIL='richmond.kongo@orange.com,assane.diop@orange.com,cyrille1.danho@orange.com,mohamed2.sylla@orange.com,amadou.diomande@orange.com,Jonas.kouame@orange.com,armand.kablan@orange.com,anicet.azombade@orange.com,etienne.kouadio@orange.com,bertine.kouakou@orange.com,florentine.kouakou@orange.com,ange.phaceli@orange.com,soulegame.soro@orange.com,innocent.yengo@orange.com' AIRFLOW_CTX_DAG_OWNER='***' AIRFLOW_CTX_DAG_ID='motower_daily_prod' AIRFLOW_CTX_TASK_ID='sensor_congestion' AIRFLOW_CTX_EXECUTION_DATE='2024-01-30T06:00:00+00:00' AIRFLOW_CTX_TRY_NUMBER='1' AIRFLOW_CTX_DAG_RUN_ID='scheduled__2024-01-30T06:00:00+00:00'
[2024-08-06T16:59:39.087+0000] {taskinstance.py:430} INFO - ::endgroup::
[2024-08-06T16:59:39.115+0000] {python.py:75} INFO - Poking callable: <function check_data_in_table at 0x701c428fafc0>
[2024-08-06T16:59:39.123+0000] {extract.py:126} INFO - Getting data of the table ks_hebdo_tdb_radio_drsi 
[2024-08-06T16:59:39.124+0000] {extract.py:127} INFO - where date is 2024-01-29
[2024-08-06T16:59:39.124+0000] {extract.py:98} INFO - get data to date 5 and year 2024
[2024-08-06T16:59:39.135+0000] {warnings.py:112} WARNING - /opt/***/dags/gps/common/extract.py:99: UserWarning: pandas only supports SQLAlchemy connectable (engine/connection) or database string URI or sqlite3 DBAPI2 connection. Other DBAPI2 objects are not tested. Please consider using SQLAlchemy.
  df_ = pd.read_sql_query(sql_query, conn, params=params)

[2024-08-06T16:59:39.450+0000] {base.py:294} INFO - Success criteria met. Exiting.
[2024-08-06T16:59:39.451+0000] {taskinstance.py:441} INFO - ::group::Post task execution logs
[2024-08-06T16:59:39.468+0000] {taskinstance.py:1206} INFO - Marking task as SUCCESS. dag_id=motower_daily_prod, task_id=sensor_congestion, run_id=scheduled__2024-01-30T06:00:00+00:00, execution_date=20240130T060000, start_date=20240806T165938, end_date=20240806T165939
[2024-08-06T16:59:39.549+0000] {local_task_job_runner.py:243} INFO - Task exited with return code 0
[2024-08-06T16:59:39.567+0000] {local_task_job_runner.py:222} INFO - ::endgroup::
[2024-08-06T17:30:14.666+0000] {local_task_job_runner.py:120} INFO - ::group::Pre task execution logs
[2024-08-06T17:30:15.196+0000] {taskinstance.py:2076} INFO - Dependencies all met for dep_context=non-requeueable deps ti=<TaskInstance: motower_daily_prod.sensor_congestion scheduled__2024-01-30T06:00:00+00:00 [queued]>
[2024-08-06T17:30:15.241+0000] {taskinstance.py:2076} INFO - Dependencies all met for dep_context=requeueable deps ti=<TaskInstance: motower_daily_prod.sensor_congestion scheduled__2024-01-30T06:00:00+00:00 [queued]>
[2024-08-06T17:30:15.242+0000] {taskinstance.py:2306} INFO - Starting attempt 1 of 1
[2024-08-06T17:30:15.314+0000] {taskinstance.py:2330} INFO - Executing <Task(PythonSensor): sensor_congestion> on 2024-01-30 06:00:00+00:00
[2024-08-06T17:30:15.339+0000] {warnings.py:112} WARNING - /home/***/.local/lib/python3.12/site-packages/***/task/task_runner/standard_task_runner.py:62: DeprecationWarning: This process (pid=5946) is multi-threaded, use of fork() may lead to deadlocks in the child.
  pid = os.fork()

[2024-08-06T17:30:15.344+0000] {standard_task_runner.py:64} INFO - Started process 5965 to run task
[2024-08-06T17:30:15.355+0000] {standard_task_runner.py:90} INFO - Running: ['***', 'tasks', 'run', 'motower_daily_prod', 'sensor_congestion', 'scheduled__2024-01-30T06:00:00+00:00', '--job-id', '1556', '--raw', '--subdir', 'DAGS_FOLDER/gps/custom_dags/motower_daily.py', '--cfg-path', '/tmp/tmpfuu23e45']
[2024-08-06T17:30:15.361+0000] {standard_task_runner.py:91} INFO - Job 1556: Subtask sensor_congestion
[2024-08-06T17:30:15.549+0000] {task_command.py:426} INFO - Running <TaskInstance: motower_daily_prod.sensor_congestion scheduled__2024-01-30T06:00:00+00:00 [running]> on host 13681191f11c
[2024-08-06T17:30:15.852+0000] {taskinstance.py:2648} INFO - Exporting env vars: AIRFLOW_CTX_DAG_EMAIL='richmond.kongo@orange.com,assane.diop@orange.com,cyrille1.danho@orange.com,mohamed2.sylla@orange.com,amadou.diomande@orange.com,Jonas.kouame@orange.com,armand.kablan@orange.com,anicet.azombade@orange.com,etienne.kouadio@orange.com,bertine.kouakou@orange.com,florentine.kouakou@orange.com,ange.phaceli@orange.com,soulegame.soro@orange.com,innocent.yengo@orange.com' AIRFLOW_CTX_DAG_OWNER='***' AIRFLOW_CTX_DAG_ID='motower_daily_prod' AIRFLOW_CTX_TASK_ID='sensor_congestion' AIRFLOW_CTX_EXECUTION_DATE='2024-01-30T06:00:00+00:00' AIRFLOW_CTX_TRY_NUMBER='1' AIRFLOW_CTX_DAG_RUN_ID='scheduled__2024-01-30T06:00:00+00:00'
[2024-08-06T17:30:15.854+0000] {taskinstance.py:430} INFO - ::endgroup::
[2024-08-06T17:30:15.894+0000] {python.py:75} INFO - Poking callable: <function check_data_in_table at 0x701c26e6cb80>
[2024-08-06T17:30:15.903+0000] {extract.py:126} INFO - Getting data of the table ks_hebdo_tdb_radio_drsi 
[2024-08-06T17:30:15.903+0000] {extract.py:127} INFO - where date is 2024-01-29
[2024-08-06T17:30:15.904+0000] {extract.py:98} INFO - get data to date 5 and year 2024
[2024-08-06T17:30:15.916+0000] {warnings.py:112} WARNING - /opt/***/dags/gps/common/extract.py:99: UserWarning: pandas only supports SQLAlchemy connectable (engine/connection) or database string URI or sqlite3 DBAPI2 connection. Other DBAPI2 objects are not tested. Please consider using SQLAlchemy.
  df_ = pd.read_sql_query(sql_query, conn, params=params)

[2024-08-06T17:30:16.392+0000] {base.py:294} INFO - Success criteria met. Exiting.
[2024-08-06T17:30:16.393+0000] {taskinstance.py:441} INFO - ::group::Post task execution logs
[2024-08-06T17:30:16.417+0000] {taskinstance.py:1206} INFO - Marking task as SUCCESS. dag_id=motower_daily_prod, task_id=sensor_congestion, run_id=scheduled__2024-01-30T06:00:00+00:00, execution_date=20240130T060000, start_date=20240806T173015, end_date=20240806T173016
[2024-08-06T17:30:16.704+0000] {local_task_job_runner.py:243} INFO - Task exited with return code 0
[2024-08-06T17:30:16.800+0000] {taskinstance.py:3503} INFO - 0 downstream tasks scheduled from follow-on schedule check
[2024-08-06T17:30:16.808+0000] {local_task_job_runner.py:222} INFO - ::endgroup::
[2024-08-06T18:17:43.628+0000] {local_task_job_runner.py:120} INFO - ::group::Pre task execution logs
[2024-08-06T18:17:43.763+0000] {taskinstance.py:2076} INFO - Dependencies all met for dep_context=non-requeueable deps ti=<TaskInstance: motower_daily_prod.sensor_congestion scheduled__2024-01-30T06:00:00+00:00 [queued]>
[2024-08-06T18:17:43.807+0000] {taskinstance.py:2076} INFO - Dependencies all met for dep_context=requeueable deps ti=<TaskInstance: motower_daily_prod.sensor_congestion scheduled__2024-01-30T06:00:00+00:00 [queued]>
[2024-08-06T18:17:43.810+0000] {taskinstance.py:2306} INFO - Starting attempt 1 of 1
[2024-08-06T18:17:43.875+0000] {taskinstance.py:2330} INFO - Executing <Task(PythonSensor): sensor_congestion> on 2024-01-30 06:00:00+00:00
[2024-08-06T18:17:43.920+0000] {warnings.py:112} WARNING - /home/***/.local/lib/python3.12/site-packages/***/task/task_runner/standard_task_runner.py:62: DeprecationWarning: This process (pid=9807) is multi-threaded, use of fork() may lead to deadlocks in the child.
  pid = os.fork()

[2024-08-06T18:17:43.922+0000] {standard_task_runner.py:64} INFO - Started process 9821 to run task
[2024-08-06T18:17:43.934+0000] {standard_task_runner.py:90} INFO - Running: ['***', 'tasks', 'run', 'motower_daily_prod', 'sensor_congestion', 'scheduled__2024-01-30T06:00:00+00:00', '--job-id', '2649', '--raw', '--subdir', 'DAGS_FOLDER/gps/custom_dags/motower_daily.py', '--cfg-path', '/tmp/tmpyljd11_z']
[2024-08-06T18:17:43.947+0000] {standard_task_runner.py:91} INFO - Job 2649: Subtask sensor_congestion
[2024-08-06T18:17:44.234+0000] {task_command.py:426} INFO - Running <TaskInstance: motower_daily_prod.sensor_congestion scheduled__2024-01-30T06:00:00+00:00 [running]> on host 13681191f11c
[2024-08-06T18:17:44.671+0000] {taskinstance.py:2648} INFO - Exporting env vars: AIRFLOW_CTX_DAG_EMAIL='richmond.kongo@orange.com,assane.diop@orange.com,cyrille1.danho@orange.com,mohamed2.sylla@orange.com,amadou.diomande@orange.com,Jonas.kouame@orange.com,armand.kablan@orange.com,anicet.azombade@orange.com,etienne.kouadio@orange.com,bertine.kouakou@orange.com,florentine.kouakou@orange.com,ange.phaceli@orange.com,soulegame.soro@orange.com,innocent.yengo@orange.com' AIRFLOW_CTX_DAG_OWNER='***' AIRFLOW_CTX_DAG_ID='motower_daily_prod' AIRFLOW_CTX_TASK_ID='sensor_congestion' AIRFLOW_CTX_EXECUTION_DATE='2024-01-30T06:00:00+00:00' AIRFLOW_CTX_TRY_NUMBER='1' AIRFLOW_CTX_DAG_RUN_ID='scheduled__2024-01-30T06:00:00+00:00'
[2024-08-06T18:17:44.676+0000] {taskinstance.py:430} INFO - ::endgroup::
[2024-08-06T18:17:44.711+0000] {python.py:75} INFO - Poking callable: <function check_data_in_table at 0x701c26f73a60>
[2024-08-06T18:17:44.721+0000] {extract.py:126} INFO - Getting data of the table ks_hebdo_tdb_radio_drsi 
[2024-08-06T18:17:44.722+0000] {extract.py:127} INFO - where date is 2024-01-29
[2024-08-06T18:17:44.723+0000] {extract.py:98} INFO - get data to date 5 and year 2024
[2024-08-06T18:17:44.733+0000] {warnings.py:112} WARNING - /opt/***/dags/gps/common/extract.py:99: UserWarning: pandas only supports SQLAlchemy connectable (engine/connection) or database string URI or sqlite3 DBAPI2 connection. Other DBAPI2 objects are not tested. Please consider using SQLAlchemy.
  df_ = pd.read_sql_query(sql_query, conn, params=params)

[2024-08-06T18:17:45.301+0000] {base.py:294} INFO - Success criteria met. Exiting.
[2024-08-06T18:17:45.304+0000] {taskinstance.py:441} INFO - ::group::Post task execution logs
[2024-08-06T18:17:45.344+0000] {taskinstance.py:1206} INFO - Marking task as SUCCESS. dag_id=motower_daily_prod, task_id=sensor_congestion, run_id=scheduled__2024-01-30T06:00:00+00:00, execution_date=20240130T060000, start_date=20240806T181743, end_date=20240806T181745
[2024-08-06T18:17:45.471+0000] {local_task_job_runner.py:243} INFO - Task exited with return code 0
[2024-08-06T18:17:45.609+0000] {taskinstance.py:3503} INFO - 0 downstream tasks scheduled from follow-on schedule check
[2024-08-06T18:17:45.628+0000] {local_task_job_runner.py:222} INFO - ::endgroup::
