[2024-08-06T17:11:49.052+0000] {local_task_job_runner.py:120} INFO - ::group::Pre task execution logs
[2024-08-06T17:11:49.103+0000] {taskinstance.py:2076} INFO - Dependencies all met for dep_context=non-requeueable deps ti=<TaskInstance: motower_daily_prod.sensor_trafic scheduled__2024-04-25T06:00:00+00:00 [queued]>
[2024-08-06T17:11:49.122+0000] {taskinstance.py:2076} INFO - Dependencies all met for dep_context=requeueable deps ti=<TaskInstance: motower_daily_prod.sensor_trafic scheduled__2024-04-25T06:00:00+00:00 [queued]>
[2024-08-06T17:11:49.122+0000] {taskinstance.py:2306} INFO - Starting attempt 1 of 1
[2024-08-06T17:11:49.141+0000] {taskinstance.py:2330} INFO - Executing <Task(PythonSensor): sensor_trafic> on 2024-04-25 06:00:00+00:00
[2024-08-06T17:11:49.151+0000] {warnings.py:112} WARNING - /home/***/.local/lib/python3.12/site-packages/***/task/task_runner/standard_task_runner.py:62: DeprecationWarning: This process (pid=4282) is multi-threaded, use of fork() may lead to deadlocks in the child.
  pid = os.fork()

[2024-08-06T17:11:49.153+0000] {standard_task_runner.py:64} INFO - Started process 4290 to run task
[2024-08-06T17:11:49.154+0000] {standard_task_runner.py:90} INFO - Running: ['***', 'tasks', 'run', 'motower_daily_prod', 'sensor_trafic', 'scheduled__2024-04-25T06:00:00+00:00', '--job-id', '1075', '--raw', '--subdir', 'DAGS_FOLDER/gps/custom_dags/motower_daily.py', '--cfg-path', '/tmp/tmpe961x9xu']
[2024-08-06T17:11:49.157+0000] {standard_task_runner.py:91} INFO - Job 1075: Subtask sensor_trafic
[2024-08-06T17:11:49.226+0000] {task_command.py:426} INFO - Running <TaskInstance: motower_daily_prod.sensor_trafic scheduled__2024-04-25T06:00:00+00:00 [running]> on host 13681191f11c
[2024-08-06T17:11:49.385+0000] {taskinstance.py:2648} INFO - Exporting env vars: AIRFLOW_CTX_DAG_EMAIL='richmond.kongo@orange.com,assane.diop@orange.com,cyrille1.danho@orange.com,mohamed2.sylla@orange.com,amadou.diomande@orange.com,Jonas.kouame@orange.com,armand.kablan@orange.com,anicet.azombade@orange.com,etienne.kouadio@orange.com,bertine.kouakou@orange.com,florentine.kouakou@orange.com,ange.phaceli@orange.com,soulegame.soro@orange.com,innocent.yengo@orange.com' AIRFLOW_CTX_DAG_OWNER='***' AIRFLOW_CTX_DAG_ID='motower_daily_prod' AIRFLOW_CTX_TASK_ID='sensor_trafic' AIRFLOW_CTX_EXECUTION_DATE='2024-04-25T06:00:00+00:00' AIRFLOW_CTX_TRY_NUMBER='1' AIRFLOW_CTX_DAG_RUN_ID='scheduled__2024-04-25T06:00:00+00:00'
[2024-08-06T17:11:49.387+0000] {taskinstance.py:430} INFO - ::endgroup::
[2024-08-06T17:11:49.421+0000] {python.py:75} INFO - Poking callable: <function check_data_in_table at 0x701c26fdf880>
[2024-08-06T17:11:49.427+0000] {extract.py:126} INFO - Getting data of the table ks_daily_tdb_radio_drsi 
[2024-08-06T17:11:49.428+0000] {extract.py:127} INFO - where date is 2024-04-24
[2024-08-06T17:11:49.428+0000] {extract.py:102} INFO - get data to date 2024-04-24
[2024-08-06T17:11:49.438+0000] {warnings.py:112} WARNING - /opt/***/dags/gps/common/extract.py:103: UserWarning: pandas only supports SQLAlchemy connectable (engine/connection) or database string URI or sqlite3 DBAPI2 connection. Other DBAPI2 objects are not tested. Please consider using SQLAlchemy.
  df_ = pd.read_sql_query(sql_query, conn, params=params)

[2024-08-06T17:11:49.740+0000] {base.py:294} INFO - Success criteria met. Exiting.
[2024-08-06T17:11:49.741+0000] {taskinstance.py:441} INFO - ::group::Post task execution logs
[2024-08-06T17:11:49.758+0000] {taskinstance.py:1206} INFO - Marking task as SUCCESS. dag_id=motower_daily_prod, task_id=sensor_trafic, run_id=scheduled__2024-04-25T06:00:00+00:00, execution_date=20240425T060000, start_date=20240806T171149, end_date=20240806T171149
[2024-08-06T17:11:49.812+0000] {local_task_job_runner.py:243} INFO - Task exited with return code 0
[2024-08-06T17:11:49.825+0000] {local_task_job_runner.py:222} INFO - ::endgroup::
[2024-08-06T17:22:02.219+0000] {local_task_job_runner.py:120} INFO - ::group::Pre task execution logs
[2024-08-06T17:22:02.314+0000] {taskinstance.py:2076} INFO - Dependencies all met for dep_context=non-requeueable deps ti=<TaskInstance: motower_daily_prod.sensor_trafic scheduled__2024-04-25T06:00:00+00:00 [queued]>
[2024-08-06T17:22:02.341+0000] {taskinstance.py:2076} INFO - Dependencies all met for dep_context=requeueable deps ti=<TaskInstance: motower_daily_prod.sensor_trafic scheduled__2024-04-25T06:00:00+00:00 [queued]>
[2024-08-06T17:22:02.342+0000] {taskinstance.py:2306} INFO - Starting attempt 1 of 1
[2024-08-06T17:22:02.388+0000] {taskinstance.py:2330} INFO - Executing <Task(PythonSensor): sensor_trafic> on 2024-04-25 06:00:00+00:00
[2024-08-06T17:22:02.409+0000] {warnings.py:112} WARNING - /home/***/.local/lib/python3.12/site-packages/***/task/task_runner/standard_task_runner.py:62: DeprecationWarning: This process (pid=4766) is multi-threaded, use of fork() may lead to deadlocks in the child.
  pid = os.fork()

[2024-08-06T17:22:02.411+0000] {standard_task_runner.py:64} INFO - Started process 4780 to run task
[2024-08-06T17:22:02.422+0000] {standard_task_runner.py:90} INFO - Running: ['***', 'tasks', 'run', 'motower_daily_prod', 'sensor_trafic', 'scheduled__2024-04-25T06:00:00+00:00', '--job-id', '1192', '--raw', '--subdir', 'DAGS_FOLDER/gps/custom_dags/motower_daily.py', '--cfg-path', '/tmp/tmpcr1sbb3_']
[2024-08-06T17:22:02.429+0000] {standard_task_runner.py:91} INFO - Job 1192: Subtask sensor_trafic
[2024-08-06T17:22:02.599+0000] {task_command.py:426} INFO - Running <TaskInstance: motower_daily_prod.sensor_trafic scheduled__2024-04-25T06:00:00+00:00 [running]> on host 13681191f11c
[2024-08-06T17:22:02.921+0000] {taskinstance.py:2648} INFO - Exporting env vars: AIRFLOW_CTX_DAG_EMAIL='richmond.kongo@orange.com,assane.diop@orange.com,cyrille1.danho@orange.com,mohamed2.sylla@orange.com,amadou.diomande@orange.com,Jonas.kouame@orange.com,armand.kablan@orange.com,anicet.azombade@orange.com,etienne.kouadio@orange.com,bertine.kouakou@orange.com,florentine.kouakou@orange.com,ange.phaceli@orange.com,soulegame.soro@orange.com,innocent.yengo@orange.com' AIRFLOW_CTX_DAG_OWNER='***' AIRFLOW_CTX_DAG_ID='motower_daily_prod' AIRFLOW_CTX_TASK_ID='sensor_trafic' AIRFLOW_CTX_EXECUTION_DATE='2024-04-25T06:00:00+00:00' AIRFLOW_CTX_TRY_NUMBER='1' AIRFLOW_CTX_DAG_RUN_ID='scheduled__2024-04-25T06:00:00+00:00'
[2024-08-06T17:22:02.924+0000] {taskinstance.py:430} INFO - ::endgroup::
[2024-08-06T17:22:02.954+0000] {python.py:75} INFO - Poking callable: <function check_data_in_table at 0x701c4298f060>
[2024-08-06T17:22:02.965+0000] {extract.py:126} INFO - Getting data of the table ks_daily_tdb_radio_drsi 
[2024-08-06T17:22:02.965+0000] {extract.py:127} INFO - where date is 2024-04-24
[2024-08-06T17:22:02.966+0000] {extract.py:102} INFO - get data to date 2024-04-24
[2024-08-06T17:22:02.978+0000] {warnings.py:112} WARNING - /opt/***/dags/gps/common/extract.py:103: UserWarning: pandas only supports SQLAlchemy connectable (engine/connection) or database string URI or sqlite3 DBAPI2 connection. Other DBAPI2 objects are not tested. Please consider using SQLAlchemy.
  df_ = pd.read_sql_query(sql_query, conn, params=params)

[2024-08-06T17:22:04.081+0000] {base.py:294} INFO - Success criteria met. Exiting.
[2024-08-06T17:22:04.081+0000] {taskinstance.py:441} INFO - ::group::Post task execution logs
[2024-08-06T17:22:04.164+0000] {taskinstance.py:1206} INFO - Marking task as SUCCESS. dag_id=motower_daily_prod, task_id=sensor_trafic, run_id=scheduled__2024-04-25T06:00:00+00:00, execution_date=20240425T060000, start_date=20240806T172202, end_date=20240806T172204
[2024-08-06T17:22:05.383+0000] {local_task_job_runner.py:243} INFO - Task exited with return code 0
[2024-08-06T17:22:05.412+0000] {local_task_job_runner.py:222} INFO - ::endgroup::
[2024-08-06T17:42:04.449+0000] {local_task_job_runner.py:120} INFO - ::group::Pre task execution logs
[2024-08-06T17:42:04.524+0000] {taskinstance.py:2076} INFO - Dependencies all met for dep_context=non-requeueable deps ti=<TaskInstance: motower_daily_prod.sensor_trafic scheduled__2024-04-25T06:00:00+00:00 [queued]>
[2024-08-06T17:42:04.542+0000] {taskinstance.py:2076} INFO - Dependencies all met for dep_context=requeueable deps ti=<TaskInstance: motower_daily_prod.sensor_trafic scheduled__2024-04-25T06:00:00+00:00 [queued]>
[2024-08-06T17:42:04.542+0000] {taskinstance.py:2306} INFO - Starting attempt 1 of 1
[2024-08-06T17:42:05.026+0000] {taskinstance.py:2330} INFO - Executing <Task(PythonSensor): sensor_trafic> on 2024-04-25 06:00:00+00:00
[2024-08-06T17:42:05.043+0000] {warnings.py:112} WARNING - /home/***/.local/lib/python3.12/site-packages/***/task/task_runner/standard_task_runner.py:62: DeprecationWarning: This process (pid=8378) is multi-threaded, use of fork() may lead to deadlocks in the child.
  pid = os.fork()

[2024-08-06T17:42:05.046+0000] {standard_task_runner.py:64} INFO - Started process 8389 to run task
[2024-08-06T17:42:05.050+0000] {standard_task_runner.py:90} INFO - Running: ['***', 'tasks', 'run', 'motower_daily_prod', 'sensor_trafic', 'scheduled__2024-04-25T06:00:00+00:00', '--job-id', '2323', '--raw', '--subdir', 'DAGS_FOLDER/gps/custom_dags/motower_daily.py', '--cfg-path', '/tmp/tmpbto7vys8']
[2024-08-06T17:42:05.053+0000] {standard_task_runner.py:91} INFO - Job 2323: Subtask sensor_trafic
[2024-08-06T17:42:05.187+0000] {task_command.py:426} INFO - Running <TaskInstance: motower_daily_prod.sensor_trafic scheduled__2024-04-25T06:00:00+00:00 [running]> on host 13681191f11c
[2024-08-06T17:42:05.409+0000] {taskinstance.py:2648} INFO - Exporting env vars: AIRFLOW_CTX_DAG_EMAIL='richmond.kongo@orange.com,assane.diop@orange.com,cyrille1.danho@orange.com,mohamed2.sylla@orange.com,amadou.diomande@orange.com,Jonas.kouame@orange.com,armand.kablan@orange.com,anicet.azombade@orange.com,etienne.kouadio@orange.com,bertine.kouakou@orange.com,florentine.kouakou@orange.com,ange.phaceli@orange.com,soulegame.soro@orange.com,innocent.yengo@orange.com' AIRFLOW_CTX_DAG_OWNER='***' AIRFLOW_CTX_DAG_ID='motower_daily_prod' AIRFLOW_CTX_TASK_ID='sensor_trafic' AIRFLOW_CTX_EXECUTION_DATE='2024-04-25T06:00:00+00:00' AIRFLOW_CTX_TRY_NUMBER='1' AIRFLOW_CTX_DAG_RUN_ID='scheduled__2024-04-25T06:00:00+00:00'
[2024-08-06T17:42:05.411+0000] {taskinstance.py:430} INFO - ::endgroup::
[2024-08-06T17:42:05.434+0000] {python.py:75} INFO - Poking callable: <function check_data_in_table at 0x701c2703ba60>
[2024-08-06T17:42:05.439+0000] {extract.py:126} INFO - Getting data of the table ks_daily_tdb_radio_drsi 
[2024-08-06T17:42:05.440+0000] {extract.py:127} INFO - where date is 2024-04-24
[2024-08-06T17:42:05.441+0000] {extract.py:102} INFO - get data to date 2024-04-24
[2024-08-06T17:42:05.449+0000] {warnings.py:112} WARNING - /opt/***/dags/gps/common/extract.py:103: UserWarning: pandas only supports SQLAlchemy connectable (engine/connection) or database string URI or sqlite3 DBAPI2 connection. Other DBAPI2 objects are not tested. Please consider using SQLAlchemy.
  df_ = pd.read_sql_query(sql_query, conn, params=params)

[2024-08-06T17:42:05.742+0000] {base.py:294} INFO - Success criteria met. Exiting.
[2024-08-06T17:42:05.743+0000] {taskinstance.py:441} INFO - ::group::Post task execution logs
[2024-08-06T17:42:05.760+0000] {taskinstance.py:1206} INFO - Marking task as SUCCESS. dag_id=motower_daily_prod, task_id=sensor_trafic, run_id=scheduled__2024-04-25T06:00:00+00:00, execution_date=20240425T060000, start_date=20240806T174204, end_date=20240806T174205
[2024-08-06T17:42:05.799+0000] {local_task_job_runner.py:243} INFO - Task exited with return code 0
[2024-08-06T17:42:05.820+0000] {local_task_job_runner.py:222} INFO - ::endgroup::
