[2024-07-25T10:16:42.354+0000] {local_task_job_runner.py:120} INFO - ::group::Pre task execution logs
[2024-07-25T10:16:42.431+0000] {taskinstance.py:2076} INFO - Dependencies all met for dep_context=non-requeueable deps ti=<TaskInstance: enrich_prod.cleaning.check_bdd_sensor scheduled__2024-06-02T00:00:00+00:00 [queued]>
[2024-07-25T10:16:42.459+0000] {taskinstance.py:2076} INFO - Dependencies all met for dep_context=requeueable deps ti=<TaskInstance: enrich_prod.cleaning.check_bdd_sensor scheduled__2024-06-02T00:00:00+00:00 [queued]>
[2024-07-25T10:16:42.459+0000] {taskinstance.py:2306} INFO - Starting attempt 1 of 1
[2024-07-25T10:16:42.489+0000] {taskinstance.py:2330} INFO - Executing <Task(PythonSensor): cleaning.check_bdd_sensor> on 2024-06-02 00:00:00+00:00
[2024-07-25T10:16:42.508+0000] {warnings.py:112} WARNING - /home/***/.local/lib/python3.12/site-packages/***/task/task_runner/standard_task_runner.py:62: DeprecationWarning: This process (pid=4377) is multi-threaded, use of fork() may lead to deadlocks in the child.
  pid = os.fork()

[2024-07-25T10:16:42.510+0000] {standard_task_runner.py:64} INFO - Started process 4399 to run task
[2024-07-25T10:16:42.666+0000] {standard_task_runner.py:90} INFO - Running: ['***', 'tasks', 'run', 'enrich_prod', 'cleaning.check_bdd_sensor', 'scheduled__2024-06-02T00:00:00+00:00', '--job-id', '1050', '--raw', '--subdir', 'DAGS_FOLDER/gps/custom_dags/enrich.py', '--cfg-path', '/tmp/tmp_i5vl419']
[2024-07-25T10:16:42.749+0000] {standard_task_runner.py:91} INFO - Job 1050: Subtask cleaning.check_bdd_sensor
[2024-07-25T10:16:43.938+0000] {task_command.py:426} INFO - Running <TaskInstance: enrich_prod.cleaning.check_bdd_sensor scheduled__2024-06-02T00:00:00+00:00 [running]> on host b3845fb494d4
[2024-07-25T10:16:46.300+0000] {taskinstance.py:2648} INFO - Exporting env vars: AIRFLOW_CTX_DAG_EMAIL='richmond.kongo@orange.com,assane.diop@orange.com,cyrille1.danho@orange.com,mohamed2.sylla@orange.com,amadou.diomande@orange.com,Jonas.kouame@orange.com,armand.kablan@orange.com,anicet.azombade@orange.com,etienne.kouadio@orange.com,bertine.kouakou@orange.com,florentine.kouakou@orange.com,ange.phaceli@orange.com,soulegame.soro@orange.com,innocent.yengo@orange.com' AIRFLOW_CTX_DAG_OWNER='***' AIRFLOW_CTX_DAG_ID='enrich_prod' AIRFLOW_CTX_TASK_ID='cleaning.check_bdd_sensor' AIRFLOW_CTX_EXECUTION_DATE='2024-06-02T00:00:00+00:00' AIRFLOW_CTX_TRY_NUMBER='1' AIRFLOW_CTX_DAG_RUN_ID='scheduled__2024-06-02T00:00:00+00:00'
[2024-07-25T10:16:46.317+0000] {taskinstance.py:430} INFO - ::endgroup::
[2024-07-25T10:16:46.618+0000] {python.py:75} INFO - Poking callable: <function check_file at 0x73206ea4b1a0>
[2024-07-25T10:16:46.981+0000] {base.py:294} INFO - Success criteria met. Exiting.
[2024-07-25T10:16:46.983+0000] {taskinstance.py:441} INFO - ::group::Post task execution logs
[2024-07-25T10:16:47.050+0000] {taskinstance.py:1206} INFO - Marking task as SUCCESS. dag_id=enrich_prod, task_id=cleaning.check_bdd_sensor, run_id=scheduled__2024-06-02T00:00:00+00:00, execution_date=20240602T000000, start_date=20240725T101642, end_date=20240725T101647
[2024-07-25T10:16:48.068+0000] {local_task_job_runner.py:243} INFO - Task exited with return code 0
[2024-07-25T10:16:48.078+0000] {local_task_job_runner.py:222} INFO - ::endgroup::
[2024-07-25T10:18:57.669+0000] {local_task_job_runner.py:120} INFO - ::group::Pre task execution logs
[2024-07-25T10:18:57.739+0000] {taskinstance.py:2076} INFO - Dependencies all met for dep_context=non-requeueable deps ti=<TaskInstance: enrich_prod.cleaning.check_bdd_sensor scheduled__2024-06-02T00:00:00+00:00 [queued]>
[2024-07-25T10:18:57.767+0000] {taskinstance.py:2076} INFO - Dependencies all met for dep_context=requeueable deps ti=<TaskInstance: enrich_prod.cleaning.check_bdd_sensor scheduled__2024-06-02T00:00:00+00:00 [queued]>
[2024-07-25T10:18:57.768+0000] {taskinstance.py:2306} INFO - Starting attempt 1 of 1
[2024-07-25T10:18:57.807+0000] {taskinstance.py:2330} INFO - Executing <Task(PythonSensor): cleaning.check_bdd_sensor> on 2024-06-02 00:00:00+00:00
[2024-07-25T10:18:57.836+0000] {warnings.py:112} WARNING - /home/***/.local/lib/python3.12/site-packages/***/task/task_runner/standard_task_runner.py:62: DeprecationWarning: This process (pid=4520) is multi-threaded, use of fork() may lead to deadlocks in the child.
  pid = os.fork()

[2024-07-25T10:18:57.839+0000] {standard_task_runner.py:64} INFO - Started process 4538 to run task
[2024-07-25T10:18:57.845+0000] {standard_task_runner.py:90} INFO - Running: ['***', 'tasks', 'run', 'enrich_prod', 'cleaning.check_bdd_sensor', 'scheduled__2024-06-02T00:00:00+00:00', '--job-id', '1084', '--raw', '--subdir', 'DAGS_FOLDER/gps/custom_dags/enrich.py', '--cfg-path', '/tmp/tmp47g4u40w']
[2024-07-25T10:18:57.852+0000] {standard_task_runner.py:91} INFO - Job 1084: Subtask cleaning.check_bdd_sensor
[2024-07-25T10:18:57.980+0000] {task_command.py:426} INFO - Running <TaskInstance: enrich_prod.cleaning.check_bdd_sensor scheduled__2024-06-02T00:00:00+00:00 [running]> on host b3845fb494d4
[2024-07-25T10:18:58.235+0000] {taskinstance.py:2648} INFO - Exporting env vars: AIRFLOW_CTX_DAG_EMAIL='richmond.kongo@orange.com,assane.diop@orange.com,cyrille1.danho@orange.com,mohamed2.sylla@orange.com,amadou.diomande@orange.com,Jonas.kouame@orange.com,armand.kablan@orange.com,anicet.azombade@orange.com,etienne.kouadio@orange.com,bertine.kouakou@orange.com,florentine.kouakou@orange.com,ange.phaceli@orange.com,soulegame.soro@orange.com,innocent.yengo@orange.com' AIRFLOW_CTX_DAG_OWNER='***' AIRFLOW_CTX_DAG_ID='enrich_prod' AIRFLOW_CTX_TASK_ID='cleaning.check_bdd_sensor' AIRFLOW_CTX_EXECUTION_DATE='2024-06-02T00:00:00+00:00' AIRFLOW_CTX_TRY_NUMBER='1' AIRFLOW_CTX_DAG_RUN_ID='scheduled__2024-06-02T00:00:00+00:00'
[2024-07-25T10:18:58.236+0000] {taskinstance.py:430} INFO - ::endgroup::
[2024-07-25T10:18:58.253+0000] {python.py:75} INFO - Poking callable: <function check_file at 0x73208e18f600>
[2024-07-25T10:18:58.274+0000] {base.py:294} INFO - Success criteria met. Exiting.
[2024-07-25T10:18:58.274+0000] {taskinstance.py:441} INFO - ::group::Post task execution logs
[2024-07-25T10:18:58.322+0000] {taskinstance.py:1206} INFO - Marking task as SUCCESS. dag_id=enrich_prod, task_id=cleaning.check_bdd_sensor, run_id=scheduled__2024-06-02T00:00:00+00:00, execution_date=20240602T000000, start_date=20240725T101857, end_date=20240725T101858
[2024-07-25T10:18:58.417+0000] {local_task_job_runner.py:243} INFO - Task exited with return code 0
[2024-07-25T10:18:58.442+0000] {local_task_job_runner.py:222} INFO - ::endgroup::
[2024-07-25T10:23:23.009+0000] {local_task_job_runner.py:120} INFO - ::group::Pre task execution logs
[2024-07-25T10:23:23.076+0000] {taskinstance.py:2076} INFO - Dependencies all met for dep_context=non-requeueable deps ti=<TaskInstance: enrich_prod.cleaning.check_bdd_sensor scheduled__2024-06-02T00:00:00+00:00 [queued]>
[2024-07-25T10:23:23.087+0000] {taskinstance.py:2076} INFO - Dependencies all met for dep_context=requeueable deps ti=<TaskInstance: enrich_prod.cleaning.check_bdd_sensor scheduled__2024-06-02T00:00:00+00:00 [queued]>
[2024-07-25T10:23:23.087+0000] {taskinstance.py:2306} INFO - Starting attempt 1 of 1
[2024-07-25T10:23:23.121+0000] {taskinstance.py:2330} INFO - Executing <Task(PythonSensor): cleaning.check_bdd_sensor> on 2024-06-02 00:00:00+00:00
[2024-07-25T10:23:23.169+0000] {warnings.py:112} WARNING - /home/***/.local/lib/python3.12/site-packages/***/task/task_runner/standard_task_runner.py:62: DeprecationWarning: This process (pid=4631) is multi-threaded, use of fork() may lead to deadlocks in the child.
  pid = os.fork()

[2024-07-25T10:23:23.173+0000] {standard_task_runner.py:64} INFO - Started process 4675 to run task
[2024-07-25T10:23:23.178+0000] {standard_task_runner.py:90} INFO - Running: ['***', 'tasks', 'run', 'enrich_prod', 'cleaning.check_bdd_sensor', 'scheduled__2024-06-02T00:00:00+00:00', '--job-id', '1112', '--raw', '--subdir', 'DAGS_FOLDER/gps/custom_dags/enrich.py', '--cfg-path', '/tmp/tmpg3ryjrqn']
[2024-07-25T10:23:23.181+0000] {standard_task_runner.py:91} INFO - Job 1112: Subtask cleaning.check_bdd_sensor
[2024-07-25T10:23:23.344+0000] {task_command.py:426} INFO - Running <TaskInstance: enrich_prod.cleaning.check_bdd_sensor scheduled__2024-06-02T00:00:00+00:00 [running]> on host b3845fb494d4
[2024-07-25T10:23:23.570+0000] {taskinstance.py:2648} INFO - Exporting env vars: AIRFLOW_CTX_DAG_EMAIL='richmond.kongo@orange.com,assane.diop@orange.com,cyrille1.danho@orange.com,mohamed2.sylla@orange.com,amadou.diomande@orange.com,Jonas.kouame@orange.com,armand.kablan@orange.com,anicet.azombade@orange.com,etienne.kouadio@orange.com,bertine.kouakou@orange.com,florentine.kouakou@orange.com,ange.phaceli@orange.com,soulegame.soro@orange.com,innocent.yengo@orange.com' AIRFLOW_CTX_DAG_OWNER='***' AIRFLOW_CTX_DAG_ID='enrich_prod' AIRFLOW_CTX_TASK_ID='cleaning.check_bdd_sensor' AIRFLOW_CTX_EXECUTION_DATE='2024-06-02T00:00:00+00:00' AIRFLOW_CTX_TRY_NUMBER='1' AIRFLOW_CTX_DAG_RUN_ID='scheduled__2024-06-02T00:00:00+00:00'
[2024-07-25T10:23:23.571+0000] {taskinstance.py:430} INFO - ::endgroup::
[2024-07-25T10:23:23.593+0000] {python.py:75} INFO - Poking callable: <function check_file at 0x73206ea3f4c0>
[2024-07-25T10:23:23.637+0000] {base.py:294} INFO - Success criteria met. Exiting.
[2024-07-25T10:23:23.638+0000] {taskinstance.py:441} INFO - ::group::Post task execution logs
[2024-07-25T10:23:23.665+0000] {taskinstance.py:1206} INFO - Marking task as SUCCESS. dag_id=enrich_prod, task_id=cleaning.check_bdd_sensor, run_id=scheduled__2024-06-02T00:00:00+00:00, execution_date=20240602T000000, start_date=20240725T102323, end_date=20240725T102323
[2024-07-25T10:23:23.759+0000] {local_task_job_runner.py:243} INFO - Task exited with return code 0
[2024-07-25T10:23:23.785+0000] {local_task_job_runner.py:222} INFO - ::endgroup::
