[2024-08-06T17:01:22.523+0000] {local_task_job_runner.py:120} INFO - ::group::Pre task execution logs
[2024-08-06T17:01:22.636+0000] {taskinstance.py:2076} INFO - Dependencies all met for dep_context=non-requeueable deps ti=<TaskInstance: motower_daily_prod.sensor_congestion scheduled__2024-02-11T06:00:00+00:00 [queued]>
[2024-08-06T17:01:22.669+0000] {taskinstance.py:2076} INFO - Dependencies all met for dep_context=requeueable deps ti=<TaskInstance: motower_daily_prod.sensor_congestion scheduled__2024-02-11T06:00:00+00:00 [queued]>
[2024-08-06T17:01:22.669+0000] {taskinstance.py:2306} INFO - Starting attempt 1 of 1
[2024-08-06T17:01:22.727+0000] {taskinstance.py:2330} INFO - Executing <Task(PythonSensor): sensor_congestion> on 2024-02-11 06:00:00+00:00
[2024-08-06T17:01:22.750+0000] {warnings.py:112} WARNING - /home/***/.local/lib/python3.12/site-packages/***/task/task_runner/standard_task_runner.py:62: DeprecationWarning: This process (pid=2139) is multi-threaded, use of fork() may lead to deadlocks in the child.
  pid = os.fork()

[2024-08-06T17:01:22.753+0000] {standard_task_runner.py:64} INFO - Started process 2153 to run task
[2024-08-06T17:01:22.762+0000] {standard_task_runner.py:90} INFO - Running: ['***', 'tasks', 'run', 'motower_daily_prod', 'sensor_congestion', 'scheduled__2024-02-11T06:00:00+00:00', '--job-id', '399', '--raw', '--subdir', 'DAGS_FOLDER/gps/custom_dags/motower_daily.py', '--cfg-path', '/tmp/tmp_esfh48d']
[2024-08-06T17:01:22.766+0000] {standard_task_runner.py:91} INFO - Job 399: Subtask sensor_congestion
[2024-08-06T17:01:22.945+0000] {task_command.py:426} INFO - Running <TaskInstance: motower_daily_prod.sensor_congestion scheduled__2024-02-11T06:00:00+00:00 [running]> on host 13681191f11c
[2024-08-06T17:01:23.364+0000] {taskinstance.py:2648} INFO - Exporting env vars: AIRFLOW_CTX_DAG_EMAIL='richmond.kongo@orange.com,assane.diop@orange.com,cyrille1.danho@orange.com,mohamed2.sylla@orange.com,amadou.diomande@orange.com,Jonas.kouame@orange.com,armand.kablan@orange.com,anicet.azombade@orange.com,etienne.kouadio@orange.com,bertine.kouakou@orange.com,florentine.kouakou@orange.com,ange.phaceli@orange.com,soulegame.soro@orange.com,innocent.yengo@orange.com' AIRFLOW_CTX_DAG_OWNER='***' AIRFLOW_CTX_DAG_ID='motower_daily_prod' AIRFLOW_CTX_TASK_ID='sensor_congestion' AIRFLOW_CTX_EXECUTION_DATE='2024-02-11T06:00:00+00:00' AIRFLOW_CTX_TRY_NUMBER='1' AIRFLOW_CTX_DAG_RUN_ID='scheduled__2024-02-11T06:00:00+00:00'
[2024-08-06T17:01:23.371+0000] {taskinstance.py:430} INFO - ::endgroup::
[2024-08-06T17:01:23.480+0000] {python.py:75} INFO - Poking callable: <function check_data_in_table at 0x701c270f7c40>
[2024-08-06T17:01:23.499+0000] {extract.py:126} INFO - Getting data of the table ks_hebdo_tdb_radio_drsi 
[2024-08-06T17:01:23.500+0000] {extract.py:127} INFO - where date is 2024-02-10
[2024-08-06T17:01:23.500+0000] {extract.py:98} INFO - get data to date 6 and year 2024
[2024-08-06T17:01:23.530+0000] {warnings.py:112} WARNING - /opt/***/dags/gps/common/extract.py:99: UserWarning: pandas only supports SQLAlchemy connectable (engine/connection) or database string URI or sqlite3 DBAPI2 connection. Other DBAPI2 objects are not tested. Please consider using SQLAlchemy.
  df_ = pd.read_sql_query(sql_query, conn, params=params)

[2024-08-06T17:01:24.515+0000] {base.py:294} INFO - Success criteria met. Exiting.
[2024-08-06T17:01:24.516+0000] {taskinstance.py:441} INFO - ::group::Post task execution logs
[2024-08-06T17:01:24.542+0000] {taskinstance.py:1206} INFO - Marking task as SUCCESS. dag_id=motower_daily_prod, task_id=sensor_congestion, run_id=scheduled__2024-02-11T06:00:00+00:00, execution_date=20240211T060000, start_date=20240806T170122, end_date=20240806T170124
[2024-08-06T17:01:24.626+0000] {local_task_job_runner.py:243} INFO - Task exited with return code 0
[2024-08-06T17:01:24.794+0000] {taskinstance.py:3503} INFO - 1 downstream tasks scheduled from follow-on schedule check
[2024-08-06T17:01:24.811+0000] {local_task_job_runner.py:222} INFO - ::endgroup::
[2024-08-06T17:31:43.163+0000] {local_task_job_runner.py:120} INFO - ::group::Pre task execution logs
[2024-08-06T17:31:43.257+0000] {taskinstance.py:2076} INFO - Dependencies all met for dep_context=non-requeueable deps ti=<TaskInstance: motower_daily_prod.sensor_congestion scheduled__2024-02-11T06:00:00+00:00 [queued]>
[2024-08-06T17:31:43.282+0000] {taskinstance.py:2076} INFO - Dependencies all met for dep_context=requeueable deps ti=<TaskInstance: motower_daily_prod.sensor_congestion scheduled__2024-02-11T06:00:00+00:00 [queued]>
[2024-08-06T17:31:43.283+0000] {taskinstance.py:2306} INFO - Starting attempt 1 of 1
[2024-08-06T17:31:43.315+0000] {taskinstance.py:2330} INFO - Executing <Task(PythonSensor): sensor_congestion> on 2024-02-11 06:00:00+00:00
[2024-08-06T17:31:43.333+0000] {warnings.py:112} WARNING - /home/***/.local/lib/python3.12/site-packages/***/task/task_runner/standard_task_runner.py:62: DeprecationWarning: This process (pid=6279) is multi-threaded, use of fork() may lead to deadlocks in the child.
  pid = os.fork()

[2024-08-06T17:31:43.335+0000] {standard_task_runner.py:64} INFO - Started process 6293 to run task
[2024-08-06T17:31:43.348+0000] {standard_task_runner.py:90} INFO - Running: ['***', 'tasks', 'run', 'motower_daily_prod', 'sensor_congestion', 'scheduled__2024-02-11T06:00:00+00:00', '--job-id', '1661', '--raw', '--subdir', 'DAGS_FOLDER/gps/custom_dags/motower_daily.py', '--cfg-path', '/tmp/tmpeere_ecv']
[2024-08-06T17:31:43.358+0000] {standard_task_runner.py:91} INFO - Job 1661: Subtask sensor_congestion
[2024-08-06T17:31:43.503+0000] {task_command.py:426} INFO - Running <TaskInstance: motower_daily_prod.sensor_congestion scheduled__2024-02-11T06:00:00+00:00 [running]> on host 13681191f11c
[2024-08-06T17:31:43.797+0000] {taskinstance.py:2648} INFO - Exporting env vars: AIRFLOW_CTX_DAG_EMAIL='richmond.kongo@orange.com,assane.diop@orange.com,cyrille1.danho@orange.com,mohamed2.sylla@orange.com,amadou.diomande@orange.com,Jonas.kouame@orange.com,armand.kablan@orange.com,anicet.azombade@orange.com,etienne.kouadio@orange.com,bertine.kouakou@orange.com,florentine.kouakou@orange.com,ange.phaceli@orange.com,soulegame.soro@orange.com,innocent.yengo@orange.com' AIRFLOW_CTX_DAG_OWNER='***' AIRFLOW_CTX_DAG_ID='motower_daily_prod' AIRFLOW_CTX_TASK_ID='sensor_congestion' AIRFLOW_CTX_EXECUTION_DATE='2024-02-11T06:00:00+00:00' AIRFLOW_CTX_TRY_NUMBER='1' AIRFLOW_CTX_DAG_RUN_ID='scheduled__2024-02-11T06:00:00+00:00'
[2024-08-06T17:31:43.802+0000] {taskinstance.py:430} INFO - ::endgroup::
[2024-08-06T17:31:43.832+0000] {python.py:75} INFO - Poking callable: <function check_data_in_table at 0x701c41f67f60>
[2024-08-06T17:31:43.839+0000] {extract.py:126} INFO - Getting data of the table ks_hebdo_tdb_radio_drsi 
[2024-08-06T17:31:43.840+0000] {extract.py:127} INFO - where date is 2024-02-10
[2024-08-06T17:31:43.841+0000] {extract.py:98} INFO - get data to date 6 and year 2024
[2024-08-06T17:31:43.852+0000] {warnings.py:112} WARNING - /opt/***/dags/gps/common/extract.py:99: UserWarning: pandas only supports SQLAlchemy connectable (engine/connection) or database string URI or sqlite3 DBAPI2 connection. Other DBAPI2 objects are not tested. Please consider using SQLAlchemy.
  df_ = pd.read_sql_query(sql_query, conn, params=params)

[2024-08-06T17:31:44.194+0000] {base.py:294} INFO - Success criteria met. Exiting.
[2024-08-06T17:31:44.195+0000] {taskinstance.py:441} INFO - ::group::Post task execution logs
[2024-08-06T17:31:44.220+0000] {taskinstance.py:1206} INFO - Marking task as SUCCESS. dag_id=motower_daily_prod, task_id=sensor_congestion, run_id=scheduled__2024-02-11T06:00:00+00:00, execution_date=20240211T060000, start_date=20240806T173143, end_date=20240806T173144
[2024-08-06T17:31:44.420+0000] {local_task_job_runner.py:243} INFO - Task exited with return code 0
[2024-08-06T17:31:44.444+0000] {local_task_job_runner.py:222} INFO - ::endgroup::
[2024-08-06T18:19:47.014+0000] {local_task_job_runner.py:120} INFO - ::group::Pre task execution logs
[2024-08-06T18:19:47.346+0000] {taskinstance.py:2076} INFO - Dependencies all met for dep_context=non-requeueable deps ti=<TaskInstance: motower_daily_prod.sensor_congestion scheduled__2024-02-11T06:00:00+00:00 [queued]>
[2024-08-06T18:19:47.371+0000] {taskinstance.py:2076} INFO - Dependencies all met for dep_context=requeueable deps ti=<TaskInstance: motower_daily_prod.sensor_congestion scheduled__2024-02-11T06:00:00+00:00 [queued]>
[2024-08-06T18:19:47.371+0000] {taskinstance.py:2306} INFO - Starting attempt 1 of 1
[2024-08-06T18:19:47.402+0000] {taskinstance.py:2330} INFO - Executing <Task(PythonSensor): sensor_congestion> on 2024-02-11 06:00:00+00:00
[2024-08-06T18:19:47.420+0000] {warnings.py:112} WARNING - /home/***/.local/lib/python3.12/site-packages/***/task/task_runner/standard_task_runner.py:62: DeprecationWarning: This process (pid=10154) is multi-threaded, use of fork() may lead to deadlocks in the child.
  pid = os.fork()

[2024-08-06T18:19:47.422+0000] {standard_task_runner.py:64} INFO - Started process 10172 to run task
[2024-08-06T18:19:47.429+0000] {standard_task_runner.py:90} INFO - Running: ['***', 'tasks', 'run', 'motower_daily_prod', 'sensor_congestion', 'scheduled__2024-02-11T06:00:00+00:00', '--job-id', '2761', '--raw', '--subdir', 'DAGS_FOLDER/gps/custom_dags/motower_daily.py', '--cfg-path', '/tmp/tmpg16w7awq']
[2024-08-06T18:19:47.433+0000] {standard_task_runner.py:91} INFO - Job 2761: Subtask sensor_congestion
[2024-08-06T18:19:47.563+0000] {task_command.py:426} INFO - Running <TaskInstance: motower_daily_prod.sensor_congestion scheduled__2024-02-11T06:00:00+00:00 [running]> on host 13681191f11c
[2024-08-06T18:19:47.849+0000] {taskinstance.py:2648} INFO - Exporting env vars: AIRFLOW_CTX_DAG_EMAIL='richmond.kongo@orange.com,assane.diop@orange.com,cyrille1.danho@orange.com,mohamed2.sylla@orange.com,amadou.diomande@orange.com,Jonas.kouame@orange.com,armand.kablan@orange.com,anicet.azombade@orange.com,etienne.kouadio@orange.com,bertine.kouakou@orange.com,florentine.kouakou@orange.com,ange.phaceli@orange.com,soulegame.soro@orange.com,innocent.yengo@orange.com' AIRFLOW_CTX_DAG_OWNER='***' AIRFLOW_CTX_DAG_ID='motower_daily_prod' AIRFLOW_CTX_TASK_ID='sensor_congestion' AIRFLOW_CTX_EXECUTION_DATE='2024-02-11T06:00:00+00:00' AIRFLOW_CTX_TRY_NUMBER='1' AIRFLOW_CTX_DAG_RUN_ID='scheduled__2024-02-11T06:00:00+00:00'
[2024-08-06T18:19:47.851+0000] {taskinstance.py:430} INFO - ::endgroup::
[2024-08-06T18:19:47.883+0000] {python.py:75} INFO - Poking callable: <function check_data_in_table at 0x701c26d68a40>
[2024-08-06T18:19:47.889+0000] {extract.py:126} INFO - Getting data of the table ks_hebdo_tdb_radio_drsi 
[2024-08-06T18:19:47.890+0000] {extract.py:127} INFO - where date is 2024-02-10
[2024-08-06T18:19:47.891+0000] {extract.py:98} INFO - get data to date 6 and year 2024
[2024-08-06T18:19:47.901+0000] {warnings.py:112} WARNING - /opt/***/dags/gps/common/extract.py:99: UserWarning: pandas only supports SQLAlchemy connectable (engine/connection) or database string URI or sqlite3 DBAPI2 connection. Other DBAPI2 objects are not tested. Please consider using SQLAlchemy.
  df_ = pd.read_sql_query(sql_query, conn, params=params)

[2024-08-06T18:19:48.371+0000] {base.py:294} INFO - Success criteria met. Exiting.
[2024-08-06T18:19:48.372+0000] {taskinstance.py:441} INFO - ::group::Post task execution logs
[2024-08-06T18:19:48.399+0000] {taskinstance.py:1206} INFO - Marking task as SUCCESS. dag_id=motower_daily_prod, task_id=sensor_congestion, run_id=scheduled__2024-02-11T06:00:00+00:00, execution_date=20240211T060000, start_date=20240806T181947, end_date=20240806T181948
[2024-08-06T18:19:48.479+0000] {local_task_job_runner.py:243} INFO - Task exited with return code 0
[2024-08-06T18:19:48.579+0000] {taskinstance.py:3503} INFO - 0 downstream tasks scheduled from follow-on schedule check
[2024-08-06T18:19:48.587+0000] {local_task_job_runner.py:222} INFO - ::endgroup::
