[2024-08-06T17:01:07.018+0000] {local_task_job_runner.py:120} INFO - ::group::Pre task execution logs
[2024-08-06T17:01:07.097+0000] {taskinstance.py:2076} INFO - Dependencies all met for dep_context=non-requeueable deps ti=<TaskInstance: motower_daily_prod.sensor_congestion scheduled__2024-02-09T06:00:00+00:00 [queued]>
[2024-08-06T17:01:07.116+0000] {taskinstance.py:2076} INFO - Dependencies all met for dep_context=requeueable deps ti=<TaskInstance: motower_daily_prod.sensor_congestion scheduled__2024-02-09T06:00:00+00:00 [queued]>
[2024-08-06T17:01:07.116+0000] {taskinstance.py:2306} INFO - Starting attempt 1 of 1
[2024-08-06T17:01:07.138+0000] {taskinstance.py:2330} INFO - Executing <Task(PythonSensor): sensor_congestion> on 2024-02-09 06:00:00+00:00
[2024-08-06T17:01:07.150+0000] {warnings.py:112} WARNING - /home/***/.local/lib/python3.12/site-packages/***/task/task_runner/standard_task_runner.py:62: DeprecationWarning: This process (pid=2080) is multi-threaded, use of fork() may lead to deadlocks in the child.
  pid = os.fork()

[2024-08-06T17:01:07.152+0000] {standard_task_runner.py:64} INFO - Started process 2091 to run task
[2024-08-06T17:01:07.153+0000] {standard_task_runner.py:90} INFO - Running: ['***', 'tasks', 'run', 'motower_daily_prod', 'sensor_congestion', 'scheduled__2024-02-09T06:00:00+00:00', '--job-id', '382', '--raw', '--subdir', 'DAGS_FOLDER/gps/custom_dags/motower_daily.py', '--cfg-path', '/tmp/tmpx23sp1p9']
[2024-08-06T17:01:07.157+0000] {standard_task_runner.py:91} INFO - Job 382: Subtask sensor_congestion
[2024-08-06T17:01:07.247+0000] {task_command.py:426} INFO - Running <TaskInstance: motower_daily_prod.sensor_congestion scheduled__2024-02-09T06:00:00+00:00 [running]> on host 13681191f11c
[2024-08-06T17:01:07.432+0000] {taskinstance.py:2648} INFO - Exporting env vars: AIRFLOW_CTX_DAG_EMAIL='richmond.kongo@orange.com,assane.diop@orange.com,cyrille1.danho@orange.com,mohamed2.sylla@orange.com,amadou.diomande@orange.com,Jonas.kouame@orange.com,armand.kablan@orange.com,anicet.azombade@orange.com,etienne.kouadio@orange.com,bertine.kouakou@orange.com,florentine.kouakou@orange.com,ange.phaceli@orange.com,soulegame.soro@orange.com,innocent.yengo@orange.com' AIRFLOW_CTX_DAG_OWNER='***' AIRFLOW_CTX_DAG_ID='motower_daily_prod' AIRFLOW_CTX_TASK_ID='sensor_congestion' AIRFLOW_CTX_EXECUTION_DATE='2024-02-09T06:00:00+00:00' AIRFLOW_CTX_TRY_NUMBER='1' AIRFLOW_CTX_DAG_RUN_ID='scheduled__2024-02-09T06:00:00+00:00'
[2024-08-06T17:01:07.434+0000] {taskinstance.py:430} INFO - ::endgroup::
[2024-08-06T17:01:07.467+0000] {python.py:75} INFO - Poking callable: <function check_data_in_table at 0x701c4298f060>
[2024-08-06T17:01:07.474+0000] {extract.py:126} INFO - Getting data of the table ks_hebdo_tdb_radio_drsi 
[2024-08-06T17:01:07.475+0000] {extract.py:127} INFO - where date is 2024-02-08
[2024-08-06T17:01:07.475+0000] {extract.py:98} INFO - get data to date 6 and year 2024
[2024-08-06T17:01:07.485+0000] {warnings.py:112} WARNING - /opt/***/dags/gps/common/extract.py:99: UserWarning: pandas only supports SQLAlchemy connectable (engine/connection) or database string URI or sqlite3 DBAPI2 connection. Other DBAPI2 objects are not tested. Please consider using SQLAlchemy.
  df_ = pd.read_sql_query(sql_query, conn, params=params)

[2024-08-06T17:01:07.818+0000] {base.py:294} INFO - Success criteria met. Exiting.
[2024-08-06T17:01:07.820+0000] {taskinstance.py:441} INFO - ::group::Post task execution logs
[2024-08-06T17:01:07.843+0000] {taskinstance.py:1206} INFO - Marking task as SUCCESS. dag_id=motower_daily_prod, task_id=sensor_congestion, run_id=scheduled__2024-02-09T06:00:00+00:00, execution_date=20240209T060000, start_date=20240806T170107, end_date=20240806T170107
[2024-08-06T17:01:07.907+0000] {local_task_job_runner.py:243} INFO - Task exited with return code 0
[2024-08-06T17:01:08.006+0000] {taskinstance.py:3503} INFO - 0 downstream tasks scheduled from follow-on schedule check
[2024-08-06T17:01:08.018+0000] {local_task_job_runner.py:222} INFO - ::endgroup::
[2024-08-06T17:31:20.577+0000] {local_task_job_runner.py:120} INFO - ::group::Pre task execution logs
[2024-08-06T17:31:20.953+0000] {taskinstance.py:2076} INFO - Dependencies all met for dep_context=non-requeueable deps ti=<TaskInstance: motower_daily_prod.sensor_congestion scheduled__2024-02-09T06:00:00+00:00 [queued]>
[2024-08-06T17:31:20.995+0000] {taskinstance.py:2076} INFO - Dependencies all met for dep_context=requeueable deps ti=<TaskInstance: motower_daily_prod.sensor_congestion scheduled__2024-02-09T06:00:00+00:00 [queued]>
[2024-08-06T17:31:20.995+0000] {taskinstance.py:2306} INFO - Starting attempt 1 of 1
[2024-08-06T17:31:21.464+0000] {taskinstance.py:2330} INFO - Executing <Task(PythonSensor): sensor_congestion> on 2024-02-09 06:00:00+00:00
[2024-08-06T17:31:21.479+0000] {warnings.py:112} WARNING - /home/***/.local/lib/python3.12/site-packages/***/task/task_runner/standard_task_runner.py:62: DeprecationWarning: This process (pid=6199) is multi-threaded, use of fork() may lead to deadlocks in the child.
  pid = os.fork()

[2024-08-06T17:31:21.482+0000] {standard_task_runner.py:64} INFO - Started process 6215 to run task
[2024-08-06T17:31:21.489+0000] {standard_task_runner.py:90} INFO - Running: ['***', 'tasks', 'run', 'motower_daily_prod', 'sensor_congestion', 'scheduled__2024-02-09T06:00:00+00:00', '--job-id', '1638', '--raw', '--subdir', 'DAGS_FOLDER/gps/custom_dags/motower_daily.py', '--cfg-path', '/tmp/tmpiinda5_i']
[2024-08-06T17:31:21.493+0000] {standard_task_runner.py:91} INFO - Job 1638: Subtask sensor_congestion
[2024-08-06T17:31:21.627+0000] {task_command.py:426} INFO - Running <TaskInstance: motower_daily_prod.sensor_congestion scheduled__2024-02-09T06:00:00+00:00 [running]> on host 13681191f11c
[2024-08-06T17:31:21.894+0000] {taskinstance.py:2648} INFO - Exporting env vars: AIRFLOW_CTX_DAG_EMAIL='richmond.kongo@orange.com,assane.diop@orange.com,cyrille1.danho@orange.com,mohamed2.sylla@orange.com,amadou.diomande@orange.com,Jonas.kouame@orange.com,armand.kablan@orange.com,anicet.azombade@orange.com,etienne.kouadio@orange.com,bertine.kouakou@orange.com,florentine.kouakou@orange.com,ange.phaceli@orange.com,soulegame.soro@orange.com,innocent.yengo@orange.com' AIRFLOW_CTX_DAG_OWNER='***' AIRFLOW_CTX_DAG_ID='motower_daily_prod' AIRFLOW_CTX_TASK_ID='sensor_congestion' AIRFLOW_CTX_EXECUTION_DATE='2024-02-09T06:00:00+00:00' AIRFLOW_CTX_TRY_NUMBER='1' AIRFLOW_CTX_DAG_RUN_ID='scheduled__2024-02-09T06:00:00+00:00'
[2024-08-06T17:31:21.896+0000] {taskinstance.py:430} INFO - ::endgroup::
[2024-08-06T17:31:21.916+0000] {python.py:75} INFO - Poking callable: <function check_data_in_table at 0x701c427c2fc0>
[2024-08-06T17:31:21.921+0000] {extract.py:126} INFO - Getting data of the table ks_hebdo_tdb_radio_drsi 
[2024-08-06T17:31:21.921+0000] {extract.py:127} INFO - where date is 2024-02-08
[2024-08-06T17:31:21.922+0000] {extract.py:98} INFO - get data to date 6 and year 2024
[2024-08-06T17:31:21.932+0000] {warnings.py:112} WARNING - /opt/***/dags/gps/common/extract.py:99: UserWarning: pandas only supports SQLAlchemy connectable (engine/connection) or database string URI or sqlite3 DBAPI2 connection. Other DBAPI2 objects are not tested. Please consider using SQLAlchemy.
  df_ = pd.read_sql_query(sql_query, conn, params=params)

[2024-08-06T17:31:22.167+0000] {base.py:294} INFO - Success criteria met. Exiting.
[2024-08-06T17:31:22.167+0000] {taskinstance.py:441} INFO - ::group::Post task execution logs
[2024-08-06T17:31:22.181+0000] {taskinstance.py:1206} INFO - Marking task as SUCCESS. dag_id=motower_daily_prod, task_id=sensor_congestion, run_id=scheduled__2024-02-09T06:00:00+00:00, execution_date=20240209T060000, start_date=20240806T173120, end_date=20240806T173122
[2024-08-06T17:31:22.222+0000] {local_task_job_runner.py:243} INFO - Task exited with return code 0
[2024-08-06T17:31:22.298+0000] {taskinstance.py:3503} INFO - 0 downstream tasks scheduled from follow-on schedule check
[2024-08-06T17:31:22.307+0000] {local_task_job_runner.py:222} INFO - ::endgroup::
[2024-08-06T18:19:33.042+0000] {local_task_job_runner.py:120} INFO - ::group::Pre task execution logs
[2024-08-06T18:19:33.627+0000] {taskinstance.py:2076} INFO - Dependencies all met for dep_context=non-requeueable deps ti=<TaskInstance: motower_daily_prod.sensor_congestion scheduled__2024-02-09T06:00:00+00:00 [queued]>
[2024-08-06T18:19:33.677+0000] {taskinstance.py:2076} INFO - Dependencies all met for dep_context=requeueable deps ti=<TaskInstance: motower_daily_prod.sensor_congestion scheduled__2024-02-09T06:00:00+00:00 [queued]>
[2024-08-06T18:19:33.678+0000] {taskinstance.py:2306} INFO - Starting attempt 1 of 1
[2024-08-06T18:19:33.724+0000] {taskinstance.py:2330} INFO - Executing <Task(PythonSensor): sensor_congestion> on 2024-02-09 06:00:00+00:00
[2024-08-06T18:19:33.742+0000] {warnings.py:112} WARNING - /home/***/.local/lib/python3.12/site-packages/***/task/task_runner/standard_task_runner.py:62: DeprecationWarning: This process (pid=10110) is multi-threaded, use of fork() may lead to deadlocks in the child.
  pid = os.fork()

[2024-08-06T18:19:33.751+0000] {standard_task_runner.py:64} INFO - Started process 10124 to run task
[2024-08-06T18:19:33.751+0000] {standard_task_runner.py:90} INFO - Running: ['***', 'tasks', 'run', 'motower_daily_prod', 'sensor_congestion', 'scheduled__2024-02-09T06:00:00+00:00', '--job-id', '2745', '--raw', '--subdir', 'DAGS_FOLDER/gps/custom_dags/motower_daily.py', '--cfg-path', '/tmp/tmp0ej6zzxm']
[2024-08-06T18:19:33.757+0000] {standard_task_runner.py:91} INFO - Job 2745: Subtask sensor_congestion
[2024-08-06T18:19:33.851+0000] {task_command.py:426} INFO - Running <TaskInstance: motower_daily_prod.sensor_congestion scheduled__2024-02-09T06:00:00+00:00 [running]> on host 13681191f11c
[2024-08-06T18:19:34.106+0000] {taskinstance.py:2648} INFO - Exporting env vars: AIRFLOW_CTX_DAG_EMAIL='richmond.kongo@orange.com,assane.diop@orange.com,cyrille1.danho@orange.com,mohamed2.sylla@orange.com,amadou.diomande@orange.com,Jonas.kouame@orange.com,armand.kablan@orange.com,anicet.azombade@orange.com,etienne.kouadio@orange.com,bertine.kouakou@orange.com,florentine.kouakou@orange.com,ange.phaceli@orange.com,soulegame.soro@orange.com,innocent.yengo@orange.com' AIRFLOW_CTX_DAG_OWNER='***' AIRFLOW_CTX_DAG_ID='motower_daily_prod' AIRFLOW_CTX_TASK_ID='sensor_congestion' AIRFLOW_CTX_EXECUTION_DATE='2024-02-09T06:00:00+00:00' AIRFLOW_CTX_TRY_NUMBER='1' AIRFLOW_CTX_DAG_RUN_ID='scheduled__2024-02-09T06:00:00+00:00'
[2024-08-06T18:19:34.108+0000] {taskinstance.py:430} INFO - ::endgroup::
[2024-08-06T18:19:34.139+0000] {python.py:75} INFO - Poking callable: <function check_data_in_table at 0x701c4276b060>
[2024-08-06T18:19:34.146+0000] {extract.py:126} INFO - Getting data of the table ks_hebdo_tdb_radio_drsi 
[2024-08-06T18:19:34.147+0000] {extract.py:127} INFO - where date is 2024-02-08
[2024-08-06T18:19:34.149+0000] {extract.py:98} INFO - get data to date 6 and year 2024
[2024-08-06T18:19:34.160+0000] {warnings.py:112} WARNING - /opt/***/dags/gps/common/extract.py:99: UserWarning: pandas only supports SQLAlchemy connectable (engine/connection) or database string URI or sqlite3 DBAPI2 connection. Other DBAPI2 objects are not tested. Please consider using SQLAlchemy.
  df_ = pd.read_sql_query(sql_query, conn, params=params)

[2024-08-06T18:19:34.499+0000] {base.py:294} INFO - Success criteria met. Exiting.
[2024-08-06T18:19:34.500+0000] {taskinstance.py:441} INFO - ::group::Post task execution logs
[2024-08-06T18:19:34.542+0000] {taskinstance.py:1206} INFO - Marking task as SUCCESS. dag_id=motower_daily_prod, task_id=sensor_congestion, run_id=scheduled__2024-02-09T06:00:00+00:00, execution_date=20240209T060000, start_date=20240806T181933, end_date=20240806T181934
[2024-08-06T18:19:34.627+0000] {local_task_job_runner.py:243} INFO - Task exited with return code 0
[2024-08-06T18:19:34.857+0000] {taskinstance.py:3503} INFO - 0 downstream tasks scheduled from follow-on schedule check
[2024-08-06T18:19:34.900+0000] {local_task_job_runner.py:222} INFO - ::endgroup::
