[2024-08-06T16:57:40.912+0000] {local_task_job_runner.py:120} INFO - ::group::Pre task execution logs
[2024-08-06T16:57:41.543+0000] {taskinstance.py:2076} INFO - Dependencies all met for dep_context=non-requeueable deps ti=<TaskInstance: motower_daily_prod.extract_congestion scheduled__2024-01-12T06:00:00+00:00 [queued]>
[2024-08-06T16:57:41.596+0000] {taskinstance.py:2076} INFO - Dependencies all met for dep_context=requeueable deps ti=<TaskInstance: motower_daily_prod.extract_congestion scheduled__2024-01-12T06:00:00+00:00 [queued]>
[2024-08-06T16:57:41.597+0000] {taskinstance.py:2306} INFO - Starting attempt 1 of 1
[2024-08-06T16:57:41.680+0000] {taskinstance.py:2330} INFO - Executing <Task(PythonOperator): extract_congestion> on 2024-01-12 06:00:00+00:00
[2024-08-06T16:57:41.706+0000] {warnings.py:112} WARNING - /home/***/.local/lib/python3.12/site-packages/***/task/task_runner/standard_task_runner.py:62: DeprecationWarning: This process (pid=1358) is multi-threaded, use of fork() may lead to deadlocks in the child.
  pid = os.fork()

[2024-08-06T16:57:41.709+0000] {standard_task_runner.py:64} INFO - Started process 1370 to run task
[2024-08-06T16:57:41.724+0000] {standard_task_runner.py:90} INFO - Running: ['***', 'tasks', 'run', 'motower_daily_prod', 'extract_congestion', 'scheduled__2024-01-12T06:00:00+00:00', '--job-id', '150', '--raw', '--subdir', 'DAGS_FOLDER/gps/custom_dags/motower_daily.py', '--cfg-path', '/tmp/tmp3o9451ar']
[2024-08-06T16:57:41.728+0000] {standard_task_runner.py:91} INFO - Job 150: Subtask extract_congestion
[2024-08-06T16:57:41.937+0000] {task_command.py:426} INFO - Running <TaskInstance: motower_daily_prod.extract_congestion scheduled__2024-01-12T06:00:00+00:00 [running]> on host 13681191f11c
[2024-08-06T16:57:42.266+0000] {taskinstance.py:2648} INFO - Exporting env vars: AIRFLOW_CTX_DAG_EMAIL='richmond.kongo@orange.com,assane.diop@orange.com,cyrille1.danho@orange.com,mohamed2.sylla@orange.com,amadou.diomande@orange.com,Jonas.kouame@orange.com,armand.kablan@orange.com,anicet.azombade@orange.com,etienne.kouadio@orange.com,bertine.kouakou@orange.com,florentine.kouakou@orange.com,ange.phaceli@orange.com,soulegame.soro@orange.com,innocent.yengo@orange.com' AIRFLOW_CTX_DAG_OWNER='***' AIRFLOW_CTX_DAG_ID='motower_daily_prod' AIRFLOW_CTX_TASK_ID='extract_congestion' AIRFLOW_CTX_EXECUTION_DATE='2024-01-12T06:00:00+00:00' AIRFLOW_CTX_TRY_NUMBER='1' AIRFLOW_CTX_DAG_RUN_ID='scheduled__2024-01-12T06:00:00+00:00'
[2024-08-06T16:57:42.272+0000] {taskinstance.py:430} INFO - ::endgroup::
[2024-08-06T16:57:42.332+0000] {extract.py:126} INFO - Getting data of the table ks_hebdo_tdb_radio_drsi 
[2024-08-06T16:57:42.332+0000] {extract.py:127} INFO - where date is 2024-01-11
[2024-08-06T16:57:42.333+0000] {extract.py:98} INFO - get data to date 2 and year 2024
[2024-08-06T16:57:42.344+0000] {warnings.py:112} WARNING - /opt/***/dags/gps/common/extract.py:99: UserWarning: pandas only supports SQLAlchemy connectable (engine/connection) or database string URI or sqlite3 DBAPI2 connection. Other DBAPI2 objects are not tested. Please consider using SQLAlchemy.
  df_ = pd.read_sql_query(sql_query, conn, params=params)

[2024-08-06T16:57:42.847+0000] {rwminio.py:19} INFO - start to save data
[2024-08-06T16:57:43.173+0000] {rwminio.py:34} INFO - data in minio ok
[2024-08-06T16:57:43.191+0000] {python.py:237} INFO - Done. Returned value was: None
[2024-08-06T16:57:43.192+0000] {taskinstance.py:441} INFO - ::group::Post task execution logs
[2024-08-06T16:57:43.227+0000] {taskinstance.py:1206} INFO - Marking task as SUCCESS. dag_id=motower_daily_prod, task_id=extract_congestion, run_id=scheduled__2024-01-12T06:00:00+00:00, execution_date=20240112T060000, start_date=20240806T165741, end_date=20240806T165743
[2024-08-06T16:57:43.303+0000] {local_task_job_runner.py:243} INFO - Task exited with return code 0
[2024-08-06T16:57:43.371+0000] {taskinstance.py:3503} INFO - 0 downstream tasks scheduled from follow-on schedule check
[2024-08-06T16:57:43.379+0000] {local_task_job_runner.py:222} INFO - ::endgroup::
[2024-08-06T17:28:03.821+0000] {local_task_job_runner.py:120} INFO - ::group::Pre task execution logs
[2024-08-06T17:28:03.935+0000] {taskinstance.py:2076} INFO - Dependencies all met for dep_context=non-requeueable deps ti=<TaskInstance: motower_daily_prod.extract_congestion scheduled__2024-01-12T06:00:00+00:00 [queued]>
[2024-08-06T17:28:03.969+0000] {taskinstance.py:2076} INFO - Dependencies all met for dep_context=requeueable deps ti=<TaskInstance: motower_daily_prod.extract_congestion scheduled__2024-01-12T06:00:00+00:00 [queued]>
[2024-08-06T17:28:03.969+0000] {taskinstance.py:2306} INFO - Starting attempt 1 of 1
[2024-08-06T17:28:04.019+0000] {taskinstance.py:2330} INFO - Executing <Task(PythonOperator): extract_congestion> on 2024-01-12 06:00:00+00:00
[2024-08-06T17:28:04.041+0000] {warnings.py:112} WARNING - /home/***/.local/lib/python3.12/site-packages/***/task/task_runner/standard_task_runner.py:62: DeprecationWarning: This process (pid=5480) is multi-threaded, use of fork() may lead to deadlocks in the child.
  pid = os.fork()

[2024-08-06T17:28:04.043+0000] {standard_task_runner.py:64} INFO - Started process 5500 to run task
[2024-08-06T17:28:04.050+0000] {standard_task_runner.py:90} INFO - Running: ['***', 'tasks', 'run', 'motower_daily_prod', 'extract_congestion', 'scheduled__2024-01-12T06:00:00+00:00', '--job-id', '1410', '--raw', '--subdir', 'DAGS_FOLDER/gps/custom_dags/motower_daily.py', '--cfg-path', '/tmp/tmphcks_y2g']
[2024-08-06T17:28:04.055+0000] {standard_task_runner.py:91} INFO - Job 1410: Subtask extract_congestion
[2024-08-06T17:28:04.251+0000] {task_command.py:426} INFO - Running <TaskInstance: motower_daily_prod.extract_congestion scheduled__2024-01-12T06:00:00+00:00 [running]> on host 13681191f11c
[2024-08-06T17:28:04.588+0000] {taskinstance.py:2648} INFO - Exporting env vars: AIRFLOW_CTX_DAG_EMAIL='richmond.kongo@orange.com,assane.diop@orange.com,cyrille1.danho@orange.com,mohamed2.sylla@orange.com,amadou.diomande@orange.com,Jonas.kouame@orange.com,armand.kablan@orange.com,anicet.azombade@orange.com,etienne.kouadio@orange.com,bertine.kouakou@orange.com,florentine.kouakou@orange.com,ange.phaceli@orange.com,soulegame.soro@orange.com,innocent.yengo@orange.com' AIRFLOW_CTX_DAG_OWNER='***' AIRFLOW_CTX_DAG_ID='motower_daily_prod' AIRFLOW_CTX_TASK_ID='extract_congestion' AIRFLOW_CTX_EXECUTION_DATE='2024-01-12T06:00:00+00:00' AIRFLOW_CTX_TRY_NUMBER='1' AIRFLOW_CTX_DAG_RUN_ID='scheduled__2024-01-12T06:00:00+00:00'
[2024-08-06T17:28:04.590+0000] {taskinstance.py:430} INFO - ::endgroup::
[2024-08-06T17:28:04.648+0000] {extract.py:126} INFO - Getting data of the table ks_hebdo_tdb_radio_drsi 
[2024-08-06T17:28:04.648+0000] {extract.py:127} INFO - where date is 2024-01-11
[2024-08-06T17:28:04.649+0000] {extract.py:98} INFO - get data to date 2 and year 2024
[2024-08-06T17:28:04.670+0000] {warnings.py:112} WARNING - /opt/***/dags/gps/common/extract.py:99: UserWarning: pandas only supports SQLAlchemy connectable (engine/connection) or database string URI or sqlite3 DBAPI2 connection. Other DBAPI2 objects are not tested. Please consider using SQLAlchemy.
  df_ = pd.read_sql_query(sql_query, conn, params=params)

[2024-08-06T17:28:05.031+0000] {rwminio.py:19} INFO - start to save data
[2024-08-06T17:28:05.258+0000] {rwminio.py:34} INFO - data in minio ok
[2024-08-06T17:28:05.268+0000] {python.py:237} INFO - Done. Returned value was: None
[2024-08-06T17:28:05.269+0000] {taskinstance.py:441} INFO - ::group::Post task execution logs
[2024-08-06T17:28:05.293+0000] {taskinstance.py:1206} INFO - Marking task as SUCCESS. dag_id=motower_daily_prod, task_id=extract_congestion, run_id=scheduled__2024-01-12T06:00:00+00:00, execution_date=20240112T060000, start_date=20240806T172803, end_date=20240806T172805
[2024-08-06T17:28:05.361+0000] {local_task_job_runner.py:243} INFO - Task exited with return code 0
[2024-08-06T17:28:05.422+0000] {taskinstance.py:3503} INFO - 0 downstream tasks scheduled from follow-on schedule check
[2024-08-06T17:28:05.425+0000] {local_task_job_runner.py:222} INFO - ::endgroup::
[2024-08-06T18:15:42.258+0000] {local_task_job_runner.py:120} INFO - ::group::Pre task execution logs
[2024-08-06T18:15:42.471+0000] {taskinstance.py:2076} INFO - Dependencies all met for dep_context=non-requeueable deps ti=<TaskInstance: motower_daily_prod.extract_congestion scheduled__2024-01-12T06:00:00+00:00 [queued]>
[2024-08-06T18:15:42.595+0000] {taskinstance.py:2076} INFO - Dependencies all met for dep_context=requeueable deps ti=<TaskInstance: motower_daily_prod.extract_congestion scheduled__2024-01-12T06:00:00+00:00 [queued]>
[2024-08-06T18:15:42.596+0000] {taskinstance.py:2306} INFO - Starting attempt 1 of 1
[2024-08-06T18:15:42.702+0000] {taskinstance.py:2330} INFO - Executing <Task(PythonOperator): extract_congestion> on 2024-01-12 06:00:00+00:00
[2024-08-06T18:15:42.740+0000] {warnings.py:112} WARNING - /home/***/.local/lib/python3.12/site-packages/***/task/task_runner/standard_task_runner.py:62: DeprecationWarning: This process (pid=9348) is multi-threaded, use of fork() may lead to deadlocks in the child.
  pid = os.fork()

[2024-08-06T18:15:42.751+0000] {standard_task_runner.py:64} INFO - Started process 9373 to run task
[2024-08-06T18:15:42.775+0000] {standard_task_runner.py:90} INFO - Running: ['***', 'tasks', 'run', 'motower_daily_prod', 'extract_congestion', 'scheduled__2024-01-12T06:00:00+00:00', '--job-id', '2509', '--raw', '--subdir', 'DAGS_FOLDER/gps/custom_dags/motower_daily.py', '--cfg-path', '/tmp/tmp154om827']
[2024-08-06T18:15:42.783+0000] {standard_task_runner.py:91} INFO - Job 2509: Subtask extract_congestion
[2024-08-06T18:15:43.037+0000] {task_command.py:426} INFO - Running <TaskInstance: motower_daily_prod.extract_congestion scheduled__2024-01-12T06:00:00+00:00 [running]> on host 13681191f11c
[2024-08-06T18:15:43.693+0000] {taskinstance.py:2648} INFO - Exporting env vars: AIRFLOW_CTX_DAG_EMAIL='richmond.kongo@orange.com,assane.diop@orange.com,cyrille1.danho@orange.com,mohamed2.sylla@orange.com,amadou.diomande@orange.com,Jonas.kouame@orange.com,armand.kablan@orange.com,anicet.azombade@orange.com,etienne.kouadio@orange.com,bertine.kouakou@orange.com,florentine.kouakou@orange.com,ange.phaceli@orange.com,soulegame.soro@orange.com,innocent.yengo@orange.com' AIRFLOW_CTX_DAG_OWNER='***' AIRFLOW_CTX_DAG_ID='motower_daily_prod' AIRFLOW_CTX_TASK_ID='extract_congestion' AIRFLOW_CTX_EXECUTION_DATE='2024-01-12T06:00:00+00:00' AIRFLOW_CTX_TRY_NUMBER='1' AIRFLOW_CTX_DAG_RUN_ID='scheduled__2024-01-12T06:00:00+00:00'
[2024-08-06T18:15:43.701+0000] {taskinstance.py:430} INFO - ::endgroup::
[2024-08-06T18:15:43.944+0000] {extract.py:126} INFO - Getting data of the table ks_hebdo_tdb_radio_drsi 
[2024-08-06T18:15:43.945+0000] {extract.py:127} INFO - where date is 2024-01-11
[2024-08-06T18:15:43.945+0000] {extract.py:98} INFO - get data to date 2 and year 2024
[2024-08-06T18:15:43.993+0000] {warnings.py:112} WARNING - /opt/***/dags/gps/common/extract.py:99: UserWarning: pandas only supports SQLAlchemy connectable (engine/connection) or database string URI or sqlite3 DBAPI2 connection. Other DBAPI2 objects are not tested. Please consider using SQLAlchemy.
  df_ = pd.read_sql_query(sql_query, conn, params=params)

[2024-08-06T18:15:44.328+0000] {rwminio.py:19} INFO - start to save data
[2024-08-06T18:15:44.558+0000] {rwminio.py:34} INFO - data in minio ok
[2024-08-06T18:15:44.570+0000] {python.py:237} INFO - Done. Returned value was: None
[2024-08-06T18:15:44.572+0000] {taskinstance.py:441} INFO - ::group::Post task execution logs
[2024-08-06T18:15:44.602+0000] {taskinstance.py:1206} INFO - Marking task as SUCCESS. dag_id=motower_daily_prod, task_id=extract_congestion, run_id=scheduled__2024-01-12T06:00:00+00:00, execution_date=20240112T060000, start_date=20240806T181542, end_date=20240806T181544
[2024-08-06T18:15:44.683+0000] {local_task_job_runner.py:243} INFO - Task exited with return code 0
[2024-08-06T18:15:44.707+0000] {local_task_job_runner.py:222} INFO - ::endgroup::
