[2024-07-25T10:15:05.519+0000] {local_task_job_runner.py:120} INFO - ::group::Pre task execution logs
[2024-07-25T10:15:05.545+0000] {taskinstance.py:2076} INFO - Dependencies all met for dep_context=non-requeueable deps ti=<TaskInstance: enrich_prod.cleaning.check_esco_annexe_sensor manual__2024-07-25T10:15:03.778817+00:00 [queued]>
[2024-07-25T10:15:05.554+0000] {taskinstance.py:2076} INFO - Dependencies all met for dep_context=requeueable deps ti=<TaskInstance: enrich_prod.cleaning.check_esco_annexe_sensor manual__2024-07-25T10:15:03.778817+00:00 [queued]>
[2024-07-25T10:15:05.554+0000] {taskinstance.py:2306} INFO - Starting attempt 1 of 1
[2024-07-25T10:15:05.570+0000] {taskinstance.py:2330} INFO - Executing <Task(PythonSensor): cleaning.check_esco_annexe_sensor> on 2024-07-25 10:15:03.778817+00:00
[2024-07-25T10:15:05.583+0000] {warnings.py:112} WARNING - /home/***/.local/lib/python3.12/site-packages/***/task/task_runner/standard_task_runner.py:62: DeprecationWarning: This process (pid=4315) is multi-threaded, use of fork() may lead to deadlocks in the child.
  pid = os.fork()

[2024-07-25T10:15:05.585+0000] {standard_task_runner.py:64} INFO - Started process 4327 to run task
[2024-07-25T10:15:05.585+0000] {standard_task_runner.py:90} INFO - Running: ['***', 'tasks', 'run', 'enrich_prod', 'cleaning.check_esco_annexe_sensor', 'manual__2024-07-25T10:15:03.778817+00:00', '--job-id', '1032', '--raw', '--subdir', 'DAGS_FOLDER/gps/custom_dags/enrich.py', '--cfg-path', '/tmp/tmpck15cj59']
[2024-07-25T10:15:05.588+0000] {standard_task_runner.py:91} INFO - Job 1032: Subtask cleaning.check_esco_annexe_sensor
[2024-07-25T10:15:05.641+0000] {task_command.py:426} INFO - Running <TaskInstance: enrich_prod.cleaning.check_esco_annexe_sensor manual__2024-07-25T10:15:03.778817+00:00 [running]> on host b3845fb494d4
[2024-07-25T10:15:05.770+0000] {taskinstance.py:2648} INFO - Exporting env vars: AIRFLOW_CTX_DAG_EMAIL='richmond.kongo@orange.com,assane.diop@orange.com,cyrille1.danho@orange.com,mohamed2.sylla@orange.com,amadou.diomande@orange.com,Jonas.kouame@orange.com,armand.kablan@orange.com,anicet.azombade@orange.com,etienne.kouadio@orange.com,bertine.kouakou@orange.com,florentine.kouakou@orange.com,ange.phaceli@orange.com,soulegame.soro@orange.com,innocent.yengo@orange.com' AIRFLOW_CTX_DAG_OWNER='***' AIRFLOW_CTX_DAG_ID='enrich_prod' AIRFLOW_CTX_TASK_ID='cleaning.check_esco_annexe_sensor' AIRFLOW_CTX_EXECUTION_DATE='2024-07-25T10:15:03.778817+00:00' AIRFLOW_CTX_TRY_NUMBER='1' AIRFLOW_CTX_DAG_RUN_ID='manual__2024-07-25T10:15:03.778817+00:00'
[2024-07-25T10:15:05.772+0000] {taskinstance.py:430} INFO - ::endgroup::
[2024-07-25T10:15:05.786+0000] {python.py:75} INFO - Poking callable: <function check_file at 0x73206e914220>
[2024-07-25T10:15:50.971+0000] {local_task_job_runner.py:313} WARNING - State of this instance has been externally set to failed. Terminating instance.
[2024-07-25T10:15:50.972+0000] {local_task_job_runner.py:222} INFO - ::endgroup::
[2024-07-25T10:15:50.973+0000] {process_utils.py:132} INFO - Sending 15 to group 4327. PIDs of all processes in the group: [4327]
[2024-07-25T10:15:50.973+0000] {process_utils.py:87} INFO - Sending the signal 15 to group 4327
[2024-07-25T10:15:50.973+0000] {taskinstance.py:2611} ERROR - Received SIGTERM. Terminating subprocesses.
[2024-07-25T10:15:50.974+0000] {taskinstance.py:441} INFO - ::group::Post task execution logs
[2024-07-25T10:15:50.999+0000] {process_utils.py:80} INFO - Process psutil.Process(pid=4327, status='terminated', exitcode=0, started='10:15:05') (4327) terminated with exit code 0
