[2024-08-06T16:53:49.082+0000] {local_task_job_runner.py:120} INFO - ::group::Pre task execution logs
[2024-08-06T16:53:49.220+0000] {taskinstance.py:2076} INFO - Dependencies all met for dep_context=non-requeueable deps ti=<TaskInstance: motower_daily_prod.extracta scheduled__2024-01-05T06:00:00+00:00 [queued]>
[2024-08-06T16:53:49.272+0000] {taskinstance.py:2076} INFO - Dependencies all met for dep_context=requeueable deps ti=<TaskInstance: motower_daily_prod.extracta scheduled__2024-01-05T06:00:00+00:00 [queued]>
[2024-08-06T16:53:49.273+0000] {taskinstance.py:2306} INFO - Starting attempt 1 of 1
[2024-08-06T16:53:49.317+0000] {taskinstance.py:2330} INFO - Executing <Task(PythonOperator): extracta> on 2024-01-05 06:00:00+00:00
[2024-08-06T16:53:49.333+0000] {warnings.py:112} WARNING - /home/***/.local/lib/python3.12/site-packages/***/task/task_runner/standard_task_runner.py:62: DeprecationWarning: This process (pid=950) is multi-threaded, use of fork() may lead to deadlocks in the child.
  pid = os.fork()

[2024-08-06T16:53:49.336+0000] {standard_task_runner.py:64} INFO - Started process 962 to run task
[2024-08-06T16:53:49.343+0000] {standard_task_runner.py:90} INFO - Running: ['***', 'tasks', 'run', 'motower_daily_prod', 'extracta', 'scheduled__2024-01-05T06:00:00+00:00', '--job-id', '33', '--raw', '--subdir', 'DAGS_FOLDER/gps/custom_dags/motower_daily.py', '--cfg-path', '/tmp/tmpx6jbrhw4']
[2024-08-06T16:53:49.349+0000] {standard_task_runner.py:91} INFO - Job 33: Subtask extracta
[2024-08-06T16:53:49.600+0000] {task_command.py:426} INFO - Running <TaskInstance: motower_daily_prod.extracta scheduled__2024-01-05T06:00:00+00:00 [running]> on host 13681191f11c
[2024-08-06T16:53:50.036+0000] {taskinstance.py:2648} INFO - Exporting env vars: AIRFLOW_CTX_DAG_EMAIL='richmond.kongo@orange.com,assane.diop@orange.com,cyrille1.danho@orange.com,mohamed2.sylla@orange.com,amadou.diomande@orange.com,Jonas.kouame@orange.com,armand.kablan@orange.com,anicet.azombade@orange.com,etienne.kouadio@orange.com,bertine.kouakou@orange.com,florentine.kouakou@orange.com,ange.phaceli@orange.com,soulegame.soro@orange.com,innocent.yengo@orange.com' AIRFLOW_CTX_DAG_OWNER='***' AIRFLOW_CTX_DAG_ID='motower_daily_prod' AIRFLOW_CTX_TASK_ID='extracta' AIRFLOW_CTX_EXECUTION_DATE='2024-01-05T06:00:00+00:00' AIRFLOW_CTX_TRY_NUMBER='1' AIRFLOW_CTX_DAG_RUN_ID='scheduled__2024-01-05T06:00:00+00:00'
[2024-08-06T16:53:50.038+0000] {taskinstance.py:430} INFO - ::endgroup::
[2024-08-06T16:53:50.141+0000] {extract.py:126} INFO - Getting data of the table dtm_motower_gsm 
[2024-08-06T16:53:50.143+0000] {extract.py:127} INFO - where date is 2024-01-04
[2024-08-06T16:53:50.144+0000] {extract.py:102} INFO - get data to date 20240104
[2024-08-06T16:53:50.181+0000] {warnings.py:112} WARNING - /opt/***/dags/gps/common/extract.py:103: UserWarning: pandas only supports SQLAlchemy connectable (engine/connection) or database string URI or sqlite3 DBAPI2 connection. Other DBAPI2 objects are not tested. Please consider using SQLAlchemy.
  df_ = pd.read_sql_query(sql_query, conn, params=params)

[2024-08-06T16:53:50.578+0000] {rwminio.py:19} INFO - start to save data
[2024-08-06T16:53:50.738+0000] {rwminio.py:34} INFO - data in minio ok
[2024-08-06T16:53:50.739+0000] {python.py:237} INFO - Done. Returned value was: None
[2024-08-06T16:53:50.740+0000] {taskinstance.py:441} INFO - ::group::Post task execution logs
[2024-08-06T16:53:50.770+0000] {taskinstance.py:1206} INFO - Marking task as SUCCESS. dag_id=motower_daily_prod, task_id=extracta, run_id=scheduled__2024-01-05T06:00:00+00:00, execution_date=20240105T060000, start_date=20240806T165349, end_date=20240806T165350
[2024-08-06T16:53:50.872+0000] {local_task_job_runner.py:243} INFO - Task exited with return code 0
[2024-08-06T16:53:50.907+0000] {local_task_job_runner.py:222} INFO - ::endgroup::
[2024-08-06T16:56:47.942+0000] {local_task_job_runner.py:120} INFO - ::group::Pre task execution logs
[2024-08-06T16:56:48.035+0000] {taskinstance.py:2076} INFO - Dependencies all met for dep_context=non-requeueable deps ti=<TaskInstance: motower_daily_prod.extracta scheduled__2024-01-05T06:00:00+00:00 [queued]>
[2024-08-06T16:56:48.067+0000] {taskinstance.py:2076} INFO - Dependencies all met for dep_context=requeueable deps ti=<TaskInstance: motower_daily_prod.extracta scheduled__2024-01-05T06:00:00+00:00 [queued]>
[2024-08-06T16:56:48.068+0000] {taskinstance.py:2306} INFO - Starting attempt 1 of 1
[2024-08-06T16:56:48.105+0000] {taskinstance.py:2330} INFO - Executing <Task(PythonOperator): extracta> on 2024-01-05 06:00:00+00:00
[2024-08-06T16:56:48.127+0000] {warnings.py:112} WARNING - /home/***/.local/lib/python3.12/site-packages/***/task/task_runner/standard_task_runner.py:62: DeprecationWarning: This process (pid=1145) is multi-threaded, use of fork() may lead to deadlocks in the child.
  pid = os.fork()

[2024-08-06T16:56:48.130+0000] {standard_task_runner.py:64} INFO - Started process 1158 to run task
[2024-08-06T16:56:48.147+0000] {standard_task_runner.py:90} INFO - Running: ['***', 'tasks', 'run', 'motower_daily_prod', 'extracta', 'scheduled__2024-01-05T06:00:00+00:00', '--job-id', '86', '--raw', '--subdir', 'DAGS_FOLDER/gps/custom_dags/motower_daily.py', '--cfg-path', '/tmp/tmp9r16rnyv']
[2024-08-06T16:56:48.151+0000] {standard_task_runner.py:91} INFO - Job 86: Subtask extracta
[2024-08-06T16:56:48.392+0000] {task_command.py:426} INFO - Running <TaskInstance: motower_daily_prod.extracta scheduled__2024-01-05T06:00:00+00:00 [running]> on host 13681191f11c
[2024-08-06T16:56:48.639+0000] {taskinstance.py:2648} INFO - Exporting env vars: AIRFLOW_CTX_DAG_EMAIL='richmond.kongo@orange.com,assane.diop@orange.com,cyrille1.danho@orange.com,mohamed2.sylla@orange.com,amadou.diomande@orange.com,Jonas.kouame@orange.com,armand.kablan@orange.com,anicet.azombade@orange.com,etienne.kouadio@orange.com,bertine.kouakou@orange.com,florentine.kouakou@orange.com,ange.phaceli@orange.com,soulegame.soro@orange.com,innocent.yengo@orange.com' AIRFLOW_CTX_DAG_OWNER='***' AIRFLOW_CTX_DAG_ID='motower_daily_prod' AIRFLOW_CTX_TASK_ID='extracta' AIRFLOW_CTX_EXECUTION_DATE='2024-01-05T06:00:00+00:00' AIRFLOW_CTX_TRY_NUMBER='1' AIRFLOW_CTX_DAG_RUN_ID='scheduled__2024-01-05T06:00:00+00:00'
[2024-08-06T16:56:48.642+0000] {taskinstance.py:430} INFO - ::endgroup::
[2024-08-06T16:56:48.693+0000] {extract.py:126} INFO - Getting data of the table dtm_motower_gsm 
[2024-08-06T16:56:48.693+0000] {extract.py:127} INFO - where date is 2024-01-04
[2024-08-06T16:56:48.694+0000] {extract.py:102} INFO - get data to date 20240104
[2024-08-06T16:56:48.708+0000] {warnings.py:112} WARNING - /opt/***/dags/gps/common/extract.py:103: UserWarning: pandas only supports SQLAlchemy connectable (engine/connection) or database string URI or sqlite3 DBAPI2 connection. Other DBAPI2 objects are not tested. Please consider using SQLAlchemy.
  df_ = pd.read_sql_query(sql_query, conn, params=params)

[2024-08-06T16:56:48.927+0000] {rwminio.py:19} INFO - start to save data
[2024-08-06T16:56:49.397+0000] {rwminio.py:34} INFO - data in minio ok
[2024-08-06T16:56:49.411+0000] {python.py:237} INFO - Done. Returned value was: None
[2024-08-06T16:56:49.412+0000] {taskinstance.py:441} INFO - ::group::Post task execution logs
[2024-08-06T16:56:49.443+0000] {taskinstance.py:1206} INFO - Marking task as SUCCESS. dag_id=motower_daily_prod, task_id=extracta, run_id=scheduled__2024-01-05T06:00:00+00:00, execution_date=20240105T060000, start_date=20240806T165648, end_date=20240806T165649
[2024-08-06T16:56:50.845+0000] {local_task_job_runner.py:243} INFO - Task exited with return code 0
[2024-08-06T16:56:50.905+0000] {taskinstance.py:3503} INFO - 0 downstream tasks scheduled from follow-on schedule check
[2024-08-06T16:56:50.908+0000] {local_task_job_runner.py:222} INFO - ::endgroup::
[2024-08-06T17:27:12.734+0000] {local_task_job_runner.py:120} INFO - ::group::Pre task execution logs
[2024-08-06T17:27:12.809+0000] {taskinstance.py:2076} INFO - Dependencies all met for dep_context=non-requeueable deps ti=<TaskInstance: motower_daily_prod.extracta scheduled__2024-01-05T06:00:00+00:00 [queued]>
[2024-08-06T17:27:12.838+0000] {taskinstance.py:2076} INFO - Dependencies all met for dep_context=requeueable deps ti=<TaskInstance: motower_daily_prod.extracta scheduled__2024-01-05T06:00:00+00:00 [queued]>
[2024-08-06T17:27:12.838+0000] {taskinstance.py:2306} INFO - Starting attempt 1 of 1
[2024-08-06T17:27:12.866+0000] {taskinstance.py:2330} INFO - Executing <Task(PythonOperator): extracta> on 2024-01-05 06:00:00+00:00
[2024-08-06T17:27:12.883+0000] {warnings.py:112} WARNING - /home/***/.local/lib/python3.12/site-packages/***/task/task_runner/standard_task_runner.py:62: DeprecationWarning: This process (pid=5286) is multi-threaded, use of fork() may lead to deadlocks in the child.
  pid = os.fork()

[2024-08-06T17:27:12.885+0000] {standard_task_runner.py:64} INFO - Started process 5296 to run task
[2024-08-06T17:27:12.892+0000] {standard_task_runner.py:90} INFO - Running: ['***', 'tasks', 'run', 'motower_daily_prod', 'extracta', 'scheduled__2024-01-05T06:00:00+00:00', '--job-id', '1344', '--raw', '--subdir', 'DAGS_FOLDER/gps/custom_dags/motower_daily.py', '--cfg-path', '/tmp/tmp1mhtf29l']
[2024-08-06T17:27:12.896+0000] {standard_task_runner.py:91} INFO - Job 1344: Subtask extracta
[2024-08-06T17:27:12.996+0000] {task_command.py:426} INFO - Running <TaskInstance: motower_daily_prod.extracta scheduled__2024-01-05T06:00:00+00:00 [running]> on host 13681191f11c
[2024-08-06T17:27:13.215+0000] {taskinstance.py:2648} INFO - Exporting env vars: AIRFLOW_CTX_DAG_EMAIL='richmond.kongo@orange.com,assane.diop@orange.com,cyrille1.danho@orange.com,mohamed2.sylla@orange.com,amadou.diomande@orange.com,Jonas.kouame@orange.com,armand.kablan@orange.com,anicet.azombade@orange.com,etienne.kouadio@orange.com,bertine.kouakou@orange.com,florentine.kouakou@orange.com,ange.phaceli@orange.com,soulegame.soro@orange.com,innocent.yengo@orange.com' AIRFLOW_CTX_DAG_OWNER='***' AIRFLOW_CTX_DAG_ID='motower_daily_prod' AIRFLOW_CTX_TASK_ID='extracta' AIRFLOW_CTX_EXECUTION_DATE='2024-01-05T06:00:00+00:00' AIRFLOW_CTX_TRY_NUMBER='1' AIRFLOW_CTX_DAG_RUN_ID='scheduled__2024-01-05T06:00:00+00:00'
[2024-08-06T17:27:13.218+0000] {taskinstance.py:430} INFO - ::endgroup::
[2024-08-06T17:27:13.253+0000] {extract.py:126} INFO - Getting data of the table dtm_motower_gsm 
[2024-08-06T17:27:13.254+0000] {extract.py:127} INFO - where date is 2024-01-04
[2024-08-06T17:27:13.254+0000] {extract.py:102} INFO - get data to date 20240104
[2024-08-06T17:27:13.266+0000] {warnings.py:112} WARNING - /opt/***/dags/gps/common/extract.py:103: UserWarning: pandas only supports SQLAlchemy connectable (engine/connection) or database string URI or sqlite3 DBAPI2 connection. Other DBAPI2 objects are not tested. Please consider using SQLAlchemy.
  df_ = pd.read_sql_query(sql_query, conn, params=params)

[2024-08-06T17:27:13.417+0000] {rwminio.py:19} INFO - start to save data
[2024-08-06T17:27:13.581+0000] {rwminio.py:34} INFO - data in minio ok
[2024-08-06T17:27:13.582+0000] {python.py:237} INFO - Done. Returned value was: None
[2024-08-06T17:27:13.583+0000] {taskinstance.py:441} INFO - ::group::Post task execution logs
[2024-08-06T17:27:13.620+0000] {taskinstance.py:1206} INFO - Marking task as SUCCESS. dag_id=motower_daily_prod, task_id=extracta, run_id=scheduled__2024-01-05T06:00:00+00:00, execution_date=20240105T060000, start_date=20240806T172712, end_date=20240806T172713
[2024-08-06T17:27:13.707+0000] {local_task_job_runner.py:243} INFO - Task exited with return code 0
[2024-08-06T17:27:13.794+0000] {taskinstance.py:3503} INFO - 0 downstream tasks scheduled from follow-on schedule check
[2024-08-06T17:27:13.801+0000] {local_task_job_runner.py:222} INFO - ::endgroup::
[2024-08-06T18:14:53.422+0000] {local_task_job_runner.py:120} INFO - ::group::Pre task execution logs
[2024-08-06T18:14:53.499+0000] {taskinstance.py:2076} INFO - Dependencies all met for dep_context=non-requeueable deps ti=<TaskInstance: motower_daily_prod.extracta scheduled__2024-01-05T06:00:00+00:00 [queued]>
[2024-08-06T18:14:53.526+0000] {taskinstance.py:2076} INFO - Dependencies all met for dep_context=requeueable deps ti=<TaskInstance: motower_daily_prod.extracta scheduled__2024-01-05T06:00:00+00:00 [queued]>
[2024-08-06T18:14:53.527+0000] {taskinstance.py:2306} INFO - Starting attempt 1 of 1
[2024-08-06T18:14:53.558+0000] {taskinstance.py:2330} INFO - Executing <Task(PythonOperator): extracta> on 2024-01-05 06:00:00+00:00
[2024-08-06T18:14:53.579+0000] {warnings.py:112} WARNING - /home/***/.local/lib/python3.12/site-packages/***/task/task_runner/standard_task_runner.py:62: DeprecationWarning: This process (pid=9157) is multi-threaded, use of fork() may lead to deadlocks in the child.
  pid = os.fork()

[2024-08-06T18:14:53.581+0000] {standard_task_runner.py:64} INFO - Started process 9175 to run task
[2024-08-06T18:14:53.582+0000] {standard_task_runner.py:90} INFO - Running: ['***', 'tasks', 'run', 'motower_daily_prod', 'extracta', 'scheduled__2024-01-05T06:00:00+00:00', '--job-id', '2448', '--raw', '--subdir', 'DAGS_FOLDER/gps/custom_dags/motower_daily.py', '--cfg-path', '/tmp/tmpt85mbwg9']
[2024-08-06T18:14:53.586+0000] {standard_task_runner.py:91} INFO - Job 2448: Subtask extracta
[2024-08-06T18:14:53.672+0000] {task_command.py:426} INFO - Running <TaskInstance: motower_daily_prod.extracta scheduled__2024-01-05T06:00:00+00:00 [running]> on host 13681191f11c
[2024-08-06T18:14:53.910+0000] {taskinstance.py:2648} INFO - Exporting env vars: AIRFLOW_CTX_DAG_EMAIL='richmond.kongo@orange.com,assane.diop@orange.com,cyrille1.danho@orange.com,mohamed2.sylla@orange.com,amadou.diomande@orange.com,Jonas.kouame@orange.com,armand.kablan@orange.com,anicet.azombade@orange.com,etienne.kouadio@orange.com,bertine.kouakou@orange.com,florentine.kouakou@orange.com,ange.phaceli@orange.com,soulegame.soro@orange.com,innocent.yengo@orange.com' AIRFLOW_CTX_DAG_OWNER='***' AIRFLOW_CTX_DAG_ID='motower_daily_prod' AIRFLOW_CTX_TASK_ID='extracta' AIRFLOW_CTX_EXECUTION_DATE='2024-01-05T06:00:00+00:00' AIRFLOW_CTX_TRY_NUMBER='1' AIRFLOW_CTX_DAG_RUN_ID='scheduled__2024-01-05T06:00:00+00:00'
[2024-08-06T18:14:53.912+0000] {taskinstance.py:430} INFO - ::endgroup::
[2024-08-06T18:14:53.969+0000] {extract.py:126} INFO - Getting data of the table dtm_motower_gsm 
[2024-08-06T18:14:53.970+0000] {extract.py:127} INFO - where date is 2024-01-04
[2024-08-06T18:14:53.971+0000] {extract.py:102} INFO - get data to date 20240104
[2024-08-06T18:14:53.982+0000] {warnings.py:112} WARNING - /opt/***/dags/gps/common/extract.py:103: UserWarning: pandas only supports SQLAlchemy connectable (engine/connection) or database string URI or sqlite3 DBAPI2 connection. Other DBAPI2 objects are not tested. Please consider using SQLAlchemy.
  df_ = pd.read_sql_query(sql_query, conn, params=params)

[2024-08-06T18:14:54.223+0000] {rwminio.py:19} INFO - start to save data
[2024-08-06T18:14:54.332+0000] {rwminio.py:34} INFO - data in minio ok
[2024-08-06T18:14:54.332+0000] {python.py:237} INFO - Done. Returned value was: None
[2024-08-06T18:14:54.333+0000] {taskinstance.py:441} INFO - ::group::Post task execution logs
[2024-08-06T18:14:54.351+0000] {taskinstance.py:1206} INFO - Marking task as SUCCESS. dag_id=motower_daily_prod, task_id=extracta, run_id=scheduled__2024-01-05T06:00:00+00:00, execution_date=20240105T060000, start_date=20240806T181453, end_date=20240806T181454
[2024-08-06T18:14:54.448+0000] {local_task_job_runner.py:243} INFO - Task exited with return code 0
[2024-08-06T18:14:54.468+0000] {local_task_job_runner.py:222} INFO - ::endgroup::
