[2024-08-06T17:11:08.215+0000] {local_task_job_runner.py:120} INFO - ::group::Pre task execution logs
[2024-08-06T17:11:08.550+0000] {taskinstance.py:2076} INFO - Dependencies all met for dep_context=non-requeueable deps ti=<TaskInstance: motower_daily_prod.extracta scheduled__2024-04-22T06:00:00+00:00 [queued]>
[2024-08-06T17:11:08.599+0000] {taskinstance.py:2076} INFO - Dependencies all met for dep_context=requeueable deps ti=<TaskInstance: motower_daily_prod.extracta scheduled__2024-04-22T06:00:00+00:00 [queued]>
[2024-08-06T17:11:08.601+0000] {taskinstance.py:2306} INFO - Starting attempt 1 of 1
[2024-08-06T17:11:08.665+0000] {taskinstance.py:2330} INFO - Executing <Task(PythonOperator): extracta> on 2024-04-22 06:00:00+00:00
[2024-08-06T17:11:08.682+0000] {warnings.py:112} WARNING - /home/***/.local/lib/python3.12/site-packages/***/task/task_runner/standard_task_runner.py:62: DeprecationWarning: This process (pid=4186) is multi-threaded, use of fork() may lead to deadlocks in the child.
  pid = os.fork()

[2024-08-06T17:11:08.685+0000] {standard_task_runner.py:64} INFO - Started process 4192 to run task
[2024-08-06T17:11:08.693+0000] {standard_task_runner.py:90} INFO - Running: ['***', 'tasks', 'run', 'motower_daily_prod', 'extracta', 'scheduled__2024-04-22T06:00:00+00:00', '--job-id', '1044', '--raw', '--subdir', 'DAGS_FOLDER/gps/custom_dags/motower_daily.py', '--cfg-path', '/tmp/tmp882p2di2']
[2024-08-06T17:11:08.706+0000] {standard_task_runner.py:91} INFO - Job 1044: Subtask extracta
[2024-08-06T17:11:08.838+0000] {task_command.py:426} INFO - Running <TaskInstance: motower_daily_prod.extracta scheduled__2024-04-22T06:00:00+00:00 [running]> on host 13681191f11c
[2024-08-06T17:11:09.105+0000] {taskinstance.py:2648} INFO - Exporting env vars: AIRFLOW_CTX_DAG_EMAIL='richmond.kongo@orange.com,assane.diop@orange.com,cyrille1.danho@orange.com,mohamed2.sylla@orange.com,amadou.diomande@orange.com,Jonas.kouame@orange.com,armand.kablan@orange.com,anicet.azombade@orange.com,etienne.kouadio@orange.com,bertine.kouakou@orange.com,florentine.kouakou@orange.com,ange.phaceli@orange.com,soulegame.soro@orange.com,innocent.yengo@orange.com' AIRFLOW_CTX_DAG_OWNER='***' AIRFLOW_CTX_DAG_ID='motower_daily_prod' AIRFLOW_CTX_TASK_ID='extracta' AIRFLOW_CTX_EXECUTION_DATE='2024-04-22T06:00:00+00:00' AIRFLOW_CTX_TRY_NUMBER='1' AIRFLOW_CTX_DAG_RUN_ID='scheduled__2024-04-22T06:00:00+00:00'
[2024-08-06T17:11:09.107+0000] {taskinstance.py:430} INFO - ::endgroup::
[2024-08-06T17:11:09.150+0000] {extract.py:126} INFO - Getting data of the table dtm_motower_gsm 
[2024-08-06T17:11:09.151+0000] {extract.py:127} INFO - where date is 2024-04-21
[2024-08-06T17:11:09.151+0000] {extract.py:102} INFO - get data to date 20240421
[2024-08-06T17:11:09.170+0000] {warnings.py:112} WARNING - /opt/***/dags/gps/common/extract.py:103: UserWarning: pandas only supports SQLAlchemy connectable (engine/connection) or database string URI or sqlite3 DBAPI2 connection. Other DBAPI2 objects are not tested. Please consider using SQLAlchemy.
  df_ = pd.read_sql_query(sql_query, conn, params=params)

[2024-08-06T17:11:09.357+0000] {rwminio.py:19} INFO - start to save data
[2024-08-06T17:11:09.474+0000] {rwminio.py:34} INFO - data in minio ok
[2024-08-06T17:11:09.476+0000] {python.py:237} INFO - Done. Returned value was: None
[2024-08-06T17:11:09.483+0000] {taskinstance.py:441} INFO - ::group::Post task execution logs
[2024-08-06T17:11:09.512+0000] {taskinstance.py:1206} INFO - Marking task as SUCCESS. dag_id=motower_daily_prod, task_id=extracta, run_id=scheduled__2024-04-22T06:00:00+00:00, execution_date=20240422T060000, start_date=20240806T171108, end_date=20240806T171109
[2024-08-06T17:11:09.796+0000] {local_task_job_runner.py:243} INFO - Task exited with return code 0
[2024-08-06T17:11:09.855+0000] {taskinstance.py:3503} INFO - 0 downstream tasks scheduled from follow-on schedule check
[2024-08-06T17:11:09.864+0000] {local_task_job_runner.py:222} INFO - ::endgroup::
[2024-08-06T17:21:56.215+0000] {local_task_job_runner.py:120} INFO - ::group::Pre task execution logs
[2024-08-06T17:21:56.308+0000] {taskinstance.py:2076} INFO - Dependencies all met for dep_context=non-requeueable deps ti=<TaskInstance: motower_daily_prod.extracta scheduled__2024-04-22T06:00:00+00:00 [queued]>
[2024-08-06T17:21:56.340+0000] {taskinstance.py:2076} INFO - Dependencies all met for dep_context=requeueable deps ti=<TaskInstance: motower_daily_prod.extracta scheduled__2024-04-22T06:00:00+00:00 [queued]>
[2024-08-06T17:21:56.340+0000] {taskinstance.py:2306} INFO - Starting attempt 1 of 1
[2024-08-06T17:21:56.369+0000] {taskinstance.py:2330} INFO - Executing <Task(PythonOperator): extracta> on 2024-04-22 06:00:00+00:00
[2024-08-06T17:21:56.388+0000] {warnings.py:112} WARNING - /home/***/.local/lib/python3.12/site-packages/***/task/task_runner/standard_task_runner.py:62: DeprecationWarning: This process (pid=4743) is multi-threaded, use of fork() may lead to deadlocks in the child.
  pid = os.fork()

[2024-08-06T17:21:56.391+0000] {standard_task_runner.py:64} INFO - Started process 4757 to run task
[2024-08-06T17:21:56.393+0000] {standard_task_runner.py:90} INFO - Running: ['***', 'tasks', 'run', 'motower_daily_prod', 'extracta', 'scheduled__2024-04-22T06:00:00+00:00', '--job-id', '1185', '--raw', '--subdir', 'DAGS_FOLDER/gps/custom_dags/motower_daily.py', '--cfg-path', '/tmp/tmp8tqiw2fj']
[2024-08-06T17:21:56.397+0000] {standard_task_runner.py:91} INFO - Job 1185: Subtask extracta
[2024-08-06T17:21:56.525+0000] {task_command.py:426} INFO - Running <TaskInstance: motower_daily_prod.extracta scheduled__2024-04-22T06:00:00+00:00 [running]> on host 13681191f11c
[2024-08-06T17:21:56.806+0000] {taskinstance.py:2648} INFO - Exporting env vars: AIRFLOW_CTX_DAG_EMAIL='richmond.kongo@orange.com,assane.diop@orange.com,cyrille1.danho@orange.com,mohamed2.sylla@orange.com,amadou.diomande@orange.com,Jonas.kouame@orange.com,armand.kablan@orange.com,anicet.azombade@orange.com,etienne.kouadio@orange.com,bertine.kouakou@orange.com,florentine.kouakou@orange.com,ange.phaceli@orange.com,soulegame.soro@orange.com,innocent.yengo@orange.com' AIRFLOW_CTX_DAG_OWNER='***' AIRFLOW_CTX_DAG_ID='motower_daily_prod' AIRFLOW_CTX_TASK_ID='extracta' AIRFLOW_CTX_EXECUTION_DATE='2024-04-22T06:00:00+00:00' AIRFLOW_CTX_TRY_NUMBER='1' AIRFLOW_CTX_DAG_RUN_ID='scheduled__2024-04-22T06:00:00+00:00'
[2024-08-06T17:21:56.813+0000] {taskinstance.py:430} INFO - ::endgroup::
[2024-08-06T17:21:56.859+0000] {extract.py:126} INFO - Getting data of the table dtm_motower_gsm 
[2024-08-06T17:21:56.859+0000] {extract.py:127} INFO - where date is 2024-04-21
[2024-08-06T17:21:56.860+0000] {extract.py:102} INFO - get data to date 20240421
[2024-08-06T17:21:56.871+0000] {warnings.py:112} WARNING - /opt/***/dags/gps/common/extract.py:103: UserWarning: pandas only supports SQLAlchemy connectable (engine/connection) or database string URI or sqlite3 DBAPI2 connection. Other DBAPI2 objects are not tested. Please consider using SQLAlchemy.
  df_ = pd.read_sql_query(sql_query, conn, params=params)

[2024-08-06T17:21:57.056+0000] {rwminio.py:19} INFO - start to save data
[2024-08-06T17:21:57.276+0000] {rwminio.py:34} INFO - data in minio ok
[2024-08-06T17:21:57.276+0000] {python.py:237} INFO - Done. Returned value was: None
[2024-08-06T17:21:57.277+0000] {taskinstance.py:441} INFO - ::group::Post task execution logs
[2024-08-06T17:21:57.300+0000] {taskinstance.py:1206} INFO - Marking task as SUCCESS. dag_id=motower_daily_prod, task_id=extracta, run_id=scheduled__2024-04-22T06:00:00+00:00, execution_date=20240422T060000, start_date=20240806T172156, end_date=20240806T172157
[2024-08-06T17:21:57.382+0000] {local_task_job_runner.py:243} INFO - Task exited with return code 0
[2024-08-06T17:21:57.481+0000] {taskinstance.py:3503} INFO - 0 downstream tasks scheduled from follow-on schedule check
[2024-08-06T17:21:57.494+0000] {local_task_job_runner.py:222} INFO - ::endgroup::
[2024-08-06T17:22:49.526+0000] {local_task_job_runner.py:120} INFO - ::group::Pre task execution logs
[2024-08-06T17:22:49.600+0000] {taskinstance.py:2076} INFO - Dependencies all met for dep_context=non-requeueable deps ti=<TaskInstance: motower_daily_prod.extracta scheduled__2024-04-22T06:00:00+00:00 [queued]>
[2024-08-06T17:22:49.624+0000] {taskinstance.py:2076} INFO - Dependencies all met for dep_context=requeueable deps ti=<TaskInstance: motower_daily_prod.extracta scheduled__2024-04-22T06:00:00+00:00 [queued]>
[2024-08-06T17:22:49.625+0000] {taskinstance.py:2306} INFO - Starting attempt 1 of 1
[2024-08-06T17:22:49.654+0000] {taskinstance.py:2330} INFO - Executing <Task(PythonOperator): extracta> on 2024-04-22 06:00:00+00:00
[2024-08-06T17:22:49.668+0000] {warnings.py:112} WARNING - /home/***/.local/lib/python3.12/site-packages/***/task/task_runner/standard_task_runner.py:62: DeprecationWarning: This process (pid=4935) is multi-threaded, use of fork() may lead to deadlocks in the child.
  pid = os.fork()

[2024-08-06T17:22:49.669+0000] {standard_task_runner.py:64} INFO - Started process 4948 to run task
[2024-08-06T17:22:49.671+0000] {standard_task_runner.py:90} INFO - Running: ['***', 'tasks', 'run', 'motower_daily_prod', 'extracta', 'scheduled__2024-04-22T06:00:00+00:00', '--job-id', '1247', '--raw', '--subdir', 'DAGS_FOLDER/gps/custom_dags/motower_daily.py', '--cfg-path', '/tmp/tmp3wmey3r1']
[2024-08-06T17:22:49.675+0000] {standard_task_runner.py:91} INFO - Job 1247: Subtask extracta
[2024-08-06T17:22:49.764+0000] {task_command.py:426} INFO - Running <TaskInstance: motower_daily_prod.extracta scheduled__2024-04-22T06:00:00+00:00 [running]> on host 13681191f11c
[2024-08-06T17:22:49.975+0000] {taskinstance.py:2648} INFO - Exporting env vars: AIRFLOW_CTX_DAG_EMAIL='richmond.kongo@orange.com,assane.diop@orange.com,cyrille1.danho@orange.com,mohamed2.sylla@orange.com,amadou.diomande@orange.com,Jonas.kouame@orange.com,armand.kablan@orange.com,anicet.azombade@orange.com,etienne.kouadio@orange.com,bertine.kouakou@orange.com,florentine.kouakou@orange.com,ange.phaceli@orange.com,soulegame.soro@orange.com,innocent.yengo@orange.com' AIRFLOW_CTX_DAG_OWNER='***' AIRFLOW_CTX_DAG_ID='motower_daily_prod' AIRFLOW_CTX_TASK_ID='extracta' AIRFLOW_CTX_EXECUTION_DATE='2024-04-22T06:00:00+00:00' AIRFLOW_CTX_TRY_NUMBER='1' AIRFLOW_CTX_DAG_RUN_ID='scheduled__2024-04-22T06:00:00+00:00'
[2024-08-06T17:22:49.977+0000] {taskinstance.py:430} INFO - ::endgroup::
[2024-08-06T17:22:50.030+0000] {extract.py:126} INFO - Getting data of the table dtm_motower_gsm 
[2024-08-06T17:22:50.031+0000] {extract.py:127} INFO - where date is 2024-04-21
[2024-08-06T17:22:50.031+0000] {extract.py:102} INFO - get data to date 20240421
[2024-08-06T17:22:50.042+0000] {warnings.py:112} WARNING - /opt/***/dags/gps/common/extract.py:103: UserWarning: pandas only supports SQLAlchemy connectable (engine/connection) or database string URI or sqlite3 DBAPI2 connection. Other DBAPI2 objects are not tested. Please consider using SQLAlchemy.
  df_ = pd.read_sql_query(sql_query, conn, params=params)

[2024-08-06T17:22:50.282+0000] {rwminio.py:19} INFO - start to save data
[2024-08-06T17:22:50.478+0000] {rwminio.py:34} INFO - data in minio ok
[2024-08-06T17:22:50.478+0000] {python.py:237} INFO - Done. Returned value was: None
[2024-08-06T17:22:50.479+0000] {taskinstance.py:441} INFO - ::group::Post task execution logs
[2024-08-06T17:22:50.514+0000] {taskinstance.py:1206} INFO - Marking task as SUCCESS. dag_id=motower_daily_prod, task_id=extracta, run_id=scheduled__2024-04-22T06:00:00+00:00, execution_date=20240422T060000, start_date=20240806T172249, end_date=20240806T172250
[2024-08-06T17:22:52.019+0000] {local_task_job_runner.py:243} INFO - Task exited with return code 0
[2024-08-06T17:22:52.096+0000] {taskinstance.py:3503} INFO - 0 downstream tasks scheduled from follow-on schedule check
[2024-08-06T17:22:52.099+0000] {local_task_job_runner.py:222} INFO - ::endgroup::
[2024-08-06T17:24:07.009+0000] {local_task_job_runner.py:120} INFO - ::group::Pre task execution logs
[2024-08-06T17:24:07.095+0000] {taskinstance.py:2076} INFO - Dependencies all met for dep_context=non-requeueable deps ti=<TaskInstance: motower_daily_prod.extracta scheduled__2024-04-22T06:00:00+00:00 [queued]>
[2024-08-06T17:24:07.122+0000] {taskinstance.py:2076} INFO - Dependencies all met for dep_context=requeueable deps ti=<TaskInstance: motower_daily_prod.extracta scheduled__2024-04-22T06:00:00+00:00 [queued]>
[2024-08-06T17:24:07.123+0000] {taskinstance.py:2306} INFO - Starting attempt 1 of 1
[2024-08-06T17:24:07.152+0000] {taskinstance.py:2330} INFO - Executing <Task(PythonOperator): extracta> on 2024-04-22 06:00:00+00:00
[2024-08-06T17:24:07.166+0000] {warnings.py:112} WARNING - /home/***/.local/lib/python3.12/site-packages/***/task/task_runner/standard_task_runner.py:62: DeprecationWarning: This process (pid=5098) is multi-threaded, use of fork() may lead to deadlocks in the child.
  pid = os.fork()

[2024-08-06T17:24:07.169+0000] {standard_task_runner.py:64} INFO - Started process 5112 to run task
[2024-08-06T17:24:07.169+0000] {standard_task_runner.py:90} INFO - Running: ['***', 'tasks', 'run', 'motower_daily_prod', 'extracta', 'scheduled__2024-04-22T06:00:00+00:00', '--job-id', '1298', '--raw', '--subdir', 'DAGS_FOLDER/gps/custom_dags/motower_daily.py', '--cfg-path', '/tmp/tmp5cwgtl3l']
[2024-08-06T17:24:07.175+0000] {standard_task_runner.py:91} INFO - Job 1298: Subtask extracta
[2024-08-06T17:24:07.270+0000] {task_command.py:426} INFO - Running <TaskInstance: motower_daily_prod.extracta scheduled__2024-04-22T06:00:00+00:00 [running]> on host 13681191f11c
[2024-08-06T17:24:07.533+0000] {taskinstance.py:2648} INFO - Exporting env vars: AIRFLOW_CTX_DAG_EMAIL='richmond.kongo@orange.com,assane.diop@orange.com,cyrille1.danho@orange.com,mohamed2.sylla@orange.com,amadou.diomande@orange.com,Jonas.kouame@orange.com,armand.kablan@orange.com,anicet.azombade@orange.com,etienne.kouadio@orange.com,bertine.kouakou@orange.com,florentine.kouakou@orange.com,ange.phaceli@orange.com,soulegame.soro@orange.com,innocent.yengo@orange.com' AIRFLOW_CTX_DAG_OWNER='***' AIRFLOW_CTX_DAG_ID='motower_daily_prod' AIRFLOW_CTX_TASK_ID='extracta' AIRFLOW_CTX_EXECUTION_DATE='2024-04-22T06:00:00+00:00' AIRFLOW_CTX_TRY_NUMBER='1' AIRFLOW_CTX_DAG_RUN_ID='scheduled__2024-04-22T06:00:00+00:00'
[2024-08-06T17:24:07.535+0000] {taskinstance.py:430} INFO - ::endgroup::
[2024-08-06T17:24:07.611+0000] {extract.py:126} INFO - Getting data of the table dtm_motower_gsm 
[2024-08-06T17:24:07.611+0000] {extract.py:127} INFO - where date is 2024-04-21
[2024-08-06T17:24:07.612+0000] {extract.py:102} INFO - get data to date 20240421
[2024-08-06T17:24:07.631+0000] {warnings.py:112} WARNING - /opt/***/dags/gps/common/extract.py:103: UserWarning: pandas only supports SQLAlchemy connectable (engine/connection) or database string URI or sqlite3 DBAPI2 connection. Other DBAPI2 objects are not tested. Please consider using SQLAlchemy.
  df_ = pd.read_sql_query(sql_query, conn, params=params)

[2024-08-06T17:24:07.837+0000] {rwminio.py:19} INFO - start to save data
[2024-08-06T17:24:08.012+0000] {rwminio.py:34} INFO - data in minio ok
[2024-08-06T17:24:08.013+0000] {python.py:237} INFO - Done. Returned value was: None
[2024-08-06T17:24:08.014+0000] {taskinstance.py:441} INFO - ::group::Post task execution logs
[2024-08-06T17:24:08.036+0000] {taskinstance.py:1206} INFO - Marking task as SUCCESS. dag_id=motower_daily_prod, task_id=extracta, run_id=scheduled__2024-04-22T06:00:00+00:00, execution_date=20240422T060000, start_date=20240806T172407, end_date=20240806T172408
[2024-08-06T17:24:08.132+0000] {local_task_job_runner.py:243} INFO - Task exited with return code 0
[2024-08-06T17:24:08.207+0000] {taskinstance.py:3503} INFO - 0 downstream tasks scheduled from follow-on schedule check
[2024-08-06T17:24:08.209+0000] {local_task_job_runner.py:222} INFO - ::endgroup::
[2024-08-06T17:41:51.980+0000] {local_task_job_runner.py:120} INFO - ::group::Pre task execution logs
[2024-08-06T17:41:52.363+0000] {taskinstance.py:2076} INFO - Dependencies all met for dep_context=non-requeueable deps ti=<TaskInstance: motower_daily_prod.extracta scheduled__2024-04-22T06:00:00+00:00 [queued]>
[2024-08-06T17:41:52.386+0000] {taskinstance.py:2076} INFO - Dependencies all met for dep_context=requeueable deps ti=<TaskInstance: motower_daily_prod.extracta scheduled__2024-04-22T06:00:00+00:00 [queued]>
[2024-08-06T17:41:52.386+0000] {taskinstance.py:2306} INFO - Starting attempt 1 of 1
[2024-08-06T17:41:52.417+0000] {taskinstance.py:2330} INFO - Executing <Task(PythonOperator): extracta> on 2024-04-22 06:00:00+00:00
[2024-08-06T17:41:52.433+0000] {warnings.py:112} WARNING - /home/***/.local/lib/python3.12/site-packages/***/task/task_runner/standard_task_runner.py:62: DeprecationWarning: This process (pid=8326) is multi-threaded, use of fork() may lead to deadlocks in the child.
  pid = os.fork()

[2024-08-06T17:41:52.436+0000] {standard_task_runner.py:64} INFO - Started process 8341 to run task
[2024-08-06T17:41:52.443+0000] {standard_task_runner.py:90} INFO - Running: ['***', 'tasks', 'run', 'motower_daily_prod', 'extracta', 'scheduled__2024-04-22T06:00:00+00:00', '--job-id', '2308', '--raw', '--subdir', 'DAGS_FOLDER/gps/custom_dags/motower_daily.py', '--cfg-path', '/tmp/tmptavjxy5q']
[2024-08-06T17:41:52.447+0000] {standard_task_runner.py:91} INFO - Job 2308: Subtask extracta
[2024-08-06T17:41:52.565+0000] {task_command.py:426} INFO - Running <TaskInstance: motower_daily_prod.extracta scheduled__2024-04-22T06:00:00+00:00 [running]> on host 13681191f11c
[2024-08-06T17:41:52.910+0000] {taskinstance.py:2648} INFO - Exporting env vars: AIRFLOW_CTX_DAG_EMAIL='richmond.kongo@orange.com,assane.diop@orange.com,cyrille1.danho@orange.com,mohamed2.sylla@orange.com,amadou.diomande@orange.com,Jonas.kouame@orange.com,armand.kablan@orange.com,anicet.azombade@orange.com,etienne.kouadio@orange.com,bertine.kouakou@orange.com,florentine.kouakou@orange.com,ange.phaceli@orange.com,soulegame.soro@orange.com,innocent.yengo@orange.com' AIRFLOW_CTX_DAG_OWNER='***' AIRFLOW_CTX_DAG_ID='motower_daily_prod' AIRFLOW_CTX_TASK_ID='extracta' AIRFLOW_CTX_EXECUTION_DATE='2024-04-22T06:00:00+00:00' AIRFLOW_CTX_TRY_NUMBER='1' AIRFLOW_CTX_DAG_RUN_ID='scheduled__2024-04-22T06:00:00+00:00'
[2024-08-06T17:41:52.912+0000] {taskinstance.py:430} INFO - ::endgroup::
[2024-08-06T17:41:52.951+0000] {extract.py:126} INFO - Getting data of the table dtm_motower_gsm 
[2024-08-06T17:41:52.951+0000] {extract.py:127} INFO - where date is 2024-04-21
[2024-08-06T17:41:52.952+0000] {extract.py:102} INFO - get data to date 20240421
[2024-08-06T17:41:52.967+0000] {warnings.py:112} WARNING - /opt/***/dags/gps/common/extract.py:103: UserWarning: pandas only supports SQLAlchemy connectable (engine/connection) or database string URI or sqlite3 DBAPI2 connection. Other DBAPI2 objects are not tested. Please consider using SQLAlchemy.
  df_ = pd.read_sql_query(sql_query, conn, params=params)

[2024-08-06T17:41:53.182+0000] {rwminio.py:19} INFO - start to save data
[2024-08-06T17:41:53.352+0000] {rwminio.py:34} INFO - data in minio ok
[2024-08-06T17:41:53.353+0000] {python.py:237} INFO - Done. Returned value was: None
[2024-08-06T17:41:53.355+0000] {taskinstance.py:441} INFO - ::group::Post task execution logs
[2024-08-06T17:41:53.380+0000] {taskinstance.py:1206} INFO - Marking task as SUCCESS. dag_id=motower_daily_prod, task_id=extracta, run_id=scheduled__2024-04-22T06:00:00+00:00, execution_date=20240422T060000, start_date=20240806T174152, end_date=20240806T174153
[2024-08-06T17:41:53.470+0000] {local_task_job_runner.py:243} INFO - Task exited with return code 0
[2024-08-06T17:41:53.507+0000] {local_task_job_runner.py:222} INFO - ::endgroup::
