[2024-08-06T17:10:20.339+0000] {local_task_job_runner.py:120} INFO - ::group::Pre task execution logs
[2024-08-06T17:10:20.429+0000] {taskinstance.py:2076} INFO - Dependencies all met for dep_context=non-requeueable deps ti=<TaskInstance: motower_daily_prod.extracta scheduled__2024-04-14T06:00:00+00:00 [queued]>
[2024-08-06T17:10:20.456+0000] {taskinstance.py:2076} INFO - Dependencies all met for dep_context=requeueable deps ti=<TaskInstance: motower_daily_prod.extracta scheduled__2024-04-14T06:00:00+00:00 [queued]>
[2024-08-06T17:10:20.457+0000] {taskinstance.py:2306} INFO - Starting attempt 1 of 1
[2024-08-06T17:10:20.486+0000] {taskinstance.py:2330} INFO - Executing <Task(PythonOperator): extracta> on 2024-04-14 06:00:00+00:00
[2024-08-06T17:10:20.507+0000] {warnings.py:112} WARNING - /home/***/.local/lib/python3.12/site-packages/***/task/task_runner/standard_task_runner.py:62: DeprecationWarning: This process (pid=3965) is multi-threaded, use of fork() may lead to deadlocks in the child.
  pid = os.fork()

[2024-08-06T17:10:20.511+0000] {standard_task_runner.py:64} INFO - Started process 3984 to run task
[2024-08-06T17:10:20.532+0000] {standard_task_runner.py:90} INFO - Running: ['***', 'tasks', 'run', 'motower_daily_prod', 'extracta', 'scheduled__2024-04-14T06:00:00+00:00', '--job-id', '976', '--raw', '--subdir', 'DAGS_FOLDER/gps/custom_dags/motower_daily.py', '--cfg-path', '/tmp/tmp29hb2hzh']
[2024-08-06T17:10:20.536+0000] {standard_task_runner.py:91} INFO - Job 976: Subtask extracta
[2024-08-06T17:10:20.720+0000] {task_command.py:426} INFO - Running <TaskInstance: motower_daily_prod.extracta scheduled__2024-04-14T06:00:00+00:00 [running]> on host 13681191f11c
[2024-08-06T17:10:21.099+0000] {taskinstance.py:2648} INFO - Exporting env vars: AIRFLOW_CTX_DAG_EMAIL='richmond.kongo@orange.com,assane.diop@orange.com,cyrille1.danho@orange.com,mohamed2.sylla@orange.com,amadou.diomande@orange.com,Jonas.kouame@orange.com,armand.kablan@orange.com,anicet.azombade@orange.com,etienne.kouadio@orange.com,bertine.kouakou@orange.com,florentine.kouakou@orange.com,ange.phaceli@orange.com,soulegame.soro@orange.com,innocent.yengo@orange.com' AIRFLOW_CTX_DAG_OWNER='***' AIRFLOW_CTX_DAG_ID='motower_daily_prod' AIRFLOW_CTX_TASK_ID='extracta' AIRFLOW_CTX_EXECUTION_DATE='2024-04-14T06:00:00+00:00' AIRFLOW_CTX_TRY_NUMBER='1' AIRFLOW_CTX_DAG_RUN_ID='scheduled__2024-04-14T06:00:00+00:00'
[2024-08-06T17:10:21.101+0000] {taskinstance.py:430} INFO - ::endgroup::
[2024-08-06T17:10:21.161+0000] {extract.py:126} INFO - Getting data of the table dtm_motower_gsm 
[2024-08-06T17:10:21.161+0000] {extract.py:127} INFO - where date is 2024-04-13
[2024-08-06T17:10:21.162+0000] {extract.py:102} INFO - get data to date 20240413
[2024-08-06T17:10:21.172+0000] {warnings.py:112} WARNING - /opt/***/dags/gps/common/extract.py:103: UserWarning: pandas only supports SQLAlchemy connectable (engine/connection) or database string URI or sqlite3 DBAPI2 connection. Other DBAPI2 objects are not tested. Please consider using SQLAlchemy.
  df_ = pd.read_sql_query(sql_query, conn, params=params)

[2024-08-06T17:10:21.331+0000] {rwminio.py:19} INFO - start to save data
[2024-08-06T17:10:21.455+0000] {rwminio.py:34} INFO - data in minio ok
[2024-08-06T17:10:21.456+0000] {python.py:237} INFO - Done. Returned value was: None
[2024-08-06T17:10:21.457+0000] {taskinstance.py:441} INFO - ::group::Post task execution logs
[2024-08-06T17:10:21.495+0000] {taskinstance.py:1206} INFO - Marking task as SUCCESS. dag_id=motower_daily_prod, task_id=extracta, run_id=scheduled__2024-04-14T06:00:00+00:00, execution_date=20240414T060000, start_date=20240806T171020, end_date=20240806T171021
[2024-08-06T17:10:21.557+0000] {local_task_job_runner.py:243} INFO - Task exited with return code 0
[2024-08-06T17:10:21.613+0000] {taskinstance.py:3503} INFO - 0 downstream tasks scheduled from follow-on schedule check
[2024-08-06T17:10:21.617+0000] {local_task_job_runner.py:222} INFO - ::endgroup::
[2024-08-06T17:40:56.957+0000] {local_task_job_runner.py:120} INFO - ::group::Pre task execution logs
[2024-08-06T17:40:57.085+0000] {taskinstance.py:2076} INFO - Dependencies all met for dep_context=non-requeueable deps ti=<TaskInstance: motower_daily_prod.extracta scheduled__2024-04-14T06:00:00+00:00 [queued]>
[2024-08-06T17:40:57.114+0000] {taskinstance.py:2076} INFO - Dependencies all met for dep_context=requeueable deps ti=<TaskInstance: motower_daily_prod.extracta scheduled__2024-04-14T06:00:00+00:00 [queued]>
[2024-08-06T17:40:57.115+0000] {taskinstance.py:2306} INFO - Starting attempt 1 of 1
[2024-08-06T17:40:57.150+0000] {taskinstance.py:2330} INFO - Executing <Task(PythonOperator): extracta> on 2024-04-14 06:00:00+00:00
[2024-08-06T17:40:57.171+0000] {warnings.py:112} WARNING - /home/***/.local/lib/python3.12/site-packages/***/task/task_runner/standard_task_runner.py:62: DeprecationWarning: This process (pid=8116) is multi-threaded, use of fork() may lead to deadlocks in the child.
  pid = os.fork()

[2024-08-06T17:40:57.179+0000] {standard_task_runner.py:64} INFO - Started process 8129 to run task
[2024-08-06T17:40:57.176+0000] {standard_task_runner.py:90} INFO - Running: ['***', 'tasks', 'run', 'motower_daily_prod', 'extracta', 'scheduled__2024-04-14T06:00:00+00:00', '--job-id', '2240', '--raw', '--subdir', 'DAGS_FOLDER/gps/custom_dags/motower_daily.py', '--cfg-path', '/tmp/tmpbiumuq9i']
[2024-08-06T17:40:57.183+0000] {standard_task_runner.py:91} INFO - Job 2240: Subtask extracta
[2024-08-06T17:40:57.332+0000] {task_command.py:426} INFO - Running <TaskInstance: motower_daily_prod.extracta scheduled__2024-04-14T06:00:00+00:00 [running]> on host 13681191f11c
[2024-08-06T17:40:57.640+0000] {taskinstance.py:2648} INFO - Exporting env vars: AIRFLOW_CTX_DAG_EMAIL='richmond.kongo@orange.com,assane.diop@orange.com,cyrille1.danho@orange.com,mohamed2.sylla@orange.com,amadou.diomande@orange.com,Jonas.kouame@orange.com,armand.kablan@orange.com,anicet.azombade@orange.com,etienne.kouadio@orange.com,bertine.kouakou@orange.com,florentine.kouakou@orange.com,ange.phaceli@orange.com,soulegame.soro@orange.com,innocent.yengo@orange.com' AIRFLOW_CTX_DAG_OWNER='***' AIRFLOW_CTX_DAG_ID='motower_daily_prod' AIRFLOW_CTX_TASK_ID='extracta' AIRFLOW_CTX_EXECUTION_DATE='2024-04-14T06:00:00+00:00' AIRFLOW_CTX_TRY_NUMBER='1' AIRFLOW_CTX_DAG_RUN_ID='scheduled__2024-04-14T06:00:00+00:00'
[2024-08-06T17:40:57.646+0000] {taskinstance.py:430} INFO - ::endgroup::
[2024-08-06T17:40:57.687+0000] {extract.py:126} INFO - Getting data of the table dtm_motower_gsm 
[2024-08-06T17:40:57.688+0000] {extract.py:127} INFO - where date is 2024-04-13
[2024-08-06T17:40:57.688+0000] {extract.py:102} INFO - get data to date 20240413
[2024-08-06T17:40:57.701+0000] {warnings.py:112} WARNING - /opt/***/dags/gps/common/extract.py:103: UserWarning: pandas only supports SQLAlchemy connectable (engine/connection) or database string URI or sqlite3 DBAPI2 connection. Other DBAPI2 objects are not tested. Please consider using SQLAlchemy.
  df_ = pd.read_sql_query(sql_query, conn, params=params)

[2024-08-06T17:40:57.885+0000] {rwminio.py:19} INFO - start to save data
[2024-08-06T17:40:58.098+0000] {rwminio.py:34} INFO - data in minio ok
[2024-08-06T17:40:58.100+0000] {python.py:237} INFO - Done. Returned value was: None
[2024-08-06T17:40:58.102+0000] {taskinstance.py:441} INFO - ::group::Post task execution logs
[2024-08-06T17:40:58.146+0000] {taskinstance.py:1206} INFO - Marking task as SUCCESS. dag_id=motower_daily_prod, task_id=extracta, run_id=scheduled__2024-04-14T06:00:00+00:00, execution_date=20240414T060000, start_date=20240806T174057, end_date=20240806T174058
[2024-08-06T17:40:58.236+0000] {local_task_job_runner.py:243} INFO - Task exited with return code 0
[2024-08-06T17:40:58.313+0000] {taskinstance.py:3503} INFO - 0 downstream tasks scheduled from follow-on schedule check
[2024-08-06T17:40:58.324+0000] {local_task_job_runner.py:222} INFO - ::endgroup::
