[2024-08-06T17:07:26.227+0000] {local_task_job_runner.py:120} INFO - ::group::Pre task execution logs
[2024-08-06T17:07:26.305+0000] {taskinstance.py:2076} INFO - Dependencies all met for dep_context=non-requeueable deps ti=<TaskInstance: motower_daily_prod.sensor_congestion scheduled__2024-03-25T06:00:00+00:00 [queued]>
[2024-08-06T17:07:26.330+0000] {taskinstance.py:2076} INFO - Dependencies all met for dep_context=requeueable deps ti=<TaskInstance: motower_daily_prod.sensor_congestion scheduled__2024-03-25T06:00:00+00:00 [queued]>
[2024-08-06T17:07:26.330+0000] {taskinstance.py:2306} INFO - Starting attempt 1 of 1
[2024-08-06T17:07:26.740+0000] {taskinstance.py:2330} INFO - Executing <Task(PythonSensor): sensor_congestion> on 2024-03-25 06:00:00+00:00
[2024-08-06T17:07:26.770+0000] {warnings.py:112} WARNING - /home/***/.local/lib/python3.12/site-packages/***/task/task_runner/standard_task_runner.py:62: DeprecationWarning: This process (pid=3357) is multi-threaded, use of fork() may lead to deadlocks in the child.
  pid = os.fork()

[2024-08-06T17:07:26.773+0000] {standard_task_runner.py:64} INFO - Started process 3376 to run task
[2024-08-06T17:07:26.777+0000] {standard_task_runner.py:90} INFO - Running: ['***', 'tasks', 'run', 'motower_daily_prod', 'sensor_congestion', 'scheduled__2024-03-25T06:00:00+00:00', '--job-id', '786', '--raw', '--subdir', 'DAGS_FOLDER/gps/custom_dags/motower_daily.py', '--cfg-path', '/tmp/tmpfsow70n6']
[2024-08-06T17:07:26.782+0000] {standard_task_runner.py:91} INFO - Job 786: Subtask sensor_congestion
[2024-08-06T17:07:26.925+0000] {task_command.py:426} INFO - Running <TaskInstance: motower_daily_prod.sensor_congestion scheduled__2024-03-25T06:00:00+00:00 [running]> on host 13681191f11c
[2024-08-06T17:07:27.323+0000] {taskinstance.py:2648} INFO - Exporting env vars: AIRFLOW_CTX_DAG_EMAIL='richmond.kongo@orange.com,assane.diop@orange.com,cyrille1.danho@orange.com,mohamed2.sylla@orange.com,amadou.diomande@orange.com,Jonas.kouame@orange.com,armand.kablan@orange.com,anicet.azombade@orange.com,etienne.kouadio@orange.com,bertine.kouakou@orange.com,florentine.kouakou@orange.com,ange.phaceli@orange.com,soulegame.soro@orange.com,innocent.yengo@orange.com' AIRFLOW_CTX_DAG_OWNER='***' AIRFLOW_CTX_DAG_ID='motower_daily_prod' AIRFLOW_CTX_TASK_ID='sensor_congestion' AIRFLOW_CTX_EXECUTION_DATE='2024-03-25T06:00:00+00:00' AIRFLOW_CTX_TRY_NUMBER='1' AIRFLOW_CTX_DAG_RUN_ID='scheduled__2024-03-25T06:00:00+00:00'
[2024-08-06T17:07:27.325+0000] {taskinstance.py:430} INFO - ::endgroup::
[2024-08-06T17:07:27.361+0000] {python.py:75} INFO - Poking callable: <function check_data_in_table at 0x701c26fa3880>
[2024-08-06T17:07:27.394+0000] {extract.py:126} INFO - Getting data of the table ks_hebdo_tdb_radio_drsi 
[2024-08-06T17:07:27.395+0000] {extract.py:127} INFO - where date is 2024-03-24
[2024-08-06T17:07:27.395+0000] {extract.py:98} INFO - get data to date 12 and year 2024
[2024-08-06T17:07:27.406+0000] {warnings.py:112} WARNING - /opt/***/dags/gps/common/extract.py:99: UserWarning: pandas only supports SQLAlchemy connectable (engine/connection) or database string URI or sqlite3 DBAPI2 connection. Other DBAPI2 objects are not tested. Please consider using SQLAlchemy.
  df_ = pd.read_sql_query(sql_query, conn, params=params)

[2024-08-06T17:07:27.859+0000] {base.py:294} INFO - Success criteria met. Exiting.
[2024-08-06T17:07:27.859+0000] {taskinstance.py:441} INFO - ::group::Post task execution logs
[2024-08-06T17:07:27.892+0000] {taskinstance.py:1206} INFO - Marking task as SUCCESS. dag_id=motower_daily_prod, task_id=sensor_congestion, run_id=scheduled__2024-03-25T06:00:00+00:00, execution_date=20240325T060000, start_date=20240806T170726, end_date=20240806T170727
[2024-08-06T17:07:27.944+0000] {local_task_job_runner.py:243} INFO - Task exited with return code 0
[2024-08-06T17:07:27.970+0000] {local_task_job_runner.py:222} INFO - ::endgroup::
[2024-08-06T17:38:09.756+0000] {local_task_job_runner.py:120} INFO - ::group::Pre task execution logs
[2024-08-06T17:38:09.866+0000] {taskinstance.py:2076} INFO - Dependencies all met for dep_context=non-requeueable deps ti=<TaskInstance: motower_daily_prod.sensor_congestion scheduled__2024-03-25T06:00:00+00:00 [queued]>
[2024-08-06T17:38:09.905+0000] {taskinstance.py:2076} INFO - Dependencies all met for dep_context=requeueable deps ti=<TaskInstance: motower_daily_prod.sensor_congestion scheduled__2024-03-25T06:00:00+00:00 [queued]>
[2024-08-06T17:38:09.905+0000] {taskinstance.py:2306} INFO - Starting attempt 1 of 1
[2024-08-06T17:38:09.943+0000] {taskinstance.py:2330} INFO - Executing <Task(PythonSensor): sensor_congestion> on 2024-03-25 06:00:00+00:00
[2024-08-06T17:38:09.992+0000] {warnings.py:112} WARNING - /home/***/.local/lib/python3.12/site-packages/***/task/task_runner/standard_task_runner.py:62: DeprecationWarning: This process (pid=7525) is multi-threaded, use of fork() may lead to deadlocks in the child.
  pid = os.fork()

[2024-08-06T17:38:09.994+0000] {standard_task_runner.py:64} INFO - Started process 7542 to run task
[2024-08-06T17:38:10.008+0000] {standard_task_runner.py:90} INFO - Running: ['***', 'tasks', 'run', 'motower_daily_prod', 'sensor_congestion', 'scheduled__2024-03-25T06:00:00+00:00', '--job-id', '2053', '--raw', '--subdir', 'DAGS_FOLDER/gps/custom_dags/motower_daily.py', '--cfg-path', '/tmp/tmppkdbgums']
[2024-08-06T17:38:10.012+0000] {standard_task_runner.py:91} INFO - Job 2053: Subtask sensor_congestion
[2024-08-06T17:38:10.170+0000] {task_command.py:426} INFO - Running <TaskInstance: motower_daily_prod.sensor_congestion scheduled__2024-03-25T06:00:00+00:00 [running]> on host 13681191f11c
[2024-08-06T17:38:10.527+0000] {taskinstance.py:2648} INFO - Exporting env vars: AIRFLOW_CTX_DAG_EMAIL='richmond.kongo@orange.com,assane.diop@orange.com,cyrille1.danho@orange.com,mohamed2.sylla@orange.com,amadou.diomande@orange.com,Jonas.kouame@orange.com,armand.kablan@orange.com,anicet.azombade@orange.com,etienne.kouadio@orange.com,bertine.kouakou@orange.com,florentine.kouakou@orange.com,ange.phaceli@orange.com,soulegame.soro@orange.com,innocent.yengo@orange.com' AIRFLOW_CTX_DAG_OWNER='***' AIRFLOW_CTX_DAG_ID='motower_daily_prod' AIRFLOW_CTX_TASK_ID='sensor_congestion' AIRFLOW_CTX_EXECUTION_DATE='2024-03-25T06:00:00+00:00' AIRFLOW_CTX_TRY_NUMBER='1' AIRFLOW_CTX_DAG_RUN_ID='scheduled__2024-03-25T06:00:00+00:00'
[2024-08-06T17:38:10.529+0000] {taskinstance.py:430} INFO - ::endgroup::
[2024-08-06T17:38:10.587+0000] {python.py:75} INFO - Poking callable: <function check_data_in_table at 0x701c26f037e0>
[2024-08-06T17:38:10.638+0000] {extract.py:126} INFO - Getting data of the table ks_hebdo_tdb_radio_drsi 
[2024-08-06T17:38:10.639+0000] {extract.py:127} INFO - where date is 2024-03-24
[2024-08-06T17:38:10.640+0000] {extract.py:98} INFO - get data to date 12 and year 2024
[2024-08-06T17:38:10.693+0000] {warnings.py:112} WARNING - /opt/***/dags/gps/common/extract.py:99: UserWarning: pandas only supports SQLAlchemy connectable (engine/connection) or database string URI or sqlite3 DBAPI2 connection. Other DBAPI2 objects are not tested. Please consider using SQLAlchemy.
  df_ = pd.read_sql_query(sql_query, conn, params=params)

[2024-08-06T17:38:11.035+0000] {base.py:294} INFO - Success criteria met. Exiting.
[2024-08-06T17:38:11.036+0000] {taskinstance.py:441} INFO - ::group::Post task execution logs
[2024-08-06T17:38:11.067+0000] {taskinstance.py:1206} INFO - Marking task as SUCCESS. dag_id=motower_daily_prod, task_id=sensor_congestion, run_id=scheduled__2024-03-25T06:00:00+00:00, execution_date=20240325T060000, start_date=20240806T173809, end_date=20240806T173811
[2024-08-06T17:38:11.237+0000] {local_task_job_runner.py:243} INFO - Task exited with return code 0
[2024-08-06T17:38:11.351+0000] {taskinstance.py:3503} INFO - 0 downstream tasks scheduled from follow-on schedule check
[2024-08-06T17:38:11.368+0000] {local_task_job_runner.py:222} INFO - ::endgroup::
[2024-08-06T18:25:48.899+0000] {local_task_job_runner.py:120} INFO - ::group::Pre task execution logs
[2024-08-06T18:25:48.991+0000] {taskinstance.py:2076} INFO - Dependencies all met for dep_context=non-requeueable deps ti=<TaskInstance: motower_daily_prod.sensor_congestion scheduled__2024-03-25T06:00:00+00:00 [queued]>
[2024-08-06T18:25:49.021+0000] {taskinstance.py:2076} INFO - Dependencies all met for dep_context=requeueable deps ti=<TaskInstance: motower_daily_prod.sensor_congestion scheduled__2024-03-25T06:00:00+00:00 [queued]>
[2024-08-06T18:25:49.022+0000] {taskinstance.py:2306} INFO - Starting attempt 1 of 1
[2024-08-06T18:25:49.065+0000] {taskinstance.py:2330} INFO - Executing <Task(PythonSensor): sensor_congestion> on 2024-03-25 06:00:00+00:00
[2024-08-06T18:25:49.083+0000] {warnings.py:112} WARNING - /home/***/.local/lib/python3.12/site-packages/***/task/task_runner/standard_task_runner.py:62: DeprecationWarning: This process (pid=11384) is multi-threaded, use of fork() may lead to deadlocks in the child.
  pid = os.fork()

[2024-08-06T18:25:49.085+0000] {standard_task_runner.py:64} INFO - Started process 11399 to run task
[2024-08-06T18:25:49.091+0000] {standard_task_runner.py:90} INFO - Running: ['***', 'tasks', 'run', 'motower_daily_prod', 'sensor_congestion', 'scheduled__2024-03-25T06:00:00+00:00', '--job-id', '3148', '--raw', '--subdir', 'DAGS_FOLDER/gps/custom_dags/motower_daily.py', '--cfg-path', '/tmp/tmpagzkhvru']
[2024-08-06T18:25:49.095+0000] {standard_task_runner.py:91} INFO - Job 3148: Subtask sensor_congestion
[2024-08-06T18:25:49.186+0000] {task_command.py:426} INFO - Running <TaskInstance: motower_daily_prod.sensor_congestion scheduled__2024-03-25T06:00:00+00:00 [running]> on host 13681191f11c
[2024-08-06T18:25:49.415+0000] {taskinstance.py:2648} INFO - Exporting env vars: AIRFLOW_CTX_DAG_EMAIL='richmond.kongo@orange.com,assane.diop@orange.com,cyrille1.danho@orange.com,mohamed2.sylla@orange.com,amadou.diomande@orange.com,Jonas.kouame@orange.com,armand.kablan@orange.com,anicet.azombade@orange.com,etienne.kouadio@orange.com,bertine.kouakou@orange.com,florentine.kouakou@orange.com,ange.phaceli@orange.com,soulegame.soro@orange.com,innocent.yengo@orange.com' AIRFLOW_CTX_DAG_OWNER='***' AIRFLOW_CTX_DAG_ID='motower_daily_prod' AIRFLOW_CTX_TASK_ID='sensor_congestion' AIRFLOW_CTX_EXECUTION_DATE='2024-03-25T06:00:00+00:00' AIRFLOW_CTX_TRY_NUMBER='1' AIRFLOW_CTX_DAG_RUN_ID='scheduled__2024-03-25T06:00:00+00:00'
[2024-08-06T18:25:49.417+0000] {taskinstance.py:430} INFO - ::endgroup::
[2024-08-06T18:25:49.454+0000] {python.py:75} INFO - Poking callable: <function check_data_in_table at 0x701c428782c0>
[2024-08-06T18:25:49.461+0000] {extract.py:126} INFO - Getting data of the table ks_hebdo_tdb_radio_drsi 
[2024-08-06T18:25:49.462+0000] {extract.py:127} INFO - where date is 2024-03-24
[2024-08-06T18:25:49.462+0000] {extract.py:98} INFO - get data to date 12 and year 2024
[2024-08-06T18:25:49.473+0000] {warnings.py:112} WARNING - /opt/***/dags/gps/common/extract.py:99: UserWarning: pandas only supports SQLAlchemy connectable (engine/connection) or database string URI or sqlite3 DBAPI2 connection. Other DBAPI2 objects are not tested. Please consider using SQLAlchemy.
  df_ = pd.read_sql_query(sql_query, conn, params=params)

[2024-08-06T18:25:49.780+0000] {base.py:294} INFO - Success criteria met. Exiting.
[2024-08-06T18:25:49.781+0000] {taskinstance.py:441} INFO - ::group::Post task execution logs
[2024-08-06T18:25:49.799+0000] {taskinstance.py:1206} INFO - Marking task as SUCCESS. dag_id=motower_daily_prod, task_id=sensor_congestion, run_id=scheduled__2024-03-25T06:00:00+00:00, execution_date=20240325T060000, start_date=20240806T182548, end_date=20240806T182549
[2024-08-06T18:25:49.879+0000] {local_task_job_runner.py:243} INFO - Task exited with return code 0
[2024-08-06T18:25:49.899+0000] {local_task_job_runner.py:222} INFO - ::endgroup::
