[2024-08-06T17:06:36.457+0000] {local_task_job_runner.py:120} INFO - ::group::Pre task execution logs
[2024-08-06T17:06:36.541+0000] {taskinstance.py:2076} INFO - Dependencies all met for dep_context=non-requeueable deps ti=<TaskInstance: motower_daily_prod.sensor_congestion scheduled__2024-03-17T06:00:00+00:00 [queued]>
[2024-08-06T17:06:36.579+0000] {taskinstance.py:2076} INFO - Dependencies all met for dep_context=requeueable deps ti=<TaskInstance: motower_daily_prod.sensor_congestion scheduled__2024-03-17T06:00:00+00:00 [queued]>
[2024-08-06T17:06:36.585+0000] {taskinstance.py:2306} INFO - Starting attempt 1 of 1
[2024-08-06T17:06:36.679+0000] {taskinstance.py:2330} INFO - Executing <Task(PythonSensor): sensor_congestion> on 2024-03-17 06:00:00+00:00
[2024-08-06T17:06:36.785+0000] {warnings.py:112} WARNING - /home/***/.local/lib/python3.12/site-packages/***/task/task_runner/standard_task_runner.py:62: DeprecationWarning: This process (pid=3162) is multi-threaded, use of fork() may lead to deadlocks in the child.
  pid = os.fork()

[2024-08-06T17:06:36.787+0000] {standard_task_runner.py:64} INFO - Started process 3182 to run task
[2024-08-06T17:06:36.795+0000] {standard_task_runner.py:90} INFO - Running: ['***', 'tasks', 'run', 'motower_daily_prod', 'sensor_congestion', 'scheduled__2024-03-17T06:00:00+00:00', '--job-id', '724', '--raw', '--subdir', 'DAGS_FOLDER/gps/custom_dags/motower_daily.py', '--cfg-path', '/tmp/tmpukcv4s9d']
[2024-08-06T17:06:36.799+0000] {standard_task_runner.py:91} INFO - Job 724: Subtask sensor_congestion
[2024-08-06T17:06:36.977+0000] {task_command.py:426} INFO - Running <TaskInstance: motower_daily_prod.sensor_congestion scheduled__2024-03-17T06:00:00+00:00 [running]> on host 13681191f11c
[2024-08-06T17:06:37.243+0000] {taskinstance.py:2648} INFO - Exporting env vars: AIRFLOW_CTX_DAG_EMAIL='richmond.kongo@orange.com,assane.diop@orange.com,cyrille1.danho@orange.com,mohamed2.sylla@orange.com,amadou.diomande@orange.com,Jonas.kouame@orange.com,armand.kablan@orange.com,anicet.azombade@orange.com,etienne.kouadio@orange.com,bertine.kouakou@orange.com,florentine.kouakou@orange.com,ange.phaceli@orange.com,soulegame.soro@orange.com,innocent.yengo@orange.com' AIRFLOW_CTX_DAG_OWNER='***' AIRFLOW_CTX_DAG_ID='motower_daily_prod' AIRFLOW_CTX_TASK_ID='sensor_congestion' AIRFLOW_CTX_EXECUTION_DATE='2024-03-17T06:00:00+00:00' AIRFLOW_CTX_TRY_NUMBER='1' AIRFLOW_CTX_DAG_RUN_ID='scheduled__2024-03-17T06:00:00+00:00'
[2024-08-06T17:06:37.245+0000] {taskinstance.py:430} INFO - ::endgroup::
[2024-08-06T17:06:37.274+0000] {python.py:75} INFO - Poking callable: <function check_data_in_table at 0x701c26f87b00>
[2024-08-06T17:06:37.281+0000] {extract.py:126} INFO - Getting data of the table ks_hebdo_tdb_radio_drsi 
[2024-08-06T17:06:37.282+0000] {extract.py:127} INFO - where date is 2024-03-16
[2024-08-06T17:06:37.283+0000] {extract.py:98} INFO - get data to date 11 and year 2024
[2024-08-06T17:06:37.293+0000] {warnings.py:112} WARNING - /opt/***/dags/gps/common/extract.py:99: UserWarning: pandas only supports SQLAlchemy connectable (engine/connection) or database string URI or sqlite3 DBAPI2 connection. Other DBAPI2 objects are not tested. Please consider using SQLAlchemy.
  df_ = pd.read_sql_query(sql_query, conn, params=params)

[2024-08-06T17:06:37.976+0000] {base.py:294} INFO - Success criteria met. Exiting.
[2024-08-06T17:06:37.977+0000] {taskinstance.py:441} INFO - ::group::Post task execution logs
[2024-08-06T17:06:38.005+0000] {taskinstance.py:1206} INFO - Marking task as SUCCESS. dag_id=motower_daily_prod, task_id=sensor_congestion, run_id=scheduled__2024-03-17T06:00:00+00:00, execution_date=20240317T060000, start_date=20240806T170636, end_date=20240806T170638
[2024-08-06T17:06:38.391+0000] {local_task_job_runner.py:243} INFO - Task exited with return code 0
[2024-08-06T17:06:38.491+0000] {taskinstance.py:3503} INFO - 0 downstream tasks scheduled from follow-on schedule check
[2024-08-06T17:06:38.508+0000] {local_task_job_runner.py:222} INFO - ::endgroup::
[2024-08-06T17:36:44.105+0000] {local_task_job_runner.py:120} INFO - ::group::Pre task execution logs
[2024-08-06T17:36:44.228+0000] {taskinstance.py:2076} INFO - Dependencies all met for dep_context=non-requeueable deps ti=<TaskInstance: motower_daily_prod.sensor_congestion scheduled__2024-03-17T06:00:00+00:00 [queued]>
[2024-08-06T17:36:44.275+0000] {taskinstance.py:2076} INFO - Dependencies all met for dep_context=requeueable deps ti=<TaskInstance: motower_daily_prod.sensor_congestion scheduled__2024-03-17T06:00:00+00:00 [queued]>
[2024-08-06T17:36:44.276+0000] {taskinstance.py:2306} INFO - Starting attempt 1 of 1
[2024-08-06T17:36:45.197+0000] {taskinstance.py:2330} INFO - Executing <Task(PythonSensor): sensor_congestion> on 2024-03-17 06:00:00+00:00
[2024-08-06T17:36:45.233+0000] {warnings.py:112} WARNING - /home/***/.local/lib/python3.12/site-packages/***/task/task_runner/standard_task_runner.py:62: DeprecationWarning: This process (pid=7273) is multi-threaded, use of fork() may lead to deadlocks in the child.
  pid = os.fork()

[2024-08-06T17:36:45.236+0000] {standard_task_runner.py:64} INFO - Started process 7297 to run task
[2024-08-06T17:36:45.260+0000] {standard_task_runner.py:90} INFO - Running: ['***', 'tasks', 'run', 'motower_daily_prod', 'sensor_congestion', 'scheduled__2024-03-17T06:00:00+00:00', '--job-id', '1976', '--raw', '--subdir', 'DAGS_FOLDER/gps/custom_dags/motower_daily.py', '--cfg-path', '/tmp/tmp8vwgzuqp']
[2024-08-06T17:36:45.264+0000] {standard_task_runner.py:91} INFO - Job 1976: Subtask sensor_congestion
[2024-08-06T17:36:45.497+0000] {task_command.py:426} INFO - Running <TaskInstance: motower_daily_prod.sensor_congestion scheduled__2024-03-17T06:00:00+00:00 [running]> on host 13681191f11c
[2024-08-06T17:36:45.931+0000] {taskinstance.py:2648} INFO - Exporting env vars: AIRFLOW_CTX_DAG_EMAIL='richmond.kongo@orange.com,assane.diop@orange.com,cyrille1.danho@orange.com,mohamed2.sylla@orange.com,amadou.diomande@orange.com,Jonas.kouame@orange.com,armand.kablan@orange.com,anicet.azombade@orange.com,etienne.kouadio@orange.com,bertine.kouakou@orange.com,florentine.kouakou@orange.com,ange.phaceli@orange.com,soulegame.soro@orange.com,innocent.yengo@orange.com' AIRFLOW_CTX_DAG_OWNER='***' AIRFLOW_CTX_DAG_ID='motower_daily_prod' AIRFLOW_CTX_TASK_ID='sensor_congestion' AIRFLOW_CTX_EXECUTION_DATE='2024-03-17T06:00:00+00:00' AIRFLOW_CTX_TRY_NUMBER='1' AIRFLOW_CTX_DAG_RUN_ID='scheduled__2024-03-17T06:00:00+00:00'
[2024-08-06T17:36:45.941+0000] {taskinstance.py:430} INFO - ::endgroup::
[2024-08-06T17:36:46.146+0000] {python.py:75} INFO - Poking callable: <function check_data_in_table at 0x701c429e7060>
[2024-08-06T17:36:46.162+0000] {extract.py:126} INFO - Getting data of the table ks_hebdo_tdb_radio_drsi 
[2024-08-06T17:36:46.163+0000] {extract.py:127} INFO - where date is 2024-03-16
[2024-08-06T17:36:46.163+0000] {extract.py:98} INFO - get data to date 11 and year 2024
[2024-08-06T17:36:46.175+0000] {warnings.py:112} WARNING - /opt/***/dags/gps/common/extract.py:99: UserWarning: pandas only supports SQLAlchemy connectable (engine/connection) or database string URI or sqlite3 DBAPI2 connection. Other DBAPI2 objects are not tested. Please consider using SQLAlchemy.
  df_ = pd.read_sql_query(sql_query, conn, params=params)

[2024-08-06T17:36:47.094+0000] {base.py:294} INFO - Success criteria met. Exiting.
[2024-08-06T17:36:47.095+0000] {taskinstance.py:441} INFO - ::group::Post task execution logs
[2024-08-06T17:36:47.130+0000] {taskinstance.py:1206} INFO - Marking task as SUCCESS. dag_id=motower_daily_prod, task_id=sensor_congestion, run_id=scheduled__2024-03-17T06:00:00+00:00, execution_date=20240317T060000, start_date=20240806T173644, end_date=20240806T173647
[2024-08-06T17:36:47.207+0000] {local_task_job_runner.py:243} INFO - Task exited with return code 0
[2024-08-06T17:36:47.324+0000] {taskinstance.py:3503} INFO - 0 downstream tasks scheduled from follow-on schedule check
[2024-08-06T17:36:47.346+0000] {local_task_job_runner.py:222} INFO - ::endgroup::
[2024-08-06T18:24:19.129+0000] {local_task_job_runner.py:120} INFO - ::group::Pre task execution logs
[2024-08-06T18:24:19.209+0000] {taskinstance.py:2076} INFO - Dependencies all met for dep_context=non-requeueable deps ti=<TaskInstance: motower_daily_prod.sensor_congestion scheduled__2024-03-17T06:00:00+00:00 [queued]>
[2024-08-06T18:24:19.238+0000] {taskinstance.py:2076} INFO - Dependencies all met for dep_context=requeueable deps ti=<TaskInstance: motower_daily_prod.sensor_congestion scheduled__2024-03-17T06:00:00+00:00 [queued]>
[2024-08-06T18:24:19.238+0000] {taskinstance.py:2306} INFO - Starting attempt 1 of 1
[2024-08-06T18:24:19.268+0000] {taskinstance.py:2330} INFO - Executing <Task(PythonSensor): sensor_congestion> on 2024-03-17 06:00:00+00:00
[2024-08-06T18:24:19.285+0000] {warnings.py:112} WARNING - /home/***/.local/lib/python3.12/site-packages/***/task/task_runner/standard_task_runner.py:62: DeprecationWarning: This process (pid=11145) is multi-threaded, use of fork() may lead to deadlocks in the child.
  pid = os.fork()

[2024-08-06T18:24:19.289+0000] {standard_task_runner.py:64} INFO - Started process 11161 to run task
[2024-08-06T18:24:19.294+0000] {standard_task_runner.py:90} INFO - Running: ['***', 'tasks', 'run', 'motower_daily_prod', 'sensor_congestion', 'scheduled__2024-03-17T06:00:00+00:00', '--job-id', '3074', '--raw', '--subdir', 'DAGS_FOLDER/gps/custom_dags/motower_daily.py', '--cfg-path', '/tmp/tmpf_6suvu0']
[2024-08-06T18:24:19.301+0000] {standard_task_runner.py:91} INFO - Job 3074: Subtask sensor_congestion
[2024-08-06T18:24:19.408+0000] {task_command.py:426} INFO - Running <TaskInstance: motower_daily_prod.sensor_congestion scheduled__2024-03-17T06:00:00+00:00 [running]> on host 13681191f11c
[2024-08-06T18:24:19.671+0000] {taskinstance.py:2648} INFO - Exporting env vars: AIRFLOW_CTX_DAG_EMAIL='richmond.kongo@orange.com,assane.diop@orange.com,cyrille1.danho@orange.com,mohamed2.sylla@orange.com,amadou.diomande@orange.com,Jonas.kouame@orange.com,armand.kablan@orange.com,anicet.azombade@orange.com,etienne.kouadio@orange.com,bertine.kouakou@orange.com,florentine.kouakou@orange.com,ange.phaceli@orange.com,soulegame.soro@orange.com,innocent.yengo@orange.com' AIRFLOW_CTX_DAG_OWNER='***' AIRFLOW_CTX_DAG_ID='motower_daily_prod' AIRFLOW_CTX_TASK_ID='sensor_congestion' AIRFLOW_CTX_EXECUTION_DATE='2024-03-17T06:00:00+00:00' AIRFLOW_CTX_TRY_NUMBER='1' AIRFLOW_CTX_DAG_RUN_ID='scheduled__2024-03-17T06:00:00+00:00'
[2024-08-06T18:24:19.673+0000] {taskinstance.py:430} INFO - ::endgroup::
[2024-08-06T18:24:19.716+0000] {python.py:75} INFO - Poking callable: <function check_data_in_table at 0x701c26d93c40>
[2024-08-06T18:24:19.729+0000] {extract.py:126} INFO - Getting data of the table ks_hebdo_tdb_radio_drsi 
[2024-08-06T18:24:19.731+0000] {extract.py:127} INFO - where date is 2024-03-16
[2024-08-06T18:24:19.731+0000] {extract.py:98} INFO - get data to date 11 and year 2024
[2024-08-06T18:24:19.748+0000] {warnings.py:112} WARNING - /opt/***/dags/gps/common/extract.py:99: UserWarning: pandas only supports SQLAlchemy connectable (engine/connection) or database string URI or sqlite3 DBAPI2 connection. Other DBAPI2 objects are not tested. Please consider using SQLAlchemy.
  df_ = pd.read_sql_query(sql_query, conn, params=params)

[2024-08-06T18:24:20.458+0000] {base.py:294} INFO - Success criteria met. Exiting.
[2024-08-06T18:24:20.459+0000] {taskinstance.py:441} INFO - ::group::Post task execution logs
[2024-08-06T18:24:20.490+0000] {taskinstance.py:1206} INFO - Marking task as SUCCESS. dag_id=motower_daily_prod, task_id=sensor_congestion, run_id=scheduled__2024-03-17T06:00:00+00:00, execution_date=20240317T060000, start_date=20240806T182419, end_date=20240806T182420
[2024-08-06T18:24:20.975+0000] {local_task_job_runner.py:243} INFO - Task exited with return code 0
[2024-08-06T18:24:21.105+0000] {taskinstance.py:3503} INFO - 1 downstream tasks scheduled from follow-on schedule check
[2024-08-06T18:24:21.116+0000] {local_task_job_runner.py:222} INFO - ::endgroup::
