[2024-07-23T17:18:59.347+0000] {local_task_job_runner.py:120} INFO - ::group::Pre task execution logs
[2024-07-23T17:18:59.378+0000] {taskinstance.py:2076} INFO - Dependencies all met for dep_context=non-requeueable deps ti=<TaskInstance: enrich_prod.cleaning.extract_trafic_deux manual__2024-07-23T17:18:57.112316+00:00 [queued]>
[2024-07-23T17:18:59.386+0000] {taskinstance.py:2076} INFO - Dependencies all met for dep_context=requeueable deps ti=<TaskInstance: enrich_prod.cleaning.extract_trafic_deux manual__2024-07-23T17:18:57.112316+00:00 [queued]>
[2024-07-23T17:18:59.386+0000] {taskinstance.py:2306} INFO - Starting attempt 1 of 1
[2024-07-23T17:18:59.399+0000] {taskinstance.py:2330} INFO - Executing <Task(PythonOperator): cleaning.extract_trafic_deux> on 2024-07-23 17:18:57.112316+00:00
[2024-07-23T17:18:59.414+0000] {warnings.py:112} WARNING - /home/***/.local/lib/python3.12/site-packages/***/task/task_runner/standard_task_runner.py:62: DeprecationWarning: This process (pid=520) is multi-threaded, use of fork() may lead to deadlocks in the child.
  pid = os.fork()

[2024-07-23T17:18:59.415+0000] {standard_task_runner.py:64} INFO - Started process 537 to run task
[2024-07-23T17:18:59.415+0000] {standard_task_runner.py:90} INFO - Running: ['***', 'tasks', 'run', 'enrich_prod', 'cleaning.extract_trafic_deux', 'manual__2024-07-23T17:18:57.112316+00:00', '--job-id', '80', '--raw', '--subdir', 'DAGS_FOLDER/gps/custom_dags/enrich.py', '--cfg-path', '/tmp/tmpa4ocoevk']
[2024-07-23T17:18:59.417+0000] {standard_task_runner.py:91} INFO - Job 80: Subtask cleaning.extract_trafic_deux
[2024-07-23T17:18:59.471+0000] {task_command.py:426} INFO - Running <TaskInstance: enrich_prod.cleaning.extract_trafic_deux manual__2024-07-23T17:18:57.112316+00:00 [running]> on host 57f550887412
[2024-07-23T17:18:59.564+0000] {taskinstance.py:2648} INFO - Exporting env vars: AIRFLOW_CTX_DAG_EMAIL='richmond.kongo@orange.com,assane.diop@orange.com,cyrille1.danho@orange.com,mohamed2.sylla@orange.com,amadou.diomande@orange.com,Jonas.kouame@orange.com,armand.kablan@orange.com,anicet.azombade@orange.com,etienne.kouadio@orange.com,bertine.kouakou@orange.com,florentine.kouakou@orange.com,ange.phaceli@orange.com,soulegame.soro@orange.com,innocent.yengo@orange.com' AIRFLOW_CTX_DAG_OWNER='***' AIRFLOW_CTX_DAG_ID='enrich_prod' AIRFLOW_CTX_TASK_ID='cleaning.extract_trafic_deux' AIRFLOW_CTX_EXECUTION_DATE='2024-07-23T17:18:57.112316+00:00' AIRFLOW_CTX_TRY_NUMBER='1' AIRFLOW_CTX_DAG_RUN_ID='manual__2024-07-23T17:18:57.112316+00:00'
[2024-07-23T17:18:59.565+0000] {taskinstance.py:430} INFO - ::endgroup::
[2024-07-23T17:18:59.579+0000] {extract.py:127} INFO - Getting data of the table ks_tdb_radio_drsi 
[2024-07-23T17:18:59.579+0000] {extract.py:128} INFO - where date is 2024-06-02
[2024-07-23T17:18:59.579+0000] {extract.py:103} INFO - get data to date 2024-06-01
[2024-07-23T17:18:59.584+0000] {warnings.py:112} WARNING - /opt/***/dags/gps/common/extract.py:104: UserWarning: pandas only supports SQLAlchemy connectable (engine/connection) or database string URI or sqlite3 DBAPI2 connection. Other DBAPI2 objects are not tested. Please consider using SQLAlchemy.
  df_ = pd.read_sql_query(sql_query, conn, params=params)

[2024-07-23T17:18:59.627+0000] {rwminio.py:19} INFO - start to save data
[2024-07-23T17:18:59.699+0000] {rwminio.py:34} INFO - data in minio ok
[2024-07-23T17:18:59.702+0000] {python.py:237} INFO - Done. Returned value was: None
[2024-07-23T17:18:59.703+0000] {taskinstance.py:441} INFO - ::group::Post task execution logs
[2024-07-23T17:18:59.712+0000] {taskinstance.py:1206} INFO - Marking task as SUCCESS. dag_id=enrich_prod, task_id=cleaning.extract_trafic_deux, run_id=manual__2024-07-23T17:18:57.112316+00:00, execution_date=20240723T171857, start_date=20240723T171859, end_date=20240723T171859
[2024-07-23T17:18:59.749+0000] {local_task_job_runner.py:243} INFO - Task exited with return code 0
[2024-07-23T17:18:59.760+0000] {local_task_job_runner.py:222} INFO - ::endgroup::
