[2024-08-06T16:59:42.348+0000] {local_task_job_runner.py:120} INFO - ::group::Pre task execution logs
[2024-08-06T16:59:42.409+0000] {taskinstance.py:2076} INFO - Dependencies all met for dep_context=non-requeueable deps ti=<TaskInstance: motower_daily_prod.extract_trafic scheduled__2024-01-30T06:00:00+00:00 [queued]>
[2024-08-06T16:59:42.429+0000] {taskinstance.py:2076} INFO - Dependencies all met for dep_context=requeueable deps ti=<TaskInstance: motower_daily_prod.extract_trafic scheduled__2024-01-30T06:00:00+00:00 [queued]>
[2024-08-06T16:59:42.430+0000] {taskinstance.py:2306} INFO - Starting attempt 1 of 1
[2024-08-06T16:59:42.449+0000] {taskinstance.py:2330} INFO - Executing <Task(PythonOperator): extract_trafic> on 2024-01-30 06:00:00+00:00
[2024-08-06T16:59:42.463+0000] {warnings.py:112} WARNING - /home/***/.local/lib/python3.12/site-packages/***/task/task_runner/standard_task_runner.py:62: DeprecationWarning: This process (pid=1827) is multi-threaded, use of fork() may lead to deadlocks in the child.
  pid = os.fork()

[2024-08-06T16:59:42.465+0000] {standard_task_runner.py:64} INFO - Started process 1833 to run task
[2024-08-06T16:59:42.465+0000] {standard_task_runner.py:90} INFO - Running: ['***', 'tasks', 'run', 'motower_daily_prod', 'extract_trafic', 'scheduled__2024-01-30T06:00:00+00:00', '--job-id', '301', '--raw', '--subdir', 'DAGS_FOLDER/gps/custom_dags/motower_daily.py', '--cfg-path', '/tmp/tmpqpp3tos5']
[2024-08-06T16:59:42.469+0000] {standard_task_runner.py:91} INFO - Job 301: Subtask extract_trafic
[2024-08-06T16:59:42.538+0000] {task_command.py:426} INFO - Running <TaskInstance: motower_daily_prod.extract_trafic scheduled__2024-01-30T06:00:00+00:00 [running]> on host 13681191f11c
[2024-08-06T16:59:42.689+0000] {taskinstance.py:2648} INFO - Exporting env vars: AIRFLOW_CTX_DAG_EMAIL='richmond.kongo@orange.com,assane.diop@orange.com,cyrille1.danho@orange.com,mohamed2.sylla@orange.com,amadou.diomande@orange.com,Jonas.kouame@orange.com,armand.kablan@orange.com,anicet.azombade@orange.com,etienne.kouadio@orange.com,bertine.kouakou@orange.com,florentine.kouakou@orange.com,ange.phaceli@orange.com,soulegame.soro@orange.com,innocent.yengo@orange.com' AIRFLOW_CTX_DAG_OWNER='***' AIRFLOW_CTX_DAG_ID='motower_daily_prod' AIRFLOW_CTX_TASK_ID='extract_trafic' AIRFLOW_CTX_EXECUTION_DATE='2024-01-30T06:00:00+00:00' AIRFLOW_CTX_TRY_NUMBER='1' AIRFLOW_CTX_DAG_RUN_ID='scheduled__2024-01-30T06:00:00+00:00'
[2024-08-06T16:59:42.691+0000] {taskinstance.py:430} INFO - ::endgroup::
[2024-08-06T16:59:42.721+0000] {extract.py:126} INFO - Getting data of the table ks_daily_tdb_radio_drsi 
[2024-08-06T16:59:42.722+0000] {extract.py:127} INFO - where date is 2024-01-29
[2024-08-06T16:59:42.722+0000] {extract.py:102} INFO - get data to date 2024-01-29
[2024-08-06T16:59:42.735+0000] {warnings.py:112} WARNING - /opt/***/dags/gps/common/extract.py:103: UserWarning: pandas only supports SQLAlchemy connectable (engine/connection) or database string URI or sqlite3 DBAPI2 connection. Other DBAPI2 objects are not tested. Please consider using SQLAlchemy.
  df_ = pd.read_sql_query(sql_query, conn, params=params)

[2024-08-06T16:59:43.049+0000] {rwminio.py:19} INFO - start to save data
[2024-08-06T16:59:43.206+0000] {rwminio.py:34} INFO - data in minio ok
[2024-08-06T16:59:43.210+0000] {python.py:237} INFO - Done. Returned value was: None
[2024-08-06T16:59:43.210+0000] {taskinstance.py:441} INFO - ::group::Post task execution logs
[2024-08-06T16:59:43.224+0000] {taskinstance.py:1206} INFO - Marking task as SUCCESS. dag_id=motower_daily_prod, task_id=extract_trafic, run_id=scheduled__2024-01-30T06:00:00+00:00, execution_date=20240130T060000, start_date=20240806T165942, end_date=20240806T165943
[2024-08-06T16:59:43.282+0000] {local_task_job_runner.py:243} INFO - Task exited with return code 0
[2024-08-06T16:59:43.294+0000] {local_task_job_runner.py:222} INFO - ::endgroup::
[2024-08-06T17:30:22.704+0000] {local_task_job_runner.py:120} INFO - ::group::Pre task execution logs
[2024-08-06T17:30:22.810+0000] {taskinstance.py:2076} INFO - Dependencies all met for dep_context=non-requeueable deps ti=<TaskInstance: motower_daily_prod.extract_trafic scheduled__2024-01-30T06:00:00+00:00 [queued]>
[2024-08-06T17:30:22.841+0000] {taskinstance.py:2076} INFO - Dependencies all met for dep_context=requeueable deps ti=<TaskInstance: motower_daily_prod.extract_trafic scheduled__2024-01-30T06:00:00+00:00 [queued]>
[2024-08-06T17:30:22.843+0000] {taskinstance.py:2306} INFO - Starting attempt 1 of 1
[2024-08-06T17:30:22.874+0000] {taskinstance.py:2330} INFO - Executing <Task(PythonOperator): extract_trafic> on 2024-01-30 06:00:00+00:00
[2024-08-06T17:30:22.889+0000] {warnings.py:112} WARNING - /home/***/.local/lib/python3.12/site-packages/***/task/task_runner/standard_task_runner.py:62: DeprecationWarning: This process (pid=5982) is multi-threaded, use of fork() may lead to deadlocks in the child.
  pid = os.fork()

[2024-08-06T17:30:22.891+0000] {standard_task_runner.py:64} INFO - Started process 5994 to run task
[2024-08-06T17:30:22.896+0000] {standard_task_runner.py:90} INFO - Running: ['***', 'tasks', 'run', 'motower_daily_prod', 'extract_trafic', 'scheduled__2024-01-30T06:00:00+00:00', '--job-id', '1567', '--raw', '--subdir', 'DAGS_FOLDER/gps/custom_dags/motower_daily.py', '--cfg-path', '/tmp/tmpct_j1440']
[2024-08-06T17:30:22.900+0000] {standard_task_runner.py:91} INFO - Job 1567: Subtask extract_trafic
[2024-08-06T17:30:23.009+0000] {task_command.py:426} INFO - Running <TaskInstance: motower_daily_prod.extract_trafic scheduled__2024-01-30T06:00:00+00:00 [running]> on host 13681191f11c
[2024-08-06T17:30:23.294+0000] {taskinstance.py:2648} INFO - Exporting env vars: AIRFLOW_CTX_DAG_EMAIL='richmond.kongo@orange.com,assane.diop@orange.com,cyrille1.danho@orange.com,mohamed2.sylla@orange.com,amadou.diomande@orange.com,Jonas.kouame@orange.com,armand.kablan@orange.com,anicet.azombade@orange.com,etienne.kouadio@orange.com,bertine.kouakou@orange.com,florentine.kouakou@orange.com,ange.phaceli@orange.com,soulegame.soro@orange.com,innocent.yengo@orange.com' AIRFLOW_CTX_DAG_OWNER='***' AIRFLOW_CTX_DAG_ID='motower_daily_prod' AIRFLOW_CTX_TASK_ID='extract_trafic' AIRFLOW_CTX_EXECUTION_DATE='2024-01-30T06:00:00+00:00' AIRFLOW_CTX_TRY_NUMBER='1' AIRFLOW_CTX_DAG_RUN_ID='scheduled__2024-01-30T06:00:00+00:00'
[2024-08-06T17:30:23.307+0000] {taskinstance.py:430} INFO - ::endgroup::
[2024-08-06T17:30:23.445+0000] {extract.py:126} INFO - Getting data of the table ks_daily_tdb_radio_drsi 
[2024-08-06T17:30:23.446+0000] {extract.py:127} INFO - where date is 2024-01-29
[2024-08-06T17:30:23.447+0000] {extract.py:102} INFO - get data to date 2024-01-29
[2024-08-06T17:30:23.459+0000] {warnings.py:112} WARNING - /opt/***/dags/gps/common/extract.py:103: UserWarning: pandas only supports SQLAlchemy connectable (engine/connection) or database string URI or sqlite3 DBAPI2 connection. Other DBAPI2 objects are not tested. Please consider using SQLAlchemy.
  df_ = pd.read_sql_query(sql_query, conn, params=params)

[2024-08-06T17:30:24.179+0000] {rwminio.py:19} INFO - start to save data
[2024-08-06T17:30:24.478+0000] {rwminio.py:34} INFO - data in minio ok
[2024-08-06T17:30:24.489+0000] {python.py:237} INFO - Done. Returned value was: None
[2024-08-06T17:30:24.490+0000] {taskinstance.py:441} INFO - ::group::Post task execution logs
[2024-08-06T17:30:24.588+0000] {taskinstance.py:1206} INFO - Marking task as SUCCESS. dag_id=motower_daily_prod, task_id=extract_trafic, run_id=scheduled__2024-01-30T06:00:00+00:00, execution_date=20240130T060000, start_date=20240806T173022, end_date=20240806T173024
[2024-08-06T17:30:24.946+0000] {local_task_job_runner.py:243} INFO - Task exited with return code 0
[2024-08-06T17:30:25.003+0000] {local_task_job_runner.py:222} INFO - ::endgroup::
[2024-08-06T18:17:52.040+0000] {local_task_job_runner.py:120} INFO - ::group::Pre task execution logs
[2024-08-06T18:17:52.445+0000] {taskinstance.py:2076} INFO - Dependencies all met for dep_context=non-requeueable deps ti=<TaskInstance: motower_daily_prod.extract_trafic scheduled__2024-01-30T06:00:00+00:00 [queued]>
[2024-08-06T18:17:52.489+0000] {taskinstance.py:2076} INFO - Dependencies all met for dep_context=requeueable deps ti=<TaskInstance: motower_daily_prod.extract_trafic scheduled__2024-01-30T06:00:00+00:00 [queued]>
[2024-08-06T18:17:52.491+0000] {taskinstance.py:2306} INFO - Starting attempt 1 of 1
[2024-08-06T18:17:52.538+0000] {taskinstance.py:2330} INFO - Executing <Task(PythonOperator): extract_trafic> on 2024-01-30 06:00:00+00:00
[2024-08-06T18:17:52.558+0000] {warnings.py:112} WARNING - /home/***/.local/lib/python3.12/site-packages/***/task/task_runner/standard_task_runner.py:62: DeprecationWarning: This process (pid=9839) is multi-threaded, use of fork() may lead to deadlocks in the child.
  pid = os.fork()

[2024-08-06T18:17:52.561+0000] {standard_task_runner.py:64} INFO - Started process 9850 to run task
[2024-08-06T18:17:52.574+0000] {standard_task_runner.py:90} INFO - Running: ['***', 'tasks', 'run', 'motower_daily_prod', 'extract_trafic', 'scheduled__2024-01-30T06:00:00+00:00', '--job-id', '2662', '--raw', '--subdir', 'DAGS_FOLDER/gps/custom_dags/motower_daily.py', '--cfg-path', '/tmp/tmprkri9qno']
[2024-08-06T18:17:52.578+0000] {standard_task_runner.py:91} INFO - Job 2662: Subtask extract_trafic
[2024-08-06T18:17:52.694+0000] {task_command.py:426} INFO - Running <TaskInstance: motower_daily_prod.extract_trafic scheduled__2024-01-30T06:00:00+00:00 [running]> on host 13681191f11c
[2024-08-06T18:17:52.937+0000] {taskinstance.py:2648} INFO - Exporting env vars: AIRFLOW_CTX_DAG_EMAIL='richmond.kongo@orange.com,assane.diop@orange.com,cyrille1.danho@orange.com,mohamed2.sylla@orange.com,amadou.diomande@orange.com,Jonas.kouame@orange.com,armand.kablan@orange.com,anicet.azombade@orange.com,etienne.kouadio@orange.com,bertine.kouakou@orange.com,florentine.kouakou@orange.com,ange.phaceli@orange.com,soulegame.soro@orange.com,innocent.yengo@orange.com' AIRFLOW_CTX_DAG_OWNER='***' AIRFLOW_CTX_DAG_ID='motower_daily_prod' AIRFLOW_CTX_TASK_ID='extract_trafic' AIRFLOW_CTX_EXECUTION_DATE='2024-01-30T06:00:00+00:00' AIRFLOW_CTX_TRY_NUMBER='1' AIRFLOW_CTX_DAG_RUN_ID='scheduled__2024-01-30T06:00:00+00:00'
[2024-08-06T18:17:52.939+0000] {taskinstance.py:430} INFO - ::endgroup::
[2024-08-06T18:17:52.975+0000] {extract.py:126} INFO - Getting data of the table ks_daily_tdb_radio_drsi 
[2024-08-06T18:17:52.976+0000] {extract.py:127} INFO - where date is 2024-01-29
[2024-08-06T18:17:52.976+0000] {extract.py:102} INFO - get data to date 2024-01-29
[2024-08-06T18:17:52.989+0000] {warnings.py:112} WARNING - /opt/***/dags/gps/common/extract.py:103: UserWarning: pandas only supports SQLAlchemy connectable (engine/connection) or database string URI or sqlite3 DBAPI2 connection. Other DBAPI2 objects are not tested. Please consider using SQLAlchemy.
  df_ = pd.read_sql_query(sql_query, conn, params=params)

[2024-08-06T18:17:53.334+0000] {rwminio.py:19} INFO - start to save data
[2024-08-06T18:17:53.552+0000] {rwminio.py:34} INFO - data in minio ok
[2024-08-06T18:17:53.558+0000] {python.py:237} INFO - Done. Returned value was: None
[2024-08-06T18:17:53.559+0000] {taskinstance.py:441} INFO - ::group::Post task execution logs
[2024-08-06T18:17:53.575+0000] {taskinstance.py:1206} INFO - Marking task as SUCCESS. dag_id=motower_daily_prod, task_id=extract_trafic, run_id=scheduled__2024-01-30T06:00:00+00:00, execution_date=20240130T060000, start_date=20240806T181752, end_date=20240806T181753
[2024-08-06T18:17:53.628+0000] {local_task_job_runner.py:243} INFO - Task exited with return code 0
[2024-08-06T18:17:53.648+0000] {local_task_job_runner.py:222} INFO - ::endgroup::
