[2024-08-06T17:10:37.767+0000] {local_task_job_runner.py:120} INFO - ::group::Pre task execution logs
[2024-08-06T17:10:37.827+0000] {taskinstance.py:2076} INFO - Dependencies all met for dep_context=non-requeueable deps ti=<TaskInstance: motower_daily_prod.clean_trafic_task scheduled__2024-04-16T06:00:00+00:00 [queued]>
[2024-08-06T17:10:37.859+0000] {taskinstance.py:2076} INFO - Dependencies all met for dep_context=requeueable deps ti=<TaskInstance: motower_daily_prod.clean_trafic_task scheduled__2024-04-16T06:00:00+00:00 [queued]>
[2024-08-06T17:10:37.859+0000] {taskinstance.py:2306} INFO - Starting attempt 1 of 1
[2024-08-06T17:10:37.883+0000] {taskinstance.py:2330} INFO - Executing <Task(PythonOperator): clean_trafic_task> on 2024-04-16 06:00:00+00:00
[2024-08-06T17:10:37.897+0000] {warnings.py:112} WARNING - /home/***/.local/lib/python3.12/site-packages/***/task/task_runner/standard_task_runner.py:62: DeprecationWarning: This process (pid=4053) is multi-threaded, use of fork() may lead to deadlocks in the child.
  pid = os.fork()

[2024-08-06T17:10:37.899+0000] {standard_task_runner.py:64} INFO - Started process 4062 to run task
[2024-08-06T17:10:37.900+0000] {standard_task_runner.py:90} INFO - Running: ['***', 'tasks', 'run', 'motower_daily_prod', 'clean_trafic_task', 'scheduled__2024-04-16T06:00:00+00:00', '--job-id', '1003', '--raw', '--subdir', 'DAGS_FOLDER/gps/custom_dags/motower_daily.py', '--cfg-path', '/tmp/tmp1j535vz4']
[2024-08-06T17:10:37.904+0000] {standard_task_runner.py:91} INFO - Job 1003: Subtask clean_trafic_task
[2024-08-06T17:10:38.006+0000] {task_command.py:426} INFO - Running <TaskInstance: motower_daily_prod.clean_trafic_task scheduled__2024-04-16T06:00:00+00:00 [running]> on host 13681191f11c
[2024-08-06T17:10:38.272+0000] {taskinstance.py:2648} INFO - Exporting env vars: AIRFLOW_CTX_DAG_EMAIL='richmond.kongo@orange.com,assane.diop@orange.com,cyrille1.danho@orange.com,mohamed2.sylla@orange.com,amadou.diomande@orange.com,Jonas.kouame@orange.com,armand.kablan@orange.com,anicet.azombade@orange.com,etienne.kouadio@orange.com,bertine.kouakou@orange.com,florentine.kouakou@orange.com,ange.phaceli@orange.com,soulegame.soro@orange.com,innocent.yengo@orange.com' AIRFLOW_CTX_DAG_OWNER='***' AIRFLOW_CTX_DAG_ID='motower_daily_prod' AIRFLOW_CTX_TASK_ID='clean_trafic_task' AIRFLOW_CTX_EXECUTION_DATE='2024-04-16T06:00:00+00:00' AIRFLOW_CTX_TRY_NUMBER='1' AIRFLOW_CTX_DAG_RUN_ID='scheduled__2024-04-16T06:00:00+00:00'
[2024-08-06T17:10:38.273+0000] {taskinstance.py:430} INFO - ::endgroup::
[2024-08-06T17:10:38.442+0000] {data_validation.py:11} INFO - START VALIDATION OF COLUMN trafic_data_go
[2024-08-06T17:10:38.444+0000] {data_validation.py:20} INFO - DATA OF COLUMN trafic_data_go ARE VALID
[2024-08-06T17:10:38.445+0000] {data_validation.py:11} INFO - START VALIDATION OF COLUMN trafic_voix_erl
[2024-08-06T17:10:38.446+0000] {data_validation.py:20} INFO - DATA OF COLUMN trafic_voix_erl ARE VALID
[2024-08-06T17:10:38.447+0000] {motower_daily.py:267} INFO - prepare final data
[2024-08-06T17:10:38.501+0000] {logging_mixin.py:188} INFO - ================================
[2024-08-06T17:10:38.502+0000] {logging_mixin.py:188} INFO - object
[2024-08-06T17:10:39.095+0000] {python.py:237} INFO - Done. Returned value was: None
[2024-08-06T17:10:39.097+0000] {taskinstance.py:441} INFO - ::group::Post task execution logs
[2024-08-06T17:10:39.130+0000] {taskinstance.py:1206} INFO - Marking task as SUCCESS. dag_id=motower_daily_prod, task_id=clean_trafic_task, run_id=scheduled__2024-04-16T06:00:00+00:00, execution_date=20240416T060000, start_date=20240806T171037, end_date=20240806T171039
[2024-08-06T17:10:39.471+0000] {local_task_job_runner.py:243} INFO - Task exited with return code 0
[2024-08-06T17:10:39.506+0000] {taskinstance.py:3503} INFO - 0 downstream tasks scheduled from follow-on schedule check
[2024-08-06T17:10:39.513+0000] {local_task_job_runner.py:222} INFO - ::endgroup::
[2024-08-06T17:41:20.274+0000] {local_task_job_runner.py:120} INFO - ::group::Pre task execution logs
[2024-08-06T17:41:20.403+0000] {taskinstance.py:2076} INFO - Dependencies all met for dep_context=non-requeueable deps ti=<TaskInstance: motower_daily_prod.clean_trafic_task scheduled__2024-04-16T06:00:00+00:00 [queued]>
[2024-08-06T17:41:20.435+0000] {taskinstance.py:2076} INFO - Dependencies all met for dep_context=requeueable deps ti=<TaskInstance: motower_daily_prod.clean_trafic_task scheduled__2024-04-16T06:00:00+00:00 [queued]>
[2024-08-06T17:41:20.437+0000] {taskinstance.py:2306} INFO - Starting attempt 1 of 1
[2024-08-06T17:41:20.468+0000] {taskinstance.py:2330} INFO - Executing <Task(PythonOperator): clean_trafic_task> on 2024-04-16 06:00:00+00:00
[2024-08-06T17:41:20.483+0000] {warnings.py:112} WARNING - /home/***/.local/lib/python3.12/site-packages/***/task/task_runner/standard_task_runner.py:62: DeprecationWarning: This process (pid=8203) is multi-threaded, use of fork() may lead to deadlocks in the child.
  pid = os.fork()

[2024-08-06T17:41:20.486+0000] {standard_task_runner.py:64} INFO - Started process 8217 to run task
[2024-08-06T17:41:20.486+0000] {standard_task_runner.py:90} INFO - Running: ['***', 'tasks', 'run', 'motower_daily_prod', 'clean_trafic_task', 'scheduled__2024-04-16T06:00:00+00:00', '--job-id', '2269', '--raw', '--subdir', 'DAGS_FOLDER/gps/custom_dags/motower_daily.py', '--cfg-path', '/tmp/tmpk7fru9ei']
[2024-08-06T17:41:20.491+0000] {standard_task_runner.py:91} INFO - Job 2269: Subtask clean_trafic_task
[2024-08-06T17:41:20.588+0000] {task_command.py:426} INFO - Running <TaskInstance: motower_daily_prod.clean_trafic_task scheduled__2024-04-16T06:00:00+00:00 [running]> on host 13681191f11c
[2024-08-06T17:41:20.839+0000] {taskinstance.py:2648} INFO - Exporting env vars: AIRFLOW_CTX_DAG_EMAIL='richmond.kongo@orange.com,assane.diop@orange.com,cyrille1.danho@orange.com,mohamed2.sylla@orange.com,amadou.diomande@orange.com,Jonas.kouame@orange.com,armand.kablan@orange.com,anicet.azombade@orange.com,etienne.kouadio@orange.com,bertine.kouakou@orange.com,florentine.kouakou@orange.com,ange.phaceli@orange.com,soulegame.soro@orange.com,innocent.yengo@orange.com' AIRFLOW_CTX_DAG_OWNER='***' AIRFLOW_CTX_DAG_ID='motower_daily_prod' AIRFLOW_CTX_TASK_ID='clean_trafic_task' AIRFLOW_CTX_EXECUTION_DATE='2024-04-16T06:00:00+00:00' AIRFLOW_CTX_TRY_NUMBER='1' AIRFLOW_CTX_DAG_RUN_ID='scheduled__2024-04-16T06:00:00+00:00'
[2024-08-06T17:41:20.841+0000] {taskinstance.py:430} INFO - ::endgroup::
[2024-08-06T17:41:21.019+0000] {data_validation.py:11} INFO - START VALIDATION OF COLUMN trafic_data_go
[2024-08-06T17:41:21.021+0000] {data_validation.py:20} INFO - DATA OF COLUMN trafic_data_go ARE VALID
[2024-08-06T17:41:21.022+0000] {data_validation.py:11} INFO - START VALIDATION OF COLUMN trafic_voix_erl
[2024-08-06T17:41:21.024+0000] {data_validation.py:20} INFO - DATA OF COLUMN trafic_voix_erl ARE VALID
[2024-08-06T17:41:21.025+0000] {motower_daily.py:267} INFO - prepare final data
[2024-08-06T17:41:21.080+0000] {logging_mixin.py:188} INFO - ================================
[2024-08-06T17:41:21.081+0000] {logging_mixin.py:188} INFO - object
[2024-08-06T17:41:21.698+0000] {python.py:237} INFO - Done. Returned value was: None
[2024-08-06T17:41:21.700+0000] {taskinstance.py:441} INFO - ::group::Post task execution logs
[2024-08-06T17:41:21.717+0000] {taskinstance.py:1206} INFO - Marking task as SUCCESS. dag_id=motower_daily_prod, task_id=clean_trafic_task, run_id=scheduled__2024-04-16T06:00:00+00:00, execution_date=20240416T060000, start_date=20240806T174120, end_date=20240806T174121
[2024-08-06T17:41:21.755+0000] {local_task_job_runner.py:243} INFO - Task exited with return code 0
[2024-08-06T17:41:21.772+0000] {local_task_job_runner.py:222} INFO - ::endgroup::
