[2024-08-06T17:03:53.519+0000] {local_task_job_runner.py:120} INFO - ::group::Pre task execution logs
[2024-08-06T17:03:53.605+0000] {taskinstance.py:2076} INFO - Dependencies all met for dep_context=non-requeueable deps ti=<TaskInstance: motower_daily_prod.extract_trafic scheduled__2024-02-29T06:00:00+00:00 [queued]>
[2024-08-06T17:03:53.631+0000] {taskinstance.py:2076} INFO - Dependencies all met for dep_context=requeueable deps ti=<TaskInstance: motower_daily_prod.extract_trafic scheduled__2024-02-29T06:00:00+00:00 [queued]>
[2024-08-06T17:03:53.633+0000] {taskinstance.py:2306} INFO - Starting attempt 1 of 1
[2024-08-06T17:03:53.667+0000] {taskinstance.py:2330} INFO - Executing <Task(PythonOperator): extract_trafic> on 2024-02-29 06:00:00+00:00
[2024-08-06T17:03:53.685+0000] {warnings.py:112} WARNING - /home/***/.local/lib/python3.12/site-packages/***/task/task_runner/standard_task_runner.py:62: DeprecationWarning: This process (pid=2674) is multi-threaded, use of fork() may lead to deadlocks in the child.
  pid = os.fork()

[2024-08-06T17:03:53.688+0000] {standard_task_runner.py:64} INFO - Started process 2683 to run task
[2024-08-06T17:03:53.696+0000] {standard_task_runner.py:90} INFO - Running: ['***', 'tasks', 'run', 'motower_daily_prod', 'extract_trafic', 'scheduled__2024-02-29T06:00:00+00:00', '--job-id', '568', '--raw', '--subdir', 'DAGS_FOLDER/gps/custom_dags/motower_daily.py', '--cfg-path', '/tmp/tmp_2odp4g0']
[2024-08-06T17:03:53.701+0000] {standard_task_runner.py:91} INFO - Job 568: Subtask extract_trafic
[2024-08-06T17:03:53.804+0000] {task_command.py:426} INFO - Running <TaskInstance: motower_daily_prod.extract_trafic scheduled__2024-02-29T06:00:00+00:00 [running]> on host 13681191f11c
[2024-08-06T17:03:54.072+0000] {taskinstance.py:2648} INFO - Exporting env vars: AIRFLOW_CTX_DAG_EMAIL='richmond.kongo@orange.com,assane.diop@orange.com,cyrille1.danho@orange.com,mohamed2.sylla@orange.com,amadou.diomande@orange.com,Jonas.kouame@orange.com,armand.kablan@orange.com,anicet.azombade@orange.com,etienne.kouadio@orange.com,bertine.kouakou@orange.com,florentine.kouakou@orange.com,ange.phaceli@orange.com,soulegame.soro@orange.com,innocent.yengo@orange.com' AIRFLOW_CTX_DAG_OWNER='***' AIRFLOW_CTX_DAG_ID='motower_daily_prod' AIRFLOW_CTX_TASK_ID='extract_trafic' AIRFLOW_CTX_EXECUTION_DATE='2024-02-29T06:00:00+00:00' AIRFLOW_CTX_TRY_NUMBER='1' AIRFLOW_CTX_DAG_RUN_ID='scheduled__2024-02-29T06:00:00+00:00'
[2024-08-06T17:03:54.073+0000] {taskinstance.py:430} INFO - ::endgroup::
[2024-08-06T17:03:54.141+0000] {extract.py:126} INFO - Getting data of the table ks_daily_tdb_radio_drsi 
[2024-08-06T17:03:54.142+0000] {extract.py:127} INFO - where date is 2024-02-28
[2024-08-06T17:03:54.143+0000] {extract.py:102} INFO - get data to date 2024-02-28
[2024-08-06T17:03:54.166+0000] {warnings.py:112} WARNING - /opt/***/dags/gps/common/extract.py:103: UserWarning: pandas only supports SQLAlchemy connectable (engine/connection) or database string URI or sqlite3 DBAPI2 connection. Other DBAPI2 objects are not tested. Please consider using SQLAlchemy.
  df_ = pd.read_sql_query(sql_query, conn, params=params)

[2024-08-06T17:03:54.814+0000] {rwminio.py:19} INFO - start to save data
[2024-08-06T17:03:55.272+0000] {rwminio.py:34} INFO - data in minio ok
[2024-08-06T17:03:55.282+0000] {python.py:237} INFO - Done. Returned value was: None
[2024-08-06T17:03:55.284+0000] {taskinstance.py:441} INFO - ::group::Post task execution logs
[2024-08-06T17:03:55.305+0000] {taskinstance.py:1206} INFO - Marking task as SUCCESS. dag_id=motower_daily_prod, task_id=extract_trafic, run_id=scheduled__2024-02-29T06:00:00+00:00, execution_date=20240229T060000, start_date=20240806T170353, end_date=20240806T170355
[2024-08-06T17:03:55.518+0000] {local_task_job_runner.py:243} INFO - Task exited with return code 0
[2024-08-06T17:03:55.589+0000] {local_task_job_runner.py:222} INFO - ::endgroup::
[2024-08-06T17:34:29.498+0000] {local_task_job_runner.py:120} INFO - ::group::Pre task execution logs
[2024-08-06T17:34:29.872+0000] {taskinstance.py:2076} INFO - Dependencies all met for dep_context=non-requeueable deps ti=<TaskInstance: motower_daily_prod.extract_trafic scheduled__2024-02-29T06:00:00+00:00 [queued]>
[2024-08-06T17:34:29.900+0000] {taskinstance.py:2076} INFO - Dependencies all met for dep_context=requeueable deps ti=<TaskInstance: motower_daily_prod.extract_trafic scheduled__2024-02-29T06:00:00+00:00 [queued]>
[2024-08-06T17:34:29.901+0000] {taskinstance.py:2306} INFO - Starting attempt 1 of 1
[2024-08-06T17:34:29.933+0000] {taskinstance.py:2330} INFO - Executing <Task(PythonOperator): extract_trafic> on 2024-02-29 06:00:00+00:00
[2024-08-06T17:34:29.950+0000] {warnings.py:112} WARNING - /home/***/.local/lib/python3.12/site-packages/***/task/task_runner/standard_task_runner.py:62: DeprecationWarning: This process (pid=6844) is multi-threaded, use of fork() may lead to deadlocks in the child.
  pid = os.fork()

[2024-08-06T17:34:29.953+0000] {standard_task_runner.py:64} INFO - Started process 6852 to run task
[2024-08-06T17:34:29.953+0000] {standard_task_runner.py:90} INFO - Running: ['***', 'tasks', 'run', 'motower_daily_prod', 'extract_trafic', 'scheduled__2024-02-29T06:00:00+00:00', '--job-id', '1838', '--raw', '--subdir', 'DAGS_FOLDER/gps/custom_dags/motower_daily.py', '--cfg-path', '/tmp/tmp51c3gk9f']
[2024-08-06T17:34:29.958+0000] {standard_task_runner.py:91} INFO - Job 1838: Subtask extract_trafic
[2024-08-06T17:34:30.059+0000] {task_command.py:426} INFO - Running <TaskInstance: motower_daily_prod.extract_trafic scheduled__2024-02-29T06:00:00+00:00 [running]> on host 13681191f11c
[2024-08-06T17:34:30.363+0000] {taskinstance.py:2648} INFO - Exporting env vars: AIRFLOW_CTX_DAG_EMAIL='richmond.kongo@orange.com,assane.diop@orange.com,cyrille1.danho@orange.com,mohamed2.sylla@orange.com,amadou.diomande@orange.com,Jonas.kouame@orange.com,armand.kablan@orange.com,anicet.azombade@orange.com,etienne.kouadio@orange.com,bertine.kouakou@orange.com,florentine.kouakou@orange.com,ange.phaceli@orange.com,soulegame.soro@orange.com,innocent.yengo@orange.com' AIRFLOW_CTX_DAG_OWNER='***' AIRFLOW_CTX_DAG_ID='motower_daily_prod' AIRFLOW_CTX_TASK_ID='extract_trafic' AIRFLOW_CTX_EXECUTION_DATE='2024-02-29T06:00:00+00:00' AIRFLOW_CTX_TRY_NUMBER='1' AIRFLOW_CTX_DAG_RUN_ID='scheduled__2024-02-29T06:00:00+00:00'
[2024-08-06T17:34:30.366+0000] {taskinstance.py:430} INFO - ::endgroup::
[2024-08-06T17:34:30.415+0000] {extract.py:126} INFO - Getting data of the table ks_daily_tdb_radio_drsi 
[2024-08-06T17:34:30.416+0000] {extract.py:127} INFO - where date is 2024-02-28
[2024-08-06T17:34:30.416+0000] {extract.py:102} INFO - get data to date 2024-02-28
[2024-08-06T17:34:30.428+0000] {warnings.py:112} WARNING - /opt/***/dags/gps/common/extract.py:103: UserWarning: pandas only supports SQLAlchemy connectable (engine/connection) or database string URI or sqlite3 DBAPI2 connection. Other DBAPI2 objects are not tested. Please consider using SQLAlchemy.
  df_ = pd.read_sql_query(sql_query, conn, params=params)

[2024-08-06T17:34:30.874+0000] {rwminio.py:19} INFO - start to save data
[2024-08-06T17:34:31.289+0000] {rwminio.py:34} INFO - data in minio ok
[2024-08-06T17:34:31.298+0000] {python.py:237} INFO - Done. Returned value was: None
[2024-08-06T17:34:31.299+0000] {taskinstance.py:441} INFO - ::group::Post task execution logs
[2024-08-06T17:34:31.352+0000] {taskinstance.py:1206} INFO - Marking task as SUCCESS. dag_id=motower_daily_prod, task_id=extract_trafic, run_id=scheduled__2024-02-29T06:00:00+00:00, execution_date=20240229T060000, start_date=20240806T173429, end_date=20240806T173431
[2024-08-06T17:34:31.426+0000] {local_task_job_runner.py:243} INFO - Task exited with return code 0
[2024-08-06T17:34:31.456+0000] {local_task_job_runner.py:222} INFO - ::endgroup::
[2024-08-06T18:22:21.570+0000] {local_task_job_runner.py:120} INFO - ::group::Pre task execution logs
[2024-08-06T18:22:21.661+0000] {taskinstance.py:2076} INFO - Dependencies all met for dep_context=non-requeueable deps ti=<TaskInstance: motower_daily_prod.extract_trafic scheduled__2024-02-29T06:00:00+00:00 [queued]>
[2024-08-06T18:22:21.697+0000] {taskinstance.py:2076} INFO - Dependencies all met for dep_context=requeueable deps ti=<TaskInstance: motower_daily_prod.extract_trafic scheduled__2024-02-29T06:00:00+00:00 [queued]>
[2024-08-06T18:22:21.698+0000] {taskinstance.py:2306} INFO - Starting attempt 1 of 1
[2024-08-06T18:22:21.763+0000] {taskinstance.py:2330} INFO - Executing <Task(PythonOperator): extract_trafic> on 2024-02-29 06:00:00+00:00
[2024-08-06T18:22:21.781+0000] {warnings.py:112} WARNING - /home/***/.local/lib/python3.12/site-packages/***/task/task_runner/standard_task_runner.py:62: DeprecationWarning: This process (pid=10715) is multi-threaded, use of fork() may lead to deadlocks in the child.
  pid = os.fork()

[2024-08-06T18:22:21.784+0000] {standard_task_runner.py:64} INFO - Started process 10729 to run task
[2024-08-06T18:22:21.804+0000] {standard_task_runner.py:90} INFO - Running: ['***', 'tasks', 'run', 'motower_daily_prod', 'extract_trafic', 'scheduled__2024-02-29T06:00:00+00:00', '--job-id', '2936', '--raw', '--subdir', 'DAGS_FOLDER/gps/custom_dags/motower_daily.py', '--cfg-path', '/tmp/tmpmaynbkw3']
[2024-08-06T18:22:21.808+0000] {standard_task_runner.py:91} INFO - Job 2936: Subtask extract_trafic
[2024-08-06T18:22:22.011+0000] {task_command.py:426} INFO - Running <TaskInstance: motower_daily_prod.extract_trafic scheduled__2024-02-29T06:00:00+00:00 [running]> on host 13681191f11c
[2024-08-06T18:22:22.458+0000] {taskinstance.py:2648} INFO - Exporting env vars: AIRFLOW_CTX_DAG_EMAIL='richmond.kongo@orange.com,assane.diop@orange.com,cyrille1.danho@orange.com,mohamed2.sylla@orange.com,amadou.diomande@orange.com,Jonas.kouame@orange.com,armand.kablan@orange.com,anicet.azombade@orange.com,etienne.kouadio@orange.com,bertine.kouakou@orange.com,florentine.kouakou@orange.com,ange.phaceli@orange.com,soulegame.soro@orange.com,innocent.yengo@orange.com' AIRFLOW_CTX_DAG_OWNER='***' AIRFLOW_CTX_DAG_ID='motower_daily_prod' AIRFLOW_CTX_TASK_ID='extract_trafic' AIRFLOW_CTX_EXECUTION_DATE='2024-02-29T06:00:00+00:00' AIRFLOW_CTX_TRY_NUMBER='1' AIRFLOW_CTX_DAG_RUN_ID='scheduled__2024-02-29T06:00:00+00:00'
[2024-08-06T18:22:22.461+0000] {taskinstance.py:430} INFO - ::endgroup::
[2024-08-06T18:22:22.558+0000] {extract.py:126} INFO - Getting data of the table ks_daily_tdb_radio_drsi 
[2024-08-06T18:22:22.558+0000] {extract.py:127} INFO - where date is 2024-02-28
[2024-08-06T18:22:22.559+0000] {extract.py:102} INFO - get data to date 2024-02-28
[2024-08-06T18:22:22.581+0000] {warnings.py:112} WARNING - /opt/***/dags/gps/common/extract.py:103: UserWarning: pandas only supports SQLAlchemy connectable (engine/connection) or database string URI or sqlite3 DBAPI2 connection. Other DBAPI2 objects are not tested. Please consider using SQLAlchemy.
  df_ = pd.read_sql_query(sql_query, conn, params=params)

[2024-08-06T18:22:23.030+0000] {rwminio.py:19} INFO - start to save data
[2024-08-06T18:22:23.406+0000] {rwminio.py:34} INFO - data in minio ok
[2024-08-06T18:22:23.413+0000] {python.py:237} INFO - Done. Returned value was: None
[2024-08-06T18:22:23.415+0000] {taskinstance.py:441} INFO - ::group::Post task execution logs
[2024-08-06T18:22:23.460+0000] {taskinstance.py:1206} INFO - Marking task as SUCCESS. dag_id=motower_daily_prod, task_id=extract_trafic, run_id=scheduled__2024-02-29T06:00:00+00:00, execution_date=20240229T060000, start_date=20240806T182221, end_date=20240806T182223
[2024-08-06T18:22:23.515+0000] {local_task_job_runner.py:243} INFO - Task exited with return code 0
[2024-08-06T18:22:23.546+0000] {local_task_job_runner.py:222} INFO - ::endgroup::
