[2024-07-22T16:29:30.600+0000] {local_task_job_runner.py:120} INFO - ::group::Pre task execution logs
[2024-07-22T16:29:30.626+0000] {taskinstance.py:2076} INFO - Dependencies all met for dep_context=non-requeueable deps ti=<TaskInstance: motower_daily_prod.extract_congestion scheduled__2024-07-07T06:00:00+00:00 [queued]>
[2024-07-22T16:29:30.635+0000] {taskinstance.py:2076} INFO - Dependencies all met for dep_context=requeueable deps ti=<TaskInstance: motower_daily_prod.extract_congestion scheduled__2024-07-07T06:00:00+00:00 [queued]>
[2024-07-22T16:29:30.635+0000] {taskinstance.py:2306} INFO - Starting attempt 1 of 1
[2024-07-22T16:29:30.645+0000] {taskinstance.py:2330} INFO - Executing <Task(PythonOperator): extract_congestion> on 2024-07-07 06:00:00+00:00
[2024-07-22T16:29:30.654+0000] {warnings.py:112} WARNING - /home/***/.local/lib/python3.12/site-packages/***/task/task_runner/standard_task_runner.py:62: DeprecationWarning: This process (pid=431) is multi-threaded, use of fork() may lead to deadlocks in the child.
  pid = os.fork()

[2024-07-22T16:29:30.655+0000] {standard_task_runner.py:64} INFO - Started process 433 to run task
[2024-07-22T16:29:30.656+0000] {standard_task_runner.py:90} INFO - Running: ['***', 'tasks', 'run', 'motower_daily_prod', 'extract_congestion', 'scheduled__2024-07-07T06:00:00+00:00', '--job-id', '33', '--raw', '--subdir', 'DAGS_FOLDER/gps/custom_dags/motower_daily.py', '--cfg-path', '/tmp/tmphyvo0oat']
[2024-07-22T16:29:30.657+0000] {standard_task_runner.py:91} INFO - Job 33: Subtask extract_congestion
[2024-07-22T16:29:30.694+0000] {task_command.py:426} INFO - Running <TaskInstance: motower_daily_prod.extract_congestion scheduled__2024-07-07T06:00:00+00:00 [running]> on host 5e959f2258db
[2024-07-22T16:29:30.771+0000] {taskinstance.py:2648} INFO - Exporting env vars: AIRFLOW_CTX_DAG_EMAIL='richmond.kongo@orange.com,assane.diop@orange.com,cyrille1.danho@orange.com,mohamed2.sylla@orange.com,amadou.diomande@orange.com,Jonas.kouame@orange.com,armand.kablan@orange.com,anicet.azombade@orange.com,etienne.kouadio@orange.com,bertine.kouakou@orange.com,florentine.kouakou@orange.com,ange.phaceli@orange.com,soulegame.soro@orange.com,innocent.yengo@orange.com' AIRFLOW_CTX_DAG_OWNER='***' AIRFLOW_CTX_DAG_ID='motower_daily_prod' AIRFLOW_CTX_TASK_ID='extract_congestion' AIRFLOW_CTX_EXECUTION_DATE='2024-07-07T06:00:00+00:00' AIRFLOW_CTX_TRY_NUMBER='1' AIRFLOW_CTX_DAG_RUN_ID='scheduled__2024-07-07T06:00:00+00:00'
[2024-07-22T16:29:30.772+0000] {taskinstance.py:430} INFO - ::endgroup::
[2024-07-22T16:29:30.785+0000] {extract.py:127} INFO - Getting data of the table ks_hebdo_tdb_radio_drsi 
[2024-07-22T16:29:30.786+0000] {extract.py:128} INFO - where date is 2024-07-06
[2024-07-22T16:29:30.786+0000] {extract.py:99} INFO - get data to date 27 and year 2024
[2024-07-22T16:29:30.790+0000] {warnings.py:112} WARNING - /opt/***/dags/gps/common/extract.py:100: UserWarning: pandas only supports SQLAlchemy connectable (engine/connection) or database string URI or sqlite3 DBAPI2 connection. Other DBAPI2 objects are not tested. Please consider using SQLAlchemy.
  df_ = pd.read_sql_query(sql_query, conn, params=params)

[2024-07-22T16:29:30.828+0000] {rwminio.py:19} INFO - start to save data
[2024-07-22T16:29:30.831+0000] {connectionpool.py:872} WARNING - Retrying (Retry(total=4, connect=None, read=None, redirect=None, status=None)) after connection broken by 'NewConnectionError('<urllib3.connection.HTTPConnection object at 0x7286302bf440>: Failed to establish a new connection: [Errno 111] Connection refused')': /motower?location=
[2024-07-22T16:29:31.232+0000] {connectionpool.py:872} WARNING - Retrying (Retry(total=3, connect=None, read=None, redirect=None, status=None)) after connection broken by 'NewConnectionError('<urllib3.connection.HTTPConnection object at 0x72862baad220>: Failed to establish a new connection: [Errno 111] Connection refused')': /motower?location=
[2024-07-22T16:29:32.034+0000] {connectionpool.py:872} WARNING - Retrying (Retry(total=2, connect=None, read=None, redirect=None, status=None)) after connection broken by 'NewConnectionError('<urllib3.connection.HTTPConnection object at 0x72862baad4f0>: Failed to establish a new connection: [Errno 111] Connection refused')': /motower?location=
[2024-07-22T16:29:33.637+0000] {connectionpool.py:872} WARNING - Retrying (Retry(total=1, connect=None, read=None, redirect=None, status=None)) after connection broken by 'NewConnectionError('<urllib3.connection.HTTPConnection object at 0x72862baad910>: Failed to establish a new connection: [Errno 111] Connection refused')': /motower?location=
[2024-07-22T16:29:36.839+0000] {connectionpool.py:872} WARNING - Retrying (Retry(total=0, connect=None, read=None, redirect=None, status=None)) after connection broken by 'NewConnectionError('<urllib3.connection.HTTPConnection object at 0x72862baadd00>: Failed to establish a new connection: [Errno 111] Connection refused')': /motower?location=
[2024-07-22T16:29:36.842+0000] {rwminio.py:36} ERROR - Error saving data to Minio with error: HTTPConnectionPool(host='minio', port=80): Max retries exceeded with url: /motower?location= (Caused by NewConnectionError('<urllib3.connection.HTTPConnection object at 0x72862baae1b0>: Failed to establish a new connection: [Errno 111] Connection refused'))
[2024-07-22T16:29:36.843+0000] {python.py:237} INFO - Done. Returned value was: None
[2024-07-22T16:29:36.843+0000] {taskinstance.py:441} INFO - ::group::Post task execution logs
[2024-07-22T16:29:36.857+0000] {taskinstance.py:1206} INFO - Marking task as SUCCESS. dag_id=motower_daily_prod, task_id=extract_congestion, run_id=scheduled__2024-07-07T06:00:00+00:00, execution_date=20240707T060000, start_date=20240722T162930, end_date=20240722T162936
[2024-07-22T16:29:36.922+0000] {local_task_job_runner.py:243} INFO - Task exited with return code 0
[2024-07-22T16:29:36.933+0000] {local_task_job_runner.py:222} INFO - ::endgroup::
