[2024-08-06T17:09:14.755+0000] {local_task_job_runner.py:120} INFO - ::group::Pre task execution logs
[2024-08-06T17:09:15.059+0000] {taskinstance.py:2076} INFO - Dependencies all met for dep_context=non-requeueable deps ti=<TaskInstance: motower_daily_prod.extract_trafic scheduled__2024-04-07T06:00:00+00:00 [queued]>
[2024-08-06T17:09:15.084+0000] {taskinstance.py:2076} INFO - Dependencies all met for dep_context=requeueable deps ti=<TaskInstance: motower_daily_prod.extract_trafic scheduled__2024-04-07T06:00:00+00:00 [queued]>
[2024-08-06T17:09:15.084+0000] {taskinstance.py:2306} INFO - Starting attempt 1 of 1
[2024-08-06T17:09:15.110+0000] {taskinstance.py:2330} INFO - Executing <Task(PythonOperator): extract_trafic> on 2024-04-07 06:00:00+00:00
[2024-08-06T17:09:15.125+0000] {warnings.py:112} WARNING - /home/***/.local/lib/python3.12/site-packages/***/task/task_runner/standard_task_runner.py:62: DeprecationWarning: This process (pid=3768) is multi-threaded, use of fork() may lead to deadlocks in the child.
  pid = os.fork()

[2024-08-06T17:09:15.127+0000] {standard_task_runner.py:64} INFO - Started process 3772 to run task
[2024-08-06T17:09:15.127+0000] {standard_task_runner.py:90} INFO - Running: ['***', 'tasks', 'run', 'motower_daily_prod', 'extract_trafic', 'scheduled__2024-04-07T06:00:00+00:00', '--job-id', '911', '--raw', '--subdir', 'DAGS_FOLDER/gps/custom_dags/motower_daily.py', '--cfg-path', '/tmp/tmpou_hbokf']
[2024-08-06T17:09:15.131+0000] {standard_task_runner.py:91} INFO - Job 911: Subtask extract_trafic
[2024-08-06T17:09:15.207+0000] {task_command.py:426} INFO - Running <TaskInstance: motower_daily_prod.extract_trafic scheduled__2024-04-07T06:00:00+00:00 [running]> on host 13681191f11c
[2024-08-06T17:09:15.367+0000] {taskinstance.py:2648} INFO - Exporting env vars: AIRFLOW_CTX_DAG_EMAIL='richmond.kongo@orange.com,assane.diop@orange.com,cyrille1.danho@orange.com,mohamed2.sylla@orange.com,amadou.diomande@orange.com,Jonas.kouame@orange.com,armand.kablan@orange.com,anicet.azombade@orange.com,etienne.kouadio@orange.com,bertine.kouakou@orange.com,florentine.kouakou@orange.com,ange.phaceli@orange.com,soulegame.soro@orange.com,innocent.yengo@orange.com' AIRFLOW_CTX_DAG_OWNER='***' AIRFLOW_CTX_DAG_ID='motower_daily_prod' AIRFLOW_CTX_TASK_ID='extract_trafic' AIRFLOW_CTX_EXECUTION_DATE='2024-04-07T06:00:00+00:00' AIRFLOW_CTX_TRY_NUMBER='1' AIRFLOW_CTX_DAG_RUN_ID='scheduled__2024-04-07T06:00:00+00:00'
[2024-08-06T17:09:15.368+0000] {taskinstance.py:430} INFO - ::endgroup::
[2024-08-06T17:09:15.390+0000] {extract.py:126} INFO - Getting data of the table ks_daily_tdb_radio_drsi 
[2024-08-06T17:09:15.391+0000] {extract.py:127} INFO - where date is 2024-04-06
[2024-08-06T17:09:15.391+0000] {extract.py:102} INFO - get data to date 2024-04-06
[2024-08-06T17:09:15.398+0000] {warnings.py:112} WARNING - /opt/***/dags/gps/common/extract.py:103: UserWarning: pandas only supports SQLAlchemy connectable (engine/connection) or database string URI or sqlite3 DBAPI2 connection. Other DBAPI2 objects are not tested. Please consider using SQLAlchemy.
  df_ = pd.read_sql_query(sql_query, conn, params=params)

[2024-08-06T17:09:15.672+0000] {rwminio.py:19} INFO - start to save data
[2024-08-06T17:09:15.848+0000] {rwminio.py:34} INFO - data in minio ok
[2024-08-06T17:09:15.852+0000] {python.py:237} INFO - Done. Returned value was: None
[2024-08-06T17:09:15.853+0000] {taskinstance.py:441} INFO - ::group::Post task execution logs
[2024-08-06T17:09:15.867+0000] {taskinstance.py:1206} INFO - Marking task as SUCCESS. dag_id=motower_daily_prod, task_id=extract_trafic, run_id=scheduled__2024-04-07T06:00:00+00:00, execution_date=20240407T060000, start_date=20240806T170915, end_date=20240806T170915
[2024-08-06T17:09:15.905+0000] {local_task_job_runner.py:243} INFO - Task exited with return code 0
[2024-08-06T17:09:15.918+0000] {local_task_job_runner.py:222} INFO - ::endgroup::
[2024-08-06T17:39:45.129+0000] {local_task_job_runner.py:120} INFO - ::group::Pre task execution logs
[2024-08-06T17:39:45.195+0000] {taskinstance.py:2076} INFO - Dependencies all met for dep_context=non-requeueable deps ti=<TaskInstance: motower_daily_prod.extract_trafic scheduled__2024-04-07T06:00:00+00:00 [queued]>
[2024-08-06T17:39:45.218+0000] {taskinstance.py:2076} INFO - Dependencies all met for dep_context=requeueable deps ti=<TaskInstance: motower_daily_prod.extract_trafic scheduled__2024-04-07T06:00:00+00:00 [queued]>
[2024-08-06T17:39:45.218+0000] {taskinstance.py:2306} INFO - Starting attempt 1 of 1
[2024-08-06T17:39:45.238+0000] {taskinstance.py:2330} INFO - Executing <Task(PythonOperator): extract_trafic> on 2024-04-07 06:00:00+00:00
[2024-08-06T17:39:45.250+0000] {warnings.py:112} WARNING - /home/***/.local/lib/python3.12/site-packages/***/task/task_runner/standard_task_runner.py:62: DeprecationWarning: This process (pid=7912) is multi-threaded, use of fork() may lead to deadlocks in the child.
  pid = os.fork()

[2024-08-06T17:39:45.252+0000] {standard_task_runner.py:64} INFO - Started process 7919 to run task
[2024-08-06T17:39:45.252+0000] {standard_task_runner.py:90} INFO - Running: ['***', 'tasks', 'run', 'motower_daily_prod', 'extract_trafic', 'scheduled__2024-04-07T06:00:00+00:00', '--job-id', '2176', '--raw', '--subdir', 'DAGS_FOLDER/gps/custom_dags/motower_daily.py', '--cfg-path', '/tmp/tmpyqwzx1ez']
[2024-08-06T17:39:45.255+0000] {standard_task_runner.py:91} INFO - Job 2176: Subtask extract_trafic
[2024-08-06T17:39:45.337+0000] {task_command.py:426} INFO - Running <TaskInstance: motower_daily_prod.extract_trafic scheduled__2024-04-07T06:00:00+00:00 [running]> on host 13681191f11c
[2024-08-06T17:39:45.539+0000] {taskinstance.py:2648} INFO - Exporting env vars: AIRFLOW_CTX_DAG_EMAIL='richmond.kongo@orange.com,assane.diop@orange.com,cyrille1.danho@orange.com,mohamed2.sylla@orange.com,amadou.diomande@orange.com,Jonas.kouame@orange.com,armand.kablan@orange.com,anicet.azombade@orange.com,etienne.kouadio@orange.com,bertine.kouakou@orange.com,florentine.kouakou@orange.com,ange.phaceli@orange.com,soulegame.soro@orange.com,innocent.yengo@orange.com' AIRFLOW_CTX_DAG_OWNER='***' AIRFLOW_CTX_DAG_ID='motower_daily_prod' AIRFLOW_CTX_TASK_ID='extract_trafic' AIRFLOW_CTX_EXECUTION_DATE='2024-04-07T06:00:00+00:00' AIRFLOW_CTX_TRY_NUMBER='1' AIRFLOW_CTX_DAG_RUN_ID='scheduled__2024-04-07T06:00:00+00:00'
[2024-08-06T17:39:45.541+0000] {taskinstance.py:430} INFO - ::endgroup::
[2024-08-06T17:39:45.576+0000] {extract.py:126} INFO - Getting data of the table ks_daily_tdb_radio_drsi 
[2024-08-06T17:39:45.577+0000] {extract.py:127} INFO - where date is 2024-04-06
[2024-08-06T17:39:45.577+0000] {extract.py:102} INFO - get data to date 2024-04-06
[2024-08-06T17:39:45.589+0000] {warnings.py:112} WARNING - /opt/***/dags/gps/common/extract.py:103: UserWarning: pandas only supports SQLAlchemy connectable (engine/connection) or database string URI or sqlite3 DBAPI2 connection. Other DBAPI2 objects are not tested. Please consider using SQLAlchemy.
  df_ = pd.read_sql_query(sql_query, conn, params=params)

[2024-08-06T17:39:45.909+0000] {rwminio.py:19} INFO - start to save data
[2024-08-06T17:39:46.161+0000] {rwminio.py:34} INFO - data in minio ok
[2024-08-06T17:39:46.169+0000] {python.py:237} INFO - Done. Returned value was: None
[2024-08-06T17:39:46.170+0000] {taskinstance.py:441} INFO - ::group::Post task execution logs
[2024-08-06T17:39:46.191+0000] {taskinstance.py:1206} INFO - Marking task as SUCCESS. dag_id=motower_daily_prod, task_id=extract_trafic, run_id=scheduled__2024-04-07T06:00:00+00:00, execution_date=20240407T060000, start_date=20240806T173945, end_date=20240806T173946
[2024-08-06T17:39:46.247+0000] {local_task_job_runner.py:243} INFO - Task exited with return code 0
[2024-08-06T17:39:46.267+0000] {local_task_job_runner.py:222} INFO - ::endgroup::
