[2024-08-06T17:09:15.062+0000] {local_task_job_runner.py:120} INFO - ::group::Pre task execution logs
[2024-08-06T17:09:15.127+0000] {taskinstance.py:2076} INFO - Dependencies all met for dep_context=non-requeueable deps ti=<TaskInstance: motower_daily_prod.extracta scheduled__2024-04-07T06:00:00+00:00 [queued]>
[2024-08-06T17:09:15.152+0000] {taskinstance.py:2076} INFO - Dependencies all met for dep_context=requeueable deps ti=<TaskInstance: motower_daily_prod.extracta scheduled__2024-04-07T06:00:00+00:00 [queued]>
[2024-08-06T17:09:15.153+0000] {taskinstance.py:2306} INFO - Starting attempt 1 of 1
[2024-08-06T17:09:15.176+0000] {taskinstance.py:2330} INFO - Executing <Task(PythonOperator): extracta> on 2024-04-07 06:00:00+00:00
[2024-08-06T17:09:15.190+0000] {warnings.py:112} WARNING - /home/***/.local/lib/python3.12/site-packages/***/task/task_runner/standard_task_runner.py:62: DeprecationWarning: This process (pid=3766) is multi-threaded, use of fork() may lead to deadlocks in the child.
  pid = os.fork()

[2024-08-06T17:09:15.192+0000] {standard_task_runner.py:64} INFO - Started process 3773 to run task
[2024-08-06T17:09:15.192+0000] {standard_task_runner.py:90} INFO - Running: ['***', 'tasks', 'run', 'motower_daily_prod', 'extracta', 'scheduled__2024-04-07T06:00:00+00:00', '--job-id', '912', '--raw', '--subdir', 'DAGS_FOLDER/gps/custom_dags/motower_daily.py', '--cfg-path', '/tmp/tmpldcgrhgi']
[2024-08-06T17:09:15.195+0000] {standard_task_runner.py:91} INFO - Job 912: Subtask extracta
[2024-08-06T17:09:15.264+0000] {task_command.py:426} INFO - Running <TaskInstance: motower_daily_prod.extracta scheduled__2024-04-07T06:00:00+00:00 [running]> on host 13681191f11c
[2024-08-06T17:09:15.420+0000] {taskinstance.py:2648} INFO - Exporting env vars: AIRFLOW_CTX_DAG_EMAIL='richmond.kongo@orange.com,assane.diop@orange.com,cyrille1.danho@orange.com,mohamed2.sylla@orange.com,amadou.diomande@orange.com,Jonas.kouame@orange.com,armand.kablan@orange.com,anicet.azombade@orange.com,etienne.kouadio@orange.com,bertine.kouakou@orange.com,florentine.kouakou@orange.com,ange.phaceli@orange.com,soulegame.soro@orange.com,innocent.yengo@orange.com' AIRFLOW_CTX_DAG_OWNER='***' AIRFLOW_CTX_DAG_ID='motower_daily_prod' AIRFLOW_CTX_TASK_ID='extracta' AIRFLOW_CTX_EXECUTION_DATE='2024-04-07T06:00:00+00:00' AIRFLOW_CTX_TRY_NUMBER='1' AIRFLOW_CTX_DAG_RUN_ID='scheduled__2024-04-07T06:00:00+00:00'
[2024-08-06T17:09:15.421+0000] {taskinstance.py:430} INFO - ::endgroup::
[2024-08-06T17:09:15.452+0000] {extract.py:126} INFO - Getting data of the table dtm_motower_gsm 
[2024-08-06T17:09:15.452+0000] {extract.py:127} INFO - where date is 2024-04-06
[2024-08-06T17:09:15.453+0000] {extract.py:102} INFO - get data to date 20240406
[2024-08-06T17:09:15.463+0000] {warnings.py:112} WARNING - /opt/***/dags/gps/common/extract.py:103: UserWarning: pandas only supports SQLAlchemy connectable (engine/connection) or database string URI or sqlite3 DBAPI2 connection. Other DBAPI2 objects are not tested. Please consider using SQLAlchemy.
  df_ = pd.read_sql_query(sql_query, conn, params=params)

[2024-08-06T17:09:15.594+0000] {rwminio.py:19} INFO - start to save data
[2024-08-06T17:09:15.684+0000] {rwminio.py:34} INFO - data in minio ok
[2024-08-06T17:09:15.686+0000] {python.py:237} INFO - Done. Returned value was: None
[2024-08-06T17:09:15.687+0000] {taskinstance.py:441} INFO - ::group::Post task execution logs
[2024-08-06T17:09:15.699+0000] {taskinstance.py:1206} INFO - Marking task as SUCCESS. dag_id=motower_daily_prod, task_id=extracta, run_id=scheduled__2024-04-07T06:00:00+00:00, execution_date=20240407T060000, start_date=20240806T170915, end_date=20240806T170915
[2024-08-06T17:09:15.728+0000] {local_task_job_runner.py:243} INFO - Task exited with return code 0
[2024-08-06T17:09:15.767+0000] {taskinstance.py:3503} INFO - 0 downstream tasks scheduled from follow-on schedule check
[2024-08-06T17:09:15.769+0000] {local_task_job_runner.py:222} INFO - ::endgroup::
[2024-08-06T17:39:38.743+0000] {local_task_job_runner.py:120} INFO - ::group::Pre task execution logs
[2024-08-06T17:39:39.193+0000] {taskinstance.py:2076} INFO - Dependencies all met for dep_context=non-requeueable deps ti=<TaskInstance: motower_daily_prod.extracta scheduled__2024-04-07T06:00:00+00:00 [queued]>
[2024-08-06T17:39:39.224+0000] {taskinstance.py:2076} INFO - Dependencies all met for dep_context=requeueable deps ti=<TaskInstance: motower_daily_prod.extracta scheduled__2024-04-07T06:00:00+00:00 [queued]>
[2024-08-06T17:39:39.226+0000] {taskinstance.py:2306} INFO - Starting attempt 1 of 1
[2024-08-06T17:39:39.260+0000] {taskinstance.py:2330} INFO - Executing <Task(PythonOperator): extracta> on 2024-04-07 06:00:00+00:00
[2024-08-06T17:39:39.279+0000] {warnings.py:112} WARNING - /home/***/.local/lib/python3.12/site-packages/***/task/task_runner/standard_task_runner.py:62: DeprecationWarning: This process (pid=7885) is multi-threaded, use of fork() may lead to deadlocks in the child.
  pid = os.fork()

[2024-08-06T17:39:39.284+0000] {standard_task_runner.py:64} INFO - Started process 7899 to run task
[2024-08-06T17:39:39.288+0000] {standard_task_runner.py:90} INFO - Running: ['***', 'tasks', 'run', 'motower_daily_prod', 'extracta', 'scheduled__2024-04-07T06:00:00+00:00', '--job-id', '2170', '--raw', '--subdir', 'DAGS_FOLDER/gps/custom_dags/motower_daily.py', '--cfg-path', '/tmp/tmp3032n3hc']
[2024-08-06T17:39:39.292+0000] {standard_task_runner.py:91} INFO - Job 2170: Subtask extracta
[2024-08-06T17:39:39.402+0000] {task_command.py:426} INFO - Running <TaskInstance: motower_daily_prod.extracta scheduled__2024-04-07T06:00:00+00:00 [running]> on host 13681191f11c
[2024-08-06T17:39:39.625+0000] {taskinstance.py:2648} INFO - Exporting env vars: AIRFLOW_CTX_DAG_EMAIL='richmond.kongo@orange.com,assane.diop@orange.com,cyrille1.danho@orange.com,mohamed2.sylla@orange.com,amadou.diomande@orange.com,Jonas.kouame@orange.com,armand.kablan@orange.com,anicet.azombade@orange.com,etienne.kouadio@orange.com,bertine.kouakou@orange.com,florentine.kouakou@orange.com,ange.phaceli@orange.com,soulegame.soro@orange.com,innocent.yengo@orange.com' AIRFLOW_CTX_DAG_OWNER='***' AIRFLOW_CTX_DAG_ID='motower_daily_prod' AIRFLOW_CTX_TASK_ID='extracta' AIRFLOW_CTX_EXECUTION_DATE='2024-04-07T06:00:00+00:00' AIRFLOW_CTX_TRY_NUMBER='1' AIRFLOW_CTX_DAG_RUN_ID='scheduled__2024-04-07T06:00:00+00:00'
[2024-08-06T17:39:39.627+0000] {taskinstance.py:430} INFO - ::endgroup::
[2024-08-06T17:39:39.674+0000] {extract.py:126} INFO - Getting data of the table dtm_motower_gsm 
[2024-08-06T17:39:39.674+0000] {extract.py:127} INFO - where date is 2024-04-06
[2024-08-06T17:39:39.675+0000] {extract.py:102} INFO - get data to date 20240406
[2024-08-06T17:39:39.686+0000] {warnings.py:112} WARNING - /opt/***/dags/gps/common/extract.py:103: UserWarning: pandas only supports SQLAlchemy connectable (engine/connection) or database string URI or sqlite3 DBAPI2 connection. Other DBAPI2 objects are not tested. Please consider using SQLAlchemy.
  df_ = pd.read_sql_query(sql_query, conn, params=params)

[2024-08-06T17:39:39.864+0000] {rwminio.py:19} INFO - start to save data
[2024-08-06T17:39:39.967+0000] {rwminio.py:34} INFO - data in minio ok
[2024-08-06T17:39:39.968+0000] {python.py:237} INFO - Done. Returned value was: None
[2024-08-06T17:39:39.970+0000] {taskinstance.py:441} INFO - ::group::Post task execution logs
[2024-08-06T17:39:39.994+0000] {taskinstance.py:1206} INFO - Marking task as SUCCESS. dag_id=motower_daily_prod, task_id=extracta, run_id=scheduled__2024-04-07T06:00:00+00:00, execution_date=20240407T060000, start_date=20240806T173939, end_date=20240806T173939
[2024-08-06T17:39:40.061+0000] {local_task_job_runner.py:243} INFO - Task exited with return code 0
[2024-08-06T17:39:40.079+0000] {local_task_job_runner.py:222} INFO - ::endgroup::
